#
# A fatal error has been detected by the Java Runtime Environment:
#
#  SIGSEGV (0xb) at pc=0x0000000000046b20, pid=18098, tid=0x00007fa950efe700
#
# JRE version: OpenJDK Runtime Environment (8.0_121-b13) (build 1.8.0_121-8u121-b13-0ubuntu1.16.04.2-b13)
# Java VM: OpenJDK 64-Bit Server VM (25.121-b13 mixed mode linux-amd64 compressed oops)
# Problematic frame:
# C  0x0000000000046b20
#
# Failed to write core dump. Core dumps have been disabled. To enable core dumping, try "ulimit -c unlimited" before starting Java again
#
# If you would like to submit a bug report, please visit:
#   http://bugreport.java.com/bugreport/crash.jsp
#

---------------  T H R E A D  ---------------

Current thread (0x00007fa96007b000):  VMThread [stack: 0x00007fa950dfe000,0x00007fa950eff000] [id=18108]

siginfo: si_signo: 11 (SIGSEGV), si_code: 1 (SEGV_MAPERR), si_addr: 0x0000000000046b20

Registers:
RAX=0x00007fa9176fc248, RBX=0x00007fa9609297d0, RCX=0x0000000000000000, RDX=0x0000000000000000
RSP=0x00007fa950efda18, RBP=0x00007fa950efdb70, RSI=0x0000000000000000, RDI=0x00007fa969a5e140
R8 =0x0000000000000000, R9 =0x00007fa969e25808, R10=0x00007fa969a5e0c0, R11=0x00007fa969a992d0
R12=0x00007fa9176fc1a8, R13=0x0000000000000000, R14=0x00007fa950efda20, R15=0x0000000000000012
RIP=0x0000000000046b20, EFLAGS=0x0000000000010202, CSGSFS=0x0000000000000033, ERR=0x0000000000000014
  TRAPNO=0x000000000000000e

Top of Stack: (sp=0x00007fa950efda18)
0x00007fa950efda18:   00007fa96a047c17 00007fa96a25e168
0x00007fa950efda28:   00007fa96a25e700 00007fa96a25b7a8
0x00007fa950efda38:   00007fa9600009a0 00007fa96000b570
0x00007fa950efda48:   00007fa96000cbf0 00007fa96000ba20
0x00007fa950efda58:   00007fa96000d0a0 00007fa960019ae0
0x00007fa950efda68:   00007fa960001bd0 00007fa9600014a0
0x00007fa950efda78:   000000000137a150 000000000137a680
0x00007fa950efda88:   000000000137b4c0 000000000137aba0
0x00007fa950efda98:   00007fa96a231000 00007fa96a232b00
0x00007fa950efdaa8:   00007fa96a232618 00007fa9609297d0
0x00007fa950efdab8:   00007fa96095cee0 00007fa96095d440
0x00007fa950efdac8:   00007fa96a232000 00007fa96a25d9d8
0x00007fa950efdad8:   00007fa96a047964 00007fa950efda20
0x00007fa950efdae8:   0000000000000006 00007fa950efda50
0x00007fa950efdaf8:   0000000000000001 0000000000000006
0x00007fa950efdb08:   00007fa950efdae0 0000001769e23c40
0x00007fa950efdb18:   00007fa950efda20 0000001700000000
0x00007fa950efdb28:   00007fa96a25d048 00007fa950efd9f0
0x00007fa950efdb38:   0000000000000000 0000000000000001
0x00007fa950efdb48:   000000000000008f 0000000000000001
0x00007fa950efdb58:   00007fa969e23c40 00007fa96002a868
0x00007fa950efdb68:   00007fa96002a490 00007fa969e225f8
0x00007fa950efdb78:   00007fa969a98ff8 00007fa950efdbb0
0x00007fa950efdb88:   000000000000008f 00007fa950efdbd0
0x00007fa950efdb98:   00007fa96002a480 00007fa916c92770
0x00007fa950efdba8:   00007fa969a99045 00007fa950efdbd0
0x00007fa950efdbb8:   00007fa968b45c1c 00007fa960082800
0x00007fa950efdbc8:   00007fa96007a6c0 00007fa950efdc20
0x00007fa950efdbd8:   00007fa968f56217 0000000000006997
0x00007fa950efdbe8:   00000000000003d8 00007fa950efdc30
0x00007fa950efdbf8:   00007fa96007a6c0 00007fa9693f27a0
0x00007fa950efdc08:   00007fa916c92770 0000000000000000 

Instructions: (pc=0x0000000000046b20)
0x0000000000046b00:   
[error occurred during error reporting (printing registers, top of stack, instructions near pc), id 0xb]

Register to memory mapping:

RAX=
[error occurred during error reporting (printing register info), id 0xb]

Stack: [0x00007fa950dfe000,0x00007fa950eff000],  sp=0x00007fa950efda18,  free space=1022k
Native frames: (J=compiled Java code, j=interpreted, Vv=VM code, C=native code)
C  0x0000000000046b20

VM_Operation (0x00007fa916c92770): Exit, mode: safepoint, requested by thread 0x00007fa928001000


---------------  P R O C E S S  ---------------

Java Threads: ( => current thread )
  0x00007fa96000d800 JavaThread "DestroyJavaVM" [_thread_blocked, id=18103, stack(0x00007fa96a12d000,0x00007fa96a22e000)]
  0x00007fa928001000 JavaThread "SIGTERM handler" daemon [_thread_blocked, id=21310, stack(0x00007fa916b93000,0x00007fa916c94000)]
  0x00007fa9606f9000 JavaThread "com.google.inject.internal.util.$Finalizer" daemon [_thread_blocked, id=18118, stack(0x00007fa917cff000,0x00007fa917e00000)]
  0x00007fa960563000 JavaThread "EMF Reference Cleaner" daemon [_thread_blocked, id=18117, stack(0x00007fa93c074000,0x00007fa93c175000)]
  0x00007fa9600c4800 JavaThread "Service Thread" daemon [_thread_blocked, id=18115, stack(0x00007fa95041f000,0x00007fa950520000)]
  0x00007fa9600b5000 JavaThread "C1 CompilerThread2" daemon [_thread_blocked, id=18114, stack(0x00007fa950520000,0x00007fa950621000)]
  0x00007fa9600b3800 JavaThread "C2 CompilerThread1" daemon [_thread_blocked, id=18113, stack(0x00007fa950621000,0x00007fa950722000)]
  0x00007fa9600b0800 JavaThread "C2 CompilerThread0" daemon [_thread_blocked, id=18112, stack(0x00007fa950722000,0x00007fa950823000)]
  0x00007fa960087000 JavaThread "Finalizer" daemon [_thread_blocked, id=18110, stack(0x00007fa950bfc000,0x00007fa950cfd000)]
  0x00007fa960082800 JavaThread "Reference Handler" daemon [_thread_blocked, id=18109, stack(0x00007fa950cfd000,0x00007fa950dfe000)]

Other Threads:
=>0x00007fa96007b000 VMThread [stack: 0x00007fa950dfe000,0x00007fa950eff000] [id=18108]

VM state:at safepoint (shutting down)

VM Mutex/Monitor currently owned by a thread:  ([mutex/lock_event])
[0x00007fa960009dd0] Threads_lock - owner thread: 0x00007fa96007b000

Heap:
 PSYoungGen      total 68608K, used 48764K [0x00000000d6e00000, 0x00000000db600000, 0x0000000100000000)
  eden space 63488K, 68% used [0x00000000d6e00000,0x00000000d98a71a0,0x00000000dac00000)
  from space 5120K, 99% used [0x00000000db100000,0x00000000db5f8020,0x00000000db600000)
  to   space 5120K, 0% used [0x00000000dac00000,0x00000000dac00000,0x00000000db100000)
 ParOldGen       total 84992K, used 10860K [0x0000000084a00000, 0x0000000089d00000, 0x00000000d6e00000)
  object space 84992K, 12% used [0x0000000084a00000,0x000000008549b018,0x0000000089d00000)
 Metaspace       used 19101K, capacity 19246K, committed 19456K, reserved 1067008K
  class space    used 2477K, capacity 2525K, committed 2560K, reserved 1048576K

Card table byte_map: [0x00007fa96641b000,0x00007fa9667f7000] byte_map_base: 0x00007fa965ff6000

Marking Bits: (ParMarkBitMap*) 0x00007fa969407220
 Begin Bits: [0x00007fa93c250000, 0x00007fa93e128000)
 End Bits:   [0x00007fa93e128000, 0x00007fa940000000)

Polling page: 0x00007fa96a259000

CodeCache: size=245760Kb used=7230Kb max_used=7243Kb free=238529Kb
 bounds [0x00007fa951000000, 0x00007fa951720000, 0x00007fa960000000]
 total_blobs=2636 nmethods=2253 adapters=296
 compilation: enabled

Compilation events (10 events):
Event: 49.834 Thread 0x00007fa9600b5000 2247       3       java.util.regex.Pattern$Branch::add (61 bytes)
Event: 49.834 Thread 0x00007fa9600b5000 nmethod 2247 0x00007fa951716b90 code [0x00007fa951716d20, 0x00007fa951717168]
Event: 49.834 Thread 0x00007fa9600b5000 2251       3       org.polymodel.impl.DomainDimensionsImpl::getParameters (27 bytes)
Event: 49.835 Thread 0x00007fa9600b5000 nmethod 2251 0x00007fa951707a50 code [0x00007fa951707c00, 0x00007fa9517081f0]
Event: 49.835 Thread 0x00007fa9600b5000 2249       3       java.util.ArrayList::contains (14 bytes)
Event: 49.835 Thread 0x00007fa9600b5000 nmethod 2249 0x00007fa951702a10 code [0x00007fa951702b80, 0x00007fa951702de8]
Event: 49.835 Thread 0x00007fa9600b5000 2252       3       fr.irisa.cairn.jnimap.isl.jni.JNIISLSpace::setName (37 bytes)
Event: 49.836 Thread 0x00007fa9600b3800 2254       4       java.io.UnixFileSystem::resolve (103 bytes)
Event: 49.836 Thread 0x00007fa9600b5000 nmethod 2252 0x00007fa9517045d0 code [0x00007fa951704820, 0x00007fa951705478]
Event: 49.839 Thread 0x00007fa9600b3800 nmethod 2254 0x00007fa951707190 code [0x00007fa951707320, 0x00007fa9517077f8]

GC Heap History (8 events):
Event: 2.805 GC heap before
{Heap before GC invocations=1 (full 0):
 PSYoungGen      total 36864K, used 31744K [0x00000000d6e00000, 0x00000000d9700000, 0x0000000100000000)
  eden space 31744K, 100% used [0x00000000d6e00000,0x00000000d8d00000,0x00000000d8d00000)
  from space 5120K, 0% used [0x00000000d9200000,0x00000000d9200000,0x00000000d9700000)
  to   space 5120K, 0% used [0x00000000d8d00000,0x00000000d8d00000,0x00000000d9200000)
 ParOldGen       total 84992K, used 0K [0x0000000084a00000, 0x0000000089d00000, 0x00000000d6e00000)
  object space 84992K, 0% used [0x0000000084a00000,0x0000000084a00000,0x0000000089d00000)
 Metaspace       used 7271K, capacity 7378K, committed 7552K, reserved 1056768K
  class space    used 849K, capacity 883K, committed 896K, reserved 1048576K
Event: 2.812 GC heap after
Heap after GC invocations=1 (full 0):
 PSYoungGen      total 36864K, used 5095K [0x00000000d6e00000, 0x00000000d9700000, 0x0000000100000000)
  eden space 31744K, 0% used [0x00000000d6e00000,0x00000000d6e00000,0x00000000d8d00000)
  from space 5120K, 99% used [0x00000000d8d00000,0x00000000d91f9f28,0x00000000d9200000)
  to   space 5120K, 0% used [0x00000000d9200000,0x00000000d9200000,0x00000000d9700000)
 ParOldGen       total 84992K, used 966K [0x0000000084a00000, 0x0000000089d00000, 0x00000000d6e00000)
  object space 84992K, 1% used [0x0000000084a00000,0x0000000084af19e0,0x0000000089d00000)
 Metaspace       used 7271K, capacity 7378K, committed 7552K, reserved 1056768K
  class space    used 849K, capacity 883K, committed 896K, reserved 1048576K
}
Event: 3.169 GC heap before
{Heap before GC invocations=2 (full 0):
 PSYoungGen      total 36864K, used 36839K [0x00000000d6e00000, 0x00000000d9700000, 0x0000000100000000)
  eden space 31744K, 100% used [0x00000000d6e00000,0x00000000d8d00000,0x00000000d8d00000)
  from space 5120K, 99% used [0x00000000d8d00000,0x00000000d91f9f28,0x00000000d9200000)
  to   space 5120K, 0% used [0x00000000d9200000,0x00000000d9200000,0x00000000d9700000)
 ParOldGen       total 84992K, used 966K [0x0000000084a00000, 0x0000000089d00000, 0x00000000d6e00000)
  object space 84992K, 1% used [0x0000000084a00000,0x0000000084af19e0,0x0000000089d00000)
 Metaspace       used 10420K, capacity 10520K, committed 10624K, reserved 1058816K
  class space    used 1303K, capacity 1332K, committed 1408K, reserved 1048576K
Event: 3.177 GC heap after
Heap after GC invocations=2 (full 0):
 PSYoungGen      total 36864K, used 5088K [0x00000000d6e00000, 0x00000000db600000, 0x0000000100000000)
  eden space 31744K, 0% used [0x00000000d6e00000,0x00000000d6e00000,0x00000000d8d00000)
  from space 5120K, 99% used [0x00000000d9200000,0x00000000d96f8020,0x00000000d9700000)
  to   space 5120K, 0% used [0x00000000d8d00000,0x00000000d8d00000,0x00000000d9200000)
 ParOldGen       total 84992K, used 4384K [0x0000000084a00000, 0x0000000089d00000, 0x00000000d6e00000)
  object space 84992K, 5% used [0x0000000084a00000,0x0000000084e48260,0x0000000089d00000)
 Metaspace       used 10420K, capacity 10520K, committed 10624K, reserved 1058816K
  class space    used 1303K, capacity 1332K, committed 1408K, reserved 1048576K
}
Event: 3.455 GC heap before
{Heap before GC invocations=3 (full 0):
 PSYoungGen      total 36864K, used 36832K [0x00000000d6e00000, 0x00000000db600000, 0x0000000100000000)
  eden space 31744K, 100% used [0x00000000d6e00000,0x00000000d8d00000,0x00000000d8d00000)
  from space 5120K, 99% used [0x00000000d9200000,0x00000000d96f8020,0x00000000d9700000)
  to   space 5120K, 0% used [0x00000000d8d00000,0x00000000d8d00000,0x00000000d9200000)
 ParOldGen       total 84992K, used 4384K [0x0000000084a00000, 0x0000000089d00000, 0x00000000d6e00000)
  object space 84992K, 5% used [0x0000000084a00000,0x0000000084e48260,0x0000000089d00000)
 Metaspace       used 12487K, capacity 12598K, committed 12928K, reserved 1060864K
  class space    used 1597K, capacity 1657K, committed 1664K, reserved 1048576K
Event: 3.463 GC heap after
Heap after GC invocations=3 (full 0):
 PSYoungGen      total 36864K, used 5104K [0x00000000d6e00000, 0x00000000db600000, 0x0000000100000000)
  eden space 31744K, 0% used [0x00000000d6e00000,0x00000000d6e00000,0x00000000d8d00000)
  from space 5120K, 99% used [0x00000000d8d00000,0x00000000d91fc030,0x00000000d9200000)
  to   space 5120K, 0% used [0x00000000db100000,0x00000000db100000,0x00000000db600000)
 ParOldGen       total 84992K, used 7574K [0x0000000084a00000, 0x0000000089d00000, 0x00000000d6e00000)
  object space 84992K, 8% used [0x0000000084a00000,0x0000000085165a08,0x0000000089d00000)
 Metaspace       used 12487K, capacity 12598K, committed 12928K, reserved 1060864K
  class space    used 1597K, capacity 1657K, committed 1664K, reserved 1048576K
}
Event: 3.801 GC heap before
{Heap before GC invocations=4 (full 0):
 PSYoungGen      total 36864K, used 36848K [0x00000000d6e00000, 0x00000000db600000, 0x0000000100000000)
  eden space 31744K, 100% used [0x00000000d6e00000,0x00000000d8d00000,0x00000000d8d00000)
  from space 5120K, 99% used [0x00000000d8d00000,0x00000000d91fc030,0x00000000d9200000)
  to   space 5120K, 0% used [0x00000000db100000,0x00000000db100000,0x00000000db600000)
 ParOldGen       total 84992K, used 7574K [0x0000000084a00000, 0x0000000089d00000, 0x00000000d6e00000)
  object space 84992K, 8% used [0x0000000084a00000,0x0000000085165a08,0x0000000089d00000)
 Metaspace       used 15169K, capacity 15362K, committed 15616K, reserved 1062912K
  class space    used 1997K, capacity 2043K, committed 2048K, reserved 1048576K
Event: 3.812 GC heap after
Heap after GC invocations=4 (full 0):
 PSYoungGen      total 68608K, used 5088K [0x00000000d6e00000, 0x00000000db600000, 0x0000000100000000)
  eden space 63488K, 0% used [0x00000000d6e00000,0x00000000d6e00000,0x00000000dac00000)
  from space 5120K, 99% used [0x00000000db100000,0x00000000db5f8020,0x00000000db600000)
  to   space 5120K, 0% used [0x00000000dac00000,0x00000000dac00000,0x00000000db100000)
 ParOldGen       total 84992K, used 10860K [0x0000000084a00000, 0x0000000089d00000, 0x00000000d6e00000)
  object space 84992K, 12% used [0x0000000084a00000,0x000000008549b018,0x0000000089d00000)
 Metaspace       used 15169K, capacity 15362K, committed 15616K, reserved 1062912K
  class space    used 1997K, capacity 2043K, committed 2048K, reserved 1048576K
}

Deoptimization events (10 events):
Event: 4.093 Thread 0x00007fa96000d800 Uncommon trap: reason=array_check action=maybe_recompile pc=0x00007fa9515d8bfc method=org.eclipse.emf.common.util.BasicEList.assign(ILjava/lang/Object;)Ljava/lang/Object; @ 6
Event: 4.093 Thread 0x00007fa96000d800 Uncommon trap: reason=array_check action=maybe_recompile pc=0x00007fa9515d8bfc method=org.eclipse.emf.common.util.BasicEList.assign(ILjava/lang/Object;)Ljava/lang/Object; @ 6
Event: 4.093 Thread 0x00007fa96000d800 Uncommon trap: reason=array_check action=maybe_recompile pc=0x00007fa9515d8bfc method=org.eclipse.emf.common.util.BasicEList.assign(ILjava/lang/Object;)Ljava/lang/Object; @ 6
Event: 4.118 Thread 0x00007fa96000d800 Uncommon trap: reason=unstable_if action=reinterpret pc=0x00007fa9515c0640 method=java.util.HashMap.hash(Ljava/lang/Object;)I @ 1
Event: 4.119 Thread 0x00007fa96000d800 Uncommon trap: reason=unstable_if action=reinterpret pc=0x00007fa9511da0b0 method=java.util.HashMap.hash(Ljava/lang/Object;)I @ 1
Event: 4.121 Thread 0x00007fa96000d800 Uncommon trap: reason=unstable_if action=reinterpret pc=0x00007fa9513ac0d4 method=java.util.HashMap.hash(Ljava/lang/Object;)I @ 1
Event: 4.122 Thread 0x00007fa96000d800 Uncommon trap: reason=unstable_if action=reinterpret pc=0x00007fa95119c168 method=java.util.HashMap.hash(Ljava/lang/Object;)I @ 1
Event: 4.196 Thread 0x00007fa96000d800 Uncommon trap: reason=bimorphic action=maybe_recompile pc=0x00007fa95152ce74 method=org.eclipse.emf.ecore.util.EContentsEList$FeatureIteratorImpl.hasNext()Z @ 279
Event: 4.197 Thread 0x00007fa96000d800 Uncommon trap: reason=bimorphic action=maybe_recompile pc=0x00007fa95152ce74 method=org.eclipse.emf.ecore.util.EContentsEList$FeatureIteratorImpl.hasNext()Z @ 279
Event: 3970.912 Thread 0x00007fa928001000 Uncommon trap: reason=null_check action=make_not_entrant pc=0x00007fa95166866c method=java.lang.StringCoding.deref(Ljava/lang/ThreadLocal;)Ljava/lang/Object; @ 4

Internal exceptions (10 events):
Event: 3970.911 Thread 0x00007fa96000d800 Exception <a 'java/io/IOException'> (0x00000000d95717c8) thrown at [/build/openjdk-8-YiEakL/openjdk-8-8u121-b13/src/hotspot/src/share/vm/prims/jni.cpp, line 709]
Event: 3970.911 Thread 0x00007fa96000d800 Exception <a 'java/io/IOException'> (0x00000000d9571ae0) thrown at [/build/openjdk-8-YiEakL/openjdk-8-8u121-b13/src/hotspot/src/share/vm/prims/jni.cpp, line 709]
Event: 3970.911 Thread 0x00007fa96000d800 Exception <a 'java/io/IOException'> (0x00000000d9571d48) thrown at [/build/openjdk-8-YiEakL/openjdk-8-8u121-b13/src/hotspot/src/share/vm/prims/jni.cpp, line 709]
Event: 3970.911 Thread 0x00007fa96000d800 Exception <a 'java/io/IOException'> (0x00000000d9572538) thrown at [/build/openjdk-8-YiEakL/openjdk-8-8u121-b13/src/hotspot/src/share/vm/prims/jni.cpp, line 709]
Event: 3970.911 Thread 0x00007fa96000d800 Exception <a 'java/io/IOException'> (0x00000000d95727d0) thrown at [/build/openjdk-8-YiEakL/openjdk-8-8u121-b13/src/hotspot/src/share/vm/prims/jni.cpp, line 709]
Event: 3970.912 Thread 0x00007fa96000d800 Exception <a 'java/io/IOException'> (0x00000000d9572a38) thrown at [/build/openjdk-8-YiEakL/openjdk-8-8u121-b13/src/hotspot/src/share/vm/prims/jni.cpp, line 709]
Event: 3970.912 Thread 0x00007fa96000d800 Exception <a 'java/io/IOException'> (0x00000000d9572ff0) thrown at [/build/openjdk-8-YiEakL/openjdk-8-8u121-b13/src/hotspot/src/share/vm/prims/jni.cpp, line 709]
Event: 3970.912 Thread 0x00007fa96000d800 Exception <a 'java/io/IOException'> (0x00000000d9573288) thrown at [/build/openjdk-8-YiEakL/openjdk-8-8u121-b13/src/hotspot/src/share/vm/prims/jni.cpp, line 709]
Event: 3970.912 Thread 0x00007fa96000d800 Exception <a 'java/io/IOException'> (0x00000000d95734f0) thrown at [/build/openjdk-8-YiEakL/openjdk-8-8u121-b13/src/hotspot/src/share/vm/prims/jni.cpp, line 709]
Event: 3970.912 Thread 0x00007fa928001000 Implicit null exception at 0x00007fa95166804d to 0x00007fa951668655

Events (10 events):
Event: 3970.912 loading class java/util/IdentityHashMap$KeyIterator done
Event: 3970.912 Thread 0x00007fa96000d800 Thread exited: 0x00007fa96000d800
Event: 3970.912 Thread 0x00007fa904001000 Thread added: 0x00007fa904001000
Event: 3970.912 Thread 0x00007fa96000d800 Thread added: 0x00007fa96000d800
Event: 3970.912 Thread 0x00007fa904001000 Thread exited: 0x00007fa904001000
Event: 3970.912 Thread 0x00007fa928001000 Uncommon trap: trap_request=0xfffffff4 fr.pc=0x00007fa95166866c
Event: 3970.912 Thread 0x00007fa928001000 DEOPT PACKING pc=0x00007fa95166866c sp=0x00007fa916c92020
Event: 3970.912 Thread 0x00007fa928001000 DEOPT UNPACKING pc=0x00007fa951004f69 sp=0x00007fa916c91f20 mode 2
Event: 3970.913 Thread 0x00007fa9600ae800 Thread exited: 0x00007fa9600ae800
Event: 3970.913 Executing VM operation: Exit


Dynamic libraries:
00400000-00401000 r-xp 00000000 08:09 7087821                            /usr/lib/jvm/java-8-openjdk-amd64/jre/bin/java
00600000-00601000 r--p 00000000 08:09 7087821                            /usr/lib/jvm/java-8-openjdk-amd64/jre/bin/java
00601000-00602000 rw-p 00001000 08:09 7087821                            /usr/lib/jvm/java-8-openjdk-amd64/jre/bin/java
0137a000-0139b000 rw-p 00000000 00:00 0                                  [heap]
84a00000-89d00000 rw-p 00000000 00:00 0 
89d00000-d6e00000 ---p 00000000 00:00 0 
d6e00000-db600000 rw-p 00000000 00:00 0 
db600000-100000000 ---p 00000000 00:00 0 
100000000-100280000 rw-p 00000000 00:00 0 
100280000-140000000 ---p 00000000 00:00 0 
7fa904000000-7fa904021000 rw-p 00000000 00:00 0 
7fa904021000-7fa908000000 ---p 00000000 00:00 0 
7fa908000000-7fa908021000 rw-p 00000000 00:00 0 
7fa908021000-7fa90c000000 ---p 00000000 00:00 0 
7fa90c000000-7fa90c021000 rw-p 00000000 00:00 0 
7fa90c021000-7fa910000000 ---p 00000000 00:00 0 
7fa910000000-7fa910021000 rw-p 00000000 00:00 0 
7fa910021000-7fa914000000 ---p 00000000 00:00 0 
7fa916a92000-7fa916a95000 ---p 00000000 00:00 0 
7fa916a95000-7fa916b93000 rw-p 00000000 00:00 0 
7fa916b93000-7fa916b96000 ---p 00000000 00:00 0 
7fa916b96000-7fa916d14000 rw-p 00000000 00:00 0 
7fa916d14000-7fa916e94000 ---p 00000000 00:00 0 
7fa916e94000-7fa916f09000 r-xp 00000000 08:09 27656250                   /home/hrishi/workspace/Console/.jnimap.temp.linux_64/libgmp.so.10 (deleted)
7fa916f09000-7fa917108000 ---p 00075000 08:09 27656250                   /home/hrishi/workspace/Console/.jnimap.temp.linux_64/libgmp.so.10 (deleted)
7fa917108000-7fa91710a000 rw-p 00074000 08:09 27656250                   /home/hrishi/workspace/Console/.jnimap.temp.linux_64/libgmp.so.10 (deleted)
7fa91710a000-7fa917272000 r-xp 00000000 08:09 27656249                   /home/hrishi/workspace/Console/.jnimap.temp.linux_64/libisl.so.13 (deleted)
7fa917272000-7fa917471000 ---p 00168000 08:09 27656249                   /home/hrishi/workspace/Console/.jnimap.temp.linux_64/libisl.so.13 (deleted)
7fa917471000-7fa917478000 rw-p 00167000 08:09 27656249                   /home/hrishi/workspace/Console/.jnimap.temp.linux_64/libisl.so.13 (deleted)
7fa917478000-7fa9174fd000 r-xp 00000000 08:09 27656251                   /home/hrishi/workspace/Console/.jnimap.temp.linux_64/linux_64_libjniisl.so (deleted)
7fa9174fd000-7fa9176fc000 ---p 00085000 08:09 27656251                   /home/hrishi/workspace/Console/.jnimap.temp.linux_64/linux_64_libjniisl.so (deleted)
7fa9176fc000-7fa9176ff000 rw-p 00084000 08:09 27656251                   /home/hrishi/workspace/Console/.jnimap.temp.linux_64/linux_64_libjniisl.so (deleted)
7fa9176ff000-7fa9178ff000 rw-p 00000000 00:00 0 
7fa9178ff000-7fa917aff000 rw-p 00000000 00:00 0 
7fa917aff000-7fa917cff000 rw-p 00000000 00:00 0 
7fa917cff000-7fa917d02000 ---p 00000000 00:00 0 
7fa917d02000-7fa918000000 rw-p 00000000 00:00 0 
7fa918000000-7fa918021000 rw-p 00000000 00:00 0 
7fa918021000-7fa91c000000 ---p 00000000 00:00 0 
7fa91c000000-7fa91c021000 rw-p 00000000 00:00 0 
7fa91c021000-7fa920000000 ---p 00000000 00:00 0 
7fa920000000-7fa92050c000 rw-p 00000000 00:00 0 
7fa92050c000-7fa924000000 ---p 00000000 00:00 0 
7fa924000000-7fa92451c000 rw-p 00000000 00:00 0 
7fa92451c000-7fa928000000 ---p 00000000 00:00 0 
7fa928000000-7fa928021000 rw-p 00000000 00:00 0 
7fa928021000-7fa92c000000 ---p 00000000 00:00 0 
7fa92c000000-7fa92ccd9000 rw-p 00000000 00:00 0 
7fa92ccd9000-7fa930000000 ---p 00000000 00:00 0 
7fa930000000-7fa930021000 rw-p 00000000 00:00 0 
7fa930021000-7fa934000000 ---p 00000000 00:00 0 
7fa934000000-7fa934021000 rw-p 00000000 00:00 0 
7fa934021000-7fa938000000 ---p 00000000 00:00 0 
7fa938000000-7fa938021000 rw-p 00000000 00:00 0 
7fa938021000-7fa93c000000 ---p 00000000 00:00 0 
7fa93c074000-7fa93c077000 ---p 00000000 00:00 0 
7fa93c077000-7fa93c175000 rw-p 00000000 00:00 0 
7fa93c250000-7fa940000000 rw-p 00000000 00:00 0 
7fa940000000-7fa940021000 rw-p 00000000 00:00 0 
7fa940021000-7fa944000000 ---p 00000000 00:00 0 
7fa944000000-7fa944021000 rw-p 00000000 00:00 0 
7fa944021000-7fa948000000 ---p 00000000 00:00 0 
7fa948000000-7fa948021000 rw-p 00000000 00:00 0 
7fa948021000-7fa94c000000 ---p 00000000 00:00 0 
7fa94c000000-7fa94c021000 rw-p 00000000 00:00 0 
7fa94c021000-7fa950000000 ---p 00000000 00:00 0 
7fa950005000-7fa950008000 r--s 00015000 08:09 7085469                    /usr/lib/jvm/java-8-openjdk-amd64/jre/lib/jce.jar
7fa950008000-7fa95000c000 r--s 0009a000 08:09 7085467                    /usr/lib/jvm/java-8-openjdk-amd64/jre/lib/jsse.jar
7fa95000c000-7fa95000f000 r--s 00014000 08:09 26516293                   /home/hrishi/.eclipse/org.eclipse.platform_4.6.0_1473617060_linux_gtk_x86_64/plugins/fr.irisa.r2d2.parser.runtime_1.0.0.201612051604.jar
7fa95000f000-7fa950017000 r--s 0003c000 08:09 26516292                   /home/hrishi/.eclipse/org.eclipse.platform_4.6.0_1473617060_linux_gtk_x86_64/plugins/fr.irisa.r2d2.gecos.framework_1.0.0.201612051604.jar
7fa950017000-7fa950021000 r--s 0006c000 08:09 26516357                   /home/hrishi/.eclipse/org.eclipse.platform_4.6.0_1473617060_linux_gtk_x86_64/plugins/org.eclipse.xtext.common.types_2.10.0.v201605250459.jar
7fa950021000-7fa950051000 r--s 0044d000 08:09 26516369                   /home/hrishi/.eclipse/org.eclipse.platform_4.6.0_1473617060_linux_gtk_x86_64/plugins/org.eclipse.xtext.xbase_2.10.0.v201605250459.jar
7fa950051000-7fa950054000 r--s 0000f000 08:09 26516352                   /home/hrishi/.eclipse/org.eclipse.platform_4.6.0_1473617060_linux_gtk_x86_64/plugins/org.eclipse.xtend.lib.macro_2.10.0.v201605250459.jar
7fa950054000-7fa950058000 r--s 00035000 08:09 26516351                   /home/hrishi/.eclipse/org.eclipse.platform_4.6.0_1473617060_linux_gtk_x86_64/plugins/org.eclipse.xtend.lib_2.10.0.v201605250459.jar
7fa950058000-7fa950059000 r--s 00001000 08:09 26516354                   /home/hrishi/.eclipse/org.eclipse.platform_4.6.0_1473617060_linux_gtk_x86_64/plugins/org.eclipse.xtend2.lib_2.10.0.v201605250459.jar
7fa950059000-7fa95005f000 r--s 0003f000 08:09 26516368                   /home/hrishi/.eclipse/org.eclipse.platform_4.6.0_1473617060_linux_gtk_x86_64/plugins/org.eclipse.xtext.util_2.10.0.v201605250459.jar
7fa95005f000-7fa950090000 r--s 0024b000 08:09 26516355                   /home/hrishi/.eclipse/org.eclipse.platform_4.6.0_1473617060_linux_gtk_x86_64/plugins/org.eclipse.xtext_2.10.0.v201605250459.jar
7fa950090000-7fa950098000 r--s 00061000 08:09 26516277                   /home/hrishi/.eclipse/org.eclipse.platform_4.6.0_1473617060_linux_gtk_x86_64/plugins/edu.csu.melange.alphabets_0.9.6.201612051604.jar
7fa950098000-7fa950099000 r--s 00008000 08:09 26516336                   /home/hrishi/.eclipse/org.eclipse.platform_4.6.0_1473617060_linux_gtk_x86_64/plugins/org.polymodel.scop.cgenerator2_1.0.0.201612051604.jar
7fa950099000-7fa95009c000 r--s 00024000 08:09 26516337                   /home/hrishi/.eclipse/org.eclipse.platform_4.6.0_1473617060_linux_gtk_x86_64/plugins/org.polymodel.scop.dtiler_1.0.0.201612051604.jar
7fa95009c000-7fa95009d000 r--s 00001000 08:09 26516335                   /home/hrishi/.eclipse/org.eclipse.platform_4.6.0_1473617060_linux_gtk_x86_64/plugins/org.polymodel.scop.bridge.clast_1.0.0.201612051604.jar
7fa95009d000-7fa9500a2000 r--s 0002a000 08:09 26516334                   /home/hrishi/.eclipse/org.eclipse.platform_4.6.0_1473617060_linux_gtk_x86_64/plugins/org.polymodel.scop_1.0.0.201612051604.jar
7fa9500a2000-7fa9500b5000 r--s 0012e000 08:09 26516300                   /home/hrishi/.eclipse/org.eclipse.platform_4.6.0_1473617060_linux_gtk_x86_64/plugins/org.polymodel.polyhedralIR.codegen_1.0.0.201612051604.jar
7fa9500b5000-7fa9500b8000 r--s 008e1000 08:09 26516287                   /home/hrishi/.eclipse/org.eclipse.platform_4.6.0_1473617060_linux_gtk_x86_64/plugins/fr.irisa.cairn.jnimap.cloog_1.0.0.201612051604.jar
7fa9500b8000-7fa9500bc000 r--s 00031000 08:09 26516341                   /home/hrishi/.eclipse/org.eclipse.platform_4.6.0_1473617060_linux_gtk_x86_64/plugins/org.antlr.runtime_3.2.0.v201101311130.jar
7fa9500bc000-7fa9500bd000 r--s 00011000 08:09 10748494                   /opt/eclipse/plugins/org.apache.commons.logging_1.1.1.v201101211721.jar
7fa9500bd000-7fa9500c5000 r--s 0005e000 08:09 10748531                   /opt/eclipse/plugins/org.apache.log4j_1.2.15.v201012070815.jar
7fa9500c5000-7fa9500c7000 r--s 00008000 08:09 26516346                   /home/hrishi/.eclipse/org.eclipse.platform_4.6.0_1473617060_linux_gtk_x86_64/plugins/org.eclipse.emf.mwe.utils_1.3.20.v201605261103.jar
7fa9500c7000-7fa9500c8000 r--s 00003000 08:09 26516348                   /home/hrishi/.eclipse/org.eclipse.platform_4.6.0_1473617060_linux_gtk_x86_64/plugins/org.eclipse.emf.mwe2.runtime_2.9.0.v201605261103.jar
7fa9500c8000-7fa9500c9000 r--s 0000b000 08:09 26516339                   /home/hrishi/.eclipse/org.eclipse.platform_4.6.0_1473617060_linux_gtk_x86_64/plugins/org.apache.commons.cli_1.2.0.v201404270220.jar
7fa9500c9000-7fa9500cf000 r--s 0002a000 08:09 26516345                   /home/hrishi/.eclipse/org.eclipse.platform_4.6.0_1473617060_linux_gtk_x86_64/plugins/org.eclipse.emf.mwe.core_1.3.20.v201605261103.jar
7fa9500cf000-7fa9500d1000 r--s 00009000 08:09 26516279                   /home/hrishi/.eclipse/org.eclipse.platform_4.6.0_1473617060_linux_gtk_x86_64/plugins/edu.csu.melange.affineLattice_1.0.0.jar
7fa9500d1000-7fa9500d3000 r--s 00000000 08:09 26516338                   /home/hrishi/.eclipse/org.eclipse.platform_4.6.0_1473617060_linux_gtk_x86_64/plugins/tom.mapping_1.0.0.201612051604.jar
7fa9500d3000-7fa9500da000 r--s 0004d000 08:09 26516333                   /home/hrishi/.eclipse/org.eclipse.platform_4.6.0_1473617060_linux_gtk_x86_64/plugins/org.polymodel.prdg.scheduling_1.0.0.201612051604.jar
7fa9500da000-7fa9500dd000 r--s 0001f000 08:09 26516370                   /home/hrishi/.eclipse/org.eclipse.platform_4.6.0_1473617060_linux_gtk_x86_64/plugins/org.eclipse.xtext.xbase.lib_2.10.0.v201605250459.jar
7fa9500dd000-7fa9500df000 r--s 00004000 08:09 26516299                   /home/hrishi/.eclipse/org.eclipse.platform_4.6.0_1473617060_linux_gtk_x86_64/plugins/org.polymodel.matrix_1.0.0.201612051604.jar
7fa9500df000-7fa9500e1000 r--s 00005000 08:09 26516332                   /home/hrishi/.eclipse/org.eclipse.platform_4.6.0_1473617060_linux_gtk_x86_64/plugins/org.polymodel.prdg.adapter_1.0.0.201612051604.jar
7fa9500e1000-7fa9500e3000 r--s 00009000 08:09 26516301                   /home/hrishi/.eclipse/org.eclipse.platform_4.6.0_1473617060_linux_gtk_x86_64/plugins/org.polymodel.prdg_1.0.0.201612051604.jar
7fa9500e3000-7fa9500e5000 r--s 00013000 08:09 26516297                   /home/hrishi/.eclipse/org.eclipse.platform_4.6.0_1473617060_linux_gtk_x86_64/plugins/org.polymodel.isl_1.0.0.201612051604.jar
7fa9500e5000-7fa9500ef000 r--s 000a4000 08:09 26516295                   /home/hrishi/.eclipse/org.eclipse.platform_4.6.0_1473617060_linux_gtk_x86_64/plugins/org.polymodel.algebra_1.0.0.201612051604.jar
7fa9500ef000-7fa9500f2000 r--s 0002b000 08:09 26516294                   /home/hrishi/.eclipse/org.eclipse.platform_4.6.0_1473617060_linux_gtk_x86_64/plugins/org.polymodel_1.0.0.201612051604.jar
7fa9500f2000-7fa95011c000 r--s 001ff000 08:09 10749007                   /opt/eclipse/plugins/com.google.guava_15.0.0.v201403281430.jar
7fa95011c000-7fa95011d000 r--s 0000f000 08:09 28708338                   /home/hrishi/.eclipse/org.eclipse.platform_4.6.0_1473617060_linux_gtk_x86_64/plugins/fr.irisa.cairn.tools_1.0.0.201612051604/lib/javatuples-1.2.jar
7fa95011d000-7fa95011e000 r--s 0000b000 08:09 28708337                   /home/hrishi/.eclipse/org.eclipse.platform_4.6.0_1473617060_linux_gtk_x86_64/plugins/fr.irisa.cairn.tools_1.0.0.201612051604/lib/javatuples-1.2-sources.jar
7fa95011e000-7fa950121000 r--s 00037000 08:09 28708336                   /home/hrishi/.eclipse/org.eclipse.platform_4.6.0_1473617060_linux_gtk_x86_64/plugins/fr.irisa.cairn.tools_1.0.0.201612051604/lib/javatuples-1.2-javadoc.jar
7fa950121000-7fa950126000 r--s 00b6c000 08:09 26516288                   /home/hrishi/.eclipse/org.eclipse.platform_4.6.0_1473617060_linux_gtk_x86_64/plugins/fr.irisa.cairn.jnimap.isl_2.1.0.201612051604.jar
7fa950126000-7fa950128000 r--s 00007000 08:09 26516286                   /home/hrishi/.eclipse/org.eclipse.platform_4.6.0_1473617060_linux_gtk_x86_64/plugins/fr.irisa.cairn.graph.guice_1.0.0.201612051604.jar
7fa950128000-7fa95012a000 r--s 00009000 08:09 10748202                   /opt/eclipse/plugins/com.google.inject.multibindings_3.0.0.v201605172100.jar
7fa95012a000-7fa950135000 r--s 00077000 08:09 10748760                   /opt/eclipse/plugins/com.google.inject_3.0.0.v201605172100.jar
7fa950135000-7fa95014d000 r--s 0015b000 08:09 28061747                   /home/hrishi/.eclipse/org.eclipse.platform_4.6.0_1473617060_linux_gtk_x86_64/plugins/fr.irisa.cairn.graph_1.0.0.201612051604/lib/jgrapht-ext-0.9.1-uber.jar
7fa95014d000-7fa95017d000 rw-p 00000000 00:00 0 
7fa95017d000-7fa9502ad000 r--s 010bc000 08:09 28708362                   /home/hrishi/.eclipse/org.eclipse.platform_4.6.0_1473617060_linux_gtk_x86_64/plugins/fr.irisa.cairn.eclipse.tom_2.10.0.201612051604/libs/aircube-bundle.jar
7fa9502ad000-7fa9502b1000 r--s 00035000 08:09 10748985                   /opt/eclipse/plugins/org.eclipse.emf.ecore.xmi_2.12.0.v20160420-0247.jar
7fa9502b1000-7fa9502b8000 r--s 00051000 08:09 10748503                   /opt/eclipse/plugins/org.eclipse.emf.common_2.12.0.v20160420-0247.jar
7fa9502b8000-7fa9502ca000 r--s 00111000 08:09 10748217                   /opt/eclipse/plugins/org.eclipse.emf.ecore_2.12.0.v20160420-0247.jar
7fa9502ca000-7fa95030c000 r--s 00398000 08:09 10748311                   /opt/eclipse/plugins/org.eclipse.ui.workbench_3.108.0.v20160602-1232.jar
7fa95030c000-7fa95031e000 r--s 000f8000 08:09 10748780                   /opt/eclipse/plugins/org.eclipse.jface_3.12.0.v20160518-1929.jar
7fa95031e000-7fa95031f000 ---p 00000000 00:00 0 
7fa95031f000-7fa95041f000 rw-p 00000000 00:00 0 
7fa95041f000-7fa950422000 ---p 00000000 00:00 0 
7fa950422000-7fa950520000 rw-p 00000000 00:00 0 
7fa950520000-7fa950523000 ---p 00000000 00:00 0 
7fa950523000-7fa950621000 rw-p 00000000 00:00 0 
7fa950621000-7fa950624000 ---p 00000000 00:00 0 
7fa950624000-7fa950722000 rw-p 00000000 00:00 0 
7fa950722000-7fa950725000 ---p 00000000 00:00 0 
7fa950725000-7fa950823000 rw-p 00000000 00:00 0 
7fa950823000-7fa950826000 ---p 00000000 00:00 0 
7fa950826000-7fa950924000 rw-p 00000000 00:00 0 
7fa950924000-7fa950bfc000 r--p 00000000 08:09 2887360                    /usr/lib/locale/locale-archive
7fa950bfc000-7fa950bff000 ---p 00000000 00:00 0 
7fa950bff000-7fa950cfd000 rw-p 00000000 00:00 0 
7fa950cfd000-7fa950d00000 ---p 00000000 00:00 0 
7fa950d00000-7fa950dfe000 rw-p 00000000 00:00 0 
7fa950dfe000-7fa950dff000 ---p 00000000 00:00 0 
7fa950dff000-7fa951000000 rw-p 00000000 00:00 0 
7fa951000000-7fa951720000 rwxp 00000000 00:00 0 
7fa951720000-7fa960000000 ---p 00000000 00:00 0 
7fa960000000-7fa960b05000 rw-p 00000000 00:00 0 
7fa960b05000-7fa964000000 ---p 00000000 00:00 0 
7fa964000000-7fa964001000 r--s 00000000 08:09 26516289                   /home/hrishi/.eclipse/org.eclipse.platform_4.6.0_1473617060_linux_gtk_x86_64/plugins/fr.irisa.cairn.jnimap.runtime_1.0.0.201612051604.jar
7fa964001000-7fa964006000 r--s 00030000 08:09 10748396                   /opt/eclipse/plugins/org.eclipse.ui.console_3.6.200.v20160518-1858.jar
7fa964006000-7fa964007000 r--s 00002000 08:09 10748530                   /opt/eclipse/plugins/org.eclipse.e4.ui.workbench3_0.13.100.v20160506-0759.jar
7fa964007000-7fa96400b000 r--s 00019000 08:09 10748602                   /opt/eclipse/plugins/org.eclipse.core.commands_3.8.0.v20160316-1921.jar
7fa96400b000-7fa964020000 r--s 0028f000 08:09 10748863                   /opt/eclipse/plugins/org.eclipse.swt.gtk.linux.x86_64_3.105.0.v20160603-0902.jar
7fa964020000-7fa964029000 r--s 00058000 08:09 10748604                   /opt/eclipse/plugins/org.eclipse.ui_3.108.0.v20160518-1929.jar
7fa964029000-7fa96402b000 r--s 00014000 08:09 10748222                   /opt/eclipse/plugins/org.eclipse.equinox.app_1.3.400.v20150715-1528.jar
7fa96402b000-7fa96402d000 r--s 00017000 08:09 10748774                   /opt/eclipse/plugins/org.eclipse.core.contenttype_3.5.100.v20160418-1621.jar
7fa96402d000-7fa964030000 r--s 0001e000 08:09 10748508                   /opt/eclipse/plugins/org.eclipse.equinox.preferences_3.6.0.v20160120-1756.jar
7fa964030000-7fa964034000 r--s 0002a000 08:09 10749014                   /opt/eclipse/plugins/org.eclipse.equinox.registry_3.6.100.v20160223-2218.jar
7fa964034000-7fa964037000 r--s 00019000 08:09 10748931                   /opt/eclipse/plugins/org.eclipse.core.jobs_3.8.0.v20160509-0411.jar
7fa964037000-7fa96403a000 r--s 0001b000 08:09 10748983                   /opt/eclipse/plugins/org.eclipse.equinox.common_3.8.0.v20160509-1230.jar
7fa96403a000-7fa96403d000 r--s 00039000 08:09 10748174                   /opt/eclipse/plugins/org.eclipse.osgi.compatibility.state_1.0.200.v20160504-1419.jar
7fa96403d000-7fa964052000 r--s 0013d000 08:09 10748755                   /opt/eclipse/plugins/org.eclipse.osgi_3.11.0.v20160603-1336.jar
7fa964052000-7fa964054000 r--s 00003000 08:09 10748526                   /opt/eclipse/plugins/javax.inject_1.0.0.v20091030.jar
7fa964054000-7fa964056000 r--s 00011000 08:09 10748883                   /opt/eclipse/plugins/org.eclipse.core.runtime_3.12.0.v20160606-1342.jar
7fa964056000-7fa96405a000 r--s 00037000 08:09 7085460                    /usr/lib/jvm/java-8-openjdk-amd64/jre/lib/ext/sunpkcs11.jar
7fa96405a000-7fa96405d000 r--s 0000f000 08:09 7085457                    /usr/lib/jvm/java-8-openjdk-amd64/jre/lib/ext/icedtea-sound.jar
7fa96405d000-7fa964067000 r--s 00116000 08:09 7085461                    /usr/lib/jvm/java-8-openjdk-amd64/jre/lib/ext/localedata.jar
7fa964067000-7fa96406c000 r--s 0003b000 08:09 7085462                    /usr/lib/jvm/java-8-openjdk-amd64/jre/lib/ext/sunjce_provider.jar
7fa96406c000-7fa964087000 r--s 001d6000 08:09 7085455                    /usr/lib/jvm/java-8-openjdk-amd64/jre/lib/ext/nashorn.jar
7fa964087000-7fa964f66000 rw-p 00000000 00:00 0 
7fa964f66000-7fa965134000 r--s 03c06000 08:09 7087811                    /usr/lib/jvm/java-8-openjdk-amd64/jre/lib/rt.jar
7fa965134000-7fa965d85000 rw-p 00000000 00:00 0 
7fa965d85000-7fa965d86000 ---p 00000000 00:00 0 
7fa965d86000-7fa965e86000 rw-p 00000000 00:00 0 
7fa965e86000-7fa965e87000 ---p 00000000 00:00 0 
7fa965e87000-7fa965f87000 rw-p 00000000 00:00 0 
7fa965f87000-7fa965f88000 ---p 00000000 00:00 0 
7fa965f88000-7fa966088000 rw-p 00000000 00:00 0 
7fa966088000-7fa966089000 ---p 00000000 00:00 0 
7fa966089000-7fa9661b3000 rw-p 00000000 00:00 0 
7fa9661b3000-7fa96641b000 ---p 00000000 00:00 0 
7fa96641b000-7fa966445000 rw-p 00000000 00:00 0 
7fa966445000-7fa9666ad000 ---p 00000000 00:00 0 
7fa9666ad000-7fa9666d1000 rw-p 00000000 00:00 0 
7fa9666d1000-7fa9667f6000 ---p 00000000 00:00 0 
7fa9667f6000-7fa966814000 rw-p 00000000 00:00 0 
7fa966814000-7fa966bb7000 ---p 00000000 00:00 0 
7fa966bb7000-7fa966bbf000 r-xp 00000000 08:09 7085419                    /usr/lib/jvm/java-8-openjdk-amd64/jre/lib/amd64/libzip.so
7fa966bbf000-7fa966dbe000 ---p 00008000 08:09 7085419                    /usr/lib/jvm/java-8-openjdk-amd64/jre/lib/amd64/libzip.so
7fa966dbe000-7fa966dbf000 r--p 00007000 08:09 7085419                    /usr/lib/jvm/java-8-openjdk-amd64/jre/lib/amd64/libzip.so
7fa966dbf000-7fa966dc0000 rw-p 00008000 08:09 7085419                    /usr/lib/jvm/java-8-openjdk-amd64/jre/lib/amd64/libzip.so
7fa966dc0000-7fa966dcb000 r-xp 00000000 08:09 24382890                   /lib/x86_64-linux-gnu/libnss_files-2.23.so
7fa966dcb000-7fa966fca000 ---p 0000b000 08:09 24382890                   /lib/x86_64-linux-gnu/libnss_files-2.23.so
7fa966fca000-7fa966fcb000 r--p 0000a000 08:09 24382890                   /lib/x86_64-linux-gnu/libnss_files-2.23.so
7fa966fcb000-7fa966fcc000 rw-p 0000b000 08:09 24382890                   /lib/x86_64-linux-gnu/libnss_files-2.23.so
7fa966fcc000-7fa966fd2000 rw-p 00000000 00:00 0 
7fa966fd2000-7fa966fdd000 r-xp 00000000 08:09 24382881                   /lib/x86_64-linux-gnu/libnss_nis-2.23.so
7fa966fdd000-7fa9671dc000 ---p 0000b000 08:09 24382881                   /lib/x86_64-linux-gnu/libnss_nis-2.23.so
7fa9671dc000-7fa9671dd000 r--p 0000a000 08:09 24382881                   /lib/x86_64-linux-gnu/libnss_nis-2.23.so
7fa9671dd000-7fa9671de000 rw-p 0000b000 08:09 24382881                   /lib/x86_64-linux-gnu/libnss_nis-2.23.so
7fa9671de000-7fa9671f4000 r-xp 00000000 08:09 24382883                   /lib/x86_64-linux-gnu/libnsl-2.23.so
7fa9671f4000-7fa9673f3000 ---p 00016000 08:09 24382883                   /lib/x86_64-linux-gnu/libnsl-2.23.so
7fa9673f3000-7fa9673f4000 r--p 00015000 08:09 24382883                   /lib/x86_64-linux-gnu/libnsl-2.23.so
7fa9673f4000-7fa9673f5000 rw-p 00016000 08:09 24382883                   /lib/x86_64-linux-gnu/libnsl-2.23.so
7fa9673f5000-7fa9673f7000 rw-p 00000000 00:00 0 
7fa9673f7000-7fa9673ff000 r-xp 00000000 08:09 24382892                   /lib/x86_64-linux-gnu/libnss_compat-2.23.so
7fa9673ff000-7fa9675fe000 ---p 00008000 08:09 24382892                   /lib/x86_64-linux-gnu/libnss_compat-2.23.so
7fa9675fe000-7fa9675ff000 r--p 00007000 08:09 24382892                   /lib/x86_64-linux-gnu/libnss_compat-2.23.so
7fa9675ff000-7fa967600000 rw-p 00008000 08:09 24382892                   /lib/x86_64-linux-gnu/libnss_compat-2.23.so
7fa967600000-7fa96762d000 r-xp 00000000 08:09 7085444                    /usr/lib/jvm/java-8-openjdk-amd64/jre/lib/amd64/libjava.so
7fa96762d000-7fa96782c000 ---p 0002d000 08:09 7085444                    /usr/lib/jvm/java-8-openjdk-amd64/jre/lib/amd64/libjava.so
7fa96782c000-7fa96782d000 r--p 0002c000 08:09 7085444                    /usr/lib/jvm/java-8-openjdk-amd64/jre/lib/amd64/libjava.so
7fa96782d000-7fa96782f000 rw-p 0002d000 08:09 7085444                    /usr/lib/jvm/java-8-openjdk-amd64/jre/lib/amd64/libjava.so
7fa96782f000-7fa96783e000 r-xp 00000000 08:09 7085412                    /usr/lib/jvm/java-8-openjdk-amd64/jre/lib/amd64/libverify.so
7fa96783e000-7fa967a3d000 ---p 0000f000 08:09 7085412                    /usr/lib/jvm/java-8-openjdk-amd64/jre/lib/amd64/libverify.so
7fa967a3d000-7fa967a3f000 r--p 0000e000 08:09 7085412                    /usr/lib/jvm/java-8-openjdk-amd64/jre/lib/amd64/libverify.so
7fa967a3f000-7fa967a40000 rw-p 00010000 08:09 7085412                    /usr/lib/jvm/java-8-openjdk-amd64/jre/lib/amd64/libverify.so
7fa967a40000-7fa967a47000 r-xp 00000000 08:09 24382893                   /lib/x86_64-linux-gnu/librt-2.23.so
7fa967a47000-7fa967c46000 ---p 00007000 08:09 24382893                   /lib/x86_64-linux-gnu/librt-2.23.so
7fa967c46000-7fa967c47000 r--p 00006000 08:09 24382893                   /lib/x86_64-linux-gnu/librt-2.23.so
7fa967c47000-7fa967c48000 rw-p 00007000 08:09 24382893                   /lib/x86_64-linux-gnu/librt-2.23.so
7fa967c48000-7fa967c5e000 r-xp 00000000 08:09 24383888                   /lib/x86_64-linux-gnu/libgcc_s.so.1
7fa967c5e000-7fa967e5d000 ---p 00016000 08:09 24383888                   /lib/x86_64-linux-gnu/libgcc_s.so.1
7fa967e5d000-7fa967e5e000 rw-p 00015000 08:09 24383888                   /lib/x86_64-linux-gnu/libgcc_s.so.1
7fa967e5e000-7fa967f66000 r-xp 00000000 08:09 24382882                   /lib/x86_64-linux-gnu/libm-2.23.so
7fa967f66000-7fa968165000 ---p 00108000 08:09 24382882                   /lib/x86_64-linux-gnu/libm-2.23.so
7fa968165000-7fa968166000 r--p 00107000 08:09 24382882                   /lib/x86_64-linux-gnu/libm-2.23.so
7fa968166000-7fa968167000 rw-p 00108000 08:09 24382882                   /lib/x86_64-linux-gnu/libm-2.23.so
7fa968167000-7fa9682d9000 r-xp 00000000 08:09 2888511                    /usr/lib/x86_64-linux-gnu/libstdc++.so.6.0.21
7fa9682d9000-7fa9684d9000 ---p 00172000 08:09 2888511                    /usr/lib/x86_64-linux-gnu/libstdc++.so.6.0.21
7fa9684d9000-7fa9684e3000 r--p 00172000 08:09 2888511                    /usr/lib/x86_64-linux-gnu/libstdc++.so.6.0.21
7fa9684e3000-7fa9684e5000 rw-p 0017c000 08:09 2888511                    /usr/lib/x86_64-linux-gnu/libstdc++.so.6.0.21
7fa9684e5000-7fa9684e9000 rw-p 00000000 00:00 0 
7fa9684e9000-7fa969139000 r-xp 00000000 08:09 7085439                    /usr/lib/jvm/java-8-openjdk-amd64/jre/lib/amd64/server/libjvm.so
7fa969139000-7fa969338000 ---p 00c50000 08:09 7085439                    /usr/lib/jvm/java-8-openjdk-amd64/jre/lib/amd64/server/libjvm.so
7fa969338000-7fa9693cb000 r--p 00c4f000 08:09 7085439                    /usr/lib/jvm/java-8-openjdk-amd64/jre/lib/amd64/server/libjvm.so
7fa9693cb000-7fa9693f4000 rw-p 00ce2000 08:09 7085439                    /usr/lib/jvm/java-8-openjdk-amd64/jre/lib/amd64/server/libjvm.so
7fa9693f4000-7fa969424000 rw-p 00000000 00:00 0 
7fa969424000-7fa96943c000 r-xp 00000000 08:09 24382897                   /lib/x86_64-linux-gnu/libpthread-2.23.so
7fa96943c000-7fa96963b000 ---p 00018000 08:09 24382897                   /lib/x86_64-linux-gnu/libpthread-2.23.so
7fa96963b000-7fa96963c000 r--p 00017000 08:09 24382897                   /lib/x86_64-linux-gnu/libpthread-2.23.so
7fa96963c000-7fa96963d000 rw-p 00018000 08:09 24382897                   /lib/x86_64-linux-gnu/libpthread-2.23.so
7fa96963d000-7fa969641000 rw-p 00000000 00:00 0 
7fa969641000-7fa969644000 r-xp 00000000 08:09 24382880                   /lib/x86_64-linux-gnu/libdl-2.23.so
7fa969644000-7fa969843000 ---p 00003000 08:09 24382880                   /lib/x86_64-linux-gnu/libdl-2.23.so
7fa969843000-7fa969844000 r--p 00002000 08:09 24382880                   /lib/x86_64-linux-gnu/libdl-2.23.so
7fa969844000-7fa969845000 rw-p 00003000 08:09 24382880                   /lib/x86_64-linux-gnu/libdl-2.23.so
7fa969845000-7fa96985e000 r-xp 00000000 08:09 24384041                   /lib/x86_64-linux-gnu/libz.so.1.2.8
7fa96985e000-7fa969a5d000 ---p 00019000 08:09 24384041                   /lib/x86_64-linux-gnu/libz.so.1.2.8
7fa969a5d000-7fa969a5e000 r--p 00018000 08:09 24384041                   /lib/x86_64-linux-gnu/libz.so.1.2.8
7fa969a5e000-7fa969a5f000 rw-p 00019000 08:09 24384041                   /lib/x86_64-linux-gnu/libz.so.1.2.8
7fa969a5f000-7fa969c1e000 r-xp 00000000 08:09 24382884                   /lib/x86_64-linux-gnu/libc-2.23.so
7fa969c1e000-7fa969e1e000 ---p 001bf000 08:09 24382884                   /lib/x86_64-linux-gnu/libc-2.23.so
7fa969e1e000-7fa969e22000 r--p 001bf000 08:09 24382884                   /lib/x86_64-linux-gnu/libc-2.23.so
7fa969e22000-7fa969e24000 rw-p 001c3000 08:09 24382884                   /lib/x86_64-linux-gnu/libc-2.23.so
7fa969e24000-7fa969e28000 rw-p 00000000 00:00 0 
7fa969e28000-7fa969e35000 r-xp 00000000 08:09 7085434                    /usr/lib/jvm/java-8-openjdk-amd64/jre/lib/amd64/jli/libjli.so
7fa969e35000-7fa96a035000 ---p 0000d000 08:09 7085434                    /usr/lib/jvm/java-8-openjdk-amd64/jre/lib/amd64/jli/libjli.so
7fa96a035000-7fa96a036000 r--p 0000d000 08:09 7085434                    /usr/lib/jvm/java-8-openjdk-amd64/jre/lib/amd64/jli/libjli.so
7fa96a036000-7fa96a037000 rw-p 0000e000 08:09 7085434                    /usr/lib/jvm/java-8-openjdk-amd64/jre/lib/amd64/jli/libjli.so
7fa96a037000-7fa96a05d000 r-xp 00000000 08:09 24382885                   /lib/x86_64-linux-gnu/ld-2.23.so
7fa96a05d000-7fa96a05e000 r--s 00004000 08:09 10748172                   /opt/eclipse/plugins/org.eclipse.swt_3.105.0.v20160603-0902.jar
7fa96a05e000-7fa96a060000 r--s 00001000 08:09 7085456                    /usr/lib/jvm/java-8-openjdk-amd64/jre/lib/ext/dnsns.jar
7fa96a060000-7fa96a062000 r--s 00008000 08:09 7085454                    /usr/lib/jvm/java-8-openjdk-amd64/jre/lib/ext/sunec.jar
7fa96a062000-7fa96a12d000 rw-p 00000000 00:00 0 
7fa96a12d000-7fa96a130000 ---p 00000000 00:00 0 
7fa96a130000-7fa96a233000 rw-p 00000000 00:00 0 
7fa96a233000-7fa96a234000 r--s 00010000 08:09 7085459                    /usr/lib/jvm/java-8-openjdk-amd64/jre/lib/ext/zipfs.jar
7fa96a234000-7fa96a235000 r--s 0000a000 08:09 7085463                    /usr/lib/jvm/java-8-openjdk-amd64/jre/lib/ext/jaccess.jar
7fa96a235000-7fa96a250000 r--s 00394000 08:09 7085458                    /usr/lib/jvm/java-8-openjdk-amd64/jre/lib/ext/cldrdata.jar
7fa96a250000-7fa96a258000 rw-s 00000000 08:09 18612324                   /tmp/hsperfdata_hrishi/18098 (deleted)
7fa96a258000-7fa96a259000 rw-p 00000000 00:00 0 
7fa96a259000-7fa96a25a000 ---p 00000000 00:00 0 
7fa96a25a000-7fa96a25c000 rw-p 00000000 00:00 0 
7fa96a25c000-7fa96a25d000 r--p 00025000 08:09 24382885                   /lib/x86_64-linux-gnu/ld-2.23.so
7fa96a25d000-7fa96a25e000 rw-p 00026000 08:09 24382885                   /lib/x86_64-linux-gnu/ld-2.23.so
7fa96a25e000-7fa96a25f000 rw-p 00000000 00:00 0 
7ffe4da6f000-7ffe4da92000 rw-p 00000000 00:00 0                          [stack]
7ffe4db38000-7ffe4db3a000 r--p 00000000 00:00 0                          [vvar]
7ffe4db3a000-7ffe4db3c000 r-xp 00000000 00:00 0                          [vdso]
ffffffffff600000-ffffffffff601000 r-xp 00000000 00:00 0                  [vsyscall]

VM Arguments:
jvm_args: -Dfile.encoding=UTF-8 
java_command: RCPConsole
java_class_path (initial): /opt/eclipse/plugins/org.eclipse.core.runtime_3.12.0.v20160606-1342.jar:/opt/eclipse/plugins/javax.inject_1.0.0.v20091030.jar:/opt/eclipse/plugins/org.eclipse.osgi_3.11.0.v20160603-1336.jar:/opt/eclipse/plugins/org.eclipse.osgi.compatibility.state_1.0.200.v20160504-1419.jar:/opt/eclipse/plugins/org.eclipse.equinox.common_3.8.0.v20160509-1230.jar:/opt/eclipse/plugins/org.eclipse.core.jobs_3.8.0.v20160509-0411.jar:/opt/eclipse/plugins/org.eclipse.equinox.registry_3.6.100.v20160223-2218.jar:/opt/eclipse/plugins/org.eclipse.equinox.preferences_3.6.0.v20160120-1756.jar:/opt/eclipse/plugins/org.eclipse.core.contenttype_3.5.100.v20160418-1621.jar:/opt/eclipse/plugins/org.eclipse.equinox.app_1.3.400.v20150715-1528.jar:/opt/eclipse/plugins/org.eclipse.ui_3.108.0.v20160518-1929.jar:/opt/eclipse/plugins/org.eclipse.swt_3.105.0.v20160603-0902.jar:/opt/eclipse/plugins/org.eclipse.swt.gtk.linux.x86_64_3.105.0.v20160603-0902.jar:/opt/eclipse/plugins/org.eclipse.jface_3.12.0.v20160518-1929.jar:/opt/eclipse/plugins/org.eclipse.core.commands_3.8.0.v20160316-1921.jar:/opt/eclipse/plugins/org.eclipse.ui.workbench_3.108.0.v20160602-1232.jar:/opt/eclipse/plugins/org.eclipse.e4.ui.workbench3_0.13.100.v20160506-0759.jar:/opt/eclipse/plugins/org.eclipse.ui.console_3.6.200.v20160518-1858.jar:/opt/eclipse/plugins/org.eclipse.emf.ecore_2.12.0.v20160420-0247.jar:/opt/eclipse/plugins/org.eclipse.emf.common_2.12.0.v20160420-0247.jar:/opt/eclipse/plugins/org.eclipse.emf.ecore.xmi_2.12.0.v20160420-0247.jar:/home/hrishi/.eclipse/org.eclipse.platform_4.6.0_1473617060_linux_gtk_x86_64/plugins/fr.irisa.cairn.eclipse.tom_2.10.0.201612051604/libs/aircube-bundle.jar:/home/hrishi/.eclipse/org.eclipse.platform_4.6.0_1473617060_linux_gtk_x86_64/plugins/fr.irisa.cairn.graph_1.0.0.201612051604:/home/hrishi/.eclipse/org.eclipse.platform_4.6.0_1473617060_linux_gtk_x86_64/plugins/fr.irisa.cairn.graph_1.0.0.201612051604/lib/jgrapht-ext-0.9.1-uber.jar:/opt/eclipse/plugins/com.google.inj
Launcher Type: SUN_STANDARD

Environment Variables:
PATH=/home/hrishi/torch/install/bin:/usr/local/sbin:/usr/local/bin:/usr/sbin:/usr/bin:/sbin:/bin:/usr/games:/usr/local/games:/snap/bin
LD_LIBRARY_PATH=/home/hrishi/torch/install/lib:
SHELL=/bin/bash
DISPLAY=:0
DYLD_LIBRARY_PATH=/home/hrishi/torch/install/lib:

Signal Handlers:
SIGSEGV: [libjvm.so+0xa66fd0], sa_mask[0]=11111111011111111101111111111110, sa_flags=SA_RESTART|SA_SIGINFO
SIGBUS: [libjvm.so+0xa66fd0], sa_mask[0]=11111111011111111101111111111110, sa_flags=SA_RESTART|SA_SIGINFO
SIGFPE: [libjvm.so+0x8b0180], sa_mask[0]=11111111011111111101111111111110, sa_flags=SA_RESTART|SA_SIGINFO
SIGPIPE: [libjvm.so+0x8b0180], sa_mask[0]=11111111011111111101111111111110, sa_flags=SA_RESTART|SA_SIGINFO
SIGXFSZ: [libjvm.so+0x8b0180], sa_mask[0]=11111111011111111101111111111110, sa_flags=SA_RESTART|SA_SIGINFO
SIGILL: [libjvm.so+0x8b0180], sa_mask[0]=11111111011111111101111111111110, sa_flags=SA_RESTART|SA_SIGINFO
SIGUSR1: SIG_DFL, sa_mask[0]=00000000000000000000000000000000, sa_flags=none
SIGUSR2: [libjvm.so+0x8b0030], sa_mask[0]=00100000000000000000000000000000, sa_flags=SA_RESTART|SA_SIGINFO
SIGHUP: [libjvm.so+0x8b0500], sa_mask[0]=11111111011111111101111111111110, sa_flags=SA_RESTART|SA_SIGINFO
SIGINT: [libjvm.so+0x8b0500], sa_mask[0]=11111111011111111101111111111110, sa_flags=SA_RESTART|SA_SIGINFO
SIGTERM: [libjvm.so+0x8b0500], sa_mask[0]=11111111011111111101111111111110, sa_flags=SA_RESTART|SA_SIGINFO
SIGQUIT: [libjvm.so+0x8b0500], sa_mask[0]=11111111011111111101111111111110, sa_flags=SA_RESTART|SA_SIGINFO


---------------  S Y S T E M  ---------------

OS:DISTRIB_ID=Ubuntu
DISTRIB_RELEASE=16.04
DISTRIB_CODENAME=xenial
DISTRIB_DESCRIPTION="Ubuntu 16.04 LTS"

uname:Linux 4.4.0-72-generic #93-Ubuntu SMP Fri Mar 31 14:07:41 UTC 2017 x86_64
libc:glibc 2.23 NPTL 2.23 
rlimit: STACK 8192k, CORE 0k, NPROC 31118, NOFILE 65536, AS infinity
load average:0.68 0.42 0.41

/proc/meminfo:
MemTotal:        8084688 kB
MemFree:          994128 kB
MemAvailable:    1382260 kB
Buffers:           28836 kB
Cached:           923164 kB
SwapCached:         4456 kB
Active:          5316320 kB
Inactive:        1441596 kB
Active(anon):    5037632 kB
Inactive(anon):  1154656 kB
Active(file):     278688 kB
Inactive(file):   286940 kB
Unevictable:         192 kB
Mlocked:             192 kB
SwapTotal:      12000252 kB
SwapFree:       11852616 kB
Dirty:              2292 kB
Writeback:             0 kB
AnonPages:       5802400 kB
Mapped:           431128 kB
Shmem:            385168 kB
Slab:             144672 kB
SReclaimable:      85820 kB
SUnreclaim:        58852 kB
KernelStack:       16240 kB
PageTables:        79200 kB
NFS_Unstable:          0 kB
Bounce:                0 kB
WritebackTmp:          0 kB
CommitLimit:    16042596 kB
Committed_AS:   15001084 kB
VmallocTotal:   34359738367 kB
VmallocUsed:           0 kB
VmallocChunk:          0 kB
HardwareCorrupted:     0 kB
AnonHugePages:   2002944 kB
CmaTotal:              0 kB
CmaFree:               0 kB
HugePages_Total:       0
HugePages_Free:        0
HugePages_Rsvd:        0
HugePages_Surp:        0
Hugepagesize:       2048 kB
DirectMap4k:      262024 kB
DirectMap2M:     8036352 kB
DirectMap1G:           0 kB


CPU:total 4 (2 cores per cpu, 2 threads per core) family 6 model 61 stepping 4, cmov, cx8, fxsr, mmx, sse, sse2, sse3, ssse3, sse4.1, sse4.2, popcnt, avx, avx2, aes, clmul, erms, 3dnowpref, lzcnt, ht, tsc, tscinvbit, bmi1, bmi2, adx

/proc/cpuinfo:
processor	: 0
vendor_id	: GenuineIntel
cpu family	: 6
model		: 61
model name	: Intel(R) Core(TM) i5-5200U CPU @ 2.20GHz
stepping	: 4
microcode	: 0x12
cpu MHz		: 2693.281
cache size	: 3072 KB
physical id	: 0
siblings	: 4
core id		: 0
cpu cores	: 2
apicid		: 0
initial apicid	: 0
fpu		: yes
fpu_exception	: yes
cpuid level	: 20
wp		: yes
flags		: fpu vme de pse tsc msr pae mce cx8 apic sep mtrr pge mca cmov pat pse36 clflush dts acpi mmx fxsr sse sse2 ss ht tm pbe syscall nx pdpe1gb rdtscp lm constant_tsc arch_perfmon pebs bts rep_good nopl xtopology nonstop_tsc aperfmperf eagerfpu pni pclmulqdq dtes64 monitor ds_cpl vmx est tm2 ssse3 sdbg fma cx16 xtpr pdcm pcid sse4_1 sse4_2 x2apic movbe popcnt tsc_deadline_timer aes xsave avx f16c rdrand lahf_lm abm 3dnowprefetch epb intel_pt tpr_shadow vnmi flexpriority ept vpid fsgsbase tsc_adjust bmi1 avx2 smep bmi2 erms invpcid rdseed adx smap xsaveopt dtherm ida arat pln pts
bugs		:
bogomips	: 4389.32
clflush size	: 64
cache_alignment	: 64
address sizes	: 39 bits physical, 48 bits virtual
power management:

processor	: 1
vendor_id	: GenuineIntel
cpu family	: 6
model		: 61
model name	: Intel(R) Core(TM) i5-5200U CPU @ 2.20GHz
stepping	: 4
microcode	: 0x12
cpu MHz		: 2500.609
cache size	: 3072 KB
physical id	: 0
siblings	: 4
core id		: 1
cpu cores	: 2
apicid		: 2
initial apicid	: 2
fpu		: yes
fpu_exception	: yes
cpuid level	: 20
wp		: yes
flags		: fpu vme de pse tsc msr pae mce cx8 apic sep mtrr pge mca cmov pat pse36 clflush dts acpi mmx fxsr sse sse2 ss ht tm pbe syscall nx pdpe1gb rdtscp lm constant_tsc arch_perfmon pebs bts rep_good nopl xtopology nonstop_tsc aperfmperf eagerfpu pni pclmulqdq dtes64 monitor ds_cpl vmx est tm2 ssse3 sdbg fma cx16 xtpr pdcm pcid sse4_1 sse4_2 x2apic movbe popcnt tsc_deadline_timer aes xsave avx f16c rdrand lahf_lm abm 3dnowprefetch epb intel_pt tpr_shadow vnmi flexpriority ept vpid fsgsbase tsc_adjust bmi1 avx2 smep bmi2 erms invpcid rdseed adx smap xsaveopt dtherm ida arat pln pts
bugs		:
bogomips	: 4389.32
clflush size	: 64
cache_alignment	: 64
address sizes	: 39 bits physical, 48 bits virtual
power management:

processor	: 2
vendor_id	: GenuineIntel
cpu family	: 6
model		: 61
model name	: Intel(R) Core(TM) i5-5200U CPU @ 2.20GHz
stepping	: 4
microcode	: 0x12
cpu MHz		: 2675.406
cache size	: 3072 KB
physical id	: 0
siblings	: 4
core id		: 0
cpu cores	: 2
apicid		: 1
initial apicid	: 1
fpu		: yes
fpu_exception	: yes
cpuid level	: 20
wp		: yes
flags		: fpu vme de pse tsc msr pae mce cx8 apic sep mtrr pge mca cmov pat pse36 clflush dts acpi mmx fxsr sse sse2 ss ht tm pbe syscall nx pdpe1gb rdtscp lm constant_tsc arch_perfmon pebs bts rep_good nopl xtopology nonstop_tsc aperfmperf eagerfpu pni pclmulqdq dtes64 monitor ds_cpl vmx est tm2 ssse3 sdbg fma cx16 xtpr pdcm pcid sse4_1 sse4_2 x2apic movbe popcnt tsc_deadline_timer aes xsave avx f16c rdrand lahf_lm abm 3dnowprefetch epb intel_pt tpr_shadow vnmi flexpriority ept vpid fsgsbase tsc_adjust bmi1 avx2 smep bmi2 erms invpcid rdseed adx smap xsaveopt dtherm ida arat pln pts
bugs		:
bogomips	: 4389.32
clflush size	: 64
cache_alignment	: 64
address sizes	: 39 bits physical, 48 bits virtual
power management:

processor	: 3
vendor_id	: GenuineIntel
cpu family	: 6
model		: 61
model name	: Intel(R) Core(TM) i5-5200U CPU @ 2.20GHz
stepping	: 4
microcode	: 0x12
cpu MHz		: 2499.921
cache size	: 3072 KB
physical id	: 0
siblings	: 4
core id		: 1
cpu cores	: 2
apicid		: 3
initial apicid	: 3
fpu		: yes
fpu_exception	: yes
cpuid level	: 20
wp		: yes
flags		: fpu vme de pse tsc msr pae mce cx8 apic sep mtrr pge mca cmov pat pse36 clflush dts acpi mmx fxsr sse sse2 ss ht tm pbe syscall nx pdpe1gb rdtscp lm constant_tsc arch_perfmon pebs bts rep_good nopl xtopology nonstop_tsc aperfmperf eagerfpu pni pclmulqdq dtes64 monitor ds_cpl vmx est tm2 ssse3 sdbg fma cx16 xtpr pdcm pcid sse4_1 sse4_2 x2apic movbe popcnt tsc_deadline_timer aes xsave avx f16c rdrand lahf_lm abm 3dnowprefetch epb intel_pt tpr_shadow vnmi flexpriority ept vpid fsgsbase tsc_adjust bmi1 avx2 smep bmi2 erms invpcid rdseed adx smap xsaveopt dtherm ida arat pln pts
bugs		:
bogomips	: 4389.32
clflush size	: 64
cache_alignment	: 64
address sizes	: 39 bits physical, 48 bits virtual
power management:



Memory: 4k page, physical 8084688k(994128k free), swap 12000252k(11852616k free)

vm_info: OpenJDK 64-Bit Server VM (25.121-b13) for linux-amd64 JRE (1.8.0_121-8u121-b13-0ubuntu1.16.04.2-b13), built on Jan 23 2017 15:51:29 by "buildd" with gcc 5.4.0 20160609

time: Mon Apr 10 02:18:46 2017
elapsed time: 3970 seconds (0d 1h 6m 10s)

