#
# A fatal error has been detected by the Java Runtime Environment:
#
#  SIGSEGV (0xb) at pc=0x0000000000046b20, pid=7885, tid=0x00007fc81c7b2700
#
# JRE version: OpenJDK Runtime Environment (8.0_121-b13) (build 1.8.0_121-8u121-b13-0ubuntu1.16.04.2-b13)
# Java VM: OpenJDK 64-Bit Server VM (25.121-b13 mixed mode linux-amd64 compressed oops)
# Problematic frame:
# C  0x0000000000046b20
#
# Failed to write core dump. Core dumps have been disabled. To enable core dumping, try "ulimit -c unlimited" before starting Java again
#
# If you would like to submit a bug report, please visit:
#   http://bugreport.java.com/bugreport/crash.jsp
#

---------------  T H R E A D  ---------------

Current thread is native thread

siginfo: si_signo: 11 (SIGSEGV), si_code: 1 (SEGV_MAPERR), si_addr: 0x0000000000046b20

Registers:
RAX=0x00007fc7edd08248, RBX=0x00007fc814458230, RCX=0x0000000000000000, RDX=0x0000000000000000
RSP=0x00007ffeb8619b48, RBP=0x00007ffeb8619ca0, RSI=0x0000000000000000, RDI=0x00007fc81bfe1140
R8 =0x0000000000000000, R9 =0x00007fc81c3a8808, R10=0x00007fc81bfe10c0, R11=0x00007fc81c01c2d0
R12=0x00007fc7edd081a8, R13=0x0000000000000000, R14=0x00007ffeb8619b50, R15=0x0000000000000012
RIP=0x0000000000046b20, EFLAGS=0x0000000000010202, CSGSFS=0x0000000000000033, ERR=0x0000000000000014
  TRAPNO=0x000000000000000e

Top of Stack: (sp=0x00007ffeb8619b48)
0x00007ffeb8619b48:   00007fc81c5cac17 00007fc81c7e1168
0x00007ffeb8619b58:   00007fc81c7e1700 00007fc81c7de7a8
0x00007ffeb8619b68:   00007fc8140009a0 00007fc81400b570
0x00007ffeb8619b78:   00007fc81400cbf0 00007fc81400ba20
0x00007ffeb8619b88:   00007fc81400d0a0 00007fc814019ae0
0x00007ffeb8619b98:   00007fc814001bd0 00007fc8140014a0
0x00007ffeb8619ba8:   0000000002165150 0000000002165680
0x00007ffeb8619bb8:   00000000021664c0 0000000002165ba0
0x00007ffeb8619bc8:   00007fc81c7b4000 00007fc81c7b5b00
0x00007ffeb8619bd8:   00007fc81c7b5618 00007fc814458230
0x00007ffeb8619be8:   00007fc814458720 00007fc814458bd0
0x00007ffeb8619bf8:   00007fc81c7b5000 00007fc81c7e09d8
0x00007ffeb8619c08:   00007fc81c5ca964 00007ffeb8619b50
0x00007ffeb8619c18:   0000000000000006 00007ffeb8619b80
0x00007ffeb8619c28:   0000000000000001 0000000000000006
0x00007ffeb8619c38:   00007ffeb8619c10 000000171c3a6c40
0x00007ffeb8619c48:   00007ffeb8619b50 0000001700000000
0x00007ffeb8619c58:   00007fc81c7e0048 00007ffeb8619b20
0x00007ffeb8619c68:   0000000000000000 0000000000000001
0x00007ffeb8619c78:   0000000000000001 0000000000000001
0x00007ffeb8619c88:   00007fc81c3a6c40 0000000000000000
0x00007ffeb8619c98:   0000000000000000 00007fc81c3a55f8
0x00007ffeb8619ca8:   00007fc81c01bff8 00000000004007bc
0x00007ffeb8619cb8:   0000000000000000 0000000000400730
0x00007ffeb8619cc8:   0000000000400630 00007ffeb8619dc0
0x00007ffeb8619cd8:   00007fc81c01c045 0000000000400730
0x00007ffeb8619ce8:   00007fc81c002837 0000000000000000
0x00007ffeb8619cf8:   00007ffeb8619dc8 000000051c7dfca0
0x00007ffeb8619d08:   00000000004005e0 0000000000000000
0x00007ffeb8619d18:   a50a976cf02ab41b 0000000000400630
0x00007ffeb8619d28:   00007ffeb8619dc0 0000000000000000
0x00007ffeb8619d38:   0000000000000000 5af7e72fc7aab41b 

Instructions: (pc=0x0000000000046b20)
0x0000000000046b00:   
[error occurred during error reporting (printing registers, top of stack, instructions near pc), id 0xb]

Register to memory mapping:

RAX=
[error occurred during error reporting (printing register info), id 0xb]

Stack: [0x00007ffeb851e000,0x00007ffeb861e000],  sp=0x00007ffeb8619b48,  free space=1006k
Native frames: (J=compiled Java code, j=interpreted, Vv=VM code, C=native code)
C  0x0000000000046b20


---------------  P R O C E S S  ---------------

VM state:at safepoint (shutting down)

VM Mutex/Monitor currently owned by a thread:  ([mutex/lock_event])
[0x00007fc814009dd0] Threads_lock - owner thread: 0x00007fc81407b000

Heap:
 PSYoungGen      total 68608K, used 42487K [0x00000000d6e00000, 0x00000000db600000, 0x0000000100000000)
  eden space 63488K, 58% used [0x00000000d6e00000,0x00000000d9281d80,0x00000000dac00000)
  from space 5120K, 99% used [0x00000000db100000,0x00000000db5fc010,0x00000000db600000)
  to   space 5120K, 0% used [0x00000000dac00000,0x00000000dac00000,0x00000000db100000)
 ParOldGen       total 84992K, used 10901K [0x0000000084a00000, 0x0000000089d00000, 0x00000000d6e00000)
  object space 84992K, 12% used [0x0000000084a00000,0x00000000854a5758,0x0000000089d00000)
 Metaspace       used 19056K, capacity 19174K, committed 19456K, reserved 1067008K
  class space    used 2473K, capacity 2525K, committed 2560K, reserved 1048576K

Card table byte_map: [0x00007fc81899e000,0x00007fc818d7a000] byte_map_base: 0x00007fc818579000

Marking Bits: (ParMarkBitMap*) 0x00007fc81b98a220
 Begin Bits: [0x00007fc7f4250000, 0x00007fc7f6128000)
 End Bits:   [0x00007fc7f6128000, 0x00007fc7f8000000)

Polling page: 0x00007fc81c7dc000

CodeCache: size=245760Kb used=7136Kb max_used=7136Kb free=238623Kb
 bounds [0x00007fc805000000, 0x00007fc805700000, 0x00007fc814000000]
 total_blobs=2577 nmethods=2193 adapters=296
 compilation: enabled

Compilation events (10 events):
Event: 5.422 Thread 0x00007fc8140b5000 2190       3       org.polymodel.algebra.affine.impl.AffineExpressionImpl::<init> (5 bytes)
Event: 5.423 Thread 0x00007fc8140b5000 nmethod 2190 0x00007fc8056fca50 code [0x00007fc8056fcbe0, 0x00007fc8056fcf10]
Event: 5.423 Thread 0x00007fc8140b5000 2189       3       org.polymodel.algebra.affine.impl.AffineFactoryImpl::createAffineExpression (10 bytes)
Event: 5.423 Thread 0x00007fc8140b5000 nmethod 2189 0x00007fc8056fc290 code [0x00007fc8056fc420, 0x00007fc8056fc810]
Event: 5.423 Thread 0x00007fc8140b5000 2191       3       org.polymodel.algebra.factory.IntExpressionBuilder::term (6 bytes)
Event: 5.424 Thread 0x00007fc8140b5000 nmethod 2191 0x00007fc8056fb6d0 code [0x00007fc8056fb8a0, 0x00007fc8056fbe58]
Event: 5.424 Thread 0x00007fc8140b5000 2192       3       fr.irisa.cairn.jnimap.isl.jni.JNIISLMatrix::getNbRows (22 bytes)
Event: 5.424 Thread 0x00007fc8140b5000 nmethod 2192 0x00007fc8056fa450 code [0x00007fc8056fa660, 0x00007fc8056faef8]
Event: 5.424 Thread 0x00007fc8140b5000 2194       3       org.polymodel.algebra.factory.IntExpressionBuilder::affine (59 bytes)
Event: 5.426 Thread 0x00007fc8140b5000 nmethod 2194 0x00007fc8056fd0d0 code [0x00007fc8056fd3a0, 0x00007fc8056fe758]

GC Heap History (8 events):
Event: 3.576 GC heap before
{Heap before GC invocations=1 (full 0):
 PSYoungGen      total 36864K, used 31744K [0x00000000d6e00000, 0x00000000d9700000, 0x0000000100000000)
  eden space 31744K, 100% used [0x00000000d6e00000,0x00000000d8d00000,0x00000000d8d00000)
  from space 5120K, 0% used [0x00000000d9200000,0x00000000d9200000,0x00000000d9700000)
  to   space 5120K, 0% used [0x00000000d8d00000,0x00000000d8d00000,0x00000000d9200000)
 ParOldGen       total 84992K, used 0K [0x0000000084a00000, 0x0000000089d00000, 0x00000000d6e00000)
  object space 84992K, 0% used [0x0000000084a00000,0x0000000084a00000,0x0000000089d00000)
 Metaspace       used 7294K, capacity 7338K, committed 7552K, reserved 1056768K
  class space    used 841K, capacity 851K, committed 896K, reserved 1048576K
Event: 3.583 GC heap after
Heap after GC invocations=1 (full 0):
 PSYoungGen      total 36864K, used 5099K [0x00000000d6e00000, 0x00000000d9700000, 0x0000000100000000)
  eden space 31744K, 0% used [0x00000000d6e00000,0x00000000d6e00000,0x00000000d8d00000)
  from space 5120K, 99% used [0x00000000d8d00000,0x00000000d91fad38,0x00000000d9200000)
  to   space 5120K, 0% used [0x00000000d9200000,0x00000000d9200000,0x00000000d9700000)
 ParOldGen       total 84992K, used 973K [0x0000000084a00000, 0x0000000089d00000, 0x00000000d6e00000)
  object space 84992K, 1% used [0x0000000084a00000,0x0000000084af34e0,0x0000000089d00000)
 Metaspace       used 7294K, capacity 7338K, committed 7552K, reserved 1056768K
  class space    used 841K, capacity 851K, committed 896K, reserved 1048576K
}
Event: 4.061 GC heap before
{Heap before GC invocations=2 (full 0):
 PSYoungGen      total 36864K, used 36843K [0x00000000d6e00000, 0x00000000d9700000, 0x0000000100000000)
  eden space 31744K, 100% used [0x00000000d6e00000,0x00000000d8d00000,0x00000000d8d00000)
  from space 5120K, 99% used [0x00000000d8d00000,0x00000000d91fad38,0x00000000d9200000)
  to   space 5120K, 0% used [0x00000000d9200000,0x00000000d9200000,0x00000000d9700000)
 ParOldGen       total 84992K, used 973K [0x0000000084a00000, 0x0000000089d00000, 0x00000000d6e00000)
  object space 84992K, 1% used [0x0000000084a00000,0x0000000084af34e0,0x0000000089d00000)
 Metaspace       used 10443K, capacity 10512K, committed 10624K, reserved 1058816K
  class space    used 1302K, capacity 1332K, committed 1408K, reserved 1048576K
Event: 4.070 GC heap after
Heap after GC invocations=2 (full 0):
 PSYoungGen      total 36864K, used 5104K [0x00000000d6e00000, 0x00000000d9700000, 0x0000000100000000)
  eden space 31744K, 0% used [0x00000000d6e00000,0x00000000d6e00000,0x00000000d8d00000)
  from space 5120K, 99% used [0x00000000d9200000,0x00000000d96fc010,0x00000000d9700000)
  to   space 5120K, 0% used [0x00000000d8d00000,0x00000000d8d00000,0x00000000d9200000)
 ParOldGen       total 84992K, used 4398K [0x0000000084a00000, 0x0000000089d00000, 0x00000000d6e00000)
  object space 84992K, 5% used [0x0000000084a00000,0x0000000084e4bbc8,0x0000000089d00000)
 Metaspace       used 10443K, capacity 10512K, committed 10624K, reserved 1058816K
  class space    used 1302K, capacity 1332K, committed 1408K, reserved 1048576K
}
Event: 4.417 GC heap before
{Heap before GC invocations=3 (full 0):
 PSYoungGen      total 36864K, used 36848K [0x00000000d6e00000, 0x00000000d9700000, 0x0000000100000000)
  eden space 31744K, 100% used [0x00000000d6e00000,0x00000000d8d00000,0x00000000d8d00000)
  from space 5120K, 99% used [0x00000000d9200000,0x00000000d96fc010,0x00000000d9700000)
  to   space 5120K, 0% used [0x00000000d8d00000,0x00000000d8d00000,0x00000000d9200000)
 ParOldGen       total 84992K, used 4398K [0x0000000084a00000, 0x0000000089d00000, 0x00000000d6e00000)
  object space 84992K, 5% used [0x0000000084a00000,0x0000000084e4bbc8,0x0000000089d00000)
 Metaspace       used 12459K, capacity 12590K, committed 12928K, reserved 1060864K
  class space    used 1596K, capacity 1657K, committed 1664K, reserved 1048576K
Event: 4.424 GC heap after
Heap after GC invocations=3 (full 0):
 PSYoungGen      total 36864K, used 5088K [0x00000000d6e00000, 0x00000000db600000, 0x0000000100000000)
  eden space 31744K, 0% used [0x00000000d6e00000,0x00000000d6e00000,0x00000000d8d00000)
  from space 5120K, 99% used [0x00000000d8d00000,0x00000000d91f8020,0x00000000d9200000)
  to   space 5120K, 0% used [0x00000000db100000,0x00000000db100000,0x00000000db600000)
 ParOldGen       total 84992K, used 7587K [0x0000000084a00000, 0x0000000089d00000, 0x00000000d6e00000)
  object space 84992K, 8% used [0x0000000084a00000,0x0000000085168e60,0x0000000089d00000)
 Metaspace       used 12459K, capacity 12590K, committed 12928K, reserved 1060864K
  class space    used 1596K, capacity 1657K, committed 1664K, reserved 1048576K
}
Event: 4.761 GC heap before
{Heap before GC invocations=4 (full 0):
 PSYoungGen      total 36864K, used 36832K [0x00000000d6e00000, 0x00000000db600000, 0x0000000100000000)
  eden space 31744K, 100% used [0x00000000d6e00000,0x00000000d8d00000,0x00000000d8d00000)
  from space 5120K, 99% used [0x00000000d8d00000,0x00000000d91f8020,0x00000000d9200000)
  to   space 5120K, 0% used [0x00000000db100000,0x00000000db100000,0x00000000db600000)
 ParOldGen       total 84992K, used 7587K [0x0000000084a00000, 0x0000000089d00000, 0x00000000d6e00000)
  object space 84992K, 8% used [0x0000000084a00000,0x0000000085168e60,0x0000000089d00000)
 Metaspace       used 15222K, capacity 15354K, committed 15616K, reserved 1062912K
  class space    used 2003K, capacity 2043K, committed 2048K, reserved 1048576K
Event: 4.870 GC heap after
Heap after GC invocations=4 (full 0):
 PSYoungGen      total 68608K, used 5104K [0x00000000d6e00000, 0x00000000db600000, 0x0000000100000000)
  eden space 63488K, 0% used [0x00000000d6e00000,0x00000000d6e00000,0x00000000dac00000)
  from space 5120K, 99% used [0x00000000db100000,0x00000000db5fc010,0x00000000db600000)
  to   space 5120K, 0% used [0x00000000dac00000,0x00000000dac00000,0x00000000db100000)
 ParOldGen       total 84992K, used 10901K [0x0000000084a00000, 0x0000000089d00000, 0x00000000d6e00000)
  object space 84992K, 12% used [0x0000000084a00000,0x00000000854a5758,0x0000000089d00000)
 Metaspace       used 15222K, capacity 15354K, committed 15616K, reserved 1062912K
  class space    used 2003K, capacity 2043K, committed 2048K, reserved 1048576K
}

Deoptimization events (10 events):
Event: 5.212 Thread 0x00007fc81400d800 Uncommon trap: reason=array_check action=maybe_recompile pc=0x00007fc8055f68bc method=org.eclipse.emf.common.util.BasicEList.assign(ILjava/lang/Object;)Ljava/lang/Object; @ 6
Event: 5.212 Thread 0x00007fc81400d800 Uncommon trap: reason=array_check action=maybe_recompile pc=0x00007fc8055f68bc method=org.eclipse.emf.common.util.BasicEList.assign(ILjava/lang/Object;)Ljava/lang/Object; @ 6
Event: 5.212 Thread 0x00007fc81400d800 Uncommon trap: reason=array_check action=maybe_recompile pc=0x00007fc8055f68bc method=org.eclipse.emf.common.util.BasicEList.assign(ILjava/lang/Object;)Ljava/lang/Object; @ 6
Event: 5.236 Thread 0x00007fc81400d800 Uncommon trap: reason=unstable_if action=reinterpret pc=0x00007fc805577490 method=java.util.HashMap.hash(Ljava/lang/Object;)I @ 1
Event: 5.236 Thread 0x00007fc81400d800 Uncommon trap: reason=unstable_if action=reinterpret pc=0x00007fc8054a0090 method=java.util.HashMap.hash(Ljava/lang/Object;)I @ 1
Event: 5.238 Thread 0x00007fc81400d800 Uncommon trap: reason=unstable_if action=reinterpret pc=0x00007fc8053bf654 method=java.util.HashMap.hash(Ljava/lang/Object;)I @ 1
Event: 5.240 Thread 0x00007fc81400d800 Uncommon trap: reason=unstable_if action=reinterpret pc=0x00007fc80519bce8 method=java.util.HashMap.hash(Ljava/lang/Object;)I @ 1
Event: 5.322 Thread 0x00007fc81400d800 Uncommon trap: reason=bimorphic action=maybe_recompile pc=0x00007fc805547410 method=org.eclipse.emf.ecore.util.EContentsEList$FeatureIteratorImpl.hasNext()Z @ 279
Event: 5.322 Thread 0x00007fc81400d800 Uncommon trap: reason=bimorphic action=maybe_recompile pc=0x00007fc805547410 method=org.eclipse.emf.ecore.util.EContentsEList$FeatureIteratorImpl.hasNext()Z @ 279
Event: 32074.981 Thread 0x00007fc81400d800 Uncommon trap: reason=null_check action=make_not_entrant pc=0x00007fc80569c82c method=java.lang.StringCoding.deref(Ljava/lang/ThreadLocal;)Ljava/lang/Object; @ 4

Internal exceptions (10 events):
Event: 32014.018 Thread 0x00007fc81400d800 Exception <a 'java/io/IOException'> (0x00000000d910b948) thrown at [/build/openjdk-8-YiEakL/openjdk-8-8u121-b13/src/hotspot/src/share/vm/prims/jni.cpp, line 709]
Event: 32014.018 Thread 0x00007fc81400d800 Exception <a 'java/io/IOException'> (0x00000000d910bbe0) thrown at [/build/openjdk-8-YiEakL/openjdk-8-8u121-b13/src/hotspot/src/share/vm/prims/jni.cpp, line 709]
Event: 32014.371 Thread 0x00007fc81400d800 Exception <a 'java/io/IOException'> (0x00000000d910be48) thrown at [/build/openjdk-8-YiEakL/openjdk-8-8u121-b13/src/hotspot/src/share/vm/prims/jni.cpp, line 709]
Event: 32024.666 Thread 0x00007fc81400d800 Exception <a 'java/io/IOException'> (0x00000000d910c638) thrown at [/build/openjdk-8-YiEakL/openjdk-8-8u121-b13/src/hotspot/src/share/vm/prims/jni.cpp, line 709]
Event: 32024.666 Thread 0x00007fc81400d800 Exception <a 'java/io/IOException'> (0x00000000d910c8d0) thrown at [/build/openjdk-8-YiEakL/openjdk-8-8u121-b13/src/hotspot/src/share/vm/prims/jni.cpp, line 709]
Event: 32024.666 Thread 0x00007fc81400d800 Exception <a 'java/io/IOException'> (0x00000000d910cb38) thrown at [/build/openjdk-8-YiEakL/openjdk-8-8u121-b13/src/hotspot/src/share/vm/prims/jni.cpp, line 709]
Event: 32024.708 Thread 0x00007fc81400d800 Exception <a 'java/io/IOException'> (0x00000000d910d0f0) thrown at [/build/openjdk-8-YiEakL/openjdk-8-8u121-b13/src/hotspot/src/share/vm/prims/jni.cpp, line 709]
Event: 32024.708 Thread 0x00007fc81400d800 Exception <a 'java/io/IOException'> (0x00000000d910d388) thrown at [/build/openjdk-8-YiEakL/openjdk-8-8u121-b13/src/hotspot/src/share/vm/prims/jni.cpp, line 709]
Event: 32024.708 Thread 0x00007fc81400d800 Exception <a 'java/io/IOException'> (0x00000000d910d5f0) thrown at [/build/openjdk-8-YiEakL/openjdk-8-8u121-b13/src/hotspot/src/share/vm/prims/jni.cpp, line 709]
Event: 32074.797 Thread 0x00007fc81400d800 Implicit null exception at 0x00007fc80569c20d to 0x00007fc80569c815

Events (10 events):
Event: 32031.327 Thread 0x00007fc81400d800 Thread exited: 0x00007fc81400d800
Event: 32032.418 Thread 0x00007fc81400d800 Thread added: 0x00007fc81400d800
Event: 32035.189 loading class java/util/IdentityHashMap$KeyIterator
Event: 32037.947 loading class java/util/IdentityHashMap$KeyIterator done
Event: 32038.909 Thread 0x00007fc81447a000 Thread added: 0x00007fc81447a000
Event: 32056.755 Thread 0x00007fc81447a000 Thread exited: 0x00007fc81447a000
Event: 32074.914 Thread 0x00007fc81400d800 Uncommon trap: trap_request=0xfffffff4 fr.pc=0x00007fc80569c82c
Event: 32075.413 Thread 0x00007fc81400d800 DEOPT PACKING pc=0x00007fc80569c82c sp=0x00007fc81c7af1c0
Event: 32075.413 Thread 0x00007fc81400d800 DEOPT UNPACKING pc=0x00007fc805004f69 sp=0x00007fc81c7af0c0 mode 2
Event: 32079.106 Thread 0x00007fc81400d800 Thread exited: 0x00007fc81400d800


Dynamic libraries:
00400000-00401000 r-xp 00000000 08:09 7087821                            /usr/lib/jvm/java-8-openjdk-amd64/jre/bin/java
00600000-00601000 r--p 00000000 08:09 7087821                            /usr/lib/jvm/java-8-openjdk-amd64/jre/bin/java
00601000-00602000 rw-p 00001000 08:09 7087821                            /usr/lib/jvm/java-8-openjdk-amd64/jre/bin/java
02165000-02186000 rw-p 00000000 00:00 0                                  [heap]
84a00000-89d00000 rw-p 00000000 00:00 0 
89d00000-d6e00000 ---p 00000000 00:00 0 
d6e00000-db600000 rw-p 00000000 00:00 0 
db600000-100000000 ---p 00000000 00:00 0 
100000000-100280000 rw-p 00000000 00:00 0 
100280000-140000000 ---p 00000000 00:00 0 
7fc7b8000000-7fc7b8021000 rw-p 00000000 00:00 0 
7fc7b8021000-7fc7bc000000 ---p 00000000 00:00 0 
7fc7c0000000-7fc7c0021000 rw-p 00000000 00:00 0 
7fc7c0021000-7fc7c4000000 ---p 00000000 00:00 0 
7fc7c4000000-7fc7c4021000 rw-p 00000000 00:00 0 
7fc7c4021000-7fc7c8000000 ---p 00000000 00:00 0 
7fc7c8000000-7fc7c8021000 rw-p 00000000 00:00 0 
7fc7c8021000-7fc7cc000000 ---p 00000000 00:00 0 
7fc7cc000000-7fc7cc021000 rw-p 00000000 00:00 0 
7fc7cc021000-7fc7d0000000 ---p 00000000 00:00 0 
7fc7d0000000-7fc7d0624000 rw-p 00000000 00:00 0 
7fc7d0624000-7fc7d4000000 ---p 00000000 00:00 0 
7fc7d4000000-7fc7d469f000 rw-p 00000000 00:00 0 
7fc7d469f000-7fc7d8000000 ---p 00000000 00:00 0 
7fc7d8000000-7fc7d8021000 rw-p 00000000 00:00 0 
7fc7d8021000-7fc7dc000000 ---p 00000000 00:00 0 
7fc7dc000000-7fc7dcd03000 rw-p 00000000 00:00 0 
7fc7dcd03000-7fc7e0000000 ---p 00000000 00:00 0 
7fc7e0000000-7fc7e0021000 rw-p 00000000 00:00 0 
7fc7e0021000-7fc7e4000000 ---p 00000000 00:00 0 
7fc7e4000000-7fc7e4021000 rw-p 00000000 00:00 0 
7fc7e4021000-7fc7e8000000 ---p 00000000 00:00 0 
7fc7e8000000-7fc7e8021000 rw-p 00000000 00:00 0 
7fc7e8021000-7fc7ec000000 ---p 00000000 00:00 0 
7fc7ed19f000-7fc7ed1a2000 ---p 00000000 00:00 0 
7fc7ed1a2000-7fc7ed320000 rw-p 00000000 00:00 0 
7fc7ed320000-7fc7ed4a0000 ---p 00000000 00:00 0 
7fc7ed4a0000-7fc7ed515000 r-xp 00000000 08:09 26877587                   /home/hrishi/workspace/Console/.jnimap.temp.linux_64/libgmp.so.10 (deleted)
7fc7ed515000-7fc7ed714000 ---p 00075000 08:09 26877587                   /home/hrishi/workspace/Console/.jnimap.temp.linux_64/libgmp.so.10 (deleted)
7fc7ed714000-7fc7ed716000 rw-p 00074000 08:09 26877587                   /home/hrishi/workspace/Console/.jnimap.temp.linux_64/libgmp.so.10 (deleted)
7fc7ed716000-7fc7ed87e000 r-xp 00000000 08:09 26877586                   /home/hrishi/workspace/Console/.jnimap.temp.linux_64/libisl.so.13 (deleted)
7fc7ed87e000-7fc7eda7d000 ---p 00168000 08:09 26877586                   /home/hrishi/workspace/Console/.jnimap.temp.linux_64/libisl.so.13 (deleted)
7fc7eda7d000-7fc7eda84000 rw-p 00167000 08:09 26877586                   /home/hrishi/workspace/Console/.jnimap.temp.linux_64/libisl.so.13 (deleted)
7fc7eda84000-7fc7edb09000 r-xp 00000000 08:09 26877589                   /home/hrishi/workspace/Console/.jnimap.temp.linux_64/linux_64_libjniisl.so (deleted)
7fc7edb09000-7fc7edd08000 ---p 00085000 08:09 26877589                   /home/hrishi/workspace/Console/.jnimap.temp.linux_64/linux_64_libjniisl.so (deleted)
7fc7edd08000-7fc7edd0b000 rw-p 00084000 08:09 26877589                   /home/hrishi/workspace/Console/.jnimap.temp.linux_64/linux_64_libjniisl.so (deleted)
7fc7edd0b000-7fc7edf0b000 rw-p 00000000 00:00 0 
7fc7edf0b000-7fc7ee10b000 rw-p 00000000 00:00 0 
7fc7ee10b000-7fc7ee30b000 rw-p 00000000 00:00 0 
7fc7ee30b000-7fc7ee30e000 ---p 00000000 00:00 0 
7fc7ee30e000-7fc7ee60c000 rw-p 00000000 00:00 0 
7fc7ee60c000-7fc7ee60f000 ---p 00000000 00:00 0 
7fc7ee60f000-7fc7ee70d000 rw-p 00000000 00:00 0 
7fc7ee7d8000-7fc7ee7db000 r--s 00015000 08:09 7085469                    /usr/lib/jvm/java-8-openjdk-amd64/jre/lib/jce.jar
7fc7ee7db000-7fc7ee7df000 r--s 0009a000 08:09 7085467                    /usr/lib/jvm/java-8-openjdk-amd64/jre/lib/jsse.jar
7fc7ee7df000-7fc7ee7e2000 r--s 00014000 08:09 26516293                   /home/hrishi/.eclipse/org.eclipse.platform_4.6.0_1473617060_linux_gtk_x86_64/plugins/fr.irisa.r2d2.parser.runtime_1.0.0.201612051604.jar
7fc7ee7e2000-7fc7ee7ea000 r--s 0003c000 08:09 26516292                   /home/hrishi/.eclipse/org.eclipse.platform_4.6.0_1473617060_linux_gtk_x86_64/plugins/fr.irisa.r2d2.gecos.framework_1.0.0.201612051604.jar
7fc7ee7ea000-7fc7ee7f4000 r--s 0006c000 08:09 26516357                   /home/hrishi/.eclipse/org.eclipse.platform_4.6.0_1473617060_linux_gtk_x86_64/plugins/org.eclipse.xtext.common.types_2.10.0.v201605250459.jar
7fc7ee7f4000-7fc7ee824000 r--s 0044d000 08:09 26516369                   /home/hrishi/.eclipse/org.eclipse.platform_4.6.0_1473617060_linux_gtk_x86_64/plugins/org.eclipse.xtext.xbase_2.10.0.v201605250459.jar
7fc7ee824000-7fc7ee827000 r--s 0000f000 08:09 26516352                   /home/hrishi/.eclipse/org.eclipse.platform_4.6.0_1473617060_linux_gtk_x86_64/plugins/org.eclipse.xtend.lib.macro_2.10.0.v201605250459.jar
7fc7ee827000-7fc7ee82b000 r--s 00035000 08:09 26516351                   /home/hrishi/.eclipse/org.eclipse.platform_4.6.0_1473617060_linux_gtk_x86_64/plugins/org.eclipse.xtend.lib_2.10.0.v201605250459.jar
7fc7ee82b000-7fc7ee82c000 r--s 00001000 08:09 26516354                   /home/hrishi/.eclipse/org.eclipse.platform_4.6.0_1473617060_linux_gtk_x86_64/plugins/org.eclipse.xtend2.lib_2.10.0.v201605250459.jar
7fc7ee82c000-7fc7ee832000 r--s 0003f000 08:09 26516368                   /home/hrishi/.eclipse/org.eclipse.platform_4.6.0_1473617060_linux_gtk_x86_64/plugins/org.eclipse.xtext.util_2.10.0.v201605250459.jar
7fc7ee832000-7fc7ee863000 r--s 0024b000 08:09 26516355                   /home/hrishi/.eclipse/org.eclipse.platform_4.6.0_1473617060_linux_gtk_x86_64/plugins/org.eclipse.xtext_2.10.0.v201605250459.jar
7fc7ee863000-7fc7ee86b000 r--s 00061000 08:09 26516277                   /home/hrishi/.eclipse/org.eclipse.platform_4.6.0_1473617060_linux_gtk_x86_64/plugins/edu.csu.melange.alphabets_0.9.6.201612051604.jar
7fc7ee86b000-7fc7ee86c000 r--s 00008000 08:09 26516336                   /home/hrishi/.eclipse/org.eclipse.platform_4.6.0_1473617060_linux_gtk_x86_64/plugins/org.polymodel.scop.cgenerator2_1.0.0.201612051604.jar
7fc7ee86c000-7fc7ee86f000 r--s 00024000 08:09 26516337                   /home/hrishi/.eclipse/org.eclipse.platform_4.6.0_1473617060_linux_gtk_x86_64/plugins/org.polymodel.scop.dtiler_1.0.0.201612051604.jar
7fc7ee86f000-7fc7ee870000 r--s 00001000 08:09 26516335                   /home/hrishi/.eclipse/org.eclipse.platform_4.6.0_1473617060_linux_gtk_x86_64/plugins/org.polymodel.scop.bridge.clast_1.0.0.201612051604.jar
7fc7ee870000-7fc7ee875000 r--s 0002a000 08:09 26516334                   /home/hrishi/.eclipse/org.eclipse.platform_4.6.0_1473617060_linux_gtk_x86_64/plugins/org.polymodel.scop_1.0.0.201612051604.jar
7fc7ee875000-7fc7ee888000 r--s 0012e000 08:09 26516300                   /home/hrishi/.eclipse/org.eclipse.platform_4.6.0_1473617060_linux_gtk_x86_64/plugins/org.polymodel.polyhedralIR.codegen_1.0.0.201612051604.jar
7fc7ee888000-7fc7ee88b000 r--s 008e1000 08:09 26516287                   /home/hrishi/.eclipse/org.eclipse.platform_4.6.0_1473617060_linux_gtk_x86_64/plugins/fr.irisa.cairn.jnimap.cloog_1.0.0.201612051604.jar
7fc7ee88b000-7fc7ee88f000 r--s 00031000 08:09 26516341                   /home/hrishi/.eclipse/org.eclipse.platform_4.6.0_1473617060_linux_gtk_x86_64/plugins/org.antlr.runtime_3.2.0.v201101311130.jar
7fc7ee88f000-7fc7ee890000 r--s 00011000 08:09 10748494                   /opt/eclipse/plugins/org.apache.commons.logging_1.1.1.v201101211721.jar
7fc7ee890000-7fc7ee898000 r--s 0005e000 08:09 10748531                   /opt/eclipse/plugins/org.apache.log4j_1.2.15.v201012070815.jar
7fc7ee898000-7fc7ee89a000 r--s 00008000 08:09 26516346                   /home/hrishi/.eclipse/org.eclipse.platform_4.6.0_1473617060_linux_gtk_x86_64/plugins/org.eclipse.emf.mwe.utils_1.3.20.v201605261103.jar
7fc7ee89a000-7fc7ee89b000 r--s 00003000 08:09 26516348                   /home/hrishi/.eclipse/org.eclipse.platform_4.6.0_1473617060_linux_gtk_x86_64/plugins/org.eclipse.emf.mwe2.runtime_2.9.0.v201605261103.jar
7fc7ee89b000-7fc7ee89c000 r--s 0000b000 08:09 26516339                   /home/hrishi/.eclipse/org.eclipse.platform_4.6.0_1473617060_linux_gtk_x86_64/plugins/org.apache.commons.cli_1.2.0.v201404270220.jar
7fc7ee89c000-7fc7ee8a2000 r--s 0002a000 08:09 26516345                   /home/hrishi/.eclipse/org.eclipse.platform_4.6.0_1473617060_linux_gtk_x86_64/plugins/org.eclipse.emf.mwe.core_1.3.20.v201605261103.jar
7fc7ee8a2000-7fc7ee8a4000 r--s 00009000 08:09 26516279                   /home/hrishi/.eclipse/org.eclipse.platform_4.6.0_1473617060_linux_gtk_x86_64/plugins/edu.csu.melange.affineLattice_1.0.0.jar
7fc7ee8a4000-7fc7ee8a6000 r--s 00000000 08:09 26516338                   /home/hrishi/.eclipse/org.eclipse.platform_4.6.0_1473617060_linux_gtk_x86_64/plugins/tom.mapping_1.0.0.201612051604.jar
7fc7ee8a6000-7fc7ee8ad000 r--s 0004d000 08:09 26516333                   /home/hrishi/.eclipse/org.eclipse.platform_4.6.0_1473617060_linux_gtk_x86_64/plugins/org.polymodel.prdg.scheduling_1.0.0.201612051604.jar
7fc7ee8ad000-7fc7ee8b0000 r--s 0001f000 08:09 26516370                   /home/hrishi/.eclipse/org.eclipse.platform_4.6.0_1473617060_linux_gtk_x86_64/plugins/org.eclipse.xtext.xbase.lib_2.10.0.v201605250459.jar
7fc7ee8b0000-7fc7ee8b2000 r--s 00004000 08:09 26516299                   /home/hrishi/.eclipse/org.eclipse.platform_4.6.0_1473617060_linux_gtk_x86_64/plugins/org.polymodel.matrix_1.0.0.201612051604.jar
7fc7ee8b2000-7fc7ee8b4000 r--s 00005000 08:09 26516332                   /home/hrishi/.eclipse/org.eclipse.platform_4.6.0_1473617060_linux_gtk_x86_64/plugins/org.polymodel.prdg.adapter_1.0.0.201612051604.jar
7fc7ee8b4000-7fc7ee8b6000 r--s 00009000 08:09 26516301                   /home/hrishi/.eclipse/org.eclipse.platform_4.6.0_1473617060_linux_gtk_x86_64/plugins/org.polymodel.prdg_1.0.0.201612051604.jar
7fc7ee8b6000-7fc7ee8b8000 r--s 00013000 08:09 26516297                   /home/hrishi/.eclipse/org.eclipse.platform_4.6.0_1473617060_linux_gtk_x86_64/plugins/org.polymodel.isl_1.0.0.201612051604.jar
7fc7ee8b8000-7fc7ee8c2000 r--s 000a4000 08:09 26516295                   /home/hrishi/.eclipse/org.eclipse.platform_4.6.0_1473617060_linux_gtk_x86_64/plugins/org.polymodel.algebra_1.0.0.201612051604.jar
7fc7ee8c2000-7fc7ee8c5000 r--s 0002b000 08:09 26516294                   /home/hrishi/.eclipse/org.eclipse.platform_4.6.0_1473617060_linux_gtk_x86_64/plugins/org.polymodel_1.0.0.201612051604.jar
7fc7ee8c5000-7fc7ee8ef000 r--s 001ff000 08:09 10749007                   /opt/eclipse/plugins/com.google.guava_15.0.0.v201403281430.jar
7fc7ee8ef000-7fc7ee8f0000 r--s 0000f000 08:09 28708338                   /home/hrishi/.eclipse/org.eclipse.platform_4.6.0_1473617060_linux_gtk_x86_64/plugins/fr.irisa.cairn.tools_1.0.0.201612051604/lib/javatuples-1.2.jar
7fc7ee8f0000-7fc7ee8f1000 r--s 0000b000 08:09 28708337                   /home/hrishi/.eclipse/org.eclipse.platform_4.6.0_1473617060_linux_gtk_x86_64/plugins/fr.irisa.cairn.tools_1.0.0.201612051604/lib/javatuples-1.2-sources.jar
7fc7ee8f1000-7fc7ee8f4000 r--s 00037000 08:09 28708336                   /home/hrishi/.eclipse/org.eclipse.platform_4.6.0_1473617060_linux_gtk_x86_64/plugins/fr.irisa.cairn.tools_1.0.0.201612051604/lib/javatuples-1.2-javadoc.jar
7fc7ee8f4000-7fc7ee8f5000 r--s 00000000 08:09 26516289                   /home/hrishi/.eclipse/org.eclipse.platform_4.6.0_1473617060_linux_gtk_x86_64/plugins/fr.irisa.cairn.jnimap.runtime_1.0.0.201612051604.jar
7fc7ee8f5000-7fc7ee8fa000 r--s 00b6c000 08:09 26516288                   /home/hrishi/.eclipse/org.eclipse.platform_4.6.0_1473617060_linux_gtk_x86_64/plugins/fr.irisa.cairn.jnimap.isl_2.1.0.201612051604.jar
7fc7ee8fa000-7fc7ee8fc000 r--s 00007000 08:09 26516286                   /home/hrishi/.eclipse/org.eclipse.platform_4.6.0_1473617060_linux_gtk_x86_64/plugins/fr.irisa.cairn.graph.guice_1.0.0.201612051604.jar
7fc7ee8fc000-7fc7ee8fe000 r--s 00009000 08:09 10748202                   /opt/eclipse/plugins/com.google.inject.multibindings_3.0.0.v201605172100.jar
7fc7ee8fe000-7fc7ee909000 r--s 00077000 08:09 10748760                   /opt/eclipse/plugins/com.google.inject_3.0.0.v201605172100.jar
7fc7ee909000-7fc7ee921000 r--s 0015b000 08:09 28061747                   /home/hrishi/.eclipse/org.eclipse.platform_4.6.0_1473617060_linux_gtk_x86_64/plugins/fr.irisa.cairn.graph_1.0.0.201612051604/lib/jgrapht-ext-0.9.1-uber.jar
7fc7ee921000-7fc7ee951000 rw-p 00000000 00:00 0 
7fc7ee951000-7fc7eea81000 r--s 010bc000 08:09 28708362                   /home/hrishi/.eclipse/org.eclipse.platform_4.6.0_1473617060_linux_gtk_x86_64/plugins/fr.irisa.cairn.eclipse.tom_2.10.0.201612051604/libs/aircube-bundle.jar
7fc7eea81000-7fc7eea85000 r--s 00035000 08:09 10748985                   /opt/eclipse/plugins/org.eclipse.emf.ecore.xmi_2.12.0.v20160420-0247.jar
7fc7eea85000-7fc7eea8c000 r--s 00051000 08:09 10748503                   /opt/eclipse/plugins/org.eclipse.emf.common_2.12.0.v20160420-0247.jar
7fc7eea8c000-7fc7eea9e000 r--s 00111000 08:09 10748217                   /opt/eclipse/plugins/org.eclipse.emf.ecore_2.12.0.v20160420-0247.jar
7fc7eea9e000-7fc7eeaa3000 r--s 00030000 08:09 10748396                   /opt/eclipse/plugins/org.eclipse.ui.console_3.6.200.v20160518-1858.jar
7fc7eeaa3000-7fc7eeaa4000 r--s 00002000 08:09 10748530                   /opt/eclipse/plugins/org.eclipse.e4.ui.workbench3_0.13.100.v20160506-0759.jar
7fc7eeaa4000-7fc7eeae6000 r--s 00398000 08:09 10748311                   /opt/eclipse/plugins/org.eclipse.ui.workbench_3.108.0.v20160602-1232.jar
7fc7eeae6000-7fc7eeaf8000 r--s 000f8000 08:09 10748780                   /opt/eclipse/plugins/org.eclipse.jface_3.12.0.v20160518-1929.jar
7fc7eeaf8000-7fc7eeb0d000 r--s 0028f000 08:09 10748863                   /opt/eclipse/plugins/org.eclipse.swt.gtk.linux.x86_64_3.105.0.v20160603-0902.jar
7fc7eeb0d000-7fc7eeb16000 r--s 00058000 08:09 10748604                   /opt/eclipse/plugins/org.eclipse.ui_3.108.0.v20160518-1929.jar
7fc7eeb16000-7fc7eeb17000 ---p 00000000 00:00 0 
7fc7eeb17000-7fc7eec17000 rw-p 00000000 00:00 0 
7fc7eec17000-7fc7eec1a000 ---p 00000000 00:00 0 
7fc7eec1a000-7fc7eed18000 rw-p 00000000 00:00 0 
7fc7eed18000-7fc7eed1b000 ---p 00000000 00:00 0 
7fc7eed1b000-7fc7eee19000 rw-p 00000000 00:00 0 
7fc7eee19000-7fc7eee1c000 ---p 00000000 00:00 0 
7fc7eee1c000-7fc7eef1a000 rw-p 00000000 00:00 0 
7fc7eef1a000-7fc7eef1d000 ---p 00000000 00:00 0 
7fc7eef1d000-7fc7ef01b000 rw-p 00000000 00:00 0 
7fc7ef01b000-7fc7ef01e000 ---p 00000000 00:00 0 
7fc7ef01e000-7fc7ef11c000 rw-p 00000000 00:00 0 
7fc7ef11c000-7fc7ef3f4000 r--p 00000000 08:09 2887360                    /usr/lib/locale/locale-archive
7fc7ef3f4000-7fc7ef3f7000 ---p 00000000 00:00 0 
7fc7ef3f7000-7fc7ef4f5000 rw-p 00000000 00:00 0 
7fc7ef4f5000-7fc7ef4f8000 ---p 00000000 00:00 0 
7fc7ef4f8000-7fc7ef5f6000 rw-p 00000000 00:00 0 
7fc7ef5f6000-7fc7ef5f7000 ---p 00000000 00:00 0 
7fc7ef5f7000-7fc7f0000000 rw-p 00000000 00:00 0 
7fc7f0000000-7fc7f0021000 rw-p 00000000 00:00 0 
7fc7f0021000-7fc7f4000000 ---p 00000000 00:00 0 
7fc7f4000000-7fc7f4004000 r--s 00019000 08:09 10748602                   /opt/eclipse/plugins/org.eclipse.core.commands_3.8.0.v20160316-1921.jar
7fc7f4004000-7fc7f4006000 r--s 00014000 08:09 10748222                   /opt/eclipse/plugins/org.eclipse.equinox.app_1.3.400.v20150715-1528.jar
7fc7f4006000-7fc7f4008000 r--s 00017000 08:09 10748774                   /opt/eclipse/plugins/org.eclipse.core.contenttype_3.5.100.v20160418-1621.jar
7fc7f4008000-7fc7f400b000 r--s 0001e000 08:09 10748508                   /opt/eclipse/plugins/org.eclipse.equinox.preferences_3.6.0.v20160120-1756.jar
7fc7f400b000-7fc7f400f000 r--s 0002a000 08:09 10749014                   /opt/eclipse/plugins/org.eclipse.equinox.registry_3.6.100.v20160223-2218.jar
7fc7f400f000-7fc7f4012000 r--s 00019000 08:09 10748931                   /opt/eclipse/plugins/org.eclipse.core.jobs_3.8.0.v20160509-0411.jar
7fc7f4012000-7fc7f4015000 r--s 0001b000 08:09 10748983                   /opt/eclipse/plugins/org.eclipse.equinox.common_3.8.0.v20160509-1230.jar
7fc7f4015000-7fc7f4018000 r--s 00039000 08:09 10748174                   /opt/eclipse/plugins/org.eclipse.osgi.compatibility.state_1.0.200.v20160504-1419.jar
7fc7f4018000-7fc7f402d000 r--s 0013d000 08:09 10748755                   /opt/eclipse/plugins/org.eclipse.osgi_3.11.0.v20160603-1336.jar
7fc7f402d000-7fc7f402f000 r--s 00003000 08:09 10748526                   /opt/eclipse/plugins/javax.inject_1.0.0.v20091030.jar
7fc7f402f000-7fc7f4033000 r--s 00037000 08:09 7085460                    /usr/lib/jvm/java-8-openjdk-amd64/jre/lib/ext/sunpkcs11.jar
7fc7f4033000-7fc7f404e000 r--s 001d6000 08:09 7085455                    /usr/lib/jvm/java-8-openjdk-amd64/jre/lib/ext/nashorn.jar
7fc7f404e000-7fc7f8000000 rw-p 00000000 00:00 0 
7fc7f8000000-7fc7f8021000 rw-p 00000000 00:00 0 
7fc7f8021000-7fc7fc000000 ---p 00000000 00:00 0 
7fc7fc000000-7fc7fc021000 rw-p 00000000 00:00 0 
7fc7fc021000-7fc800000000 ---p 00000000 00:00 0 
7fc800000000-7fc800021000 rw-p 00000000 00:00 0 
7fc800021000-7fc804000000 ---p 00000000 00:00 0 
7fc804000000-7fc805000000 rw-p 00000000 00:00 0 
7fc805000000-7fc805700000 rwxp 00000000 00:00 0 
7fc805700000-7fc814000000 ---p 00000000 00:00 0 
7fc814000000-7fc814c06000 rw-p 00000000 00:00 0 
7fc814c06000-7fc818000000 ---p 00000000 00:00 0 
7fc818000000-7fc818002000 r--s 00011000 08:09 10748883                   /opt/eclipse/plugins/org.eclipse.core.runtime_3.12.0.v20160606-1342.jar
7fc818002000-7fc818005000 r--s 0000f000 08:09 7085457                    /usr/lib/jvm/java-8-openjdk-amd64/jre/lib/ext/icedtea-sound.jar
7fc818005000-7fc81800f000 r--s 00116000 08:09 7085461                    /usr/lib/jvm/java-8-openjdk-amd64/jre/lib/ext/localedata.jar
7fc81800f000-7fc818014000 r--s 0003b000 08:09 7085462                    /usr/lib/jvm/java-8-openjdk-amd64/jre/lib/ext/sunjce_provider.jar
7fc818014000-7fc8180c4000 rw-p 00000000 00:00 0 
7fc8180c4000-7fc818292000 r--s 03c06000 08:09 7087811                    /usr/lib/jvm/java-8-openjdk-amd64/jre/lib/rt.jar
7fc818292000-7fc818308000 rw-p 00000000 00:00 0 
7fc818308000-7fc818309000 ---p 00000000 00:00 0 
7fc818309000-7fc818409000 rw-p 00000000 00:00 0 
7fc818409000-7fc81840a000 ---p 00000000 00:00 0 
7fc81840a000-7fc81850a000 rw-p 00000000 00:00 0 
7fc81850a000-7fc81850b000 ---p 00000000 00:00 0 
7fc81850b000-7fc81860b000 rw-p 00000000 00:00 0 
7fc81860b000-7fc81860c000 ---p 00000000 00:00 0 
7fc81860c000-7fc818736000 rw-p 00000000 00:00 0 
7fc818736000-7fc81899e000 ---p 00000000 00:00 0 
7fc81899e000-7fc8189c8000 rw-p 00000000 00:00 0 
7fc8189c8000-7fc818c30000 ---p 00000000 00:00 0 
7fc818c30000-7fc818c54000 rw-p 00000000 00:00 0 
7fc818c54000-7fc818d79000 ---p 00000000 00:00 0 
7fc818d79000-7fc818d96000 rw-p 00000000 00:00 0 
7fc818d96000-7fc81913a000 ---p 00000000 00:00 0 
7fc81913a000-7fc819142000 r-xp 00000000 08:09 7085419                    /usr/lib/jvm/java-8-openjdk-amd64/jre/lib/amd64/libzip.so
7fc819142000-7fc819341000 ---p 00008000 08:09 7085419                    /usr/lib/jvm/java-8-openjdk-amd64/jre/lib/amd64/libzip.so
7fc819341000-7fc819342000 r--p 00007000 08:09 7085419                    /usr/lib/jvm/java-8-openjdk-amd64/jre/lib/amd64/libzip.so
7fc819342000-7fc819343000 rw-p 00008000 08:09 7085419                    /usr/lib/jvm/java-8-openjdk-amd64/jre/lib/amd64/libzip.so
7fc819343000-7fc81934e000 r-xp 00000000 08:09 24382890                   /lib/x86_64-linux-gnu/libnss_files-2.23.so
7fc81934e000-7fc81954d000 ---p 0000b000 08:09 24382890                   /lib/x86_64-linux-gnu/libnss_files-2.23.so
7fc81954d000-7fc81954e000 r--p 0000a000 08:09 24382890                   /lib/x86_64-linux-gnu/libnss_files-2.23.so
7fc81954e000-7fc81954f000 rw-p 0000b000 08:09 24382890                   /lib/x86_64-linux-gnu/libnss_files-2.23.so
7fc81954f000-7fc819555000 rw-p 00000000 00:00 0 
7fc819555000-7fc819560000 r-xp 00000000 08:09 24382881                   /lib/x86_64-linux-gnu/libnss_nis-2.23.so
7fc819560000-7fc81975f000 ---p 0000b000 08:09 24382881                   /lib/x86_64-linux-gnu/libnss_nis-2.23.so
7fc81975f000-7fc819760000 r--p 0000a000 08:09 24382881                   /lib/x86_64-linux-gnu/libnss_nis-2.23.so
7fc819760000-7fc819761000 rw-p 0000b000 08:09 24382881                   /lib/x86_64-linux-gnu/libnss_nis-2.23.so
7fc819761000-7fc819777000 r-xp 00000000 08:09 24382883                   /lib/x86_64-linux-gnu/libnsl-2.23.so
7fc819777000-7fc819976000 ---p 00016000 08:09 24382883                   /lib/x86_64-linux-gnu/libnsl-2.23.so
7fc819976000-7fc819977000 r--p 00015000 08:09 24382883                   /lib/x86_64-linux-gnu/libnsl-2.23.so
7fc819977000-7fc819978000 rw-p 00016000 08:09 24382883                   /lib/x86_64-linux-gnu/libnsl-2.23.so
7fc819978000-7fc81997a000 rw-p 00000000 00:00 0 
7fc81997a000-7fc819982000 r-xp 00000000 08:09 24382892                   /lib/x86_64-linux-gnu/libnss_compat-2.23.so
7fc819982000-7fc819b81000 ---p 00008000 08:09 24382892                   /lib/x86_64-linux-gnu/libnss_compat-2.23.so
7fc819b81000-7fc819b82000 r--p 00007000 08:09 24382892                   /lib/x86_64-linux-gnu/libnss_compat-2.23.so
7fc819b82000-7fc819b83000 rw-p 00008000 08:09 24382892                   /lib/x86_64-linux-gnu/libnss_compat-2.23.so
7fc819b83000-7fc819bb0000 r-xp 00000000 08:09 7085444                    /usr/lib/jvm/java-8-openjdk-amd64/jre/lib/amd64/libjava.so
7fc819bb0000-7fc819daf000 ---p 0002d000 08:09 7085444                    /usr/lib/jvm/java-8-openjdk-amd64/jre/lib/amd64/libjava.so
7fc819daf000-7fc819db0000 r--p 0002c000 08:09 7085444                    /usr/lib/jvm/java-8-openjdk-amd64/jre/lib/amd64/libjava.so
7fc819db0000-7fc819db2000 rw-p 0002d000 08:09 7085444                    /usr/lib/jvm/java-8-openjdk-amd64/jre/lib/amd64/libjava.so
7fc819db2000-7fc819dc1000 r-xp 00000000 08:09 7085412                    /usr/lib/jvm/java-8-openjdk-amd64/jre/lib/amd64/libverify.so
7fc819dc1000-7fc819fc0000 ---p 0000f000 08:09 7085412                    /usr/lib/jvm/java-8-openjdk-amd64/jre/lib/amd64/libverify.so
7fc819fc0000-7fc819fc2000 r--p 0000e000 08:09 7085412                    /usr/lib/jvm/java-8-openjdk-amd64/jre/lib/amd64/libverify.so
7fc819fc2000-7fc819fc3000 rw-p 00010000 08:09 7085412                    /usr/lib/jvm/java-8-openjdk-amd64/jre/lib/amd64/libverify.so
7fc819fc3000-7fc819fca000 r-xp 00000000 08:09 24382893                   /lib/x86_64-linux-gnu/librt-2.23.so
7fc819fca000-7fc81a1c9000 ---p 00007000 08:09 24382893                   /lib/x86_64-linux-gnu/librt-2.23.so
7fc81a1c9000-7fc81a1ca000 r--p 00006000 08:09 24382893                   /lib/x86_64-linux-gnu/librt-2.23.so
7fc81a1ca000-7fc81a1cb000 rw-p 00007000 08:09 24382893                   /lib/x86_64-linux-gnu/librt-2.23.so
7fc81a1cb000-7fc81a1e1000 r-xp 00000000 08:09 24383888                   /lib/x86_64-linux-gnu/libgcc_s.so.1
7fc81a1e1000-7fc81a3e0000 ---p 00016000 08:09 24383888                   /lib/x86_64-linux-gnu/libgcc_s.so.1
7fc81a3e0000-7fc81a3e1000 rw-p 00015000 08:09 24383888                   /lib/x86_64-linux-gnu/libgcc_s.so.1
7fc81a3e1000-7fc81a4e9000 r-xp 00000000 08:09 24382882                   /lib/x86_64-linux-gnu/libm-2.23.so
7fc81a4e9000-7fc81a6e8000 ---p 00108000 08:09 24382882                   /lib/x86_64-linux-gnu/libm-2.23.so
7fc81a6e8000-7fc81a6e9000 r--p 00107000 08:09 24382882                   /lib/x86_64-linux-gnu/libm-2.23.so
7fc81a6e9000-7fc81a6ea000 rw-p 00108000 08:09 24382882                   /lib/x86_64-linux-gnu/libm-2.23.so
7fc81a6ea000-7fc81a85c000 r-xp 00000000 08:09 2888511                    /usr/lib/x86_64-linux-gnu/libstdc++.so.6.0.21
7fc81a85c000-7fc81aa5c000 ---p 00172000 08:09 2888511                    /usr/lib/x86_64-linux-gnu/libstdc++.so.6.0.21
7fc81aa5c000-7fc81aa66000 r--p 00172000 08:09 2888511                    /usr/lib/x86_64-linux-gnu/libstdc++.so.6.0.21
7fc81aa66000-7fc81aa68000 rw-p 0017c000 08:09 2888511                    /usr/lib/x86_64-linux-gnu/libstdc++.so.6.0.21
7fc81aa68000-7fc81aa6c000 rw-p 00000000 00:00 0 
7fc81aa6c000-7fc81b6bc000 r-xp 00000000 08:09 7085439                    /usr/lib/jvm/java-8-openjdk-amd64/jre/lib/amd64/server/libjvm.so
7fc81b6bc000-7fc81b8bb000 ---p 00c50000 08:09 7085439                    /usr/lib/jvm/java-8-openjdk-amd64/jre/lib/amd64/server/libjvm.so
7fc81b8bb000-7fc81b94e000 r--p 00c4f000 08:09 7085439                    /usr/lib/jvm/java-8-openjdk-amd64/jre/lib/amd64/server/libjvm.so
7fc81b94e000-7fc81b977000 rw-p 00ce2000 08:09 7085439                    /usr/lib/jvm/java-8-openjdk-amd64/jre/lib/amd64/server/libjvm.so
7fc81b977000-7fc81b9a7000 rw-p 00000000 00:00 0 
7fc81b9a7000-7fc81b9bf000 r-xp 00000000 08:09 24382897                   /lib/x86_64-linux-gnu/libpthread-2.23.so
7fc81b9bf000-7fc81bbbe000 ---p 00018000 08:09 24382897                   /lib/x86_64-linux-gnu/libpthread-2.23.so
7fc81bbbe000-7fc81bbbf000 r--p 00017000 08:09 24382897                   /lib/x86_64-linux-gnu/libpthread-2.23.so
7fc81bbbf000-7fc81bbc0000 rw-p 00018000 08:09 24382897                   /lib/x86_64-linux-gnu/libpthread-2.23.so
7fc81bbc0000-7fc81bbc4000 rw-p 00000000 00:00 0 
7fc81bbc4000-7fc81bbc7000 r-xp 00000000 08:09 24382880                   /lib/x86_64-linux-gnu/libdl-2.23.so
7fc81bbc7000-7fc81bdc6000 ---p 00003000 08:09 24382880                   /lib/x86_64-linux-gnu/libdl-2.23.so
7fc81bdc6000-7fc81bdc7000 r--p 00002000 08:09 24382880                   /lib/x86_64-linux-gnu/libdl-2.23.so
7fc81bdc7000-7fc81bdc8000 rw-p 00003000 08:09 24382880                   /lib/x86_64-linux-gnu/libdl-2.23.so
7fc81bdc8000-7fc81bde1000 r-xp 00000000 08:09 24384041                   /lib/x86_64-linux-gnu/libz.so.1.2.8
7fc81bde1000-7fc81bfe0000 ---p 00019000 08:09 24384041                   /lib/x86_64-linux-gnu/libz.so.1.2.8
7fc81bfe0000-7fc81bfe1000 r--p 00018000 08:09 24384041                   /lib/x86_64-linux-gnu/libz.so.1.2.8
7fc81bfe1000-7fc81bfe2000 rw-p 00019000 08:09 24384041                   /lib/x86_64-linux-gnu/libz.so.1.2.8
7fc81bfe2000-7fc81c1a1000 r-xp 00000000 08:09 24382884                   /lib/x86_64-linux-gnu/libc-2.23.so
7fc81c1a1000-7fc81c3a1000 ---p 001bf000 08:09 24382884                   /lib/x86_64-linux-gnu/libc-2.23.so
7fc81c3a1000-7fc81c3a5000 r--p 001bf000 08:09 24382884                   /lib/x86_64-linux-gnu/libc-2.23.so
7fc81c3a5000-7fc81c3a7000 rw-p 001c3000 08:09 24382884                   /lib/x86_64-linux-gnu/libc-2.23.so
7fc81c3a7000-7fc81c3ab000 rw-p 00000000 00:00 0 
7fc81c3ab000-7fc81c3b8000 r-xp 00000000 08:09 7085434                    /usr/lib/jvm/java-8-openjdk-amd64/jre/lib/amd64/jli/libjli.so
7fc81c3b8000-7fc81c5b8000 ---p 0000d000 08:09 7085434                    /usr/lib/jvm/java-8-openjdk-amd64/jre/lib/amd64/jli/libjli.so
7fc81c5b8000-7fc81c5b9000 r--p 0000d000 08:09 7085434                    /usr/lib/jvm/java-8-openjdk-amd64/jre/lib/amd64/jli/libjli.so
7fc81c5b9000-7fc81c5ba000 rw-p 0000e000 08:09 7085434                    /usr/lib/jvm/java-8-openjdk-amd64/jre/lib/amd64/jli/libjli.so
7fc81c5ba000-7fc81c5e0000 r-xp 00000000 08:09 24382885                   /lib/x86_64-linux-gnu/ld-2.23.so
7fc81c5e0000-7fc81c5e1000 r--s 00004000 08:09 10748172                   /opt/eclipse/plugins/org.eclipse.swt_3.105.0.v20160603-0902.jar
7fc81c5e1000-7fc81c5e3000 r--s 00001000 08:09 7085456                    /usr/lib/jvm/java-8-openjdk-amd64/jre/lib/ext/dnsns.jar
7fc81c5e3000-7fc81c5e5000 r--s 00008000 08:09 7085454                    /usr/lib/jvm/java-8-openjdk-amd64/jre/lib/ext/sunec.jar
7fc81c5e5000-7fc81c6b0000 rw-p 00000000 00:00 0 
7fc81c6b0000-7fc81c6b3000 ---p 00000000 00:00 0 
7fc81c6b3000-7fc81c7b6000 rw-p 00000000 00:00 0 
7fc81c7b6000-7fc81c7b7000 r--s 00010000 08:09 7085459                    /usr/lib/jvm/java-8-openjdk-amd64/jre/lib/ext/zipfs.jar
7fc81c7b7000-7fc81c7b8000 r--s 0000a000 08:09 7085463                    /usr/lib/jvm/java-8-openjdk-amd64/jre/lib/ext/jaccess.jar
7fc81c7b8000-7fc81c7d3000 r--s 00394000 08:09 7085458                    /usr/lib/jvm/java-8-openjdk-amd64/jre/lib/ext/cldrdata.jar
7fc81c7d3000-7fc81c7db000 rw-s 00000000 08:09 18616208                   /tmp/hsperfdata_hrishi/7885 (deleted)
7fc81c7db000-7fc81c7dc000 rw-p 00000000 00:00 0 
7fc81c7dc000-7fc81c7dd000 ---p 00000000 00:00 0 
7fc81c7dd000-7fc81c7df000 rw-p 00000000 00:00 0 
7fc81c7df000-7fc81c7e0000 r--p 00025000 08:09 24382885                   /lib/x86_64-linux-gnu/ld-2.23.so
7fc81c7e0000-7fc81c7e1000 rw-p 00026000 08:09 24382885                   /lib/x86_64-linux-gnu/ld-2.23.so
7fc81c7e1000-7fc81c7e2000 rw-p 00000000 00:00 0 
7ffeb85fb000-7ffeb861e000 rw-p 00000000 00:00 0                          [stack]
7ffeb872a000-7ffeb872c000 r--p 00000000 00:00 0                          [vvar]
7ffeb872c000-7ffeb872e000 r-xp 00000000 00:00 0                          [vdso]
ffffffffff600000-ffffffffff601000 r-xp 00000000 00:00 0                  [vsyscall]

VM Arguments:
jvm_args: -Dfile.encoding=UTF-8 
java_command: RCPConsole
java_class_path (initial): /opt/eclipse/plugins/org.eclipse.core.runtime_3.12.0.v20160606-1342.jar:/opt/eclipse/plugins/javax.inject_1.0.0.v20091030.jar:/opt/eclipse/plugins/org.eclipse.osgi_3.11.0.v20160603-1336.jar:/opt/eclipse/plugins/org.eclipse.osgi.compatibility.state_1.0.200.v20160504-1419.jar:/opt/eclipse/plugins/org.eclipse.equinox.common_3.8.0.v20160509-1230.jar:/opt/eclipse/plugins/org.eclipse.core.jobs_3.8.0.v20160509-0411.jar:/opt/eclipse/plugins/org.eclipse.equinox.registry_3.6.100.v20160223-2218.jar:/opt/eclipse/plugins/org.eclipse.equinox.preferences_3.6.0.v20160120-1756.jar:/opt/eclipse/plugins/org.eclipse.core.contenttype_3.5.100.v20160418-1621.jar:/opt/eclipse/plugins/org.eclipse.equinox.app_1.3.400.v20150715-1528.jar:/opt/eclipse/plugins/org.eclipse.ui_3.108.0.v20160518-1929.jar:/opt/eclipse/plugins/org.eclipse.swt_3.105.0.v20160603-0902.jar:/opt/eclipse/plugins/org.eclipse.swt.gtk.linux.x86_64_3.105.0.v20160603-0902.jar:/opt/eclipse/plugins/org.eclipse.jface_3.12.0.v20160518-1929.jar:/opt/eclipse/plugins/org.eclipse.core.commands_3.8.0.v20160316-1921.jar:/opt/eclipse/plugins/org.eclipse.ui.workbench_3.108.0.v20160602-1232.jar:/opt/eclipse/plugins/org.eclipse.e4.ui.workbench3_0.13.100.v20160506-0759.jar:/opt/eclipse/plugins/org.eclipse.ui.console_3.6.200.v20160518-1858.jar:/opt/eclipse/plugins/org.eclipse.emf.ecore_2.12.0.v20160420-0247.jar:/opt/eclipse/plugins/org.eclipse.emf.common_2.12.0.v20160420-0247.jar:/opt/eclipse/plugins/org.eclipse.emf.ecore.xmi_2.12.0.v20160420-0247.jar:/home/hrishi/.eclipse/org.eclipse.platform_4.6.0_1473617060_linux_gtk_x86_64/plugins/fr.irisa.cairn.eclipse.tom_2.10.0.201612051604/libs/aircube-bundle.jar:/home/hrishi/.eclipse/org.eclipse.platform_4.6.0_1473617060_linux_gtk_x86_64/plugins/fr.irisa.cairn.graph_1.0.0.201612051604:/home/hrishi/.eclipse/org.eclipse.platform_4.6.0_1473617060_linux_gtk_x86_64/plugins/fr.irisa.cairn.graph_1.0.0.201612051604/lib/jgrapht-ext-0.9.1-uber.jar:/opt/eclipse/plugins/com.google.inj
Launcher Type: SUN_STANDARD

Environment Variables:
PATH=/home/hrishi/torch/install/bin:/usr/local/sbin:/usr/local/bin:/usr/sbin:/usr/bin:/sbin:/bin:/usr/games:/usr/local/games:/snap/bin
LD_LIBRARY_PATH=/home/hrishi/torch/install/lib:
SHELL=/bin/bash
DISPLAY=:0
DYLD_LIBRARY_PATH=/home/hrishi/torch/install/lib:

Signal Handlers:
SIGSEGV: [libjvm.so+0xa66fd0], sa_mask[0]=11111111011111111101111111111110, sa_flags=SA_RESTART|SA_SIGINFO
SIGBUS: [libjvm.so+0xa66fd0], sa_mask[0]=11111111011111111101111111111110, sa_flags=SA_RESTART|SA_SIGINFO
SIGFPE: [libjvm.so+0x8b0180], sa_mask[0]=11111111011111111101111111111110, sa_flags=SA_RESTART|SA_SIGINFO
SIGPIPE: [libjvm.so+0x8b0180], sa_mask[0]=11111111011111111101111111111110, sa_flags=SA_RESTART|SA_SIGINFO
SIGXFSZ: [libjvm.so+0x8b0180], sa_mask[0]=11111111011111111101111111111110, sa_flags=SA_RESTART|SA_SIGINFO
SIGILL: [libjvm.so+0x8b0180], sa_mask[0]=11111111011111111101111111111110, sa_flags=SA_RESTART|SA_SIGINFO
SIGUSR1: SIG_DFL, sa_mask[0]=00000000000000000000000000000000, sa_flags=none
SIGUSR2: [libjvm.so+0x8b0030], sa_mask[0]=00100000000000000000000000000000, sa_flags=SA_RESTART|SA_SIGINFO
SIGHUP: [libjvm.so+0x8b0500], sa_mask[0]=11111111011111111101111111111110, sa_flags=SA_RESTART|SA_SIGINFO
SIGINT: [libjvm.so+0x8b0500], sa_mask[0]=11111111011111111101111111111110, sa_flags=SA_RESTART|SA_SIGINFO
SIGTERM: [libjvm.so+0x8b0500], sa_mask[0]=11111111011111111101111111111110, sa_flags=SA_RESTART|SA_SIGINFO
SIGQUIT: [libjvm.so+0x8b0500], sa_mask[0]=11111111011111111101111111111110, sa_flags=SA_RESTART|SA_SIGINFO


---------------  S Y S T E M  ---------------

OS:DISTRIB_ID=Ubuntu
DISTRIB_RELEASE=16.04
DISTRIB_CODENAME=xenial
DISTRIB_DESCRIPTION="Ubuntu 16.04 LTS"

uname:Linux 4.4.0-72-generic #93-Ubuntu SMP Fri Mar 31 14:07:41 UTC 2017 x86_64
libc:glibc 2.23 NPTL 2.23 
rlimit: STACK 8192k, CORE 0k, NPROC 31118, NOFILE 65536, AS infinity
load average:74.54 37.79 16.65

/proc/meminfo:
MemTotal:        8084688 kB
MemFree:         5192552 kB
MemAvailable:    5434280 kB
Buffers:           35420 kB
Cached:           618728 kB
SwapCached:       129472 kB
Active:          1852808 kB
Inactive:         727528 kB
Active(anon):    1600408 kB
Inactive(anon):   558420 kB
Active(file):     252400 kB
Inactive(file):   169108 kB
Unevictable:        1108 kB
Mlocked:            1108 kB
SwapTotal:      12000252 kB
SwapFree:        7671396 kB
Dirty:              1136 kB
Writeback:             0 kB
AnonPages:       1914984 kB
Mapped:           231164 kB
Shmem:            232500 kB
Slab:             157644 kB
SReclaimable:      81256 kB
SUnreclaim:        76388 kB
KernelStack:       15680 kB
PageTables:        55620 kB
NFS_Unstable:          0 kB
Bounce:                0 kB
WritebackTmp:          0 kB
CommitLimit:    16042596 kB
Committed_AS:   13287508 kB
VmallocTotal:   34359738367 kB
VmallocUsed:           0 kB
VmallocChunk:          0 kB
HardwareCorrupted:     0 kB
AnonHugePages:    755712 kB
CmaTotal:              0 kB
CmaFree:               0 kB
HugePages_Total:       0
HugePages_Free:        0
HugePages_Rsvd:        0
HugePages_Surp:        0
Hugepagesize:       2048 kB
DirectMap4k:      817032 kB
DirectMap2M:     7481344 kB
DirectMap1G:           0 kB


CPU:total 4 (2 cores per cpu, 2 threads per core) family 6 model 61 stepping 4, cmov, cx8, fxsr, mmx, sse, sse2, sse3, ssse3, sse4.1, sse4.2, popcnt, avx, avx2, aes, clmul, erms, 3dnowpref, lzcnt, ht, tsc, tscinvbit, bmi1, bmi2, adx

/proc/cpuinfo:
processor	: 0
vendor_id	: GenuineIntel
cpu family	: 6
model		: 61
model name	: Intel(R) Core(TM) i5-5200U CPU @ 2.20GHz
stepping	: 4
microcode	: 0x12
cpu MHz		: 2104.695
cache size	: 3072 KB
physical id	: 0
siblings	: 4
core id		: 0
cpu cores	: 2
apicid		: 0
initial apicid	: 0
fpu		: yes
fpu_exception	: yes
cpuid level	: 20
wp		: yes
flags		: fpu vme de pse tsc msr pae mce cx8 apic sep mtrr pge mca cmov pat pse36 clflush dts acpi mmx fxsr sse sse2 ss ht tm pbe syscall nx pdpe1gb rdtscp lm constant_tsc arch_perfmon pebs bts rep_good nopl xtopology nonstop_tsc aperfmperf eagerfpu pni pclmulqdq dtes64 monitor ds_cpl vmx est tm2 ssse3 sdbg fma cx16 xtpr pdcm pcid sse4_1 sse4_2 x2apic movbe popcnt tsc_deadline_timer aes xsave avx f16c rdrand lahf_lm abm 3dnowprefetch epb intel_pt tpr_shadow vnmi flexpriority ept vpid fsgsbase tsc_adjust bmi1 avx2 smep bmi2 erms invpcid rdseed adx smap xsaveopt dtherm ida arat pln pts
bugs		:
bogomips	: 4390.01
clflush size	: 64
cache_alignment	: 64
address sizes	: 39 bits physical, 48 bits virtual
power management:

processor	: 1
vendor_id	: GenuineIntel
cpu family	: 6
model		: 61
model name	: Intel(R) Core(TM) i5-5200U CPU @ 2.20GHz
stepping	: 4
microcode	: 0x12
cpu MHz		: 2335.007
cache size	: 3072 KB
physical id	: 0
siblings	: 4
core id		: 1
cpu cores	: 2
apicid		: 2
initial apicid	: 2
fpu		: yes
fpu_exception	: yes
cpuid level	: 20
wp		: yes
flags		: fpu vme de pse tsc msr pae mce cx8 apic sep mtrr pge mca cmov pat pse36 clflush dts acpi mmx fxsr sse sse2 ss ht tm pbe syscall nx pdpe1gb rdtscp lm constant_tsc arch_perfmon pebs bts rep_good nopl xtopology nonstop_tsc aperfmperf eagerfpu pni pclmulqdq dtes64 monitor ds_cpl vmx est tm2 ssse3 sdbg fma cx16 xtpr pdcm pcid sse4_1 sse4_2 x2apic movbe popcnt tsc_deadline_timer aes xsave avx f16c rdrand lahf_lm abm 3dnowprefetch epb intel_pt tpr_shadow vnmi flexpriority ept vpid fsgsbase tsc_adjust bmi1 avx2 smep bmi2 erms invpcid rdseed adx smap xsaveopt dtherm ida arat pln pts
bugs		:
bogomips	: 4390.01
clflush size	: 64
cache_alignment	: 64
address sizes	: 39 bits physical, 48 bits virtual
power management:

processor	: 2
vendor_id	: GenuineIntel
cpu family	: 6
model		: 61
model name	: Intel(R) Core(TM) i5-5200U CPU @ 2.20GHz
stepping	: 4
microcode	: 0x12
cpu MHz		: 2015.234
cache size	: 3072 KB
physical id	: 0
siblings	: 4
core id		: 0
cpu cores	: 2
apicid		: 1
initial apicid	: 1
fpu		: yes
fpu_exception	: yes
cpuid level	: 20
wp		: yes
flags		: fpu vme de pse tsc msr pae mce cx8 apic sep mtrr pge mca cmov pat pse36 clflush dts acpi mmx fxsr sse sse2 ss ht tm pbe syscall nx pdpe1gb rdtscp lm constant_tsc arch_perfmon pebs bts rep_good nopl xtopology nonstop_tsc aperfmperf eagerfpu pni pclmulqdq dtes64 monitor ds_cpl vmx est tm2 ssse3 sdbg fma cx16 xtpr pdcm pcid sse4_1 sse4_2 x2apic movbe popcnt tsc_deadline_timer aes xsave avx f16c rdrand lahf_lm abm 3dnowprefetch epb intel_pt tpr_shadow vnmi flexpriority ept vpid fsgsbase tsc_adjust bmi1 avx2 smep bmi2 erms invpcid rdseed adx smap xsaveopt dtherm ida arat pln pts
bugs		:
bogomips	: 4390.01
clflush size	: 64
cache_alignment	: 64
address sizes	: 39 bits physical, 48 bits virtual
power management:

processor	: 3
vendor_id	: GenuineIntel
cpu family	: 6
model		: 61
model name	: Intel(R) Core(TM) i5-5200U CPU @ 2.20GHz
stepping	: 4
microcode	: 0x12
cpu MHz		: 1750.632
cache size	: 3072 KB
physical id	: 0
siblings	: 4
core id		: 1
cpu cores	: 2
apicid		: 3
initial apicid	: 3
fpu		: yes
fpu_exception	: yes
cpuid level	: 20
wp		: yes
flags		: fpu vme de pse tsc msr pae mce cx8 apic sep mtrr pge mca cmov pat pse36 clflush dts acpi mmx fxsr sse sse2 ss ht tm pbe syscall nx pdpe1gb rdtscp lm constant_tsc arch_perfmon pebs bts rep_good nopl xtopology nonstop_tsc aperfmperf eagerfpu pni pclmulqdq dtes64 monitor ds_cpl vmx est tm2 ssse3 sdbg fma cx16 xtpr pdcm pcid sse4_1 sse4_2 x2apic movbe popcnt tsc_deadline_timer aes xsave avx f16c rdrand lahf_lm abm 3dnowprefetch epb intel_pt tpr_shadow vnmi flexpriority ept vpid fsgsbase tsc_adjust bmi1 avx2 smep bmi2 erms invpcid rdseed adx smap xsaveopt dtherm ida arat pln pts
bugs		:
bogomips	: 4390.01
clflush size	: 64
cache_alignment	: 64
address sizes	: 39 bits physical, 48 bits virtual
power management:



Memory: 4k page, physical 8084688k(5192552k free), swap 12000252k(7671396k free)

vm_info: OpenJDK 64-Bit Server VM (25.121-b13) for linux-amd64 JRE (1.8.0_121-8u121-b13-0ubuntu1.16.04.2-b13), built on Jan 23 2017 15:51:29 by "buildd" with gcc 5.4.0 20160609

time: Sun Apr 30 23:06:24 2017
elapsed time: 32082 seconds (0d 8h 54m 42s)

