#
# A fatal error has been detected by the Java Runtime Environment:
#
#  SIGSEGV (0xb) at pc=0x0000000000046b20, pid=16152, tid=0x00007ff5c3e08700
#
# JRE version: OpenJDK Runtime Environment (8.0_121-b13) (build 1.8.0_121-8u121-b13-0ubuntu1.16.04.2-b13)
# Java VM: OpenJDK 64-Bit Server VM (25.121-b13 mixed mode linux-amd64 compressed oops)
# Problematic frame:
# C  0x0000000000046b20
#
# Failed to write core dump. Core dumps have been disabled. To enable core dumping, try "ulimit -c unlimited" before starting Java again
#
# If you would like to submit a bug report, please visit:
#   http://bugreport.java.com/bugreport/crash.jsp
#

---------------  T H R E A D  ---------------

Current thread is native thread

siginfo: si_signo: 11 (SIGSEGV), si_code: 1 (SEGV_MAPERR), si_addr: 0x0000000000046b20

Registers:
RAX=0x00007ff5a5429248, RBX=0x00007ff5bc891fb0, RCX=0x0000000000000000, RDX=0x0000000000000000
RSP=0x00007ffc5ee23848, RBP=0x00007ffc5ee239a0, RSI=0x0000000000000000, RDI=0x00007ff5c3637140
R8 =0x0000000000000000, R9 =0x00007ff5c39fe808, R10=0x00007ff5c36370c0, R11=0x00007ff5c36722d0
R12=0x00007ff5a54291a8, R13=0x0000000000000000, R14=0x00007ffc5ee23850, R15=0x0000000000000012
RIP=0x0000000000046b20, EFLAGS=0x0000000000010202, CSGSFS=0x0000000000000033, ERR=0x0000000000000014
  TRAPNO=0x000000000000000e

Top of Stack: (sp=0x00007ffc5ee23848)
0x00007ffc5ee23848:   00007ff5c3c20c17 00007ff5c3e37168
0x00007ffc5ee23858:   00007ff5c3e37700 00007ff5c3e347a8
0x00007ffc5ee23868:   00007ff5bc0009a0 00007ff5bc00b570
0x00007ffc5ee23878:   00007ff5bc00cbf0 00007ff5bc00ba20
0x00007ffc5ee23888:   00007ff5bc00d0a0 00007ff5bc019ae0
0x00007ffc5ee23898:   00007ff5bc001bd0 00007ff5bc0014a0
0x00007ffc5ee238a8:   0000000001dd9150 0000000001dd9680
0x00007ffc5ee238b8:   0000000001dda4c0 0000000001dd9ba0
0x00007ffc5ee238c8:   00007ff5c3e0a000 00007ff5c3e0bb00
0x00007ffc5ee238d8:   00007ff5c3e0b618 00007ff5bc891fb0
0x00007ffc5ee238e8:   00007ff5bc892610 00007ff5bc892ba0
0x00007ffc5ee238f8:   00007ff5c3e0b000 00007ff5c3e369d8
0x00007ffc5ee23908:   00007ff5c3c20964 00007ffc5ee23850
0x00007ffc5ee23918:   0000000000000006 00007ffc5ee23880
0x00007ffc5ee23928:   0000000000000001 0000000000000006
0x00007ffc5ee23938:   00007ffc5ee23910 00000017c39fcc40
0x00007ffc5ee23948:   00007ffc5ee23850 0000001700000000
0x00007ffc5ee23958:   00007ff5c3e36048 00007ffc5ee23820
0x00007ffc5ee23968:   0000000000000000 0000000000000001
0x00007ffc5ee23978:   0000000000000001 0000000000000001
0x00007ffc5ee23988:   00007ff5c39fcc40 0000000000000000
0x00007ffc5ee23998:   0000000000000000 00007ff5c39fb5f8
0x00007ffc5ee239a8:   00007ff5c3671ff8 00000000004007bc
0x00007ffc5ee239b8:   0000000000000000 0000000000400730
0x00007ffc5ee239c8:   0000000000400630 00007ffc5ee23ac0
0x00007ffc5ee239d8:   00007ff5c3672045 0000000000400730
0x00007ffc5ee239e8:   00007ff5c3658837 0000000000000000
0x00007ffc5ee239f8:   00007ffc5ee23ac8 00000005c3e35ca0
0x00007ffc5ee23a08:   00000000004005e0 0000000000000000
0x00007ffc5ee23a18:   cb3d61805cccb0d7 0000000000400630
0x00007ffc5ee23a28:   00007ffc5ee23ac0 0000000000000000
0x00007ffc5ee23a38:   0000000000000000 34c5dcc4214cb0d7 

Instructions: (pc=0x0000000000046b20)
0x0000000000046b00:   
[error occurred during error reporting (printing registers, top of stack, instructions near pc), id 0xb]

Register to memory mapping:

RAX=
[error occurred during error reporting (printing register info), id 0xb]

Stack: [0x00007ffc5ed28000,0x00007ffc5ee28000],  sp=0x00007ffc5ee23848,  free space=1006k
Native frames: (J=compiled Java code, j=interpreted, Vv=VM code, C=native code)
C  0x0000000000046b20


---------------  P R O C E S S  ---------------

VM state:at safepoint (shutting down)

VM Mutex/Monitor currently owned by a thread:  ([mutex/lock_event])
[0x00007ff5bc009dd0] Threads_lock - owner thread: 0x00007ff5bc07b000

Heap:
 PSYoungGen      total 68608K, used 43724K [0x00000000d6e00000, 0x00000000db600000, 0x0000000100000000)
  eden space 63488K, 60% used [0x00000000d6e00000,0x00000000d93b7048,0x00000000dac00000)
  from space 5120K, 99% used [0x00000000db100000,0x00000000db5fc010,0x00000000db600000)
  to   space 5120K, 0% used [0x00000000dac00000,0x00000000dac00000,0x00000000db100000)
 ParOldGen       total 84992K, used 10850K [0x0000000084a00000, 0x0000000089d00000, 0x00000000d6e00000)
  object space 84992K, 12% used [0x0000000084a00000,0x0000000085498900,0x0000000089d00000)
 Metaspace       used 19150K, capacity 19262K, committed 19456K, reserved 1067008K
  class space    used 2487K, capacity 2525K, committed 2560K, reserved 1048576K

Card table byte_map: [0x00007ff5acc24000,0x00007ff5ad000000] byte_map_base: 0x00007ff5ac7ff000

Marking Bits: (ParMarkBitMap*) 0x00007ff5c2fe0220
 Begin Bits: [0x00007ff5a8b71000, 0x00007ff5aaa49000)
 End Bits:   [0x00007ff5aaa49000, 0x00007ff5ac921000)

Polling page: 0x00007ff5c3e32000

CodeCache: size=245760Kb used=7155Kb max_used=7199Kb free=238604Kb
 bounds [0x00007ff5ad000000, 0x00007ff5ad720000, 0x00007ff5bc000000]
 total_blobs=2583 nmethods=2196 adapters=299
 compilation: enabled

Compilation events (10 events):
Event: 5.272 Thread 0x00007ff5bc0b5000 2195       3       fr.irisa.cairn.jnimap.isl.jni.JNIISLMatrix::getNbRows (22 bytes)
Event: 5.272 Thread 0x00007ff5bc0b5000 nmethod 2195 0x00007ff5ad6d6a10 code [0x00007ff5ad6d6c20, 0x00007ff5ad6d74b8]
Event: 5.273 Thread 0x00007ff5bc0b5000 2197       3       org.polymodel.algebra.factory.IntExpressionBuilder::affine (59 bytes)
Event: 5.274 Thread 0x00007ff5bc0b5000 nmethod 2197 0x00007ff5ad6d78d0 code [0x00007ff5ad6d7ba0, 0x00007ff5ad6d8f58]
Event: 5.525 Thread 0x00007ff5bc0b3800 nmethod 1877 0x00007ff5ad6e41d0 code [0x00007ff5ad6e4c00, 0x00007ff5ad6ebf10]
Event: 5.525 Thread 0x00007ff5bc0b3800 2172  s    4       java.lang.StringBuffer::toString (36 bytes)
Event: 5.529 Thread 0x00007ff5bc0b3800 nmethod 2172 0x00007ff5ad6e07d0 code [0x00007ff5ad6e0940, 0x00007ff5ad6e0e98]
Event: 5.529 Thread 0x00007ff5bc0b3800 2176       4       org.eclipse.emf.ecore.util.EcoreEList::validate (36 bytes)
Event: 5.530 Thread 0x00007ff5bc0b3800 nmethod 2176 0x00007ff5ad6e1250 code [0x00007ff5ad6e13a0, 0x00007ff5ad6e1438]
Event: 5.795 Thread 0x00007ff5bc0b0800 nmethod 2168 0x00007ff5ad701250 code [0x00007ff5ad701ca0, 0x00007ff5ad709a38]

GC Heap History (8 events):
Event: 2.912 GC heap before
{Heap before GC invocations=1 (full 0):
 PSYoungGen      total 36864K, used 31744K [0x00000000d6e00000, 0x00000000d9700000, 0x0000000100000000)
  eden space 31744K, 100% used [0x00000000d6e00000,0x00000000d8d00000,0x00000000d8d00000)
  from space 5120K, 0% used [0x00000000d9200000,0x00000000d9200000,0x00000000d9700000)
  to   space 5120K, 0% used [0x00000000d8d00000,0x00000000d8d00000,0x00000000d9200000)
 ParOldGen       total 84992K, used 0K [0x0000000084a00000, 0x0000000089d00000, 0x00000000d6e00000)
  object space 84992K, 0% used [0x0000000084a00000,0x0000000084a00000,0x0000000089d00000)
 Metaspace       used 6650K, capacity 6722K, committed 7040K, reserved 1056768K
  class space    used 738K, capacity 787K, committed 896K, reserved 1048576K
Event: 2.940 GC heap after
Heap after GC invocations=1 (full 0):
 PSYoungGen      total 36864K, used 5115K [0x00000000d6e00000, 0x00000000d9700000, 0x0000000100000000)
  eden space 31744K, 0% used [0x00000000d6e00000,0x00000000d6e00000,0x00000000d8d00000)
  from space 5120K, 99% used [0x00000000d8d00000,0x00000000d91fed70,0x00000000d9200000)
  to   space 5120K, 0% used [0x00000000d9200000,0x00000000d9200000,0x00000000d9700000)
 ParOldGen       total 84992K, used 925K [0x0000000084a00000, 0x0000000089d00000, 0x00000000d6e00000)
  object space 84992K, 1% used [0x0000000084a00000,0x0000000084ae7580,0x0000000089d00000)
 Metaspace       used 6650K, capacity 6722K, committed 7040K, reserved 1056768K
  class space    used 738K, capacity 787K, committed 896K, reserved 1048576K
}
Event: 3.877 GC heap before
{Heap before GC invocations=2 (full 0):
 PSYoungGen      total 36864K, used 36859K [0x00000000d6e00000, 0x00000000d9700000, 0x0000000100000000)
  eden space 31744K, 100% used [0x00000000d6e00000,0x00000000d8d00000,0x00000000d8d00000)
  from space 5120K, 99% used [0x00000000d8d00000,0x00000000d91fed70,0x00000000d9200000)
  to   space 5120K, 0% used [0x00000000d9200000,0x00000000d9200000,0x00000000d9700000)
 ParOldGen       total 84992K, used 925K [0x0000000084a00000, 0x0000000089d00000, 0x00000000d6e00000)
  object space 84992K, 1% used [0x0000000084a00000,0x0000000084ae7580,0x0000000089d00000)
 Metaspace       used 10500K, capacity 10600K, committed 10880K, reserved 1058816K
  class space    used 1314K, capacity 1332K, committed 1408K, reserved 1048576K
Event: 3.960 GC heap after
Heap after GC invocations=2 (full 0):
 PSYoungGen      total 36864K, used 5088K [0x00000000d6e00000, 0x00000000db600000, 0x0000000100000000)
  eden space 31744K, 0% used [0x00000000d6e00000,0x00000000d6e00000,0x00000000d8d00000)
  from space 5120K, 99% used [0x00000000d9200000,0x00000000d96f8020,0x00000000d9700000)
  to   space 5120K, 0% used [0x00000000d8d00000,0x00000000d8d00000,0x00000000d9200000)
 ParOldGen       total 84992K, used 4418K [0x0000000084a00000, 0x0000000089d00000, 0x00000000d6e00000)
  object space 84992K, 5% used [0x0000000084a00000,0x0000000084e50b28,0x0000000089d00000)
 Metaspace       used 10500K, capacity 10600K, committed 10880K, reserved 1058816K
  class space    used 1314K, capacity 1332K, committed 1408K, reserved 1048576K
}
Event: 4.260 GC heap before
{Heap before GC invocations=3 (full 0):
 PSYoungGen      total 36864K, used 36832K [0x00000000d6e00000, 0x00000000db600000, 0x0000000100000000)
  eden space 31744K, 100% used [0x00000000d6e00000,0x00000000d8d00000,0x00000000d8d00000)
  from space 5120K, 99% used [0x00000000d9200000,0x00000000d96f8020,0x00000000d9700000)
  to   space 5120K, 0% used [0x00000000d8d00000,0x00000000d8d00000,0x00000000d9200000)
 ParOldGen       total 84992K, used 4418K [0x0000000084a00000, 0x0000000089d00000, 0x00000000d6e00000)
  object space 84992K, 5% used [0x0000000084a00000,0x0000000084e50b28,0x0000000089d00000)
 Metaspace       used 12548K, capacity 12678K, committed 12928K, reserved 1060864K
  class space    used 1598K, capacity 1657K, committed 1664K, reserved 1048576K
Event: 4.283 GC heap after
Heap after GC invocations=3 (full 0):
 PSYoungGen      total 36864K, used 5088K [0x00000000d6e00000, 0x00000000db600000, 0x0000000100000000)
  eden space 31744K, 0% used [0x00000000d6e00000,0x00000000d6e00000,0x00000000d8d00000)
  from space 5120K, 99% used [0x00000000d8d00000,0x00000000d91f8020,0x00000000d9200000)
  to   space 5120K, 0% used [0x00000000db100000,0x00000000db100000,0x00000000db600000)
 ParOldGen       total 84992K, used 7695K [0x0000000084a00000, 0x0000000089d00000, 0x00000000d6e00000)
  object space 84992K, 9% used [0x0000000084a00000,0x0000000085183e70,0x0000000089d00000)
 Metaspace       used 12548K, capacity 12678K, committed 12928K, reserved 1060864K
  class space    used 1598K, capacity 1657K, committed 1664K, reserved 1048576K
}
Event: 4.623 GC heap before
{Heap before GC invocations=4 (full 0):
 PSYoungGen      total 36864K, used 36832K [0x00000000d6e00000, 0x00000000db600000, 0x0000000100000000)
  eden space 31744K, 100% used [0x00000000d6e00000,0x00000000d8d00000,0x00000000d8d00000)
  from space 5120K, 99% used [0x00000000d8d00000,0x00000000d91f8020,0x00000000d9200000)
  to   space 5120K, 0% used [0x00000000db100000,0x00000000db100000,0x00000000db600000)
 ParOldGen       total 84992K, used 7695K [0x0000000084a00000, 0x0000000089d00000, 0x00000000d6e00000)
  object space 84992K, 9% used [0x0000000084a00000,0x0000000085183e70,0x0000000089d00000)
 Metaspace       used 15186K, capacity 15282K, committed 15616K, reserved 1062912K
  class space    used 1993K, capacity 2011K, committed 2048K, reserved 1048576K
Event: 4.684 GC heap after
Heap after GC invocations=4 (full 0):
 PSYoungGen      total 68608K, used 5104K [0x00000000d6e00000, 0x00000000db600000, 0x0000000100000000)
  eden space 63488K, 0% used [0x00000000d6e00000,0x00000000d6e00000,0x00000000dac00000)
  from space 5120K, 99% used [0x00000000db100000,0x00000000db5fc010,0x00000000db600000)
  to   space 5120K, 0% used [0x00000000dac00000,0x00000000dac00000,0x00000000db100000)
 ParOldGen       total 84992K, used 10850K [0x0000000084a00000, 0x0000000089d00000, 0x00000000d6e00000)
  object space 84992K, 12% used [0x0000000084a00000,0x0000000085498900,0x0000000089d00000)
 Metaspace       used 15186K, capacity 15282K, committed 15616K, reserved 1062912K
  class space    used 1993K, capacity 2011K, committed 2048K, reserved 1048576K
}

Deoptimization events (10 events):
Event: 5.047 Thread 0x00007ff5bc00d800 Uncommon trap: reason=array_check action=maybe_recompile pc=0x00007ff5ad5f8f7c method=org.eclipse.emf.common.util.BasicEList.assign(ILjava/lang/Object;)Ljava/lang/Object; @ 6
Event: 5.047 Thread 0x00007ff5bc00d800 Uncommon trap: reason=array_check action=maybe_recompile pc=0x00007ff5ad5f8f7c method=org.eclipse.emf.common.util.BasicEList.assign(ILjava/lang/Object;)Ljava/lang/Object; @ 6
Event: 5.047 Thread 0x00007ff5bc00d800 Uncommon trap: reason=array_check action=maybe_recompile pc=0x00007ff5ad5f8f7c method=org.eclipse.emf.common.util.BasicEList.assign(ILjava/lang/Object;)Ljava/lang/Object; @ 6
Event: 5.064 Thread 0x00007ff5bc00d800 Uncommon trap: reason=unstable_if action=reinterpret pc=0x00007ff5ad578d64 method=java.util.HashMap.hash(Ljava/lang/Object;)I @ 1
Event: 5.064 Thread 0x00007ff5bc00d800 Uncommon trap: reason=unstable_if action=reinterpret pc=0x00007ff5ad1feb30 method=java.util.HashMap.hash(Ljava/lang/Object;)I @ 1
Event: 5.066 Thread 0x00007ff5bc00d800 Uncommon trap: reason=unstable_if action=reinterpret pc=0x00007ff5ad43068c method=java.util.HashMap.hash(Ljava/lang/Object;)I @ 1
Event: 5.068 Thread 0x00007ff5bc00d800 Uncommon trap: reason=unstable_if action=reinterpret pc=0x00007ff5ad4d50e8 method=java.util.HashMap.hash(Ljava/lang/Object;)I @ 1
Event: 5.164 Thread 0x00007ff5bc00d800 Uncommon trap: reason=bimorphic action=maybe_recompile pc=0x00007ff5ad550b1c method=org.eclipse.emf.ecore.util.EContentsEList$FeatureIteratorImpl.hasNext()Z @ 279
Event: 5.164 Thread 0x00007ff5bc00d800 Uncommon trap: reason=bimorphic action=maybe_recompile pc=0x00007ff5ad550b1c method=org.eclipse.emf.ecore.util.EContentsEList$FeatureIteratorImpl.hasNext()Z @ 279
Event: 22665.436 Thread 0x00007ff5bc00d800 Uncommon trap: reason=null_check action=make_not_entrant pc=0x00007ff5ad66942c method=java.lang.StringCoding.deref(Ljava/lang/ThreadLocal;)Ljava/lang/Object; @ 4

Internal exceptions (10 events):
Event: 22607.212 Thread 0x00007ff5bc00d800 Exception <a 'java/io/IOException'> (0x00000000d9285b70) thrown at [/build/openjdk-8-YiEakL/openjdk-8-8u121-b13/src/hotspot/src/share/vm/prims/jni.cpp, line 709]
Event: 22607.431 Thread 0x00007ff5bc00d800 Exception <a 'java/io/IOException'> (0x00000000d9285e08) thrown at [/build/openjdk-8-YiEakL/openjdk-8-8u121-b13/src/hotspot/src/share/vm/prims/jni.cpp, line 709]
Event: 22607.431 Thread 0x00007ff5bc00d800 Exception <a 'java/io/IOException'> (0x00000000d9286070) thrown at [/build/openjdk-8-YiEakL/openjdk-8-8u121-b13/src/hotspot/src/share/vm/prims/jni.cpp, line 709]
Event: 22615.762 Thread 0x00007ff5bc00d800 Exception <a 'java/io/IOException'> (0x00000000d9286860) thrown at [/build/openjdk-8-YiEakL/openjdk-8-8u121-b13/src/hotspot/src/share/vm/prims/jni.cpp, line 709]
Event: 22615.762 Thread 0x00007ff5bc00d800 Exception <a 'java/io/IOException'> (0x00000000d9286af8) thrown at [/build/openjdk-8-YiEakL/openjdk-8-8u121-b13/src/hotspot/src/share/vm/prims/jni.cpp, line 709]
Event: 22615.762 Thread 0x00007ff5bc00d800 Exception <a 'java/io/IOException'> (0x00000000d9286d60) thrown at [/build/openjdk-8-YiEakL/openjdk-8-8u121-b13/src/hotspot/src/share/vm/prims/jni.cpp, line 709]
Event: 22616.132 Thread 0x00007ff5bc00d800 Exception <a 'java/io/IOException'> (0x00000000d9287318) thrown at [/build/openjdk-8-YiEakL/openjdk-8-8u121-b13/src/hotspot/src/share/vm/prims/jni.cpp, line 709]
Event: 22616.132 Thread 0x00007ff5bc00d800 Exception <a 'java/io/IOException'> (0x00000000d92875b0) thrown at [/build/openjdk-8-YiEakL/openjdk-8-8u121-b13/src/hotspot/src/share/vm/prims/jni.cpp, line 709]
Event: 22616.132 Thread 0x00007ff5bc00d800 Exception <a 'java/io/IOException'> (0x00000000d9287818) thrown at [/build/openjdk-8-YiEakL/openjdk-8-8u121-b13/src/hotspot/src/share/vm/prims/jni.cpp, line 709]
Event: 22664.307 Thread 0x00007ff5bc00d800 Implicit null exception at 0x00007ff5ad668e0d to 0x00007ff5ad669415

Events (10 events):
Event: 22618.939 Thread 0x00007ff5bc00d800 Thread exited: 0x00007ff5bc00d800
Event: 22619.901 Thread 0x00007ff5bc00d800 Thread added: 0x00007ff5bc00d800
Event: 22622.829 loading class java/util/IdentityHashMap$KeyIterator
Event: 22626.287 loading class java/util/IdentityHashMap$KeyIterator done
Event: 22626.732 Thread 0x00007ff5bc9a4800 Thread added: 0x00007ff5bc9a4800
Event: 22642.946 Thread 0x00007ff5bc9a4800 Thread exited: 0x00007ff5bc9a4800
Event: 22664.720 Thread 0x00007ff5bc00d800 Uncommon trap: trap_request=0xfffffff4 fr.pc=0x00007ff5ad66942c
Event: 22665.444 Thread 0x00007ff5bc00d800 DEOPT PACKING pc=0x00007ff5ad66942c sp=0x00007ff5c3e051c0
Event: 22665.552 Thread 0x00007ff5bc00d800 DEOPT UNPACKING pc=0x00007ff5ad004f69 sp=0x00007ff5c3e050c0 mode 2
Event: 22669.974 Thread 0x00007ff5bc00d800 Thread exited: 0x00007ff5bc00d800


Dynamic libraries:
00400000-00401000 r-xp 00000000 08:09 7087821                            /usr/lib/jvm/java-8-openjdk-amd64/jre/bin/java
00600000-00601000 r--p 00000000 08:09 7087821                            /usr/lib/jvm/java-8-openjdk-amd64/jre/bin/java
00601000-00602000 rw-p 00001000 08:09 7087821                            /usr/lib/jvm/java-8-openjdk-amd64/jre/bin/java
01dd9000-01dfa000 rw-p 00000000 00:00 0                                  [heap]
84a00000-89d00000 rw-p 00000000 00:00 0 
89d00000-d6e00000 ---p 00000000 00:00 0 
d6e00000-db600000 rw-p 00000000 00:00 0 
db600000-100000000 ---p 00000000 00:00 0 
100000000-100280000 rw-p 00000000 00:00 0 
100280000-140000000 ---p 00000000 00:00 0 
7ff558000000-7ff558021000 rw-p 00000000 00:00 0 
7ff558021000-7ff55c000000 ---p 00000000 00:00 0 
7ff560000000-7ff560021000 rw-p 00000000 00:00 0 
7ff560021000-7ff564000000 ---p 00000000 00:00 0 
7ff564000000-7ff564021000 rw-p 00000000 00:00 0 
7ff564021000-7ff568000000 ---p 00000000 00:00 0 
7ff568000000-7ff568021000 rw-p 00000000 00:00 0 
7ff568021000-7ff56c000000 ---p 00000000 00:00 0 
7ff56c000000-7ff56c021000 rw-p 00000000 00:00 0 
7ff56c021000-7ff570000000 ---p 00000000 00:00 0 
7ff570000000-7ff570f51000 rw-p 00000000 00:00 0 
7ff570f51000-7ff574000000 ---p 00000000 00:00 0 
7ff574000000-7ff574660000 rw-p 00000000 00:00 0 
7ff574660000-7ff578000000 ---p 00000000 00:00 0 
7ff578000000-7ff578021000 rw-p 00000000 00:00 0 
7ff578021000-7ff57c000000 ---p 00000000 00:00 0 
7ff57c000000-7ff57d161000 rw-p 00000000 00:00 0 
7ff57d161000-7ff580000000 ---p 00000000 00:00 0 
7ff580000000-7ff580021000 rw-p 00000000 00:00 0 
7ff580021000-7ff584000000 ---p 00000000 00:00 0 
7ff584000000-7ff584021000 rw-p 00000000 00:00 0 
7ff584021000-7ff588000000 ---p 00000000 00:00 0 
7ff588000000-7ff588021000 rw-p 00000000 00:00 0 
7ff588021000-7ff58c000000 ---p 00000000 00:00 0 
7ff58c000000-7ff58c021000 rw-p 00000000 00:00 0 
7ff58c021000-7ff590000000 ---p 00000000 00:00 0 
7ff590000000-7ff590021000 rw-p 00000000 00:00 0 
7ff590021000-7ff594000000 ---p 00000000 00:00 0 
7ff598000000-7ff598021000 rw-p 00000000 00:00 0 
7ff598021000-7ff59c000000 ---p 00000000 00:00 0 
7ff5a0000000-7ff5a0021000 rw-p 00000000 00:00 0 
7ff5a0021000-7ff5a4000000 ---p 00000000 00:00 0 
7ff5a48c0000-7ff5a48c3000 ---p 00000000 00:00 0 
7ff5a48c3000-7ff5a4a41000 rw-p 00000000 00:00 0 
7ff5a4a41000-7ff5a4bc1000 ---p 00000000 00:00 0 
7ff5a4bc1000-7ff5a4c36000 r-xp 00000000 08:09 26877614                   /home/hrishi/workspace/Console/.jnimap.temp.linux_64/libgmp.so.10 (deleted)
7ff5a4c36000-7ff5a4e35000 ---p 00075000 08:09 26877614                   /home/hrishi/workspace/Console/.jnimap.temp.linux_64/libgmp.so.10 (deleted)
7ff5a4e35000-7ff5a4e37000 rw-p 00074000 08:09 26877614                   /home/hrishi/workspace/Console/.jnimap.temp.linux_64/libgmp.so.10 (deleted)
7ff5a4e37000-7ff5a4f9f000 r-xp 00000000 08:09 26877613                   /home/hrishi/workspace/Console/.jnimap.temp.linux_64/libisl.so.13 (deleted)
7ff5a4f9f000-7ff5a519e000 ---p 00168000 08:09 26877613                   /home/hrishi/workspace/Console/.jnimap.temp.linux_64/libisl.so.13 (deleted)
7ff5a519e000-7ff5a51a5000 rw-p 00167000 08:09 26877613                   /home/hrishi/workspace/Console/.jnimap.temp.linux_64/libisl.so.13 (deleted)
7ff5a51a5000-7ff5a522a000 r-xp 00000000 08:09 26877615                   /home/hrishi/workspace/Console/.jnimap.temp.linux_64/linux_64_libjniisl.so (deleted)
7ff5a522a000-7ff5a5429000 ---p 00085000 08:09 26877615                   /home/hrishi/workspace/Console/.jnimap.temp.linux_64/linux_64_libjniisl.so (deleted)
7ff5a5429000-7ff5a542c000 rw-p 00084000 08:09 26877615                   /home/hrishi/workspace/Console/.jnimap.temp.linux_64/linux_64_libjniisl.so (deleted)
7ff5a542c000-7ff5a562c000 rw-p 00000000 00:00 0 
7ff5a562c000-7ff5a582c000 rw-p 00000000 00:00 0 
7ff5a582c000-7ff5a5a2c000 rw-p 00000000 00:00 0 
7ff5a5a2c000-7ff5a5a2f000 ---p 00000000 00:00 0 
7ff5a5a2f000-7ff5a5d2d000 rw-p 00000000 00:00 0 
7ff5a5d2d000-7ff5a5d30000 ---p 00000000 00:00 0 
7ff5a5d30000-7ff5a5e2e000 rw-p 00000000 00:00 0 
7ff5a5e2e000-7ff5a5e31000 r--s 00015000 08:09 7085469                    /usr/lib/jvm/java-8-openjdk-amd64/jre/lib/jce.jar
7ff5a5e31000-7ff5a5e35000 r--s 0009a000 08:09 7085467                    /usr/lib/jvm/java-8-openjdk-amd64/jre/lib/jsse.jar
7ff5a5e35000-7ff5a5e38000 r--s 00014000 08:09 26516293                   /home/hrishi/.eclipse/org.eclipse.platform_4.6.0_1473617060_linux_gtk_x86_64/plugins/fr.irisa.r2d2.parser.runtime_1.0.0.201612051604.jar
7ff5a5e38000-7ff5a5e40000 r--s 0003c000 08:09 26516292                   /home/hrishi/.eclipse/org.eclipse.platform_4.6.0_1473617060_linux_gtk_x86_64/plugins/fr.irisa.r2d2.gecos.framework_1.0.0.201612051604.jar
7ff5a5e40000-7ff5a5e4a000 r--s 0006c000 08:09 26516357                   /home/hrishi/.eclipse/org.eclipse.platform_4.6.0_1473617060_linux_gtk_x86_64/plugins/org.eclipse.xtext.common.types_2.10.0.v201605250459.jar
7ff5a5e4a000-7ff5a5e7a000 r--s 0044d000 08:09 26516369                   /home/hrishi/.eclipse/org.eclipse.platform_4.6.0_1473617060_linux_gtk_x86_64/plugins/org.eclipse.xtext.xbase_2.10.0.v201605250459.jar
7ff5a5e7a000-7ff5a5e7d000 r--s 0000f000 08:09 26516352                   /home/hrishi/.eclipse/org.eclipse.platform_4.6.0_1473617060_linux_gtk_x86_64/plugins/org.eclipse.xtend.lib.macro_2.10.0.v201605250459.jar
7ff5a5e7d000-7ff5a5e81000 r--s 00035000 08:09 26516351                   /home/hrishi/.eclipse/org.eclipse.platform_4.6.0_1473617060_linux_gtk_x86_64/plugins/org.eclipse.xtend.lib_2.10.0.v201605250459.jar
7ff5a5e81000-7ff5a5e82000 r--s 00001000 08:09 26516354                   /home/hrishi/.eclipse/org.eclipse.platform_4.6.0_1473617060_linux_gtk_x86_64/plugins/org.eclipse.xtend2.lib_2.10.0.v201605250459.jar
7ff5a5e82000-7ff5a5e88000 r--s 0003f000 08:09 26516368                   /home/hrishi/.eclipse/org.eclipse.platform_4.6.0_1473617060_linux_gtk_x86_64/plugins/org.eclipse.xtext.util_2.10.0.v201605250459.jar
7ff5a5e88000-7ff5a5eb9000 r--s 0024b000 08:09 26516355                   /home/hrishi/.eclipse/org.eclipse.platform_4.6.0_1473617060_linux_gtk_x86_64/plugins/org.eclipse.xtext_2.10.0.v201605250459.jar
7ff5a5eb9000-7ff5a5ec1000 r--s 00061000 08:09 26516277                   /home/hrishi/.eclipse/org.eclipse.platform_4.6.0_1473617060_linux_gtk_x86_64/plugins/edu.csu.melange.alphabets_0.9.6.201612051604.jar
7ff5a5ec1000-7ff5a5ec2000 r--s 00008000 08:09 26516336                   /home/hrishi/.eclipse/org.eclipse.platform_4.6.0_1473617060_linux_gtk_x86_64/plugins/org.polymodel.scop.cgenerator2_1.0.0.201612051604.jar
7ff5a5ec2000-7ff5a5ec5000 r--s 00024000 08:09 26516337                   /home/hrishi/.eclipse/org.eclipse.platform_4.6.0_1473617060_linux_gtk_x86_64/plugins/org.polymodel.scop.dtiler_1.0.0.201612051604.jar
7ff5a5ec5000-7ff5a5ec6000 r--s 00001000 08:09 26516335                   /home/hrishi/.eclipse/org.eclipse.platform_4.6.0_1473617060_linux_gtk_x86_64/plugins/org.polymodel.scop.bridge.clast_1.0.0.201612051604.jar
7ff5a5ec6000-7ff5a5ecb000 r--s 0002a000 08:09 26516334                   /home/hrishi/.eclipse/org.eclipse.platform_4.6.0_1473617060_linux_gtk_x86_64/plugins/org.polymodel.scop_1.0.0.201612051604.jar
7ff5a5ecb000-7ff5a5ede000 r--s 0012e000 08:09 26516300                   /home/hrishi/.eclipse/org.eclipse.platform_4.6.0_1473617060_linux_gtk_x86_64/plugins/org.polymodel.polyhedralIR.codegen_1.0.0.201612051604.jar
7ff5a5ede000-7ff5a5ee1000 r--s 008e1000 08:09 26516287                   /home/hrishi/.eclipse/org.eclipse.platform_4.6.0_1473617060_linux_gtk_x86_64/plugins/fr.irisa.cairn.jnimap.cloog_1.0.0.201612051604.jar
7ff5a5ee1000-7ff5a5ee5000 r--s 00031000 08:09 26516341                   /home/hrishi/.eclipse/org.eclipse.platform_4.6.0_1473617060_linux_gtk_x86_64/plugins/org.antlr.runtime_3.2.0.v201101311130.jar
7ff5a5ee5000-7ff5a5ee6000 r--s 00011000 08:09 10748494                   /opt/eclipse/plugins/org.apache.commons.logging_1.1.1.v201101211721.jar
7ff5a5ee6000-7ff5a5eee000 r--s 0005e000 08:09 10748531                   /opt/eclipse/plugins/org.apache.log4j_1.2.15.v201012070815.jar
7ff5a5eee000-7ff5a5ef0000 r--s 00008000 08:09 26516346                   /home/hrishi/.eclipse/org.eclipse.platform_4.6.0_1473617060_linux_gtk_x86_64/plugins/org.eclipse.emf.mwe.utils_1.3.20.v201605261103.jar
7ff5a5ef0000-7ff5a5ef1000 r--s 00003000 08:09 26516348                   /home/hrishi/.eclipse/org.eclipse.platform_4.6.0_1473617060_linux_gtk_x86_64/plugins/org.eclipse.emf.mwe2.runtime_2.9.0.v201605261103.jar
7ff5a5ef1000-7ff5a5ef2000 r--s 0000b000 08:09 26516339                   /home/hrishi/.eclipse/org.eclipse.platform_4.6.0_1473617060_linux_gtk_x86_64/plugins/org.apache.commons.cli_1.2.0.v201404270220.jar
7ff5a5ef2000-7ff5a5ef8000 r--s 0002a000 08:09 26516345                   /home/hrishi/.eclipse/org.eclipse.platform_4.6.0_1473617060_linux_gtk_x86_64/plugins/org.eclipse.emf.mwe.core_1.3.20.v201605261103.jar
7ff5a5ef8000-7ff5a5efa000 r--s 00009000 08:09 26516279                   /home/hrishi/.eclipse/org.eclipse.platform_4.6.0_1473617060_linux_gtk_x86_64/plugins/edu.csu.melange.affineLattice_1.0.0.jar
7ff5a5efa000-7ff5a5efc000 r--s 00000000 08:09 26516338                   /home/hrishi/.eclipse/org.eclipse.platform_4.6.0_1473617060_linux_gtk_x86_64/plugins/tom.mapping_1.0.0.201612051604.jar
7ff5a5efc000-7ff5a5f03000 r--s 0004d000 08:09 26516333                   /home/hrishi/.eclipse/org.eclipse.platform_4.6.0_1473617060_linux_gtk_x86_64/plugins/org.polymodel.prdg.scheduling_1.0.0.201612051604.jar
7ff5a5f03000-7ff5a5f06000 r--s 0001f000 08:09 26516370                   /home/hrishi/.eclipse/org.eclipse.platform_4.6.0_1473617060_linux_gtk_x86_64/plugins/org.eclipse.xtext.xbase.lib_2.10.0.v201605250459.jar
7ff5a5f06000-7ff5a5f08000 r--s 00004000 08:09 26516299                   /home/hrishi/.eclipse/org.eclipse.platform_4.6.0_1473617060_linux_gtk_x86_64/plugins/org.polymodel.matrix_1.0.0.201612051604.jar
7ff5a5f08000-7ff5a5f0a000 r--s 00005000 08:09 26516332                   /home/hrishi/.eclipse/org.eclipse.platform_4.6.0_1473617060_linux_gtk_x86_64/plugins/org.polymodel.prdg.adapter_1.0.0.201612051604.jar
7ff5a5f0a000-7ff5a5f0c000 r--s 00009000 08:09 26516301                   /home/hrishi/.eclipse/org.eclipse.platform_4.6.0_1473617060_linux_gtk_x86_64/plugins/org.polymodel.prdg_1.0.0.201612051604.jar
7ff5a5f0c000-7ff5a5f0e000 r--s 00013000 08:09 26516297                   /home/hrishi/.eclipse/org.eclipse.platform_4.6.0_1473617060_linux_gtk_x86_64/plugins/org.polymodel.isl_1.0.0.201612051604.jar
7ff5a5f0e000-7ff5a5f18000 r--s 000a4000 08:09 26516295                   /home/hrishi/.eclipse/org.eclipse.platform_4.6.0_1473617060_linux_gtk_x86_64/plugins/org.polymodel.algebra_1.0.0.201612051604.jar
7ff5a5f18000-7ff5a5f1b000 r--s 0002b000 08:09 26516294                   /home/hrishi/.eclipse/org.eclipse.platform_4.6.0_1473617060_linux_gtk_x86_64/plugins/org.polymodel_1.0.0.201612051604.jar
7ff5a5f1b000-7ff5a5f45000 r--s 001ff000 08:09 10749007                   /opt/eclipse/plugins/com.google.guava_15.0.0.v201403281430.jar
7ff5a5f45000-7ff5a5f46000 r--s 0000f000 08:09 28708338                   /home/hrishi/.eclipse/org.eclipse.platform_4.6.0_1473617060_linux_gtk_x86_64/plugins/fr.irisa.cairn.tools_1.0.0.201612051604/lib/javatuples-1.2.jar
7ff5a5f46000-7ff5a5f47000 r--s 0000b000 08:09 28708337                   /home/hrishi/.eclipse/org.eclipse.platform_4.6.0_1473617060_linux_gtk_x86_64/plugins/fr.irisa.cairn.tools_1.0.0.201612051604/lib/javatuples-1.2-sources.jar
7ff5a5f47000-7ff5a5f4a000 r--s 00037000 08:09 28708336                   /home/hrishi/.eclipse/org.eclipse.platform_4.6.0_1473617060_linux_gtk_x86_64/plugins/fr.irisa.cairn.tools_1.0.0.201612051604/lib/javatuples-1.2-javadoc.jar
7ff5a5f4a000-7ff5a5f4b000 r--s 00000000 08:09 26516289                   /home/hrishi/.eclipse/org.eclipse.platform_4.6.0_1473617060_linux_gtk_x86_64/plugins/fr.irisa.cairn.jnimap.runtime_1.0.0.201612051604.jar
7ff5a5f4b000-7ff5a5f50000 r--s 00b6c000 08:09 26516288                   /home/hrishi/.eclipse/org.eclipse.platform_4.6.0_1473617060_linux_gtk_x86_64/plugins/fr.irisa.cairn.jnimap.isl_2.1.0.201612051604.jar
7ff5a5f50000-7ff5a5f52000 r--s 00007000 08:09 26516286                   /home/hrishi/.eclipse/org.eclipse.platform_4.6.0_1473617060_linux_gtk_x86_64/plugins/fr.irisa.cairn.graph.guice_1.0.0.201612051604.jar
7ff5a5f52000-7ff5a5f54000 r--s 00009000 08:09 10748202                   /opt/eclipse/plugins/com.google.inject.multibindings_3.0.0.v201605172100.jar
7ff5a5f54000-7ff5a5f5f000 r--s 00077000 08:09 10748760                   /opt/eclipse/plugins/com.google.inject_3.0.0.v201605172100.jar
7ff5a5f5f000-7ff5a5f77000 r--s 0015b000 08:09 28061747                   /home/hrishi/.eclipse/org.eclipse.platform_4.6.0_1473617060_linux_gtk_x86_64/plugins/fr.irisa.cairn.graph_1.0.0.201612051604/lib/jgrapht-ext-0.9.1-uber.jar
7ff5a5f77000-7ff5a5fa7000 rw-p 00000000 00:00 0 
7ff5a5fa7000-7ff5a60d7000 r--s 010bc000 08:09 28708362                   /home/hrishi/.eclipse/org.eclipse.platform_4.6.0_1473617060_linux_gtk_x86_64/plugins/fr.irisa.cairn.eclipse.tom_2.10.0.201612051604/libs/aircube-bundle.jar
7ff5a60d7000-7ff5a60db000 r--s 00035000 08:09 10748985                   /opt/eclipse/plugins/org.eclipse.emf.ecore.xmi_2.12.0.v20160420-0247.jar
7ff5a60db000-7ff5a60e2000 r--s 00051000 08:09 10748503                   /opt/eclipse/plugins/org.eclipse.emf.common_2.12.0.v20160420-0247.jar
7ff5a60e2000-7ff5a60f4000 r--s 00111000 08:09 10748217                   /opt/eclipse/plugins/org.eclipse.emf.ecore_2.12.0.v20160420-0247.jar
7ff5a60f4000-7ff5a60f9000 r--s 00030000 08:09 10748396                   /opt/eclipse/plugins/org.eclipse.ui.console_3.6.200.v20160518-1858.jar
7ff5a60f9000-7ff5a613b000 r--s 00398000 08:09 10748311                   /opt/eclipse/plugins/org.eclipse.ui.workbench_3.108.0.v20160602-1232.jar
7ff5a613b000-7ff5a613f000 r--s 00019000 08:09 10748602                   /opt/eclipse/plugins/org.eclipse.core.commands_3.8.0.v20160316-1921.jar
7ff5a613f000-7ff5a6151000 r--s 000f8000 08:09 10748780                   /opt/eclipse/plugins/org.eclipse.jface_3.12.0.v20160518-1929.jar
7ff5a6151000-7ff5a6166000 r--s 0028f000 08:09 10748863                   /opt/eclipse/plugins/org.eclipse.swt.gtk.linux.x86_64_3.105.0.v20160603-0902.jar
7ff5a6166000-7ff5a616f000 r--s 00058000 08:09 10748604                   /opt/eclipse/plugins/org.eclipse.ui_3.108.0.v20160518-1929.jar
7ff5a616f000-7ff5a6171000 r--s 00014000 08:09 10748222                   /opt/eclipse/plugins/org.eclipse.equinox.app_1.3.400.v20150715-1528.jar
7ff5a6171000-7ff5a6173000 r--s 00017000 08:09 10748774                   /opt/eclipse/plugins/org.eclipse.core.contenttype_3.5.100.v20160418-1621.jar
7ff5a6173000-7ff5a6176000 r--s 0001e000 08:09 10748508                   /opt/eclipse/plugins/org.eclipse.equinox.preferences_3.6.0.v20160120-1756.jar
7ff5a6176000-7ff5a617a000 r--s 0002a000 08:09 10749014                   /opt/eclipse/plugins/org.eclipse.equinox.registry_3.6.100.v20160223-2218.jar
7ff5a617a000-7ff5a617d000 r--s 00019000 08:09 10748931                   /opt/eclipse/plugins/org.eclipse.core.jobs_3.8.0.v20160509-0411.jar
7ff5a617d000-7ff5a6180000 r--s 0001b000 08:09 10748983                   /opt/eclipse/plugins/org.eclipse.equinox.common_3.8.0.v20160509-1230.jar
7ff5a6180000-7ff5a6183000 r--s 00039000 08:09 10748174                   /opt/eclipse/plugins/org.eclipse.osgi.compatibility.state_1.0.200.v20160504-1419.jar
7ff5a6183000-7ff5a6198000 r--s 0013d000 08:09 10748755                   /opt/eclipse/plugins/org.eclipse.osgi_3.11.0.v20160603-1336.jar
7ff5a6198000-7ff5a619a000 r--s 00003000 08:09 10748526                   /opt/eclipse/plugins/javax.inject_1.0.0.v20091030.jar
7ff5a619a000-7ff5a619c000 r--s 00011000 08:09 10748883                   /opt/eclipse/plugins/org.eclipse.core.runtime_3.12.0.v20160606-1342.jar
7ff5a619c000-7ff5a61a0000 r--s 00037000 08:09 7085460                    /usr/lib/jvm/java-8-openjdk-amd64/jre/lib/ext/sunpkcs11.jar
7ff5a61a0000-7ff5a61a3000 r--s 0000f000 08:09 7085457                    /usr/lib/jvm/java-8-openjdk-amd64/jre/lib/ext/icedtea-sound.jar
7ff5a61a3000-7ff5a61ad000 r--s 00116000 08:09 7085461                    /usr/lib/jvm/java-8-openjdk-amd64/jre/lib/ext/localedata.jar
7ff5a61ad000-7ff5a61b2000 r--s 0003b000 08:09 7085462                    /usr/lib/jvm/java-8-openjdk-amd64/jre/lib/ext/sunjce_provider.jar
7ff5a61b2000-7ff5a61b3000 ---p 00000000 00:00 0 
7ff5a61b3000-7ff5a62b3000 rw-p 00000000 00:00 0 
7ff5a62b3000-7ff5a62b6000 ---p 00000000 00:00 0 
7ff5a62b6000-7ff5a63b4000 rw-p 00000000 00:00 0 
7ff5a63b4000-7ff5a63b7000 ---p 00000000 00:00 0 
7ff5a63b7000-7ff5a64b5000 rw-p 00000000 00:00 0 
7ff5a64b5000-7ff5a64b8000 ---p 00000000 00:00 0 
7ff5a64b8000-7ff5a65b6000 rw-p 00000000 00:00 0 
7ff5a65b6000-7ff5a65b9000 ---p 00000000 00:00 0 
7ff5a65b9000-7ff5a66b7000 rw-p 00000000 00:00 0 
7ff5a66b7000-7ff5a66ba000 ---p 00000000 00:00 0 
7ff5a66ba000-7ff5a67b8000 rw-p 00000000 00:00 0 
7ff5a67b8000-7ff5a6a90000 r--p 00000000 08:09 2887360                    /usr/lib/locale/locale-archive
7ff5a6a90000-7ff5a6a93000 ---p 00000000 00:00 0 
7ff5a6a93000-7ff5a6b91000 rw-p 00000000 00:00 0 
7ff5a6b91000-7ff5a6b94000 ---p 00000000 00:00 0 
7ff5a6b94000-7ff5a6c92000 rw-p 00000000 00:00 0 
7ff5a6c92000-7ff5a6c93000 ---p 00000000 00:00 0 
7ff5a6c93000-7ff5a7d52000 rw-p 00000000 00:00 0 
7ff5a7d52000-7ff5a7f20000 r--s 03c06000 08:09 7087811                    /usr/lib/jvm/java-8-openjdk-amd64/jre/lib/rt.jar
7ff5a7f20000-7ff5ac921000 rw-p 00000000 00:00 0 
7ff5ac921000-7ff5ac922000 ---p 00000000 00:00 0 
7ff5ac922000-7ff5aca22000 rw-p 00000000 00:00 0 
7ff5aca22000-7ff5aca23000 ---p 00000000 00:00 0 
7ff5aca23000-7ff5acb23000 rw-p 00000000 00:00 0 
7ff5acb23000-7ff5acb24000 ---p 00000000 00:00 0 
7ff5acb24000-7ff5acc4e000 rw-p 00000000 00:00 0 
7ff5acc4e000-7ff5aceb6000 ---p 00000000 00:00 0 
7ff5aceb6000-7ff5aceda000 rw-p 00000000 00:00 0 
7ff5aceda000-7ff5acfff000 ---p 00000000 00:00 0 
7ff5acfff000-7ff5ad000000 rw-p 00000000 00:00 0 
7ff5ad000000-7ff5ad720000 rwxp 00000000 00:00 0 
7ff5ad720000-7ff5bc000000 ---p 00000000 00:00 0 
7ff5bc000000-7ff5bca72000 rw-p 00000000 00:00 0 
7ff5bca72000-7ff5c0000000 ---p 00000000 00:00 0 
7ff5c0000000-7ff5c0001000 r--s 00002000 08:09 10748530                   /opt/eclipse/plugins/org.eclipse.e4.ui.workbench3_0.13.100.v20160506-0759.jar
7ff5c0001000-7ff5c001c000 r--s 001d6000 08:09 7085455                    /usr/lib/jvm/java-8-openjdk-amd64/jre/lib/ext/nashorn.jar
7ff5c001c000-7ff5c003d000 rw-p 00000000 00:00 0 
7ff5c003d000-7ff5c003e000 ---p 00000000 00:00 0 
7ff5c003e000-7ff5c0168000 rw-p 00000000 00:00 0 
7ff5c0168000-7ff5c03d0000 ---p 00000000 00:00 0 
7ff5c03d0000-7ff5c03ed000 rw-p 00000000 00:00 0 
7ff5c03ed000-7ff5c0790000 ---p 00000000 00:00 0 
7ff5c0790000-7ff5c0798000 r-xp 00000000 08:09 7085419                    /usr/lib/jvm/java-8-openjdk-amd64/jre/lib/amd64/libzip.so
7ff5c0798000-7ff5c0997000 ---p 00008000 08:09 7085419                    /usr/lib/jvm/java-8-openjdk-amd64/jre/lib/amd64/libzip.so
7ff5c0997000-7ff5c0998000 r--p 00007000 08:09 7085419                    /usr/lib/jvm/java-8-openjdk-amd64/jre/lib/amd64/libzip.so
7ff5c0998000-7ff5c0999000 rw-p 00008000 08:09 7085419                    /usr/lib/jvm/java-8-openjdk-amd64/jre/lib/amd64/libzip.so
7ff5c0999000-7ff5c09a4000 r-xp 00000000 08:09 24382890                   /lib/x86_64-linux-gnu/libnss_files-2.23.so
7ff5c09a4000-7ff5c0ba3000 ---p 0000b000 08:09 24382890                   /lib/x86_64-linux-gnu/libnss_files-2.23.so
7ff5c0ba3000-7ff5c0ba4000 r--p 0000a000 08:09 24382890                   /lib/x86_64-linux-gnu/libnss_files-2.23.so
7ff5c0ba4000-7ff5c0ba5000 rw-p 0000b000 08:09 24382890                   /lib/x86_64-linux-gnu/libnss_files-2.23.so
7ff5c0ba5000-7ff5c0bab000 rw-p 00000000 00:00 0 
7ff5c0bab000-7ff5c0bb6000 r-xp 00000000 08:09 24382881                   /lib/x86_64-linux-gnu/libnss_nis-2.23.so
7ff5c0bb6000-7ff5c0db5000 ---p 0000b000 08:09 24382881                   /lib/x86_64-linux-gnu/libnss_nis-2.23.so
7ff5c0db5000-7ff5c0db6000 r--p 0000a000 08:09 24382881                   /lib/x86_64-linux-gnu/libnss_nis-2.23.so
7ff5c0db6000-7ff5c0db7000 rw-p 0000b000 08:09 24382881                   /lib/x86_64-linux-gnu/libnss_nis-2.23.so
7ff5c0db7000-7ff5c0dcd000 r-xp 00000000 08:09 24382883                   /lib/x86_64-linux-gnu/libnsl-2.23.so
7ff5c0dcd000-7ff5c0fcc000 ---p 00016000 08:09 24382883                   /lib/x86_64-linux-gnu/libnsl-2.23.so
7ff5c0fcc000-7ff5c0fcd000 r--p 00015000 08:09 24382883                   /lib/x86_64-linux-gnu/libnsl-2.23.so
7ff5c0fcd000-7ff5c0fce000 rw-p 00016000 08:09 24382883                   /lib/x86_64-linux-gnu/libnsl-2.23.so
7ff5c0fce000-7ff5c0fd0000 rw-p 00000000 00:00 0 
7ff5c0fd0000-7ff5c0fd8000 r-xp 00000000 08:09 24382892                   /lib/x86_64-linux-gnu/libnss_compat-2.23.so
7ff5c0fd8000-7ff5c11d7000 ---p 00008000 08:09 24382892                   /lib/x86_64-linux-gnu/libnss_compat-2.23.so
7ff5c11d7000-7ff5c11d8000 r--p 00007000 08:09 24382892                   /lib/x86_64-linux-gnu/libnss_compat-2.23.so
7ff5c11d8000-7ff5c11d9000 rw-p 00008000 08:09 24382892                   /lib/x86_64-linux-gnu/libnss_compat-2.23.so
7ff5c11d9000-7ff5c1206000 r-xp 00000000 08:09 7085444                    /usr/lib/jvm/java-8-openjdk-amd64/jre/lib/amd64/libjava.so
7ff5c1206000-7ff5c1405000 ---p 0002d000 08:09 7085444                    /usr/lib/jvm/java-8-openjdk-amd64/jre/lib/amd64/libjava.so
7ff5c1405000-7ff5c1406000 r--p 0002c000 08:09 7085444                    /usr/lib/jvm/java-8-openjdk-amd64/jre/lib/amd64/libjava.so
7ff5c1406000-7ff5c1408000 rw-p 0002d000 08:09 7085444                    /usr/lib/jvm/java-8-openjdk-amd64/jre/lib/amd64/libjava.so
7ff5c1408000-7ff5c1417000 r-xp 00000000 08:09 7085412                    /usr/lib/jvm/java-8-openjdk-amd64/jre/lib/amd64/libverify.so
7ff5c1417000-7ff5c1616000 ---p 0000f000 08:09 7085412                    /usr/lib/jvm/java-8-openjdk-amd64/jre/lib/amd64/libverify.so
7ff5c1616000-7ff5c1618000 r--p 0000e000 08:09 7085412                    /usr/lib/jvm/java-8-openjdk-amd64/jre/lib/amd64/libverify.so
7ff5c1618000-7ff5c1619000 rw-p 00010000 08:09 7085412                    /usr/lib/jvm/java-8-openjdk-amd64/jre/lib/amd64/libverify.so
7ff5c1619000-7ff5c1620000 r-xp 00000000 08:09 24382893                   /lib/x86_64-linux-gnu/librt-2.23.so
7ff5c1620000-7ff5c181f000 ---p 00007000 08:09 24382893                   /lib/x86_64-linux-gnu/librt-2.23.so
7ff5c181f000-7ff5c1820000 r--p 00006000 08:09 24382893                   /lib/x86_64-linux-gnu/librt-2.23.so
7ff5c1820000-7ff5c1821000 rw-p 00007000 08:09 24382893                   /lib/x86_64-linux-gnu/librt-2.23.so
7ff5c1821000-7ff5c1837000 r-xp 00000000 08:09 24383888                   /lib/x86_64-linux-gnu/libgcc_s.so.1
7ff5c1837000-7ff5c1a36000 ---p 00016000 08:09 24383888                   /lib/x86_64-linux-gnu/libgcc_s.so.1
7ff5c1a36000-7ff5c1a37000 rw-p 00015000 08:09 24383888                   /lib/x86_64-linux-gnu/libgcc_s.so.1
7ff5c1a37000-7ff5c1b3f000 r-xp 00000000 08:09 24382882                   /lib/x86_64-linux-gnu/libm-2.23.so
7ff5c1b3f000-7ff5c1d3e000 ---p 00108000 08:09 24382882                   /lib/x86_64-linux-gnu/libm-2.23.so
7ff5c1d3e000-7ff5c1d3f000 r--p 00107000 08:09 24382882                   /lib/x86_64-linux-gnu/libm-2.23.so
7ff5c1d3f000-7ff5c1d40000 rw-p 00108000 08:09 24382882                   /lib/x86_64-linux-gnu/libm-2.23.so
7ff5c1d40000-7ff5c1eb2000 r-xp 00000000 08:09 2888511                    /usr/lib/x86_64-linux-gnu/libstdc++.so.6.0.21
7ff5c1eb2000-7ff5c20b2000 ---p 00172000 08:09 2888511                    /usr/lib/x86_64-linux-gnu/libstdc++.so.6.0.21
7ff5c20b2000-7ff5c20bc000 r--p 00172000 08:09 2888511                    /usr/lib/x86_64-linux-gnu/libstdc++.so.6.0.21
7ff5c20bc000-7ff5c20be000 rw-p 0017c000 08:09 2888511                    /usr/lib/x86_64-linux-gnu/libstdc++.so.6.0.21
7ff5c20be000-7ff5c20c2000 rw-p 00000000 00:00 0 
7ff5c20c2000-7ff5c2d12000 r-xp 00000000 08:09 7085439                    /usr/lib/jvm/java-8-openjdk-amd64/jre/lib/amd64/server/libjvm.so
7ff5c2d12000-7ff5c2f11000 ---p 00c50000 08:09 7085439                    /usr/lib/jvm/java-8-openjdk-amd64/jre/lib/amd64/server/libjvm.so
7ff5c2f11000-7ff5c2fa4000 r--p 00c4f000 08:09 7085439                    /usr/lib/jvm/java-8-openjdk-amd64/jre/lib/amd64/server/libjvm.so
7ff5c2fa4000-7ff5c2fcd000 rw-p 00ce2000 08:09 7085439                    /usr/lib/jvm/java-8-openjdk-amd64/jre/lib/amd64/server/libjvm.so
7ff5c2fcd000-7ff5c2ffd000 rw-p 00000000 00:00 0 
7ff5c2ffd000-7ff5c3015000 r-xp 00000000 08:09 24382897                   /lib/x86_64-linux-gnu/libpthread-2.23.so
7ff5c3015000-7ff5c3214000 ---p 00018000 08:09 24382897                   /lib/x86_64-linux-gnu/libpthread-2.23.so
7ff5c3214000-7ff5c3215000 r--p 00017000 08:09 24382897                   /lib/x86_64-linux-gnu/libpthread-2.23.so
7ff5c3215000-7ff5c3216000 rw-p 00018000 08:09 24382897                   /lib/x86_64-linux-gnu/libpthread-2.23.so
7ff5c3216000-7ff5c321a000 rw-p 00000000 00:00 0 
7ff5c321a000-7ff5c321d000 r-xp 00000000 08:09 24382880                   /lib/x86_64-linux-gnu/libdl-2.23.so
7ff5c321d000-7ff5c341c000 ---p 00003000 08:09 24382880                   /lib/x86_64-linux-gnu/libdl-2.23.so
7ff5c341c000-7ff5c341d000 r--p 00002000 08:09 24382880                   /lib/x86_64-linux-gnu/libdl-2.23.so
7ff5c341d000-7ff5c341e000 rw-p 00003000 08:09 24382880                   /lib/x86_64-linux-gnu/libdl-2.23.so
7ff5c341e000-7ff5c3437000 r-xp 00000000 08:09 24384041                   /lib/x86_64-linux-gnu/libz.so.1.2.8
7ff5c3437000-7ff5c3636000 ---p 00019000 08:09 24384041                   /lib/x86_64-linux-gnu/libz.so.1.2.8
7ff5c3636000-7ff5c3637000 r--p 00018000 08:09 24384041                   /lib/x86_64-linux-gnu/libz.so.1.2.8
7ff5c3637000-7ff5c3638000 rw-p 00019000 08:09 24384041                   /lib/x86_64-linux-gnu/libz.so.1.2.8
7ff5c3638000-7ff5c37f7000 r-xp 00000000 08:09 24382884                   /lib/x86_64-linux-gnu/libc-2.23.so
7ff5c37f7000-7ff5c39f7000 ---p 001bf000 08:09 24382884                   /lib/x86_64-linux-gnu/libc-2.23.so
7ff5c39f7000-7ff5c39fb000 r--p 001bf000 08:09 24382884                   /lib/x86_64-linux-gnu/libc-2.23.so
7ff5c39fb000-7ff5c39fd000 rw-p 001c3000 08:09 24382884                   /lib/x86_64-linux-gnu/libc-2.23.so
7ff5c39fd000-7ff5c3a01000 rw-p 00000000 00:00 0 
7ff5c3a01000-7ff5c3a0e000 r-xp 00000000 08:09 7085434                    /usr/lib/jvm/java-8-openjdk-amd64/jre/lib/amd64/jli/libjli.so
7ff5c3a0e000-7ff5c3c0e000 ---p 0000d000 08:09 7085434                    /usr/lib/jvm/java-8-openjdk-amd64/jre/lib/amd64/jli/libjli.so
7ff5c3c0e000-7ff5c3c0f000 r--p 0000d000 08:09 7085434                    /usr/lib/jvm/java-8-openjdk-amd64/jre/lib/amd64/jli/libjli.so
7ff5c3c0f000-7ff5c3c10000 rw-p 0000e000 08:09 7085434                    /usr/lib/jvm/java-8-openjdk-amd64/jre/lib/amd64/jli/libjli.so
7ff5c3c10000-7ff5c3c36000 r-xp 00000000 08:09 24382885                   /lib/x86_64-linux-gnu/ld-2.23.so
7ff5c3c36000-7ff5c3c37000 r--s 00004000 08:09 10748172                   /opt/eclipse/plugins/org.eclipse.swt_3.105.0.v20160603-0902.jar
7ff5c3c37000-7ff5c3c39000 r--s 00001000 08:09 7085456                    /usr/lib/jvm/java-8-openjdk-amd64/jre/lib/ext/dnsns.jar
7ff5c3c39000-7ff5c3c3b000 r--s 00008000 08:09 7085454                    /usr/lib/jvm/java-8-openjdk-amd64/jre/lib/ext/sunec.jar
7ff5c3c3b000-7ff5c3d06000 rw-p 00000000 00:00 0 
7ff5c3d06000-7ff5c3d09000 ---p 00000000 00:00 0 
7ff5c3d09000-7ff5c3e0c000 rw-p 00000000 00:00 0 
7ff5c3e0c000-7ff5c3e0d000 r--s 00010000 08:09 7085459                    /usr/lib/jvm/java-8-openjdk-amd64/jre/lib/ext/zipfs.jar
7ff5c3e0d000-7ff5c3e0e000 r--s 0000a000 08:09 7085463                    /usr/lib/jvm/java-8-openjdk-amd64/jre/lib/ext/jaccess.jar
7ff5c3e0e000-7ff5c3e29000 r--s 00394000 08:09 7085458                    /usr/lib/jvm/java-8-openjdk-amd64/jre/lib/ext/cldrdata.jar
7ff5c3e29000-7ff5c3e31000 rw-s 00000000 08:09 18616212                   /tmp/hsperfdata_hrishi/16152 (deleted)
7ff5c3e31000-7ff5c3e32000 rw-p 00000000 00:00 0 
7ff5c3e32000-7ff5c3e33000 ---p 00000000 00:00 0 
7ff5c3e33000-7ff5c3e35000 rw-p 00000000 00:00 0 
7ff5c3e35000-7ff5c3e36000 r--p 00025000 08:09 24382885                   /lib/x86_64-linux-gnu/ld-2.23.so
7ff5c3e36000-7ff5c3e37000 rw-p 00026000 08:09 24382885                   /lib/x86_64-linux-gnu/ld-2.23.so
7ff5c3e37000-7ff5c3e38000 rw-p 00000000 00:00 0 
7ffc5ee05000-7ffc5ee28000 rw-p 00000000 00:00 0                          [stack]
7ffc5efda000-7ffc5efdc000 r--p 00000000 00:00 0                          [vvar]
7ffc5efdc000-7ffc5efde000 r-xp 00000000 00:00 0                          [vdso]
ffffffffff600000-ffffffffff601000 r-xp 00000000 00:00 0                  [vsyscall]

VM Arguments:
jvm_args: -Dfile.encoding=UTF-8 
java_command: RCPConsole
java_class_path (initial): /opt/eclipse/plugins/org.eclipse.core.runtime_3.12.0.v20160606-1342.jar:/opt/eclipse/plugins/javax.inject_1.0.0.v20091030.jar:/opt/eclipse/plugins/org.eclipse.osgi_3.11.0.v20160603-1336.jar:/opt/eclipse/plugins/org.eclipse.osgi.compatibility.state_1.0.200.v20160504-1419.jar:/opt/eclipse/plugins/org.eclipse.equinox.common_3.8.0.v20160509-1230.jar:/opt/eclipse/plugins/org.eclipse.core.jobs_3.8.0.v20160509-0411.jar:/opt/eclipse/plugins/org.eclipse.equinox.registry_3.6.100.v20160223-2218.jar:/opt/eclipse/plugins/org.eclipse.equinox.preferences_3.6.0.v20160120-1756.jar:/opt/eclipse/plugins/org.eclipse.core.contenttype_3.5.100.v20160418-1621.jar:/opt/eclipse/plugins/org.eclipse.equinox.app_1.3.400.v20150715-1528.jar:/opt/eclipse/plugins/org.eclipse.ui_3.108.0.v20160518-1929.jar:/opt/eclipse/plugins/org.eclipse.swt_3.105.0.v20160603-0902.jar:/opt/eclipse/plugins/org.eclipse.swt.gtk.linux.x86_64_3.105.0.v20160603-0902.jar:/opt/eclipse/plugins/org.eclipse.jface_3.12.0.v20160518-1929.jar:/opt/eclipse/plugins/org.eclipse.core.commands_3.8.0.v20160316-1921.jar:/opt/eclipse/plugins/org.eclipse.ui.workbench_3.108.0.v20160602-1232.jar:/opt/eclipse/plugins/org.eclipse.e4.ui.workbench3_0.13.100.v20160506-0759.jar:/opt/eclipse/plugins/org.eclipse.ui.console_3.6.200.v20160518-1858.jar:/opt/eclipse/plugins/org.eclipse.emf.ecore_2.12.0.v20160420-0247.jar:/opt/eclipse/plugins/org.eclipse.emf.common_2.12.0.v20160420-0247.jar:/opt/eclipse/plugins/org.eclipse.emf.ecore.xmi_2.12.0.v20160420-0247.jar:/home/hrishi/.eclipse/org.eclipse.platform_4.6.0_1473617060_linux_gtk_x86_64/plugins/fr.irisa.cairn.eclipse.tom_2.10.0.201612051604/libs/aircube-bundle.jar:/home/hrishi/.eclipse/org.eclipse.platform_4.6.0_1473617060_linux_gtk_x86_64/plugins/fr.irisa.cairn.graph_1.0.0.201612051604:/home/hrishi/.eclipse/org.eclipse.platform_4.6.0_1473617060_linux_gtk_x86_64/plugins/fr.irisa.cairn.graph_1.0.0.201612051604/lib/jgrapht-ext-0.9.1-uber.jar:/opt/eclipse/plugins/com.google.inj
Launcher Type: SUN_STANDARD

Environment Variables:
PATH=/home/hrishi/torch/install/bin:/usr/local/sbin:/usr/local/bin:/usr/sbin:/usr/bin:/sbin:/bin:/usr/games:/usr/local/games:/snap/bin
LD_LIBRARY_PATH=/home/hrishi/torch/install/lib:
SHELL=/bin/bash
DISPLAY=:0
DYLD_LIBRARY_PATH=/home/hrishi/torch/install/lib:

Signal Handlers:
SIGSEGV: [libjvm.so+0xa66fd0], sa_mask[0]=11111111011111111101111111111110, sa_flags=SA_RESTART|SA_SIGINFO
SIGBUS: [libjvm.so+0xa66fd0], sa_mask[0]=11111111011111111101111111111110, sa_flags=SA_RESTART|SA_SIGINFO
SIGFPE: [libjvm.so+0x8b0180], sa_mask[0]=11111111011111111101111111111110, sa_flags=SA_RESTART|SA_SIGINFO
SIGPIPE: [libjvm.so+0x8b0180], sa_mask[0]=11111111011111111101111111111110, sa_flags=SA_RESTART|SA_SIGINFO
SIGXFSZ: [libjvm.so+0x8b0180], sa_mask[0]=11111111011111111101111111111110, sa_flags=SA_RESTART|SA_SIGINFO
SIGILL: [libjvm.so+0x8b0180], sa_mask[0]=11111111011111111101111111111110, sa_flags=SA_RESTART|SA_SIGINFO
SIGUSR1: SIG_DFL, sa_mask[0]=00000000000000000000000000000000, sa_flags=none
SIGUSR2: [libjvm.so+0x8b0030], sa_mask[0]=00100000000000000000000000000000, sa_flags=SA_RESTART|SA_SIGINFO
SIGHUP: [libjvm.so+0x8b0500], sa_mask[0]=11111111011111111101111111111110, sa_flags=SA_RESTART|SA_SIGINFO
SIGINT: [libjvm.so+0x8b0500], sa_mask[0]=11111111011111111101111111111110, sa_flags=SA_RESTART|SA_SIGINFO
SIGTERM: [libjvm.so+0x8b0500], sa_mask[0]=11111111011111111101111111111110, sa_flags=SA_RESTART|SA_SIGINFO
SIGQUIT: [libjvm.so+0x8b0500], sa_mask[0]=11111111011111111101111111111110, sa_flags=SA_RESTART|SA_SIGINFO


---------------  S Y S T E M  ---------------

OS:DISTRIB_ID=Ubuntu
DISTRIB_RELEASE=16.04
DISTRIB_CODENAME=xenial
DISTRIB_DESCRIPTION="Ubuntu 16.04 LTS"

uname:Linux 4.4.0-72-generic #93-Ubuntu SMP Fri Mar 31 14:07:41 UTC 2017 x86_64
libc:glibc 2.23 NPTL 2.23 
rlimit: STACK 8192k, CORE 0k, NPROC 31118, NOFILE 65536, AS infinity
load average:62.40 34.82 15.58

/proc/meminfo:
MemTotal:        8084688 kB
MemFree:         5242652 kB
MemAvailable:    5476808 kB
Buffers:           35260 kB
Cached:           611296 kB
SwapCached:       127876 kB
Active:          1813292 kB
Inactive:         716464 kB
Active(anon):    1561432 kB
Inactive(anon):   554384 kB
Active(file):     251860 kB
Inactive(file):   162080 kB
Unevictable:        1108 kB
Mlocked:            1108 kB
SwapTotal:      12000252 kB
SwapFree:        7668360 kB
Dirty:              1000 kB
Writeback:             0 kB
AnonPages:       1872612 kB
Mapped:           223968 kB
Shmem:            232500 kB
Slab:             157664 kB
SReclaimable:      81244 kB
SUnreclaim:        76420 kB
KernelStack:       15808 kB
PageTables:        55088 kB
NFS_Unstable:          0 kB
Bounce:                0 kB
WritebackTmp:          0 kB
CommitLimit:    16042596 kB
Committed_AS:   13239184 kB
VmallocTotal:   34359738367 kB
VmallocUsed:           0 kB
VmallocChunk:          0 kB
HardwareCorrupted:     0 kB
AnonHugePages:    751616 kB
CmaTotal:              0 kB
CmaFree:               0 kB
HugePages_Total:       0
HugePages_Free:        0
HugePages_Rsvd:        0
HugePages_Surp:        0
Hugepagesize:       2048 kB
DirectMap4k:      817032 kB
DirectMap2M:     7481344 kB
DirectMap1G:           0 kB


CPU:total 4 (2 cores per cpu, 2 threads per core) family 6 model 61 stepping 4, cmov, cx8, fxsr, mmx, sse, sse2, sse3, ssse3, sse4.1, sse4.2, popcnt, avx, avx2, aes, clmul, erms, 3dnowpref, lzcnt, ht, tsc, tscinvbit, bmi1, bmi2, adx

/proc/cpuinfo:
processor	: 0
vendor_id	: GenuineIntel
cpu family	: 6
model		: 61
model name	: Intel(R) Core(TM) i5-5200U CPU @ 2.20GHz
stepping	: 4
microcode	: 0x12
cpu MHz		: 2479.382
cache size	: 3072 KB
physical id	: 0
siblings	: 4
core id		: 0
cpu cores	: 2
apicid		: 0
initial apicid	: 0
fpu		: yes
fpu_exception	: yes
cpuid level	: 20
wp		: yes
flags		: fpu vme de pse tsc msr pae mce cx8 apic sep mtrr pge mca cmov pat pse36 clflush dts acpi mmx fxsr sse sse2 ss ht tm pbe syscall nx pdpe1gb rdtscp lm constant_tsc arch_perfmon pebs bts rep_good nopl xtopology nonstop_tsc aperfmperf eagerfpu pni pclmulqdq dtes64 monitor ds_cpl vmx est tm2 ssse3 sdbg fma cx16 xtpr pdcm pcid sse4_1 sse4_2 x2apic movbe popcnt tsc_deadline_timer aes xsave avx f16c rdrand lahf_lm abm 3dnowprefetch epb intel_pt tpr_shadow vnmi flexpriority ept vpid fsgsbase tsc_adjust bmi1 avx2 smep bmi2 erms invpcid rdseed adx smap xsaveopt dtherm ida arat pln pts
bugs		:
bogomips	: 4390.01
clflush size	: 64
cache_alignment	: 64
address sizes	: 39 bits physical, 48 bits virtual
power management:

processor	: 1
vendor_id	: GenuineIntel
cpu family	: 6
model		: 61
model name	: Intel(R) Core(TM) i5-5200U CPU @ 2.20GHz
stepping	: 4
microcode	: 0x12
cpu MHz		: 2260.671
cache size	: 3072 KB
physical id	: 0
siblings	: 4
core id		: 1
cpu cores	: 2
apicid		: 2
initial apicid	: 2
fpu		: yes
fpu_exception	: yes
cpuid level	: 20
wp		: yes
flags		: fpu vme de pse tsc msr pae mce cx8 apic sep mtrr pge mca cmov pat pse36 clflush dts acpi mmx fxsr sse sse2 ss ht tm pbe syscall nx pdpe1gb rdtscp lm constant_tsc arch_perfmon pebs bts rep_good nopl xtopology nonstop_tsc aperfmperf eagerfpu pni pclmulqdq dtes64 monitor ds_cpl vmx est tm2 ssse3 sdbg fma cx16 xtpr pdcm pcid sse4_1 sse4_2 x2apic movbe popcnt tsc_deadline_timer aes xsave avx f16c rdrand lahf_lm abm 3dnowprefetch epb intel_pt tpr_shadow vnmi flexpriority ept vpid fsgsbase tsc_adjust bmi1 avx2 smep bmi2 erms invpcid rdseed adx smap xsaveopt dtherm ida arat pln pts
bugs		:
bogomips	: 4390.01
clflush size	: 64
cache_alignment	: 64
address sizes	: 39 bits physical, 48 bits virtual
power management:

processor	: 2
vendor_id	: GenuineIntel
cpu family	: 6
model		: 61
model name	: Intel(R) Core(TM) i5-5200U CPU @ 2.20GHz
stepping	: 4
microcode	: 0x12
cpu MHz		: 2501.125
cache size	: 3072 KB
physical id	: 0
siblings	: 4
core id		: 0
cpu cores	: 2
apicid		: 1
initial apicid	: 1
fpu		: yes
fpu_exception	: yes
cpuid level	: 20
wp		: yes
flags		: fpu vme de pse tsc msr pae mce cx8 apic sep mtrr pge mca cmov pat pse36 clflush dts acpi mmx fxsr sse sse2 ss ht tm pbe syscall nx pdpe1gb rdtscp lm constant_tsc arch_perfmon pebs bts rep_good nopl xtopology nonstop_tsc aperfmperf eagerfpu pni pclmulqdq dtes64 monitor ds_cpl vmx est tm2 ssse3 sdbg fma cx16 xtpr pdcm pcid sse4_1 sse4_2 x2apic movbe popcnt tsc_deadline_timer aes xsave avx f16c rdrand lahf_lm abm 3dnowprefetch epb intel_pt tpr_shadow vnmi flexpriority ept vpid fsgsbase tsc_adjust bmi1 avx2 smep bmi2 erms invpcid rdseed adx smap xsaveopt dtherm ida arat pln pts
bugs		:
bogomips	: 4390.01
clflush size	: 64
cache_alignment	: 64
address sizes	: 39 bits physical, 48 bits virtual
power management:

processor	: 3
vendor_id	: GenuineIntel
cpu family	: 6
model		: 61
model name	: Intel(R) Core(TM) i5-5200U CPU @ 2.20GHz
stepping	: 4
microcode	: 0x12
cpu MHz		: 2499.835
cache size	: 3072 KB
physical id	: 0
siblings	: 4
core id		: 1
cpu cores	: 2
apicid		: 3
initial apicid	: 3
fpu		: yes
fpu_exception	: yes
cpuid level	: 20
wp		: yes
flags		: fpu vme de pse tsc msr pae mce cx8 apic sep mtrr pge mca cmov pat pse36 clflush dts acpi mmx fxsr sse sse2 ss ht tm pbe syscall nx pdpe1gb rdtscp lm constant_tsc arch_perfmon pebs bts rep_good nopl xtopology nonstop_tsc aperfmperf eagerfpu pni pclmulqdq dtes64 monitor ds_cpl vmx est tm2 ssse3 sdbg fma cx16 xtpr pdcm pcid sse4_1 sse4_2 x2apic movbe popcnt tsc_deadline_timer aes xsave avx f16c rdrand lahf_lm abm 3dnowprefetch epb intel_pt tpr_shadow vnmi flexpriority ept vpid fsgsbase tsc_adjust bmi1 avx2 smep bmi2 erms invpcid rdseed adx smap xsaveopt dtherm ida arat pln pts
bugs		:
bogomips	: 4390.01
clflush size	: 64
cache_alignment	: 64
address sizes	: 39 bits physical, 48 bits virtual
power management:



Memory: 4k page, physical 8084688k(5242652k free), swap 12000252k(7668360k free)

vm_info: OpenJDK 64-Bit Server VM (25.121-b13) for linux-amd64 JRE (1.8.0_121-8u121-b13-0ubuntu1.16.04.2-b13), built on Jan 23 2017 15:51:29 by "buildd" with gcc 5.4.0 20160609

time: Sun Apr 30 23:06:19 2017
elapsed time: 22675 seconds (0d 6h 17m 55s)

