#
# A fatal error has been detected by the Java Runtime Environment:
#
#  SIGSEGV (0xb) at pc=0x0000000000046b20, pid=20423, tid=0x00007f9d4b7f7700
#
# JRE version: OpenJDK Runtime Environment (8.0_121-b13) (build 1.8.0_121-8u121-b13-0ubuntu1.16.04.2-b13)
# Java VM: OpenJDK 64-Bit Server VM (25.121-b13 mixed mode linux-amd64 compressed oops)
# Problematic frame:
# C  0x0000000000046b20
#
# Failed to write core dump. Core dumps have been disabled. To enable core dumping, try "ulimit -c unlimited" before starting Java again
#
# If you would like to submit a bug report, please visit:
#   http://bugreport.java.com/bugreport/crash.jsp
#

---------------  T H R E A D  ---------------

Current thread (0x00007f9d7007b000):  VMThread [stack: 0x00007f9d4b6f7000,0x00007f9d4b7f8000] [id=20434]

siginfo: si_signo: 11 (SIGSEGV), si_code: 1 (SEGV_MAPERR), si_addr: 0x0000000000046b20

Registers:
RAX=0x00007f9d49db8248, RBX=0x00007f9d708effe0, RCX=0x0000000000000000, RDX=0x0000000000000000
RSP=0x00007f9d4b7f6a18, RBP=0x00007f9d4b7f6b70, RSI=0x0000000000000000, RDI=0x00007f9d7809e140
R8 =0x0000000000000000, R9 =0x00007f9d78465808, R10=0x00007f9d7809e0c0, R11=0x00007f9d780d92d0
R12=0x00007f9d49db81a8, R13=0x0000000000000000, R14=0x00007f9d4b7f6a20, R15=0x0000000000000012
RIP=0x0000000000046b20, EFLAGS=0x0000000000010202, CSGSFS=0x0000000000000033, ERR=0x0000000000000014
  TRAPNO=0x000000000000000e

Top of Stack: (sp=0x00007f9d4b7f6a18)
0x00007f9d4b7f6a18:   00007f9d78687c17 00007f9d7889e168
0x00007f9d4b7f6a28:   00007f9d7889e700 00007f9d7889b7a8
0x00007f9d4b7f6a38:   00007f9d700009a0 00007f9d7000b570
0x00007f9d4b7f6a48:   00007f9d7000cbf0 00007f9d7000ba20
0x00007f9d4b7f6a58:   00007f9d7000d0a0 00007f9d70019ae0
0x00007f9d4b7f6a68:   00007f9d70001bd0 00007f9d700014a0
0x00007f9d4b7f6a78:   0000000001279150 0000000001279680
0x00007f9d4b7f6a88:   000000000127a4c0 0000000001279ba0
0x00007f9d4b7f6a98:   00007f9d78871000 00007f9d78872b00
0x00007f9d4b7f6aa8:   00007f9d78872618 00007f9d708effe0
0x00007f9d4b7f6ab8:   00007f9d70920ba0 00007f9d70921100
0x00007f9d4b7f6ac8:   00007f9d78872000 00007f9d7889d9d8
0x00007f9d4b7f6ad8:   00007f9d78687964 00007f9d4b7f6a20
0x00007f9d4b7f6ae8:   0000000000000006 00007f9d4b7f6a50
0x00007f9d4b7f6af8:   0000000000000001 0000000000000006
0x00007f9d4b7f6b08:   00007f9d4b7f6ae0 0000001778463c40
0x00007f9d4b7f6b18:   00007f9d4b7f6a20 0000001700000000
0x00007f9d4b7f6b28:   00007f9d7889d048 00007f9d4b7f69f0
0x00007f9d4b7f6b38:   0000000000000000 0000000000000001
0x00007f9d4b7f6b48:   000000000000008f 0000000000000001
0x00007f9d4b7f6b58:   00007f9d78463c40 00007f9d7002a868
0x00007f9d4b7f6b68:   00007f9d7002a490 00007f9d784625f8
0x00007f9d4b7f6b78:   00007f9d780d8ff8 00007f9d4b7f6bb0
0x00007f9d4b7f6b88:   000000000000008f 00007f9d4b7f6bd0
0x00007f9d4b7f6b98:   00007f9d7002a480 00007f9d4934e770
0x00007f9d4b7f6ba8:   00007f9d780d9045 00007f9d4b7f6bd0
0x00007f9d4b7f6bb8:   00007f9d77185c1c 00007f9d70082800
0x00007f9d4b7f6bc8:   00007f9d7007a6c0 00007f9d4b7f6c20
0x00007f9d4b7f6bd8:   00007f9d77596217 000000000000699e
0x00007f9d4b7f6be8:   00000000000003d8 00007f9d4b7f6c30
0x00007f9d4b7f6bf8:   00007f9d7007a6c0 00007f9d77a327a0
0x00007f9d4b7f6c08:   00007f9d4934e770 0000000000000000 

Instructions: (pc=0x0000000000046b20)
0x0000000000046b00:   
[error occurred during error reporting (printing registers, top of stack, instructions near pc), id 0xb]

Register to memory mapping:

RAX=
[error occurred during error reporting (printing register info), id 0xb]

Stack: [0x00007f9d4b6f7000,0x00007f9d4b7f8000],  sp=0x00007f9d4b7f6a18,  free space=1022k
Native frames: (J=compiled Java code, j=interpreted, Vv=VM code, C=native code)
C  0x0000000000046b20

VM_Operation (0x00007f9d4934e770): Exit, mode: safepoint, requested by thread 0x00007f9d34001000


---------------  P R O C E S S  ---------------

Java Threads: ( => current thread )
  0x00007f9d7000d800 JavaThread "DestroyJavaVM" [_thread_blocked, id=20429, stack(0x00007f9d7876d000,0x00007f9d7886e000)]
  0x00007f9d34001000 JavaThread "SIGTERM handler" daemon [_thread_blocked, id=21374, stack(0x00007f9d4924f000,0x00007f9d49350000)]
  0x00007f9d70650800 JavaThread "com.google.inject.internal.util.$Finalizer" daemon [_thread_blocked, id=20444, stack(0x00007f9d4a3bb000,0x00007f9d4a4bc000)]
  0x00007f9d704af000 JavaThread "EMF Reference Cleaner" daemon [_thread_blocked, id=20443, stack(0x00007f9d4a6bc000,0x00007f9d4a7bd000)]
  0x00007f9d700c4800 JavaThread "Service Thread" daemon [_thread_blocked, id=20441, stack(0x00007f9d4ad18000,0x00007f9d4ae19000)]
  0x00007f9d700b5000 JavaThread "C1 CompilerThread2" daemon [_thread_blocked, id=20440, stack(0x00007f9d4ae19000,0x00007f9d4af1a000)]
  0x00007f9d700b3800 JavaThread "C2 CompilerThread1" daemon [_thread_blocked, id=20439, stack(0x00007f9d4af1a000,0x00007f9d4b01b000)]
  0x00007f9d700b0800 JavaThread "C2 CompilerThread0" daemon [_thread_blocked, id=20438, stack(0x00007f9d4b01b000,0x00007f9d4b11c000)]
  0x00007f9d700ae800 JavaThread "Signal Dispatcher" daemon [_thread_blocked, id=20437, stack(0x00007f9d4b11c000,0x00007f9d4b21d000)]
  0x00007f9d70087000 JavaThread "Finalizer" daemon [_thread_blocked, id=20436, stack(0x00007f9d4b4f5000,0x00007f9d4b5f6000)]
  0x00007f9d70082800 JavaThread "Reference Handler" daemon [_thread_blocked, id=20435, stack(0x00007f9d4b5f6000,0x00007f9d4b6f7000)]

Other Threads:
=>0x00007f9d7007b000 VMThread [stack: 0x00007f9d4b6f7000,0x00007f9d4b7f8000] [id=20434]

VM state:at safepoint (shutting down)

VM Mutex/Monitor currently owned by a thread:  ([mutex/lock_event])
[0x00007f9d70009dd0] Threads_lock - owner thread: 0x00007f9d7007b000

Heap:
 PSYoungGen      total 68608K, used 49993K [0x00000000d6e00000, 0x00000000db600000, 0x0000000100000000)
  eden space 63488K, 70% used [0x00000000d6e00000,0x00000000d99da4c0,0x00000000dac00000)
  from space 5120K, 99% used [0x00000000db100000,0x00000000db5f8020,0x00000000db600000)
  to   space 5120K, 0% used [0x00000000dac00000,0x00000000dac00000,0x00000000db100000)
 ParOldGen       total 84992K, used 10948K [0x0000000084a00000, 0x0000000089d00000, 0x00000000d6e00000)
  object space 84992K, 12% used [0x0000000084a00000,0x00000000854b11a8,0x0000000089d00000)
 Metaspace       used 19047K, capacity 19182K, committed 19456K, reserved 1067008K
  class space    used 2474K, capacity 2525K, committed 2560K, reserved 1048576K

Card table byte_map: [0x00007f9d74a5b000,0x00007f9d74e37000] byte_map_base: 0x00007f9d74636000

Marking Bits: (ParMarkBitMap*) 0x00007f9d77a47220
 Begin Bits: [0x00007f9d50250000, 0x00007f9d52128000)
 End Bits:   [0x00007f9d52128000, 0x00007f9d54000000)

Polling page: 0x00007f9d78899000

CodeCache: size=245760Kb used=7173Kb max_used=7185Kb free=238586Kb
 bounds [0x00007f9d61000000, 0x00007f9d61710000, 0x00007f9d70000000]
 total_blobs=2618 nmethods=2234 adapters=296
 compilation: enabled

Compilation events (10 events):
Event: 8.199 Thread 0x00007f9d700b5000 nmethod 2233 0x00007f9d616f3a90 code [0x00007f9d616f3c00, 0x00007f9d616f3e50]
Event: 8.199 Thread 0x00007f9d700b5000 2234       3       tom.library.sl.AbstractStrategyCombinator::initSubterm (17 bytes)
Event: 8.199 Thread 0x00007f9d700b5000 nmethod 2234 0x00007f9d617065d0 code [0x00007f9d61706740, 0x00007f9d61706b90]
Event: 8.201 Thread 0x00007f9d700b3800 nmethod 2228 0x00007f9d61709d10 code [0x00007f9d61709ea0, 0x00007f9d6170a2c8]
Event: 8.201 Thread 0x00007f9d700b3800 2231       4       java.io.UnixFileSystem::resolve (103 bytes)
Event: 8.202 Thread 0x00007f9d700b5000 2235       3       tom.library.sl.MuVar::hashCode (23 bytes)
Event: 8.202 Thread 0x00007f9d700b5000 nmethod 2235 0x00007f9d61709750 code [0x00007f9d617098e0, 0x00007f9d61709bf8]
Event: 8.206 Thread 0x00007f9d700b3800 nmethod 2231 0x00007f9d61707990 code [0x00007f9d61707b20, 0x00007f9d61707ff8]
Event: 8.207 Thread 0x00007f9d700b0800 nmethod 2229 0x00007f9d6170b550 code [0x00007f9d6170b700, 0x00007f9d6170bc88]
Event: 1926.800 Thread 0x00007f9d700b5000 2236       3       java.lang.Exception::<init> (6 bytes)

GC Heap History (8 events):
Event: 2.637 GC heap before
{Heap before GC invocations=1 (full 0):
 PSYoungGen      total 36864K, used 31744K [0x00000000d6e00000, 0x00000000d9700000, 0x0000000100000000)
  eden space 31744K, 100% used [0x00000000d6e00000,0x00000000d8d00000,0x00000000d8d00000)
  from space 5120K, 0% used [0x00000000d9200000,0x00000000d9200000,0x00000000d9700000)
  to   space 5120K, 0% used [0x00000000d8d00000,0x00000000d8d00000,0x00000000d9200000)
 ParOldGen       total 84992K, used 0K [0x0000000084a00000, 0x0000000089d00000, 0x00000000d6e00000)
  object space 84992K, 0% used [0x0000000084a00000,0x0000000084a00000,0x0000000089d00000)
 Metaspace       used 7307K, capacity 7442K, committed 7552K, reserved 1056768K
  class space    used 849K, capacity 883K, committed 896K, reserved 1048576K
Event: 2.654 GC heap after
Heap after GC invocations=1 (full 0):
 PSYoungGen      total 36864K, used 5111K [0x00000000d6e00000, 0x00000000d9700000, 0x0000000100000000)
  eden space 31744K, 0% used [0x00000000d6e00000,0x00000000d6e00000,0x00000000d8d00000)
  from space 5120K, 99% used [0x00000000d8d00000,0x00000000d91fdf38,0x00000000d9200000)
  to   space 5120K, 0% used [0x00000000d9200000,0x00000000d9200000,0x00000000d9700000)
 ParOldGen       total 84992K, used 990K [0x0000000084a00000, 0x0000000089d00000, 0x00000000d6e00000)
  object space 84992K, 1% used [0x0000000084a00000,0x0000000084af7bd0,0x0000000089d00000)
 Metaspace       used 7307K, capacity 7442K, committed 7552K, reserved 1056768K
  class space    used 849K, capacity 883K, committed 896K, reserved 1048576K
}
Event: 3.254 GC heap before
{Heap before GC invocations=2 (full 0):
 PSYoungGen      total 36864K, used 36855K [0x00000000d6e00000, 0x00000000d9700000, 0x0000000100000000)
  eden space 31744K, 100% used [0x00000000d6e00000,0x00000000d8d00000,0x00000000d8d00000)
  from space 5120K, 99% used [0x00000000d8d00000,0x00000000d91fdf38,0x00000000d9200000)
  to   space 5120K, 0% used [0x00000000d9200000,0x00000000d9200000,0x00000000d9700000)
 ParOldGen       total 84992K, used 990K [0x0000000084a00000, 0x0000000089d00000, 0x00000000d6e00000)
  object space 84992K, 1% used [0x0000000084a00000,0x0000000084af7bd0,0x0000000089d00000)
 Metaspace       used 10419K, capacity 10520K, committed 10624K, reserved 1058816K
  class space    used 1304K, capacity 1332K, committed 1408K, reserved 1048576K
Event: 3.272 GC heap after
Heap after GC invocations=2 (full 0):
 PSYoungGen      total 36864K, used 5088K [0x00000000d6e00000, 0x00000000db600000, 0x0000000100000000)
  eden space 31744K, 0% used [0x00000000d6e00000,0x00000000d6e00000,0x00000000d8d00000)
  from space 5120K, 99% used [0x00000000d9200000,0x00000000d96f8020,0x00000000d9700000)
  to   space 5120K, 0% used [0x00000000d8d00000,0x00000000d8d00000,0x00000000d9200000)
 ParOldGen       total 84992K, used 4423K [0x0000000084a00000, 0x0000000089d00000, 0x00000000d6e00000)
  object space 84992K, 5% used [0x0000000084a00000,0x0000000084e51f30,0x0000000089d00000)
 Metaspace       used 10419K, capacity 10520K, committed 10624K, reserved 1058816K
  class space    used 1304K, capacity 1332K, committed 1408K, reserved 1048576K
}
Event: 3.653 GC heap before
{Heap before GC invocations=3 (full 0):
 PSYoungGen      total 36864K, used 36832K [0x00000000d6e00000, 0x00000000db600000, 0x0000000100000000)
  eden space 31744K, 100% used [0x00000000d6e00000,0x00000000d8d00000,0x00000000d8d00000)
  from space 5120K, 99% used [0x00000000d9200000,0x00000000d96f8020,0x00000000d9700000)
  to   space 5120K, 0% used [0x00000000d8d00000,0x00000000d8d00000,0x00000000d9200000)
 ParOldGen       total 84992K, used 4423K [0x0000000084a00000, 0x0000000089d00000, 0x00000000d6e00000)
  object space 84992K, 5% used [0x0000000084a00000,0x0000000084e51f30,0x0000000089d00000)
 Metaspace       used 12494K, capacity 12598K, committed 12928K, reserved 1060864K
  class space    used 1600K, capacity 1657K, committed 1664K, reserved 1048576K
Event: 3.663 GC heap after
Heap after GC invocations=3 (full 0):
 PSYoungGen      total 36864K, used 5088K [0x00000000d6e00000, 0x00000000db600000, 0x0000000100000000)
  eden space 31744K, 0% used [0x00000000d6e00000,0x00000000d6e00000,0x00000000d8d00000)
  from space 5120K, 99% used [0x00000000d8d00000,0x00000000d91f8020,0x00000000d9200000)
  to   space 5120K, 0% used [0x00000000db100000,0x00000000db100000,0x00000000db600000)
 ParOldGen       total 84992K, used 7638K [0x0000000084a00000, 0x0000000089d00000, 0x00000000d6e00000)
  object space 84992K, 8% used [0x0000000084a00000,0x0000000085175828,0x0000000089d00000)
 Metaspace       used 12494K, capacity 12598K, committed 12928K, reserved 1060864K
  class space    used 1600K, capacity 1657K, committed 1664K, reserved 1048576K
}
Event: 4.090 GC heap before
{Heap before GC invocations=4 (full 0):
 PSYoungGen      total 36864K, used 36832K [0x00000000d6e00000, 0x00000000db600000, 0x0000000100000000)
  eden space 31744K, 100% used [0x00000000d6e00000,0x00000000d8d00000,0x00000000d8d00000)
  from space 5120K, 99% used [0x00000000d8d00000,0x00000000d91f8020,0x00000000d9200000)
  to   space 5120K, 0% used [0x00000000db100000,0x00000000db100000,0x00000000db600000)
 ParOldGen       total 84992K, used 7638K [0x0000000084a00000, 0x0000000089d00000, 0x00000000d6e00000)
  object space 84992K, 8% used [0x0000000084a00000,0x0000000085175828,0x0000000089d00000)
 Metaspace       used 15181K, capacity 15298K, committed 15616K, reserved 1062912K
  class space    used 2000K, capacity 2043K, committed 2048K, reserved 1048576K
Event: 4.108 GC heap after
Heap after GC invocations=4 (full 0):
 PSYoungGen      total 68608K, used 5088K [0x00000000d6e00000, 0x00000000db600000, 0x0000000100000000)
  eden space 63488K, 0% used [0x00000000d6e00000,0x00000000d6e00000,0x00000000dac00000)
  from space 5120K, 99% used [0x00000000db100000,0x00000000db5f8020,0x00000000db600000)
  to   space 5120K, 0% used [0x00000000dac00000,0x00000000dac00000,0x00000000db100000)
 ParOldGen       total 84992K, used 10948K [0x0000000084a00000, 0x0000000089d00000, 0x00000000d6e00000)
  object space 84992K, 12% used [0x0000000084a00000,0x00000000854b11a8,0x0000000089d00000)
 Metaspace       used 15181K, capacity 15298K, committed 15616K, reserved 1062912K
  class space    used 2000K, capacity 2043K, committed 2048K, reserved 1048576K
}

Deoptimization events (10 events):
Event: 4.445 Thread 0x00007f9d7000d800 Uncommon trap: reason=array_check action=maybe_recompile pc=0x00007f9d615b9908 method=org.eclipse.emf.common.util.BasicEList.assign(ILjava/lang/Object;)Ljava/lang/Object; @ 6
Event: 4.445 Thread 0x00007f9d7000d800 Uncommon trap: reason=array_check action=maybe_recompile pc=0x00007f9d615b9908 method=org.eclipse.emf.common.util.BasicEList.assign(ILjava/lang/Object;)Ljava/lang/Object; @ 6
Event: 4.445 Thread 0x00007f9d7000d800 Uncommon trap: reason=array_check action=maybe_recompile pc=0x00007f9d615b9908 method=org.eclipse.emf.common.util.BasicEList.assign(ILjava/lang/Object;)Ljava/lang/Object; @ 6
Event: 4.510 Thread 0x00007f9d7000d800 Uncommon trap: reason=unstable_if action=reinterpret pc=0x00007f9d61558080 method=java.util.HashMap.hash(Ljava/lang/Object;)I @ 1
Event: 4.510 Thread 0x00007f9d7000d800 Uncommon trap: reason=unstable_if action=reinterpret pc=0x00007f9d611db9b0 method=java.util.HashMap.hash(Ljava/lang/Object;)I @ 1
Event: 4.512 Thread 0x00007f9d7000d800 Uncommon trap: reason=unstable_if action=reinterpret pc=0x00007f9d613aa1cc method=java.util.HashMap.hash(Ljava/lang/Object;)I @ 1
Event: 4.515 Thread 0x00007f9d7000d800 Uncommon trap: reason=unstable_if action=reinterpret pc=0x00007f9d61193468 method=java.util.HashMap.hash(Ljava/lang/Object;)I @ 1
Event: 4.604 Thread 0x00007f9d7000d800 Uncommon trap: reason=bimorphic action=maybe_recompile pc=0x00007f9d61526614 method=org.eclipse.emf.ecore.util.EContentsEList$FeatureIteratorImpl.hasNext()Z @ 279
Event: 4.605 Thread 0x00007f9d7000d800 Uncommon trap: reason=bimorphic action=maybe_recompile pc=0x00007f9d61526614 method=org.eclipse.emf.ecore.util.EContentsEList$FeatureIteratorImpl.hasNext()Z @ 279
Event: 1926.800 Thread 0x00007f9d34001000 Uncommon trap: reason=null_check action=make_not_entrant pc=0x00007f9d616451ec method=java.lang.StringCoding.deref(Ljava/lang/ThreadLocal;)Ljava/lang/Object; @ 4

Internal exceptions (10 events):
Event: 1926.799 Thread 0x00007f9d7000d800 Exception <a 'java/io/IOException'> (0x00000000d966b680) thrown at [/build/openjdk-8-YiEakL/openjdk-8-8u121-b13/src/hotspot/src/share/vm/prims/jni.cpp, line 709]
Event: 1926.799 Thread 0x00007f9d7000d800 Exception <a 'java/io/IOException'> (0x00000000d966b998) thrown at [/build/openjdk-8-YiEakL/openjdk-8-8u121-b13/src/hotspot/src/share/vm/prims/jni.cpp, line 709]
Event: 1926.799 Thread 0x00007f9d7000d800 Exception <a 'java/io/IOException'> (0x00000000d966bc00) thrown at [/build/openjdk-8-YiEakL/openjdk-8-8u121-b13/src/hotspot/src/share/vm/prims/jni.cpp, line 709]
Event: 1926.800 Thread 0x00007f9d7000d800 Exception <a 'java/io/IOException'> (0x00000000d966c3f0) thrown at [/build/openjdk-8-YiEakL/openjdk-8-8u121-b13/src/hotspot/src/share/vm/prims/jni.cpp, line 709]
Event: 1926.800 Thread 0x00007f9d7000d800 Exception <a 'java/io/IOException'> (0x00000000d966c688) thrown at [/build/openjdk-8-YiEakL/openjdk-8-8u121-b13/src/hotspot/src/share/vm/prims/jni.cpp, line 709]
Event: 1926.800 Thread 0x00007f9d7000d800 Exception <a 'java/io/IOException'> (0x00000000d966c8f0) thrown at [/build/openjdk-8-YiEakL/openjdk-8-8u121-b13/src/hotspot/src/share/vm/prims/jni.cpp, line 709]
Event: 1926.800 Thread 0x00007f9d7000d800 Exception <a 'java/io/IOException'> (0x00000000d966cea8) thrown at [/build/openjdk-8-YiEakL/openjdk-8-8u121-b13/src/hotspot/src/share/vm/prims/jni.cpp, line 709]
Event: 1926.800 Thread 0x00007f9d7000d800 Exception <a 'java/io/IOException'> (0x00000000d966d140) thrown at [/build/openjdk-8-YiEakL/openjdk-8-8u121-b13/src/hotspot/src/share/vm/prims/jni.cpp, line 709]
Event: 1926.800 Thread 0x00007f9d7000d800 Exception <a 'java/io/IOException'> (0x00000000d966d3a8) thrown at [/build/openjdk-8-YiEakL/openjdk-8-8u121-b13/src/hotspot/src/share/vm/prims/jni.cpp, line 709]
Event: 1926.800 Thread 0x00007f9d34001000 Implicit null exception at 0x00007f9d61644bcd to 0x00007f9d616451d5

Events (10 events):
Event: 1926.799 loading class java/io/InterruptedIOException done
Event: 1926.800 Thread 0x00007f9d7000d800 Thread exited: 0x00007f9d7000d800
Event: 1926.800 Thread 0x00007f9d14001000 Thread exited: 0x00007f9d14001000
Event: 1926.800 Executing VM operation: RevokeBias
Event: 1926.800 Executing VM operation: RevokeBias done
Event: 1926.800 Thread 0x00007f9d7000d800 Thread added: 0x00007f9d7000d800
Event: 1926.800 Thread 0x00007f9d34001000 Uncommon trap: trap_request=0xfffffff4 fr.pc=0x00007f9d616451ec
Event: 1926.800 Thread 0x00007f9d34001000 DEOPT PACKING pc=0x00007f9d616451ec sp=0x00007f9d4934e020
Event: 1926.800 Thread 0x00007f9d34001000 DEOPT UNPACKING pc=0x00007f9d61004f69 sp=0x00007f9d4934df20 mode 2
Event: 1926.801 Executing VM operation: Exit


Dynamic libraries:
00400000-00401000 r-xp 00000000 08:09 7087821                            /usr/lib/jvm/java-8-openjdk-amd64/jre/bin/java
00600000-00601000 r--p 00000000 08:09 7087821                            /usr/lib/jvm/java-8-openjdk-amd64/jre/bin/java
00601000-00602000 rw-p 00001000 08:09 7087821                            /usr/lib/jvm/java-8-openjdk-amd64/jre/bin/java
01279000-0129a000 rw-p 00000000 00:00 0                                  [heap]
84a00000-89d00000 rw-p 00000000 00:00 0 
89d00000-d6e00000 ---p 00000000 00:00 0 
d6e00000-db600000 rw-p 00000000 00:00 0 
db600000-100000000 ---p 00000000 00:00 0 
100000000-100280000 rw-p 00000000 00:00 0 
100280000-140000000 ---p 00000000 00:00 0 
7f9d14000000-7f9d14021000 rw-p 00000000 00:00 0 
7f9d14021000-7f9d18000000 ---p 00000000 00:00 0 
7f9d18000000-7f9d18021000 rw-p 00000000 00:00 0 
7f9d18021000-7f9d1c000000 ---p 00000000 00:00 0 
7f9d1c000000-7f9d1c021000 rw-p 00000000 00:00 0 
7f9d1c021000-7f9d20000000 ---p 00000000 00:00 0 
7f9d20000000-7f9d20021000 rw-p 00000000 00:00 0 
7f9d20021000-7f9d24000000 ---p 00000000 00:00 0 
7f9d24000000-7f9d24021000 rw-p 00000000 00:00 0 
7f9d24021000-7f9d28000000 ---p 00000000 00:00 0 
7f9d28000000-7f9d28021000 rw-p 00000000 00:00 0 
7f9d28021000-7f9d2c000000 ---p 00000000 00:00 0 
7f9d2c000000-7f9d2c5fb000 rw-p 00000000 00:00 0 
7f9d2c5fb000-7f9d30000000 ---p 00000000 00:00 0 
7f9d30000000-7f9d30717000 rw-p 00000000 00:00 0 
7f9d30717000-7f9d34000000 ---p 00000000 00:00 0 
7f9d34000000-7f9d34021000 rw-p 00000000 00:00 0 
7f9d34021000-7f9d38000000 ---p 00000000 00:00 0 
7f9d38000000-7f9d38c0a000 rw-p 00000000 00:00 0 
7f9d38c0a000-7f9d3c000000 ---p 00000000 00:00 0 
7f9d3c000000-7f9d3c021000 rw-p 00000000 00:00 0 
7f9d3c021000-7f9d40000000 ---p 00000000 00:00 0 
7f9d40000000-7f9d40021000 rw-p 00000000 00:00 0 
7f9d40021000-7f9d44000000 ---p 00000000 00:00 0 
7f9d44000000-7f9d44021000 rw-p 00000000 00:00 0 
7f9d44021000-7f9d48000000 ---p 00000000 00:00 0 
7f9d4914e000-7f9d49151000 ---p 00000000 00:00 0 
7f9d49151000-7f9d4924f000 rw-p 00000000 00:00 0 
7f9d4924f000-7f9d49252000 ---p 00000000 00:00 0 
7f9d49252000-7f9d493d0000 rw-p 00000000 00:00 0 
7f9d493d0000-7f9d49550000 ---p 00000000 00:00 0 
7f9d49550000-7f9d495c5000 r-xp 00000000 08:09 27656299                   /home/hrishi/workspace/Console/.jnimap.temp.linux_64/libgmp.so.10 (deleted)
7f9d495c5000-7f9d497c4000 ---p 00075000 08:09 27656299                   /home/hrishi/workspace/Console/.jnimap.temp.linux_64/libgmp.so.10 (deleted)
7f9d497c4000-7f9d497c6000 rw-p 00074000 08:09 27656299                   /home/hrishi/workspace/Console/.jnimap.temp.linux_64/libgmp.so.10 (deleted)
7f9d497c6000-7f9d4992e000 r-xp 00000000 08:09 27656298                   /home/hrishi/workspace/Console/.jnimap.temp.linux_64/libisl.so.13 (deleted)
7f9d4992e000-7f9d49b2d000 ---p 00168000 08:09 27656298                   /home/hrishi/workspace/Console/.jnimap.temp.linux_64/libisl.so.13 (deleted)
7f9d49b2d000-7f9d49b34000 rw-p 00167000 08:09 27656298                   /home/hrishi/workspace/Console/.jnimap.temp.linux_64/libisl.so.13 (deleted)
7f9d49b34000-7f9d49bb9000 r-xp 00000000 08:09 27656300                   /home/hrishi/workspace/Console/.jnimap.temp.linux_64/linux_64_libjniisl.so (deleted)
7f9d49bb9000-7f9d49db8000 ---p 00085000 08:09 27656300                   /home/hrishi/workspace/Console/.jnimap.temp.linux_64/linux_64_libjniisl.so (deleted)
7f9d49db8000-7f9d49dbb000 rw-p 00084000 08:09 27656300                   /home/hrishi/workspace/Console/.jnimap.temp.linux_64/linux_64_libjniisl.so (deleted)
7f9d49dbb000-7f9d49fbb000 rw-p 00000000 00:00 0 
7f9d49fbb000-7f9d4a1bb000 rw-p 00000000 00:00 0 
7f9d4a1bb000-7f9d4a3bb000 rw-p 00000000 00:00 0 
7f9d4a3bb000-7f9d4a3be000 ---p 00000000 00:00 0 
7f9d4a3be000-7f9d4a6bc000 rw-p 00000000 00:00 0 
7f9d4a6bc000-7f9d4a6bf000 ---p 00000000 00:00 0 
7f9d4a6bf000-7f9d4a7bd000 rw-p 00000000 00:00 0 
7f9d4a895000-7f9d4a898000 r--s 00015000 08:09 7085469                    /usr/lib/jvm/java-8-openjdk-amd64/jre/lib/jce.jar
7f9d4a898000-7f9d4a89c000 r--s 0009a000 08:09 7085467                    /usr/lib/jvm/java-8-openjdk-amd64/jre/lib/jsse.jar
7f9d4a89c000-7f9d4a89f000 r--s 00014000 08:09 26516293                   /home/hrishi/.eclipse/org.eclipse.platform_4.6.0_1473617060_linux_gtk_x86_64/plugins/fr.irisa.r2d2.parser.runtime_1.0.0.201612051604.jar
7f9d4a89f000-7f9d4a8a7000 r--s 0003c000 08:09 26516292                   /home/hrishi/.eclipse/org.eclipse.platform_4.6.0_1473617060_linux_gtk_x86_64/plugins/fr.irisa.r2d2.gecos.framework_1.0.0.201612051604.jar
7f9d4a8a7000-7f9d4a8b1000 r--s 0006c000 08:09 26516357                   /home/hrishi/.eclipse/org.eclipse.platform_4.6.0_1473617060_linux_gtk_x86_64/plugins/org.eclipse.xtext.common.types_2.10.0.v201605250459.jar
7f9d4a8b1000-7f9d4a8e1000 r--s 0044d000 08:09 26516369                   /home/hrishi/.eclipse/org.eclipse.platform_4.6.0_1473617060_linux_gtk_x86_64/plugins/org.eclipse.xtext.xbase_2.10.0.v201605250459.jar
7f9d4a8e1000-7f9d4a8e4000 r--s 0000f000 08:09 26516352                   /home/hrishi/.eclipse/org.eclipse.platform_4.6.0_1473617060_linux_gtk_x86_64/plugins/org.eclipse.xtend.lib.macro_2.10.0.v201605250459.jar
7f9d4a8e4000-7f9d4a8e8000 r--s 00035000 08:09 26516351                   /home/hrishi/.eclipse/org.eclipse.platform_4.6.0_1473617060_linux_gtk_x86_64/plugins/org.eclipse.xtend.lib_2.10.0.v201605250459.jar
7f9d4a8e8000-7f9d4a8e9000 r--s 00001000 08:09 26516354                   /home/hrishi/.eclipse/org.eclipse.platform_4.6.0_1473617060_linux_gtk_x86_64/plugins/org.eclipse.xtend2.lib_2.10.0.v201605250459.jar
7f9d4a8e9000-7f9d4a8ef000 r--s 0003f000 08:09 26516368                   /home/hrishi/.eclipse/org.eclipse.platform_4.6.0_1473617060_linux_gtk_x86_64/plugins/org.eclipse.xtext.util_2.10.0.v201605250459.jar
7f9d4a8ef000-7f9d4a920000 r--s 0024b000 08:09 26516355                   /home/hrishi/.eclipse/org.eclipse.platform_4.6.0_1473617060_linux_gtk_x86_64/plugins/org.eclipse.xtext_2.10.0.v201605250459.jar
7f9d4a920000-7f9d4a928000 r--s 00061000 08:09 26516277                   /home/hrishi/.eclipse/org.eclipse.platform_4.6.0_1473617060_linux_gtk_x86_64/plugins/edu.csu.melange.alphabets_0.9.6.201612051604.jar
7f9d4a928000-7f9d4a929000 r--s 00008000 08:09 26516336                   /home/hrishi/.eclipse/org.eclipse.platform_4.6.0_1473617060_linux_gtk_x86_64/plugins/org.polymodel.scop.cgenerator2_1.0.0.201612051604.jar
7f9d4a929000-7f9d4a92c000 r--s 00024000 08:09 26516337                   /home/hrishi/.eclipse/org.eclipse.platform_4.6.0_1473617060_linux_gtk_x86_64/plugins/org.polymodel.scop.dtiler_1.0.0.201612051604.jar
7f9d4a92c000-7f9d4a92d000 r--s 00001000 08:09 26516335                   /home/hrishi/.eclipse/org.eclipse.platform_4.6.0_1473617060_linux_gtk_x86_64/plugins/org.polymodel.scop.bridge.clast_1.0.0.201612051604.jar
7f9d4a92d000-7f9d4a932000 r--s 0002a000 08:09 26516334                   /home/hrishi/.eclipse/org.eclipse.platform_4.6.0_1473617060_linux_gtk_x86_64/plugins/org.polymodel.scop_1.0.0.201612051604.jar
7f9d4a932000-7f9d4a945000 r--s 0012e000 08:09 26516300                   /home/hrishi/.eclipse/org.eclipse.platform_4.6.0_1473617060_linux_gtk_x86_64/plugins/org.polymodel.polyhedralIR.codegen_1.0.0.201612051604.jar
7f9d4a945000-7f9d4a948000 r--s 008e1000 08:09 26516287                   /home/hrishi/.eclipse/org.eclipse.platform_4.6.0_1473617060_linux_gtk_x86_64/plugins/fr.irisa.cairn.jnimap.cloog_1.0.0.201612051604.jar
7f9d4a948000-7f9d4a94c000 r--s 00031000 08:09 26516341                   /home/hrishi/.eclipse/org.eclipse.platform_4.6.0_1473617060_linux_gtk_x86_64/plugins/org.antlr.runtime_3.2.0.v201101311130.jar
7f9d4a94c000-7f9d4a94d000 r--s 00011000 08:09 10748494                   /opt/eclipse/plugins/org.apache.commons.logging_1.1.1.v201101211721.jar
7f9d4a94d000-7f9d4a955000 r--s 0005e000 08:09 10748531                   /opt/eclipse/plugins/org.apache.log4j_1.2.15.v201012070815.jar
7f9d4a955000-7f9d4a957000 r--s 00008000 08:09 26516346                   /home/hrishi/.eclipse/org.eclipse.platform_4.6.0_1473617060_linux_gtk_x86_64/plugins/org.eclipse.emf.mwe.utils_1.3.20.v201605261103.jar
7f9d4a957000-7f9d4a958000 r--s 00003000 08:09 26516348                   /home/hrishi/.eclipse/org.eclipse.platform_4.6.0_1473617060_linux_gtk_x86_64/plugins/org.eclipse.emf.mwe2.runtime_2.9.0.v201605261103.jar
7f9d4a958000-7f9d4a959000 r--s 0000b000 08:09 26516339                   /home/hrishi/.eclipse/org.eclipse.platform_4.6.0_1473617060_linux_gtk_x86_64/plugins/org.apache.commons.cli_1.2.0.v201404270220.jar
7f9d4a959000-7f9d4a95f000 r--s 0002a000 08:09 26516345                   /home/hrishi/.eclipse/org.eclipse.platform_4.6.0_1473617060_linux_gtk_x86_64/plugins/org.eclipse.emf.mwe.core_1.3.20.v201605261103.jar
7f9d4a95f000-7f9d4a961000 r--s 00009000 08:09 26516279                   /home/hrishi/.eclipse/org.eclipse.platform_4.6.0_1473617060_linux_gtk_x86_64/plugins/edu.csu.melange.affineLattice_1.0.0.jar
7f9d4a961000-7f9d4a963000 r--s 00000000 08:09 26516338                   /home/hrishi/.eclipse/org.eclipse.platform_4.6.0_1473617060_linux_gtk_x86_64/plugins/tom.mapping_1.0.0.201612051604.jar
7f9d4a963000-7f9d4a96a000 r--s 0004d000 08:09 26516333                   /home/hrishi/.eclipse/org.eclipse.platform_4.6.0_1473617060_linux_gtk_x86_64/plugins/org.polymodel.prdg.scheduling_1.0.0.201612051604.jar
7f9d4a96a000-7f9d4a96d000 r--s 0001f000 08:09 26516370                   /home/hrishi/.eclipse/org.eclipse.platform_4.6.0_1473617060_linux_gtk_x86_64/plugins/org.eclipse.xtext.xbase.lib_2.10.0.v201605250459.jar
7f9d4a96d000-7f9d4a96f000 r--s 00004000 08:09 26516299                   /home/hrishi/.eclipse/org.eclipse.platform_4.6.0_1473617060_linux_gtk_x86_64/plugins/org.polymodel.matrix_1.0.0.201612051604.jar
7f9d4a96f000-7f9d4a971000 r--s 00005000 08:09 26516332                   /home/hrishi/.eclipse/org.eclipse.platform_4.6.0_1473617060_linux_gtk_x86_64/plugins/org.polymodel.prdg.adapter_1.0.0.201612051604.jar
7f9d4a971000-7f9d4a973000 r--s 00009000 08:09 26516301                   /home/hrishi/.eclipse/org.eclipse.platform_4.6.0_1473617060_linux_gtk_x86_64/plugins/org.polymodel.prdg_1.0.0.201612051604.jar
7f9d4a973000-7f9d4a975000 r--s 00013000 08:09 26516297                   /home/hrishi/.eclipse/org.eclipse.platform_4.6.0_1473617060_linux_gtk_x86_64/plugins/org.polymodel.isl_1.0.0.201612051604.jar
7f9d4a975000-7f9d4a97f000 r--s 000a4000 08:09 26516295                   /home/hrishi/.eclipse/org.eclipse.platform_4.6.0_1473617060_linux_gtk_x86_64/plugins/org.polymodel.algebra_1.0.0.201612051604.jar
7f9d4a97f000-7f9d4a982000 r--s 0002b000 08:09 26516294                   /home/hrishi/.eclipse/org.eclipse.platform_4.6.0_1473617060_linux_gtk_x86_64/plugins/org.polymodel_1.0.0.201612051604.jar
7f9d4a982000-7f9d4a9ac000 r--s 001ff000 08:09 10749007                   /opt/eclipse/plugins/com.google.guava_15.0.0.v201403281430.jar
7f9d4a9ac000-7f9d4a9ad000 r--s 0000f000 08:09 28708338                   /home/hrishi/.eclipse/org.eclipse.platform_4.6.0_1473617060_linux_gtk_x86_64/plugins/fr.irisa.cairn.tools_1.0.0.201612051604/lib/javatuples-1.2.jar
7f9d4a9ad000-7f9d4a9ae000 r--s 0000b000 08:09 28708337                   /home/hrishi/.eclipse/org.eclipse.platform_4.6.0_1473617060_linux_gtk_x86_64/plugins/fr.irisa.cairn.tools_1.0.0.201612051604/lib/javatuples-1.2-sources.jar
7f9d4a9ae000-7f9d4a9b1000 r--s 00037000 08:09 28708336                   /home/hrishi/.eclipse/org.eclipse.platform_4.6.0_1473617060_linux_gtk_x86_64/plugins/fr.irisa.cairn.tools_1.0.0.201612051604/lib/javatuples-1.2-javadoc.jar
7f9d4a9b1000-7f9d4a9b2000 r--s 00000000 08:09 26516289                   /home/hrishi/.eclipse/org.eclipse.platform_4.6.0_1473617060_linux_gtk_x86_64/plugins/fr.irisa.cairn.jnimap.runtime_1.0.0.201612051604.jar
7f9d4a9b2000-7f9d4a9b7000 r--s 00b6c000 08:09 26516288                   /home/hrishi/.eclipse/org.eclipse.platform_4.6.0_1473617060_linux_gtk_x86_64/plugins/fr.irisa.cairn.jnimap.isl_2.1.0.201612051604.jar
7f9d4a9b7000-7f9d4a9b9000 r--s 00007000 08:09 26516286                   /home/hrishi/.eclipse/org.eclipse.platform_4.6.0_1473617060_linux_gtk_x86_64/plugins/fr.irisa.cairn.graph.guice_1.0.0.201612051604.jar
7f9d4a9b9000-7f9d4a9bb000 r--s 00009000 08:09 10748202                   /opt/eclipse/plugins/com.google.inject.multibindings_3.0.0.v201605172100.jar
7f9d4a9bb000-7f9d4a9c6000 r--s 00077000 08:09 10748760                   /opt/eclipse/plugins/com.google.inject_3.0.0.v201605172100.jar
7f9d4a9c6000-7f9d4a9de000 r--s 0015b000 08:09 28061747                   /home/hrishi/.eclipse/org.eclipse.platform_4.6.0_1473617060_linux_gtk_x86_64/plugins/fr.irisa.cairn.graph_1.0.0.201612051604/lib/jgrapht-ext-0.9.1-uber.jar
7f9d4a9de000-7f9d4aa0e000 rw-p 00000000 00:00 0 
7f9d4aa0e000-7f9d4ab3e000 r--s 010bc000 08:09 28708362                   /home/hrishi/.eclipse/org.eclipse.platform_4.6.0_1473617060_linux_gtk_x86_64/plugins/fr.irisa.cairn.eclipse.tom_2.10.0.201612051604/libs/aircube-bundle.jar
7f9d4ab3e000-7f9d4ab42000 r--s 00035000 08:09 10748985                   /opt/eclipse/plugins/org.eclipse.emf.ecore.xmi_2.12.0.v20160420-0247.jar
7f9d4ab42000-7f9d4ab49000 r--s 00051000 08:09 10748503                   /opt/eclipse/plugins/org.eclipse.emf.common_2.12.0.v20160420-0247.jar
7f9d4ab49000-7f9d4ab5b000 r--s 00111000 08:09 10748217                   /opt/eclipse/plugins/org.eclipse.emf.ecore_2.12.0.v20160420-0247.jar
7f9d4ab5b000-7f9d4ab60000 r--s 00030000 08:09 10748396                   /opt/eclipse/plugins/org.eclipse.ui.console_3.6.200.v20160518-1858.jar
7f9d4ab60000-7f9d4aba2000 r--s 00398000 08:09 10748311                   /opt/eclipse/plugins/org.eclipse.ui.workbench_3.108.0.v20160602-1232.jar
7f9d4aba2000-7f9d4aba6000 r--s 00019000 08:09 10748602                   /opt/eclipse/plugins/org.eclipse.core.commands_3.8.0.v20160316-1921.jar
7f9d4aba6000-7f9d4abb8000 r--s 000f8000 08:09 10748780                   /opt/eclipse/plugins/org.eclipse.jface_3.12.0.v20160518-1929.jar
7f9d4abb8000-7f9d4abcd000 r--s 0028f000 08:09 10748863                   /opt/eclipse/plugins/org.eclipse.swt.gtk.linux.x86_64_3.105.0.v20160603-0902.jar
7f9d4abcd000-7f9d4abd6000 r--s 00058000 08:09 10748604                   /opt/eclipse/plugins/org.eclipse.ui_3.108.0.v20160518-1929.jar
7f9d4abd6000-7f9d4abd8000 r--s 00014000 08:09 10748222                   /opt/eclipse/plugins/org.eclipse.equinox.app_1.3.400.v20150715-1528.jar
7f9d4abd8000-7f9d4abda000 r--s 00017000 08:09 10748774                   /opt/eclipse/plugins/org.eclipse.core.contenttype_3.5.100.v20160418-1621.jar
7f9d4abda000-7f9d4abdd000 r--s 0001e000 08:09 10748508                   /opt/eclipse/plugins/org.eclipse.equinox.preferences_3.6.0.v20160120-1756.jar
7f9d4abdd000-7f9d4abe1000 r--s 0002a000 08:09 10749014                   /opt/eclipse/plugins/org.eclipse.equinox.registry_3.6.100.v20160223-2218.jar
7f9d4abe1000-7f9d4abe4000 r--s 00019000 08:09 10748931                   /opt/eclipse/plugins/org.eclipse.core.jobs_3.8.0.v20160509-0411.jar
7f9d4abe4000-7f9d4abe7000 r--s 0001b000 08:09 10748983                   /opt/eclipse/plugins/org.eclipse.equinox.common_3.8.0.v20160509-1230.jar
7f9d4abe7000-7f9d4abfc000 r--s 0013d000 08:09 10748755                   /opt/eclipse/plugins/org.eclipse.osgi_3.11.0.v20160603-1336.jar
7f9d4abfc000-7f9d4ac17000 r--s 001d6000 08:09 7085455                    /usr/lib/jvm/java-8-openjdk-amd64/jre/lib/ext/nashorn.jar
7f9d4ac17000-7f9d4ac18000 ---p 00000000 00:00 0 
7f9d4ac18000-7f9d4ad18000 rw-p 00000000 00:00 0 
7f9d4ad18000-7f9d4ad1b000 ---p 00000000 00:00 0 
7f9d4ad1b000-7f9d4ae19000 rw-p 00000000 00:00 0 
7f9d4ae19000-7f9d4ae1c000 ---p 00000000 00:00 0 
7f9d4ae1c000-7f9d4af1a000 rw-p 00000000 00:00 0 
7f9d4af1a000-7f9d4af1d000 ---p 00000000 00:00 0 
7f9d4af1d000-7f9d4b01b000 rw-p 00000000 00:00 0 
7f9d4b01b000-7f9d4b01e000 ---p 00000000 00:00 0 
7f9d4b01e000-7f9d4b11c000 rw-p 00000000 00:00 0 
7f9d4b11c000-7f9d4b11f000 ---p 00000000 00:00 0 
7f9d4b11f000-7f9d4b21d000 rw-p 00000000 00:00 0 
7f9d4b21d000-7f9d4b4f5000 r--p 00000000 08:09 2887360                    /usr/lib/locale/locale-archive
7f9d4b4f5000-7f9d4b4f8000 ---p 00000000 00:00 0 
7f9d4b4f8000-7f9d4b5f6000 rw-p 00000000 00:00 0 
7f9d4b5f6000-7f9d4b5f9000 ---p 00000000 00:00 0 
7f9d4b5f9000-7f9d4b6f7000 rw-p 00000000 00:00 0 
7f9d4b6f7000-7f9d4b6f8000 ---p 00000000 00:00 0 
7f9d4b6f8000-7f9d4c000000 rw-p 00000000 00:00 0 
7f9d4c000000-7f9d4c021000 rw-p 00000000 00:00 0 
7f9d4c021000-7f9d50000000 ---p 00000000 00:00 0 
7f9d50000000-7f9d50001000 r--s 00002000 08:09 10748530                   /opt/eclipse/plugins/org.eclipse.e4.ui.workbench3_0.13.100.v20160506-0759.jar
7f9d50001000-7f9d50004000 r--s 00039000 08:09 10748174                   /opt/eclipse/plugins/org.eclipse.osgi.compatibility.state_1.0.200.v20160504-1419.jar
7f9d50004000-7f9d50006000 r--s 00003000 08:09 10748526                   /opt/eclipse/plugins/javax.inject_1.0.0.v20091030.jar
7f9d50006000-7f9d50008000 r--s 00011000 08:09 10748883                   /opt/eclipse/plugins/org.eclipse.core.runtime_3.12.0.v20160606-1342.jar
7f9d50008000-7f9d5000c000 r--s 00037000 08:09 7085460                    /usr/lib/jvm/java-8-openjdk-amd64/jre/lib/ext/sunpkcs11.jar
7f9d5000c000-7f9d54000000 rw-p 00000000 00:00 0 
7f9d54000000-7f9d54021000 rw-p 00000000 00:00 0 
7f9d54021000-7f9d58000000 ---p 00000000 00:00 0 
7f9d58000000-7f9d58021000 rw-p 00000000 00:00 0 
7f9d58021000-7f9d5c000000 ---p 00000000 00:00 0 
7f9d5c000000-7f9d5c021000 rw-p 00000000 00:00 0 
7f9d5c021000-7f9d60000000 ---p 00000000 00:00 0 
7f9d60000000-7f9d61000000 rw-p 00000000 00:00 0 
7f9d61000000-7f9d61710000 rwxp 00000000 00:00 0 
7f9d61710000-7f9d70000000 ---p 00000000 00:00 0 
7f9d70000000-7f9d70b5e000 rw-p 00000000 00:00 0 
7f9d70b5e000-7f9d74000000 ---p 00000000 00:00 0 
7f9d74000000-7f9d74003000 r--s 0000f000 08:09 7085457                    /usr/lib/jvm/java-8-openjdk-amd64/jre/lib/ext/icedtea-sound.jar
7f9d74003000-7f9d7400d000 r--s 00116000 08:09 7085461                    /usr/lib/jvm/java-8-openjdk-amd64/jre/lib/ext/localedata.jar
7f9d7400d000-7f9d74012000 r--s 0003b000 08:09 7085462                    /usr/lib/jvm/java-8-openjdk-amd64/jre/lib/ext/sunjce_provider.jar
7f9d74012000-7f9d74181000 rw-p 00000000 00:00 0 
7f9d74181000-7f9d7434f000 r--s 03c06000 08:09 7087811                    /usr/lib/jvm/java-8-openjdk-amd64/jre/lib/rt.jar
7f9d7434f000-7f9d743c5000 rw-p 00000000 00:00 0 
7f9d743c5000-7f9d743c6000 ---p 00000000 00:00 0 
7f9d743c6000-7f9d744c6000 rw-p 00000000 00:00 0 
7f9d744c6000-7f9d744c7000 ---p 00000000 00:00 0 
7f9d744c7000-7f9d745c7000 rw-p 00000000 00:00 0 
7f9d745c7000-7f9d745c8000 ---p 00000000 00:00 0 
7f9d745c8000-7f9d746c8000 rw-p 00000000 00:00 0 
7f9d746c8000-7f9d746c9000 ---p 00000000 00:00 0 
7f9d746c9000-7f9d747f3000 rw-p 00000000 00:00 0 
7f9d747f3000-7f9d74a5b000 ---p 00000000 00:00 0 
7f9d74a5b000-7f9d74a85000 rw-p 00000000 00:00 0 
7f9d74a85000-7f9d74ced000 ---p 00000000 00:00 0 
7f9d74ced000-7f9d74d11000 rw-p 00000000 00:00 0 
7f9d74d11000-7f9d74e36000 ---p 00000000 00:00 0 
7f9d74e36000-7f9d74e54000 rw-p 00000000 00:00 0 
7f9d74e54000-7f9d751f7000 ---p 00000000 00:00 0 
7f9d751f7000-7f9d751ff000 r-xp 00000000 08:09 7085419                    /usr/lib/jvm/java-8-openjdk-amd64/jre/lib/amd64/libzip.so
7f9d751ff000-7f9d753fe000 ---p 00008000 08:09 7085419                    /usr/lib/jvm/java-8-openjdk-amd64/jre/lib/amd64/libzip.so
7f9d753fe000-7f9d753ff000 r--p 00007000 08:09 7085419                    /usr/lib/jvm/java-8-openjdk-amd64/jre/lib/amd64/libzip.so
7f9d753ff000-7f9d75400000 rw-p 00008000 08:09 7085419                    /usr/lib/jvm/java-8-openjdk-amd64/jre/lib/amd64/libzip.so
7f9d75400000-7f9d7540b000 r-xp 00000000 08:09 24382890                   /lib/x86_64-linux-gnu/libnss_files-2.23.so
7f9d7540b000-7f9d7560a000 ---p 0000b000 08:09 24382890                   /lib/x86_64-linux-gnu/libnss_files-2.23.so
7f9d7560a000-7f9d7560b000 r--p 0000a000 08:09 24382890                   /lib/x86_64-linux-gnu/libnss_files-2.23.so
7f9d7560b000-7f9d7560c000 rw-p 0000b000 08:09 24382890                   /lib/x86_64-linux-gnu/libnss_files-2.23.so
7f9d7560c000-7f9d75612000 rw-p 00000000 00:00 0 
7f9d75612000-7f9d7561d000 r-xp 00000000 08:09 24382881                   /lib/x86_64-linux-gnu/libnss_nis-2.23.so
7f9d7561d000-7f9d7581c000 ---p 0000b000 08:09 24382881                   /lib/x86_64-linux-gnu/libnss_nis-2.23.so
7f9d7581c000-7f9d7581d000 r--p 0000a000 08:09 24382881                   /lib/x86_64-linux-gnu/libnss_nis-2.23.so
7f9d7581d000-7f9d7581e000 rw-p 0000b000 08:09 24382881                   /lib/x86_64-linux-gnu/libnss_nis-2.23.so
7f9d7581e000-7f9d75834000 r-xp 00000000 08:09 24382883                   /lib/x86_64-linux-gnu/libnsl-2.23.so
7f9d75834000-7f9d75a33000 ---p 00016000 08:09 24382883                   /lib/x86_64-linux-gnu/libnsl-2.23.so
7f9d75a33000-7f9d75a34000 r--p 00015000 08:09 24382883                   /lib/x86_64-linux-gnu/libnsl-2.23.so
7f9d75a34000-7f9d75a35000 rw-p 00016000 08:09 24382883                   /lib/x86_64-linux-gnu/libnsl-2.23.so
7f9d75a35000-7f9d75a37000 rw-p 00000000 00:00 0 
7f9d75a37000-7f9d75a3f000 r-xp 00000000 08:09 24382892                   /lib/x86_64-linux-gnu/libnss_compat-2.23.so
7f9d75a3f000-7f9d75c3e000 ---p 00008000 08:09 24382892                   /lib/x86_64-linux-gnu/libnss_compat-2.23.so
7f9d75c3e000-7f9d75c3f000 r--p 00007000 08:09 24382892                   /lib/x86_64-linux-gnu/libnss_compat-2.23.so
7f9d75c3f000-7f9d75c40000 rw-p 00008000 08:09 24382892                   /lib/x86_64-linux-gnu/libnss_compat-2.23.so
7f9d75c40000-7f9d75c6d000 r-xp 00000000 08:09 7085444                    /usr/lib/jvm/java-8-openjdk-amd64/jre/lib/amd64/libjava.so
7f9d75c6d000-7f9d75e6c000 ---p 0002d000 08:09 7085444                    /usr/lib/jvm/java-8-openjdk-amd64/jre/lib/amd64/libjava.so
7f9d75e6c000-7f9d75e6d000 r--p 0002c000 08:09 7085444                    /usr/lib/jvm/java-8-openjdk-amd64/jre/lib/amd64/libjava.so
7f9d75e6d000-7f9d75e6f000 rw-p 0002d000 08:09 7085444                    /usr/lib/jvm/java-8-openjdk-amd64/jre/lib/amd64/libjava.so
7f9d75e6f000-7f9d75e7e000 r-xp 00000000 08:09 7085412                    /usr/lib/jvm/java-8-openjdk-amd64/jre/lib/amd64/libverify.so
7f9d75e7e000-7f9d7607d000 ---p 0000f000 08:09 7085412                    /usr/lib/jvm/java-8-openjdk-amd64/jre/lib/amd64/libverify.so
7f9d7607d000-7f9d7607f000 r--p 0000e000 08:09 7085412                    /usr/lib/jvm/java-8-openjdk-amd64/jre/lib/amd64/libverify.so
7f9d7607f000-7f9d76080000 rw-p 00010000 08:09 7085412                    /usr/lib/jvm/java-8-openjdk-amd64/jre/lib/amd64/libverify.so
7f9d76080000-7f9d76087000 r-xp 00000000 08:09 24382893                   /lib/x86_64-linux-gnu/librt-2.23.so
7f9d76087000-7f9d76286000 ---p 00007000 08:09 24382893                   /lib/x86_64-linux-gnu/librt-2.23.so
7f9d76286000-7f9d76287000 r--p 00006000 08:09 24382893                   /lib/x86_64-linux-gnu/librt-2.23.so
7f9d76287000-7f9d76288000 rw-p 00007000 08:09 24382893                   /lib/x86_64-linux-gnu/librt-2.23.so
7f9d76288000-7f9d7629e000 r-xp 00000000 08:09 24383888                   /lib/x86_64-linux-gnu/libgcc_s.so.1
7f9d7629e000-7f9d7649d000 ---p 00016000 08:09 24383888                   /lib/x86_64-linux-gnu/libgcc_s.so.1
7f9d7649d000-7f9d7649e000 rw-p 00015000 08:09 24383888                   /lib/x86_64-linux-gnu/libgcc_s.so.1
7f9d7649e000-7f9d765a6000 r-xp 00000000 08:09 24382882                   /lib/x86_64-linux-gnu/libm-2.23.so
7f9d765a6000-7f9d767a5000 ---p 00108000 08:09 24382882                   /lib/x86_64-linux-gnu/libm-2.23.so
7f9d767a5000-7f9d767a6000 r--p 00107000 08:09 24382882                   /lib/x86_64-linux-gnu/libm-2.23.so
7f9d767a6000-7f9d767a7000 rw-p 00108000 08:09 24382882                   /lib/x86_64-linux-gnu/libm-2.23.so
7f9d767a7000-7f9d76919000 r-xp 00000000 08:09 2888511                    /usr/lib/x86_64-linux-gnu/libstdc++.so.6.0.21
7f9d76919000-7f9d76b19000 ---p 00172000 08:09 2888511                    /usr/lib/x86_64-linux-gnu/libstdc++.so.6.0.21
7f9d76b19000-7f9d76b23000 r--p 00172000 08:09 2888511                    /usr/lib/x86_64-linux-gnu/libstdc++.so.6.0.21
7f9d76b23000-7f9d76b25000 rw-p 0017c000 08:09 2888511                    /usr/lib/x86_64-linux-gnu/libstdc++.so.6.0.21
7f9d76b25000-7f9d76b29000 rw-p 00000000 00:00 0 
7f9d76b29000-7f9d77779000 r-xp 00000000 08:09 7085439                    /usr/lib/jvm/java-8-openjdk-amd64/jre/lib/amd64/server/libjvm.so
7f9d77779000-7f9d77978000 ---p 00c50000 08:09 7085439                    /usr/lib/jvm/java-8-openjdk-amd64/jre/lib/amd64/server/libjvm.so
7f9d77978000-7f9d77a0b000 r--p 00c4f000 08:09 7085439                    /usr/lib/jvm/java-8-openjdk-amd64/jre/lib/amd64/server/libjvm.so
7f9d77a0b000-7f9d77a34000 rw-p 00ce2000 08:09 7085439                    /usr/lib/jvm/java-8-openjdk-amd64/jre/lib/amd64/server/libjvm.so
7f9d77a34000-7f9d77a64000 rw-p 00000000 00:00 0 
7f9d77a64000-7f9d77a7c000 r-xp 00000000 08:09 24382897                   /lib/x86_64-linux-gnu/libpthread-2.23.so
7f9d77a7c000-7f9d77c7b000 ---p 00018000 08:09 24382897                   /lib/x86_64-linux-gnu/libpthread-2.23.so
7f9d77c7b000-7f9d77c7c000 r--p 00017000 08:09 24382897                   /lib/x86_64-linux-gnu/libpthread-2.23.so
7f9d77c7c000-7f9d77c7d000 rw-p 00018000 08:09 24382897                   /lib/x86_64-linux-gnu/libpthread-2.23.so
7f9d77c7d000-7f9d77c81000 rw-p 00000000 00:00 0 
7f9d77c81000-7f9d77c84000 r-xp 00000000 08:09 24382880                   /lib/x86_64-linux-gnu/libdl-2.23.so
7f9d77c84000-7f9d77e83000 ---p 00003000 08:09 24382880                   /lib/x86_64-linux-gnu/libdl-2.23.so
7f9d77e83000-7f9d77e84000 r--p 00002000 08:09 24382880                   /lib/x86_64-linux-gnu/libdl-2.23.so
7f9d77e84000-7f9d77e85000 rw-p 00003000 08:09 24382880                   /lib/x86_64-linux-gnu/libdl-2.23.so
7f9d77e85000-7f9d77e9e000 r-xp 00000000 08:09 24384041                   /lib/x86_64-linux-gnu/libz.so.1.2.8
7f9d77e9e000-7f9d7809d000 ---p 00019000 08:09 24384041                   /lib/x86_64-linux-gnu/libz.so.1.2.8
7f9d7809d000-7f9d7809e000 r--p 00018000 08:09 24384041                   /lib/x86_64-linux-gnu/libz.so.1.2.8
7f9d7809e000-7f9d7809f000 rw-p 00019000 08:09 24384041                   /lib/x86_64-linux-gnu/libz.so.1.2.8
7f9d7809f000-7f9d7825e000 r-xp 00000000 08:09 24382884                   /lib/x86_64-linux-gnu/libc-2.23.so
7f9d7825e000-7f9d7845e000 ---p 001bf000 08:09 24382884                   /lib/x86_64-linux-gnu/libc-2.23.so
7f9d7845e000-7f9d78462000 r--p 001bf000 08:09 24382884                   /lib/x86_64-linux-gnu/libc-2.23.so
7f9d78462000-7f9d78464000 rw-p 001c3000 08:09 24382884                   /lib/x86_64-linux-gnu/libc-2.23.so
7f9d78464000-7f9d78468000 rw-p 00000000 00:00 0 
7f9d78468000-7f9d78475000 r-xp 00000000 08:09 7085434                    /usr/lib/jvm/java-8-openjdk-amd64/jre/lib/amd64/jli/libjli.so
7f9d78475000-7f9d78675000 ---p 0000d000 08:09 7085434                    /usr/lib/jvm/java-8-openjdk-amd64/jre/lib/amd64/jli/libjli.so
7f9d78675000-7f9d78676000 r--p 0000d000 08:09 7085434                    /usr/lib/jvm/java-8-openjdk-amd64/jre/lib/amd64/jli/libjli.so
7f9d78676000-7f9d78677000 rw-p 0000e000 08:09 7085434                    /usr/lib/jvm/java-8-openjdk-amd64/jre/lib/amd64/jli/libjli.so
7f9d78677000-7f9d7869d000 r-xp 00000000 08:09 24382885                   /lib/x86_64-linux-gnu/ld-2.23.so
7f9d7869d000-7f9d7869e000 r--s 00004000 08:09 10748172                   /opt/eclipse/plugins/org.eclipse.swt_3.105.0.v20160603-0902.jar
7f9d7869e000-7f9d786a0000 r--s 00001000 08:09 7085456                    /usr/lib/jvm/java-8-openjdk-amd64/jre/lib/ext/dnsns.jar
7f9d786a0000-7f9d786a2000 r--s 00008000 08:09 7085454                    /usr/lib/jvm/java-8-openjdk-amd64/jre/lib/ext/sunec.jar
7f9d786a2000-7f9d7876d000 rw-p 00000000 00:00 0 
7f9d7876d000-7f9d78770000 ---p 00000000 00:00 0 
7f9d78770000-7f9d78873000 rw-p 00000000 00:00 0 
7f9d78873000-7f9d78874000 r--s 00010000 08:09 7085459                    /usr/lib/jvm/java-8-openjdk-amd64/jre/lib/ext/zipfs.jar
7f9d78874000-7f9d78875000 r--s 0000a000 08:09 7085463                    /usr/lib/jvm/java-8-openjdk-amd64/jre/lib/ext/jaccess.jar
7f9d78875000-7f9d78890000 r--s 00394000 08:09 7085458                    /usr/lib/jvm/java-8-openjdk-amd64/jre/lib/ext/cldrdata.jar
7f9d78890000-7f9d78898000 rw-s 00000000 08:09 18612570                   /tmp/hsperfdata_hrishi/20423 (deleted)
7f9d78898000-7f9d78899000 rw-p 00000000 00:00 0 
7f9d78899000-7f9d7889a000 ---p 00000000 00:00 0 
7f9d7889a000-7f9d7889c000 rw-p 00000000 00:00 0 
7f9d7889c000-7f9d7889d000 r--p 00025000 08:09 24382885                   /lib/x86_64-linux-gnu/ld-2.23.so
7f9d7889d000-7f9d7889e000 rw-p 00026000 08:09 24382885                   /lib/x86_64-linux-gnu/ld-2.23.so
7f9d7889e000-7f9d7889f000 rw-p 00000000 00:00 0 
7fff11b5f000-7fff11b82000 rw-p 00000000 00:00 0                          [stack]
7fff11bf2000-7fff11bf4000 r--p 00000000 00:00 0                          [vvar]
7fff11bf4000-7fff11bf6000 r-xp 00000000 00:00 0                          [vdso]
ffffffffff600000-ffffffffff601000 r-xp 00000000 00:00 0                  [vsyscall]

VM Arguments:
jvm_args: -Dfile.encoding=UTF-8 
java_command: RCPConsole
java_class_path (initial): /opt/eclipse/plugins/org.eclipse.core.runtime_3.12.0.v20160606-1342.jar:/opt/eclipse/plugins/javax.inject_1.0.0.v20091030.jar:/opt/eclipse/plugins/org.eclipse.osgi_3.11.0.v20160603-1336.jar:/opt/eclipse/plugins/org.eclipse.osgi.compatibility.state_1.0.200.v20160504-1419.jar:/opt/eclipse/plugins/org.eclipse.equinox.common_3.8.0.v20160509-1230.jar:/opt/eclipse/plugins/org.eclipse.core.jobs_3.8.0.v20160509-0411.jar:/opt/eclipse/plugins/org.eclipse.equinox.registry_3.6.100.v20160223-2218.jar:/opt/eclipse/plugins/org.eclipse.equinox.preferences_3.6.0.v20160120-1756.jar:/opt/eclipse/plugins/org.eclipse.core.contenttype_3.5.100.v20160418-1621.jar:/opt/eclipse/plugins/org.eclipse.equinox.app_1.3.400.v20150715-1528.jar:/opt/eclipse/plugins/org.eclipse.ui_3.108.0.v20160518-1929.jar:/opt/eclipse/plugins/org.eclipse.swt_3.105.0.v20160603-0902.jar:/opt/eclipse/plugins/org.eclipse.swt.gtk.linux.x86_64_3.105.0.v20160603-0902.jar:/opt/eclipse/plugins/org.eclipse.jface_3.12.0.v20160518-1929.jar:/opt/eclipse/plugins/org.eclipse.core.commands_3.8.0.v20160316-1921.jar:/opt/eclipse/plugins/org.eclipse.ui.workbench_3.108.0.v20160602-1232.jar:/opt/eclipse/plugins/org.eclipse.e4.ui.workbench3_0.13.100.v20160506-0759.jar:/opt/eclipse/plugins/org.eclipse.ui.console_3.6.200.v20160518-1858.jar:/opt/eclipse/plugins/org.eclipse.emf.ecore_2.12.0.v20160420-0247.jar:/opt/eclipse/plugins/org.eclipse.emf.common_2.12.0.v20160420-0247.jar:/opt/eclipse/plugins/org.eclipse.emf.ecore.xmi_2.12.0.v20160420-0247.jar:/home/hrishi/.eclipse/org.eclipse.platform_4.6.0_1473617060_linux_gtk_x86_64/plugins/fr.irisa.cairn.eclipse.tom_2.10.0.201612051604/libs/aircube-bundle.jar:/home/hrishi/.eclipse/org.eclipse.platform_4.6.0_1473617060_linux_gtk_x86_64/plugins/fr.irisa.cairn.graph_1.0.0.201612051604:/home/hrishi/.eclipse/org.eclipse.platform_4.6.0_1473617060_linux_gtk_x86_64/plugins/fr.irisa.cairn.graph_1.0.0.201612051604/lib/jgrapht-ext-0.9.1-uber.jar:/opt/eclipse/plugins/com.google.inj
Launcher Type: SUN_STANDARD

Environment Variables:
PATH=/home/hrishi/torch/install/bin:/usr/local/sbin:/usr/local/bin:/usr/sbin:/usr/bin:/sbin:/bin:/usr/games:/usr/local/games:/snap/bin
LD_LIBRARY_PATH=/home/hrishi/torch/install/lib:
SHELL=/bin/bash
DISPLAY=:0
DYLD_LIBRARY_PATH=/home/hrishi/torch/install/lib:

Signal Handlers:
SIGSEGV: [libjvm.so+0xa66fd0], sa_mask[0]=11111111011111111101111111111110, sa_flags=SA_RESTART|SA_SIGINFO
SIGBUS: [libjvm.so+0xa66fd0], sa_mask[0]=11111111011111111101111111111110, sa_flags=SA_RESTART|SA_SIGINFO
SIGFPE: [libjvm.so+0x8b0180], sa_mask[0]=11111111011111111101111111111110, sa_flags=SA_RESTART|SA_SIGINFO
SIGPIPE: [libjvm.so+0x8b0180], sa_mask[0]=11111111011111111101111111111110, sa_flags=SA_RESTART|SA_SIGINFO
SIGXFSZ: [libjvm.so+0x8b0180], sa_mask[0]=11111111011111111101111111111110, sa_flags=SA_RESTART|SA_SIGINFO
SIGILL: [libjvm.so+0x8b0180], sa_mask[0]=11111111011111111101111111111110, sa_flags=SA_RESTART|SA_SIGINFO
SIGUSR1: SIG_DFL, sa_mask[0]=00000000000000000000000000000000, sa_flags=none
SIGUSR2: [libjvm.so+0x8b0030], sa_mask[0]=00100000000000000000000000000000, sa_flags=SA_RESTART|SA_SIGINFO
SIGHUP: [libjvm.so+0x8b0500], sa_mask[0]=11111111011111111101111111111110, sa_flags=SA_RESTART|SA_SIGINFO
SIGINT: [libjvm.so+0x8b0500], sa_mask[0]=11111111011111111101111111111110, sa_flags=SA_RESTART|SA_SIGINFO
SIGTERM: [libjvm.so+0x8b0500], sa_mask[0]=11111111011111111101111111111110, sa_flags=SA_RESTART|SA_SIGINFO
SIGQUIT: [libjvm.so+0x8b0500], sa_mask[0]=11111111011111111101111111111110, sa_flags=SA_RESTART|SA_SIGINFO


---------------  S Y S T E M  ---------------

OS:DISTRIB_ID=Ubuntu
DISTRIB_RELEASE=16.04
DISTRIB_CODENAME=xenial
DISTRIB_DESCRIPTION="Ubuntu 16.04 LTS"

uname:Linux 4.4.0-72-generic #93-Ubuntu SMP Fri Mar 31 14:07:41 UTC 2017 x86_64
libc:glibc 2.23 NPTL 2.23 
rlimit: STACK 8192k, CORE 0k, NPROC 31118, NOFILE 65536, AS infinity
load average:3.60 1.05 0.62

/proc/meminfo:
MemTotal:        8084688 kB
MemFree:         4033052 kB
MemAvailable:    4441232 kB
Buffers:           30100 kB
Cached:           736548 kB
SwapCached:         4460 kB
Active:          2645432 kB
Inactive:        1153144 kB
Active(anon):    2355440 kB
Inactive(anon):   856712 kB
Active(file):     289992 kB
Inactive(file):   296432 kB
Unevictable:         192 kB
Mlocked:             192 kB
SwapTotal:      12000252 kB
SwapFree:       11858424 kB
Dirty:              3888 kB
Writeback:             0 kB
AnonPages:       3028344 kB
Mapped:           236336 kB
Shmem:            179736 kB
Slab:             133456 kB
SReclaimable:      84324 kB
SUnreclaim:        49132 kB
KernelStack:       10160 kB
PageTables:        39608 kB
NFS_Unstable:          0 kB
Bounce:                0 kB
WritebackTmp:          0 kB
CommitLimit:    16042596 kB
Committed_AS:    7103548 kB
VmallocTotal:   34359738367 kB
VmallocUsed:           0 kB
VmallocChunk:          0 kB
HardwareCorrupted:     0 kB
AnonHugePages:   1740800 kB
CmaTotal:              0 kB
CmaFree:               0 kB
HugePages_Total:       0
HugePages_Free:        0
HugePages_Rsvd:        0
HugePages_Surp:        0
Hugepagesize:       2048 kB
DirectMap4k:      262024 kB
DirectMap2M:     8036352 kB
DirectMap1G:           0 kB


CPU:total 4 (2 cores per cpu, 2 threads per core) family 6 model 61 stepping 4, cmov, cx8, fxsr, mmx, sse, sse2, sse3, ssse3, sse4.1, sse4.2, popcnt, avx, avx2, aes, clmul, erms, 3dnowpref, lzcnt, ht, tsc, tscinvbit, bmi1, bmi2, adx

/proc/cpuinfo:
processor	: 0
vendor_id	: GenuineIntel
cpu family	: 6
model		: 61
model name	: Intel(R) Core(TM) i5-5200U CPU @ 2.20GHz
stepping	: 4
microcode	: 0x12
cpu MHz		: 2606.312
cache size	: 3072 KB
physical id	: 0
siblings	: 4
core id		: 0
cpu cores	: 2
apicid		: 0
initial apicid	: 0
fpu		: yes
fpu_exception	: yes
cpuid level	: 20
wp		: yes
flags		: fpu vme de pse tsc msr pae mce cx8 apic sep mtrr pge mca cmov pat pse36 clflush dts acpi mmx fxsr sse sse2 ss ht tm pbe syscall nx pdpe1gb rdtscp lm constant_tsc arch_perfmon pebs bts rep_good nopl xtopology nonstop_tsc aperfmperf eagerfpu pni pclmulqdq dtes64 monitor ds_cpl vmx est tm2 ssse3 sdbg fma cx16 xtpr pdcm pcid sse4_1 sse4_2 x2apic movbe popcnt tsc_deadline_timer aes xsave avx f16c rdrand lahf_lm abm 3dnowprefetch epb intel_pt tpr_shadow vnmi flexpriority ept vpid fsgsbase tsc_adjust bmi1 avx2 smep bmi2 erms invpcid rdseed adx smap xsaveopt dtherm ida arat pln pts
bugs		:
bogomips	: 4389.32
clflush size	: 64
cache_alignment	: 64
address sizes	: 39 bits physical, 48 bits virtual
power management:

processor	: 1
vendor_id	: GenuineIntel
cpu family	: 6
model		: 61
model name	: Intel(R) Core(TM) i5-5200U CPU @ 2.20GHz
stepping	: 4
microcode	: 0x12
cpu MHz		: 2499.578
cache size	: 3072 KB
physical id	: 0
siblings	: 4
core id		: 1
cpu cores	: 2
apicid		: 2
initial apicid	: 2
fpu		: yes
fpu_exception	: yes
cpuid level	: 20
wp		: yes
flags		: fpu vme de pse tsc msr pae mce cx8 apic sep mtrr pge mca cmov pat pse36 clflush dts acpi mmx fxsr sse sse2 ss ht tm pbe syscall nx pdpe1gb rdtscp lm constant_tsc arch_perfmon pebs bts rep_good nopl xtopology nonstop_tsc aperfmperf eagerfpu pni pclmulqdq dtes64 monitor ds_cpl vmx est tm2 ssse3 sdbg fma cx16 xtpr pdcm pcid sse4_1 sse4_2 x2apic movbe popcnt tsc_deadline_timer aes xsave avx f16c rdrand lahf_lm abm 3dnowprefetch epb intel_pt tpr_shadow vnmi flexpriority ept vpid fsgsbase tsc_adjust bmi1 avx2 smep bmi2 erms invpcid rdseed adx smap xsaveopt dtherm ida arat pln pts
bugs		:
bogomips	: 4389.32
clflush size	: 64
cache_alignment	: 64
address sizes	: 39 bits physical, 48 bits virtual
power management:

processor	: 2
vendor_id	: GenuineIntel
cpu family	: 6
model		: 61
model name	: Intel(R) Core(TM) i5-5200U CPU @ 2.20GHz
stepping	: 4
microcode	: 0x12
cpu MHz		: 2513.843
cache size	: 3072 KB
physical id	: 0
siblings	: 4
core id		: 0
cpu cores	: 2
apicid		: 1
initial apicid	: 1
fpu		: yes
fpu_exception	: yes
cpuid level	: 20
wp		: yes
flags		: fpu vme de pse tsc msr pae mce cx8 apic sep mtrr pge mca cmov pat pse36 clflush dts acpi mmx fxsr sse sse2 ss ht tm pbe syscall nx pdpe1gb rdtscp lm constant_tsc arch_perfmon pebs bts rep_good nopl xtopology nonstop_tsc aperfmperf eagerfpu pni pclmulqdq dtes64 monitor ds_cpl vmx est tm2 ssse3 sdbg fma cx16 xtpr pdcm pcid sse4_1 sse4_2 x2apic movbe popcnt tsc_deadline_timer aes xsave avx f16c rdrand lahf_lm abm 3dnowprefetch epb intel_pt tpr_shadow vnmi flexpriority ept vpid fsgsbase tsc_adjust bmi1 avx2 smep bmi2 erms invpcid rdseed adx smap xsaveopt dtherm ida arat pln pts
bugs		:
bogomips	: 4389.32
clflush size	: 64
cache_alignment	: 64
address sizes	: 39 bits physical, 48 bits virtual
power management:

processor	: 3
vendor_id	: GenuineIntel
cpu family	: 6
model		: 61
model name	: Intel(R) Core(TM) i5-5200U CPU @ 2.20GHz
stepping	: 4
microcode	: 0x12
cpu MHz		: 2499.921
cache size	: 3072 KB
physical id	: 0
siblings	: 4
core id		: 1
cpu cores	: 2
apicid		: 3
initial apicid	: 3
fpu		: yes
fpu_exception	: yes
cpuid level	: 20
wp		: yes
flags		: fpu vme de pse tsc msr pae mce cx8 apic sep mtrr pge mca cmov pat pse36 clflush dts acpi mmx fxsr sse sse2 ss ht tm pbe syscall nx pdpe1gb rdtscp lm constant_tsc arch_perfmon pebs bts rep_good nopl xtopology nonstop_tsc aperfmperf eagerfpu pni pclmulqdq dtes64 monitor ds_cpl vmx est tm2 ssse3 sdbg fma cx16 xtpr pdcm pcid sse4_1 sse4_2 x2apic movbe popcnt tsc_deadline_timer aes xsave avx f16c rdrand lahf_lm abm 3dnowprefetch epb intel_pt tpr_shadow vnmi flexpriority ept vpid fsgsbase tsc_adjust bmi1 avx2 smep bmi2 erms invpcid rdseed adx smap xsaveopt dtherm ida arat pln pts
bugs		:
bogomips	: 4389.32
clflush size	: 64
cache_alignment	: 64
address sizes	: 39 bits physical, 48 bits virtual
power management:



Memory: 4k page, physical 8084688k(4033052k free), swap 12000252k(11858424k free)

vm_info: OpenJDK 64-Bit Server VM (25.121-b13) for linux-amd64 JRE (1.8.0_121-8u121-b13-0ubuntu1.16.04.2-b13), built on Jan 23 2017 15:51:29 by "buildd" with gcc 5.4.0 20160609

time: Mon Apr 10 02:18:52 2017
elapsed time: 1926 seconds (0d 0h 32m 6s)

