#
# A fatal error has been detected by the Java Runtime Environment:
#
#  SIGSEGV (0xb) at pc=0x0000000000046b20, pid=18191, tid=0x00007f85d2daf700
#
# JRE version: OpenJDK Runtime Environment (8.0_121-b13) (build 1.8.0_121-8u121-b13-0ubuntu1.16.04.2-b13)
# Java VM: OpenJDK 64-Bit Server VM (25.121-b13 mixed mode linux-amd64 compressed oops)
# Problematic frame:
# C  0x0000000000046b20
#
# Failed to write core dump. Core dumps have been disabled. To enable core dumping, try "ulimit -c unlimited" before starting Java again
#
# If you would like to submit a bug report, please visit:
#   http://bugreport.java.com/bugreport/crash.jsp
#

---------------  T H R E A D  ---------------

Current thread is native thread

siginfo: si_signo: 11 (SIGSEGV), si_code: 1 (SEGV_MAPERR), si_addr: 0x0000000000046b20

Registers:
RAX=0x00007f8577ffd248, RBX=0x00007f85cc8bd5e0, RCX=0x0000000000000000, RDX=0x0000000000000000
RSP=0x00007ffd23f8d668, RBP=0x00007ffd23f8d7c0, RSI=0x0000000000000000, RDI=0x00007f85d25de140
R8 =0x0000000000000000, R9 =0x00007f85d29a5808, R10=0x00007f85d25de0c0, R11=0x00007f85d26192d0
R12=0x00007f8577ffd1a8, R13=0x0000000000000000, R14=0x00007ffd23f8d670, R15=0x0000000000000012
RIP=0x0000000000046b20, EFLAGS=0x0000000000010202, CSGSFS=0x0000000000000033, ERR=0x0000000000000014
  TRAPNO=0x000000000000000e

Top of Stack: (sp=0x00007ffd23f8d668)
0x00007ffd23f8d668:   00007f85d2bc7c17 00007f85d2dde168
0x00007ffd23f8d678:   00007f85d2dde700 00007f85d2ddb7a8
0x00007ffd23f8d688:   00007f85cc0009a0 00007f85cc00b570
0x00007ffd23f8d698:   00007f85cc00cbf0 00007f85cc00ba20
0x00007ffd23f8d6a8:   00007f85cc00d0a0 00007f85cc019ae0
0x00007ffd23f8d6b8:   00007f85cc001bd0 00007f85cc0014a0
0x00007ffd23f8d6c8:   0000000001049150 0000000001049680
0x00007ffd23f8d6d8:   000000000104a4c0 0000000001049ba0
0x00007ffd23f8d6e8:   00007f85d2db1000 00007f85d2db2b00
0x00007ffd23f8d6f8:   00007f85d2db2618 00007f85cc8bd5e0
0x00007ffd23f8d708:   00007f85cc8f0ac0 00007f85cc8f1020
0x00007ffd23f8d718:   00007f85d2db2000 00007f85d2ddd9d8
0x00007ffd23f8d728:   00007f85d2bc7964 00007ffd23f8d670
0x00007ffd23f8d738:   0000000000000006 00007ffd23f8d6a0
0x00007ffd23f8d748:   0000000000000001 0000000000000006
0x00007ffd23f8d758:   00007ffd23f8d730 00000017d29a3c40
0x00007ffd23f8d768:   00007ffd23f8d670 0000001700000000
0x00007ffd23f8d778:   00007f85d2ddd048 00007ffd23f8d640
0x00007ffd23f8d788:   0000000000000000 0000000000000001
0x00007ffd23f8d798:   0000000000000001 0000000000000001
0x00007ffd23f8d7a8:   00007f85d29a3c40 0000000000000000
0x00007ffd23f8d7b8:   0000000000000000 00007f85d29a25f8
0x00007ffd23f8d7c8:   00007f85d2618ff8 00000000004007bc
0x00007ffd23f8d7d8:   0000000000000000 0000000000400730
0x00007ffd23f8d7e8:   0000000000400630 00007ffd23f8d8e0
0x00007ffd23f8d7f8:   00007f85d2619045 0000000000400730
0x00007ffd23f8d808:   00007f85d25ff837 0000000000000000
0x00007ffd23f8d818:   00007ffd23f8d8e8 00000005d2ddcca0
0x00007ffd23f8d828:   00000000004005e0 0000000000000000
0x00007ffd23f8d838:   bb59e1750649da08 0000000000400630
0x00007ffd23f8d848:   00007ffd23f8d8e0 0000000000000000
0x00007ffd23f8d858:   0000000000000000 44a3a604b809da08 

Instructions: (pc=0x0000000000046b20)
0x0000000000046b00:   
[error occurred during error reporting (printing registers, top of stack, instructions near pc), id 0xb]

Register to memory mapping:

RAX=
[error occurred during error reporting (printing register info), id 0xb]

Stack: [0x00007ffd23e92000,0x00007ffd23f92000],  sp=0x00007ffd23f8d668,  free space=1005k
Native frames: (J=compiled Java code, j=interpreted, Vv=VM code, C=native code)
C  0x0000000000046b20


---------------  P R O C E S S  ---------------

VM state:at safepoint (shutting down)

VM Mutex/Monitor currently owned by a thread:  ([mutex/lock_event])
[0x00007f85cc009dd0] Threads_lock - owner thread: 0x00007f85cc07b000

Heap:
 PSYoungGen      total 68608K, used 47426K [0x00000000d6e00000, 0x00000000db600000, 0x0000000100000000)
  eden space 63488K, 66% used [0x00000000d6e00000,0x00000000d9758aa0,0x00000000dac00000)
  from space 5120K, 99% used [0x00000000db100000,0x00000000db5f8020,0x00000000db600000)
  to   space 5120K, 0% used [0x00000000dac00000,0x00000000dac00000,0x00000000db100000)
 ParOldGen       total 84992K, used 10939K [0x0000000084a00000, 0x0000000089d00000, 0x00000000d6e00000)
  object space 84992K, 12% used [0x0000000084a00000,0x00000000854aeea8,0x0000000089d00000)
 Metaspace       used 19099K, capacity 19198K, committed 19456K, reserved 1067008K
  class space    used 2476K, capacity 2525K, committed 2560K, reserved 1048576K

Card table byte_map: [0x00007f85bbe1b000,0x00007f85bc1f7000] byte_map_base: 0x00007f85bb9f6000

Marking Bits: (ParMarkBitMap*) 0x00007f85d1f87220
 Begin Bits: [0x00007f85a8250000, 0x00007f85aa128000)
 End Bits:   [0x00007f85aa128000, 0x00007f85ac000000)

Polling page: 0x00007f85d2dd9000

CodeCache: size=245760Kb used=7262Kb max_used=7262Kb free=238497Kb
 bounds [0x00007f85bc5b7000, 0x00007f85bcce7000, 0x00007f85cb5b7000]
 total_blobs=2652 nmethods=2269 adapters=296
 compilation: enabled

Compilation events (10 events):
Event: 10.440 Thread 0x00007f85cc0b5000 2268       3       tom.mapping.introspectors.algebra.affine.AffineIntrospector$AffineChildrenGetter::caseAffineExpression (6 bytes)
Event: 10.441 Thread 0x00007f85cc0b5000 nmethod 2268 0x00007f85bccc5550 code [0x00007f85bccc56c0, 0x00007f85bccc5868]
Event: 10.441 Thread 0x00007f85cc0b5000 2262       3       java.util.ArrayList::contains (14 bytes)
Event: 10.441 Thread 0x00007f85cc0b5000 nmethod 2262 0x00007f85bccc50d0 code [0x00007f85bccc5240, 0x00007f85bccc54a8]
Event: 10.441 Thread 0x00007f85cc0b5000 2264       3       fr.irisa.cairn.jnimap.isl.jni.JNIISLSpace::setName (37 bytes)
Event: 10.442 Thread 0x00007f85cc0b5000 nmethod 2264 0x00007f85bccca050 code [0x00007f85bccca2a0, 0x00007f85bcccaef8]
Event: 10.442 Thread 0x00007f85cc0b5000 2269       3       org.polymodel.impl.IndexDimensionImpl::eStaticClass (4 bytes)
Event: 10.442 Thread 0x00007f85cc0b5000 nmethod 2269 0x00007f85bccc9d10 code [0x00007f85bccc9e80, 0x00007f85bccc9fd0]
Event: 10.443 Thread 0x00007f85cc0b5000 2270       3       java.util.regex.Matcher::getTextLength (10 bytes)
Event: 10.443 Thread 0x00007f85cc0b5000 nmethod 2270 0x00007f85bccc98d0 code [0x00007f85bccc9a40, 0x00007f85bccc9c68]

GC Heap History (8 events):
Event: 3.083 GC heap before
{Heap before GC invocations=1 (full 0):
 PSYoungGen      total 36864K, used 31744K [0x00000000d6e00000, 0x00000000d9700000, 0x0000000100000000)
  eden space 31744K, 100% used [0x00000000d6e00000,0x00000000d8d00000,0x00000000d8d00000)
  from space 5120K, 0% used [0x00000000d9200000,0x00000000d9200000,0x00000000d9700000)
  to   space 5120K, 0% used [0x00000000d8d00000,0x00000000d8d00000,0x00000000d9200000)
 ParOldGen       total 84992K, used 0K [0x0000000084a00000, 0x0000000089d00000, 0x00000000d6e00000)
  object space 84992K, 0% used [0x0000000084a00000,0x0000000084a00000,0x0000000089d00000)
 Metaspace       used 7321K, capacity 7394K, committed 7552K, reserved 1056768K
  class space    used 849K, capacity 883K, committed 896K, reserved 1048576K
Event: 3.089 GC heap after
Heap after GC invocations=1 (full 0):
 PSYoungGen      total 36864K, used 5099K [0x00000000d6e00000, 0x00000000d9700000, 0x0000000100000000)
  eden space 31744K, 0% used [0x00000000d6e00000,0x00000000d6e00000,0x00000000d8d00000)
  from space 5120K, 99% used [0x00000000d8d00000,0x00000000d91fad38,0x00000000d9200000)
  to   space 5120K, 0% used [0x00000000d9200000,0x00000000d9200000,0x00000000d9700000)
 ParOldGen       total 84992K, used 972K [0x0000000084a00000, 0x0000000089d00000, 0x00000000d6e00000)
  object space 84992K, 1% used [0x0000000084a00000,0x0000000084af33b0,0x0000000089d00000)
 Metaspace       used 7321K, capacity 7394K, committed 7552K, reserved 1056768K
  class space    used 849K, capacity 883K, committed 896K, reserved 1048576K
}
Event: 3.395 GC heap before
{Heap before GC invocations=2 (full 0):
 PSYoungGen      total 36864K, used 36843K [0x00000000d6e00000, 0x00000000d9700000, 0x0000000100000000)
  eden space 31744K, 100% used [0x00000000d6e00000,0x00000000d8d00000,0x00000000d8d00000)
  from space 5120K, 99% used [0x00000000d8d00000,0x00000000d91fad38,0x00000000d9200000)
  to   space 5120K, 0% used [0x00000000d9200000,0x00000000d9200000,0x00000000d9700000)
 ParOldGen       total 84992K, used 972K [0x0000000084a00000, 0x0000000089d00000, 0x00000000d6e00000)
  object space 84992K, 1% used [0x0000000084a00000,0x0000000084af33b0,0x0000000089d00000)
 Metaspace       used 10414K, capacity 10472K, committed 10624K, reserved 1058816K
  class space    used 1304K, capacity 1332K, committed 1408K, reserved 1048576K
Event: 3.403 GC heap after
Heap after GC invocations=2 (full 0):
 PSYoungGen      total 36864K, used 5120K [0x00000000d6e00000, 0x00000000db600000, 0x0000000100000000)
  eden space 31744K, 0% used [0x00000000d6e00000,0x00000000d6e00000,0x00000000d8d00000)
  from space 5120K, 100% used [0x00000000d9200000,0x00000000d9700000,0x00000000d9700000)
  to   space 5120K, 0% used [0x00000000d8d00000,0x00000000d8d00000,0x00000000d9200000)
 ParOldGen       total 84992K, used 4406K [0x0000000084a00000, 0x0000000089d00000, 0x00000000d6e00000)
  object space 84992K, 5% used [0x0000000084a00000,0x0000000084e4d898,0x0000000089d00000)
 Metaspace       used 10414K, capacity 10472K, committed 10624K, reserved 1058816K
  class space    used 1304K, capacity 1332K, committed 1408K, reserved 1048576K
}
Event: 3.679 GC heap before
{Heap before GC invocations=3 (full 0):
 PSYoungGen      total 36864K, used 36864K [0x00000000d6e00000, 0x00000000db600000, 0x0000000100000000)
  eden space 31744K, 100% used [0x00000000d6e00000,0x00000000d8d00000,0x00000000d8d00000)
  from space 5120K, 100% used [0x00000000d9200000,0x00000000d9700000,0x00000000d9700000)
  to   space 5120K, 0% used [0x00000000d8d00000,0x00000000d8d00000,0x00000000d9200000)
 ParOldGen       total 84992K, used 4406K [0x0000000084a00000, 0x0000000089d00000, 0x00000000d6e00000)
  object space 84992K, 5% used [0x0000000084a00000,0x0000000084e4d898,0x0000000089d00000)
 Metaspace       used 12412K, capacity 12550K, committed 12672K, reserved 1060864K
  class space    used 1597K, capacity 1657K, committed 1664K, reserved 1048576K
Event: 3.686 GC heap after
Heap after GC invocations=3 (full 0):
 PSYoungGen      total 36864K, used 5088K [0x00000000d6e00000, 0x00000000db600000, 0x0000000100000000)
  eden space 31744K, 0% used [0x00000000d6e00000,0x00000000d6e00000,0x00000000d8d00000)
  from space 5120K, 99% used [0x00000000d8d00000,0x00000000d91f8020,0x00000000d9200000)
  to   space 5120K, 0% used [0x00000000db100000,0x00000000db100000,0x00000000db600000)
 ParOldGen       total 84992K, used 7503K [0x0000000084a00000, 0x0000000089d00000, 0x00000000d6e00000)
  object space 84992K, 8% used [0x0000000084a00000,0x0000000085153e98,0x0000000089d00000)
 Metaspace       used 12412K, capacity 12550K, committed 12672K, reserved 1060864K
  class space    used 1597K, capacity 1657K, committed 1664K, reserved 1048576K
}
Event: 4.053 GC heap before
{Heap before GC invocations=4 (full 0):
 PSYoungGen      total 36864K, used 36832K [0x00000000d6e00000, 0x00000000db600000, 0x0000000100000000)
  eden space 31744K, 100% used [0x00000000d6e00000,0x00000000d8d00000,0x00000000d8d00000)
  from space 5120K, 99% used [0x00000000d8d00000,0x00000000d91f8020,0x00000000d9200000)
  to   space 5120K, 0% used [0x00000000db100000,0x00000000db100000,0x00000000db600000)
 ParOldGen       total 84992K, used 7503K [0x0000000084a00000, 0x0000000089d00000, 0x00000000d6e00000)
  object space 84992K, 8% used [0x0000000084a00000,0x0000000085153e98,0x0000000089d00000)
 Metaspace       used 15231K, capacity 15378K, committed 15616K, reserved 1062912K
  class space    used 2006K, capacity 2043K, committed 2048K, reserved 1048576K
Event: 4.063 GC heap after
Heap after GC invocations=4 (full 0):
 PSYoungGen      total 68608K, used 5088K [0x00000000d6e00000, 0x00000000db600000, 0x0000000100000000)
  eden space 63488K, 0% used [0x00000000d6e00000,0x00000000d6e00000,0x00000000dac00000)
  from space 5120K, 99% used [0x00000000db100000,0x00000000db5f8020,0x00000000db600000)
  to   space 5120K, 0% used [0x00000000dac00000,0x00000000dac00000,0x00000000db100000)
 ParOldGen       total 84992K, used 10939K [0x0000000084a00000, 0x0000000089d00000, 0x00000000d6e00000)
  object space 84992K, 12% used [0x0000000084a00000,0x00000000854aeea8,0x0000000089d00000)
 Metaspace       used 15231K, capacity 15378K, committed 15616K, reserved 1062912K
  class space    used 2006K, capacity 2043K, committed 2048K, reserved 1048576K
}

Deoptimization events (10 events):
Event: 4.297 Thread 0x00007f85cc00d800 Uncommon trap: reason=array_check action=maybe_recompile pc=0x00007f85bcb74348 method=org.eclipse.emf.common.util.BasicEList.assign(ILjava/lang/Object;)Ljava/lang/Object; @ 6
Event: 4.297 Thread 0x00007f85cc00d800 Uncommon trap: reason=array_check action=maybe_recompile pc=0x00007f85bcb74348 method=org.eclipse.emf.common.util.BasicEList.assign(ILjava/lang/Object;)Ljava/lang/Object; @ 6
Event: 4.298 Thread 0x00007f85cc00d800 Uncommon trap: reason=array_check action=maybe_recompile pc=0x00007f85bcb74348 method=org.eclipse.emf.common.util.BasicEList.assign(ILjava/lang/Object;)Ljava/lang/Object; @ 6
Event: 4.359 Thread 0x00007f85cc00d800 Uncommon trap: reason=unstable_if action=reinterpret pc=0x00007f85bcb76a40 method=java.util.HashMap.hash(Ljava/lang/Object;)I @ 1
Event: 4.359 Thread 0x00007f85cc00d800 Uncommon trap: reason=unstable_if action=reinterpret pc=0x00007f85bc79dbb0 method=java.util.HashMap.hash(Ljava/lang/Object;)I @ 1
Event: 4.361 Thread 0x00007f85cc00d800 Uncommon trap: reason=unstable_if action=reinterpret pc=0x00007f85bc962414 method=java.util.HashMap.hash(Ljava/lang/Object;)I @ 1
Event: 4.362 Thread 0x00007f85cc00d800 Uncommon trap: reason=unstable_if action=reinterpret pc=0x00007f85bc7520e8 method=java.util.HashMap.hash(Ljava/lang/Object;)I @ 1
Event: 4.438 Thread 0x00007f85cc00d800 Uncommon trap: reason=bimorphic action=maybe_recompile pc=0x00007f85bcaf73d0 method=org.eclipse.emf.ecore.util.EContentsEList$FeatureIteratorImpl.hasNext()Z @ 279
Event: 4.438 Thread 0x00007f85cc00d800 Uncommon trap: reason=bimorphic action=maybe_recompile pc=0x00007f85bcaf73d0 method=org.eclipse.emf.ecore.util.EContentsEList$FeatureIteratorImpl.hasNext()Z @ 279
Event: 3874.064 Thread 0x00007f85cc00d800 Uncommon trap: reason=null_check action=make_not_entrant pc=0x00007f85bcc17bf0 method=java.lang.StringCoding.deref(Ljava/lang/ThreadLocal;)Ljava/lang/Object; @ 4

Internal exceptions (10 events):
Event: 3.370 Thread 0x00007f85cc00d800 Exception <a 'java/lang/ArrayIndexOutOfBoundsException'> (0x00000000d88663a8) thrown at [/build/openjdk-8-YiEakL/openjdk-8-8u121-b13/src/hotspot/src/share/vm/runtime/sharedRuntime.cpp, line 605]
Event: 3.371 Thread 0x00007f85cc00d800 Exception <a 'java/lang/ArrayIndexOutOfBoundsException'> (0x00000000d8868a28) thrown at [/build/openjdk-8-YiEakL/openjdk-8-8u121-b13/src/hotspot/src/share/vm/runtime/sharedRuntime.cpp, line 605]
Event: 3.371 Thread 0x00007f85cc00d800 Exception <a 'java/lang/ArrayIndexOutOfBoundsException'> (0x00000000d886a198) thrown at [/build/openjdk-8-YiEakL/openjdk-8-8u121-b13/src/hotspot/src/share/vm/runtime/sharedRuntime.cpp, line 605]
Event: 3.921 Thread 0x00007f85cc00d800 Implicit null exception at 0x00007f85bc7bb735 to 0x00007f85bc7bbae1
Event: 4.079 Thread 0x00007f85cc00d800 Exception <a 'java/io/FileNotFoundException'> (0x00000000d6f2e7e8) thrown at [/build/openjdk-8-YiEakL/openjdk-8-8u121-b13/src/hotspot/src/share/vm/prims/jni.cpp, line 709]
Event: 4.359 Thread 0x00007f85cc00d800 Implicit null exception at 0x00007f85bcb76396 to 0x00007f85bcb76a29
Event: 4.359 Thread 0x00007f85cc00d800 Implicit null exception at 0x00007f85bc79db18 to 0x00007f85bc79dba6
Event: 4.361 Thread 0x00007f85cc00d800 Implicit null exception at 0x00007f85bc9621f5 to 0x00007f85bc962405
Event: 4.362 Thread 0x00007f85cc00d800 Implicit null exception at 0x00007f85bc75206f to 0x00007f85bc7520d9
Event: 3874.064 Thread 0x00007f85cc00d800 Implicit null exception at 0x00007f85bcc175cd to 0x00007f85bcc17bd9

Events (10 events):
Event: 3874.060 loading class sun/misc/Signal$1 done
Event: 3874.060 loading class java/util/IdentityHashMap$KeyIterator
Event: 3874.060 loading class java/util/IdentityHashMap$KeyIterator done
Event: 3874.061 Thread 0x00007f8590001000 Thread added: 0x00007f8590001000
Event: 3874.061 Thread 0x00007f85cc0c3800 Thread added: 0x00007f85cc0c3800
Event: 3874.063 Thread 0x00007f85cc0c3800 Thread exited: 0x00007f85cc0c3800
Event: 3874.064 Thread 0x00007f85cc00d800 Uncommon trap: trap_request=0xfffffff4 fr.pc=0x00007f85bcc17bf0
Event: 3874.064 Thread 0x00007f85cc00d800 DEOPT PACKING pc=0x00007f85bcc17bf0 sp=0x00007f85d2dac1c0
Event: 3874.064 Thread 0x00007f85cc00d800 DEOPT UNPACKING pc=0x00007f85bc5bbf69 sp=0x00007f85d2dac0c0 mode 2
Event: 3874.064 Thread 0x00007f85cc00d800 Thread exited: 0x00007f85cc00d800


Dynamic libraries:
00400000-00401000 r-xp 00000000 08:09 7087821                            /usr/lib/jvm/java-8-openjdk-amd64/jre/bin/java
00600000-00601000 r--p 00000000 08:09 7087821                            /usr/lib/jvm/java-8-openjdk-amd64/jre/bin/java
00601000-00602000 rw-p 00001000 08:09 7087821                            /usr/lib/jvm/java-8-openjdk-amd64/jre/bin/java
01049000-0106a000 rw-p 00000000 00:00 0                                  [heap]
84a00000-89d00000 rw-p 00000000 00:00 0 
89d00000-d6e00000 ---p 00000000 00:00 0 
d6e00000-db600000 rw-p 00000000 00:00 0 
db600000-100000000 ---p 00000000 00:00 0 
100000000-100280000 rw-p 00000000 00:00 0 
100280000-140000000 ---p 00000000 00:00 0 
7f8568000000-7f8568021000 rw-p 00000000 00:00 0 
7f8568021000-7f856c000000 ---p 00000000 00:00 0 
7f8570000000-7f8570021000 rw-p 00000000 00:00 0 
7f8570021000-7f8574000000 ---p 00000000 00:00 0 
7f8577593000-7f8577596000 ---p 00000000 00:00 0 
7f8577596000-7f8577694000 rw-p 00000000 00:00 0 
7f8577694000-7f8577697000 ---p 00000000 00:00 0 
7f8577697000-7f8577795000 rw-p 00000000 00:00 0 
7f8577795000-7f857780a000 r-xp 00000000 08:09 27656256                   /home/hrishi/workspace/Console/.jnimap.temp.linux_64/libgmp.so.10 (deleted)
7f857780a000-7f8577a09000 ---p 00075000 08:09 27656256                   /home/hrishi/workspace/Console/.jnimap.temp.linux_64/libgmp.so.10 (deleted)
7f8577a09000-7f8577a0b000 rw-p 00074000 08:09 27656256                   /home/hrishi/workspace/Console/.jnimap.temp.linux_64/libgmp.so.10 (deleted)
7f8577a0b000-7f8577b73000 r-xp 00000000 08:09 27656255                   /home/hrishi/workspace/Console/.jnimap.temp.linux_64/libisl.so.13 (deleted)
7f8577b73000-7f8577d72000 ---p 00168000 08:09 27656255                   /home/hrishi/workspace/Console/.jnimap.temp.linux_64/libisl.so.13 (deleted)
7f8577d72000-7f8577d79000 rw-p 00167000 08:09 27656255                   /home/hrishi/workspace/Console/.jnimap.temp.linux_64/libisl.so.13 (deleted)
7f8577d79000-7f8577dfe000 r-xp 00000000 08:09 27656257                   /home/hrishi/workspace/Console/.jnimap.temp.linux_64/linux_64_libjniisl.so (deleted)
7f8577dfe000-7f8577ffd000 ---p 00085000 08:09 27656257                   /home/hrishi/workspace/Console/.jnimap.temp.linux_64/linux_64_libjniisl.so (deleted)
7f8577ffd000-7f8578000000 rw-p 00084000 08:09 27656257                   /home/hrishi/workspace/Console/.jnimap.temp.linux_64/linux_64_libjniisl.so (deleted)
7f8578000000-7f8578021000 rw-p 00000000 00:00 0 
7f8578021000-7f857c000000 ---p 00000000 00:00 0 
7f857c000000-7f857c021000 rw-p 00000000 00:00 0 
7f857c021000-7f8580000000 ---p 00000000 00:00 0 
7f8580000000-7f8580021000 rw-p 00000000 00:00 0 
7f8580021000-7f8584000000 ---p 00000000 00:00 0 
7f8584000000-7f8584021000 rw-p 00000000 00:00 0 
7f8584021000-7f8588000000 ---p 00000000 00:00 0 
7f8588000000-7f85891f2000 rw-p 00000000 00:00 0 
7f85891f2000-7f858c000000 ---p 00000000 00:00 0 
7f858c000000-7f858c6b9000 rw-p 00000000 00:00 0 
7f858c6b9000-7f8590000000 ---p 00000000 00:00 0 
7f8590000000-7f8590021000 rw-p 00000000 00:00 0 
7f8590021000-7f8594000000 ---p 00000000 00:00 0 
7f8594000000-7f859507e000 rw-p 00000000 00:00 0 
7f859507e000-7f8598000000 ---p 00000000 00:00 0 
7f8598000000-7f8598021000 rw-p 00000000 00:00 0 
7f8598021000-7f859c000000 ---p 00000000 00:00 0 
7f859c000000-7f859c021000 rw-p 00000000 00:00 0 
7f859c021000-7f85a0000000 ---p 00000000 00:00 0 
7f85a0000000-7f85a0021000 rw-p 00000000 00:00 0 
7f85a0021000-7f85a4000000 ---p 00000000 00:00 0 
7f85a4000000-7f85a4021000 rw-p 00000000 00:00 0 
7f85a4021000-7f85a8000000 ---p 00000000 00:00 0 
7f85a8050000-7f85a80d0000 rw-p 00000000 00:00 0 
7f85a80d0000-7f85a8250000 ---p 00000000 00:00 0 
7f85a8250000-7f85ac000000 rw-p 00000000 00:00 0 
7f85ac000000-7f85ac021000 rw-p 00000000 00:00 0 
7f85ac021000-7f85b0000000 ---p 00000000 00:00 0 
7f85b0000000-7f85b0021000 rw-p 00000000 00:00 0 
7f85b0021000-7f85b4000000 ---p 00000000 00:00 0 
7f85b4000000-7f85b4021000 rw-p 00000000 00:00 0 
7f85b4021000-7f85b8000000 ---p 00000000 00:00 0 
7f85b80a9000-7f85b82a9000 rw-p 00000000 00:00 0 
7f85b82a9000-7f85b84a9000 rw-p 00000000 00:00 0 
7f85b84a9000-7f85b86a9000 rw-p 00000000 00:00 0 
7f85b86a9000-7f85b86ac000 ---p 00000000 00:00 0 
7f85b86ac000-7f85b89aa000 rw-p 00000000 00:00 0 
7f85b89aa000-7f85b89ad000 ---p 00000000 00:00 0 
7f85b89ad000-7f85b8aab000 rw-p 00000000 00:00 0 
7f85b8b85000-7f85b8b88000 r--s 00015000 08:09 7085469                    /usr/lib/jvm/java-8-openjdk-amd64/jre/lib/jce.jar
7f85b8b88000-7f85b8b8c000 r--s 0009a000 08:09 7085467                    /usr/lib/jvm/java-8-openjdk-amd64/jre/lib/jsse.jar
7f85b8b8c000-7f85b8b8f000 r--s 00014000 08:09 26516293                   /home/hrishi/.eclipse/org.eclipse.platform_4.6.0_1473617060_linux_gtk_x86_64/plugins/fr.irisa.r2d2.parser.runtime_1.0.0.201612051604.jar
7f85b8b8f000-7f85b8b97000 r--s 0003c000 08:09 26516292                   /home/hrishi/.eclipse/org.eclipse.platform_4.6.0_1473617060_linux_gtk_x86_64/plugins/fr.irisa.r2d2.gecos.framework_1.0.0.201612051604.jar
7f85b8b97000-7f85b8ba1000 r--s 0006c000 08:09 26516357                   /home/hrishi/.eclipse/org.eclipse.platform_4.6.0_1473617060_linux_gtk_x86_64/plugins/org.eclipse.xtext.common.types_2.10.0.v201605250459.jar
7f85b8ba1000-7f85b8bd1000 r--s 0044d000 08:09 26516369                   /home/hrishi/.eclipse/org.eclipse.platform_4.6.0_1473617060_linux_gtk_x86_64/plugins/org.eclipse.xtext.xbase_2.10.0.v201605250459.jar
7f85b8bd1000-7f85b8bd4000 r--s 0000f000 08:09 26516352                   /home/hrishi/.eclipse/org.eclipse.platform_4.6.0_1473617060_linux_gtk_x86_64/plugins/org.eclipse.xtend.lib.macro_2.10.0.v201605250459.jar
7f85b8bd4000-7f85b8bd8000 r--s 00035000 08:09 26516351                   /home/hrishi/.eclipse/org.eclipse.platform_4.6.0_1473617060_linux_gtk_x86_64/plugins/org.eclipse.xtend.lib_2.10.0.v201605250459.jar
7f85b8bd8000-7f85b8bd9000 r--s 00001000 08:09 26516354                   /home/hrishi/.eclipse/org.eclipse.platform_4.6.0_1473617060_linux_gtk_x86_64/plugins/org.eclipse.xtend2.lib_2.10.0.v201605250459.jar
7f85b8bd9000-7f85b8bdf000 r--s 0003f000 08:09 26516368                   /home/hrishi/.eclipse/org.eclipse.platform_4.6.0_1473617060_linux_gtk_x86_64/plugins/org.eclipse.xtext.util_2.10.0.v201605250459.jar
7f85b8bdf000-7f85b8c10000 r--s 0024b000 08:09 26516355                   /home/hrishi/.eclipse/org.eclipse.platform_4.6.0_1473617060_linux_gtk_x86_64/plugins/org.eclipse.xtext_2.10.0.v201605250459.jar
7f85b8c10000-7f85b8c18000 r--s 00061000 08:09 26516277                   /home/hrishi/.eclipse/org.eclipse.platform_4.6.0_1473617060_linux_gtk_x86_64/plugins/edu.csu.melange.alphabets_0.9.6.201612051604.jar
7f85b8c18000-7f85b8c19000 r--s 00008000 08:09 26516336                   /home/hrishi/.eclipse/org.eclipse.platform_4.6.0_1473617060_linux_gtk_x86_64/plugins/org.polymodel.scop.cgenerator2_1.0.0.201612051604.jar
7f85b8c19000-7f85b8c1c000 r--s 00024000 08:09 26516337                   /home/hrishi/.eclipse/org.eclipse.platform_4.6.0_1473617060_linux_gtk_x86_64/plugins/org.polymodel.scop.dtiler_1.0.0.201612051604.jar
7f85b8c1c000-7f85b8c1d000 r--s 00001000 08:09 26516335                   /home/hrishi/.eclipse/org.eclipse.platform_4.6.0_1473617060_linux_gtk_x86_64/plugins/org.polymodel.scop.bridge.clast_1.0.0.201612051604.jar
7f85b8c1d000-7f85b8c22000 r--s 0002a000 08:09 26516334                   /home/hrishi/.eclipse/org.eclipse.platform_4.6.0_1473617060_linux_gtk_x86_64/plugins/org.polymodel.scop_1.0.0.201612051604.jar
7f85b8c22000-7f85b8c35000 r--s 0012e000 08:09 26516300                   /home/hrishi/.eclipse/org.eclipse.platform_4.6.0_1473617060_linux_gtk_x86_64/plugins/org.polymodel.polyhedralIR.codegen_1.0.0.201612051604.jar
7f85b8c35000-7f85b8c38000 r--s 008e1000 08:09 26516287                   /home/hrishi/.eclipse/org.eclipse.platform_4.6.0_1473617060_linux_gtk_x86_64/plugins/fr.irisa.cairn.jnimap.cloog_1.0.0.201612051604.jar
7f85b8c38000-7f85b8c3c000 r--s 00031000 08:09 26516341                   /home/hrishi/.eclipse/org.eclipse.platform_4.6.0_1473617060_linux_gtk_x86_64/plugins/org.antlr.runtime_3.2.0.v201101311130.jar
7f85b8c3c000-7f85b8c3d000 r--s 00011000 08:09 10748494                   /opt/eclipse/plugins/org.apache.commons.logging_1.1.1.v201101211721.jar
7f85b8c3d000-7f85b8c45000 r--s 0005e000 08:09 10748531                   /opt/eclipse/plugins/org.apache.log4j_1.2.15.v201012070815.jar
7f85b8c45000-7f85b8c47000 r--s 00008000 08:09 26516346                   /home/hrishi/.eclipse/org.eclipse.platform_4.6.0_1473617060_linux_gtk_x86_64/plugins/org.eclipse.emf.mwe.utils_1.3.20.v201605261103.jar
7f85b8c47000-7f85b8c48000 r--s 00003000 08:09 26516348                   /home/hrishi/.eclipse/org.eclipse.platform_4.6.0_1473617060_linux_gtk_x86_64/plugins/org.eclipse.emf.mwe2.runtime_2.9.0.v201605261103.jar
7f85b8c48000-7f85b8c49000 r--s 0000b000 08:09 26516339                   /home/hrishi/.eclipse/org.eclipse.platform_4.6.0_1473617060_linux_gtk_x86_64/plugins/org.apache.commons.cli_1.2.0.v201404270220.jar
7f85b8c49000-7f85b8c4f000 r--s 0002a000 08:09 26516345                   /home/hrishi/.eclipse/org.eclipse.platform_4.6.0_1473617060_linux_gtk_x86_64/plugins/org.eclipse.emf.mwe.core_1.3.20.v201605261103.jar
7f85b8c4f000-7f85b8c51000 r--s 00009000 08:09 26516279                   /home/hrishi/.eclipse/org.eclipse.platform_4.6.0_1473617060_linux_gtk_x86_64/plugins/edu.csu.melange.affineLattice_1.0.0.jar
7f85b8c51000-7f85b8c53000 r--s 00000000 08:09 26516338                   /home/hrishi/.eclipse/org.eclipse.platform_4.6.0_1473617060_linux_gtk_x86_64/plugins/tom.mapping_1.0.0.201612051604.jar
7f85b8c53000-7f85b8c5a000 r--s 0004d000 08:09 26516333                   /home/hrishi/.eclipse/org.eclipse.platform_4.6.0_1473617060_linux_gtk_x86_64/plugins/org.polymodel.prdg.scheduling_1.0.0.201612051604.jar
7f85b8c5a000-7f85b8c5d000 r--s 0001f000 08:09 26516370                   /home/hrishi/.eclipse/org.eclipse.platform_4.6.0_1473617060_linux_gtk_x86_64/plugins/org.eclipse.xtext.xbase.lib_2.10.0.v201605250459.jar
7f85b8c5d000-7f85b8c5f000 r--s 00004000 08:09 26516299                   /home/hrishi/.eclipse/org.eclipse.platform_4.6.0_1473617060_linux_gtk_x86_64/plugins/org.polymodel.matrix_1.0.0.201612051604.jar
7f85b8c5f000-7f85b8c61000 r--s 00005000 08:09 26516332                   /home/hrishi/.eclipse/org.eclipse.platform_4.6.0_1473617060_linux_gtk_x86_64/plugins/org.polymodel.prdg.adapter_1.0.0.201612051604.jar
7f85b8c61000-7f85b8c63000 r--s 00009000 08:09 26516301                   /home/hrishi/.eclipse/org.eclipse.platform_4.6.0_1473617060_linux_gtk_x86_64/plugins/org.polymodel.prdg_1.0.0.201612051604.jar
7f85b8c63000-7f85b8c65000 r--s 00013000 08:09 26516297                   /home/hrishi/.eclipse/org.eclipse.platform_4.6.0_1473617060_linux_gtk_x86_64/plugins/org.polymodel.isl_1.0.0.201612051604.jar
7f85b8c65000-7f85b8c6f000 r--s 000a4000 08:09 26516295                   /home/hrishi/.eclipse/org.eclipse.platform_4.6.0_1473617060_linux_gtk_x86_64/plugins/org.polymodel.algebra_1.0.0.201612051604.jar
7f85b8c6f000-7f85b8c72000 r--s 0002b000 08:09 26516294                   /home/hrishi/.eclipse/org.eclipse.platform_4.6.0_1473617060_linux_gtk_x86_64/plugins/org.polymodel_1.0.0.201612051604.jar
7f85b8c72000-7f85b8c9c000 r--s 001ff000 08:09 10749007                   /opt/eclipse/plugins/com.google.guava_15.0.0.v201403281430.jar
7f85b8c9c000-7f85b8c9d000 r--s 0000f000 08:09 28708338                   /home/hrishi/.eclipse/org.eclipse.platform_4.6.0_1473617060_linux_gtk_x86_64/plugins/fr.irisa.cairn.tools_1.0.0.201612051604/lib/javatuples-1.2.jar
7f85b8c9d000-7f85b8c9e000 r--s 0000b000 08:09 28708337                   /home/hrishi/.eclipse/org.eclipse.platform_4.6.0_1473617060_linux_gtk_x86_64/plugins/fr.irisa.cairn.tools_1.0.0.201612051604/lib/javatuples-1.2-sources.jar
7f85b8c9e000-7f85b8ca1000 r--s 00037000 08:09 28708336                   /home/hrishi/.eclipse/org.eclipse.platform_4.6.0_1473617060_linux_gtk_x86_64/plugins/fr.irisa.cairn.tools_1.0.0.201612051604/lib/javatuples-1.2-javadoc.jar
7f85b8ca1000-7f85b8ca2000 r--s 00000000 08:09 26516289                   /home/hrishi/.eclipse/org.eclipse.platform_4.6.0_1473617060_linux_gtk_x86_64/plugins/fr.irisa.cairn.jnimap.runtime_1.0.0.201612051604.jar
7f85b8ca2000-7f85b8ca7000 r--s 00b6c000 08:09 26516288                   /home/hrishi/.eclipse/org.eclipse.platform_4.6.0_1473617060_linux_gtk_x86_64/plugins/fr.irisa.cairn.jnimap.isl_2.1.0.201612051604.jar
7f85b8ca7000-7f85b8ca9000 r--s 00007000 08:09 26516286                   /home/hrishi/.eclipse/org.eclipse.platform_4.6.0_1473617060_linux_gtk_x86_64/plugins/fr.irisa.cairn.graph.guice_1.0.0.201612051604.jar
7f85b8ca9000-7f85b8cab000 r--s 00009000 08:09 10748202                   /opt/eclipse/plugins/com.google.inject.multibindings_3.0.0.v201605172100.jar
7f85b8cab000-7f85b8cb6000 r--s 00077000 08:09 10748760                   /opt/eclipse/plugins/com.google.inject_3.0.0.v201605172100.jar
7f85b8cb6000-7f85b8cce000 r--s 0015b000 08:09 28061747                   /home/hrishi/.eclipse/org.eclipse.platform_4.6.0_1473617060_linux_gtk_x86_64/plugins/fr.irisa.cairn.graph_1.0.0.201612051604/lib/jgrapht-ext-0.9.1-uber.jar
7f85b8cce000-7f85b8cfe000 rw-p 00000000 00:00 0 
7f85b8cfe000-7f85b8e2e000 r--s 010bc000 08:09 28708362                   /home/hrishi/.eclipse/org.eclipse.platform_4.6.0_1473617060_linux_gtk_x86_64/plugins/fr.irisa.cairn.eclipse.tom_2.10.0.201612051604/libs/aircube-bundle.jar
7f85b8e2e000-7f85b8e32000 r--s 00035000 08:09 10748985                   /opt/eclipse/plugins/org.eclipse.emf.ecore.xmi_2.12.0.v20160420-0247.jar
7f85b8e32000-7f85b8e39000 r--s 00051000 08:09 10748503                   /opt/eclipse/plugins/org.eclipse.emf.common_2.12.0.v20160420-0247.jar
7f85b8e39000-7f85b8e4b000 r--s 00111000 08:09 10748217                   /opt/eclipse/plugins/org.eclipse.emf.ecore_2.12.0.v20160420-0247.jar
7f85b8e4b000-7f85b8e50000 r--s 00030000 08:09 10748396                   /opt/eclipse/plugins/org.eclipse.ui.console_3.6.200.v20160518-1858.jar
7f85b8e50000-7f85b8e92000 r--s 00398000 08:09 10748311                   /opt/eclipse/plugins/org.eclipse.ui.workbench_3.108.0.v20160602-1232.jar
7f85b8e92000-7f85b8e96000 r--s 00019000 08:09 10748602                   /opt/eclipse/plugins/org.eclipse.core.commands_3.8.0.v20160316-1921.jar
7f85b8e96000-7f85b8ea8000 r--s 000f8000 08:09 10748780                   /opt/eclipse/plugins/org.eclipse.jface_3.12.0.v20160518-1929.jar
7f85b8ea8000-7f85b8ebd000 r--s 0028f000 08:09 10748863                   /opt/eclipse/plugins/org.eclipse.swt.gtk.linux.x86_64_3.105.0.v20160603-0902.jar
7f85b8ebd000-7f85b8ec6000 r--s 00058000 08:09 10748604                   /opt/eclipse/plugins/org.eclipse.ui_3.108.0.v20160518-1929.jar
7f85b8ec6000-7f85b8ec8000 r--s 00014000 08:09 10748222                   /opt/eclipse/plugins/org.eclipse.equinox.app_1.3.400.v20150715-1528.jar
7f85b8ec8000-7f85b8eca000 r--s 00017000 08:09 10748774                   /opt/eclipse/plugins/org.eclipse.core.contenttype_3.5.100.v20160418-1621.jar
7f85b8eca000-7f85b8ecd000 r--s 0001e000 08:09 10748508                   /opt/eclipse/plugins/org.eclipse.equinox.preferences_3.6.0.v20160120-1756.jar
7f85b8ecd000-7f85b8ed1000 r--s 0002a000 08:09 10749014                   /opt/eclipse/plugins/org.eclipse.equinox.registry_3.6.100.v20160223-2218.jar
7f85b8ed1000-7f85b8ed4000 r--s 00019000 08:09 10748931                   /opt/eclipse/plugins/org.eclipse.core.jobs_3.8.0.v20160509-0411.jar
7f85b8ed4000-7f85b8ed7000 r--s 0001b000 08:09 10748983                   /opt/eclipse/plugins/org.eclipse.equinox.common_3.8.0.v20160509-1230.jar
7f85b8ed7000-7f85b8eda000 r--s 00039000 08:09 10748174                   /opt/eclipse/plugins/org.eclipse.osgi.compatibility.state_1.0.200.v20160504-1419.jar
7f85b8eda000-7f85b8eef000 r--s 0013d000 08:09 10748755                   /opt/eclipse/plugins/org.eclipse.osgi_3.11.0.v20160603-1336.jar
7f85b8eef000-7f85b8ef1000 r--s 00003000 08:09 10748526                   /opt/eclipse/plugins/javax.inject_1.0.0.v20091030.jar
7f85b8ef1000-7f85b8ef3000 r--s 00011000 08:09 10748883                   /opt/eclipse/plugins/org.eclipse.core.runtime_3.12.0.v20160606-1342.jar
7f85b8ef3000-7f85b8ef7000 r--s 00037000 08:09 7085460                    /usr/lib/jvm/java-8-openjdk-amd64/jre/lib/ext/sunpkcs11.jar
7f85b8ef7000-7f85b8f01000 r--s 00116000 08:09 7085461                    /usr/lib/jvm/java-8-openjdk-amd64/jre/lib/ext/localedata.jar
7f85b8f01000-7f85b8f1c000 r--s 001d6000 08:09 7085455                    /usr/lib/jvm/java-8-openjdk-amd64/jre/lib/ext/nashorn.jar
7f85b8f1c000-7f85b8f1d000 ---p 00000000 00:00 0 
7f85b8f1d000-7f85b901d000 rw-p 00000000 00:00 0 
7f85b901d000-7f85b9020000 ---p 00000000 00:00 0 
7f85b9020000-7f85b911e000 rw-p 00000000 00:00 0 
7f85b911e000-7f85b9121000 ---p 00000000 00:00 0 
7f85b9121000-7f85b921f000 rw-p 00000000 00:00 0 
7f85b921f000-7f85b9222000 ---p 00000000 00:00 0 
7f85b9222000-7f85b9320000 rw-p 00000000 00:00 0 
7f85b9320000-7f85b9323000 ---p 00000000 00:00 0 
7f85b9323000-7f85b9421000 rw-p 00000000 00:00 0 
7f85b9421000-7f85b9424000 ---p 00000000 00:00 0 
7f85b9424000-7f85b9522000 rw-p 00000000 00:00 0 
7f85b9522000-7f85b97fa000 r--p 00000000 08:09 2887360                    /usr/lib/locale/locale-archive
7f85b97fa000-7f85b97fd000 ---p 00000000 00:00 0 
7f85b97fd000-7f85b98fb000 rw-p 00000000 00:00 0 
7f85b98fb000-7f85b98fe000 ---p 00000000 00:00 0 
7f85b98fe000-7f85b99fc000 rw-p 00000000 00:00 0 
7f85b99fc000-7f85b99fd000 ---p 00000000 00:00 0 
7f85b99fd000-7f85baadd000 rw-p 00000000 00:00 0 
7f85baadd000-7f85bacab000 r--s 03c06000 08:09 7087811                    /usr/lib/jvm/java-8-openjdk-amd64/jre/lib/rt.jar
7f85bacab000-7f85bb886000 rw-p 00000000 00:00 0 
7f85bb886000-7f85bb887000 ---p 00000000 00:00 0 
7f85bb887000-7f85bb987000 rw-p 00000000 00:00 0 
7f85bb987000-7f85bb988000 ---p 00000000 00:00 0 
7f85bb988000-7f85bba88000 rw-p 00000000 00:00 0 
7f85bba88000-7f85bba89000 ---p 00000000 00:00 0 
7f85bba89000-7f85bbbb3000 rw-p 00000000 00:00 0 
7f85bbbb3000-7f85bbe1b000 ---p 00000000 00:00 0 
7f85bbe1b000-7f85bbe45000 rw-p 00000000 00:00 0 
7f85bbe45000-7f85bc0ad000 ---p 00000000 00:00 0 
7f85bc0ad000-7f85bc0d1000 rw-p 00000000 00:00 0 
7f85bc0d1000-7f85bc1f6000 ---p 00000000 00:00 0 
7f85bc1f6000-7f85bc214000 rw-p 00000000 00:00 0 
7f85bc214000-7f85bc5b7000 ---p 00000000 00:00 0 
7f85bc5b7000-7f85bcce7000 rwxp 00000000 00:00 0 
7f85bcce7000-7f85cb5b7000 ---p 00000000 00:00 0 
7f85cb5b7000-7f85cb5bf000 r-xp 00000000 08:09 7085419                    /usr/lib/jvm/java-8-openjdk-amd64/jre/lib/amd64/libzip.so
7f85cb5bf000-7f85cb7be000 ---p 00008000 08:09 7085419                    /usr/lib/jvm/java-8-openjdk-amd64/jre/lib/amd64/libzip.so
7f85cb7be000-7f85cb7bf000 r--p 00007000 08:09 7085419                    /usr/lib/jvm/java-8-openjdk-amd64/jre/lib/amd64/libzip.so
7f85cb7bf000-7f85cb7c0000 rw-p 00008000 08:09 7085419                    /usr/lib/jvm/java-8-openjdk-amd64/jre/lib/amd64/libzip.so
7f85cb7c0000-7f85cb7cb000 r-xp 00000000 08:09 24382890                   /lib/x86_64-linux-gnu/libnss_files-2.23.so
7f85cb7cb000-7f85cb9ca000 ---p 0000b000 08:09 24382890                   /lib/x86_64-linux-gnu/libnss_files-2.23.so
7f85cb9ca000-7f85cb9cb000 r--p 0000a000 08:09 24382890                   /lib/x86_64-linux-gnu/libnss_files-2.23.so
7f85cb9cb000-7f85cb9cc000 rw-p 0000b000 08:09 24382890                   /lib/x86_64-linux-gnu/libnss_files-2.23.so
7f85cb9cc000-7f85cb9d2000 rw-p 00000000 00:00 0 
7f85cb9d2000-7f85cb9dd000 r-xp 00000000 08:09 24382881                   /lib/x86_64-linux-gnu/libnss_nis-2.23.so
7f85cb9dd000-7f85cbbdc000 ---p 0000b000 08:09 24382881                   /lib/x86_64-linux-gnu/libnss_nis-2.23.so
7f85cbbdc000-7f85cbbdd000 r--p 0000a000 08:09 24382881                   /lib/x86_64-linux-gnu/libnss_nis-2.23.so
7f85cbbdd000-7f85cbbde000 rw-p 0000b000 08:09 24382881                   /lib/x86_64-linux-gnu/libnss_nis-2.23.so
7f85cbbde000-7f85cbbf4000 r-xp 00000000 08:09 24382883                   /lib/x86_64-linux-gnu/libnsl-2.23.so
7f85cbbf4000-7f85cbdf3000 ---p 00016000 08:09 24382883                   /lib/x86_64-linux-gnu/libnsl-2.23.so
7f85cbdf3000-7f85cbdf4000 r--p 00015000 08:09 24382883                   /lib/x86_64-linux-gnu/libnsl-2.23.so
7f85cbdf4000-7f85cbdf5000 rw-p 00016000 08:09 24382883                   /lib/x86_64-linux-gnu/libnsl-2.23.so
7f85cbdf5000-7f85cbdf7000 rw-p 00000000 00:00 0 
7f85cbdf7000-7f85cbdff000 r-xp 00000000 08:09 24382892                   /lib/x86_64-linux-gnu/libnss_compat-2.23.so
7f85cbdff000-7f85cbffe000 ---p 00008000 08:09 24382892                   /lib/x86_64-linux-gnu/libnss_compat-2.23.so
7f85cbffe000-7f85cbfff000 r--p 00007000 08:09 24382892                   /lib/x86_64-linux-gnu/libnss_compat-2.23.so
7f85cbfff000-7f85cc000000 rw-p 00008000 08:09 24382892                   /lib/x86_64-linux-gnu/libnss_compat-2.23.so
7f85cc000000-7f85ccabb000 rw-p 00000000 00:00 0 
7f85ccabb000-7f85d0000000 ---p 00000000 00:00 0 
7f85d0000000-7f85d0001000 r--s 00002000 08:09 10748530                   /opt/eclipse/plugins/org.eclipse.e4.ui.workbench3_0.13.100.v20160506-0759.jar
7f85d0001000-7f85d0004000 r--s 0000f000 08:09 7085457                    /usr/lib/jvm/java-8-openjdk-amd64/jre/lib/ext/icedtea-sound.jar
7f85d0004000-7f85d0009000 r--s 0003b000 08:09 7085462                    /usr/lib/jvm/java-8-openjdk-amd64/jre/lib/ext/sunjce_provider.jar
7f85d0009000-7f85d007f000 rw-p 00000000 00:00 0 
7f85d007f000-7f85d0080000 ---p 00000000 00:00 0 
7f85d0080000-7f85d0180000 rw-p 00000000 00:00 0 
7f85d0180000-7f85d01ad000 r-xp 00000000 08:09 7085444                    /usr/lib/jvm/java-8-openjdk-amd64/jre/lib/amd64/libjava.so
7f85d01ad000-7f85d03ac000 ---p 0002d000 08:09 7085444                    /usr/lib/jvm/java-8-openjdk-amd64/jre/lib/amd64/libjava.so
7f85d03ac000-7f85d03ad000 r--p 0002c000 08:09 7085444                    /usr/lib/jvm/java-8-openjdk-amd64/jre/lib/amd64/libjava.so
7f85d03ad000-7f85d03af000 rw-p 0002d000 08:09 7085444                    /usr/lib/jvm/java-8-openjdk-amd64/jre/lib/amd64/libjava.so
7f85d03af000-7f85d03be000 r-xp 00000000 08:09 7085412                    /usr/lib/jvm/java-8-openjdk-amd64/jre/lib/amd64/libverify.so
7f85d03be000-7f85d05bd000 ---p 0000f000 08:09 7085412                    /usr/lib/jvm/java-8-openjdk-amd64/jre/lib/amd64/libverify.so
7f85d05bd000-7f85d05bf000 r--p 0000e000 08:09 7085412                    /usr/lib/jvm/java-8-openjdk-amd64/jre/lib/amd64/libverify.so
7f85d05bf000-7f85d05c0000 rw-p 00010000 08:09 7085412                    /usr/lib/jvm/java-8-openjdk-amd64/jre/lib/amd64/libverify.so
7f85d05c0000-7f85d05c7000 r-xp 00000000 08:09 24382893                   /lib/x86_64-linux-gnu/librt-2.23.so
7f85d05c7000-7f85d07c6000 ---p 00007000 08:09 24382893                   /lib/x86_64-linux-gnu/librt-2.23.so
7f85d07c6000-7f85d07c7000 r--p 00006000 08:09 24382893                   /lib/x86_64-linux-gnu/librt-2.23.so
7f85d07c7000-7f85d07c8000 rw-p 00007000 08:09 24382893                   /lib/x86_64-linux-gnu/librt-2.23.so
7f85d07c8000-7f85d07de000 r-xp 00000000 08:09 24383888                   /lib/x86_64-linux-gnu/libgcc_s.so.1
7f85d07de000-7f85d09dd000 ---p 00016000 08:09 24383888                   /lib/x86_64-linux-gnu/libgcc_s.so.1
7f85d09dd000-7f85d09de000 rw-p 00015000 08:09 24383888                   /lib/x86_64-linux-gnu/libgcc_s.so.1
7f85d09de000-7f85d0ae6000 r-xp 00000000 08:09 24382882                   /lib/x86_64-linux-gnu/libm-2.23.so
7f85d0ae6000-7f85d0ce5000 ---p 00108000 08:09 24382882                   /lib/x86_64-linux-gnu/libm-2.23.so
7f85d0ce5000-7f85d0ce6000 r--p 00107000 08:09 24382882                   /lib/x86_64-linux-gnu/libm-2.23.so
7f85d0ce6000-7f85d0ce7000 rw-p 00108000 08:09 24382882                   /lib/x86_64-linux-gnu/libm-2.23.so
7f85d0ce7000-7f85d0e59000 r-xp 00000000 08:09 2888511                    /usr/lib/x86_64-linux-gnu/libstdc++.so.6.0.21
7f85d0e59000-7f85d1059000 ---p 00172000 08:09 2888511                    /usr/lib/x86_64-linux-gnu/libstdc++.so.6.0.21
7f85d1059000-7f85d1063000 r--p 00172000 08:09 2888511                    /usr/lib/x86_64-linux-gnu/libstdc++.so.6.0.21
7f85d1063000-7f85d1065000 rw-p 0017c000 08:09 2888511                    /usr/lib/x86_64-linux-gnu/libstdc++.so.6.0.21
7f85d1065000-7f85d1069000 rw-p 00000000 00:00 0 
7f85d1069000-7f85d1cb9000 r-xp 00000000 08:09 7085439                    /usr/lib/jvm/java-8-openjdk-amd64/jre/lib/amd64/server/libjvm.so
7f85d1cb9000-7f85d1eb8000 ---p 00c50000 08:09 7085439                    /usr/lib/jvm/java-8-openjdk-amd64/jre/lib/amd64/server/libjvm.so
7f85d1eb8000-7f85d1f4b000 r--p 00c4f000 08:09 7085439                    /usr/lib/jvm/java-8-openjdk-amd64/jre/lib/amd64/server/libjvm.so
7f85d1f4b000-7f85d1f74000 rw-p 00ce2000 08:09 7085439                    /usr/lib/jvm/java-8-openjdk-amd64/jre/lib/amd64/server/libjvm.so
7f85d1f74000-7f85d1fa4000 rw-p 00000000 00:00 0 
7f85d1fa4000-7f85d1fbc000 r-xp 00000000 08:09 24382897                   /lib/x86_64-linux-gnu/libpthread-2.23.so
7f85d1fbc000-7f85d21bb000 ---p 00018000 08:09 24382897                   /lib/x86_64-linux-gnu/libpthread-2.23.so
7f85d21bb000-7f85d21bc000 r--p 00017000 08:09 24382897                   /lib/x86_64-linux-gnu/libpthread-2.23.so
7f85d21bc000-7f85d21bd000 rw-p 00018000 08:09 24382897                   /lib/x86_64-linux-gnu/libpthread-2.23.so
7f85d21bd000-7f85d21c1000 rw-p 00000000 00:00 0 
7f85d21c1000-7f85d21c4000 r-xp 00000000 08:09 24382880                   /lib/x86_64-linux-gnu/libdl-2.23.so
7f85d21c4000-7f85d23c3000 ---p 00003000 08:09 24382880                   /lib/x86_64-linux-gnu/libdl-2.23.so
7f85d23c3000-7f85d23c4000 r--p 00002000 08:09 24382880                   /lib/x86_64-linux-gnu/libdl-2.23.so
7f85d23c4000-7f85d23c5000 rw-p 00003000 08:09 24382880                   /lib/x86_64-linux-gnu/libdl-2.23.so
7f85d23c5000-7f85d23de000 r-xp 00000000 08:09 24384041                   /lib/x86_64-linux-gnu/libz.so.1.2.8
7f85d23de000-7f85d25dd000 ---p 00019000 08:09 24384041                   /lib/x86_64-linux-gnu/libz.so.1.2.8
7f85d25dd000-7f85d25de000 r--p 00018000 08:09 24384041                   /lib/x86_64-linux-gnu/libz.so.1.2.8
7f85d25de000-7f85d25df000 rw-p 00019000 08:09 24384041                   /lib/x86_64-linux-gnu/libz.so.1.2.8
7f85d25df000-7f85d279e000 r-xp 00000000 08:09 24382884                   /lib/x86_64-linux-gnu/libc-2.23.so
7f85d279e000-7f85d299e000 ---p 001bf000 08:09 24382884                   /lib/x86_64-linux-gnu/libc-2.23.so
7f85d299e000-7f85d29a2000 r--p 001bf000 08:09 24382884                   /lib/x86_64-linux-gnu/libc-2.23.so
7f85d29a2000-7f85d29a4000 rw-p 001c3000 08:09 24382884                   /lib/x86_64-linux-gnu/libc-2.23.so
7f85d29a4000-7f85d29a8000 rw-p 00000000 00:00 0 
7f85d29a8000-7f85d29b5000 r-xp 00000000 08:09 7085434                    /usr/lib/jvm/java-8-openjdk-amd64/jre/lib/amd64/jli/libjli.so
7f85d29b5000-7f85d2bb5000 ---p 0000d000 08:09 7085434                    /usr/lib/jvm/java-8-openjdk-amd64/jre/lib/amd64/jli/libjli.so
7f85d2bb5000-7f85d2bb6000 r--p 0000d000 08:09 7085434                    /usr/lib/jvm/java-8-openjdk-amd64/jre/lib/amd64/jli/libjli.so
7f85d2bb6000-7f85d2bb7000 rw-p 0000e000 08:09 7085434                    /usr/lib/jvm/java-8-openjdk-amd64/jre/lib/amd64/jli/libjli.so
7f85d2bb7000-7f85d2bdd000 r-xp 00000000 08:09 24382885                   /lib/x86_64-linux-gnu/ld-2.23.so
7f85d2bdd000-7f85d2bde000 r--s 00004000 08:09 10748172                   /opt/eclipse/plugins/org.eclipse.swt_3.105.0.v20160603-0902.jar
7f85d2bde000-7f85d2be0000 r--s 00001000 08:09 7085456                    /usr/lib/jvm/java-8-openjdk-amd64/jre/lib/ext/dnsns.jar
7f85d2be0000-7f85d2be2000 r--s 00008000 08:09 7085454                    /usr/lib/jvm/java-8-openjdk-amd64/jre/lib/ext/sunec.jar
7f85d2be2000-7f85d2cad000 rw-p 00000000 00:00 0 
7f85d2cad000-7f85d2cb0000 ---p 00000000 00:00 0 
7f85d2cb0000-7f85d2db3000 rw-p 00000000 00:00 0 
7f85d2db3000-7f85d2db4000 r--s 00010000 08:09 7085459                    /usr/lib/jvm/java-8-openjdk-amd64/jre/lib/ext/zipfs.jar
7f85d2db4000-7f85d2db5000 r--s 0000a000 08:09 7085463                    /usr/lib/jvm/java-8-openjdk-amd64/jre/lib/ext/jaccess.jar
7f85d2db5000-7f85d2dd0000 r--s 00394000 08:09 7085458                    /usr/lib/jvm/java-8-openjdk-amd64/jre/lib/ext/cldrdata.jar
7f85d2dd0000-7f85d2dd8000 rw-s 00000000 08:09 18612327                   /tmp/hsperfdata_hrishi/18191 (deleted)
7f85d2dd8000-7f85d2dd9000 rw-p 00000000 00:00 0 
7f85d2dd9000-7f85d2dda000 ---p 00000000 00:00 0 
7f85d2dda000-7f85d2ddc000 rw-p 00000000 00:00 0 
7f85d2ddc000-7f85d2ddd000 r--p 00025000 08:09 24382885                   /lib/x86_64-linux-gnu/ld-2.23.so
7f85d2ddd000-7f85d2dde000 rw-p 00026000 08:09 24382885                   /lib/x86_64-linux-gnu/ld-2.23.so
7f85d2dde000-7f85d2ddf000 rw-p 00000000 00:00 0 
7ffd23f6f000-7ffd23f92000 rw-p 00000000 00:00 0                          [stack]
7ffd23fb1000-7ffd23fb3000 r--p 00000000 00:00 0                          [vvar]
7ffd23fb3000-7ffd23fb5000 r-xp 00000000 00:00 0                          [vdso]
ffffffffff600000-ffffffffff601000 r-xp 00000000 00:00 0                  [vsyscall]

VM Arguments:
jvm_args: -Dfile.encoding=UTF-8 
java_command: RCPConsole
java_class_path (initial): /opt/eclipse/plugins/org.eclipse.core.runtime_3.12.0.v20160606-1342.jar:/opt/eclipse/plugins/javax.inject_1.0.0.v20091030.jar:/opt/eclipse/plugins/org.eclipse.osgi_3.11.0.v20160603-1336.jar:/opt/eclipse/plugins/org.eclipse.osgi.compatibility.state_1.0.200.v20160504-1419.jar:/opt/eclipse/plugins/org.eclipse.equinox.common_3.8.0.v20160509-1230.jar:/opt/eclipse/plugins/org.eclipse.core.jobs_3.8.0.v20160509-0411.jar:/opt/eclipse/plugins/org.eclipse.equinox.registry_3.6.100.v20160223-2218.jar:/opt/eclipse/plugins/org.eclipse.equinox.preferences_3.6.0.v20160120-1756.jar:/opt/eclipse/plugins/org.eclipse.core.contenttype_3.5.100.v20160418-1621.jar:/opt/eclipse/plugins/org.eclipse.equinox.app_1.3.400.v20150715-1528.jar:/opt/eclipse/plugins/org.eclipse.ui_3.108.0.v20160518-1929.jar:/opt/eclipse/plugins/org.eclipse.swt_3.105.0.v20160603-0902.jar:/opt/eclipse/plugins/org.eclipse.swt.gtk.linux.x86_64_3.105.0.v20160603-0902.jar:/opt/eclipse/plugins/org.eclipse.jface_3.12.0.v20160518-1929.jar:/opt/eclipse/plugins/org.eclipse.core.commands_3.8.0.v20160316-1921.jar:/opt/eclipse/plugins/org.eclipse.ui.workbench_3.108.0.v20160602-1232.jar:/opt/eclipse/plugins/org.eclipse.e4.ui.workbench3_0.13.100.v20160506-0759.jar:/opt/eclipse/plugins/org.eclipse.ui.console_3.6.200.v20160518-1858.jar:/opt/eclipse/plugins/org.eclipse.emf.ecore_2.12.0.v20160420-0247.jar:/opt/eclipse/plugins/org.eclipse.emf.common_2.12.0.v20160420-0247.jar:/opt/eclipse/plugins/org.eclipse.emf.ecore.xmi_2.12.0.v20160420-0247.jar:/home/hrishi/.eclipse/org.eclipse.platform_4.6.0_1473617060_linux_gtk_x86_64/plugins/fr.irisa.cairn.eclipse.tom_2.10.0.201612051604/libs/aircube-bundle.jar:/home/hrishi/.eclipse/org.eclipse.platform_4.6.0_1473617060_linux_gtk_x86_64/plugins/fr.irisa.cairn.graph_1.0.0.201612051604:/home/hrishi/.eclipse/org.eclipse.platform_4.6.0_1473617060_linux_gtk_x86_64/plugins/fr.irisa.cairn.graph_1.0.0.201612051604/lib/jgrapht-ext-0.9.1-uber.jar:/opt/eclipse/plugins/com.google.inj
Launcher Type: SUN_STANDARD

Environment Variables:
PATH=/home/hrishi/torch/install/bin:/usr/local/sbin:/usr/local/bin:/usr/sbin:/usr/bin:/sbin:/bin:/usr/games:/usr/local/games:/snap/bin
LD_LIBRARY_PATH=/home/hrishi/torch/install/lib:
SHELL=/bin/bash
DISPLAY=:0
DYLD_LIBRARY_PATH=/home/hrishi/torch/install/lib:

Signal Handlers:
SIGSEGV: [libjvm.so+0xa66fd0], sa_mask[0]=11111111011111111101111111111110, sa_flags=SA_RESTART|SA_SIGINFO
SIGBUS: [libjvm.so+0xa66fd0], sa_mask[0]=11111111011111111101111111111110, sa_flags=SA_RESTART|SA_SIGINFO
SIGFPE: [libjvm.so+0x8b0180], sa_mask[0]=11111111011111111101111111111110, sa_flags=SA_RESTART|SA_SIGINFO
SIGPIPE: [libjvm.so+0x8b0180], sa_mask[0]=11111111011111111101111111111110, sa_flags=SA_RESTART|SA_SIGINFO
SIGXFSZ: [libjvm.so+0x8b0180], sa_mask[0]=11111111011111111101111111111110, sa_flags=SA_RESTART|SA_SIGINFO
SIGILL: [libjvm.so+0x8b0180], sa_mask[0]=11111111011111111101111111111110, sa_flags=SA_RESTART|SA_SIGINFO
SIGUSR1: SIG_DFL, sa_mask[0]=00000000000000000000000000000000, sa_flags=none
SIGUSR2: [libjvm.so+0x8b0030], sa_mask[0]=00100000000000000000000000000000, sa_flags=SA_RESTART|SA_SIGINFO
SIGHUP: [libjvm.so+0x8b0500], sa_mask[0]=11111111011111111101111111111110, sa_flags=SA_RESTART|SA_SIGINFO
SIGINT: [libjvm.so+0x8b0500], sa_mask[0]=11111111011111111101111111111110, sa_flags=SA_RESTART|SA_SIGINFO
SIGTERM: [libjvm.so+0x8b0500], sa_mask[0]=11111111011111111101111111111110, sa_flags=SA_RESTART|SA_SIGINFO
SIGQUIT: [libjvm.so+0x8b0500], sa_mask[0]=11111111011111111101111111111110, sa_flags=SA_RESTART|SA_SIGINFO


---------------  S Y S T E M  ---------------

OS:DISTRIB_ID=Ubuntu
DISTRIB_RELEASE=16.04
DISTRIB_CODENAME=xenial
DISTRIB_DESCRIPTION="Ubuntu 16.04 LTS"

uname:Linux 4.4.0-72-generic #93-Ubuntu SMP Fri Mar 31 14:07:41 UTC 2017 x86_64
libc:glibc 2.23 NPTL 2.23 
rlimit: STACK 8192k, CORE 0k, NPROC 31118, NOFILE 65536, AS infinity
load average:3.60 1.05 0.62

/proc/meminfo:
MemTotal:        8084688 kB
MemFree:         3757176 kB
MemAvailable:    4179908 kB
Buffers:           29748 kB
Cached:           751036 kB
SwapCached:         4460 kB
Active:          2899372 kB
Inactive:        1171512 kB
Active(anon):    2612892 kB
Inactive(anon):   857060 kB
Active(file):     286480 kB
Inactive(file):   314452 kB
Unevictable:         192 kB
Mlocked:             192 kB
SwapTotal:      12000252 kB
SwapFree:       11858424 kB
Dirty:              3668 kB
Writeback:             0 kB
AnonPages:       3286188 kB
Mapped:           234696 kB
Shmem:            179740 kB
Slab:             134068 kB
SReclaimable:      84412 kB
SUnreclaim:        49656 kB
KernelStack:       10800 kB
PageTables:        40984 kB
NFS_Unstable:          0 kB
Bounce:                0 kB
WritebackTmp:          0 kB
CommitLimit:    16042596 kB
Committed_AS:    7747672 kB
VmallocTotal:   34359738367 kB
VmallocUsed:           0 kB
VmallocChunk:          0 kB
HardwareCorrupted:     0 kB
AnonHugePages:   1824768 kB
CmaTotal:              0 kB
CmaFree:               0 kB
HugePages_Total:       0
HugePages_Free:        0
HugePages_Rsvd:        0
HugePages_Surp:        0
Hugepagesize:       2048 kB
DirectMap4k:      262024 kB
DirectMap2M:     8036352 kB
DirectMap1G:           0 kB


CPU:total 4 (2 cores per cpu, 2 threads per core) family 6 model 61 stepping 4, cmov, cx8, fxsr, mmx, sse, sse2, sse3, ssse3, sse4.1, sse4.2, popcnt, avx, avx2, aes, clmul, erms, 3dnowpref, lzcnt, ht, tsc, tscinvbit, bmi1, bmi2, adx

/proc/cpuinfo:
processor	: 0
vendor_id	: GenuineIntel
cpu family	: 6
model		: 61
model name	: Intel(R) Core(TM) i5-5200U CPU @ 2.20GHz
stepping	: 4
microcode	: 0x12
cpu MHz		: 2499.921
cache size	: 3072 KB
physical id	: 0
siblings	: 4
core id		: 0
cpu cores	: 2
apicid		: 0
initial apicid	: 0
fpu		: yes
fpu_exception	: yes
cpuid level	: 20
wp		: yes
flags		: fpu vme de pse tsc msr pae mce cx8 apic sep mtrr pge mca cmov pat pse36 clflush dts acpi mmx fxsr sse sse2 ss ht tm pbe syscall nx pdpe1gb rdtscp lm constant_tsc arch_perfmon pebs bts rep_good nopl xtopology nonstop_tsc aperfmperf eagerfpu pni pclmulqdq dtes64 monitor ds_cpl vmx est tm2 ssse3 sdbg fma cx16 xtpr pdcm pcid sse4_1 sse4_2 x2apic movbe popcnt tsc_deadline_timer aes xsave avx f16c rdrand lahf_lm abm 3dnowprefetch epb intel_pt tpr_shadow vnmi flexpriority ept vpid fsgsbase tsc_adjust bmi1 avx2 smep bmi2 erms invpcid rdseed adx smap xsaveopt dtherm ida arat pln pts
bugs		:
bogomips	: 4389.32
clflush size	: 64
cache_alignment	: 64
address sizes	: 39 bits physical, 48 bits virtual
power management:

processor	: 1
vendor_id	: GenuineIntel
cpu family	: 6
model		: 61
model name	: Intel(R) Core(TM) i5-5200U CPU @ 2.20GHz
stepping	: 4
microcode	: 0x12
cpu MHz		: 2500.007
cache size	: 3072 KB
physical id	: 0
siblings	: 4
core id		: 1
cpu cores	: 2
apicid		: 2
initial apicid	: 2
fpu		: yes
fpu_exception	: yes
cpuid level	: 20
wp		: yes
flags		: fpu vme de pse tsc msr pae mce cx8 apic sep mtrr pge mca cmov pat pse36 clflush dts acpi mmx fxsr sse sse2 ss ht tm pbe syscall nx pdpe1gb rdtscp lm constant_tsc arch_perfmon pebs bts rep_good nopl xtopology nonstop_tsc aperfmperf eagerfpu pni pclmulqdq dtes64 monitor ds_cpl vmx est tm2 ssse3 sdbg fma cx16 xtpr pdcm pcid sse4_1 sse4_2 x2apic movbe popcnt tsc_deadline_timer aes xsave avx f16c rdrand lahf_lm abm 3dnowprefetch epb intel_pt tpr_shadow vnmi flexpriority ept vpid fsgsbase tsc_adjust bmi1 avx2 smep bmi2 erms invpcid rdseed adx smap xsaveopt dtherm ida arat pln pts
bugs		:
bogomips	: 4389.32
clflush size	: 64
cache_alignment	: 64
address sizes	: 39 bits physical, 48 bits virtual
power management:

processor	: 2
vendor_id	: GenuineIntel
cpu family	: 6
model		: 61
model name	: Intel(R) Core(TM) i5-5200U CPU @ 2.20GHz
stepping	: 4
microcode	: 0x12
cpu MHz		: 2499.921
cache size	: 3072 KB
physical id	: 0
siblings	: 4
core id		: 0
cpu cores	: 2
apicid		: 1
initial apicid	: 1
fpu		: yes
fpu_exception	: yes
cpuid level	: 20
wp		: yes
flags		: fpu vme de pse tsc msr pae mce cx8 apic sep mtrr pge mca cmov pat pse36 clflush dts acpi mmx fxsr sse sse2 ss ht tm pbe syscall nx pdpe1gb rdtscp lm constant_tsc arch_perfmon pebs bts rep_good nopl xtopology nonstop_tsc aperfmperf eagerfpu pni pclmulqdq dtes64 monitor ds_cpl vmx est tm2 ssse3 sdbg fma cx16 xtpr pdcm pcid sse4_1 sse4_2 x2apic movbe popcnt tsc_deadline_timer aes xsave avx f16c rdrand lahf_lm abm 3dnowprefetch epb intel_pt tpr_shadow vnmi flexpriority ept vpid fsgsbase tsc_adjust bmi1 avx2 smep bmi2 erms invpcid rdseed adx smap xsaveopt dtherm ida arat pln pts
bugs		:
bogomips	: 4389.32
clflush size	: 64
cache_alignment	: 64
address sizes	: 39 bits physical, 48 bits virtual
power management:

processor	: 3
vendor_id	: GenuineIntel
cpu family	: 6
model		: 61
model name	: Intel(R) Core(TM) i5-5200U CPU @ 2.20GHz
stepping	: 4
microcode	: 0x12
cpu MHz		: 2501.898
cache size	: 3072 KB
physical id	: 0
siblings	: 4
core id		: 1
cpu cores	: 2
apicid		: 3
initial apicid	: 3
fpu		: yes
fpu_exception	: yes
cpuid level	: 20
wp		: yes
flags		: fpu vme de pse tsc msr pae mce cx8 apic sep mtrr pge mca cmov pat pse36 clflush dts acpi mmx fxsr sse sse2 ss ht tm pbe syscall nx pdpe1gb rdtscp lm constant_tsc arch_perfmon pebs bts rep_good nopl xtopology nonstop_tsc aperfmperf eagerfpu pni pclmulqdq dtes64 monitor ds_cpl vmx est tm2 ssse3 sdbg fma cx16 xtpr pdcm pcid sse4_1 sse4_2 x2apic movbe popcnt tsc_deadline_timer aes xsave avx f16c rdrand lahf_lm abm 3dnowprefetch epb intel_pt tpr_shadow vnmi flexpriority ept vpid fsgsbase tsc_adjust bmi1 avx2 smep bmi2 erms invpcid rdseed adx smap xsaveopt dtherm ida arat pln pts
bugs		:
bogomips	: 4389.32
clflush size	: 64
cache_alignment	: 64
address sizes	: 39 bits physical, 48 bits virtual
power management:



Memory: 4k page, physical 8084688k(3757176k free), swap 12000252k(11858424k free)

vm_info: OpenJDK 64-Bit Server VM (25.121-b13) for linux-amd64 JRE (1.8.0_121-8u121-b13-0ubuntu1.16.04.2-b13), built on Jan 23 2017 15:51:29 by "buildd" with gcc 5.4.0 20160609

time: Mon Apr 10 02:18:51 2017
elapsed time: 3874 seconds (0d 1h 4m 34s)

