#
# A fatal error has been detected by the Java Runtime Environment:
#
#  SIGBUS (0x7) at pc=0x00007fa6953f2d86, pid=13249, tid=0x00007fa6955df700
#
# JRE version: OpenJDK Runtime Environment (8.0_121-b13) (build 1.8.0_121-8u121-b13-0ubuntu1.16.04.2-b13)
# Java VM: OpenJDK 64-Bit Server VM (25.121-b13 mixed mode linux-amd64 compressed oops)
# Problematic frame:
# C  [ld-linux-x86-64.so.2+0x9d86]
#
# Failed to write core dump. Core dumps have been disabled. To enable core dumping, try "ulimit -c unlimited" before starting Java again
#
# If you would like to submit a bug report, please visit:
#   http://bugreport.java.com/bugreport/crash.jsp
# The crash happened outside the Java Virtual Machine in native code.
# See problematic frame for where to report the bug.
#

---------------  T H R E A D  ---------------

Current thread (0x00007fa68c00d800):  JavaThread "main" [_thread_in_native, id=13253, stack(0x00007fa6954df000,0x00007fa6955e0000)]

siginfo: si_signo: 7 (SIGBUS), si_code: 2 (BUS_ADRERR), si_addr: 0x00007fa6629779c8

Registers:
RAX=0x00007fa6629779c0, RBX=0x00007fa68c8b6130, RCX=0x0000000000000032, RDX=0x0000000000000805
RSP=0x00007fa6955ddcb0, RBP=0x0000000000000001, RSI=0x0004f0d0c186069a, RDI=0x00007fa662997d59
R8 =0x00007fa6955dde10, R9 =0x00007fa68c887ed8, R10=0x00007fa68c887c20, R11=0x00007fa692ffa5b8
R12=0x0000000000000005, R13=0x0000000000000000, R14=0x00007fa68c8b6c50, R15=0x0000000000000000
RIP=0x00007fa6953f2d86, EFLAGS=0x0000000000010206, CSGSFS=0x0000000000000033, ERR=0x0000000000000004
  TRAPNO=0x000000000000000e

Top of Stack: (sp=0x00007fa6955ddcb0)
0x00007fa6955ddcb0:   00007fa6955ddce0 00007fa662997d59
0x00007fa6955ddcc0:   00007fa662988a28 00007fa6955ddd38
0x00007fa6955ddcd0:   0000000028f1a3f2 0000000000a3c68f
0x00007fa6955ddce0:   00007fa600000032 00007fa6955dde10
0x00007fa6955ddcf0:   00007fa662995748 00007fa6629857e8
0x00007fa6955ddd00:   00007fa6955ddd34 00007fa6955dde00
0x00007fa6955ddd10:   0000000001197aa0 00007fa600000000
0x00007fa6955ddd20:   000000000000000b 00007fa6955dddc0
0x00007fa6955ddd30:   00000000955ddfe0 0000000000000000
0x00007fa6955ddd40:   00007fa6955dde00 00007fa68c887f80
0x00007fa6955ddd50:   00007fa6955ddea0 0000000000000000
0x00007fa6955ddd60:   0000000000000000 00007fa68c887c20
0x00007fa6955ddd70:   00007fa6955ddec8 00007fa6953f394f
0x00007fa6955ddd80:   0000000000000000 0000000000000000
0x00007fa6955ddd90:   0000000000000005 0000000000000000
0x00007fa6955ddda0:   0000000000000001 00007fa68c887c20
0x00007fa6955dddb0:   000000000000003d 0000000000000100
0x00007fa6955dddc0:   00007fa662c0b450 0000000000000000
0x00007fa6955dddd0:   00007fa68c887f78 00007fa6955dde10
0x00007fa6955ddde0:   00000001955ddf20 00007fa6955dde00
0x00007fa6955dddf0:   0000000028f1a3f2 00007fa662997d59
0x00007fa6955dde00:   00000000ffffffff 00007fa694114856
0x00007fa6955dde10:   0000000000000000 0000000000000000
0x00007fa6955dde20:   00007fa6946f65d8 00007fa6954393d0
0x00007fa6955dde30:   0000000000000003 00007fa6955de00f
0x00007fa6955dde40:   00000000000014d7 00007fa600000009
0x00007fa6955dde50:   00007fa662c0b450 00007fa68c00d800
0x00007fa6955dde60:   000000000000003d 0000000000000000
0x00007fa6955dde70:   0000000000000000 00007fa662c036b0
0x00007fa6955dde80:   0000000000000000 00007fa662c0b450
0x00007fa6955dde90:   00007fa6955de108 00007fa68c00d800
0x00007fa6955ddea0:   00007fa6955de0e0 00007fa6953f88f6 

Instructions: (pc=0x00007fa6953f2d86)
0x00007fa6953f2d66:   84 b5 00 00 00 48 8b 43 70 c7 84 24 84 00 00 00
0x00007fa6953f2d76:   00 00 00 00 48 c7 84 24 88 00 00 00 00 00 00 00
0x00007fa6953f2d86:   48 8b 40 08 48 89 44 24 48 48 8b 43 68 48 8b 40
0x00007fa6953f2d96:   08 48 89 44 24 40 48 8b 83 f8 02 00 00 48 85 c0 

Register to memory mapping:

RAX=
[error occurred during error reporting (printing register info), id 0x7]

Stack: [0x00007fa6954df000,0x00007fa6955e0000],  sp=0x00007fa6955ddcb0,  free space=1019k
Native frames: (J=compiled Java code, j=interpreted, Vv=VM code, C=native code)
C  [ld-linux-x86-64.so.2+0x9d86]

Java frames: (J=compiled Java code, j=interpreted, Vv=VM code)
j  fr.irisa.cairn.jnimap.isl.jni.ISLNative.isl_space_copy(J)J+0
j  fr.irisa.cairn.jnimap.isl.jni.JNIISLSpace.copy()Lfr/irisa/cairn/jnimap/isl/jni/JNIISLSpace;+10
j  org.polymodel.isl.factory.ISLNativeBinder.convertQuasiAffineExprToMatrix(Ljava/util/List;Ljava/util/List;Ljava/util/List;Lfr/irisa/cairn/jnimap/isl/jni/JNIISLSpace;Ljava/util/List;Ljava/util/List;Ljava/util/List;Ljava/util/List;Z)I+49
j  org.polymodel.isl.factory.ISLNativeBinder.jniIslBasicSetNoString(Lorg/polymodel/algebra/IntConstraintSystem;Lfr/irisa/cairn/jnimap/isl/jni/JNIISLSpace;Lorg/polymodel/DomainDimensions;)Lfr/irisa/cairn/jnimap/isl/jni/JNIISLBasicSet;+111
j  org.polymodel.isl.factory.ISLNativeBinder.jniIslSetNoString(Lorg/polymodel/Domain;)Lfr/irisa/cairn/jnimap/isl/jni/JNIISLSet;+54
j  org.polymodel.isl.impl.ISLSetImpl.getJNIset()Lfr/irisa/cairn/jnimap/isl/jni/JNIISLSet;+1
j  org.polymodel.isl.impl.ISLSetImpl.applyIntersection(Lorg/polymodel/Domain;)[Lorg/polymodel/algebra/IntConstraintSystem;+1
j  org.polymodel.impl.DomainImpl.intersection(Lorg/polymodel/Domain;)Lorg/polymodel/Domain;+20
j  org.polymodel.polyhedralIR.factory.PolyhedralIRUtility.polymodelDomainUnion(Lorg/polymodel/polyhedralIR/ParameterDomain;Ljava/util/List;Ljava/util/List;)Lorg/polymodel/Domain;+104
j  org.polymodel.polyhedralIR.factory.PolyhedralIRUtility.parseDomainUnionFromString(Lorg/polymodel/polyhedralIR/ParameterDomain;Ljava/util/List;Ljava/util/List;)Lorg/polymodel/polyhedralIR/Domain;+6
j  edu.csu.melange.alphaz.mde.core.AlphabetsToPolyhedralIR.parseVariableDomain(Ledu/csu/melange/alphabets/xtext/alphabets/ADomain;)Lorg/polymodel/polyhedralIR/Domain;+173
j  edu.csu.melange.alphaz.mde.core.AlphabetsToPolyhedralIR.parseVariableDeclaration(Ledu/csu/melange/alphabets/xtext/alphabets/AVariableDeclaration;)Ljava/util/List;+59
j  edu.csu.melange.alphaz.mde.core.AlphabetsToPolyhedralIR.parseInputDeclarations(Lorg/eclipse/emf/common/util/EList;)Ljava/util/List;+33
j  edu.csu.melange.alphaz.mde.core.AlphabetsToPolyhedralIR.inAProgram(Ledu/csu/melange/alphabets/xtext/alphabets/AProgram;)V+145
j  edu.csu.melange.alphabets.xtext.alphabets.impl.AlphabetsDepthFirstVisitorImpl.visitAProgram(Ledu/csu/melange/alphabets/xtext/alphabets/AProgram;)V+2
j  edu.csu.melange.alphabets.xtext.alphabets.impl.AProgramImpl.accept(Ledu/csu/melange/alphabets/xtext/alphabets/AlphabetsVisitor;)V+2
j  edu.csu.melange.alphaz.mde.core.AlphabetsToPolyhedralIR.readAlphabets(Ljava/lang/String;)Ledu/csu/melange/alphaz/mde/core/AlphabetsParseResult;+15
j  alphaz.mde.Basic.ReadAlphabets(Ljava/lang/String;)Lorg/polymodel/polyhedralIR/Program;+1
j  RCPConsole.main([Ljava/lang/String;)V+26
v  ~StubRoutines::call_stub

---------------  P R O C E S S  ---------------

Java Threads: ( => current thread )
  0x00007fa68c5b0000 JavaThread "com.google.inject.internal.util.$Finalizer" daemon [_thread_blocked, id=13298, stack(0x00007fa663205000,0x00007fa663306000)]
  0x00007fa68c442000 JavaThread "EMF Reference Cleaner" daemon [_thread_blocked, id=13295, stack(0x00007fa663506000,0x00007fa663607000)]
  0x00007fa68c0bc800 JavaThread "Service Thread" daemon [_thread_blocked, id=13284, stack(0x00007fa663a25000,0x00007fa663b26000)]
  0x00007fa68c0b5000 JavaThread "C1 CompilerThread2" daemon [_thread_blocked, id=13282, stack(0x00007fa663b26000,0x00007fa663c27000)]
  0x00007fa68c0b3800 JavaThread "C2 CompilerThread1" daemon [_thread_in_native, id=13280, stack(0x00007fa663c27000,0x00007fa663d28000)]
  0x00007fa68c0b0800 JavaThread "C2 CompilerThread0" daemon [_thread_blocked, id=13279, stack(0x00007fa67803e000,0x00007fa67813f000)]
  0x00007fa68c0ae800 JavaThread "Signal Dispatcher" daemon [_thread_blocked, id=13277, stack(0x00007fa67813f000,0x00007fa678240000)]
  0x00007fa68c087000 JavaThread "Finalizer" daemon [_thread_blocked, id=13265, stack(0x00007fa678240000,0x00007fa678341000)]
  0x00007fa68c082800 JavaThread "Reference Handler" daemon [_thread_blocked, id=13264, stack(0x00007fa678341000,0x00007fa678442000)]
=>0x00007fa68c00d800 JavaThread "main" [_thread_in_native, id=13253, stack(0x00007fa6954df000,0x00007fa6955e0000)]

Other Threads:
  0x00007fa68c07b000 VMThread [stack: 0x00007fa678442000,0x00007fa678543000] [id=13262]
  0x00007fa68c0bf000 WatcherThread [stack: 0x00007fa663924000,0x00007fa663a25000] [id=13285]

VM state:not at safepoint (normal execution)

VM Mutex/Monitor currently owned by a thread: None

Heap:
 PSYoungGen      total 68608K, used 24163K [0x00000000d6e00000, 0x00000000df400000, 0x0000000100000000)
  eden space 63488K, 30% used [0x00000000d6e00000,0x00000000d809a680,0x00000000dac00000)
  from space 5120K, 99% used [0x00000000dac00000,0x00000000db0fe8d8,0x00000000db100000)
  to   space 5120K, 0% used [0x00000000def00000,0x00000000def00000,0x00000000df400000)
 ParOldGen       total 84992K, used 10780K [0x0000000084a00000, 0x0000000089d00000, 0x00000000d6e00000)
  object space 84992K, 12% used [0x0000000084a00000,0x0000000085487350,0x0000000089d00000)
 Metaspace       used 17721K, capacity 17880K, committed 18048K, reserved 1064960K
  class space    used 2329K, capacity 2364K, committed 2432K, reserved 1048576K

Card table byte_map: [0x00007fa6917cd000,0x00007fa691ba9000] byte_map_base: 0x00007fa6913a8000

Marking Bits: (ParMarkBitMap*) 0x00007fa6947b9220
 Begin Bits: [0x00007fa679250000, 0x00007fa67b128000)
 End Bits:   [0x00007fa67b128000, 0x00007fa67d000000)

Polling page: 0x00007fa69560b000

CodeCache: size=245760Kb used=6041Kb max_used=6043Kb free=239718Kb
 bounds [0x00007fa67d000000, 0x00007fa67d5f0000, 0x00007fa68c000000]
 total_blobs=2213 nmethods=1829 adapters=297
 compilation: enabled

Compilation events (10 events):
Event: 6.291 Thread 0x00007fa68c0b5000 nmethod 1828 0x00007fa67d5e7c10 code [0x00007fa67d5e7d80, 0x00007fa67d5e7f50]
Event: 6.292 Thread 0x00007fa68c0b5000 1830       3       org.eclipse.emf.ecore.impl.EClassImpl::getEAllStructuralFeaturesData (17 bytes)
Event: 6.292 Thread 0x00007fa68c0b5000 nmethod 1830 0x00007fa67d5e7810 code [0x00007fa67d5e7980, 0x00007fa67d5e7b68]
Event: 6.292 Thread 0x00007fa68c0b5000 1831       3       org.eclipse.emf.common.notify.impl.BasicNotifierImpl::eBasicHasAdapters (20 bytes)
Event: 6.293 Thread 0x00007fa68c0b5000 nmethod 1831 0x00007fa67d5e7290 code [0x00007fa67d5e7400, 0x00007fa67d5e7728]
Event: 6.301 Thread 0x00007fa68c0b0800 1832  s    4       java.lang.StringBuffer::append (13 bytes)
Event: 6.310 Thread 0x00007fa68c0b0800 nmethod 1832 0x00007fa67d5e6550 code [0x00007fa67d5e66c0, 0x00007fa67d5e6de8]
Event: 6.311 Thread 0x00007fa68c0b5000 1833       3       org.eclipse.emf.ecore.impl.EClassImpl::getFeatureCount (6 bytes)
Event: 6.312 Thread 0x00007fa68c0b5000 nmethod 1833 0x00007fa67d5e6090 code [0x00007fa67d5e6200, 0x00007fa67d5e6468]
Event: 6.312 Thread 0x00007fa68c0b5000 1834       3       org.eclipse.emf.ecore.util.FeatureMapUtil::isFeatureMap (10 bytes)

GC Heap History (6 events):
Event: 2.430 GC heap before
{Heap before GC invocations=1 (full 0):
 PSYoungGen      total 36864K, used 31744K [0x00000000d6e00000, 0x00000000d9700000, 0x0000000100000000)
  eden space 31744K, 100% used [0x00000000d6e00000,0x00000000d8d00000,0x00000000d8d00000)
  from space 5120K, 0% used [0x00000000d9200000,0x00000000d9200000,0x00000000d9700000)
  to   space 5120K, 0% used [0x00000000d8d00000,0x00000000d8d00000,0x00000000d9200000)
 ParOldGen       total 84992K, used 0K [0x0000000084a00000, 0x0000000089d00000, 0x00000000d6e00000)
  object space 84992K, 0% used [0x0000000084a00000,0x0000000084a00000,0x0000000089d00000)
 Metaspace       used 7237K, capacity 7330K, committed 7552K, reserved 1056768K
  class space    used 830K, capacity 883K, committed 896K, reserved 1048576K
Event: 2.472 GC heap after
Heap after GC invocations=1 (full 0):
 PSYoungGen      total 36864K, used 5116K [0x00000000d6e00000, 0x00000000db600000, 0x0000000100000000)
  eden space 31744K, 0% used [0x00000000d6e00000,0x00000000d6e00000,0x00000000d8d00000)
  from space 5120K, 99% used [0x00000000d8d00000,0x00000000d91ff368,0x00000000d9200000)
  to   space 5120K, 0% used [0x00000000db100000,0x00000000db100000,0x00000000db600000)
 ParOldGen       total 84992K, used 906K [0x0000000084a00000, 0x0000000089d00000, 0x00000000d6e00000)
  object space 84992K, 1% used [0x0000000084a00000,0x0000000084ae29e8,0x0000000089d00000)
 Metaspace       used 7237K, capacity 7330K, committed 7552K, reserved 1056768K
  class space    used 830K, capacity 883K, committed 896K, reserved 1048576K
}
Event: 3.590 GC heap before
{Heap before GC invocations=2 (full 0):
 PSYoungGen      total 36864K, used 36860K [0x00000000d6e00000, 0x00000000db600000, 0x0000000100000000)
  eden space 31744K, 100% used [0x00000000d6e00000,0x00000000d8d00000,0x00000000d8d00000)
  from space 5120K, 99% used [0x00000000d8d00000,0x00000000d91ff368,0x00000000d9200000)
  to   space 5120K, 0% used [0x00000000db100000,0x00000000db100000,0x00000000db600000)
 ParOldGen       total 84992K, used 906K [0x0000000084a00000, 0x0000000089d00000, 0x00000000d6e00000)
  object space 84992K, 1% used [0x0000000084a00000,0x0000000084ae29e8,0x0000000089d00000)
 Metaspace       used 10299K, capacity 10440K, committed 10624K, reserved 1058816K
  class space    used 1282K, capacity 1300K, committed 1408K, reserved 1048576K
Event: 3.680 GC heap after
Heap after GC invocations=2 (full 0):
 PSYoungGen      total 68608K, used 5120K [0x00000000d6e00000, 0x00000000db600000, 0x0000000100000000)
  eden space 63488K, 0% used [0x00000000d6e00000,0x00000000d6e00000,0x00000000dac00000)
  from space 5120K, 100% used [0x00000000db100000,0x00000000db600000,0x00000000db600000)
  to   space 5120K, 0% used [0x00000000dac00000,0x00000000dac00000,0x00000000db100000)
 ParOldGen       total 84992K, used 4517K [0x0000000084a00000, 0x0000000089d00000, 0x00000000d6e00000)
  object space 84992K, 5% used [0x0000000084a00000,0x0000000084e69570,0x0000000089d00000)
 Metaspace       used 10299K, capacity 10440K, committed 10624K, reserved 1058816K
  class space    used 1282K, capacity 1300K, committed 1408K, reserved 1048576K
}
Event: 5.648 GC heap before
{Heap before GC invocations=3 (full 0):
 PSYoungGen      total 68608K, used 68608K [0x00000000d6e00000, 0x00000000db600000, 0x0000000100000000)
  eden space 63488K, 100% used [0x00000000d6e00000,0x00000000dac00000,0x00000000dac00000)
  from space 5120K, 100% used [0x00000000db100000,0x00000000db600000,0x00000000db600000)
  to   space 5120K, 0% used [0x00000000dac00000,0x00000000dac00000,0x00000000db100000)
 ParOldGen       total 84992K, used 4517K [0x0000000084a00000, 0x0000000089d00000, 0x00000000d6e00000)
  object space 84992K, 5% used [0x0000000084a00000,0x0000000084e69570,0x0000000089d00000)
 Metaspace       used 15010K, capacity 15090K, committed 15360K, reserved 1062912K
  class space    used 1968K, capacity 2011K, committed 2048K, reserved 1048576K
Event: 5.674 GC heap after
Heap after GC invocations=3 (full 0):
 PSYoungGen      total 68608K, used 5114K [0x00000000d6e00000, 0x00000000df400000, 0x0000000100000000)
  eden space 63488K, 0% used [0x00000000d6e00000,0x00000000d6e00000,0x00000000dac00000)
  from space 5120K, 99% used [0x00000000dac00000,0x00000000db0fe8d8,0x00000000db100000)
  to   space 5120K, 0% used [0x00000000def00000,0x00000000def00000,0x00000000df400000)
 ParOldGen       total 84992K, used 10780K [0x0000000084a00000, 0x0000000089d00000, 0x00000000d6e00000)
  object space 84992K, 12% used [0x0000000084a00000,0x0000000085487350,0x0000000089d00000)
 Metaspace       used 15010K, capacity 15090K, committed 15360K, reserved 1062912K
  class space    used 1968K, capacity 2011K, committed 2048K, reserved 1048576K
}

Deoptimization events (10 events):
Event: 5.534 Thread 0x00007fa68c00d800 Uncommon trap: reason=class_check action=maybe_recompile pc=0x00007fa67d4dd150 method=org.eclipse.emf.ecore.impl.MinimalEObjectImpl.eDirectResource()Lorg/eclipse/emf/ecore/resource/Resource$Internal; @ 7
Event: 5.537 Thread 0x00007fa68c00d800 Uncommon trap: reason=class_check action=maybe_recompile pc=0x00007fa67d4dd150 method=org.eclipse.emf.ecore.impl.MinimalEObjectImpl.eDirectResource()Lorg/eclipse/emf/ecore/resource/Resource$Internal; @ 7
Event: 5.537 Thread 0x00007fa68c00d800 Uncommon trap: reason=class_check action=maybe_recompile pc=0x00007fa67d4dd150 method=org.eclipse.emf.ecore.impl.MinimalEObjectImpl.eDirectResource()Lorg/eclipse/emf/ecore/resource/Resource$Internal; @ 7
Event: 5.732 Thread 0x00007fa68c00d800 Uncommon trap: reason=bimorphic action=maybe_recompile pc=0x00007fa67d370300 method=java.util.Hashtable.addEntry(ILjava/lang/Object;Ljava/lang/Object;I)V @ 38
Event: 5.934 Thread 0x00007fa68c00d800 Uncommon trap: reason=class_check action=maybe_recompile pc=0x00007fa67d565ac4 method=org.eclipse.emf.ecore.impl.BasicEObjectImpl.eDerivedStructuralFeatureID(Lorg/eclipse/emf/ecore/EStructuralFeature;)I @ 1
Event: 5.935 Thread 0x00007fa68c00d800 Uncommon trap: reason=class_check action=maybe_recompile pc=0x00007fa67d565ac4 method=org.eclipse.emf.ecore.impl.BasicEObjectImpl.eDerivedStructuralFeatureID(Lorg/eclipse/emf/ecore/EStructuralFeature;)I @ 1
Event: 5.936 Thread 0x00007fa68c00d800 Uncommon trap: reason=class_check action=maybe_recompile pc=0x00007fa67d565ac4 method=org.eclipse.emf.ecore.impl.BasicEObjectImpl.eDerivedStructuralFeatureID(Lorg/eclipse/emf/ecore/EStructuralFeature;)I @ 1
Event: 5.936 Thread 0x00007fa68c00d800 Uncommon trap: reason=class_check action=maybe_recompile pc=0x00007fa67d565ac4 method=org.eclipse.emf.ecore.impl.BasicEObjectImpl.eDerivedStructuralFeatureID(Lorg/eclipse/emf/ecore/EStructuralFeature;)I @ 1
Event: 5.998 Thread 0x00007fa68c00d800 Uncommon trap: reason=unstable_if action=reinterpret pc=0x00007fa67d54f014 method=org.eclipse.emf.ecore.impl.MinimalEObjectImpl.fieldIndex(I)I @ 13
Event: 6.002 Thread 0x00007fa68c00d800 Uncommon trap: reason=unstable_if action=reinterpret pc=0x00007fa67d4d4640 method=org.eclipse.emf.ecore.impl.MinimalEObjectImpl.fieldIndex(I)I @ 13

Internal exceptions (10 events):
Event: 3.476 Thread 0x00007fa68c00d800 Exception <a 'java/lang/ArrayIndexOutOfBoundsException'> (0x00000000d86cccc0) thrown at [/build/openjdk-8-YiEakL/openjdk-8-8u121-b13/src/hotspot/src/share/vm/runtime/sharedRuntime.cpp, line 605]
Event: 3.476 Thread 0x00007fa68c00d800 Exception <a 'java/lang/ArrayIndexOutOfBoundsException'> (0x00000000d86cec70) thrown at [/build/openjdk-8-YiEakL/openjdk-8-8u121-b13/src/hotspot/src/share/vm/runtime/sharedRuntime.cpp, line 605]
Event: 3.476 Thread 0x00007fa68c00d800 Exception <a 'java/lang/ArrayIndexOutOfBoundsException'> (0x00000000d86d03e0) thrown at [/build/openjdk-8-YiEakL/openjdk-8-8u121-b13/src/hotspot/src/share/vm/runtime/sharedRuntime.cpp, line 605]
Event: 3.484 Thread 0x00007fa68c00d800 Exception <a 'java/lang/ArrayIndexOutOfBoundsException'> (0x00000000d86ded38) thrown at [/build/openjdk-8-YiEakL/openjdk-8-8u121-b13/src/hotspot/src/share/vm/runtime/sharedRuntime.cpp, line 605]
Event: 3.486 Thread 0x00007fa68c00d800 Exception <a 'java/lang/ArrayIndexOutOfBoundsException'> (0x00000000d86fea70) thrown at [/build/openjdk-8-YiEakL/openjdk-8-8u121-b13/src/hotspot/src/share/vm/runtime/sharedRuntime.cpp, line 605]
Event: 3.491 Thread 0x00007fa68c00d800 Exception <a 'java/lang/ArrayIndexOutOfBoundsException'> (0x00000000d8742528) thrown at [/build/openjdk-8-YiEakL/openjdk-8-8u121-b13/src/hotspot/src/share/vm/runtime/sharedRuntime.cpp, line 605]
Event: 3.495 Thread 0x00007fa68c00d800 Exception <a 'java/lang/ArrayIndexOutOfBoundsException'> (0x00000000d875daf8) thrown at [/build/openjdk-8-YiEakL/openjdk-8-8u121-b13/src/hotspot/src/share/vm/runtime/sharedRuntime.cpp, line 605]
Event: 3.497 Thread 0x00007fa68c00d800 Exception <a 'java/lang/ArrayIndexOutOfBoundsException'> (0x00000000d8790ce0) thrown at [/build/openjdk-8-YiEakL/openjdk-8-8u121-b13/src/hotspot/src/share/vm/runtime/sharedRuntime.cpp, line 605]
Event: 5.444 Thread 0x00007fa68c00d800 Implicit null exception at 0x00007fa67d21d8b5 to 0x00007fa67d21dc61
Event: 5.740 Thread 0x00007fa68c00d800 Exception <a 'java/io/FileNotFoundException'> (0x00000000d70a5608) thrown at [/build/openjdk-8-YiEakL/openjdk-8-8u121-b13/src/hotspot/src/share/vm/prims/jni.cpp, line 709]

Events (10 events):
Event: 6.298 loading class org/polymodel/algebra/prettyprinter/algebra/LatexPrettyPrinter
Event: 6.298 loading class org/polymodel/algebra/prettyprinter/algebra/LatexPrettyPrinter done
Event: 6.298 loading class org/polymodel/algebra/prettyprinter/algebra/SMT2PrettyPrinter
Event: 6.298 loading class org/polymodel/algebra/prettyprinter/algebra/SMT2PrettyPrinter done
Event: 6.299 loading class org/polymodel/algebra/prettyprinter/algebra/IVariableResolver
Event: 6.299 loading class org/polymodel/algebra/prettyprinter/algebra/IVariableResolver done
Event: 6.300 loading class org/polymodel/algebra/prettyprinter/algebra/DefaultVariableResolver
Event: 6.300 loading class org/polymodel/algebra/prettyprinter/algebra/DefaultVariableResolver done
Event: 6.300 loading class org/polymodel/algebra/prettyprinter/algebra/AbstractPrettyPrinter$AffineTermSorter
Event: 6.300 loading class org/polymodel/algebra/prettyprinter/algebra/AbstractPrettyPrinter$AffineTermSorter done


Dynamic libraries:
00400000-00401000 r-xp 00000000 08:09 7087821                            /usr/lib/jvm/java-8-openjdk-amd64/jre/bin/java
00600000-00601000 r--p 00000000 08:09 7087821                            /usr/lib/jvm/java-8-openjdk-amd64/jre/bin/java
00601000-00602000 rw-p 00001000 08:09 7087821                            /usr/lib/jvm/java-8-openjdk-amd64/jre/bin/java
01195000-011b6000 rw-p 00000000 00:00 0                                  [heap]
84a00000-89d00000 rw-p 00000000 00:00 0 
89d00000-d6e00000 ---p 00000000 00:00 0 
d6e00000-df400000 rw-p 00000000 00:00 0 
df400000-100000000 ---p 00000000 00:00 0 
100000000-100260000 rw-p 00000000 00:00 0 
100260000-140000000 ---p 00000000 00:00 0 
7fa638000000-7fa638021000 rw-p 00000000 00:00 0 
7fa638021000-7fa63c000000 ---p 00000000 00:00 0 
7fa63c000000-7fa63c021000 rw-p 00000000 00:00 0 
7fa63c021000-7fa640000000 ---p 00000000 00:00 0 
7fa640000000-7fa640021000 rw-p 00000000 00:00 0 
7fa640021000-7fa644000000 ---p 00000000 00:00 0 
7fa644000000-7fa644021000 rw-p 00000000 00:00 0 
7fa644021000-7fa648000000 ---p 00000000 00:00 0 
7fa648000000-7fa6488d6000 rw-p 00000000 00:00 0 
7fa6488d6000-7fa64c000000 ---p 00000000 00:00 0 
7fa64c000000-7fa64c5f1000 rw-p 00000000 00:00 0 
7fa64c5f1000-7fa650000000 ---p 00000000 00:00 0 
7fa650000000-7fa650021000 rw-p 00000000 00:00 0 
7fa650021000-7fa654000000 ---p 00000000 00:00 0 
7fa654000000-7fa6544c2000 rw-p 00000000 00:00 0 
7fa6544c2000-7fa658000000 ---p 00000000 00:00 0 
7fa658000000-7fa658021000 rw-p 00000000 00:00 0 
7fa658021000-7fa65c000000 ---p 00000000 00:00 0 
7fa65c000000-7fa65c021000 rw-p 00000000 00:00 0 
7fa65c021000-7fa660000000 ---p 00000000 00:00 0 
7fa66239a000-7fa66240f000 r-xp 00000000 08:09 27656266                   /home/hrishi/workspace/Console/.jnimap.temp.linux_64/libgmp.so.10
7fa66240f000-7fa66260e000 ---p 00075000 08:09 27656266                   /home/hrishi/workspace/Console/.jnimap.temp.linux_64/libgmp.so.10
7fa66260e000-7fa662610000 rw-p 00074000 08:09 27656266                   /home/hrishi/workspace/Console/.jnimap.temp.linux_64/libgmp.so.10
7fa662610000-7fa662778000 r-xp 00000000 08:09 27656265                   /home/hrishi/workspace/Console/.jnimap.temp.linux_64/libisl.so.13
7fa662778000-7fa662977000 ---p 00168000 08:09 27656265                   /home/hrishi/workspace/Console/.jnimap.temp.linux_64/libisl.so.13
7fa662977000-7fa66297e000 rw-p 00167000 08:09 27656265                   /home/hrishi/workspace/Console/.jnimap.temp.linux_64/libisl.so.13
7fa66297e000-7fa662a03000 r-xp 00000000 08:09 27656267                   /home/hrishi/workspace/Console/.jnimap.temp.linux_64/linux_64_libjniisl.so
7fa662a03000-7fa662c02000 ---p 00085000 08:09 27656267                   /home/hrishi/workspace/Console/.jnimap.temp.linux_64/linux_64_libjniisl.so
7fa662c02000-7fa662c05000 rw-p 00084000 08:09 27656267                   /home/hrishi/workspace/Console/.jnimap.temp.linux_64/linux_64_libjniisl.so
7fa662c05000-7fa662d45000 rw-p 00000000 00:00 0 
7fa662d45000-7fa662e05000 ---p 00000000 00:00 0 
7fa662e05000-7fa663005000 rw-p 00000000 00:00 0 
7fa663005000-7fa663205000 rw-p 00000000 00:00 0 
7fa663205000-7fa663208000 ---p 00000000 00:00 0 
7fa663208000-7fa663506000 rw-p 00000000 00:00 0 
7fa663506000-7fa663509000 ---p 00000000 00:00 0 
7fa663509000-7fa663607000 rw-p 00000000 00:00 0 
7fa663607000-7fa66360a000 r--s 00015000 08:09 7085469                    /usr/lib/jvm/java-8-openjdk-amd64/jre/lib/jce.jar
7fa66360a000-7fa66360e000 r--s 0009a000 08:09 7085467                    /usr/lib/jvm/java-8-openjdk-amd64/jre/lib/jsse.jar
7fa66360e000-7fa663611000 r--s 00014000 08:09 26516293                   /home/hrishi/.eclipse/org.eclipse.platform_4.6.0_1473617060_linux_gtk_x86_64/plugins/fr.irisa.r2d2.parser.runtime_1.0.0.201612051604.jar
7fa663611000-7fa663619000 r--s 0003c000 08:09 26516292                   /home/hrishi/.eclipse/org.eclipse.platform_4.6.0_1473617060_linux_gtk_x86_64/plugins/fr.irisa.r2d2.gecos.framework_1.0.0.201612051604.jar
7fa663619000-7fa663623000 r--s 0006c000 08:09 26516357                   /home/hrishi/.eclipse/org.eclipse.platform_4.6.0_1473617060_linux_gtk_x86_64/plugins/org.eclipse.xtext.common.types_2.10.0.v201605250459.jar
7fa663623000-7fa663653000 r--s 0044d000 08:09 26516369                   /home/hrishi/.eclipse/org.eclipse.platform_4.6.0_1473617060_linux_gtk_x86_64/plugins/org.eclipse.xtext.xbase_2.10.0.v201605250459.jar
7fa663653000-7fa663656000 r--s 0000f000 08:09 26516352                   /home/hrishi/.eclipse/org.eclipse.platform_4.6.0_1473617060_linux_gtk_x86_64/plugins/org.eclipse.xtend.lib.macro_2.10.0.v201605250459.jar
7fa663656000-7fa66365a000 r--s 00035000 08:09 26516351                   /home/hrishi/.eclipse/org.eclipse.platform_4.6.0_1473617060_linux_gtk_x86_64/plugins/org.eclipse.xtend.lib_2.10.0.v201605250459.jar
7fa66365a000-7fa66365b000 r--s 00001000 08:09 26516354                   /home/hrishi/.eclipse/org.eclipse.platform_4.6.0_1473617060_linux_gtk_x86_64/plugins/org.eclipse.xtend2.lib_2.10.0.v201605250459.jar
7fa66365b000-7fa663661000 r--s 0003f000 08:09 26516368                   /home/hrishi/.eclipse/org.eclipse.platform_4.6.0_1473617060_linux_gtk_x86_64/plugins/org.eclipse.xtext.util_2.10.0.v201605250459.jar
7fa663661000-7fa663692000 r--s 0024b000 08:09 26516355                   /home/hrishi/.eclipse/org.eclipse.platform_4.6.0_1473617060_linux_gtk_x86_64/plugins/org.eclipse.xtext_2.10.0.v201605250459.jar
7fa663692000-7fa66369a000 r--s 00061000 08:09 26516277                   /home/hrishi/.eclipse/org.eclipse.platform_4.6.0_1473617060_linux_gtk_x86_64/plugins/edu.csu.melange.alphabets_0.9.6.201612051604.jar
7fa66369a000-7fa66369b000 r--s 00008000 08:09 26516336                   /home/hrishi/.eclipse/org.eclipse.platform_4.6.0_1473617060_linux_gtk_x86_64/plugins/org.polymodel.scop.cgenerator2_1.0.0.201612051604.jar
7fa66369b000-7fa66369e000 r--s 00024000 08:09 26516337                   /home/hrishi/.eclipse/org.eclipse.platform_4.6.0_1473617060_linux_gtk_x86_64/plugins/org.polymodel.scop.dtiler_1.0.0.201612051604.jar
7fa66369e000-7fa66369f000 r--s 00001000 08:09 26516335                   /home/hrishi/.eclipse/org.eclipse.platform_4.6.0_1473617060_linux_gtk_x86_64/plugins/org.polymodel.scop.bridge.clast_1.0.0.201612051604.jar
7fa66369f000-7fa6636a4000 r--s 0002a000 08:09 26516334                   /home/hrishi/.eclipse/org.eclipse.platform_4.6.0_1473617060_linux_gtk_x86_64/plugins/org.polymodel.scop_1.0.0.201612051604.jar
7fa6636a4000-7fa6636b7000 r--s 0012e000 08:09 26516300                   /home/hrishi/.eclipse/org.eclipse.platform_4.6.0_1473617060_linux_gtk_x86_64/plugins/org.polymodel.polyhedralIR.codegen_1.0.0.201612051604.jar
7fa6636b7000-7fa6636ba000 r--s 008e1000 08:09 26516287                   /home/hrishi/.eclipse/org.eclipse.platform_4.6.0_1473617060_linux_gtk_x86_64/plugins/fr.irisa.cairn.jnimap.cloog_1.0.0.201612051604.jar
7fa6636ba000-7fa6636be000 r--s 00031000 08:09 26516341                   /home/hrishi/.eclipse/org.eclipse.platform_4.6.0_1473617060_linux_gtk_x86_64/plugins/org.antlr.runtime_3.2.0.v201101311130.jar
7fa6636be000-7fa6636bf000 r--s 00011000 08:09 10748494                   /opt/eclipse/plugins/org.apache.commons.logging_1.1.1.v201101211721.jar
7fa6636bf000-7fa6636c7000 r--s 0005e000 08:09 10748531                   /opt/eclipse/plugins/org.apache.log4j_1.2.15.v201012070815.jar
7fa6636c7000-7fa6636c9000 r--s 00008000 08:09 26516346                   /home/hrishi/.eclipse/org.eclipse.platform_4.6.0_1473617060_linux_gtk_x86_64/plugins/org.eclipse.emf.mwe.utils_1.3.20.v201605261103.jar
7fa6636c9000-7fa6636ca000 r--s 00003000 08:09 26516348                   /home/hrishi/.eclipse/org.eclipse.platform_4.6.0_1473617060_linux_gtk_x86_64/plugins/org.eclipse.emf.mwe2.runtime_2.9.0.v201605261103.jar
7fa6636ca000-7fa6636cb000 r--s 0000b000 08:09 26516339                   /home/hrishi/.eclipse/org.eclipse.platform_4.6.0_1473617060_linux_gtk_x86_64/plugins/org.apache.commons.cli_1.2.0.v201404270220.jar
7fa6636cb000-7fa6636d1000 r--s 0002a000 08:09 26516345                   /home/hrishi/.eclipse/org.eclipse.platform_4.6.0_1473617060_linux_gtk_x86_64/plugins/org.eclipse.emf.mwe.core_1.3.20.v201605261103.jar
7fa6636d1000-7fa6636d3000 r--s 00009000 08:09 26516279                   /home/hrishi/.eclipse/org.eclipse.platform_4.6.0_1473617060_linux_gtk_x86_64/plugins/edu.csu.melange.affineLattice_1.0.0.jar
7fa6636d3000-7fa6636d5000 r--s 00000000 08:09 26516338                   /home/hrishi/.eclipse/org.eclipse.platform_4.6.0_1473617060_linux_gtk_x86_64/plugins/tom.mapping_1.0.0.201612051604.jar
7fa6636d5000-7fa6636dc000 r--s 0004d000 08:09 26516333                   /home/hrishi/.eclipse/org.eclipse.platform_4.6.0_1473617060_linux_gtk_x86_64/plugins/org.polymodel.prdg.scheduling_1.0.0.201612051604.jar
7fa6636dc000-7fa6636df000 r--s 0001f000 08:09 26516370                   /home/hrishi/.eclipse/org.eclipse.platform_4.6.0_1473617060_linux_gtk_x86_64/plugins/org.eclipse.xtext.xbase.lib_2.10.0.v201605250459.jar
7fa6636df000-7fa6636e1000 r--s 00004000 08:09 26516299                   /home/hrishi/.eclipse/org.eclipse.platform_4.6.0_1473617060_linux_gtk_x86_64/plugins/org.polymodel.matrix_1.0.0.201612051604.jar
7fa6636e1000-7fa6636e3000 r--s 00005000 08:09 26516332                   /home/hrishi/.eclipse/org.eclipse.platform_4.6.0_1473617060_linux_gtk_x86_64/plugins/org.polymodel.prdg.adapter_1.0.0.201612051604.jar
7fa6636e3000-7fa6636e5000 r--s 00009000 08:09 26516301                   /home/hrishi/.eclipse/org.eclipse.platform_4.6.0_1473617060_linux_gtk_x86_64/plugins/org.polymodel.prdg_1.0.0.201612051604.jar
7fa6636e5000-7fa6636e7000 r--s 00013000 08:09 26516297                   /home/hrishi/.eclipse/org.eclipse.platform_4.6.0_1473617060_linux_gtk_x86_64/plugins/org.polymodel.isl_1.0.0.201612051604.jar
7fa6636e7000-7fa6636f1000 r--s 000a4000 08:09 26516295                   /home/hrishi/.eclipse/org.eclipse.platform_4.6.0_1473617060_linux_gtk_x86_64/plugins/org.polymodel.algebra_1.0.0.201612051604.jar
7fa6636f1000-7fa6636f4000 r--s 0002b000 08:09 26516294                   /home/hrishi/.eclipse/org.eclipse.platform_4.6.0_1473617060_linux_gtk_x86_64/plugins/org.polymodel_1.0.0.201612051604.jar
7fa6636f4000-7fa66371e000 r--s 001ff000 08:09 10749007                   /opt/eclipse/plugins/com.google.guava_15.0.0.v201403281430.jar
7fa66371e000-7fa66371f000 r--s 0000f000 08:09 28708338                   /home/hrishi/.eclipse/org.eclipse.platform_4.6.0_1473617060_linux_gtk_x86_64/plugins/fr.irisa.cairn.tools_1.0.0.201612051604/lib/javatuples-1.2.jar
7fa66371f000-7fa663720000 r--s 0000b000 08:09 28708337                   /home/hrishi/.eclipse/org.eclipse.platform_4.6.0_1473617060_linux_gtk_x86_64/plugins/fr.irisa.cairn.tools_1.0.0.201612051604/lib/javatuples-1.2-sources.jar
7fa663720000-7fa663723000 r--s 00037000 08:09 28708336                   /home/hrishi/.eclipse/org.eclipse.platform_4.6.0_1473617060_linux_gtk_x86_64/plugins/fr.irisa.cairn.tools_1.0.0.201612051604/lib/javatuples-1.2-javadoc.jar
7fa663723000-7fa663724000 r--s 00000000 08:09 26516289                   /home/hrishi/.eclipse/org.eclipse.platform_4.6.0_1473617060_linux_gtk_x86_64/plugins/fr.irisa.cairn.jnimap.runtime_1.0.0.201612051604.jar
7fa663724000-7fa663729000 r--s 00b6c000 08:09 26516288                   /home/hrishi/.eclipse/org.eclipse.platform_4.6.0_1473617060_linux_gtk_x86_64/plugins/fr.irisa.cairn.jnimap.isl_2.1.0.201612051604.jar
7fa663729000-7fa66372b000 r--s 00007000 08:09 26516286                   /home/hrishi/.eclipse/org.eclipse.platform_4.6.0_1473617060_linux_gtk_x86_64/plugins/fr.irisa.cairn.graph.guice_1.0.0.201612051604.jar
7fa66372b000-7fa663736000 r--s 00077000 08:09 10748760                   /opt/eclipse/plugins/com.google.inject_3.0.0.v201605172100.jar
7fa663736000-7fa66374e000 r--s 0015b000 08:09 28061747                   /home/hrishi/.eclipse/org.eclipse.platform_4.6.0_1473617060_linux_gtk_x86_64/plugins/fr.irisa.cairn.graph_1.0.0.201612051604/lib/jgrapht-ext-0.9.1-uber.jar
7fa66374e000-7fa66377e000 rw-p 00000000 00:00 0 
7fa66377e000-7fa6638ae000 r--s 010bc000 08:09 28708362                   /home/hrishi/.eclipse/org.eclipse.platform_4.6.0_1473617060_linux_gtk_x86_64/plugins/fr.irisa.cairn.eclipse.tom_2.10.0.201612051604/libs/aircube-bundle.jar
7fa6638ae000-7fa6638b2000 r--s 00035000 08:09 10748985                   /opt/eclipse/plugins/org.eclipse.emf.ecore.xmi_2.12.0.v20160420-0247.jar
7fa6638b2000-7fa6638b9000 r--s 00051000 08:09 10748503                   /opt/eclipse/plugins/org.eclipse.emf.common_2.12.0.v20160420-0247.jar
7fa6638b9000-7fa6638cb000 r--s 00111000 08:09 10748217                   /opt/eclipse/plugins/org.eclipse.emf.ecore_2.12.0.v20160420-0247.jar
7fa6638cb000-7fa6638d0000 r--s 00030000 08:09 10748396                   /opt/eclipse/plugins/org.eclipse.ui.console_3.6.200.v20160518-1858.jar
7fa6638d0000-7fa663912000 r--s 00398000 08:09 10748311                   /opt/eclipse/plugins/org.eclipse.ui.workbench_3.108.0.v20160602-1232.jar
7fa663912000-7fa663924000 r--s 000f8000 08:09 10748780                   /opt/eclipse/plugins/org.eclipse.jface_3.12.0.v20160518-1929.jar
7fa663924000-7fa663925000 ---p 00000000 00:00 0 
7fa663925000-7fa663a25000 rw-p 00000000 00:00 0 
7fa663a25000-7fa663a28000 ---p 00000000 00:00 0 
7fa663a28000-7fa663b26000 rw-p 00000000 00:00 0 
7fa663b26000-7fa663b29000 ---p 00000000 00:00 0 
7fa663b29000-7fa663c27000 rw-p 00000000 00:00 0 
7fa663c27000-7fa663c2a000 ---p 00000000 00:00 0 
7fa663c2a000-7fa663d28000 rw-p 00000000 00:00 0 
7fa663d28000-7fa664000000 r--p 00000000 08:09 2887360                    /usr/lib/locale/locale-archive
7fa664000000-7fa664021000 rw-p 00000000 00:00 0 
7fa664021000-7fa668000000 ---p 00000000 00:00 0 
7fa668000000-7fa668021000 rw-p 00000000 00:00 0 
7fa668021000-7fa66c000000 ---p 00000000 00:00 0 
7fa66c000000-7fa66c021000 rw-p 00000000 00:00 0 
7fa66c021000-7fa670000000 ---p 00000000 00:00 0 
7fa670000000-7fa670021000 rw-p 00000000 00:00 0 
7fa670021000-7fa674000000 ---p 00000000 00:00 0 
7fa674000000-7fa674021000 rw-p 00000000 00:00 0 
7fa674021000-7fa678000000 ---p 00000000 00:00 0 
7fa678000000-7fa678002000 r--s 00009000 08:09 10748202                   /opt/eclipse/plugins/com.google.inject.multibindings_3.0.0.v201605172100.jar
7fa678002000-7fa678003000 r--s 00002000 08:09 10748530                   /opt/eclipse/plugins/org.eclipse.e4.ui.workbench3_0.13.100.v20160506-0759.jar
7fa678003000-7fa678007000 r--s 00019000 08:09 10748602                   /opt/eclipse/plugins/org.eclipse.core.commands_3.8.0.v20160316-1921.jar
7fa678007000-7fa67801c000 r--s 0028f000 08:09 10748863                   /opt/eclipse/plugins/org.eclipse.swt.gtk.linux.x86_64_3.105.0.v20160603-0902.jar
7fa67801c000-7fa678025000 r--s 00058000 08:09 10748604                   /opt/eclipse/plugins/org.eclipse.ui_3.108.0.v20160518-1929.jar
7fa678025000-7fa678027000 r--s 00014000 08:09 10748222                   /opt/eclipse/plugins/org.eclipse.equinox.app_1.3.400.v20150715-1528.jar
7fa678027000-7fa678029000 r--s 00017000 08:09 10748774                   /opt/eclipse/plugins/org.eclipse.core.contenttype_3.5.100.v20160418-1621.jar
7fa678029000-7fa67803e000 r--s 0013d000 08:09 10748755                   /opt/eclipse/plugins/org.eclipse.osgi_3.11.0.v20160603-1336.jar
7fa67803e000-7fa678041000 ---p 00000000 00:00 0 
7fa678041000-7fa67813f000 rw-p 00000000 00:00 0 
7fa67813f000-7fa678142000 ---p 00000000 00:00 0 
7fa678142000-7fa678240000 rw-p 00000000 00:00 0 
7fa678240000-7fa678243000 ---p 00000000 00:00 0 
7fa678243000-7fa678341000 rw-p 00000000 00:00 0 
7fa678341000-7fa678344000 ---p 00000000 00:00 0 
7fa678344000-7fa678442000 rw-p 00000000 00:00 0 
7fa678442000-7fa678443000 ---p 00000000 00:00 0 
7fa678443000-7fa67d000000 rw-p 00000000 00:00 0 
7fa67d000000-7fa67d5f0000 rwxp 00000000 00:00 0 
7fa67d5f0000-7fa68c000000 ---p 00000000 00:00 0 
7fa68c000000-7fa68c935000 rw-p 00000000 00:00 0 
7fa68c935000-7fa690000000 ---p 00000000 00:00 0 
7fa690000000-7fa690003000 r--s 0001e000 08:09 10748508                   /opt/eclipse/plugins/org.eclipse.equinox.preferences_3.6.0.v20160120-1756.jar
7fa690003000-7fa690007000 r--s 0002a000 08:09 10749014                   /opt/eclipse/plugins/org.eclipse.equinox.registry_3.6.100.v20160223-2218.jar
7fa690007000-7fa69000a000 r--s 00019000 08:09 10748931                   /opt/eclipse/plugins/org.eclipse.core.jobs_3.8.0.v20160509-0411.jar
7fa69000a000-7fa69000d000 r--s 0001b000 08:09 10748983                   /opt/eclipse/plugins/org.eclipse.equinox.common_3.8.0.v20160509-1230.jar
7fa69000d000-7fa690010000 r--s 00039000 08:09 10748174                   /opt/eclipse/plugins/org.eclipse.osgi.compatibility.state_1.0.200.v20160504-1419.jar
7fa690010000-7fa690012000 r--s 00003000 08:09 10748526                   /opt/eclipse/plugins/javax.inject_1.0.0.v20091030.jar
7fa690012000-7fa690014000 r--s 00011000 08:09 10748883                   /opt/eclipse/plugins/org.eclipse.core.runtime_3.12.0.v20160606-1342.jar
7fa690014000-7fa690018000 r--s 00037000 08:09 7085460                    /usr/lib/jvm/java-8-openjdk-amd64/jre/lib/ext/sunpkcs11.jar
7fa690018000-7fa69001b000 r--s 0000f000 08:09 7085457                    /usr/lib/jvm/java-8-openjdk-amd64/jre/lib/ext/icedtea-sound.jar
7fa69001b000-7fa690025000 r--s 00116000 08:09 7085461                    /usr/lib/jvm/java-8-openjdk-amd64/jre/lib/ext/localedata.jar
7fa690025000-7fa69002a000 r--s 0003b000 08:09 7085462                    /usr/lib/jvm/java-8-openjdk-amd64/jre/lib/ext/sunjce_provider.jar
7fa69002a000-7fa690045000 r--s 001d6000 08:09 7085455                    /usr/lib/jvm/java-8-openjdk-amd64/jre/lib/ext/nashorn.jar
7fa690045000-7fa690318000 rw-p 00000000 00:00 0 
7fa690318000-7fa6904e6000 r--s 03c06000 08:09 7087811                    /usr/lib/jvm/java-8-openjdk-amd64/jre/lib/rt.jar
7fa6904e6000-7fa691137000 rw-p 00000000 00:00 0 
7fa691137000-7fa691138000 ---p 00000000 00:00 0 
7fa691138000-7fa691238000 rw-p 00000000 00:00 0 
7fa691238000-7fa691239000 ---p 00000000 00:00 0 
7fa691239000-7fa691339000 rw-p 00000000 00:00 0 
7fa691339000-7fa69133a000 ---p 00000000 00:00 0 
7fa69133a000-7fa69143a000 rw-p 00000000 00:00 0 
7fa69143a000-7fa69143b000 ---p 00000000 00:00 0 
7fa69143b000-7fa691565000 rw-p 00000000 00:00 0 
7fa691565000-7fa6917cd000 ---p 00000000 00:00 0 
7fa6917cd000-7fa6917f7000 rw-p 00000000 00:00 0 
7fa6917f7000-7fa691a5f000 ---p 00000000 00:00 0 
7fa691a5f000-7fa691aa2000 rw-p 00000000 00:00 0 
7fa691aa2000-7fa691ba8000 ---p 00000000 00:00 0 
7fa691ba8000-7fa691bc1000 rw-p 00000000 00:00 0 
7fa691bc1000-7fa691f69000 ---p 00000000 00:00 0 
7fa691f69000-7fa691f71000 r-xp 00000000 08:09 7085419                    /usr/lib/jvm/java-8-openjdk-amd64/jre/lib/amd64/libzip.so
7fa691f71000-7fa692170000 ---p 00008000 08:09 7085419                    /usr/lib/jvm/java-8-openjdk-amd64/jre/lib/amd64/libzip.so
7fa692170000-7fa692171000 r--p 00007000 08:09 7085419                    /usr/lib/jvm/java-8-openjdk-amd64/jre/lib/amd64/libzip.so
7fa692171000-7fa692172000 rw-p 00008000 08:09 7085419                    /usr/lib/jvm/java-8-openjdk-amd64/jre/lib/amd64/libzip.so
7fa692172000-7fa69217d000 r-xp 00000000 08:09 24382890                   /lib/x86_64-linux-gnu/libnss_files-2.23.so
7fa69217d000-7fa69237c000 ---p 0000b000 08:09 24382890                   /lib/x86_64-linux-gnu/libnss_files-2.23.so
7fa69237c000-7fa69237d000 r--p 0000a000 08:09 24382890                   /lib/x86_64-linux-gnu/libnss_files-2.23.so
7fa69237d000-7fa69237e000 rw-p 0000b000 08:09 24382890                   /lib/x86_64-linux-gnu/libnss_files-2.23.so
7fa69237e000-7fa692384000 rw-p 00000000 00:00 0 
7fa692384000-7fa69238f000 r-xp 00000000 08:09 24382881                   /lib/x86_64-linux-gnu/libnss_nis-2.23.so
7fa69238f000-7fa69258e000 ---p 0000b000 08:09 24382881                   /lib/x86_64-linux-gnu/libnss_nis-2.23.so
7fa69258e000-7fa69258f000 r--p 0000a000 08:09 24382881                   /lib/x86_64-linux-gnu/libnss_nis-2.23.so
7fa69258f000-7fa692590000 rw-p 0000b000 08:09 24382881                   /lib/x86_64-linux-gnu/libnss_nis-2.23.so
7fa692590000-7fa6925a6000 r-xp 00000000 08:09 24382883                   /lib/x86_64-linux-gnu/libnsl-2.23.so
7fa6925a6000-7fa6927a5000 ---p 00016000 08:09 24382883                   /lib/x86_64-linux-gnu/libnsl-2.23.so
7fa6927a5000-7fa6927a6000 r--p 00015000 08:09 24382883                   /lib/x86_64-linux-gnu/libnsl-2.23.so
7fa6927a6000-7fa6927a7000 rw-p 00016000 08:09 24382883                   /lib/x86_64-linux-gnu/libnsl-2.23.so
7fa6927a7000-7fa6927a9000 rw-p 00000000 00:00 0 
7fa6927a9000-7fa6927b1000 r-xp 00000000 08:09 24382892                   /lib/x86_64-linux-gnu/libnss_compat-2.23.so
7fa6927b1000-7fa6929b0000 ---p 00008000 08:09 24382892                   /lib/x86_64-linux-gnu/libnss_compat-2.23.so
7fa6929b0000-7fa6929b1000 r--p 00007000 08:09 24382892                   /lib/x86_64-linux-gnu/libnss_compat-2.23.so
7fa6929b1000-7fa6929b2000 rw-p 00008000 08:09 24382892                   /lib/x86_64-linux-gnu/libnss_compat-2.23.so
7fa6929b2000-7fa6929df000 r-xp 00000000 08:09 7085444                    /usr/lib/jvm/java-8-openjdk-amd64/jre/lib/amd64/libjava.so
7fa6929df000-7fa692bde000 ---p 0002d000 08:09 7085444                    /usr/lib/jvm/java-8-openjdk-amd64/jre/lib/amd64/libjava.so
7fa692bde000-7fa692bdf000 r--p 0002c000 08:09 7085444                    /usr/lib/jvm/java-8-openjdk-amd64/jre/lib/amd64/libjava.so
7fa692bdf000-7fa692be1000 rw-p 0002d000 08:09 7085444                    /usr/lib/jvm/java-8-openjdk-amd64/jre/lib/amd64/libjava.so
7fa692be1000-7fa692bf0000 r-xp 00000000 08:09 7085412                    /usr/lib/jvm/java-8-openjdk-amd64/jre/lib/amd64/libverify.so
7fa692bf0000-7fa692def000 ---p 0000f000 08:09 7085412                    /usr/lib/jvm/java-8-openjdk-amd64/jre/lib/amd64/libverify.so
7fa692def000-7fa692df1000 r--p 0000e000 08:09 7085412                    /usr/lib/jvm/java-8-openjdk-amd64/jre/lib/amd64/libverify.so
7fa692df1000-7fa692df2000 rw-p 00010000 08:09 7085412                    /usr/lib/jvm/java-8-openjdk-amd64/jre/lib/amd64/libverify.so
7fa692df2000-7fa692df9000 r-xp 00000000 08:09 24382893                   /lib/x86_64-linux-gnu/librt-2.23.so
7fa692df9000-7fa692ff8000 ---p 00007000 08:09 24382893                   /lib/x86_64-linux-gnu/librt-2.23.so
7fa692ff8000-7fa692ff9000 r--p 00006000 08:09 24382893                   /lib/x86_64-linux-gnu/librt-2.23.so
7fa692ff9000-7fa692ffa000 rw-p 00007000 08:09 24382893                   /lib/x86_64-linux-gnu/librt-2.23.so
7fa692ffa000-7fa693010000 r-xp 00000000 08:09 24383888                   /lib/x86_64-linux-gnu/libgcc_s.so.1
7fa693010000-7fa69320f000 ---p 00016000 08:09 24383888                   /lib/x86_64-linux-gnu/libgcc_s.so.1
7fa69320f000-7fa693210000 rw-p 00015000 08:09 24383888                   /lib/x86_64-linux-gnu/libgcc_s.so.1
7fa693210000-7fa693318000 r-xp 00000000 08:09 24382882                   /lib/x86_64-linux-gnu/libm-2.23.so
7fa693318000-7fa693517000 ---p 00108000 08:09 24382882                   /lib/x86_64-linux-gnu/libm-2.23.so
7fa693517000-7fa693518000 r--p 00107000 08:09 24382882                   /lib/x86_64-linux-gnu/libm-2.23.so
7fa693518000-7fa693519000 rw-p 00108000 08:09 24382882                   /lib/x86_64-linux-gnu/libm-2.23.so
7fa693519000-7fa69368b000 r-xp 00000000 08:09 2888511                    /usr/lib/x86_64-linux-gnu/libstdc++.so.6.0.21
7fa69368b000-7fa69388b000 ---p 00172000 08:09 2888511                    /usr/lib/x86_64-linux-gnu/libstdc++.so.6.0.21
7fa69388b000-7fa693895000 r--p 00172000 08:09 2888511                    /usr/lib/x86_64-linux-gnu/libstdc++.so.6.0.21
7fa693895000-7fa693897000 rw-p 0017c000 08:09 2888511                    /usr/lib/x86_64-linux-gnu/libstdc++.so.6.0.21
7fa693897000-7fa69389b000 rw-p 00000000 00:00 0 
7fa69389b000-7fa6944eb000 r-xp 00000000 08:09 7085439                    /usr/lib/jvm/java-8-openjdk-amd64/jre/lib/amd64/server/libjvm.so
7fa6944eb000-7fa6946ea000 ---p 00c50000 08:09 7085439                    /usr/lib/jvm/java-8-openjdk-amd64/jre/lib/amd64/server/libjvm.so
7fa6946ea000-7fa69477d000 r--p 00c4f000 08:09 7085439                    /usr/lib/jvm/java-8-openjdk-amd64/jre/lib/amd64/server/libjvm.so
7fa69477d000-7fa6947a6000 rw-p 00ce2000 08:09 7085439                    /usr/lib/jvm/java-8-openjdk-amd64/jre/lib/amd64/server/libjvm.so
7fa6947a6000-7fa6947d6000 rw-p 00000000 00:00 0 
7fa6947d6000-7fa6947ee000 r-xp 00000000 08:09 24382897                   /lib/x86_64-linux-gnu/libpthread-2.23.so
7fa6947ee000-7fa6949ed000 ---p 00018000 08:09 24382897                   /lib/x86_64-linux-gnu/libpthread-2.23.so
7fa6949ed000-7fa6949ee000 r--p 00017000 08:09 24382897                   /lib/x86_64-linux-gnu/libpthread-2.23.so
7fa6949ee000-7fa6949ef000 rw-p 00018000 08:09 24382897                   /lib/x86_64-linux-gnu/libpthread-2.23.so
7fa6949ef000-7fa6949f3000 rw-p 00000000 00:00 0 
7fa6949f3000-7fa6949f6000 r-xp 00000000 08:09 24382880                   /lib/x86_64-linux-gnu/libdl-2.23.so
7fa6949f6000-7fa694bf5000 ---p 00003000 08:09 24382880                   /lib/x86_64-linux-gnu/libdl-2.23.so
7fa694bf5000-7fa694bf6000 r--p 00002000 08:09 24382880                   /lib/x86_64-linux-gnu/libdl-2.23.so
7fa694bf6000-7fa694bf7000 rw-p 00003000 08:09 24382880                   /lib/x86_64-linux-gnu/libdl-2.23.so
7fa694bf7000-7fa694c10000 r-xp 00000000 08:09 24384041                   /lib/x86_64-linux-gnu/libz.so.1.2.8
7fa694c10000-7fa694e0f000 ---p 00019000 08:09 24384041                   /lib/x86_64-linux-gnu/libz.so.1.2.8
7fa694e0f000-7fa694e10000 r--p 00018000 08:09 24384041                   /lib/x86_64-linux-gnu/libz.so.1.2.8
7fa694e10000-7fa694e11000 rw-p 00019000 08:09 24384041                   /lib/x86_64-linux-gnu/libz.so.1.2.8
7fa694e11000-7fa694fd0000 r-xp 00000000 08:09 24382884                   /lib/x86_64-linux-gnu/libc-2.23.so
7fa694fd0000-7fa6951d0000 ---p 001bf000 08:09 24382884                   /lib/x86_64-linux-gnu/libc-2.23.so
7fa6951d0000-7fa6951d4000 r--p 001bf000 08:09 24382884                   /lib/x86_64-linux-gnu/libc-2.23.so
7fa6951d4000-7fa6951d6000 rw-p 001c3000 08:09 24382884                   /lib/x86_64-linux-gnu/libc-2.23.so
7fa6951d6000-7fa6951da000 rw-p 00000000 00:00 0 
7fa6951da000-7fa6951e7000 r-xp 00000000 08:09 7085434                    /usr/lib/jvm/java-8-openjdk-amd64/jre/lib/amd64/jli/libjli.so
7fa6951e7000-7fa6953e7000 ---p 0000d000 08:09 7085434                    /usr/lib/jvm/java-8-openjdk-amd64/jre/lib/amd64/jli/libjli.so
7fa6953e7000-7fa6953e8000 r--p 0000d000 08:09 7085434                    /usr/lib/jvm/java-8-openjdk-amd64/jre/lib/amd64/jli/libjli.so
7fa6953e8000-7fa6953e9000 rw-p 0000e000 08:09 7085434                    /usr/lib/jvm/java-8-openjdk-amd64/jre/lib/amd64/jli/libjli.so
7fa6953e9000-7fa69540f000 r-xp 00000000 08:09 24382885                   /lib/x86_64-linux-gnu/ld-2.23.so
7fa69540f000-7fa695410000 r--s 00004000 08:09 10748172                   /opt/eclipse/plugins/org.eclipse.swt_3.105.0.v20160603-0902.jar
7fa695410000-7fa695412000 r--s 00001000 08:09 7085456                    /usr/lib/jvm/java-8-openjdk-amd64/jre/lib/ext/dnsns.jar
7fa695412000-7fa695414000 r--s 00008000 08:09 7085454                    /usr/lib/jvm/java-8-openjdk-amd64/jre/lib/ext/sunec.jar
7fa695414000-7fa6954df000 rw-p 00000000 00:00 0 
7fa6954df000-7fa6954e2000 ---p 00000000 00:00 0 
7fa6954e2000-7fa6955e5000 rw-p 00000000 00:00 0 
7fa6955e5000-7fa6955e6000 r--s 00010000 08:09 7085459                    /usr/lib/jvm/java-8-openjdk-amd64/jre/lib/ext/zipfs.jar
7fa6955e6000-7fa6955e7000 r--s 0000a000 08:09 7085463                    /usr/lib/jvm/java-8-openjdk-amd64/jre/lib/ext/jaccess.jar
7fa6955e7000-7fa695602000 r--s 00394000 08:09 7085458                    /usr/lib/jvm/java-8-openjdk-amd64/jre/lib/ext/cldrdata.jar
7fa695602000-7fa69560a000 rw-s 00000000 08:09 18612345                   /tmp/hsperfdata_hrishi/13249
7fa69560a000-7fa69560b000 rw-p 00000000 00:00 0 
7fa69560b000-7fa69560c000 r--p 00000000 00:00 0 
7fa69560c000-7fa69560e000 rw-p 00000000 00:00 0 
7fa69560e000-7fa69560f000 r--p 00025000 08:09 24382885                   /lib/x86_64-linux-gnu/ld-2.23.so
7fa69560f000-7fa695610000 rw-p 00026000 08:09 24382885                   /lib/x86_64-linux-gnu/ld-2.23.so
7fa695610000-7fa695611000 rw-p 00000000 00:00 0 
7fff1a6b5000-7fff1a6d8000 rw-p 00000000 00:00 0                          [stack]
7fff1a78a000-7fff1a78c000 r--p 00000000 00:00 0                          [vvar]
7fff1a78c000-7fff1a78e000 r-xp 00000000 00:00 0                          [vdso]
ffffffffff600000-ffffffffff601000 r-xp 00000000 00:00 0                  [vsyscall]

VM Arguments:
jvm_args: -Dfile.encoding=UTF-8 
java_command: RCPConsole
java_class_path (initial): /opt/eclipse/plugins/org.eclipse.core.runtime_3.12.0.v20160606-1342.jar:/opt/eclipse/plugins/javax.inject_1.0.0.v20091030.jar:/opt/eclipse/plugins/org.eclipse.osgi_3.11.0.v20160603-1336.jar:/opt/eclipse/plugins/org.eclipse.osgi.compatibility.state_1.0.200.v20160504-1419.jar:/opt/eclipse/plugins/org.eclipse.equinox.common_3.8.0.v20160509-1230.jar:/opt/eclipse/plugins/org.eclipse.core.jobs_3.8.0.v20160509-0411.jar:/opt/eclipse/plugins/org.eclipse.equinox.registry_3.6.100.v20160223-2218.jar:/opt/eclipse/plugins/org.eclipse.equinox.preferences_3.6.0.v20160120-1756.jar:/opt/eclipse/plugins/org.eclipse.core.contenttype_3.5.100.v20160418-1621.jar:/opt/eclipse/plugins/org.eclipse.equinox.app_1.3.400.v20150715-1528.jar:/opt/eclipse/plugins/org.eclipse.ui_3.108.0.v20160518-1929.jar:/opt/eclipse/plugins/org.eclipse.swt_3.105.0.v20160603-0902.jar:/opt/eclipse/plugins/org.eclipse.swt.gtk.linux.x86_64_3.105.0.v20160603-0902.jar:/opt/eclipse/plugins/org.eclipse.jface_3.12.0.v20160518-1929.jar:/opt/eclipse/plugins/org.eclipse.core.commands_3.8.0.v20160316-1921.jar:/opt/eclipse/plugins/org.eclipse.ui.workbench_3.108.0.v20160602-1232.jar:/opt/eclipse/plugins/org.eclipse.e4.ui.workbench3_0.13.100.v20160506-0759.jar:/opt/eclipse/plugins/org.eclipse.ui.console_3.6.200.v20160518-1858.jar:/opt/eclipse/plugins/org.eclipse.emf.ecore_2.12.0.v20160420-0247.jar:/opt/eclipse/plugins/org.eclipse.emf.common_2.12.0.v20160420-0247.jar:/opt/eclipse/plugins/org.eclipse.emf.ecore.xmi_2.12.0.v20160420-0247.jar:/home/hrishi/.eclipse/org.eclipse.platform_4.6.0_1473617060_linux_gtk_x86_64/plugins/fr.irisa.cairn.eclipse.tom_2.10.0.201612051604/libs/aircube-bundle.jar:/home/hrishi/.eclipse/org.eclipse.platform_4.6.0_1473617060_linux_gtk_x86_64/plugins/fr.irisa.cairn.graph_1.0.0.201612051604:/home/hrishi/.eclipse/org.eclipse.platform_4.6.0_1473617060_linux_gtk_x86_64/plugins/fr.irisa.cairn.graph_1.0.0.201612051604/lib/jgrapht-ext-0.9.1-uber.jar:/opt/eclipse/plugins/com.google.inj
Launcher Type: SUN_STANDARD

Environment Variables:
PATH=/home/hrishi/torch/install/bin:/usr/local/sbin:/usr/local/bin:/usr/sbin:/usr/bin:/sbin:/bin:/usr/games:/usr/local/games:/snap/bin
LD_LIBRARY_PATH=/home/hrishi/torch/install/lib:
SHELL=/bin/bash
DISPLAY=:0
DYLD_LIBRARY_PATH=/home/hrishi/torch/install/lib:

Signal Handlers:
SIGSEGV: [libjvm.so+0xa66fd0], sa_mask[0]=11111111011111111101111111111110, sa_flags=SA_RESTART|SA_SIGINFO
SIGBUS: [libjvm.so+0xa66fd0], sa_mask[0]=11111111011111111101111111111110, sa_flags=SA_RESTART|SA_SIGINFO
SIGFPE: [libjvm.so+0x8b0180], sa_mask[0]=11111111011111111101111111111110, sa_flags=SA_RESTART|SA_SIGINFO
SIGPIPE: [libjvm.so+0x8b0180], sa_mask[0]=11111111011111111101111111111110, sa_flags=SA_RESTART|SA_SIGINFO
SIGXFSZ: [libjvm.so+0x8b0180], sa_mask[0]=11111111011111111101111111111110, sa_flags=SA_RESTART|SA_SIGINFO
SIGILL: [libjvm.so+0x8b0180], sa_mask[0]=11111111011111111101111111111110, sa_flags=SA_RESTART|SA_SIGINFO
SIGUSR1: SIG_DFL, sa_mask[0]=00000000000000000000000000000000, sa_flags=none
SIGUSR2: [libjvm.so+0x8b0030], sa_mask[0]=00100000000000000000000000000000, sa_flags=SA_RESTART|SA_SIGINFO
SIGHUP: [libjvm.so+0x8b0500], sa_mask[0]=11111111011111111101111111111110, sa_flags=SA_RESTART|SA_SIGINFO
SIGINT: [libjvm.so+0x8b0500], sa_mask[0]=11111111011111111101111111111110, sa_flags=SA_RESTART|SA_SIGINFO
SIGTERM: [libjvm.so+0x8b0500], sa_mask[0]=11111111011111111101111111111110, sa_flags=SA_RESTART|SA_SIGINFO
SIGQUIT: [libjvm.so+0x8b0500], sa_mask[0]=11111111011111111101111111111110, sa_flags=SA_RESTART|SA_SIGINFO


---------------  S Y S T E M  ---------------

OS:DISTRIB_ID=Ubuntu
DISTRIB_RELEASE=16.04
DISTRIB_CODENAME=xenial
DISTRIB_DESCRIPTION="Ubuntu 16.04 LTS"

uname:Linux 4.4.0-72-generic #93-Ubuntu SMP Fri Mar 31 14:07:41 UTC 2017 x86_64
libc:glibc 2.23 NPTL 2.23 
rlimit: STACK 8192k, CORE 0k, NPROC 31118, NOFILE 65536, AS infinity
load average:1.08 0.54 0.33

/proc/meminfo:
MemTotal:        8084688 kB
MemFree:          203164 kB
MemAvailable:    1303888 kB
Buffers:          126188 kB
Cached:          1670428 kB
SwapCached:          132 kB
Active:          5830556 kB
Inactive:        1679468 kB
Active(anon):    5199008 kB
Inactive(anon):  1054132 kB
Active(file):     631548 kB
Inactive(file):   625336 kB
Unevictable:         192 kB
Mlocked:             192 kB
SwapTotal:      12000252 kB
SwapFree:       11995280 kB
Dirty:              1044 kB
Writeback:             0 kB
AnonPages:       5714008 kB
Mapped:           681788 kB
Shmem:            539248 kB
Slab:             183320 kB
SReclaimable:     128496 kB
SUnreclaim:        54824 kB
KernelStack:       15056 kB
PageTables:        78624 kB
NFS_Unstable:          0 kB
Bounce:                0 kB
WritebackTmp:          0 kB
CommitLimit:    16042596 kB
Committed_AS:   14841236 kB
VmallocTotal:   34359738367 kB
VmallocUsed:           0 kB
VmallocChunk:          0 kB
HardwareCorrupted:     0 kB
AnonHugePages:   2150400 kB
CmaTotal:              0 kB
CmaFree:               0 kB
HugePages_Total:       0
HugePages_Free:        0
HugePages_Rsvd:        0
HugePages_Surp:        0
Hugepagesize:       2048 kB
DirectMap4k:      227208 kB
DirectMap2M:     8071168 kB
DirectMap1G:           0 kB


CPU:total 4 (2 cores per cpu, 2 threads per core) family 6 model 61 stepping 4, cmov, cx8, fxsr, mmx, sse, sse2, sse3, ssse3, sse4.1, sse4.2, popcnt, avx, avx2, aes, clmul, erms, 3dnowpref, lzcnt, ht, tsc, tscinvbit, bmi1, bmi2, adx

/proc/cpuinfo:
processor	: 0
vendor_id	: GenuineIntel
cpu family	: 6
model		: 61
model name	: Intel(R) Core(TM) i5-5200U CPU @ 2.20GHz
stepping	: 4
microcode	: 0x12
cpu MHz		: 2499.921
cache size	: 3072 KB
physical id	: 0
siblings	: 4
core id		: 0
cpu cores	: 2
apicid		: 0
initial apicid	: 0
fpu		: yes
fpu_exception	: yes
cpuid level	: 20
wp		: yes
flags		: fpu vme de pse tsc msr pae mce cx8 apic sep mtrr pge mca cmov pat pse36 clflush dts acpi mmx fxsr sse sse2 ss ht tm pbe syscall nx pdpe1gb rdtscp lm constant_tsc arch_perfmon pebs bts rep_good nopl xtopology nonstop_tsc aperfmperf eagerfpu pni pclmulqdq dtes64 monitor ds_cpl vmx est tm2 ssse3 sdbg fma cx16 xtpr pdcm pcid sse4_1 sse4_2 x2apic movbe popcnt tsc_deadline_timer aes xsave avx f16c rdrand lahf_lm abm 3dnowprefetch epb intel_pt tpr_shadow vnmi flexpriority ept vpid fsgsbase tsc_adjust bmi1 avx2 smep bmi2 erms invpcid rdseed adx smap xsaveopt dtherm ida arat pln pts
bugs		:
bogomips	: 4389.32
clflush size	: 64
cache_alignment	: 64
address sizes	: 39 bits physical, 48 bits virtual
power management:

processor	: 1
vendor_id	: GenuineIntel
cpu family	: 6
model		: 61
model name	: Intel(R) Core(TM) i5-5200U CPU @ 2.20GHz
stepping	: 4
microcode	: 0x12
cpu MHz		: 2499.921
cache size	: 3072 KB
physical id	: 0
siblings	: 4
core id		: 1
cpu cores	: 2
apicid		: 2
initial apicid	: 2
fpu		: yes
fpu_exception	: yes
cpuid level	: 20
wp		: yes
flags		: fpu vme de pse tsc msr pae mce cx8 apic sep mtrr pge mca cmov pat pse36 clflush dts acpi mmx fxsr sse sse2 ss ht tm pbe syscall nx pdpe1gb rdtscp lm constant_tsc arch_perfmon pebs bts rep_good nopl xtopology nonstop_tsc aperfmperf eagerfpu pni pclmulqdq dtes64 monitor ds_cpl vmx est tm2 ssse3 sdbg fma cx16 xtpr pdcm pcid sse4_1 sse4_2 x2apic movbe popcnt tsc_deadline_timer aes xsave avx f16c rdrand lahf_lm abm 3dnowprefetch epb intel_pt tpr_shadow vnmi flexpriority ept vpid fsgsbase tsc_adjust bmi1 avx2 smep bmi2 erms invpcid rdseed adx smap xsaveopt dtherm ida arat pln pts
bugs		:
bogomips	: 4389.32
clflush size	: 64
cache_alignment	: 64
address sizes	: 39 bits physical, 48 bits virtual
power management:

processor	: 2
vendor_id	: GenuineIntel
cpu family	: 6
model		: 61
model name	: Intel(R) Core(TM) i5-5200U CPU @ 2.20GHz
stepping	: 4
microcode	: 0x12
cpu MHz		: 2499.921
cache size	: 3072 KB
physical id	: 0
siblings	: 4
core id		: 0
cpu cores	: 2
apicid		: 1
initial apicid	: 1
fpu		: yes
fpu_exception	: yes
cpuid level	: 20
wp		: yes
flags		: fpu vme de pse tsc msr pae mce cx8 apic sep mtrr pge mca cmov pat pse36 clflush dts acpi mmx fxsr sse sse2 ss ht tm pbe syscall nx pdpe1gb rdtscp lm constant_tsc arch_perfmon pebs bts rep_good nopl xtopology nonstop_tsc aperfmperf eagerfpu pni pclmulqdq dtes64 monitor ds_cpl vmx est tm2 ssse3 sdbg fma cx16 xtpr pdcm pcid sse4_1 sse4_2 x2apic movbe popcnt tsc_deadline_timer aes xsave avx f16c rdrand lahf_lm abm 3dnowprefetch epb intel_pt tpr_shadow vnmi flexpriority ept vpid fsgsbase tsc_adjust bmi1 avx2 smep bmi2 erms invpcid rdseed adx smap xsaveopt dtherm ida arat pln pts
bugs		:
bogomips	: 4389.32
clflush size	: 64
cache_alignment	: 64
address sizes	: 39 bits physical, 48 bits virtual
power management:

processor	: 3
vendor_id	: GenuineIntel
cpu family	: 6
model		: 61
model name	: Intel(R) Core(TM) i5-5200U CPU @ 2.20GHz
stepping	: 4
microcode	: 0x12
cpu MHz		: 2499.921
cache size	: 3072 KB
physical id	: 0
siblings	: 4
core id		: 1
cpu cores	: 2
apicid		: 3
initial apicid	: 3
fpu		: yes
fpu_exception	: yes
cpuid level	: 20
wp		: yes
flags		: fpu vme de pse tsc msr pae mce cx8 apic sep mtrr pge mca cmov pat pse36 clflush dts acpi mmx fxsr sse sse2 ss ht tm pbe syscall nx pdpe1gb rdtscp lm constant_tsc arch_perfmon pebs bts rep_good nopl xtopology nonstop_tsc aperfmperf eagerfpu pni pclmulqdq dtes64 monitor ds_cpl vmx est tm2 ssse3 sdbg fma cx16 xtpr pdcm pcid sse4_1 sse4_2 x2apic movbe popcnt tsc_deadline_timer aes xsave avx f16c rdrand lahf_lm abm 3dnowprefetch epb intel_pt tpr_shadow vnmi flexpriority ept vpid fsgsbase tsc_adjust bmi1 avx2 smep bmi2 erms invpcid rdseed adx smap xsaveopt dtherm ida arat pln pts
bugs		:
bogomips	: 4389.32
clflush size	: 64
cache_alignment	: 64
address sizes	: 39 bits physical, 48 bits virtual
power management:



Memory: 4k page, physical 8084688k(203164k free), swap 12000252k(11995280k free)

vm_info: OpenJDK 64-Bit Server VM (25.121-b13) for linux-amd64 JRE (1.8.0_121-8u121-b13-0ubuntu1.16.04.2-b13), built on Jan 23 2017 15:51:29 by "buildd" with gcc 5.4.0 20160609

time: Sun Apr  9 23:29:42 2017
elapsed time: 6 seconds (0d 0h 0m 6s)

