#
# A fatal error has been detected by the Java Runtime Environment:
#
#  SIGSEGV (0xb) at pc=0x0000000000046b20, pid=15712, tid=0x00007f48156f2700
#
# JRE version: OpenJDK Runtime Environment (8.0_121-b13) (build 1.8.0_121-8u121-b13-0ubuntu1.16.04.2-b13)
# Java VM: OpenJDK 64-Bit Server VM (25.121-b13 mixed mode linux-amd64 compressed oops)
# Problematic frame:
# C  0x0000000000046b20
#
# Failed to write core dump. Core dumps have been disabled. To enable core dumping, try "ulimit -c unlimited" before starting Java again
#
# If you would like to submit a bug report, please visit:
#   http://bugreport.java.com/bugreport/crash.jsp
#

---------------  T H R E A D  ---------------

Current thread is native thread

siginfo: si_signo: 11 (SIGSEGV), si_code: 1 (SEGV_MAPERR), si_addr: 0x0000000000046b20

Registers:
RAX=0x00007f47dad13248, RBX=0x00007f480c8b2300, RCX=0x0000000000000000, RDX=0x0000000000000000
RSP=0x00007fff50b74188, RBP=0x00007fff50b742e0, RSI=0x0000000000000000, RDI=0x00007f4814f21140
R8 =0x0000000000000000, R9 =0x00007f48152e8808, R10=0x00007f4814f210c0, R11=0x00007f4814f5c2d0
R12=0x00007f47dad131a8, R13=0x0000000000000000, R14=0x00007fff50b74190, R15=0x0000000000000012
RIP=0x0000000000046b20, EFLAGS=0x0000000000010202, CSGSFS=0x0000000000000033, ERR=0x0000000000000014
  TRAPNO=0x000000000000000e

Top of Stack: (sp=0x00007fff50b74188)
0x00007fff50b74188:   00007f481550ac17 00007f4815721168
0x00007fff50b74198:   00007f4815721700 00007f481571e7a8
0x00007fff50b741a8:   00007f480c0009a0 00007f480c00b570
0x00007fff50b741b8:   00007f480c00cbf0 00007f480c00ba20
0x00007fff50b741c8:   00007f480c00d0a0 00007f480c019ae0
0x00007fff50b741d8:   00007f480c001bd0 00007f480c0014a0
0x00007fff50b741e8:   00000000008ab150 00000000008ab680
0x00007fff50b741f8:   00000000008ac4c0 00000000008abba0
0x00007fff50b74208:   00007f48156f4000 00007f48156f5b00
0x00007fff50b74218:   00007f48156f5618 00007f480c8b2300
0x00007fff50b74228:   00007f480c8b2960 00007f480c8b2ef0
0x00007fff50b74238:   00007f48156f5000 00007f48157209d8
0x00007fff50b74248:   00007f481550a964 00007fff50b74190
0x00007fff50b74258:   0000000000000006 00007fff50b741c0
0x00007fff50b74268:   0000000000000001 0000000000000006
0x00007fff50b74278:   00007fff50b74250 00000017152e6c40
0x00007fff50b74288:   00007fff50b74190 0000001700000000
0x00007fff50b74298:   00007f4815720048 00007fff50b74160
0x00007fff50b742a8:   0000000000000000 0000000000000001
0x00007fff50b742b8:   0000000000000001 0000000000000001
0x00007fff50b742c8:   00007f48152e6c40 0000000000000000
0x00007fff50b742d8:   0000000000000000 00007f48152e55f8
0x00007fff50b742e8:   00007f4814f5bff8 00000000004007bc
0x00007fff50b742f8:   0000000000000000 0000000000400730
0x00007fff50b74308:   0000000000400630 00007fff50b74400
0x00007fff50b74318:   00007f4814f5c045 0000000000400730
0x00007fff50b74328:   00007f4814f42837 0000000000000000
0x00007fff50b74338:   00007fff50b74408 000000051571fca0
0x00007fff50b74348:   00000000004005e0 0000000000000000
0x00007fff50b74358:   f644907ce5742396 0000000000400630
0x00007fff50b74368:   00007fff50b74400 0000000000000000
0x00007fff50b74378:   0000000000000000 09ba31926d742396 

Instructions: (pc=0x0000000000046b20)
0x0000000000046b00:   
[error occurred during error reporting (printing registers, top of stack, instructions near pc), id 0xb]

Register to memory mapping:

RAX=
[error occurred during error reporting (printing register info), id 0xb]

Stack: [0x00007fff50a78000,0x00007fff50b78000],  sp=0x00007fff50b74188,  free space=1008k
Native frames: (J=compiled Java code, j=interpreted, Vv=VM code, C=native code)
C  0x0000000000046b20


---------------  P R O C E S S  ---------------

VM state:at safepoint (shutting down)

VM Mutex/Monitor currently owned by a thread:  ([mutex/lock_event])
[0x00007f480c009dd0] Threads_lock - owner thread: 0x00007f480c07b000

Heap:
 PSYoungGen      total 68608K, used 59813K [0x00000000d6e00000, 0x00000000db600000, 0x0000000100000000)
  eden space 63488K, 86% used [0x00000000d6e00000,0x00000000da3716d0,0x00000000dac00000)
  from space 5120K, 99% used [0x00000000db100000,0x00000000db5f8040,0x00000000db600000)
  to   space 5120K, 0% used [0x00000000dac00000,0x00000000dac00000,0x00000000db100000)
 ParOldGen       total 84992K, used 10907K [0x0000000084a00000, 0x0000000089d00000, 0x00000000d6e00000)
  object space 84992K, 12% used [0x0000000084a00000,0x00000000854a6e98,0x0000000089d00000)
 Metaspace       used 19274K, capacity 19454K, committed 19712K, reserved 1067008K
  class space    used 2488K, capacity 2527K, committed 2560K, reserved 1048576K

Card table byte_map: [0x00007f48118de000,0x00007f4811cba000] byte_map_base: 0x00007f48114b9000

Marking Bits: (ParMarkBitMap*) 0x00007f48148ca220
 Begin Bits: [0x00007f47e8250000, 0x00007f47ea128000)
 End Bits:   [0x00007f47ea128000, 0x00007f47ec000000)

Polling page: 0x00007f481571c000

CodeCache: size=245760Kb used=7644Kb max_used=7689Kb free=238115Kb
 bounds [0x00007f47fd000000, 0x00007f47fd790000, 0x00007f480c000000]
 total_blobs=2754 nmethods=2367 adapters=299
 compilation: enabled

Compilation events (10 events):
Event: 5.573 Thread 0x00007f480c0b3800 nmethod 2153 0x00007f47fd74aad0 code [0x00007f47fd74ac40, 0x00007f47fd74b198]
Event: 5.573 Thread 0x00007f480c0b3800 2241       4       org.eclipse.emf.ecore.impl.BasicEObjectImpl::eGet (8 bytes)
Event: 5.574 Thread 0x00007f480c0b3800 nmethod 2241 0x00007f47fd74b790 code [0x00007f47fd74b8e0, 0x00007f47fd74b998]
Event: 5.574 Thread 0x00007f480c0b3800 2184       4       java.util.ArrayList::rangeCheck (22 bytes)
Event: 5.574 Thread 0x00007f480c0b3800 nmethod 2184 0x00007f47fd74b550 code [0x00007f47fd74b6a0, 0x00007f47fd74b718]
Event: 5.574 Thread 0x00007f480c0b3800 2193       4       com.google.inject.internal.util.$CustomConcurrentHashMap::rehash (49 bytes)
Event: 5.575 Thread 0x00007f480c0b3800 nmethod 2193 0x00007f47fd74a890 code [0x00007f47fd74a9c0, 0x00007f47fd74aa58]
Event: 5.575 Thread 0x00007f480c0b3800 2267       4       java.util.regex.Pattern$TreeInfo::reset (21 bytes)
Event: 5.575 Thread 0x00007f480c0b3800 nmethod 2267 0x00007f47fd74a650 code [0x00007f47fd74a7a0, 0x00007f47fd74a818]
Event: 5.850 Thread 0x00007f480c0b0800 nmethod 2146 0x00007f47fd774d10 code [0x00007f47fd775800, 0x00007f47fd77d788]

GC Heap History (8 events):
Event: 3.045 GC heap before
{Heap before GC invocations=1 (full 0):
 PSYoungGen      total 36864K, used 31744K [0x00000000d6e00000, 0x00000000d9700000, 0x0000000100000000)
  eden space 31744K, 100% used [0x00000000d6e00000,0x00000000d8d00000,0x00000000d8d00000)
  from space 5120K, 0% used [0x00000000d9200000,0x00000000d9200000,0x00000000d9700000)
  to   space 5120K, 0% used [0x00000000d8d00000,0x00000000d8d00000,0x00000000d9200000)
 ParOldGen       total 84992K, used 0K [0x0000000084a00000, 0x0000000089d00000, 0x00000000d6e00000)
  object space 84992K, 0% used [0x0000000084a00000,0x0000000084a00000,0x0000000089d00000)
 Metaspace       used 6684K, capacity 6838K, committed 7040K, reserved 1056768K
  class space    used 737K, capacity 787K, committed 896K, reserved 1048576K
Event: 3.069 GC heap after
Heap after GC invocations=1 (full 0):
 PSYoungGen      total 36864K, used 5108K [0x00000000d6e00000, 0x00000000d9700000, 0x0000000100000000)
  eden space 31744K, 0% used [0x00000000d6e00000,0x00000000d6e00000,0x00000000d8d00000)
  from space 5120K, 99% used [0x00000000d8d00000,0x00000000d91fd1b0,0x00000000d9200000)
  to   space 5120K, 0% used [0x00000000d9200000,0x00000000d9200000,0x00000000d9700000)
 ParOldGen       total 84992K, used 948K [0x0000000084a00000, 0x0000000089d00000, 0x00000000d6e00000)
  object space 84992K, 1% used [0x0000000084a00000,0x0000000084aed270,0x0000000089d00000)
 Metaspace       used 6684K, capacity 6838K, committed 7040K, reserved 1056768K
  class space    used 737K, capacity 787K, committed 896K, reserved 1048576K
}
Event: 3.573 GC heap before
{Heap before GC invocations=2 (full 0):
 PSYoungGen      total 36864K, used 36852K [0x00000000d6e00000, 0x00000000d9700000, 0x0000000100000000)
  eden space 31744K, 100% used [0x00000000d6e00000,0x00000000d8d00000,0x00000000d8d00000)
  from space 5120K, 99% used [0x00000000d8d00000,0x00000000d91fd1b0,0x00000000d9200000)
  to   space 5120K, 0% used [0x00000000d9200000,0x00000000d9200000,0x00000000d9700000)
 ParOldGen       total 84992K, used 948K [0x0000000084a00000, 0x0000000089d00000, 0x00000000d6e00000)
  object space 84992K, 1% used [0x0000000084a00000,0x0000000084aed270,0x0000000089d00000)
 Metaspace       used 10520K, capacity 10588K, committed 10880K, reserved 1058816K
  class space    used 1311K, capacity 1332K, committed 1408K, reserved 1048576K
Event: 3.639 GC heap after
Heap after GC invocations=2 (full 0):
 PSYoungGen      total 36864K, used 5104K [0x00000000d6e00000, 0x00000000db600000, 0x0000000100000000)
  eden space 31744K, 0% used [0x00000000d6e00000,0x00000000d6e00000,0x00000000d8d00000)
  from space 5120K, 99% used [0x00000000d9200000,0x00000000d96fc010,0x00000000d9700000)
  to   space 5120K, 0% used [0x00000000d8d00000,0x00000000d8d00000,0x00000000d9200000)
 ParOldGen       total 84992K, used 4434K [0x0000000084a00000, 0x0000000089d00000, 0x00000000d6e00000)
  object space 84992K, 5% used [0x0000000084a00000,0x0000000084e54808,0x0000000089d00000)
 Metaspace       used 10520K, capacity 10588K, committed 10880K, reserved 1058816K
  class space    used 1311K, capacity 1332K, committed 1408K, reserved 1048576K
}
Event: 3.996 GC heap before
{Heap before GC invocations=3 (full 0):
 PSYoungGen      total 36864K, used 36848K [0x00000000d6e00000, 0x00000000db600000, 0x0000000100000000)
  eden space 31744K, 100% used [0x00000000d6e00000,0x00000000d8d00000,0x00000000d8d00000)
  from space 5120K, 99% used [0x00000000d9200000,0x00000000d96fc010,0x00000000d9700000)
  to   space 5120K, 0% used [0x00000000d8d00000,0x00000000d8d00000,0x00000000d9200000)
 ParOldGen       total 84992K, used 4434K [0x0000000084a00000, 0x0000000089d00000, 0x00000000d6e00000)
  object space 84992K, 5% used [0x0000000084a00000,0x0000000084e54808,0x0000000089d00000)
 Metaspace       used 12593K, capacity 12730K, committed 12928K, reserved 1060864K
  class space    used 1596K, capacity 1657K, committed 1664K, reserved 1048576K
Event: 4.011 GC heap after
Heap after GC invocations=3 (full 0):
 PSYoungGen      total 36864K, used 5104K [0x00000000d6e00000, 0x00000000db600000, 0x0000000100000000)
  eden space 31744K, 0% used [0x00000000d6e00000,0x00000000d6e00000,0x00000000d8d00000)
  from space 5120K, 99% used [0x00000000d8d00000,0x00000000d91fc010,0x00000000d9200000)
  to   space 5120K, 0% used [0x00000000db100000,0x00000000db100000,0x00000000db600000)
 ParOldGen       total 84992K, used 7710K [0x0000000084a00000, 0x0000000089d00000, 0x00000000d6e00000)
  object space 84992K, 9% used [0x0000000084a00000,0x0000000085187918,0x0000000089d00000)
 Metaspace       used 12593K, capacity 12730K, committed 12928K, reserved 1060864K
  class space    used 1596K, capacity 1657K, committed 1664K, reserved 1048576K
}
Event: 4.385 GC heap before
{Heap before GC invocations=4 (full 0):
 PSYoungGen      total 36864K, used 36848K [0x00000000d6e00000, 0x00000000db600000, 0x0000000100000000)
  eden space 31744K, 100% used [0x00000000d6e00000,0x00000000d8d00000,0x00000000d8d00000)
  from space 5120K, 99% used [0x00000000d8d00000,0x00000000d91fc010,0x00000000d9200000)
  to   space 5120K, 0% used [0x00000000db100000,0x00000000db100000,0x00000000db600000)
 ParOldGen       total 84992K, used 7710K [0x0000000084a00000, 0x0000000089d00000, 0x00000000d6e00000)
  object space 84992K, 9% used [0x0000000084a00000,0x0000000085187918,0x0000000089d00000)
 Metaspace       used 15195K, capacity 15334K, committed 15616K, reserved 1062912K
  class space    used 1988K, capacity 2011K, committed 2048K, reserved 1048576K
Event: 4.414 GC heap after
Heap after GC invocations=4 (full 0):
 PSYoungGen      total 68608K, used 5088K [0x00000000d6e00000, 0x00000000db600000, 0x0000000100000000)
  eden space 63488K, 0% used [0x00000000d6e00000,0x00000000d6e00000,0x00000000dac00000)
  from space 5120K, 99% used [0x00000000db100000,0x00000000db5f8040,0x00000000db600000)
  to   space 5120K, 0% used [0x00000000dac00000,0x00000000dac00000,0x00000000db100000)
 ParOldGen       total 84992K, used 10907K [0x0000000084a00000, 0x0000000089d00000, 0x00000000d6e00000)
  object space 84992K, 12% used [0x0000000084a00000,0x00000000854a6e98,0x0000000089d00000)
 Metaspace       used 15195K, capacity 15334K, committed 15616K, reserved 1062912K
  class space    used 1988K, capacity 2011K, committed 2048K, reserved 1048576K
}

Deoptimization events (10 events):
Event: 5.005 Thread 0x00007f480c00d800 Uncommon trap: reason=bimorphic action=maybe_recompile pc=0x00007f47fd55299c method=org.eclipse.emf.ecore.util.EContentsEList$FeatureIteratorImpl.hasNext()Z @ 279
Event: 5.167 Thread 0x00007f480c00d800 Uncommon trap: reason=class_check action=maybe_recompile pc=0x00007f47fd45aa80 method=java.util.HashMap.putVal(ILjava/lang/Object;Ljava/lang/Object;ZZ)Ljava/lang/Object; @ 203
Event: 5.196 Thread 0x00007f480c00d800 Uncommon trap: reason=class_check action=maybe_recompile pc=0x00007f47fd45b644 method=java.lang.reflect.Method.equals(Ljava/lang/Object;)Z @ 5
Event: 5.199 Thread 0x00007f480c00d800 Uncommon trap: reason=class_check action=maybe_recompile pc=0x00007f47fd45b644 method=java.lang.reflect.Method.equals(Ljava/lang/Object;)Z @ 5
Event: 5.229 Thread 0x00007f480c00d800 Uncommon trap: reason=unstable_if action=reinterpret pc=0x00007f47fd66e680 method=org.eclipse.emf.common.notify.impl.BasicNotifierImpl.eBasicHasAdapters()Z @ 6
Event: 5.238 Thread 0x00007f480c00d800 Uncommon trap: reason=class_check action=maybe_recompile pc=0x00007f47fd552818 method=org.eclipse.emf.ecore.util.EContentsEList$FeatureIteratorImpl.hasNext()Z @ 584
Event: 5.238 Thread 0x00007f480c00d800 Uncommon trap: reason=class_check action=maybe_recompile pc=0x00007f47fd552818 method=org.eclipse.emf.ecore.util.EContentsEList$FeatureIteratorImpl.hasNext()Z @ 584
Event: 5.354 Thread 0x00007f480c00d800 Uncommon trap: reason=bimorphic action=maybe_recompile pc=0x00007f47fd55299c method=org.eclipse.emf.ecore.util.EContentsEList$FeatureIteratorImpl.hasNext()Z @ 279
Event: 5.354 Thread 0x00007f480c00d800 Uncommon trap: reason=bimorphic action=maybe_recompile pc=0x00007f47fd55299c method=org.eclipse.emf.ecore.util.EContentsEList$FeatureIteratorImpl.hasNext()Z @ 279
Event: 23051.227 Thread 0x00007f480c00d800 Uncommon trap: reason=null_check action=make_not_entrant pc=0x00007f47fd65672c method=java.lang.StringCoding.deref(Ljava/lang/ThreadLocal;)Ljava/lang/Object; @ 4

Internal exceptions (10 events):
Event: 22999.781 Thread 0x00007f480c00d800 Exception <a 'java/io/IOException'> (0x00000000da25a9f0) thrown at [/build/openjdk-8-YiEakL/openjdk-8-8u121-b13/src/hotspot/src/share/vm/prims/jni.cpp, line 709]
Event: 22999.834 Thread 0x00007f480c00d800 Exception <a 'java/io/IOException'> (0x00000000da25ac88) thrown at [/build/openjdk-8-YiEakL/openjdk-8-8u121-b13/src/hotspot/src/share/vm/prims/jni.cpp, line 709]
Event: 22999.943 Thread 0x00007f480c00d800 Exception <a 'java/io/IOException'> (0x00000000da25aef0) thrown at [/build/openjdk-8-YiEakL/openjdk-8-8u121-b13/src/hotspot/src/share/vm/prims/jni.cpp, line 709]
Event: 23009.738 Thread 0x00007f480c00d800 Exception <a 'java/io/IOException'> (0x00000000da25b6e0) thrown at [/build/openjdk-8-YiEakL/openjdk-8-8u121-b13/src/hotspot/src/share/vm/prims/jni.cpp, line 709]
Event: 23009.738 Thread 0x00007f480c00d800 Exception <a 'java/io/IOException'> (0x00000000da25b978) thrown at [/build/openjdk-8-YiEakL/openjdk-8-8u121-b13/src/hotspot/src/share/vm/prims/jni.cpp, line 709]
Event: 23009.738 Thread 0x00007f480c00d800 Exception <a 'java/io/IOException'> (0x00000000da25bbe0) thrown at [/build/openjdk-8-YiEakL/openjdk-8-8u121-b13/src/hotspot/src/share/vm/prims/jni.cpp, line 709]
Event: 23009.855 Thread 0x00007f480c00d800 Exception <a 'java/io/IOException'> (0x00000000da25c198) thrown at [/build/openjdk-8-YiEakL/openjdk-8-8u121-b13/src/hotspot/src/share/vm/prims/jni.cpp, line 709]
Event: 23009.855 Thread 0x00007f480c00d800 Exception <a 'java/io/IOException'> (0x00000000da25c430) thrown at [/build/openjdk-8-YiEakL/openjdk-8-8u121-b13/src/hotspot/src/share/vm/prims/jni.cpp, line 709]
Event: 23009.855 Thread 0x00007f480c00d800 Exception <a 'java/io/IOException'> (0x00000000da25c698) thrown at [/build/openjdk-8-YiEakL/openjdk-8-8u121-b13/src/hotspot/src/share/vm/prims/jni.cpp, line 709]
Event: 23051.164 Thread 0x00007f480c00d800 Implicit null exception at 0x00007f47fd65610d to 0x00007f47fd656715

Events (10 events):
Event: 23012.591 Thread 0x00007f480c00d800 Thread exited: 0x00007f480c00d800
Event: 23014.008 Thread 0x00007f480c00d800 Thread added: 0x00007f480c00d800
Event: 23017.088 loading class java/util/IdentityHashMap$KeyIterator
Event: 23018.461 loading class java/util/IdentityHashMap$KeyIterator done
Event: 23019.714 Thread 0x00007f480c424000 Thread added: 0x00007f480c424000
Event: 23035.473 Thread 0x00007f480c424000 Thread exited: 0x00007f480c424000
Event: 23051.206 Thread 0x00007f480c00d800 Uncommon trap: trap_request=0xfffffff4 fr.pc=0x00007f47fd65672c
Event: 23053.305 Thread 0x00007f480c00d800 DEOPT PACKING pc=0x00007f47fd65672c sp=0x00007f48156ef1c0
Event: 23053.526 Thread 0x00007f480c00d800 DEOPT UNPACKING pc=0x00007f47fd004f69 sp=0x00007f48156ef0c0 mode 2
Event: 23057.883 Thread 0x00007f480c00d800 Thread exited: 0x00007f480c00d800


Dynamic libraries:
00400000-00401000 r-xp 00000000 08:09 7087821                            /usr/lib/jvm/java-8-openjdk-amd64/jre/bin/java
00600000-00601000 r--p 00000000 08:09 7087821                            /usr/lib/jvm/java-8-openjdk-amd64/jre/bin/java
00601000-00602000 rw-p 00001000 08:09 7087821                            /usr/lib/jvm/java-8-openjdk-amd64/jre/bin/java
008ab000-008cc000 rw-p 00000000 00:00 0                                  [heap]
84a00000-89d00000 rw-p 00000000 00:00 0 
89d00000-d6e00000 ---p 00000000 00:00 0 
d6e00000-db600000 rw-p 00000000 00:00 0 
db600000-100000000 ---p 00000000 00:00 0 
100000000-100280000 rw-p 00000000 00:00 0 
100280000-140000000 ---p 00000000 00:00 0 
7f47b4000000-7f47b4021000 rw-p 00000000 00:00 0 
7f47b4021000-7f47b8000000 ---p 00000000 00:00 0 
7f47b8000000-7f47b8021000 rw-p 00000000 00:00 0 
7f47b8021000-7f47bc000000 ---p 00000000 00:00 0 
7f47bc000000-7f47bc021000 rw-p 00000000 00:00 0 
7f47bc021000-7f47c0000000 ---p 00000000 00:00 0 
7f47c0000000-7f47c0021000 rw-p 00000000 00:00 0 
7f47c0021000-7f47c4000000 ---p 00000000 00:00 0 
7f47c4000000-7f47c4ae2000 rw-p 00000000 00:00 0 
7f47c4ae2000-7f47c8000000 ---p 00000000 00:00 0 
7f47c8000000-7f47c8021000 rw-p 00000000 00:00 0 
7f47c8021000-7f47cc000000 ---p 00000000 00:00 0 
7f47cc000000-7f47ccef0000 rw-p 00000000 00:00 0 
7f47ccef0000-7f47d0000000 ---p 00000000 00:00 0 
7f47d0000000-7f47d0e48000 rw-p 00000000 00:00 0 
7f47d0e48000-7f47d4000000 ---p 00000000 00:00 0 
7f47d4000000-7f47d4021000 rw-p 00000000 00:00 0 
7f47d4021000-7f47d8000000 ---p 00000000 00:00 0 
7f47da1aa000-7f47da1ad000 ---p 00000000 00:00 0 
7f47da1ad000-7f47da36b000 rw-p 00000000 00:00 0 
7f47da36b000-7f47da4ab000 ---p 00000000 00:00 0 
7f47da4ab000-7f47da520000 r-xp 00000000 08:09 26877614                   /home/hrishi/workspace/Console/.jnimap.temp.linux_64/libgmp.so.10 (deleted)
7f47da520000-7f47da71f000 ---p 00075000 08:09 26877614                   /home/hrishi/workspace/Console/.jnimap.temp.linux_64/libgmp.so.10 (deleted)
7f47da71f000-7f47da721000 rw-p 00074000 08:09 26877614                   /home/hrishi/workspace/Console/.jnimap.temp.linux_64/libgmp.so.10 (deleted)
7f47da721000-7f47da889000 r-xp 00000000 08:09 26877613                   /home/hrishi/workspace/Console/.jnimap.temp.linux_64/libisl.so.13 (deleted)
7f47da889000-7f47daa88000 ---p 00168000 08:09 26877613                   /home/hrishi/workspace/Console/.jnimap.temp.linux_64/libisl.so.13 (deleted)
7f47daa88000-7f47daa8f000 rw-p 00167000 08:09 26877613                   /home/hrishi/workspace/Console/.jnimap.temp.linux_64/libisl.so.13 (deleted)
7f47daa8f000-7f47dab14000 r-xp 00000000 08:09 26877615                   /home/hrishi/workspace/Console/.jnimap.temp.linux_64/linux_64_libjniisl.so (deleted)
7f47dab14000-7f47dad13000 ---p 00085000 08:09 26877615                   /home/hrishi/workspace/Console/.jnimap.temp.linux_64/linux_64_libjniisl.so (deleted)
7f47dad13000-7f47dad16000 rw-p 00084000 08:09 26877615                   /home/hrishi/workspace/Console/.jnimap.temp.linux_64/linux_64_libjniisl.so (deleted)
7f47dad16000-7f47daf16000 rw-p 00000000 00:00 0 
7f47daf16000-7f47db116000 rw-p 00000000 00:00 0 
7f47db116000-7f47db316000 rw-p 00000000 00:00 0 
7f47db316000-7f47db319000 ---p 00000000 00:00 0 
7f47db319000-7f47db617000 rw-p 00000000 00:00 0 
7f47db617000-7f47db61a000 ---p 00000000 00:00 0 
7f47db61a000-7f47db718000 rw-p 00000000 00:00 0 
7f47db718000-7f47db71b000 r--s 00015000 08:09 7085469                    /usr/lib/jvm/java-8-openjdk-amd64/jre/lib/jce.jar
7f47db71b000-7f47db71f000 r--s 0009a000 08:09 7085467                    /usr/lib/jvm/java-8-openjdk-amd64/jre/lib/jsse.jar
7f47db71f000-7f47db722000 r--s 00014000 08:09 26516293                   /home/hrishi/.eclipse/org.eclipse.platform_4.6.0_1473617060_linux_gtk_x86_64/plugins/fr.irisa.r2d2.parser.runtime_1.0.0.201612051604.jar
7f47db722000-7f47db72a000 r--s 0003c000 08:09 26516292                   /home/hrishi/.eclipse/org.eclipse.platform_4.6.0_1473617060_linux_gtk_x86_64/plugins/fr.irisa.r2d2.gecos.framework_1.0.0.201612051604.jar
7f47db72a000-7f47db734000 r--s 0006c000 08:09 26516357                   /home/hrishi/.eclipse/org.eclipse.platform_4.6.0_1473617060_linux_gtk_x86_64/plugins/org.eclipse.xtext.common.types_2.10.0.v201605250459.jar
7f47db734000-7f47db764000 r--s 0044d000 08:09 26516369                   /home/hrishi/.eclipse/org.eclipse.platform_4.6.0_1473617060_linux_gtk_x86_64/plugins/org.eclipse.xtext.xbase_2.10.0.v201605250459.jar
7f47db764000-7f47db767000 r--s 0000f000 08:09 26516352                   /home/hrishi/.eclipse/org.eclipse.platform_4.6.0_1473617060_linux_gtk_x86_64/plugins/org.eclipse.xtend.lib.macro_2.10.0.v201605250459.jar
7f47db767000-7f47db76b000 r--s 00035000 08:09 26516351                   /home/hrishi/.eclipse/org.eclipse.platform_4.6.0_1473617060_linux_gtk_x86_64/plugins/org.eclipse.xtend.lib_2.10.0.v201605250459.jar
7f47db76b000-7f47db76c000 r--s 00001000 08:09 26516354                   /home/hrishi/.eclipse/org.eclipse.platform_4.6.0_1473617060_linux_gtk_x86_64/plugins/org.eclipse.xtend2.lib_2.10.0.v201605250459.jar
7f47db76c000-7f47db772000 r--s 0003f000 08:09 26516368                   /home/hrishi/.eclipse/org.eclipse.platform_4.6.0_1473617060_linux_gtk_x86_64/plugins/org.eclipse.xtext.util_2.10.0.v201605250459.jar
7f47db772000-7f47db7a3000 r--s 0024b000 08:09 26516355                   /home/hrishi/.eclipse/org.eclipse.platform_4.6.0_1473617060_linux_gtk_x86_64/plugins/org.eclipse.xtext_2.10.0.v201605250459.jar
7f47db7a3000-7f47db7ab000 r--s 00061000 08:09 26516277                   /home/hrishi/.eclipse/org.eclipse.platform_4.6.0_1473617060_linux_gtk_x86_64/plugins/edu.csu.melange.alphabets_0.9.6.201612051604.jar
7f47db7ab000-7f47db7ac000 r--s 00008000 08:09 26516336                   /home/hrishi/.eclipse/org.eclipse.platform_4.6.0_1473617060_linux_gtk_x86_64/plugins/org.polymodel.scop.cgenerator2_1.0.0.201612051604.jar
7f47db7ac000-7f47db7af000 r--s 00024000 08:09 26516337                   /home/hrishi/.eclipse/org.eclipse.platform_4.6.0_1473617060_linux_gtk_x86_64/plugins/org.polymodel.scop.dtiler_1.0.0.201612051604.jar
7f47db7af000-7f47db7b0000 r--s 00001000 08:09 26516335                   /home/hrishi/.eclipse/org.eclipse.platform_4.6.0_1473617060_linux_gtk_x86_64/plugins/org.polymodel.scop.bridge.clast_1.0.0.201612051604.jar
7f47db7b0000-7f47db7b5000 r--s 0002a000 08:09 26516334                   /home/hrishi/.eclipse/org.eclipse.platform_4.6.0_1473617060_linux_gtk_x86_64/plugins/org.polymodel.scop_1.0.0.201612051604.jar
7f47db7b5000-7f47db7c8000 r--s 0012e000 08:09 26516300                   /home/hrishi/.eclipse/org.eclipse.platform_4.6.0_1473617060_linux_gtk_x86_64/plugins/org.polymodel.polyhedralIR.codegen_1.0.0.201612051604.jar
7f47db7c8000-7f47db7cb000 r--s 008e1000 08:09 26516287                   /home/hrishi/.eclipse/org.eclipse.platform_4.6.0_1473617060_linux_gtk_x86_64/plugins/fr.irisa.cairn.jnimap.cloog_1.0.0.201612051604.jar
7f47db7cb000-7f47db7cf000 r--s 00031000 08:09 26516341                   /home/hrishi/.eclipse/org.eclipse.platform_4.6.0_1473617060_linux_gtk_x86_64/plugins/org.antlr.runtime_3.2.0.v201101311130.jar
7f47db7cf000-7f47db7d0000 r--s 00011000 08:09 10748494                   /opt/eclipse/plugins/org.apache.commons.logging_1.1.1.v201101211721.jar
7f47db7d0000-7f47db7d8000 r--s 0005e000 08:09 10748531                   /opt/eclipse/plugins/org.apache.log4j_1.2.15.v201012070815.jar
7f47db7d8000-7f47db7da000 r--s 00008000 08:09 26516346                   /home/hrishi/.eclipse/org.eclipse.platform_4.6.0_1473617060_linux_gtk_x86_64/plugins/org.eclipse.emf.mwe.utils_1.3.20.v201605261103.jar
7f47db7da000-7f47db7db000 r--s 00003000 08:09 26516348                   /home/hrishi/.eclipse/org.eclipse.platform_4.6.0_1473617060_linux_gtk_x86_64/plugins/org.eclipse.emf.mwe2.runtime_2.9.0.v201605261103.jar
7f47db7db000-7f47db7dc000 r--s 0000b000 08:09 26516339                   /home/hrishi/.eclipse/org.eclipse.platform_4.6.0_1473617060_linux_gtk_x86_64/plugins/org.apache.commons.cli_1.2.0.v201404270220.jar
7f47db7dc000-7f47db7e2000 r--s 0002a000 08:09 26516345                   /home/hrishi/.eclipse/org.eclipse.platform_4.6.0_1473617060_linux_gtk_x86_64/plugins/org.eclipse.emf.mwe.core_1.3.20.v201605261103.jar
7f47db7e2000-7f47db7e4000 r--s 00009000 08:09 26516279                   /home/hrishi/.eclipse/org.eclipse.platform_4.6.0_1473617060_linux_gtk_x86_64/plugins/edu.csu.melange.affineLattice_1.0.0.jar
7f47db7e4000-7f47db7e6000 r--s 00000000 08:09 26516338                   /home/hrishi/.eclipse/org.eclipse.platform_4.6.0_1473617060_linux_gtk_x86_64/plugins/tom.mapping_1.0.0.201612051604.jar
7f47db7e6000-7f47db7ed000 r--s 0004d000 08:09 26516333                   /home/hrishi/.eclipse/org.eclipse.platform_4.6.0_1473617060_linux_gtk_x86_64/plugins/org.polymodel.prdg.scheduling_1.0.0.201612051604.jar
7f47db7ed000-7f47db7f0000 r--s 0001f000 08:09 26516370                   /home/hrishi/.eclipse/org.eclipse.platform_4.6.0_1473617060_linux_gtk_x86_64/plugins/org.eclipse.xtext.xbase.lib_2.10.0.v201605250459.jar
7f47db7f0000-7f47db7f2000 r--s 00004000 08:09 26516299                   /home/hrishi/.eclipse/org.eclipse.platform_4.6.0_1473617060_linux_gtk_x86_64/plugins/org.polymodel.matrix_1.0.0.201612051604.jar
7f47db7f2000-7f47db7f4000 r--s 00005000 08:09 26516332                   /home/hrishi/.eclipse/org.eclipse.platform_4.6.0_1473617060_linux_gtk_x86_64/plugins/org.polymodel.prdg.adapter_1.0.0.201612051604.jar
7f47db7f4000-7f47db924000 r--s 010bc000 08:09 28708362                   /home/hrishi/.eclipse/org.eclipse.platform_4.6.0_1473617060_linux_gtk_x86_64/plugins/fr.irisa.cairn.eclipse.tom_2.10.0.201612051604/libs/aircube-bundle.jar
7f47db924000-7f47db925000 ---p 00000000 00:00 0 
7f47db925000-7f47dba25000 rw-p 00000000 00:00 0 
7f47dba25000-7f47dba28000 ---p 00000000 00:00 0 
7f47dba28000-7f47dbb26000 rw-p 00000000 00:00 0 
7f47dbb26000-7f47dbb29000 ---p 00000000 00:00 0 
7f47dbb29000-7f47dbc27000 rw-p 00000000 00:00 0 
7f47dbc27000-7f47dbc2a000 ---p 00000000 00:00 0 
7f47dbc2a000-7f47dbd28000 rw-p 00000000 00:00 0 
7f47dbd28000-7f47dc000000 r--p 00000000 08:09 2887360                    /usr/lib/locale/locale-archive
7f47dc000000-7f47dc021000 rw-p 00000000 00:00 0 
7f47dc021000-7f47e0000000 ---p 00000000 00:00 0 
7f47e0000000-7f47e0021000 rw-p 00000000 00:00 0 
7f47e0021000-7f47e4000000 ---p 00000000 00:00 0 
7f47e4000000-7f47e4021000 rw-p 00000000 00:00 0 
7f47e4021000-7f47e8000000 ---p 00000000 00:00 0 
7f47e8000000-7f47e8002000 r--s 00009000 08:09 26516301                   /home/hrishi/.eclipse/org.eclipse.platform_4.6.0_1473617060_linux_gtk_x86_64/plugins/org.polymodel.prdg_1.0.0.201612051604.jar
7f47e8002000-7f47e8004000 r--s 00013000 08:09 26516297                   /home/hrishi/.eclipse/org.eclipse.platform_4.6.0_1473617060_linux_gtk_x86_64/plugins/org.polymodel.isl_1.0.0.201612051604.jar
7f47e8004000-7f47e800e000 r--s 000a4000 08:09 26516295                   /home/hrishi/.eclipse/org.eclipse.platform_4.6.0_1473617060_linux_gtk_x86_64/plugins/org.polymodel.algebra_1.0.0.201612051604.jar
7f47e800e000-7f47e8011000 r--s 0002b000 08:09 26516294                   /home/hrishi/.eclipse/org.eclipse.platform_4.6.0_1473617060_linux_gtk_x86_64/plugins/org.polymodel_1.0.0.201612051604.jar
7f47e8011000-7f47e803b000 r--s 001ff000 08:09 10749007                   /opt/eclipse/plugins/com.google.guava_15.0.0.v201403281430.jar
7f47e803b000-7f47e803e000 r--s 00037000 08:09 28708336                   /home/hrishi/.eclipse/org.eclipse.platform_4.6.0_1473617060_linux_gtk_x86_64/plugins/fr.irisa.cairn.tools_1.0.0.201612051604/lib/javatuples-1.2-javadoc.jar
7f47e803e000-7f47e8043000 r--s 00b6c000 08:09 26516288                   /home/hrishi/.eclipse/org.eclipse.platform_4.6.0_1473617060_linux_gtk_x86_64/plugins/fr.irisa.cairn.jnimap.isl_2.1.0.201612051604.jar
7f47e8043000-7f47e804e000 r--s 00077000 08:09 10748760                   /opt/eclipse/plugins/com.google.inject_3.0.0.v201605172100.jar
7f47e804e000-7f47e8051000 ---p 00000000 00:00 0 
7f47e8051000-7f47e814f000 rw-p 00000000 00:00 0 
7f47e814f000-7f47e8152000 ---p 00000000 00:00 0 
7f47e8152000-7f47ec000000 rw-p 00000000 00:00 0 
7f47ec000000-7f47ec021000 rw-p 00000000 00:00 0 
7f47ec021000-7f47f0000000 ---p 00000000 00:00 0 
7f47f0000000-7f47f0021000 rw-p 00000000 00:00 0 
7f47f0021000-7f47f4000000 ---p 00000000 00:00 0 
7f47f4000000-7f47f4021000 rw-p 00000000 00:00 0 
7f47f4021000-7f47f8000000 ---p 00000000 00:00 0 
7f47f8000000-7f47f8021000 rw-p 00000000 00:00 0 
7f47f8021000-7f47fc000000 ---p 00000000 00:00 0 
7f47fc000000-7f47fc001000 r--s 0000f000 08:09 28708338                   /home/hrishi/.eclipse/org.eclipse.platform_4.6.0_1473617060_linux_gtk_x86_64/plugins/fr.irisa.cairn.tools_1.0.0.201612051604/lib/javatuples-1.2.jar
7f47fc001000-7f47fc002000 r--s 0000b000 08:09 28708337                   /home/hrishi/.eclipse/org.eclipse.platform_4.6.0_1473617060_linux_gtk_x86_64/plugins/fr.irisa.cairn.tools_1.0.0.201612051604/lib/javatuples-1.2-sources.jar
7f47fc002000-7f47fc003000 r--s 00000000 08:09 26516289                   /home/hrishi/.eclipse/org.eclipse.platform_4.6.0_1473617060_linux_gtk_x86_64/plugins/fr.irisa.cairn.jnimap.runtime_1.0.0.201612051604.jar
7f47fc003000-7f47fc005000 r--s 00007000 08:09 26516286                   /home/hrishi/.eclipse/org.eclipse.platform_4.6.0_1473617060_linux_gtk_x86_64/plugins/fr.irisa.cairn.graph.guice_1.0.0.201612051604.jar
7f47fc005000-7f47fc007000 r--s 00009000 08:09 10748202                   /opt/eclipse/plugins/com.google.inject.multibindings_3.0.0.v201605172100.jar
7f47fc007000-7f47fc01f000 r--s 0015b000 08:09 28061747                   /home/hrishi/.eclipse/org.eclipse.platform_4.6.0_1473617060_linux_gtk_x86_64/plugins/fr.irisa.cairn.graph_1.0.0.201612051604/lib/jgrapht-ext-0.9.1-uber.jar
7f47fc01f000-7f47fc04f000 rw-p 00000000 00:00 0 
7f47fc04f000-7f47fc053000 r--s 00035000 08:09 10748985                   /opt/eclipse/plugins/org.eclipse.emf.ecore.xmi_2.12.0.v20160420-0247.jar
7f47fc053000-7f47fc05a000 r--s 00051000 08:09 10748503                   /opt/eclipse/plugins/org.eclipse.emf.common_2.12.0.v20160420-0247.jar
7f47fc05a000-7f47fc06c000 r--s 00111000 08:09 10748217                   /opt/eclipse/plugins/org.eclipse.emf.ecore_2.12.0.v20160420-0247.jar
7f47fc06c000-7f47fc071000 r--s 00030000 08:09 10748396                   /opt/eclipse/plugins/org.eclipse.ui.console_3.6.200.v20160518-1858.jar
7f47fc071000-7f47fc072000 r--s 00002000 08:09 10748530                   /opt/eclipse/plugins/org.eclipse.e4.ui.workbench3_0.13.100.v20160506-0759.jar
7f47fc072000-7f47fc0b4000 r--s 00398000 08:09 10748311                   /opt/eclipse/plugins/org.eclipse.ui.workbench_3.108.0.v20160602-1232.jar
7f47fc0b4000-7f47fc0b8000 r--s 00019000 08:09 10748602                   /opt/eclipse/plugins/org.eclipse.core.commands_3.8.0.v20160316-1921.jar
7f47fc0b8000-7f47fc0ca000 r--s 000f8000 08:09 10748780                   /opt/eclipse/plugins/org.eclipse.jface_3.12.0.v20160518-1929.jar
7f47fc0ca000-7f47fc0df000 r--s 0028f000 08:09 10748863                   /opt/eclipse/plugins/org.eclipse.swt.gtk.linux.x86_64_3.105.0.v20160603-0902.jar
7f47fc0df000-7f47fc0e8000 r--s 00058000 08:09 10748604                   /opt/eclipse/plugins/org.eclipse.ui_3.108.0.v20160518-1929.jar
7f47fc0e8000-7f47fc0ea000 r--s 00014000 08:09 10748222                   /opt/eclipse/plugins/org.eclipse.equinox.app_1.3.400.v20150715-1528.jar
7f47fc0ea000-7f47fc0ed000 r--s 0001e000 08:09 10748508                   /opt/eclipse/plugins/org.eclipse.equinox.preferences_3.6.0.v20160120-1756.jar
7f47fc0ed000-7f47fc0f1000 r--s 0002a000 08:09 10749014                   /opt/eclipse/plugins/org.eclipse.equinox.registry_3.6.100.v20160223-2218.jar
7f47fc0f1000-7f47fc0f4000 ---p 00000000 00:00 0 
7f47fc0f4000-7f47fc1f2000 rw-p 00000000 00:00 0 
7f47fc1f2000-7f47fc1f5000 ---p 00000000 00:00 0 
7f47fc1f5000-7f47fc2f3000 rw-p 00000000 00:00 0 
7f47fc2f3000-7f47fc2f4000 ---p 00000000 00:00 0 
7f47fc2f4000-7f47fd000000 rw-p 00000000 00:00 0 
7f47fd000000-7f47fd790000 rwxp 00000000 00:00 0 
7f47fd790000-7f480c000000 ---p 00000000 00:00 0 
7f480c000000-7f480caeb000 rw-p 00000000 00:00 0 
7f480caeb000-7f4810000000 ---p 00000000 00:00 0 
7f4810000000-7f4810002000 r--s 00017000 08:09 10748774                   /opt/eclipse/plugins/org.eclipse.core.contenttype_3.5.100.v20160418-1621.jar
7f4810002000-7f4810005000 r--s 00019000 08:09 10748931                   /opt/eclipse/plugins/org.eclipse.core.jobs_3.8.0.v20160509-0411.jar
7f4810005000-7f4810008000 r--s 0001b000 08:09 10748983                   /opt/eclipse/plugins/org.eclipse.equinox.common_3.8.0.v20160509-1230.jar
7f4810008000-7f481000b000 r--s 00039000 08:09 10748174                   /opt/eclipse/plugins/org.eclipse.osgi.compatibility.state_1.0.200.v20160504-1419.jar
7f481000b000-7f4810020000 r--s 0013d000 08:09 10748755                   /opt/eclipse/plugins/org.eclipse.osgi_3.11.0.v20160603-1336.jar
7f4810020000-7f4810022000 r--s 00003000 08:09 10748526                   /opt/eclipse/plugins/javax.inject_1.0.0.v20091030.jar
7f4810022000-7f4810024000 r--s 00011000 08:09 10748883                   /opt/eclipse/plugins/org.eclipse.core.runtime_3.12.0.v20160606-1342.jar
7f4810024000-7f4810028000 r--s 00037000 08:09 7085460                    /usr/lib/jvm/java-8-openjdk-amd64/jre/lib/ext/sunpkcs11.jar
7f4810028000-7f481002b000 r--s 0000f000 08:09 7085457                    /usr/lib/jvm/java-8-openjdk-amd64/jre/lib/ext/icedtea-sound.jar
7f481002b000-7f4810035000 r--s 00116000 08:09 7085461                    /usr/lib/jvm/java-8-openjdk-amd64/jre/lib/ext/localedata.jar
7f4810035000-7f481003a000 r--s 0003b000 08:09 7085462                    /usr/lib/jvm/java-8-openjdk-amd64/jre/lib/ext/sunjce_provider.jar
7f481003a000-7f4810055000 r--s 001d6000 08:09 7085455                    /usr/lib/jvm/java-8-openjdk-amd64/jre/lib/ext/nashorn.jar
7f4810055000-7f4810429000 rw-p 00000000 00:00 0 
7f4810429000-7f48105f7000 r--s 03c06000 08:09 7087811                    /usr/lib/jvm/java-8-openjdk-amd64/jre/lib/rt.jar
7f48105f7000-7f4811248000 rw-p 00000000 00:00 0 
7f4811248000-7f4811249000 ---p 00000000 00:00 0 
7f4811249000-7f4811349000 rw-p 00000000 00:00 0 
7f4811349000-7f481134a000 ---p 00000000 00:00 0 
7f481134a000-7f481144a000 rw-p 00000000 00:00 0 
7f481144a000-7f481144b000 ---p 00000000 00:00 0 
7f481144b000-7f481154b000 rw-p 00000000 00:00 0 
7f481154b000-7f481154c000 ---p 00000000 00:00 0 
7f481154c000-7f4811676000 rw-p 00000000 00:00 0 
7f4811676000-7f48118de000 ---p 00000000 00:00 0 
7f48118de000-7f4811908000 rw-p 00000000 00:00 0 
7f4811908000-7f4811b70000 ---p 00000000 00:00 0 
7f4811b70000-7f4811b94000 rw-p 00000000 00:00 0 
7f4811b94000-7f4811cb9000 ---p 00000000 00:00 0 
7f4811cb9000-7f4811cd9000 rw-p 00000000 00:00 0 
7f4811cd9000-7f481207a000 ---p 00000000 00:00 0 
7f481207a000-7f4812082000 r-xp 00000000 08:09 7085419                    /usr/lib/jvm/java-8-openjdk-amd64/jre/lib/amd64/libzip.so
7f4812082000-7f4812281000 ---p 00008000 08:09 7085419                    /usr/lib/jvm/java-8-openjdk-amd64/jre/lib/amd64/libzip.so
7f4812281000-7f4812282000 r--p 00007000 08:09 7085419                    /usr/lib/jvm/java-8-openjdk-amd64/jre/lib/amd64/libzip.so
7f4812282000-7f4812283000 rw-p 00008000 08:09 7085419                    /usr/lib/jvm/java-8-openjdk-amd64/jre/lib/amd64/libzip.so
7f4812283000-7f481228e000 r-xp 00000000 08:09 24382890                   /lib/x86_64-linux-gnu/libnss_files-2.23.so
7f481228e000-7f481248d000 ---p 0000b000 08:09 24382890                   /lib/x86_64-linux-gnu/libnss_files-2.23.so
7f481248d000-7f481248e000 r--p 0000a000 08:09 24382890                   /lib/x86_64-linux-gnu/libnss_files-2.23.so
7f481248e000-7f481248f000 rw-p 0000b000 08:09 24382890                   /lib/x86_64-linux-gnu/libnss_files-2.23.so
7f481248f000-7f4812495000 rw-p 00000000 00:00 0 
7f4812495000-7f48124a0000 r-xp 00000000 08:09 24382881                   /lib/x86_64-linux-gnu/libnss_nis-2.23.so
7f48124a0000-7f481269f000 ---p 0000b000 08:09 24382881                   /lib/x86_64-linux-gnu/libnss_nis-2.23.so
7f481269f000-7f48126a0000 r--p 0000a000 08:09 24382881                   /lib/x86_64-linux-gnu/libnss_nis-2.23.so
7f48126a0000-7f48126a1000 rw-p 0000b000 08:09 24382881                   /lib/x86_64-linux-gnu/libnss_nis-2.23.so
7f48126a1000-7f48126b7000 r-xp 00000000 08:09 24382883                   /lib/x86_64-linux-gnu/libnsl-2.23.so
7f48126b7000-7f48128b6000 ---p 00016000 08:09 24382883                   /lib/x86_64-linux-gnu/libnsl-2.23.so
7f48128b6000-7f48128b7000 r--p 00015000 08:09 24382883                   /lib/x86_64-linux-gnu/libnsl-2.23.so
7f48128b7000-7f48128b8000 rw-p 00016000 08:09 24382883                   /lib/x86_64-linux-gnu/libnsl-2.23.so
7f48128b8000-7f48128ba000 rw-p 00000000 00:00 0 
7f48128ba000-7f48128c2000 r-xp 00000000 08:09 24382892                   /lib/x86_64-linux-gnu/libnss_compat-2.23.so
7f48128c2000-7f4812ac1000 ---p 00008000 08:09 24382892                   /lib/x86_64-linux-gnu/libnss_compat-2.23.so
7f4812ac1000-7f4812ac2000 r--p 00007000 08:09 24382892                   /lib/x86_64-linux-gnu/libnss_compat-2.23.so
7f4812ac2000-7f4812ac3000 rw-p 00008000 08:09 24382892                   /lib/x86_64-linux-gnu/libnss_compat-2.23.so
7f4812ac3000-7f4812af0000 r-xp 00000000 08:09 7085444                    /usr/lib/jvm/java-8-openjdk-amd64/jre/lib/amd64/libjava.so
7f4812af0000-7f4812cef000 ---p 0002d000 08:09 7085444                    /usr/lib/jvm/java-8-openjdk-amd64/jre/lib/amd64/libjava.so
7f4812cef000-7f4812cf0000 r--p 0002c000 08:09 7085444                    /usr/lib/jvm/java-8-openjdk-amd64/jre/lib/amd64/libjava.so
7f4812cf0000-7f4812cf2000 rw-p 0002d000 08:09 7085444                    /usr/lib/jvm/java-8-openjdk-amd64/jre/lib/amd64/libjava.so
7f4812cf2000-7f4812d01000 r-xp 00000000 08:09 7085412                    /usr/lib/jvm/java-8-openjdk-amd64/jre/lib/amd64/libverify.so
7f4812d01000-7f4812f00000 ---p 0000f000 08:09 7085412                    /usr/lib/jvm/java-8-openjdk-amd64/jre/lib/amd64/libverify.so
7f4812f00000-7f4812f02000 r--p 0000e000 08:09 7085412                    /usr/lib/jvm/java-8-openjdk-amd64/jre/lib/amd64/libverify.so
7f4812f02000-7f4812f03000 rw-p 00010000 08:09 7085412                    /usr/lib/jvm/java-8-openjdk-amd64/jre/lib/amd64/libverify.so
7f4812f03000-7f4812f0a000 r-xp 00000000 08:09 24382893                   /lib/x86_64-linux-gnu/librt-2.23.so
7f4812f0a000-7f4813109000 ---p 00007000 08:09 24382893                   /lib/x86_64-linux-gnu/librt-2.23.so
7f4813109000-7f481310a000 r--p 00006000 08:09 24382893                   /lib/x86_64-linux-gnu/librt-2.23.so
7f481310a000-7f481310b000 rw-p 00007000 08:09 24382893                   /lib/x86_64-linux-gnu/librt-2.23.so
7f481310b000-7f4813121000 r-xp 00000000 08:09 24383888                   /lib/x86_64-linux-gnu/libgcc_s.so.1
7f4813121000-7f4813320000 ---p 00016000 08:09 24383888                   /lib/x86_64-linux-gnu/libgcc_s.so.1
7f4813320000-7f4813321000 rw-p 00015000 08:09 24383888                   /lib/x86_64-linux-gnu/libgcc_s.so.1
7f4813321000-7f4813429000 r-xp 00000000 08:09 24382882                   /lib/x86_64-linux-gnu/libm-2.23.so
7f4813429000-7f4813628000 ---p 00108000 08:09 24382882                   /lib/x86_64-linux-gnu/libm-2.23.so
7f4813628000-7f4813629000 r--p 00107000 08:09 24382882                   /lib/x86_64-linux-gnu/libm-2.23.so
7f4813629000-7f481362a000 rw-p 00108000 08:09 24382882                   /lib/x86_64-linux-gnu/libm-2.23.so
7f481362a000-7f481379c000 r-xp 00000000 08:09 2888511                    /usr/lib/x86_64-linux-gnu/libstdc++.so.6.0.21
7f481379c000-7f481399c000 ---p 00172000 08:09 2888511                    /usr/lib/x86_64-linux-gnu/libstdc++.so.6.0.21
7f481399c000-7f48139a6000 r--p 00172000 08:09 2888511                    /usr/lib/x86_64-linux-gnu/libstdc++.so.6.0.21
7f48139a6000-7f48139a8000 rw-p 0017c000 08:09 2888511                    /usr/lib/x86_64-linux-gnu/libstdc++.so.6.0.21
7f48139a8000-7f48139ac000 rw-p 00000000 00:00 0 
7f48139ac000-7f48145fc000 r-xp 00000000 08:09 7085439                    /usr/lib/jvm/java-8-openjdk-amd64/jre/lib/amd64/server/libjvm.so
7f48145fc000-7f48147fb000 ---p 00c50000 08:09 7085439                    /usr/lib/jvm/java-8-openjdk-amd64/jre/lib/amd64/server/libjvm.so
7f48147fb000-7f481488e000 r--p 00c4f000 08:09 7085439                    /usr/lib/jvm/java-8-openjdk-amd64/jre/lib/amd64/server/libjvm.so
7f481488e000-7f48148b7000 rw-p 00ce2000 08:09 7085439                    /usr/lib/jvm/java-8-openjdk-amd64/jre/lib/amd64/server/libjvm.so
7f48148b7000-7f48148e7000 rw-p 00000000 00:00 0 
7f48148e7000-7f48148ff000 r-xp 00000000 08:09 24382897                   /lib/x86_64-linux-gnu/libpthread-2.23.so
7f48148ff000-7f4814afe000 ---p 00018000 08:09 24382897                   /lib/x86_64-linux-gnu/libpthread-2.23.so
7f4814afe000-7f4814aff000 r--p 00017000 08:09 24382897                   /lib/x86_64-linux-gnu/libpthread-2.23.so
7f4814aff000-7f4814b00000 rw-p 00018000 08:09 24382897                   /lib/x86_64-linux-gnu/libpthread-2.23.so
7f4814b00000-7f4814b04000 rw-p 00000000 00:00 0 
7f4814b04000-7f4814b07000 r-xp 00000000 08:09 24382880                   /lib/x86_64-linux-gnu/libdl-2.23.so
7f4814b07000-7f4814d06000 ---p 00003000 08:09 24382880                   /lib/x86_64-linux-gnu/libdl-2.23.so
7f4814d06000-7f4814d07000 r--p 00002000 08:09 24382880                   /lib/x86_64-linux-gnu/libdl-2.23.so
7f4814d07000-7f4814d08000 rw-p 00003000 08:09 24382880                   /lib/x86_64-linux-gnu/libdl-2.23.so
7f4814d08000-7f4814d21000 r-xp 00000000 08:09 24384041                   /lib/x86_64-linux-gnu/libz.so.1.2.8
7f4814d21000-7f4814f20000 ---p 00019000 08:09 24384041                   /lib/x86_64-linux-gnu/libz.so.1.2.8
7f4814f20000-7f4814f21000 r--p 00018000 08:09 24384041                   /lib/x86_64-linux-gnu/libz.so.1.2.8
7f4814f21000-7f4814f22000 rw-p 00019000 08:09 24384041                   /lib/x86_64-linux-gnu/libz.so.1.2.8
7f4814f22000-7f48150e1000 r-xp 00000000 08:09 24382884                   /lib/x86_64-linux-gnu/libc-2.23.so
7f48150e1000-7f48152e1000 ---p 001bf000 08:09 24382884                   /lib/x86_64-linux-gnu/libc-2.23.so
7f48152e1000-7f48152e5000 r--p 001bf000 08:09 24382884                   /lib/x86_64-linux-gnu/libc-2.23.so
7f48152e5000-7f48152e7000 rw-p 001c3000 08:09 24382884                   /lib/x86_64-linux-gnu/libc-2.23.so
7f48152e7000-7f48152eb000 rw-p 00000000 00:00 0 
7f48152eb000-7f48152f8000 r-xp 00000000 08:09 7085434                    /usr/lib/jvm/java-8-openjdk-amd64/jre/lib/amd64/jli/libjli.so
7f48152f8000-7f48154f8000 ---p 0000d000 08:09 7085434                    /usr/lib/jvm/java-8-openjdk-amd64/jre/lib/amd64/jli/libjli.so
7f48154f8000-7f48154f9000 r--p 0000d000 08:09 7085434                    /usr/lib/jvm/java-8-openjdk-amd64/jre/lib/amd64/jli/libjli.so
7f48154f9000-7f48154fa000 rw-p 0000e000 08:09 7085434                    /usr/lib/jvm/java-8-openjdk-amd64/jre/lib/amd64/jli/libjli.so
7f48154fa000-7f4815520000 r-xp 00000000 08:09 24382885                   /lib/x86_64-linux-gnu/ld-2.23.so
7f4815520000-7f4815521000 r--s 00004000 08:09 10748172                   /opt/eclipse/plugins/org.eclipse.swt_3.105.0.v20160603-0902.jar
7f4815521000-7f4815523000 r--s 00001000 08:09 7085456                    /usr/lib/jvm/java-8-openjdk-amd64/jre/lib/ext/dnsns.jar
7f4815523000-7f4815525000 r--s 00008000 08:09 7085454                    /usr/lib/jvm/java-8-openjdk-amd64/jre/lib/ext/sunec.jar
7f4815525000-7f48155f0000 rw-p 00000000 00:00 0 
7f48155f0000-7f48155f3000 ---p 00000000 00:00 0 
7f48155f3000-7f48156f6000 rw-p 00000000 00:00 0 
7f48156f6000-7f48156f7000 r--s 00010000 08:09 7085459                    /usr/lib/jvm/java-8-openjdk-amd64/jre/lib/ext/zipfs.jar
7f48156f7000-7f48156f8000 r--s 0000a000 08:09 7085463                    /usr/lib/jvm/java-8-openjdk-amd64/jre/lib/ext/jaccess.jar
7f48156f8000-7f4815713000 r--s 00394000 08:09 7085458                    /usr/lib/jvm/java-8-openjdk-amd64/jre/lib/ext/cldrdata.jar
7f4815713000-7f481571b000 rw-s 00000000 08:09 18612365                   /tmp/hsperfdata_hrishi/15712 (deleted)
7f481571b000-7f481571c000 rw-p 00000000 00:00 0 
7f481571c000-7f481571d000 ---p 00000000 00:00 0 
7f481571d000-7f481571f000 rw-p 00000000 00:00 0 
7f481571f000-7f4815720000 r--p 00025000 08:09 24382885                   /lib/x86_64-linux-gnu/ld-2.23.so
7f4815720000-7f4815721000 rw-p 00026000 08:09 24382885                   /lib/x86_64-linux-gnu/ld-2.23.so
7f4815721000-7f4815722000 rw-p 00000000 00:00 0 
7fff50b55000-7fff50b78000 rw-p 00000000 00:00 0                          [stack]
7fff50bdc000-7fff50bde000 r--p 00000000 00:00 0                          [vvar]
7fff50bde000-7fff50be0000 r-xp 00000000 00:00 0                          [vdso]
ffffffffff600000-ffffffffff601000 r-xp 00000000 00:00 0                  [vsyscall]

VM Arguments:
jvm_args: -Dfile.encoding=UTF-8 
java_command: RCPConsole
java_class_path (initial): /opt/eclipse/plugins/org.eclipse.core.runtime_3.12.0.v20160606-1342.jar:/opt/eclipse/plugins/javax.inject_1.0.0.v20091030.jar:/opt/eclipse/plugins/org.eclipse.osgi_3.11.0.v20160603-1336.jar:/opt/eclipse/plugins/org.eclipse.osgi.compatibility.state_1.0.200.v20160504-1419.jar:/opt/eclipse/plugins/org.eclipse.equinox.common_3.8.0.v20160509-1230.jar:/opt/eclipse/plugins/org.eclipse.core.jobs_3.8.0.v20160509-0411.jar:/opt/eclipse/plugins/org.eclipse.equinox.registry_3.6.100.v20160223-2218.jar:/opt/eclipse/plugins/org.eclipse.equinox.preferences_3.6.0.v20160120-1756.jar:/opt/eclipse/plugins/org.eclipse.core.contenttype_3.5.100.v20160418-1621.jar:/opt/eclipse/plugins/org.eclipse.equinox.app_1.3.400.v20150715-1528.jar:/opt/eclipse/plugins/org.eclipse.ui_3.108.0.v20160518-1929.jar:/opt/eclipse/plugins/org.eclipse.swt_3.105.0.v20160603-0902.jar:/opt/eclipse/plugins/org.eclipse.swt.gtk.linux.x86_64_3.105.0.v20160603-0902.jar:/opt/eclipse/plugins/org.eclipse.jface_3.12.0.v20160518-1929.jar:/opt/eclipse/plugins/org.eclipse.core.commands_3.8.0.v20160316-1921.jar:/opt/eclipse/plugins/org.eclipse.ui.workbench_3.108.0.v20160602-1232.jar:/opt/eclipse/plugins/org.eclipse.e4.ui.workbench3_0.13.100.v20160506-0759.jar:/opt/eclipse/plugins/org.eclipse.ui.console_3.6.200.v20160518-1858.jar:/opt/eclipse/plugins/org.eclipse.emf.ecore_2.12.0.v20160420-0247.jar:/opt/eclipse/plugins/org.eclipse.emf.common_2.12.0.v20160420-0247.jar:/opt/eclipse/plugins/org.eclipse.emf.ecore.xmi_2.12.0.v20160420-0247.jar:/home/hrishi/.eclipse/org.eclipse.platform_4.6.0_1473617060_linux_gtk_x86_64/plugins/fr.irisa.cairn.eclipse.tom_2.10.0.201612051604/libs/aircube-bundle.jar:/home/hrishi/.eclipse/org.eclipse.platform_4.6.0_1473617060_linux_gtk_x86_64/plugins/fr.irisa.cairn.graph_1.0.0.201612051604:/home/hrishi/.eclipse/org.eclipse.platform_4.6.0_1473617060_linux_gtk_x86_64/plugins/fr.irisa.cairn.graph_1.0.0.201612051604/lib/jgrapht-ext-0.9.1-uber.jar:/opt/eclipse/plugins/com.google.inj
Launcher Type: SUN_STANDARD

Environment Variables:
PATH=/home/hrishi/torch/install/bin:/usr/local/sbin:/usr/local/bin:/usr/sbin:/usr/bin:/sbin:/bin:/usr/games:/usr/local/games:/snap/bin
LD_LIBRARY_PATH=/home/hrishi/torch/install/lib:
SHELL=/bin/bash
DISPLAY=:0
DYLD_LIBRARY_PATH=/home/hrishi/torch/install/lib:

Signal Handlers:
SIGSEGV: [libjvm.so+0xa66fd0], sa_mask[0]=11111111011111111101111111111110, sa_flags=SA_RESTART|SA_SIGINFO
SIGBUS: [libjvm.so+0xa66fd0], sa_mask[0]=11111111011111111101111111111110, sa_flags=SA_RESTART|SA_SIGINFO
SIGFPE: [libjvm.so+0x8b0180], sa_mask[0]=11111111011111111101111111111110, sa_flags=SA_RESTART|SA_SIGINFO
SIGPIPE: [libjvm.so+0x8b0180], sa_mask[0]=11111111011111111101111111111110, sa_flags=SA_RESTART|SA_SIGINFO
SIGXFSZ: [libjvm.so+0x8b0180], sa_mask[0]=11111111011111111101111111111110, sa_flags=SA_RESTART|SA_SIGINFO
SIGILL: [libjvm.so+0x8b0180], sa_mask[0]=11111111011111111101111111111110, sa_flags=SA_RESTART|SA_SIGINFO
SIGUSR1: SIG_DFL, sa_mask[0]=00000000000000000000000000000000, sa_flags=none
SIGUSR2: [libjvm.so+0x8b0030], sa_mask[0]=00100000000000000000000000000000, sa_flags=SA_RESTART|SA_SIGINFO
SIGHUP: [libjvm.so+0x8b0500], sa_mask[0]=11111111011111111101111111111110, sa_flags=SA_RESTART|SA_SIGINFO
SIGINT: [libjvm.so+0x8b0500], sa_mask[0]=11111111011111111101111111111110, sa_flags=SA_RESTART|SA_SIGINFO
SIGTERM: [libjvm.so+0x8b0500], sa_mask[0]=11111111011111111101111111111110, sa_flags=SA_RESTART|SA_SIGINFO
SIGQUIT: [libjvm.so+0x8b0500], sa_mask[0]=11111111011111111101111111111110, sa_flags=SA_RESTART|SA_SIGINFO


---------------  S Y S T E M  ---------------

OS:DISTRIB_ID=Ubuntu
DISTRIB_RELEASE=16.04
DISTRIB_CODENAME=xenial
DISTRIB_DESCRIPTION="Ubuntu 16.04 LTS"

uname:Linux 4.4.0-72-generic #93-Ubuntu SMP Fri Mar 31 14:07:41 UTC 2017 x86_64
libc:glibc 2.23 NPTL 2.23 
rlimit: STACK 8192k, CORE 0k, NPROC 31118, NOFILE 65536, AS infinity
load average:62.40 34.82 15.58

/proc/meminfo:
MemTotal:        8084688 kB
MemFree:         5256332 kB
MemAvailable:    5489396 kB
Buffers:           35252 kB
Cached:           610240 kB
SwapCached:       127244 kB
Active:          1803532 kB
Inactive:         714292 kB
Active(anon):    1551860 kB
Inactive(anon):   553112 kB
Active(file):     251672 kB
Inactive(file):   161180 kB
Unevictable:        1108 kB
Mlocked:            1108 kB
SwapTotal:      12000252 kB
SwapFree:        7667584 kB
Dirty:               868 kB
Writeback:             0 kB
AnonPages:       1861264 kB
Mapped:           223324 kB
Shmem:            232496 kB
Slab:             157660 kB
SReclaimable:      81240 kB
SUnreclaim:        76420 kB
KernelStack:       15904 kB
PageTables:        54924 kB
NFS_Unstable:          0 kB
Bounce:                0 kB
WritebackTmp:          0 kB
CommitLimit:    16042596 kB
Committed_AS:   13231188 kB
VmallocTotal:   34359738367 kB
VmallocUsed:           0 kB
VmallocChunk:          0 kB
HardwareCorrupted:     0 kB
AnonHugePages:    751616 kB
CmaTotal:              0 kB
CmaFree:               0 kB
HugePages_Total:       0
HugePages_Free:        0
HugePages_Rsvd:        0
HugePages_Surp:        0
Hugepagesize:       2048 kB
DirectMap4k:      817032 kB
DirectMap2M:     7481344 kB
DirectMap1G:           0 kB


CPU:total 4 (2 cores per cpu, 2 threads per core) family 6 model 61 stepping 4, cmov, cx8, fxsr, mmx, sse, sse2, sse3, ssse3, sse4.1, sse4.2, popcnt, avx, avx2, aes, clmul, erms, 3dnowpref, lzcnt, ht, tsc, tscinvbit, bmi1, bmi2, adx

/proc/cpuinfo:
processor	: 0
vendor_id	: GenuineIntel
cpu family	: 6
model		: 61
model name	: Intel(R) Core(TM) i5-5200U CPU @ 2.20GHz
stepping	: 4
microcode	: 0x12
cpu MHz		: 1753.726
cache size	: 3072 KB
physical id	: 0
siblings	: 4
core id		: 0
cpu cores	: 2
apicid		: 0
initial apicid	: 0
fpu		: yes
fpu_exception	: yes
cpuid level	: 20
wp		: yes
flags		: fpu vme de pse tsc msr pae mce cx8 apic sep mtrr pge mca cmov pat pse36 clflush dts acpi mmx fxsr sse sse2 ss ht tm pbe syscall nx pdpe1gb rdtscp lm constant_tsc arch_perfmon pebs bts rep_good nopl xtopology nonstop_tsc aperfmperf eagerfpu pni pclmulqdq dtes64 monitor ds_cpl vmx est tm2 ssse3 sdbg fma cx16 xtpr pdcm pcid sse4_1 sse4_2 x2apic movbe popcnt tsc_deadline_timer aes xsave avx f16c rdrand lahf_lm abm 3dnowprefetch epb intel_pt tpr_shadow vnmi flexpriority ept vpid fsgsbase tsc_adjust bmi1 avx2 smep bmi2 erms invpcid rdseed adx smap xsaveopt dtherm ida arat pln pts
bugs		:
bogomips	: 4390.01
clflush size	: 64
cache_alignment	: 64
address sizes	: 39 bits physical, 48 bits virtual
power management:

processor	: 1
vendor_id	: GenuineIntel
cpu family	: 6
model		: 61
model name	: Intel(R) Core(TM) i5-5200U CPU @ 2.20GHz
stepping	: 4
microcode	: 0x12
cpu MHz		: 1536.906
cache size	: 3072 KB
physical id	: 0
siblings	: 4
core id		: 1
cpu cores	: 2
apicid		: 2
initial apicid	: 2
fpu		: yes
fpu_exception	: yes
cpuid level	: 20
wp		: yes
flags		: fpu vme de pse tsc msr pae mce cx8 apic sep mtrr pge mca cmov pat pse36 clflush dts acpi mmx fxsr sse sse2 ss ht tm pbe syscall nx pdpe1gb rdtscp lm constant_tsc arch_perfmon pebs bts rep_good nopl xtopology nonstop_tsc aperfmperf eagerfpu pni pclmulqdq dtes64 monitor ds_cpl vmx est tm2 ssse3 sdbg fma cx16 xtpr pdcm pcid sse4_1 sse4_2 x2apic movbe popcnt tsc_deadline_timer aes xsave avx f16c rdrand lahf_lm abm 3dnowprefetch epb intel_pt tpr_shadow vnmi flexpriority ept vpid fsgsbase tsc_adjust bmi1 avx2 smep bmi2 erms invpcid rdseed adx smap xsaveopt dtherm ida arat pln pts
bugs		:
bogomips	: 4390.01
clflush size	: 64
cache_alignment	: 64
address sizes	: 39 bits physical, 48 bits virtual
power management:

processor	: 2
vendor_id	: GenuineIntel
cpu family	: 6
model		: 61
model name	: Intel(R) Core(TM) i5-5200U CPU @ 2.20GHz
stepping	: 4
microcode	: 0x12
cpu MHz		: 1891.054
cache size	: 3072 KB
physical id	: 0
siblings	: 4
core id		: 0
cpu cores	: 2
apicid		: 1
initial apicid	: 1
fpu		: yes
fpu_exception	: yes
cpuid level	: 20
wp		: yes
flags		: fpu vme de pse tsc msr pae mce cx8 apic sep mtrr pge mca cmov pat pse36 clflush dts acpi mmx fxsr sse sse2 ss ht tm pbe syscall nx pdpe1gb rdtscp lm constant_tsc arch_perfmon pebs bts rep_good nopl xtopology nonstop_tsc aperfmperf eagerfpu pni pclmulqdq dtes64 monitor ds_cpl vmx est tm2 ssse3 sdbg fma cx16 xtpr pdcm pcid sse4_1 sse4_2 x2apic movbe popcnt tsc_deadline_timer aes xsave avx f16c rdrand lahf_lm abm 3dnowprefetch epb intel_pt tpr_shadow vnmi flexpriority ept vpid fsgsbase tsc_adjust bmi1 avx2 smep bmi2 erms invpcid rdseed adx smap xsaveopt dtherm ida arat pln pts
bugs		:
bogomips	: 4390.01
clflush size	: 64
cache_alignment	: 64
address sizes	: 39 bits physical, 48 bits virtual
power management:

processor	: 3
vendor_id	: GenuineIntel
cpu family	: 6
model		: 61
model name	: Intel(R) Core(TM) i5-5200U CPU @ 2.20GHz
stepping	: 4
microcode	: 0x12
cpu MHz		: 1661.085
cache size	: 3072 KB
physical id	: 0
siblings	: 4
core id		: 1
cpu cores	: 2
apicid		: 3
initial apicid	: 3
fpu		: yes
fpu_exception	: yes
cpuid level	: 20
wp		: yes
flags		: fpu vme de pse tsc msr pae mce cx8 apic sep mtrr pge mca cmov pat pse36 clflush dts acpi mmx fxsr sse sse2 ss ht tm pbe syscall nx pdpe1gb rdtscp lm constant_tsc arch_perfmon pebs bts rep_good nopl xtopology nonstop_tsc aperfmperf eagerfpu pni pclmulqdq dtes64 monitor ds_cpl vmx est tm2 ssse3 sdbg fma cx16 xtpr pdcm pcid sse4_1 sse4_2 x2apic movbe popcnt tsc_deadline_timer aes xsave avx f16c rdrand lahf_lm abm 3dnowprefetch epb intel_pt tpr_shadow vnmi flexpriority ept vpid fsgsbase tsc_adjust bmi1 avx2 smep bmi2 erms invpcid rdseed adx smap xsaveopt dtherm ida arat pln pts
bugs		:
bogomips	: 4390.01
clflush size	: 64
cache_alignment	: 64
address sizes	: 39 bits physical, 48 bits virtual
power management:



Memory: 4k page, physical 8084688k(5256332k free), swap 12000252k(7667584k free)

vm_info: OpenJDK 64-Bit Server VM (25.121-b13) for linux-amd64 JRE (1.8.0_121-8u121-b13-0ubuntu1.16.04.2-b13), built on Jan 23 2017 15:51:29 by "buildd" with gcc 5.4.0 20160609

time: Sun Apr 30 23:06:17 2017
elapsed time: 23065 seconds (0d 6h 24m 25s)

