#
# A fatal error has been detected by the Java Runtime Environment:
#
#  SIGSEGV (0xb) at pc=0x0000000000046b20, pid=15738, tid=0x00007f09daf3b700
#
# JRE version: OpenJDK Runtime Environment (8.0_121-b13) (build 1.8.0_121-8u121-b13-0ubuntu1.16.04.2-b13)
# Java VM: OpenJDK 64-Bit Server VM (25.121-b13 mixed mode linux-amd64 compressed oops)
# Problematic frame:
# C  0x0000000000046b20
#
# Failed to write core dump. Core dumps have been disabled. To enable core dumping, try "ulimit -c unlimited" before starting Java again
#
# If you would like to submit a bug report, please visit:
#   http://bugreport.java.com/bugreport/crash.jsp
#

---------------  T H R E A D  ---------------

Current thread is native thread

siginfo: si_signo: 11 (SIGSEGV), si_code: 1 (SEGV_MAPERR), si_addr: 0x0000000000046b20

Registers:
RAX=0x00007f09c030c248, RBX=0x00007f09d48de700, RCX=0x0000000000000000, RDX=0x0000000000000000
RSP=0x00007ffc1e2f2008, RBP=0x00007ffc1e2f2160, RSI=0x0000000000000000, RDI=0x00007f09da76a140
R8 =0x0000000000000000, R9 =0x00007f09dab31808, R10=0x00007f09da76a0c0, R11=0x00007f09da7a52d0
R12=0x00007f09c030c1a8, R13=0x0000000000000000, R14=0x00007ffc1e2f2010, R15=0x0000000000000012
RIP=0x0000000000046b20, EFLAGS=0x0000000000010202, CSGSFS=0x0000000000000033, ERR=0x0000000000000014
  TRAPNO=0x000000000000000e

Top of Stack: (sp=0x00007ffc1e2f2008)
0x00007ffc1e2f2008:   00007f09dad53c17 00007f09daf6a168
0x00007ffc1e2f2018:   00007f09daf6a700 00007f09daf677a8
0x00007ffc1e2f2028:   00007f09d40009a0 00007f09d400b570
0x00007ffc1e2f2038:   00007f09d400cbf0 00007f09d400ba20
0x00007ffc1e2f2048:   00007f09d400d0a0 00007f09d4019ae0
0x00007ffc1e2f2058:   00007f09d4001bd0 00007f09d40014a0
0x00007ffc1e2f2068:   0000000001ca4150 0000000001ca4680
0x00007ffc1e2f2078:   0000000001ca54c0 0000000001ca4ba0
0x00007ffc1e2f2088:   00007f09daf3d000 00007f09daf3eb00
0x00007ffc1e2f2098:   00007f09daf3e618 00007f09d48de700
0x00007ffc1e2f20a8:   00007f09d48ded60 00007f09d48df2f0
0x00007ffc1e2f20b8:   00007f09daf3e000 00007f09daf699d8
0x00007ffc1e2f20c8:   00007f09dad53964 00007ffc1e2f2010
0x00007ffc1e2f20d8:   0000000000000006 00007ffc1e2f2040
0x00007ffc1e2f20e8:   0000000000000001 0000000000000006
0x00007ffc1e2f20f8:   00007ffc1e2f20d0 00000017dab2fc40
0x00007ffc1e2f2108:   00007ffc1e2f2010 0000001700000000
0x00007ffc1e2f2118:   00007f09daf69048 00007ffc1e2f1fe0
0x00007ffc1e2f2128:   0000000000000000 0000000000000001
0x00007ffc1e2f2138:   0000000000000001 0000000000000001
0x00007ffc1e2f2148:   00007f09dab2fc40 0000000000000000
0x00007ffc1e2f2158:   0000000000000000 00007f09dab2e5f8
0x00007ffc1e2f2168:   00007f09da7a4ff8 00000000004007bc
0x00007ffc1e2f2178:   0000000000000000 0000000000400730
0x00007ffc1e2f2188:   0000000000400630 00007ffc1e2f2280
0x00007ffc1e2f2198:   00007f09da7a5045 0000000000400730
0x00007ffc1e2f21a8:   00007f09da78b837 0000000000000000
0x00007ffc1e2f21b8:   00007ffc1e2f2288 00000005daf68ca0
0x00007ffc1e2f21c8:   00000000004005e0 0000000000000000
0x00007ffc1e2f21d8:   1c7d53e7b23c5cec 0000000000400630
0x00007ffc1e2f21e8:   00007ffc1e2f2280 0000000000000000
0x00007ffc1e2f21f8:   0000000000000000 e3856f39ff3c5cec 

Instructions: (pc=0x0000000000046b20)
0x0000000000046b00:   
[error occurred during error reporting (printing registers, top of stack, instructions near pc), id 0xb]

Register to memory mapping:

RAX=
[error occurred during error reporting (printing register info), id 0xb]

Stack: [0x00007ffc1e1f5000,0x00007ffc1e2f5000],  sp=0x00007ffc1e2f2008,  free space=1012k
Native frames: (J=compiled Java code, j=interpreted, Vv=VM code, C=native code)
C  0x0000000000046b20


---------------  P R O C E S S  ---------------

VM state:at safepoint (shutting down)

VM Mutex/Monitor currently owned by a thread:  ([mutex/lock_event])
[0x00007f09d4009dd0] Threads_lock - owner thread: 0x00007f09d407b000

Heap:
 PSYoungGen      total 68608K, used 60739K [0x00000000d6e00000, 0x00000000db600000, 0x0000000100000000)
  eden space 63488K, 87% used [0x00000000d6e00000,0x00000000da458c58,0x00000000dac00000)
  from space 5120K, 99% used [0x00000000db100000,0x00000000db5f8020,0x00000000db600000)
  to   space 5120K, 0% used [0x00000000dac00000,0x00000000dac00000,0x00000000db100000)
 ParOldGen       total 84992K, used 10996K [0x0000000084a00000, 0x0000000089d00000, 0x00000000d6e00000)
  object space 84992K, 12% used [0x0000000084a00000,0x00000000854bd150,0x0000000089d00000)
 Metaspace       used 19333K, capacity 19454K, committed 19712K, reserved 1067008K
  class space    used 2488K, capacity 2527K, committed 2560K, reserved 1048576K

Card table byte_map: [0x00007f09c4024000,0x00007f09c4400000] byte_map_base: 0x00007f09c3bff000

Marking Bits: (ParMarkBitMap*) 0x00007f09da113220
 Begin Bits: [0x00007f09b8250000, 0x00007f09ba128000)
 End Bits:   [0x00007f09ba128000, 0x00007f09bc000000)

Polling page: 0x00007f09daf65000

CodeCache: size=245760Kb used=8036Kb max_used=8075Kb free=237723Kb
 bounds [0x00007f09c47c0000, 0x00007f09c4fb0000, 0x00007f09d37c0000]
 total_blobs=2879 nmethods=2493 adapters=299
 compilation: enabled

Compilation events (10 events):
Event: 4.797 Thread 0x00007f09d40b5000 2493       3       fr.irisa.cairn.jnimap.isl.jni.JNIISLBasicSet::build (9 bytes)
Event: 4.797 Thread 0x00007f09d40b5000 nmethod 2493 0x00007f09c4f7fe10 code [0x00007f09c4f7ff80, 0x00007f09c4f801c8]
Event: 4.797 Thread 0x00007f09d40b5000 2490       3       com.google.inject.internal.InjectorImpl$4$1::<init> (15 bytes)
Event: 4.797 Thread 0x00007f09d40b5000 nmethod 2490 0x00007f09c4f7fa10 code [0x00007f09c4f7fb80, 0x00007f09c4f7fd50]
Event: 4.815 Thread 0x00007f09d40b0800 nmethod 2491 0x00007f09c4f85b50 code [0x00007f09c4f85d80, 0x00007f09c4f86a10]
Event: 4.815 Thread 0x00007f09d40b0800 2492       4       org.eclipse.emf.ecore.util.EcoreEList::resolve (126 bytes)
Event: 4.816 Thread 0x00007f09d40b0800 nmethod 2492 0x00007f09c4f80b90 code [0x00007f09c4f80ce0, 0x00007f09c4f80d98]
Event: 4.816 Thread 0x00007f09d40b0800 2494       4       org.polymodel.polyhedralIR.util.PolyhedralIRVariable::equals (40 bytes)
Event: 4.816 Thread 0x00007f09d40b0800 nmethod 2494 0x00007f09c4f616d0 code [0x00007f09c4f61820, 0x00007f09c4f618b8]
Event: 5.287 Thread 0x00007f09d40b3800 nmethod 2478 0x00007f09c4f91450 code [0x00007f09c4f92060, 0x00007f09c4f9a810]

GC Heap History (8 events):
Event: 2.766 GC heap before
{Heap before GC invocations=1 (full 0):
 PSYoungGen      total 36864K, used 31744K [0x00000000d6e00000, 0x00000000d9700000, 0x0000000100000000)
  eden space 31744K, 100% used [0x00000000d6e00000,0x00000000d8d00000,0x00000000d8d00000)
  from space 5120K, 0% used [0x00000000d9200000,0x00000000d9200000,0x00000000d9700000)
  to   space 5120K, 0% used [0x00000000d8d00000,0x00000000d8d00000,0x00000000d9200000)
 ParOldGen       total 84992K, used 0K [0x0000000084a00000, 0x0000000089d00000, 0x00000000d6e00000)
  object space 84992K, 0% used [0x0000000084a00000,0x0000000084a00000,0x0000000089d00000)
 Metaspace       used 6659K, capacity 6774K, committed 7040K, reserved 1056768K
  class space    used 737K, capacity 787K, committed 896K, reserved 1048576K
Event: 2.783 GC heap after
Heap after GC invocations=1 (full 0):
 PSYoungGen      total 36864K, used 5113K [0x00000000d6e00000, 0x00000000d9700000, 0x0000000100000000)
  eden space 31744K, 0% used [0x00000000d6e00000,0x00000000d6e00000,0x00000000d8d00000)
  from space 5120K, 99% used [0x00000000d8d00000,0x00000000d91fe420,0x00000000d9200000)
  to   space 5120K, 0% used [0x00000000d9200000,0x00000000d9200000,0x00000000d9700000)
 ParOldGen       total 84992K, used 927K [0x0000000084a00000, 0x0000000089d00000, 0x00000000d6e00000)
  object space 84992K, 1% used [0x0000000084a00000,0x0000000084ae7f20,0x0000000089d00000)
 Metaspace       used 6659K, capacity 6774K, committed 7040K, reserved 1056768K
  class space    used 737K, capacity 787K, committed 896K, reserved 1048576K
}
Event: 3.271 GC heap before
{Heap before GC invocations=2 (full 0):
 PSYoungGen      total 36864K, used 36857K [0x00000000d6e00000, 0x00000000d9700000, 0x0000000100000000)
  eden space 31744K, 100% used [0x00000000d6e00000,0x00000000d8d00000,0x00000000d8d00000)
  from space 5120K, 99% used [0x00000000d8d00000,0x00000000d91fe420,0x00000000d9200000)
  to   space 5120K, 0% used [0x00000000d9200000,0x00000000d9200000,0x00000000d9700000)
 ParOldGen       total 84992K, used 927K [0x0000000084a00000, 0x0000000089d00000, 0x00000000d6e00000)
  object space 84992K, 1% used [0x0000000084a00000,0x0000000084ae7f20,0x0000000089d00000)
 Metaspace       used 10475K, capacity 10588K, committed 10880K, reserved 1058816K
  class space    used 1303K, capacity 1332K, committed 1408K, reserved 1048576K
Event: 3.304 GC heap after
Heap after GC invocations=2 (full 0):
 PSYoungGen      total 36864K, used 5088K [0x00000000d6e00000, 0x00000000db600000, 0x0000000100000000)
  eden space 31744K, 0% used [0x00000000d6e00000,0x00000000d6e00000,0x00000000d8d00000)
  from space 5120K, 99% used [0x00000000d9200000,0x00000000d96f8020,0x00000000d9700000)
  to   space 5120K, 0% used [0x00000000d8d00000,0x00000000d8d00000,0x00000000d9200000)
 ParOldGen       total 84992K, used 4484K [0x0000000084a00000, 0x0000000089d00000, 0x00000000d6e00000)
  object space 84992K, 5% used [0x0000000084a00000,0x0000000084e61038,0x0000000089d00000)
 Metaspace       used 10475K, capacity 10588K, committed 10880K, reserved 1058816K
  class space    used 1303K, capacity 1332K, committed 1408K, reserved 1048576K
}
Event: 3.631 GC heap before
{Heap before GC invocations=3 (full 0):
 PSYoungGen      total 36864K, used 36832K [0x00000000d6e00000, 0x00000000db600000, 0x0000000100000000)
  eden space 31744K, 100% used [0x00000000d6e00000,0x00000000d8d00000,0x00000000d8d00000)
  from space 5120K, 99% used [0x00000000d9200000,0x00000000d96f8020,0x00000000d9700000)
  to   space 5120K, 0% used [0x00000000d8d00000,0x00000000d8d00000,0x00000000d9200000)
 ParOldGen       total 84992K, used 4484K [0x0000000084a00000, 0x0000000089d00000, 0x00000000d6e00000)
  object space 84992K, 5% used [0x0000000084a00000,0x0000000084e61038,0x0000000089d00000)
 Metaspace       used 12617K, capacity 12730K, committed 12928K, reserved 1060864K
  class space    used 1603K, capacity 1657K, committed 1664K, reserved 1048576K
Event: 3.643 GC heap after
Heap after GC invocations=3 (full 0):
 PSYoungGen      total 36864K, used 5088K [0x00000000d6e00000, 0x00000000db600000, 0x0000000100000000)
  eden space 31744K, 0% used [0x00000000d6e00000,0x00000000d6e00000,0x00000000d8d00000)
  from space 5120K, 99% used [0x00000000d8d00000,0x00000000d91f8020,0x00000000d9200000)
  to   space 5120K, 0% used [0x00000000db100000,0x00000000db100000,0x00000000db600000)
 ParOldGen       total 84992K, used 7914K [0x0000000084a00000, 0x0000000089d00000, 0x00000000d6e00000)
  object space 84992K, 9% used [0x0000000084a00000,0x00000000851ba800,0x0000000089d00000)
 Metaspace       used 12617K, capacity 12730K, committed 12928K, reserved 1060864K
  class space    used 1603K, capacity 1657K, committed 1664K, reserved 1048576K
}
Event: 3.960 GC heap before
{Heap before GC invocations=4 (full 0):
 PSYoungGen      total 36864K, used 36832K [0x00000000d6e00000, 0x00000000db600000, 0x0000000100000000)
  eden space 31744K, 100% used [0x00000000d6e00000,0x00000000d8d00000,0x00000000d8d00000)
  from space 5120K, 99% used [0x00000000d8d00000,0x00000000d91f8020,0x00000000d9200000)
  to   space 5120K, 0% used [0x00000000db100000,0x00000000db100000,0x00000000db600000)
 ParOldGen       total 84992K, used 7914K [0x0000000084a00000, 0x0000000089d00000, 0x00000000d6e00000)
  object space 84992K, 9% used [0x0000000084a00000,0x00000000851ba800,0x0000000089d00000)
 Metaspace       used 15177K, capacity 15270K, committed 15616K, reserved 1062912K
  class space    used 1987K, capacity 2011K, committed 2048K, reserved 1048576K
Event: 3.985 GC heap after
Heap after GC invocations=4 (full 0):
 PSYoungGen      total 68608K, used 5088K [0x00000000d6e00000, 0x00000000db600000, 0x0000000100000000)
  eden space 63488K, 0% used [0x00000000d6e00000,0x00000000d6e00000,0x00000000dac00000)
  from space 5120K, 99% used [0x00000000db100000,0x00000000db5f8020,0x00000000db600000)
  to   space 5120K, 0% used [0x00000000dac00000,0x00000000dac00000,0x00000000db100000)
 ParOldGen       total 84992K, used 10996K [0x0000000084a00000, 0x0000000089d00000, 0x00000000d6e00000)
  object space 84992K, 12% used [0x0000000084a00000,0x00000000854bd150,0x0000000089d00000)
 Metaspace       used 15177K, capacity 15270K, committed 15616K, reserved 1062912K
  class space    used 1987K, capacity 2011K, committed 2048K, reserved 1048576K
}

Deoptimization events (10 events):
Event: 4.430 Thread 0x00007f09d400d800 Uncommon trap: reason=bimorphic action=maybe_recompile pc=0x00007f09c4cfe2d0 method=org.eclipse.emf.ecore.util.EContentsEList$FeatureIteratorImpl.hasNext()Z @ 279
Event: 4.430 Thread 0x00007f09d400d800 Uncommon trap: reason=bimorphic action=maybe_recompile pc=0x00007f09c4cfe2d0 method=org.eclipse.emf.ecore.util.EContentsEList$FeatureIteratorImpl.hasNext()Z @ 279
Event: 4.564 Thread 0x00007f09d400d800 Uncommon trap: reason=class_check action=maybe_recompile pc=0x00007f09c4c057c4 method=java.lang.reflect.Method.equals(Ljava/lang/Object;)Z @ 5
Event: 4.565 Thread 0x00007f09d400d800 Uncommon trap: reason=class_check action=maybe_recompile pc=0x00007f09c4c057c4 method=java.lang.reflect.Method.equals(Ljava/lang/Object;)Z @ 5
Event: 4.583 Thread 0x00007f09d400d800 Uncommon trap: reason=unstable_if action=reinterpret pc=0x00007f09c4e6f480 method=org.eclipse.emf.common.notify.impl.BasicNotifierImpl.eBasicHasAdapters()Z @ 6
Event: 4.593 Thread 0x00007f09d400d800 Uncommon trap: reason=class_check action=maybe_recompile pc=0x00007f09c4cfe0c8 method=org.eclipse.emf.ecore.util.EContentsEList$FeatureIteratorImpl.hasNext()Z @ 584
Event: 4.593 Thread 0x00007f09d400d800 Uncommon trap: reason=class_check action=maybe_recompile pc=0x00007f09c4cfe0c8 method=org.eclipse.emf.ecore.util.EContentsEList$FeatureIteratorImpl.hasNext()Z @ 584
Event: 4.704 Thread 0x00007f09d400d800 Uncommon trap: reason=bimorphic action=maybe_recompile pc=0x00007f09c4cfe2d0 method=org.eclipse.emf.ecore.util.EContentsEList$FeatureIteratorImpl.hasNext()Z @ 279
Event: 4.704 Thread 0x00007f09d400d800 Uncommon trap: reason=bimorphic action=maybe_recompile pc=0x00007f09c4cfe2d0 method=org.eclipse.emf.ecore.util.EContentsEList$FeatureIteratorImpl.hasNext()Z @ 279
Event: 23029.238 Thread 0x00007f09d400d800 Uncommon trap: reason=null_check action=make_not_entrant pc=0x00007f09c4e35dec method=java.lang.StringCoding.deref(Ljava/lang/ThreadLocal;)Ljava/lang/Object; @ 4

Internal exceptions (10 events):
Event: 22972.190 Thread 0x00007f09d400d800 Exception <a 'java/io/IOException'> (0x00000000da2b08e8) thrown at [/build/openjdk-8-YiEakL/openjdk-8-8u121-b13/src/hotspot/src/share/vm/prims/jni.cpp, line 709]
Event: 22972.273 Thread 0x00007f09d400d800 Exception <a 'java/io/IOException'> (0x00000000da2b0b80) thrown at [/build/openjdk-8-YiEakL/openjdk-8-8u121-b13/src/hotspot/src/share/vm/prims/jni.cpp, line 709]
Event: 22972.273 Thread 0x00007f09d400d800 Exception <a 'java/io/IOException'> (0x00000000da2b0de8) thrown at [/build/openjdk-8-YiEakL/openjdk-8-8u121-b13/src/hotspot/src/share/vm/prims/jni.cpp, line 709]
Event: 22983.964 Thread 0x00007f09d400d800 Exception <a 'java/io/IOException'> (0x00000000da2b15d8) thrown at [/build/openjdk-8-YiEakL/openjdk-8-8u121-b13/src/hotspot/src/share/vm/prims/jni.cpp, line 709]
Event: 22983.964 Thread 0x00007f09d400d800 Exception <a 'java/io/IOException'> (0x00000000da2b1870) thrown at [/build/openjdk-8-YiEakL/openjdk-8-8u121-b13/src/hotspot/src/share/vm/prims/jni.cpp, line 709]
Event: 22983.964 Thread 0x00007f09d400d800 Exception <a 'java/io/IOException'> (0x00000000da2b1ad8) thrown at [/build/openjdk-8-YiEakL/openjdk-8-8u121-b13/src/hotspot/src/share/vm/prims/jni.cpp, line 709]
Event: 22984.194 Thread 0x00007f09d400d800 Exception <a 'java/io/IOException'> (0x00000000da2b2090) thrown at [/build/openjdk-8-YiEakL/openjdk-8-8u121-b13/src/hotspot/src/share/vm/prims/jni.cpp, line 709]
Event: 22984.194 Thread 0x00007f09d400d800 Exception <a 'java/io/IOException'> (0x00000000da2b2328) thrown at [/build/openjdk-8-YiEakL/openjdk-8-8u121-b13/src/hotspot/src/share/vm/prims/jni.cpp, line 709]
Event: 22984.194 Thread 0x00007f09d400d800 Exception <a 'java/io/IOException'> (0x00000000da2b2590) thrown at [/build/openjdk-8-YiEakL/openjdk-8-8u121-b13/src/hotspot/src/share/vm/prims/jni.cpp, line 709]
Event: 23028.622 Thread 0x00007f09d400d800 Implicit null exception at 0x00007f09c4e357cd to 0x00007f09c4e35dd5

Events (10 events):
Event: 22986.872 Thread 0x00007f09d400d800 Thread exited: 0x00007f09d400d800
Event: 22987.543 Thread 0x00007f09d400d800 Thread added: 0x00007f09d400d800
Event: 22990.148 loading class java/util/IdentityHashMap$KeyIterator
Event: 22992.159 loading class java/util/IdentityHashMap$KeyIterator done
Event: 22992.802 Thread 0x00007f09d4b1b800 Thread added: 0x00007f09d4b1b800
Event: 23011.013 Thread 0x00007f09d4b1b800 Thread exited: 0x00007f09d4b1b800
Event: 23028.846 Thread 0x00007f09d400d800 Uncommon trap: trap_request=0xfffffff4 fr.pc=0x00007f09c4e35dec
Event: 23029.416 Thread 0x00007f09d400d800 DEOPT PACKING pc=0x00007f09c4e35dec sp=0x00007f09daf381c0
Event: 23029.416 Thread 0x00007f09d400d800 DEOPT UNPACKING pc=0x00007f09c47c4f69 sp=0x00007f09daf380c0 mode 2
Event: 23034.190 Thread 0x00007f09d400d800 Thread exited: 0x00007f09d400d800


Dynamic libraries:
00400000-00401000 r-xp 00000000 08:09 7087821                            /usr/lib/jvm/java-8-openjdk-amd64/jre/bin/java
00600000-00601000 r--p 00000000 08:09 7087821                            /usr/lib/jvm/java-8-openjdk-amd64/jre/bin/java
00601000-00602000 rw-p 00001000 08:09 7087821                            /usr/lib/jvm/java-8-openjdk-amd64/jre/bin/java
01ca4000-01cc5000 rw-p 00000000 00:00 0                                  [heap]
84a00000-89d00000 rw-p 00000000 00:00 0 
89d00000-d6e00000 ---p 00000000 00:00 0 
d6e00000-db600000 rw-p 00000000 00:00 0 
db600000-100000000 ---p 00000000 00:00 0 
100000000-100280000 rw-p 00000000 00:00 0 
100280000-140000000 ---p 00000000 00:00 0 
7f0978000000-7f0978021000 rw-p 00000000 00:00 0 
7f0978021000-7f097c000000 ---p 00000000 00:00 0 
7f097c000000-7f097c021000 rw-p 00000000 00:00 0 
7f097c021000-7f0980000000 ---p 00000000 00:00 0 
7f098391b000-7f098391e000 ---p 00000000 00:00 0 
7f098391e000-7f0983a1c000 rw-p 00000000 00:00 0 
7f0983a1c000-7f0983a91000 r-xp 00000000 08:09 26877614                   /home/hrishi/workspace/Console/.jnimap.temp.linux_64/libgmp.so.10 (deleted)
7f0983a91000-7f0983c90000 ---p 00075000 08:09 26877614                   /home/hrishi/workspace/Console/.jnimap.temp.linux_64/libgmp.so.10 (deleted)
7f0983c90000-7f0983c92000 rw-p 00074000 08:09 26877614                   /home/hrishi/workspace/Console/.jnimap.temp.linux_64/libgmp.so.10 (deleted)
7f0983c92000-7f0983dfa000 r-xp 00000000 08:09 26877613                   /home/hrishi/workspace/Console/.jnimap.temp.linux_64/libisl.so.13 (deleted)
7f0983dfa000-7f0983ff9000 ---p 00168000 08:09 26877613                   /home/hrishi/workspace/Console/.jnimap.temp.linux_64/libisl.so.13 (deleted)
7f0983ff9000-7f0984000000 rw-p 00167000 08:09 26877613                   /home/hrishi/workspace/Console/.jnimap.temp.linux_64/libisl.so.13 (deleted)
7f0984000000-7f0984021000 rw-p 00000000 00:00 0 
7f0984021000-7f0988000000 ---p 00000000 00:00 0 
7f0988000000-7f0988021000 rw-p 00000000 00:00 0 
7f0988021000-7f098c000000 ---p 00000000 00:00 0 
7f098c000000-7f098c57c000 rw-p 00000000 00:00 0 
7f098c57c000-7f0990000000 ---p 00000000 00:00 0 
7f0990000000-7f0990021000 rw-p 00000000 00:00 0 
7f0990021000-7f0994000000 ---p 00000000 00:00 0 
7f0994000000-7f0994878000 rw-p 00000000 00:00 0 
7f0994878000-7f0998000000 ---p 00000000 00:00 0 
7f0998000000-7f099936f000 rw-p 00000000 00:00 0 
7f099936f000-7f099c000000 ---p 00000000 00:00 0 
7f099c000000-7f099c021000 rw-p 00000000 00:00 0 
7f099c021000-7f09a0000000 ---p 00000000 00:00 0 
7f09a0000000-7f09a0021000 rw-p 00000000 00:00 0 
7f09a0021000-7f09a4000000 ---p 00000000 00:00 0 
7f09a4000000-7f09a4021000 rw-p 00000000 00:00 0 
7f09a4021000-7f09a8000000 ---p 00000000 00:00 0 
7f09a8000000-7f09a8021000 rw-p 00000000 00:00 0 
7f09a8021000-7f09ac000000 ---p 00000000 00:00 0 
7f09ac000000-7f09ac021000 rw-p 00000000 00:00 0 
7f09ac021000-7f09b0000000 ---p 00000000 00:00 0 
7f09b0000000-7f09b0021000 rw-p 00000000 00:00 0 
7f09b0021000-7f09b4000000 ---p 00000000 00:00 0 
7f09b4000000-7f09b4021000 rw-p 00000000 00:00 0 
7f09b4021000-7f09b8000000 ---p 00000000 00:00 0 
7f09b8050000-7f09b8110000 rw-p 00000000 00:00 0 
7f09b8110000-7f09b8250000 ---p 00000000 00:00 0 
7f09b8250000-7f09bc000000 rw-p 00000000 00:00 0 
7f09bc000000-7f09bc021000 rw-p 00000000 00:00 0 
7f09bc021000-7f09c0000000 ---p 00000000 00:00 0 
7f09c0088000-7f09c010d000 r-xp 00000000 08:09 26877615                   /home/hrishi/workspace/Console/.jnimap.temp.linux_64/linux_64_libjniisl.so (deleted)
7f09c010d000-7f09c030c000 ---p 00085000 08:09 26877615                   /home/hrishi/workspace/Console/.jnimap.temp.linux_64/linux_64_libjniisl.so (deleted)
7f09c030c000-7f09c030f000 rw-p 00084000 08:09 26877615                   /home/hrishi/workspace/Console/.jnimap.temp.linux_64/linux_64_libjniisl.so (deleted)
7f09c030f000-7f09c050f000 rw-p 00000000 00:00 0 
7f09c050f000-7f09c070f000 rw-p 00000000 00:00 0 
7f09c070f000-7f09c090f000 rw-p 00000000 00:00 0 
7f09c090f000-7f09c0912000 ---p 00000000 00:00 0 
7f09c0912000-7f09c0c10000 rw-p 00000000 00:00 0 
7f09c0c10000-7f09c0c13000 ---p 00000000 00:00 0 
7f09c0c13000-7f09c0d11000 rw-p 00000000 00:00 0 
7f09c0d11000-7f09c0d14000 r--s 00015000 08:09 7085469                    /usr/lib/jvm/java-8-openjdk-amd64/jre/lib/jce.jar
7f09c0d14000-7f09c0d18000 r--s 0009a000 08:09 7085467                    /usr/lib/jvm/java-8-openjdk-amd64/jre/lib/jsse.jar
7f09c0d18000-7f09c0d1b000 r--s 00014000 08:09 26516293                   /home/hrishi/.eclipse/org.eclipse.platform_4.6.0_1473617060_linux_gtk_x86_64/plugins/fr.irisa.r2d2.parser.runtime_1.0.0.201612051604.jar
7f09c0d1b000-7f09c0d23000 r--s 0003c000 08:09 26516292                   /home/hrishi/.eclipse/org.eclipse.platform_4.6.0_1473617060_linux_gtk_x86_64/plugins/fr.irisa.r2d2.gecos.framework_1.0.0.201612051604.jar
7f09c0d23000-7f09c0d2d000 r--s 0006c000 08:09 26516357                   /home/hrishi/.eclipse/org.eclipse.platform_4.6.0_1473617060_linux_gtk_x86_64/plugins/org.eclipse.xtext.common.types_2.10.0.v201605250459.jar
7f09c0d2d000-7f09c0d5d000 r--s 0044d000 08:09 26516369                   /home/hrishi/.eclipse/org.eclipse.platform_4.6.0_1473617060_linux_gtk_x86_64/plugins/org.eclipse.xtext.xbase_2.10.0.v201605250459.jar
7f09c0d5d000-7f09c0d60000 r--s 0000f000 08:09 26516352                   /home/hrishi/.eclipse/org.eclipse.platform_4.6.0_1473617060_linux_gtk_x86_64/plugins/org.eclipse.xtend.lib.macro_2.10.0.v201605250459.jar
7f09c0d60000-7f09c0d64000 r--s 00035000 08:09 26516351                   /home/hrishi/.eclipse/org.eclipse.platform_4.6.0_1473617060_linux_gtk_x86_64/plugins/org.eclipse.xtend.lib_2.10.0.v201605250459.jar
7f09c0d64000-7f09c0d65000 r--s 00001000 08:09 26516354                   /home/hrishi/.eclipse/org.eclipse.platform_4.6.0_1473617060_linux_gtk_x86_64/plugins/org.eclipse.xtend2.lib_2.10.0.v201605250459.jar
7f09c0d65000-7f09c0d6b000 r--s 0003f000 08:09 26516368                   /home/hrishi/.eclipse/org.eclipse.platform_4.6.0_1473617060_linux_gtk_x86_64/plugins/org.eclipse.xtext.util_2.10.0.v201605250459.jar
7f09c0d6b000-7f09c0d9c000 r--s 0024b000 08:09 26516355                   /home/hrishi/.eclipse/org.eclipse.platform_4.6.0_1473617060_linux_gtk_x86_64/plugins/org.eclipse.xtext_2.10.0.v201605250459.jar
7f09c0d9c000-7f09c0da4000 r--s 00061000 08:09 26516277                   /home/hrishi/.eclipse/org.eclipse.platform_4.6.0_1473617060_linux_gtk_x86_64/plugins/edu.csu.melange.alphabets_0.9.6.201612051604.jar
7f09c0da4000-7f09c0da5000 r--s 00008000 08:09 26516336                   /home/hrishi/.eclipse/org.eclipse.platform_4.6.0_1473617060_linux_gtk_x86_64/plugins/org.polymodel.scop.cgenerator2_1.0.0.201612051604.jar
7f09c0da5000-7f09c0da8000 r--s 00024000 08:09 26516337                   /home/hrishi/.eclipse/org.eclipse.platform_4.6.0_1473617060_linux_gtk_x86_64/plugins/org.polymodel.scop.dtiler_1.0.0.201612051604.jar
7f09c0da8000-7f09c0da9000 r--s 00001000 08:09 26516335                   /home/hrishi/.eclipse/org.eclipse.platform_4.6.0_1473617060_linux_gtk_x86_64/plugins/org.polymodel.scop.bridge.clast_1.0.0.201612051604.jar
7f09c0da9000-7f09c0dae000 r--s 0002a000 08:09 26516334                   /home/hrishi/.eclipse/org.eclipse.platform_4.6.0_1473617060_linux_gtk_x86_64/plugins/org.polymodel.scop_1.0.0.201612051604.jar
7f09c0dae000-7f09c0dc1000 r--s 0012e000 08:09 26516300                   /home/hrishi/.eclipse/org.eclipse.platform_4.6.0_1473617060_linux_gtk_x86_64/plugins/org.polymodel.polyhedralIR.codegen_1.0.0.201612051604.jar
7f09c0dc1000-7f09c0dc4000 r--s 008e1000 08:09 26516287                   /home/hrishi/.eclipse/org.eclipse.platform_4.6.0_1473617060_linux_gtk_x86_64/plugins/fr.irisa.cairn.jnimap.cloog_1.0.0.201612051604.jar
7f09c0dc4000-7f09c0dc8000 r--s 00031000 08:09 26516341                   /home/hrishi/.eclipse/org.eclipse.platform_4.6.0_1473617060_linux_gtk_x86_64/plugins/org.antlr.runtime_3.2.0.v201101311130.jar
7f09c0dc8000-7f09c0dc9000 r--s 00011000 08:09 10748494                   /opt/eclipse/plugins/org.apache.commons.logging_1.1.1.v201101211721.jar
7f09c0dc9000-7f09c0dd1000 r--s 0005e000 08:09 10748531                   /opt/eclipse/plugins/org.apache.log4j_1.2.15.v201012070815.jar
7f09c0dd1000-7f09c0dd3000 r--s 00008000 08:09 26516346                   /home/hrishi/.eclipse/org.eclipse.platform_4.6.0_1473617060_linux_gtk_x86_64/plugins/org.eclipse.emf.mwe.utils_1.3.20.v201605261103.jar
7f09c0dd3000-7f09c0dd4000 r--s 00003000 08:09 26516348                   /home/hrishi/.eclipse/org.eclipse.platform_4.6.0_1473617060_linux_gtk_x86_64/plugins/org.eclipse.emf.mwe2.runtime_2.9.0.v201605261103.jar
7f09c0dd4000-7f09c0dd5000 r--s 0000b000 08:09 26516339                   /home/hrishi/.eclipse/org.eclipse.platform_4.6.0_1473617060_linux_gtk_x86_64/plugins/org.apache.commons.cli_1.2.0.v201404270220.jar
7f09c0dd5000-7f09c0ddb000 r--s 0002a000 08:09 26516345                   /home/hrishi/.eclipse/org.eclipse.platform_4.6.0_1473617060_linux_gtk_x86_64/plugins/org.eclipse.emf.mwe.core_1.3.20.v201605261103.jar
7f09c0ddb000-7f09c0ddd000 r--s 00009000 08:09 26516279                   /home/hrishi/.eclipse/org.eclipse.platform_4.6.0_1473617060_linux_gtk_x86_64/plugins/edu.csu.melange.affineLattice_1.0.0.jar
7f09c0ddd000-7f09c0ddf000 r--s 00000000 08:09 26516338                   /home/hrishi/.eclipse/org.eclipse.platform_4.6.0_1473617060_linux_gtk_x86_64/plugins/tom.mapping_1.0.0.201612051604.jar
7f09c0ddf000-7f09c0de6000 r--s 0004d000 08:09 26516333                   /home/hrishi/.eclipse/org.eclipse.platform_4.6.0_1473617060_linux_gtk_x86_64/plugins/org.polymodel.prdg.scheduling_1.0.0.201612051604.jar
7f09c0de6000-7f09c0de9000 r--s 0001f000 08:09 26516370                   /home/hrishi/.eclipse/org.eclipse.platform_4.6.0_1473617060_linux_gtk_x86_64/plugins/org.eclipse.xtext.xbase.lib_2.10.0.v201605250459.jar
7f09c0de9000-7f09c0deb000 r--s 00004000 08:09 26516299                   /home/hrishi/.eclipse/org.eclipse.platform_4.6.0_1473617060_linux_gtk_x86_64/plugins/org.polymodel.matrix_1.0.0.201612051604.jar
7f09c0deb000-7f09c0ded000 r--s 00005000 08:09 26516332                   /home/hrishi/.eclipse/org.eclipse.platform_4.6.0_1473617060_linux_gtk_x86_64/plugins/org.polymodel.prdg.adapter_1.0.0.201612051604.jar
7f09c0ded000-7f09c0def000 r--s 00009000 08:09 26516301                   /home/hrishi/.eclipse/org.eclipse.platform_4.6.0_1473617060_linux_gtk_x86_64/plugins/org.polymodel.prdg_1.0.0.201612051604.jar
7f09c0def000-7f09c0df1000 r--s 00013000 08:09 26516297                   /home/hrishi/.eclipse/org.eclipse.platform_4.6.0_1473617060_linux_gtk_x86_64/plugins/org.polymodel.isl_1.0.0.201612051604.jar
7f09c0df1000-7f09c0dfb000 r--s 000a4000 08:09 26516295                   /home/hrishi/.eclipse/org.eclipse.platform_4.6.0_1473617060_linux_gtk_x86_64/plugins/org.polymodel.algebra_1.0.0.201612051604.jar
7f09c0dfb000-7f09c0dfe000 r--s 0002b000 08:09 26516294                   /home/hrishi/.eclipse/org.eclipse.platform_4.6.0_1473617060_linux_gtk_x86_64/plugins/org.polymodel_1.0.0.201612051604.jar
7f09c0dfe000-7f09c0e28000 r--s 001ff000 08:09 10749007                   /opt/eclipse/plugins/com.google.guava_15.0.0.v201403281430.jar
7f09c0e28000-7f09c0e29000 r--s 0000f000 08:09 28708338                   /home/hrishi/.eclipse/org.eclipse.platform_4.6.0_1473617060_linux_gtk_x86_64/plugins/fr.irisa.cairn.tools_1.0.0.201612051604/lib/javatuples-1.2.jar
7f09c0e29000-7f09c0e2a000 r--s 0000b000 08:09 28708337                   /home/hrishi/.eclipse/org.eclipse.platform_4.6.0_1473617060_linux_gtk_x86_64/plugins/fr.irisa.cairn.tools_1.0.0.201612051604/lib/javatuples-1.2-sources.jar
7f09c0e2a000-7f09c0e2d000 r--s 00037000 08:09 28708336                   /home/hrishi/.eclipse/org.eclipse.platform_4.6.0_1473617060_linux_gtk_x86_64/plugins/fr.irisa.cairn.tools_1.0.0.201612051604/lib/javatuples-1.2-javadoc.jar
7f09c0e2d000-7f09c0e2e000 r--s 00000000 08:09 26516289                   /home/hrishi/.eclipse/org.eclipse.platform_4.6.0_1473617060_linux_gtk_x86_64/plugins/fr.irisa.cairn.jnimap.runtime_1.0.0.201612051604.jar
7f09c0e2e000-7f09c0e33000 r--s 00b6c000 08:09 26516288                   /home/hrishi/.eclipse/org.eclipse.platform_4.6.0_1473617060_linux_gtk_x86_64/plugins/fr.irisa.cairn.jnimap.isl_2.1.0.201612051604.jar
7f09c0e33000-7f09c0e35000 r--s 00007000 08:09 26516286                   /home/hrishi/.eclipse/org.eclipse.platform_4.6.0_1473617060_linux_gtk_x86_64/plugins/fr.irisa.cairn.graph.guice_1.0.0.201612051604.jar
7f09c0e35000-7f09c0e37000 r--s 00009000 08:09 10748202                   /opt/eclipse/plugins/com.google.inject.multibindings_3.0.0.v201605172100.jar
7f09c0e37000-7f09c0e42000 r--s 00077000 08:09 10748760                   /opt/eclipse/plugins/com.google.inject_3.0.0.v201605172100.jar
7f09c0e42000-7f09c0e5a000 r--s 0015b000 08:09 28061747                   /home/hrishi/.eclipse/org.eclipse.platform_4.6.0_1473617060_linux_gtk_x86_64/plugins/fr.irisa.cairn.graph_1.0.0.201612051604/lib/jgrapht-ext-0.9.1-uber.jar
7f09c0e5a000-7f09c0e8a000 rw-p 00000000 00:00 0 
7f09c0e8a000-7f09c0fba000 r--s 010bc000 08:09 28708362                   /home/hrishi/.eclipse/org.eclipse.platform_4.6.0_1473617060_linux_gtk_x86_64/plugins/fr.irisa.cairn.eclipse.tom_2.10.0.201612051604/libs/aircube-bundle.jar
7f09c0fba000-7f09c0fbe000 r--s 00035000 08:09 10748985                   /opt/eclipse/plugins/org.eclipse.emf.ecore.xmi_2.12.0.v20160420-0247.jar
7f09c0fbe000-7f09c0fc5000 r--s 00051000 08:09 10748503                   /opt/eclipse/plugins/org.eclipse.emf.common_2.12.0.v20160420-0247.jar
7f09c0fc5000-7f09c0fd7000 r--s 00111000 08:09 10748217                   /opt/eclipse/plugins/org.eclipse.emf.ecore_2.12.0.v20160420-0247.jar
7f09c0fd7000-7f09c0fdc000 r--s 00030000 08:09 10748396                   /opt/eclipse/plugins/org.eclipse.ui.console_3.6.200.v20160518-1858.jar
7f09c0fdc000-7f09c0fdd000 r--s 00002000 08:09 10748530                   /opt/eclipse/plugins/org.eclipse.e4.ui.workbench3_0.13.100.v20160506-0759.jar
7f09c0fdd000-7f09c101f000 r--s 00398000 08:09 10748311                   /opt/eclipse/plugins/org.eclipse.ui.workbench_3.108.0.v20160602-1232.jar
7f09c101f000-7f09c1023000 r--s 00019000 08:09 10748602                   /opt/eclipse/plugins/org.eclipse.core.commands_3.8.0.v20160316-1921.jar
7f09c1023000-7f09c1035000 r--s 000f8000 08:09 10748780                   /opt/eclipse/plugins/org.eclipse.jface_3.12.0.v20160518-1929.jar
7f09c1035000-7f09c104a000 r--s 0028f000 08:09 10748863                   /opt/eclipse/plugins/org.eclipse.swt.gtk.linux.x86_64_3.105.0.v20160603-0902.jar
7f09c104a000-7f09c1053000 r--s 00058000 08:09 10748604                   /opt/eclipse/plugins/org.eclipse.ui_3.108.0.v20160518-1929.jar
7f09c1053000-7f09c1055000 r--s 00014000 08:09 10748222                   /opt/eclipse/plugins/org.eclipse.equinox.app_1.3.400.v20150715-1528.jar
7f09c1055000-7f09c1057000 r--s 00017000 08:09 10748774                   /opt/eclipse/plugins/org.eclipse.core.contenttype_3.5.100.v20160418-1621.jar
7f09c1057000-7f09c105a000 r--s 0001e000 08:09 10748508                   /opt/eclipse/plugins/org.eclipse.equinox.preferences_3.6.0.v20160120-1756.jar
7f09c105a000-7f09c105e000 r--s 0002a000 08:09 10749014                   /opt/eclipse/plugins/org.eclipse.equinox.registry_3.6.100.v20160223-2218.jar
7f09c105e000-7f09c1061000 r--s 00019000 08:09 10748931                   /opt/eclipse/plugins/org.eclipse.core.jobs_3.8.0.v20160509-0411.jar
7f09c1061000-7f09c1064000 r--s 0001b000 08:09 10748983                   /opt/eclipse/plugins/org.eclipse.equinox.common_3.8.0.v20160509-1230.jar
7f09c1064000-7f09c1067000 r--s 00039000 08:09 10748174                   /opt/eclipse/plugins/org.eclipse.osgi.compatibility.state_1.0.200.v20160504-1419.jar
7f09c1067000-7f09c107c000 r--s 0013d000 08:09 10748755                   /opt/eclipse/plugins/org.eclipse.osgi_3.11.0.v20160603-1336.jar
7f09c107c000-7f09c107e000 r--s 00003000 08:09 10748526                   /opt/eclipse/plugins/javax.inject_1.0.0.v20091030.jar
7f09c107e000-7f09c1082000 r--s 00037000 08:09 7085460                    /usr/lib/jvm/java-8-openjdk-amd64/jre/lib/ext/sunpkcs11.jar
7f09c1082000-7f09c1085000 r--s 0000f000 08:09 7085457                    /usr/lib/jvm/java-8-openjdk-amd64/jre/lib/ext/icedtea-sound.jar
7f09c1085000-7f09c108f000 r--s 00116000 08:09 7085461                    /usr/lib/jvm/java-8-openjdk-amd64/jre/lib/ext/localedata.jar
7f09c108f000-7f09c1094000 r--s 0003b000 08:09 7085462                    /usr/lib/jvm/java-8-openjdk-amd64/jre/lib/ext/sunjce_provider.jar
7f09c1094000-7f09c10af000 r--s 001d6000 08:09 7085455                    /usr/lib/jvm/java-8-openjdk-amd64/jre/lib/ext/nashorn.jar
7f09c10af000-7f09c10b0000 ---p 00000000 00:00 0 
7f09c10b0000-7f09c11b0000 rw-p 00000000 00:00 0 
7f09c11b0000-7f09c11b3000 ---p 00000000 00:00 0 
7f09c11b3000-7f09c12b1000 rw-p 00000000 00:00 0 
7f09c12b1000-7f09c12b4000 ---p 00000000 00:00 0 
7f09c12b4000-7f09c13b2000 rw-p 00000000 00:00 0 
7f09c13b2000-7f09c13b5000 ---p 00000000 00:00 0 
7f09c13b5000-7f09c14b3000 rw-p 00000000 00:00 0 
7f09c14b3000-7f09c14b6000 ---p 00000000 00:00 0 
7f09c14b6000-7f09c15b4000 rw-p 00000000 00:00 0 
7f09c15b4000-7f09c15b7000 ---p 00000000 00:00 0 
7f09c15b7000-7f09c16b5000 rw-p 00000000 00:00 0 
7f09c16b5000-7f09c198d000 r--p 00000000 08:09 2887360                    /usr/lib/locale/locale-archive
7f09c198d000-7f09c1990000 ---p 00000000 00:00 0 
7f09c1990000-7f09c1a8e000 rw-p 00000000 00:00 0 
7f09c1a8e000-7f09c1a91000 ---p 00000000 00:00 0 
7f09c1a91000-7f09c1b8f000 rw-p 00000000 00:00 0 
7f09c1b8f000-7f09c1b90000 ---p 00000000 00:00 0 
7f09c1b90000-7f09c2c70000 rw-p 00000000 00:00 0 
7f09c2c70000-7f09c2e3e000 r--s 03c06000 08:09 7087811                    /usr/lib/jvm/java-8-openjdk-amd64/jre/lib/rt.jar
7f09c2e3e000-7f09c3a8f000 rw-p 00000000 00:00 0 
7f09c3a8f000-7f09c3a90000 ---p 00000000 00:00 0 
7f09c3a90000-7f09c3b90000 rw-p 00000000 00:00 0 
7f09c3b90000-7f09c3b91000 ---p 00000000 00:00 0 
7f09c3b91000-7f09c3c91000 rw-p 00000000 00:00 0 
7f09c3c91000-7f09c3c92000 ---p 00000000 00:00 0 
7f09c3c92000-7f09c3dbc000 rw-p 00000000 00:00 0 
7f09c3dbc000-7f09c4024000 ---p 00000000 00:00 0 
7f09c4024000-7f09c404e000 rw-p 00000000 00:00 0 
7f09c404e000-7f09c42b6000 ---p 00000000 00:00 0 
7f09c42b6000-7f09c42da000 rw-p 00000000 00:00 0 
7f09c42da000-7f09c43ff000 ---p 00000000 00:00 0 
7f09c43ff000-7f09c4420000 rw-p 00000000 00:00 0 
7f09c4420000-7f09c47c0000 ---p 00000000 00:00 0 
7f09c47c0000-7f09c4fb0000 rwxp 00000000 00:00 0 
7f09c4fb0000-7f09d37c0000 ---p 00000000 00:00 0 
7f09d37c0000-7f09d37c8000 r-xp 00000000 08:09 7085419                    /usr/lib/jvm/java-8-openjdk-amd64/jre/lib/amd64/libzip.so
7f09d37c8000-7f09d39c7000 ---p 00008000 08:09 7085419                    /usr/lib/jvm/java-8-openjdk-amd64/jre/lib/amd64/libzip.so
7f09d39c7000-7f09d39c8000 r--p 00007000 08:09 7085419                    /usr/lib/jvm/java-8-openjdk-amd64/jre/lib/amd64/libzip.so
7f09d39c8000-7f09d39c9000 rw-p 00008000 08:09 7085419                    /usr/lib/jvm/java-8-openjdk-amd64/jre/lib/amd64/libzip.so
7f09d39c9000-7f09d39d4000 r-xp 00000000 08:09 24382890                   /lib/x86_64-linux-gnu/libnss_files-2.23.so
7f09d39d4000-7f09d3bd3000 ---p 0000b000 08:09 24382890                   /lib/x86_64-linux-gnu/libnss_files-2.23.so
7f09d3bd3000-7f09d3bd4000 r--p 0000a000 08:09 24382890                   /lib/x86_64-linux-gnu/libnss_files-2.23.so
7f09d3bd4000-7f09d3bd5000 rw-p 0000b000 08:09 24382890                   /lib/x86_64-linux-gnu/libnss_files-2.23.so
7f09d3bd5000-7f09d3bdb000 rw-p 00000000 00:00 0 
7f09d3bdb000-7f09d3be6000 r-xp 00000000 08:09 24382881                   /lib/x86_64-linux-gnu/libnss_nis-2.23.so
7f09d3be6000-7f09d3de5000 ---p 0000b000 08:09 24382881                   /lib/x86_64-linux-gnu/libnss_nis-2.23.so
7f09d3de5000-7f09d3de6000 r--p 0000a000 08:09 24382881                   /lib/x86_64-linux-gnu/libnss_nis-2.23.so
7f09d3de6000-7f09d3de7000 rw-p 0000b000 08:09 24382881                   /lib/x86_64-linux-gnu/libnss_nis-2.23.so
7f09d3de7000-7f09d3dfd000 r-xp 00000000 08:09 24382883                   /lib/x86_64-linux-gnu/libnsl-2.23.so
7f09d3dfd000-7f09d3ffc000 ---p 00016000 08:09 24382883                   /lib/x86_64-linux-gnu/libnsl-2.23.so
7f09d3ffc000-7f09d3ffd000 r--p 00015000 08:09 24382883                   /lib/x86_64-linux-gnu/libnsl-2.23.so
7f09d3ffd000-7f09d3ffe000 rw-p 00016000 08:09 24382883                   /lib/x86_64-linux-gnu/libnsl-2.23.so
7f09d3ffe000-7f09d4000000 rw-p 00000000 00:00 0 
7f09d4000000-7f09d4bbf000 rw-p 00000000 00:00 0 
7f09d4bbf000-7f09d8000000 ---p 00000000 00:00 0 
7f09d8000000-7f09d8002000 r--s 00011000 08:09 10748883                   /opt/eclipse/plugins/org.eclipse.core.runtime_3.12.0.v20160606-1342.jar
7f09d8002000-7f09d8003000 ---p 00000000 00:00 0 
7f09d8003000-7f09d8103000 rw-p 00000000 00:00 0 
7f09d8103000-7f09d810b000 r-xp 00000000 08:09 24382892                   /lib/x86_64-linux-gnu/libnss_compat-2.23.so
7f09d810b000-7f09d830a000 ---p 00008000 08:09 24382892                   /lib/x86_64-linux-gnu/libnss_compat-2.23.so
7f09d830a000-7f09d830b000 r--p 00007000 08:09 24382892                   /lib/x86_64-linux-gnu/libnss_compat-2.23.so
7f09d830b000-7f09d830c000 rw-p 00008000 08:09 24382892                   /lib/x86_64-linux-gnu/libnss_compat-2.23.so
7f09d830c000-7f09d8339000 r-xp 00000000 08:09 7085444                    /usr/lib/jvm/java-8-openjdk-amd64/jre/lib/amd64/libjava.so
7f09d8339000-7f09d8538000 ---p 0002d000 08:09 7085444                    /usr/lib/jvm/java-8-openjdk-amd64/jre/lib/amd64/libjava.so
7f09d8538000-7f09d8539000 r--p 0002c000 08:09 7085444                    /usr/lib/jvm/java-8-openjdk-amd64/jre/lib/amd64/libjava.so
7f09d8539000-7f09d853b000 rw-p 0002d000 08:09 7085444                    /usr/lib/jvm/java-8-openjdk-amd64/jre/lib/amd64/libjava.so
7f09d853b000-7f09d854a000 r-xp 00000000 08:09 7085412                    /usr/lib/jvm/java-8-openjdk-amd64/jre/lib/amd64/libverify.so
7f09d854a000-7f09d8749000 ---p 0000f000 08:09 7085412                    /usr/lib/jvm/java-8-openjdk-amd64/jre/lib/amd64/libverify.so
7f09d8749000-7f09d874b000 r--p 0000e000 08:09 7085412                    /usr/lib/jvm/java-8-openjdk-amd64/jre/lib/amd64/libverify.so
7f09d874b000-7f09d874c000 rw-p 00010000 08:09 7085412                    /usr/lib/jvm/java-8-openjdk-amd64/jre/lib/amd64/libverify.so
7f09d874c000-7f09d8753000 r-xp 00000000 08:09 24382893                   /lib/x86_64-linux-gnu/librt-2.23.so
7f09d8753000-7f09d8952000 ---p 00007000 08:09 24382893                   /lib/x86_64-linux-gnu/librt-2.23.so
7f09d8952000-7f09d8953000 r--p 00006000 08:09 24382893                   /lib/x86_64-linux-gnu/librt-2.23.so
7f09d8953000-7f09d8954000 rw-p 00007000 08:09 24382893                   /lib/x86_64-linux-gnu/librt-2.23.so
7f09d8954000-7f09d896a000 r-xp 00000000 08:09 24383888                   /lib/x86_64-linux-gnu/libgcc_s.so.1
7f09d896a000-7f09d8b69000 ---p 00016000 08:09 24383888                   /lib/x86_64-linux-gnu/libgcc_s.so.1
7f09d8b69000-7f09d8b6a000 rw-p 00015000 08:09 24383888                   /lib/x86_64-linux-gnu/libgcc_s.so.1
7f09d8b6a000-7f09d8c72000 r-xp 00000000 08:09 24382882                   /lib/x86_64-linux-gnu/libm-2.23.so
7f09d8c72000-7f09d8e71000 ---p 00108000 08:09 24382882                   /lib/x86_64-linux-gnu/libm-2.23.so
7f09d8e71000-7f09d8e72000 r--p 00107000 08:09 24382882                   /lib/x86_64-linux-gnu/libm-2.23.so
7f09d8e72000-7f09d8e73000 rw-p 00108000 08:09 24382882                   /lib/x86_64-linux-gnu/libm-2.23.so
7f09d8e73000-7f09d8fe5000 r-xp 00000000 08:09 2888511                    /usr/lib/x86_64-linux-gnu/libstdc++.so.6.0.21
7f09d8fe5000-7f09d91e5000 ---p 00172000 08:09 2888511                    /usr/lib/x86_64-linux-gnu/libstdc++.so.6.0.21
7f09d91e5000-7f09d91ef000 r--p 00172000 08:09 2888511                    /usr/lib/x86_64-linux-gnu/libstdc++.so.6.0.21
7f09d91ef000-7f09d91f1000 rw-p 0017c000 08:09 2888511                    /usr/lib/x86_64-linux-gnu/libstdc++.so.6.0.21
7f09d91f1000-7f09d91f5000 rw-p 00000000 00:00 0 
7f09d91f5000-7f09d9e45000 r-xp 00000000 08:09 7085439                    /usr/lib/jvm/java-8-openjdk-amd64/jre/lib/amd64/server/libjvm.so
7f09d9e45000-7f09da044000 ---p 00c50000 08:09 7085439                    /usr/lib/jvm/java-8-openjdk-amd64/jre/lib/amd64/server/libjvm.so
7f09da044000-7f09da0d7000 r--p 00c4f000 08:09 7085439                    /usr/lib/jvm/java-8-openjdk-amd64/jre/lib/amd64/server/libjvm.so
7f09da0d7000-7f09da100000 rw-p 00ce2000 08:09 7085439                    /usr/lib/jvm/java-8-openjdk-amd64/jre/lib/amd64/server/libjvm.so
7f09da100000-7f09da130000 rw-p 00000000 00:00 0 
7f09da130000-7f09da148000 r-xp 00000000 08:09 24382897                   /lib/x86_64-linux-gnu/libpthread-2.23.so
7f09da148000-7f09da347000 ---p 00018000 08:09 24382897                   /lib/x86_64-linux-gnu/libpthread-2.23.so
7f09da347000-7f09da348000 r--p 00017000 08:09 24382897                   /lib/x86_64-linux-gnu/libpthread-2.23.so
7f09da348000-7f09da349000 rw-p 00018000 08:09 24382897                   /lib/x86_64-linux-gnu/libpthread-2.23.so
7f09da349000-7f09da34d000 rw-p 00000000 00:00 0 
7f09da34d000-7f09da350000 r-xp 00000000 08:09 24382880                   /lib/x86_64-linux-gnu/libdl-2.23.so
7f09da350000-7f09da54f000 ---p 00003000 08:09 24382880                   /lib/x86_64-linux-gnu/libdl-2.23.so
7f09da54f000-7f09da550000 r--p 00002000 08:09 24382880                   /lib/x86_64-linux-gnu/libdl-2.23.so
7f09da550000-7f09da551000 rw-p 00003000 08:09 24382880                   /lib/x86_64-linux-gnu/libdl-2.23.so
7f09da551000-7f09da56a000 r-xp 00000000 08:09 24384041                   /lib/x86_64-linux-gnu/libz.so.1.2.8
7f09da56a000-7f09da769000 ---p 00019000 08:09 24384041                   /lib/x86_64-linux-gnu/libz.so.1.2.8
7f09da769000-7f09da76a000 r--p 00018000 08:09 24384041                   /lib/x86_64-linux-gnu/libz.so.1.2.8
7f09da76a000-7f09da76b000 rw-p 00019000 08:09 24384041                   /lib/x86_64-linux-gnu/libz.so.1.2.8
7f09da76b000-7f09da92a000 r-xp 00000000 08:09 24382884                   /lib/x86_64-linux-gnu/libc-2.23.so
7f09da92a000-7f09dab2a000 ---p 001bf000 08:09 24382884                   /lib/x86_64-linux-gnu/libc-2.23.so
7f09dab2a000-7f09dab2e000 r--p 001bf000 08:09 24382884                   /lib/x86_64-linux-gnu/libc-2.23.so
7f09dab2e000-7f09dab30000 rw-p 001c3000 08:09 24382884                   /lib/x86_64-linux-gnu/libc-2.23.so
7f09dab30000-7f09dab34000 rw-p 00000000 00:00 0 
7f09dab34000-7f09dab41000 r-xp 00000000 08:09 7085434                    /usr/lib/jvm/java-8-openjdk-amd64/jre/lib/amd64/jli/libjli.so
7f09dab41000-7f09dad41000 ---p 0000d000 08:09 7085434                    /usr/lib/jvm/java-8-openjdk-amd64/jre/lib/amd64/jli/libjli.so
7f09dad41000-7f09dad42000 r--p 0000d000 08:09 7085434                    /usr/lib/jvm/java-8-openjdk-amd64/jre/lib/amd64/jli/libjli.so
7f09dad42000-7f09dad43000 rw-p 0000e000 08:09 7085434                    /usr/lib/jvm/java-8-openjdk-amd64/jre/lib/amd64/jli/libjli.so
7f09dad43000-7f09dad69000 r-xp 00000000 08:09 24382885                   /lib/x86_64-linux-gnu/ld-2.23.so
7f09dad69000-7f09dad6a000 r--s 00004000 08:09 10748172                   /opt/eclipse/plugins/org.eclipse.swt_3.105.0.v20160603-0902.jar
7f09dad6a000-7f09dad6c000 r--s 00001000 08:09 7085456                    /usr/lib/jvm/java-8-openjdk-amd64/jre/lib/ext/dnsns.jar
7f09dad6c000-7f09dad6e000 r--s 00008000 08:09 7085454                    /usr/lib/jvm/java-8-openjdk-amd64/jre/lib/ext/sunec.jar
7f09dad6e000-7f09dae39000 rw-p 00000000 00:00 0 
7f09dae39000-7f09dae3c000 ---p 00000000 00:00 0 
7f09dae3c000-7f09daf3f000 rw-p 00000000 00:00 0 
7f09daf3f000-7f09daf40000 r--s 00010000 08:09 7085459                    /usr/lib/jvm/java-8-openjdk-amd64/jre/lib/ext/zipfs.jar
7f09daf40000-7f09daf41000 r--s 0000a000 08:09 7085463                    /usr/lib/jvm/java-8-openjdk-amd64/jre/lib/ext/jaccess.jar
7f09daf41000-7f09daf5c000 r--s 00394000 08:09 7085458                    /usr/lib/jvm/java-8-openjdk-amd64/jre/lib/ext/cldrdata.jar
7f09daf5c000-7f09daf64000 rw-s 00000000 08:09 18612372                   /tmp/hsperfdata_hrishi/15738 (deleted)
7f09daf64000-7f09daf65000 rw-p 00000000 00:00 0 
7f09daf65000-7f09daf66000 ---p 00000000 00:00 0 
7f09daf66000-7f09daf68000 rw-p 00000000 00:00 0 
7f09daf68000-7f09daf69000 r--p 00025000 08:09 24382885                   /lib/x86_64-linux-gnu/ld-2.23.so
7f09daf69000-7f09daf6a000 rw-p 00026000 08:09 24382885                   /lib/x86_64-linux-gnu/ld-2.23.so
7f09daf6a000-7f09daf6b000 rw-p 00000000 00:00 0 
7ffc1e2d2000-7ffc1e2f5000 rw-p 00000000 00:00 0                          [stack]
7ffc1e33a000-7ffc1e33c000 r--p 00000000 00:00 0                          [vvar]
7ffc1e33c000-7ffc1e33e000 r-xp 00000000 00:00 0                          [vdso]
ffffffffff600000-ffffffffff601000 r-xp 00000000 00:00 0                  [vsyscall]

VM Arguments:
jvm_args: -Dfile.encoding=UTF-8 
java_command: RCPConsole
java_class_path (initial): /opt/eclipse/plugins/org.eclipse.core.runtime_3.12.0.v20160606-1342.jar:/opt/eclipse/plugins/javax.inject_1.0.0.v20091030.jar:/opt/eclipse/plugins/org.eclipse.osgi_3.11.0.v20160603-1336.jar:/opt/eclipse/plugins/org.eclipse.osgi.compatibility.state_1.0.200.v20160504-1419.jar:/opt/eclipse/plugins/org.eclipse.equinox.common_3.8.0.v20160509-1230.jar:/opt/eclipse/plugins/org.eclipse.core.jobs_3.8.0.v20160509-0411.jar:/opt/eclipse/plugins/org.eclipse.equinox.registry_3.6.100.v20160223-2218.jar:/opt/eclipse/plugins/org.eclipse.equinox.preferences_3.6.0.v20160120-1756.jar:/opt/eclipse/plugins/org.eclipse.core.contenttype_3.5.100.v20160418-1621.jar:/opt/eclipse/plugins/org.eclipse.equinox.app_1.3.400.v20150715-1528.jar:/opt/eclipse/plugins/org.eclipse.ui_3.108.0.v20160518-1929.jar:/opt/eclipse/plugins/org.eclipse.swt_3.105.0.v20160603-0902.jar:/opt/eclipse/plugins/org.eclipse.swt.gtk.linux.x86_64_3.105.0.v20160603-0902.jar:/opt/eclipse/plugins/org.eclipse.jface_3.12.0.v20160518-1929.jar:/opt/eclipse/plugins/org.eclipse.core.commands_3.8.0.v20160316-1921.jar:/opt/eclipse/plugins/org.eclipse.ui.workbench_3.108.0.v20160602-1232.jar:/opt/eclipse/plugins/org.eclipse.e4.ui.workbench3_0.13.100.v20160506-0759.jar:/opt/eclipse/plugins/org.eclipse.ui.console_3.6.200.v20160518-1858.jar:/opt/eclipse/plugins/org.eclipse.emf.ecore_2.12.0.v20160420-0247.jar:/opt/eclipse/plugins/org.eclipse.emf.common_2.12.0.v20160420-0247.jar:/opt/eclipse/plugins/org.eclipse.emf.ecore.xmi_2.12.0.v20160420-0247.jar:/home/hrishi/.eclipse/org.eclipse.platform_4.6.0_1473617060_linux_gtk_x86_64/plugins/fr.irisa.cairn.eclipse.tom_2.10.0.201612051604/libs/aircube-bundle.jar:/home/hrishi/.eclipse/org.eclipse.platform_4.6.0_1473617060_linux_gtk_x86_64/plugins/fr.irisa.cairn.graph_1.0.0.201612051604:/home/hrishi/.eclipse/org.eclipse.platform_4.6.0_1473617060_linux_gtk_x86_64/plugins/fr.irisa.cairn.graph_1.0.0.201612051604/lib/jgrapht-ext-0.9.1-uber.jar:/opt/eclipse/plugins/com.google.inj
Launcher Type: SUN_STANDARD

Environment Variables:
PATH=/home/hrishi/torch/install/bin:/usr/local/sbin:/usr/local/bin:/usr/sbin:/usr/bin:/sbin:/bin:/usr/games:/usr/local/games:/snap/bin
LD_LIBRARY_PATH=/home/hrishi/torch/install/lib:
SHELL=/bin/bash
DISPLAY=:0
DYLD_LIBRARY_PATH=/home/hrishi/torch/install/lib:

Signal Handlers:
SIGSEGV: [libjvm.so+0xa66fd0], sa_mask[0]=11111111011111111101111111111110, sa_flags=SA_RESTART|SA_SIGINFO
SIGBUS: [libjvm.so+0xa66fd0], sa_mask[0]=11111111011111111101111111111110, sa_flags=SA_RESTART|SA_SIGINFO
SIGFPE: [libjvm.so+0x8b0180], sa_mask[0]=11111111011111111101111111111110, sa_flags=SA_RESTART|SA_SIGINFO
SIGPIPE: [libjvm.so+0x8b0180], sa_mask[0]=11111111011111111101111111111110, sa_flags=SA_RESTART|SA_SIGINFO
SIGXFSZ: [libjvm.so+0x8b0180], sa_mask[0]=11111111011111111101111111111110, sa_flags=SA_RESTART|SA_SIGINFO
SIGILL: [libjvm.so+0x8b0180], sa_mask[0]=11111111011111111101111111111110, sa_flags=SA_RESTART|SA_SIGINFO
SIGUSR1: SIG_DFL, sa_mask[0]=00000000000000000000000000000000, sa_flags=none
SIGUSR2: [libjvm.so+0x8b0030], sa_mask[0]=00100000000000000000000000000000, sa_flags=SA_RESTART|SA_SIGINFO
SIGHUP: [libjvm.so+0x8b0500], sa_mask[0]=11111111011111111101111111111110, sa_flags=SA_RESTART|SA_SIGINFO
SIGINT: [libjvm.so+0x8b0500], sa_mask[0]=11111111011111111101111111111110, sa_flags=SA_RESTART|SA_SIGINFO
SIGTERM: [libjvm.so+0x8b0500], sa_mask[0]=11111111011111111101111111111110, sa_flags=SA_RESTART|SA_SIGINFO
SIGQUIT: [libjvm.so+0x8b0500], sa_mask[0]=11111111011111111101111111111110, sa_flags=SA_RESTART|SA_SIGINFO


---------------  S Y S T E M  ---------------

OS:DISTRIB_ID=Ubuntu
DISTRIB_RELEASE=16.04
DISTRIB_CODENAME=xenial
DISTRIB_DESCRIPTION="Ubuntu 16.04 LTS"

uname:Linux 4.4.0-72-generic #93-Ubuntu SMP Fri Mar 31 14:07:41 UTC 2017 x86_64
libc:glibc 2.23 NPTL 2.23 
rlimit: STACK 8192k, CORE 0k, NPROC 31118, NOFILE 65536, AS infinity
load average:49.95 31.57 14.34

/proc/meminfo:
MemTotal:        8084688 kB
MemFree:         5307784 kB
MemAvailable:    5515864 kB
Buffers:           35232 kB
Cached:           585252 kB
SwapCached:       124896 kB
Active:          1781836 kB
Inactive:         684512 kB
Active(anon):    1530580 kB
Inactive(anon):   547896 kB
Active(file):     251256 kB
Inactive(file):   136616 kB
Unevictable:        1108 kB
Mlocked:            1108 kB
SwapTotal:      12000252 kB
SwapFree:        7663592 kB
Dirty:               728 kB
Writeback:             0 kB
AnonPages:       1835176 kB
Mapped:           199156 kB
Shmem:            232496 kB
Slab:             157648 kB
SReclaimable:      81228 kB
SUnreclaim:        76420 kB
KernelStack:       16128 kB
PageTables:        54440 kB
NFS_Unstable:          0 kB
Bounce:                0 kB
WritebackTmp:          0 kB
CommitLimit:    16042596 kB
Committed_AS:   13215164 kB
VmallocTotal:   34359738367 kB
VmallocUsed:           0 kB
VmallocChunk:          0 kB
HardwareCorrupted:     0 kB
AnonHugePages:    755712 kB
CmaTotal:              0 kB
CmaFree:               0 kB
HugePages_Total:       0
HugePages_Free:        0
HugePages_Rsvd:        0
HugePages_Surp:        0
Hugepagesize:       2048 kB
DirectMap4k:      817032 kB
DirectMap2M:     7481344 kB
DirectMap1G:           0 kB


CPU:total 4 (2 cores per cpu, 2 threads per core) family 6 model 61 stepping 4, cmov, cx8, fxsr, mmx, sse, sse2, sse3, ssse3, sse4.1, sse4.2, popcnt, avx, avx2, aes, clmul, erms, 3dnowpref, lzcnt, ht, tsc, tscinvbit, bmi1, bmi2, adx

/proc/cpuinfo:
processor	: 0
vendor_id	: GenuineIntel
cpu family	: 6
model		: 61
model name	: Intel(R) Core(TM) i5-5200U CPU @ 2.20GHz
stepping	: 4
microcode	: 0x12
cpu MHz		: 1785.953
cache size	: 3072 KB
physical id	: 0
siblings	: 4
core id		: 0
cpu cores	: 2
apicid		: 0
initial apicid	: 0
fpu		: yes
fpu_exception	: yes
cpuid level	: 20
wp		: yes
flags		: fpu vme de pse tsc msr pae mce cx8 apic sep mtrr pge mca cmov pat pse36 clflush dts acpi mmx fxsr sse sse2 ss ht tm pbe syscall nx pdpe1gb rdtscp lm constant_tsc arch_perfmon pebs bts rep_good nopl xtopology nonstop_tsc aperfmperf eagerfpu pni pclmulqdq dtes64 monitor ds_cpl vmx est tm2 ssse3 sdbg fma cx16 xtpr pdcm pcid sse4_1 sse4_2 x2apic movbe popcnt tsc_deadline_timer aes xsave avx f16c rdrand lahf_lm abm 3dnowprefetch epb intel_pt tpr_shadow vnmi flexpriority ept vpid fsgsbase tsc_adjust bmi1 avx2 smep bmi2 erms invpcid rdseed adx smap xsaveopt dtherm ida arat pln pts
bugs		:
bogomips	: 4390.01
clflush size	: 64
cache_alignment	: 64
address sizes	: 39 bits physical, 48 bits virtual
power management:

processor	: 1
vendor_id	: GenuineIntel
cpu family	: 6
model		: 61
model name	: Intel(R) Core(TM) i5-5200U CPU @ 2.20GHz
stepping	: 4
microcode	: 0x12
cpu MHz		: 2495.281
cache size	: 3072 KB
physical id	: 0
siblings	: 4
core id		: 1
cpu cores	: 2
apicid		: 2
initial apicid	: 2
fpu		: yes
fpu_exception	: yes
cpuid level	: 20
wp		: yes
flags		: fpu vme de pse tsc msr pae mce cx8 apic sep mtrr pge mca cmov pat pse36 clflush dts acpi mmx fxsr sse sse2 ss ht tm pbe syscall nx pdpe1gb rdtscp lm constant_tsc arch_perfmon pebs bts rep_good nopl xtopology nonstop_tsc aperfmperf eagerfpu pni pclmulqdq dtes64 monitor ds_cpl vmx est tm2 ssse3 sdbg fma cx16 xtpr pdcm pcid sse4_1 sse4_2 x2apic movbe popcnt tsc_deadline_timer aes xsave avx f16c rdrand lahf_lm abm 3dnowprefetch epb intel_pt tpr_shadow vnmi flexpriority ept vpid fsgsbase tsc_adjust bmi1 avx2 smep bmi2 erms invpcid rdseed adx smap xsaveopt dtherm ida arat pln pts
bugs		:
bogomips	: 4390.01
clflush size	: 64
cache_alignment	: 64
address sizes	: 39 bits physical, 48 bits virtual
power management:

processor	: 2
vendor_id	: GenuineIntel
cpu family	: 6
model		: 61
model name	: Intel(R) Core(TM) i5-5200U CPU @ 2.20GHz
stepping	: 4
microcode	: 0x12
cpu MHz		: 2017.898
cache size	: 3072 KB
physical id	: 0
siblings	: 4
core id		: 0
cpu cores	: 2
apicid		: 1
initial apicid	: 1
fpu		: yes
fpu_exception	: yes
cpuid level	: 20
wp		: yes
flags		: fpu vme de pse tsc msr pae mce cx8 apic sep mtrr pge mca cmov pat pse36 clflush dts acpi mmx fxsr sse sse2 ss ht tm pbe syscall nx pdpe1gb rdtscp lm constant_tsc arch_perfmon pebs bts rep_good nopl xtopology nonstop_tsc aperfmperf eagerfpu pni pclmulqdq dtes64 monitor ds_cpl vmx est tm2 ssse3 sdbg fma cx16 xtpr pdcm pcid sse4_1 sse4_2 x2apic movbe popcnt tsc_deadline_timer aes xsave avx f16c rdrand lahf_lm abm 3dnowprefetch epb intel_pt tpr_shadow vnmi flexpriority ept vpid fsgsbase tsc_adjust bmi1 avx2 smep bmi2 erms invpcid rdseed adx smap xsaveopt dtherm ida arat pln pts
bugs		:
bogomips	: 4390.01
clflush size	: 64
cache_alignment	: 64
address sizes	: 39 bits physical, 48 bits virtual
power management:

processor	: 3
vendor_id	: GenuineIntel
cpu family	: 6
model		: 61
model name	: Intel(R) Core(TM) i5-5200U CPU @ 2.20GHz
stepping	: 4
microcode	: 0x12
cpu MHz		: 2265.054
cache size	: 3072 KB
physical id	: 0
siblings	: 4
core id		: 1
cpu cores	: 2
apicid		: 3
initial apicid	: 3
fpu		: yes
fpu_exception	: yes
cpuid level	: 20
wp		: yes
flags		: fpu vme de pse tsc msr pae mce cx8 apic sep mtrr pge mca cmov pat pse36 clflush dts acpi mmx fxsr sse sse2 ss ht tm pbe syscall nx pdpe1gb rdtscp lm constant_tsc arch_perfmon pebs bts rep_good nopl xtopology nonstop_tsc aperfmperf eagerfpu pni pclmulqdq dtes64 monitor ds_cpl vmx est tm2 ssse3 sdbg fma cx16 xtpr pdcm pcid sse4_1 sse4_2 x2apic movbe popcnt tsc_deadline_timer aes xsave avx f16c rdrand lahf_lm abm 3dnowprefetch epb intel_pt tpr_shadow vnmi flexpriority ept vpid fsgsbase tsc_adjust bmi1 avx2 smep bmi2 erms invpcid rdseed adx smap xsaveopt dtherm ida arat pln pts
bugs		:
bogomips	: 4390.01
clflush size	: 64
cache_alignment	: 64
address sizes	: 39 bits physical, 48 bits virtual
power management:



Memory: 4k page, physical 8084688k(5307784k free), swap 12000252k(7663592k free)

vm_info: OpenJDK 64-Bit Server VM (25.121-b13) for linux-amd64 JRE (1.8.0_121-8u121-b13-0ubuntu1.16.04.2-b13), built on Jan 23 2017 15:51:29 by "buildd" with gcc 5.4.0 20160609

time: Sun Apr 30 23:06:10 2017
elapsed time: 23039 seconds (0d 6h 23m 59s)

