#
# A fatal error has been detected by the Java Runtime Environment:
#
#  SIGSEGV (0xb) at pc=0x0000000000046b20, pid=883, tid=0x00007f05b8d07700
#
# JRE version: OpenJDK Runtime Environment (8.0_121-b13) (build 1.8.0_121-8u121-b13-0ubuntu1.16.04.2-b13)
# Java VM: OpenJDK 64-Bit Server VM (25.121-b13 mixed mode linux-amd64 compressed oops)
# Problematic frame:
# C  0x0000000000046b20
#
# Failed to write core dump. Core dumps have been disabled. To enable core dumping, try "ulimit -c unlimited" before starting Java again
#
# If you would like to submit a bug report, please visit:
#   http://bugreport.java.com/bugreport/crash.jsp
#

---------------  T H R E A D  ---------------

Current thread is native thread

siginfo: si_signo: 11 (SIGSEGV), si_code: 1 (SEGV_MAPERR), si_addr: 0x0000000000046b20

Registers:
RAX=0x00007f058a250248, RBX=0x00007f05b09a66d0, RCX=0x0000000000000000, RDX=0x0000000000000000
RSP=0x00007ffe03b92f18, RBP=0x00007ffe03b93070, RSI=0x0000000000000000, RDI=0x00007f05b8536140
R8 =0x0000000000000000, R9 =0x00007f05b88fd808, R10=0x00007f05b85360c0, R11=0x00007f05b85712d0
R12=0x00007f058a2501a8, R13=0x0000000000000000, R14=0x00007ffe03b92f20, R15=0x0000000000000012
RIP=0x0000000000046b20, EFLAGS=0x0000000000010202, CSGSFS=0x0000000000000033, ERR=0x0000000000000014
  TRAPNO=0x000000000000000e

Top of Stack: (sp=0x00007ffe03b92f18)
0x00007ffe03b92f18:   00007f05b8b1fc17 00007f05b8d36168
0x00007ffe03b92f28:   00007f05b8d36700 00007f05b8d337a8
0x00007ffe03b92f38:   00007f05b00009a0 00007f05b000b570
0x00007ffe03b92f48:   00007f05b000cbf0 00007f05b000ba20
0x00007ffe03b92f58:   00007f05b000d0a0 00007f05b0019ae0
0x00007ffe03b92f68:   00007f05b0001bd0 00007f05b00014a0
0x00007ffe03b92f78:   0000000001f7b150 0000000001f7b680
0x00007ffe03b92f88:   0000000001f7c4c0 0000000001f7bba0
0x00007ffe03b92f98:   00007f05b8d09000 00007f05b8d0ab00
0x00007ffe03b92fa8:   00007f05b8d0a618 00007f05b09a66d0
0x00007ffe03b92fb8:   00007f05b09a6d30 00007f05b09a7290
0x00007ffe03b92fc8:   00007f05b8d0a000 00007f05b8d359d8
0x00007ffe03b92fd8:   00007f05b8b1f964 00007ffe03b92f20
0x00007ffe03b92fe8:   0000000000000006 00007ffe03b92f50
0x00007ffe03b92ff8:   0000000000000001 0000000000000006
0x00007ffe03b93008:   00007ffe03b92fe0 00000017b88fbc40
0x00007ffe03b93018:   00007ffe03b92f20 0000001700000000
0x00007ffe03b93028:   00007f05b8d35048 00007ffe03b92ef0
0x00007ffe03b93038:   0000000000000000 0000000000000001
0x00007ffe03b93048:   0000000000000001 0000000000000001
0x00007ffe03b93058:   00007f05b88fbc40 0000000000000000
0x00007ffe03b93068:   0000000000000000 00007f05b88fa5f8
0x00007ffe03b93078:   00007f05b8570ff8 00000000004007bc
0x00007ffe03b93088:   0000000000000000 0000000000400730
0x00007ffe03b93098:   0000000000400630 00007ffe03b93190
0x00007ffe03b930a8:   00007f05b8571045 0000000000400730
0x00007ffe03b930b8:   00007f05b8557837 0000000000000000
0x00007ffe03b930c8:   00007ffe03b93198 0000000500000000
0x00007ffe03b930d8:   00000000004005e0 0000000000000000
0x00007ffe03b930e8:   3f7710751d14b34f 0000000000400630
0x00007ffe03b930f8:   00007ffe03b93190 0000000000000000
0x00007ffe03b93108:   0000000000000000 c08b178772f4b34f 

Instructions: (pc=0x0000000000046b20)
0x0000000000046b00:   
[error occurred during error reporting (printing registers, top of stack, instructions near pc), id 0xb]

Register to memory mapping:

RAX=
[error occurred during error reporting (printing register info), id 0xb]

Stack: [0x00007ffe03a97000,0x00007ffe03b97000],  sp=0x00007ffe03b92f18,  free space=1007k
Native frames: (J=compiled Java code, j=interpreted, Vv=VM code, C=native code)
C  0x0000000000046b20


---------------  P R O C E S S  ---------------

VM state:at safepoint (shutting down)

VM Mutex/Monitor currently owned by a thread:  ([mutex/lock_event])
[0x00007f05b0009dd0] Threads_lock - owner thread: 0x00007f05b007b000

Heap:
 PSYoungGen      total 68608K, used 42644K [0x00000000d6e00000, 0x00000000db600000, 0x0000000100000000)
  eden space 63488K, 59% used [0x00000000d6e00000,0x00000000d92a9100,0x00000000dac00000)
  from space 5120K, 99% used [0x00000000db100000,0x00000000db5fc030,0x00000000db600000)
  to   space 5120K, 0% used [0x00000000dac00000,0x00000000dac00000,0x00000000db100000)
 ParOldGen       total 84992K, used 10881K [0x0000000084a00000, 0x0000000089d00000, 0x00000000d6e00000)
  object space 84992K, 12% used [0x0000000084a00000,0x00000000854a06a8,0x0000000089d00000)
 Metaspace       used 19074K, capacity 19170K, committed 19456K, reserved 1067008K
  class space    used 2473K, capacity 2525K, committed 2560K, reserved 1048576K

Card table byte_map: [0x00007f05b4ef3000,0x00007f05b52cf000] byte_map_base: 0x00007f05b4ace000

Marking Bits: (ParMarkBitMap*) 0x00007f05b7edf220
 Begin Bits: [0x00007f0590250000, 0x00007f0592128000)
 End Bits:   [0x00007f0592128000, 0x00007f0594000000)

Polling page: 0x00007f05b8d31000

CodeCache: size=245760Kb used=6998Kb max_used=7042Kb free=238761Kb
 bounds [0x00007f05a1000000, 0x00007f05a16f0000, 0x00007f05b0000000]
 total_blobs=2567 nmethods=2184 adapters=296
 compilation: enabled

Compilation events (10 events):
Event: 4.047 Thread 0x00007f05b00b3800 2170       4       java.util.HashSet::size (8 bytes)
Event: 4.048 Thread 0x00007f05b00b3800 nmethod 2170 0x00007f05a16c9b90 code [0x00007f05a16c9ce0, 0x00007f05a16c9d58]
Event: 4.049 Thread 0x00007f05b00b5000 nmethod 2184 0x00007f05a16ccad0 code [0x00007f05a16cce60, 0x00007f05a16cebd8]
Event: 4.049 Thread 0x00007f05b00b5000 2187       3       org.polymodel.algebra.factory.IntExpressionBuilder::affine (59 bytes)
Event: 4.050 Thread 0x00007f05b00b5000 nmethod 2187 0x00007f05a16ca690 code [0x00007f05a16ca960, 0x00007f05a16cbd18]
Event: 4.051 Thread 0x00007f05b00b5000 2185       3       fr.irisa.cairn.jnimap.isl.jni.JNIISLMatrix::getNbRows (22 bytes)
Event: 4.051 Thread 0x00007f05b00b5000 nmethod 2185 0x00007f05a16cfd10 code [0x00007f05a16cff20, 0x00007f05a16d07b8]
Event: 4.055 Thread 0x00007f05b00b0800 nmethod 1648 0x00007f05a16d0bd0 code [0x00007f05a16d1740, 0x00007f05a16d9b58]
Event: 123.474 Thread 0x00007f05b00b3800 2188       4       java.util.regex.Pattern$BmpCharProperty::match (50 bytes)
Event: 123.476 Thread 0x00007f05b00b3800 nmethod 2188 0x00007f05a16ca110 code [0x00007f05a16ca280, 0x00007f05a16ca458]

GC Heap History (8 events):
Event: 2.326 GC heap before
{Heap before GC invocations=1 (full 0):
 PSYoungGen      total 36864K, used 31744K [0x00000000d6e00000, 0x00000000d9700000, 0x0000000100000000)
  eden space 31744K, 100% used [0x00000000d6e00000,0x00000000d8d00000,0x00000000d8d00000)
  from space 5120K, 0% used [0x00000000d9200000,0x00000000d9200000,0x00000000d9700000)
  to   space 5120K, 0% used [0x00000000d8d00000,0x00000000d8d00000,0x00000000d9200000)
 ParOldGen       total 84992K, used 0K [0x0000000084a00000, 0x0000000089d00000, 0x00000000d6e00000)
  object space 84992K, 0% used [0x0000000084a00000,0x0000000084a00000,0x0000000089d00000)
 Metaspace       used 7265K, capacity 7334K, committed 7552K, reserved 1056768K
  class space    used 841K, capacity 851K, committed 896K, reserved 1048576K
Event: 2.332 GC heap after
Heap after GC invocations=1 (full 0):
 PSYoungGen      total 36864K, used 5103K [0x00000000d6e00000, 0x00000000d9700000, 0x0000000100000000)
  eden space 31744K, 0% used [0x00000000d6e00000,0x00000000d6e00000,0x00000000d8d00000)
  from space 5120K, 99% used [0x00000000d8d00000,0x00000000d91fbc20,0x00000000d9200000)
  to   space 5120K, 0% used [0x00000000d9200000,0x00000000d9200000,0x00000000d9700000)
 ParOldGen       total 84992K, used 895K [0x0000000084a00000, 0x0000000089d00000, 0x00000000d6e00000)
  object space 84992K, 1% used [0x0000000084a00000,0x0000000084adfe48,0x0000000089d00000)
 Metaspace       used 7265K, capacity 7334K, committed 7552K, reserved 1056768K
  class space    used 841K, capacity 851K, committed 896K, reserved 1048576K
}
Event: 2.758 GC heap before
{Heap before GC invocations=2 (full 0):
 PSYoungGen      total 36864K, used 36847K [0x00000000d6e00000, 0x00000000d9700000, 0x0000000100000000)
  eden space 31744K, 100% used [0x00000000d6e00000,0x00000000d8d00000,0x00000000d8d00000)
  from space 5120K, 99% used [0x00000000d8d00000,0x00000000d91fbc20,0x00000000d9200000)
  to   space 5120K, 0% used [0x00000000d9200000,0x00000000d9200000,0x00000000d9700000)
 ParOldGen       total 84992K, used 895K [0x0000000084a00000, 0x0000000089d00000, 0x00000000d6e00000)
  object space 84992K, 1% used [0x0000000084a00000,0x0000000084adfe48,0x0000000089d00000)
 Metaspace       used 10437K, capacity 10572K, committed 10880K, reserved 1058816K
  class space    used 1305K, capacity 1332K, committed 1408K, reserved 1048576K
Event: 2.768 GC heap after
Heap after GC invocations=2 (full 0):
 PSYoungGen      total 36864K, used 5117K [0x00000000d6e00000, 0x00000000db600000, 0x0000000100000000)
  eden space 31744K, 0% used [0x00000000d6e00000,0x00000000d6e00000,0x00000000d8d00000)
  from space 5120K, 99% used [0x00000000d9200000,0x00000000d96ff670,0x00000000d9700000)
  to   space 5120K, 0% used [0x00000000d8d00000,0x00000000d8d00000,0x00000000d9200000)
 ParOldGen       total 84992K, used 4419K [0x0000000084a00000, 0x0000000089d00000, 0x00000000d6e00000)
  object space 84992K, 5% used [0x0000000084a00000,0x0000000084e50df8,0x0000000089d00000)
 Metaspace       used 10437K, capacity 10572K, committed 10880K, reserved 1058816K
  class space    used 1305K, capacity 1332K, committed 1408K, reserved 1048576K
}
Event: 3.127 GC heap before
{Heap before GC invocations=3 (full 0):
 PSYoungGen      total 36864K, used 36861K [0x00000000d6e00000, 0x00000000db600000, 0x0000000100000000)
  eden space 31744K, 100% used [0x00000000d6e00000,0x00000000d8d00000,0x00000000d8d00000)
  from space 5120K, 99% used [0x00000000d9200000,0x00000000d96ff670,0x00000000d9700000)
  to   space 5120K, 0% used [0x00000000d8d00000,0x00000000d8d00000,0x00000000d9200000)
 ParOldGen       total 84992K, used 4419K [0x0000000084a00000, 0x0000000089d00000, 0x00000000d6e00000)
  object space 84992K, 5% used [0x0000000084a00000,0x0000000084e50df8,0x0000000089d00000)
 Metaspace       used 12532K, capacity 12714K, committed 12928K, reserved 1060864K
  class space    used 1601K, capacity 1657K, committed 1664K, reserved 1048576K
Event: 3.134 GC heap after
Heap after GC invocations=3 (full 0):
 PSYoungGen      total 36864K, used 5088K [0x00000000d6e00000, 0x00000000db600000, 0x0000000100000000)
  eden space 31744K, 0% used [0x00000000d6e00000,0x00000000d6e00000,0x00000000d8d00000)
  from space 5120K, 99% used [0x00000000d8d00000,0x00000000d91f8020,0x00000000d9200000)
  to   space 5120K, 0% used [0x00000000db100000,0x00000000db100000,0x00000000db600000)
 ParOldGen       total 84992K, used 7599K [0x0000000084a00000, 0x0000000089d00000, 0x00000000d6e00000)
  object space 84992K, 8% used [0x0000000084a00000,0x000000008516bd58,0x0000000089d00000)
 Metaspace       used 12532K, capacity 12714K, committed 12928K, reserved 1060864K
  class space    used 1601K, capacity 1657K, committed 1664K, reserved 1048576K
}
Event: 3.464 GC heap before
{Heap before GC invocations=4 (full 0):
 PSYoungGen      total 36864K, used 36832K [0x00000000d6e00000, 0x00000000db600000, 0x0000000100000000)
  eden space 31744K, 100% used [0x00000000d6e00000,0x00000000d8d00000,0x00000000d8d00000)
  from space 5120K, 99% used [0x00000000d8d00000,0x00000000d91f8020,0x00000000d9200000)
  to   space 5120K, 0% used [0x00000000db100000,0x00000000db100000,0x00000000db600000)
 ParOldGen       total 84992K, used 7599K [0x0000000084a00000, 0x0000000089d00000, 0x00000000d6e00000)
  object space 84992K, 8% used [0x0000000084a00000,0x000000008516bd58,0x0000000089d00000)
 Metaspace       used 15231K, capacity 15350K, committed 15616K, reserved 1062912K
  class space    used 2005K, capacity 2043K, committed 2048K, reserved 1048576K
Event: 3.476 GC heap after
Heap after GC invocations=4 (full 0):
 PSYoungGen      total 68608K, used 5104K [0x00000000d6e00000, 0x00000000db600000, 0x0000000100000000)
  eden space 63488K, 0% used [0x00000000d6e00000,0x00000000d6e00000,0x00000000dac00000)
  from space 5120K, 99% used [0x00000000db100000,0x00000000db5fc030,0x00000000db600000)
  to   space 5120K, 0% used [0x00000000dac00000,0x00000000dac00000,0x00000000db100000)
 ParOldGen       total 84992K, used 10881K [0x0000000084a00000, 0x0000000089d00000, 0x00000000d6e00000)
  object space 84992K, 12% used [0x0000000084a00000,0x00000000854a06a8,0x0000000089d00000)
 Metaspace       used 15231K, capacity 15350K, committed 15616K, reserved 1062912K
  class space    used 2005K, capacity 2043K, committed 2048K, reserved 1048576K
}

Deoptimization events (10 events):
Event: 3.847 Thread 0x00007f05b000d800 Uncommon trap: reason=unstable_if action=reinterpret pc=0x00007f05a11f08b0 method=java.util.HashMap.hash(Ljava/lang/Object;)I @ 1
Event: 3.849 Thread 0x00007f05b000d800 Uncommon trap: reason=unstable_if action=reinterpret pc=0x00007f05a13a5214 method=java.util.HashMap.hash(Ljava/lang/Object;)I @ 1
Event: 3.851 Thread 0x00007f05b000d800 Uncommon trap: reason=unstable_if action=reinterpret pc=0x00007f05a1190ea8 method=java.util.HashMap.hash(Ljava/lang/Object;)I @ 1
Event: 3.934 Thread 0x00007f05b000d800 Uncommon trap: reason=array_check action=maybe_recompile pc=0x00007f05a16327fc method=org.eclipse.emf.common.util.BasicEList.assign(ILjava/lang/Object;)Ljava/lang/Object; @ 6
Event: 3.934 Thread 0x00007f05b000d800 Uncommon trap: reason=array_check action=maybe_recompile pc=0x00007f05a16327fc method=org.eclipse.emf.common.util.BasicEList.assign(ILjava/lang/Object;)Ljava/lang/Object; @ 6
Event: 3.934 Thread 0x00007f05b000d800 Uncommon trap: reason=array_check action=maybe_recompile pc=0x00007f05a16327fc method=org.eclipse.emf.common.util.BasicEList.assign(ILjava/lang/Object;)Ljava/lang/Object; @ 6
Event: 3.934 Thread 0x00007f05b000d800 Uncommon trap: reason=bimorphic action=maybe_recompile pc=0x00007f05a151cb50 method=org.eclipse.emf.ecore.util.EContentsEList$FeatureIteratorImpl.hasNext()Z @ 279
Event: 3.934 Thread 0x00007f05b000d800 Uncommon trap: reason=array_check action=maybe_recompile pc=0x00007f05a16327fc method=org.eclipse.emf.common.util.BasicEList.assign(ILjava/lang/Object;)Ljava/lang/Object; @ 6
Event: 3.934 Thread 0x00007f05b000d800 Uncommon trap: reason=bimorphic action=maybe_recompile pc=0x00007f05a151cb50 method=org.eclipse.emf.ecore.util.EContentsEList$FeatureIteratorImpl.hasNext()Z @ 279
Event: 38643.164 Thread 0x00007f05b000d800 Uncommon trap: reason=null_check action=make_not_entrant pc=0x00007f05a165f96c method=java.lang.StringCoding.deref(Ljava/lang/ThreadLocal;)Ljava/lang/Object; @ 4

Internal exceptions (10 events):
Event: 38591.782 Thread 0x00007f05b000d800 Exception <a 'java/io/IOException'> (0x00000000d90fb808) thrown at [/build/openjdk-8-YiEakL/openjdk-8-8u121-b13/src/hotspot/src/share/vm/prims/jni.cpp, line 709]
Event: 38592.060 Thread 0x00007f05b000d800 Exception <a 'java/io/IOException'> (0x00000000d90fbaa0) thrown at [/build/openjdk-8-YiEakL/openjdk-8-8u121-b13/src/hotspot/src/share/vm/prims/jni.cpp, line 709]
Event: 38592.060 Thread 0x00007f05b000d800 Exception <a 'java/io/IOException'> (0x00000000d90fbd08) thrown at [/build/openjdk-8-YiEakL/openjdk-8-8u121-b13/src/hotspot/src/share/vm/prims/jni.cpp, line 709]
Event: 38602.928 Thread 0x00007f05b000d800 Exception <a 'java/io/IOException'> (0x00000000d90fc4f8) thrown at [/build/openjdk-8-YiEakL/openjdk-8-8u121-b13/src/hotspot/src/share/vm/prims/jni.cpp, line 709]
Event: 38603.386 Thread 0x00007f05b000d800 Exception <a 'java/io/IOException'> (0x00000000d90fc790) thrown at [/build/openjdk-8-YiEakL/openjdk-8-8u121-b13/src/hotspot/src/share/vm/prims/jni.cpp, line 709]
Event: 38603.386 Thread 0x00007f05b000d800 Exception <a 'java/io/IOException'> (0x00000000d90fc9f8) thrown at [/build/openjdk-8-YiEakL/openjdk-8-8u121-b13/src/hotspot/src/share/vm/prims/jni.cpp, line 709]
Event: 38603.925 Thread 0x00007f05b000d800 Exception <a 'java/io/IOException'> (0x00000000d90fcfb0) thrown at [/build/openjdk-8-YiEakL/openjdk-8-8u121-b13/src/hotspot/src/share/vm/prims/jni.cpp, line 709]
Event: 38603.926 Thread 0x00007f05b000d800 Exception <a 'java/io/IOException'> (0x00000000d90fd248) thrown at [/build/openjdk-8-YiEakL/openjdk-8-8u121-b13/src/hotspot/src/share/vm/prims/jni.cpp, line 709]
Event: 38603.926 Thread 0x00007f05b000d800 Exception <a 'java/io/IOException'> (0x00000000d90fd4b0) thrown at [/build/openjdk-8-YiEakL/openjdk-8-8u121-b13/src/hotspot/src/share/vm/prims/jni.cpp, line 709]
Event: 38642.687 Thread 0x00007f05b000d800 Implicit null exception at 0x00007f05a165f34d to 0x00007f05a165f955

Events (10 events):
Event: 38608.480 Thread 0x00007f05b000d800 Thread exited: 0x00007f05b000d800
Event: 38610.114 Thread 0x00007f05b000d800 Thread added: 0x00007f05b000d800
Event: 38613.988 loading class java/util/IdentityHashMap$KeyIterator
Event: 38616.485 loading class java/util/IdentityHashMap$KeyIterator done
Event: 38617.593 Thread 0x00007f05b0911800 Thread added: 0x00007f05b0911800
Event: 38635.181 Thread 0x00007f05b0911800 Thread exited: 0x00007f05b0911800
Event: 38642.897 Thread 0x00007f05b000d800 Uncommon trap: trap_request=0xfffffff4 fr.pc=0x00007f05a165f96c
Event: 38644.561 Thread 0x00007f05b000d800 DEOPT PACKING pc=0x00007f05a165f96c sp=0x00007f05b8d041c0
Event: 38644.561 Thread 0x00007f05b000d800 DEOPT UNPACKING pc=0x00007f05a1004f69 sp=0x00007f05b8d040c0 mode 2
Event: 38645.974 Thread 0x00007f05b000d800 Thread exited: 0x00007f05b000d800


Dynamic libraries:
00400000-00401000 r-xp 00000000 08:09 7087821                            /usr/lib/jvm/java-8-openjdk-amd64/jre/bin/java
00600000-00601000 r--p 00000000 08:09 7087821                            /usr/lib/jvm/java-8-openjdk-amd64/jre/bin/java
00601000-00602000 rw-p 00001000 08:09 7087821                            /usr/lib/jvm/java-8-openjdk-amd64/jre/bin/java
01f7b000-01f9c000 rw-p 00000000 00:00 0                                  [heap]
84a00000-89d00000 rw-p 00000000 00:00 0 
89d00000-d6e00000 ---p 00000000 00:00 0 
d6e00000-db600000 rw-p 00000000 00:00 0 
db600000-100000000 ---p 00000000 00:00 0 
100000000-100280000 rw-p 00000000 00:00 0 
100280000-140000000 ---p 00000000 00:00 0 
7f0554000000-7f0554021000 rw-p 00000000 00:00 0 
7f0554021000-7f0558000000 ---p 00000000 00:00 0 
7f055c000000-7f055c021000 rw-p 00000000 00:00 0 
7f055c021000-7f0560000000 ---p 00000000 00:00 0 
7f0560000000-7f0560021000 rw-p 00000000 00:00 0 
7f0560021000-7f0564000000 ---p 00000000 00:00 0 
7f0564000000-7f0564021000 rw-p 00000000 00:00 0 
7f0564021000-7f0568000000 ---p 00000000 00:00 0 
7f0568000000-7f0568021000 rw-p 00000000 00:00 0 
7f0568021000-7f056c000000 ---p 00000000 00:00 0 
7f056c000000-7f056c8bb000 rw-p 00000000 00:00 0 
7f056c8bb000-7f0570000000 ---p 00000000 00:00 0 
7f0570000000-7f05707c9000 rw-p 00000000 00:00 0 
7f05707c9000-7f0574000000 ---p 00000000 00:00 0 
7f0574000000-7f0574021000 rw-p 00000000 00:00 0 
7f0574021000-7f0578000000 ---p 00000000 00:00 0 
7f0578000000-7f0578f8b000 rw-p 00000000 00:00 0 
7f0578f8b000-7f057c000000 ---p 00000000 00:00 0 
7f057c000000-7f057c021000 rw-p 00000000 00:00 0 
7f057c021000-7f0580000000 ---p 00000000 00:00 0 
7f0580000000-7f0580021000 rw-p 00000000 00:00 0 
7f0580021000-7f0584000000 ---p 00000000 00:00 0 
7f0584000000-7f0584021000 rw-p 00000000 00:00 0 
7f0584021000-7f0588000000 ---p 00000000 00:00 0 
7f05896e7000-7f05896ea000 ---p 00000000 00:00 0 
7f05896ea000-7f0589868000 rw-p 00000000 00:00 0 
7f0589868000-7f05899e8000 ---p 00000000 00:00 0 
7f05899e8000-7f0589a5d000 r-xp 00000000 08:09 26877385                   /home/hrishi/workspace/Console/.jnimap.temp.linux_64/libgmp.so.10 (deleted)
7f0589a5d000-7f0589c5c000 ---p 00075000 08:09 26877385                   /home/hrishi/workspace/Console/.jnimap.temp.linux_64/libgmp.so.10 (deleted)
7f0589c5c000-7f0589c5e000 rw-p 00074000 08:09 26877385                   /home/hrishi/workspace/Console/.jnimap.temp.linux_64/libgmp.so.10 (deleted)
7f0589c5e000-7f0589dc6000 r-xp 00000000 08:09 26877384                   /home/hrishi/workspace/Console/.jnimap.temp.linux_64/libisl.so.13 (deleted)
7f0589dc6000-7f0589fc5000 ---p 00168000 08:09 26877384                   /home/hrishi/workspace/Console/.jnimap.temp.linux_64/libisl.so.13 (deleted)
7f0589fc5000-7f0589fcc000 rw-p 00167000 08:09 26877384                   /home/hrishi/workspace/Console/.jnimap.temp.linux_64/libisl.so.13 (deleted)
7f0589fcc000-7f058a051000 r-xp 00000000 08:09 26877386                   /home/hrishi/workspace/Console/.jnimap.temp.linux_64/linux_64_libjniisl.so (deleted)
7f058a051000-7f058a250000 ---p 00085000 08:09 26877386                   /home/hrishi/workspace/Console/.jnimap.temp.linux_64/linux_64_libjniisl.so (deleted)
7f058a250000-7f058a253000 rw-p 00084000 08:09 26877386                   /home/hrishi/workspace/Console/.jnimap.temp.linux_64/linux_64_libjniisl.so (deleted)
7f058a253000-7f058a453000 rw-p 00000000 00:00 0 
7f058a453000-7f058a653000 rw-p 00000000 00:00 0 
7f058a653000-7f058a853000 rw-p 00000000 00:00 0 
7f058a853000-7f058a856000 ---p 00000000 00:00 0 
7f058a856000-7f058ab54000 rw-p 00000000 00:00 0 
7f058ab54000-7f058ab57000 ---p 00000000 00:00 0 
7f058ab57000-7f058ac55000 rw-p 00000000 00:00 0 
7f058ad2d000-7f058ad30000 r--s 00015000 08:09 7085469                    /usr/lib/jvm/java-8-openjdk-amd64/jre/lib/jce.jar
7f058ad30000-7f058ad34000 r--s 0009a000 08:09 7085467                    /usr/lib/jvm/java-8-openjdk-amd64/jre/lib/jsse.jar
7f058ad34000-7f058ad37000 r--s 00014000 08:09 26516293                   /home/hrishi/.eclipse/org.eclipse.platform_4.6.0_1473617060_linux_gtk_x86_64/plugins/fr.irisa.r2d2.parser.runtime_1.0.0.201612051604.jar
7f058ad37000-7f058ad3f000 r--s 0003c000 08:09 26516292                   /home/hrishi/.eclipse/org.eclipse.platform_4.6.0_1473617060_linux_gtk_x86_64/plugins/fr.irisa.r2d2.gecos.framework_1.0.0.201612051604.jar
7f058ad3f000-7f058ad49000 r--s 0006c000 08:09 26516357                   /home/hrishi/.eclipse/org.eclipse.platform_4.6.0_1473617060_linux_gtk_x86_64/plugins/org.eclipse.xtext.common.types_2.10.0.v201605250459.jar
7f058ad49000-7f058ad79000 r--s 0044d000 08:09 26516369                   /home/hrishi/.eclipse/org.eclipse.platform_4.6.0_1473617060_linux_gtk_x86_64/plugins/org.eclipse.xtext.xbase_2.10.0.v201605250459.jar
7f058ad79000-7f058ad7c000 r--s 0000f000 08:09 26516352                   /home/hrishi/.eclipse/org.eclipse.platform_4.6.0_1473617060_linux_gtk_x86_64/plugins/org.eclipse.xtend.lib.macro_2.10.0.v201605250459.jar
7f058ad7c000-7f058ad80000 r--s 00035000 08:09 26516351                   /home/hrishi/.eclipse/org.eclipse.platform_4.6.0_1473617060_linux_gtk_x86_64/plugins/org.eclipse.xtend.lib_2.10.0.v201605250459.jar
7f058ad80000-7f058ad81000 r--s 00001000 08:09 26516354                   /home/hrishi/.eclipse/org.eclipse.platform_4.6.0_1473617060_linux_gtk_x86_64/plugins/org.eclipse.xtend2.lib_2.10.0.v201605250459.jar
7f058ad81000-7f058ad87000 r--s 0003f000 08:09 26516368                   /home/hrishi/.eclipse/org.eclipse.platform_4.6.0_1473617060_linux_gtk_x86_64/plugins/org.eclipse.xtext.util_2.10.0.v201605250459.jar
7f058ad87000-7f058adb8000 r--s 0024b000 08:09 26516355                   /home/hrishi/.eclipse/org.eclipse.platform_4.6.0_1473617060_linux_gtk_x86_64/plugins/org.eclipse.xtext_2.10.0.v201605250459.jar
7f058adb8000-7f058adc0000 r--s 00061000 08:09 26516277                   /home/hrishi/.eclipse/org.eclipse.platform_4.6.0_1473617060_linux_gtk_x86_64/plugins/edu.csu.melange.alphabets_0.9.6.201612051604.jar
7f058adc0000-7f058adc3000 r--s 00024000 08:09 26516337                   /home/hrishi/.eclipse/org.eclipse.platform_4.6.0_1473617060_linux_gtk_x86_64/plugins/org.polymodel.scop.dtiler_1.0.0.201612051604.jar
7f058adc3000-7f058adc8000 r--s 0002a000 08:09 26516334                   /home/hrishi/.eclipse/org.eclipse.platform_4.6.0_1473617060_linux_gtk_x86_64/plugins/org.polymodel.scop_1.0.0.201612051604.jar
7f058adc8000-7f058addb000 r--s 0012e000 08:09 26516300                   /home/hrishi/.eclipse/org.eclipse.platform_4.6.0_1473617060_linux_gtk_x86_64/plugins/org.polymodel.polyhedralIR.codegen_1.0.0.201612051604.jar
7f058addb000-7f058adde000 r--s 008e1000 08:09 26516287                   /home/hrishi/.eclipse/org.eclipse.platform_4.6.0_1473617060_linux_gtk_x86_64/plugins/fr.irisa.cairn.jnimap.cloog_1.0.0.201612051604.jar
7f058adde000-7f058ade2000 r--s 00031000 08:09 26516341                   /home/hrishi/.eclipse/org.eclipse.platform_4.6.0_1473617060_linux_gtk_x86_64/plugins/org.antlr.runtime_3.2.0.v201101311130.jar
7f058ade2000-7f058adea000 r--s 0005e000 08:09 10748531                   /opt/eclipse/plugins/org.apache.log4j_1.2.15.v201012070815.jar
7f058adea000-7f058af1a000 r--s 010bc000 08:09 28708362                   /home/hrishi/.eclipse/org.eclipse.platform_4.6.0_1473617060_linux_gtk_x86_64/plugins/fr.irisa.cairn.eclipse.tom_2.10.0.201612051604/libs/aircube-bundle.jar
7f058af1a000-7f058af1b000 ---p 00000000 00:00 0 
7f058af1b000-7f058b01b000 rw-p 00000000 00:00 0 
7f058b01b000-7f058b01e000 ---p 00000000 00:00 0 
7f058b01e000-7f058b11c000 rw-p 00000000 00:00 0 
7f058b11c000-7f058b11f000 ---p 00000000 00:00 0 
7f058b11f000-7f058b21d000 rw-p 00000000 00:00 0 
7f058b21d000-7f058b220000 ---p 00000000 00:00 0 
7f058b220000-7f058b31e000 rw-p 00000000 00:00 0 
7f058b31e000-7f058b321000 ---p 00000000 00:00 0 
7f058b321000-7f058b41f000 rw-p 00000000 00:00 0 
7f058b41f000-7f058b422000 ---p 00000000 00:00 0 
7f058b422000-7f058b520000 rw-p 00000000 00:00 0 
7f058b520000-7f058b7f8000 r--p 00000000 08:09 2887360                    /usr/lib/locale/locale-archive
7f058b7f8000-7f058b7fb000 ---p 00000000 00:00 0 
7f058b7fb000-7f058b8f9000 rw-p 00000000 00:00 0 
7f058b8f9000-7f058b8fc000 ---p 00000000 00:00 0 
7f058b8fc000-7f058b9fa000 rw-p 00000000 00:00 0 
7f058b9fa000-7f058b9fb000 ---p 00000000 00:00 0 
7f058b9fb000-7f058c000000 rw-p 00000000 00:00 0 
7f058c000000-7f058c021000 rw-p 00000000 00:00 0 
7f058c021000-7f0590000000 ---p 00000000 00:00 0 
7f0590000000-7f0590001000 r--s 00008000 08:09 26516336                   /home/hrishi/.eclipse/org.eclipse.platform_4.6.0_1473617060_linux_gtk_x86_64/plugins/org.polymodel.scop.cgenerator2_1.0.0.201612051604.jar
7f0590001000-7f0590002000 r--s 00001000 08:09 26516335                   /home/hrishi/.eclipse/org.eclipse.platform_4.6.0_1473617060_linux_gtk_x86_64/plugins/org.polymodel.scop.bridge.clast_1.0.0.201612051604.jar
7f0590002000-7f0590003000 r--s 00011000 08:09 10748494                   /opt/eclipse/plugins/org.apache.commons.logging_1.1.1.v201101211721.jar
7f0590003000-7f0590005000 r--s 00008000 08:09 26516346                   /home/hrishi/.eclipse/org.eclipse.platform_4.6.0_1473617060_linux_gtk_x86_64/plugins/org.eclipse.emf.mwe.utils_1.3.20.v201605261103.jar
7f0590005000-7f0590006000 r--s 00003000 08:09 26516348                   /home/hrishi/.eclipse/org.eclipse.platform_4.6.0_1473617060_linux_gtk_x86_64/plugins/org.eclipse.emf.mwe2.runtime_2.9.0.v201605261103.jar
7f0590006000-7f059000c000 r--s 0002a000 08:09 26516345                   /home/hrishi/.eclipse/org.eclipse.platform_4.6.0_1473617060_linux_gtk_x86_64/plugins/org.eclipse.emf.mwe.core_1.3.20.v201605261103.jar
7f059000c000-7f059000e000 r--s 00009000 08:09 26516279                   /home/hrishi/.eclipse/org.eclipse.platform_4.6.0_1473617060_linux_gtk_x86_64/plugins/edu.csu.melange.affineLattice_1.0.0.jar
7f059000e000-7f0590010000 r--s 00000000 08:09 26516338                   /home/hrishi/.eclipse/org.eclipse.platform_4.6.0_1473617060_linux_gtk_x86_64/plugins/tom.mapping_1.0.0.201612051604.jar
7f0590010000-7f0590017000 r--s 0004d000 08:09 26516333                   /home/hrishi/.eclipse/org.eclipse.platform_4.6.0_1473617060_linux_gtk_x86_64/plugins/org.polymodel.prdg.scheduling_1.0.0.201612051604.jar
7f0590017000-7f059001a000 r--s 0001f000 08:09 26516370                   /home/hrishi/.eclipse/org.eclipse.platform_4.6.0_1473617060_linux_gtk_x86_64/plugins/org.eclipse.xtext.xbase.lib_2.10.0.v201605250459.jar
7f059001a000-7f0590024000 r--s 000a4000 08:09 26516295                   /home/hrishi/.eclipse/org.eclipse.platform_4.6.0_1473617060_linux_gtk_x86_64/plugins/org.polymodel.algebra_1.0.0.201612051604.jar
7f0590024000-7f059004e000 r--s 001ff000 08:09 10749007                   /opt/eclipse/plugins/com.google.guava_15.0.0.v201403281430.jar
7f059004e000-7f0594000000 rw-p 00000000 00:00 0 
7f0594000000-7f0594021000 rw-p 00000000 00:00 0 
7f0594021000-7f0598000000 ---p 00000000 00:00 0 
7f0598000000-7f0598021000 rw-p 00000000 00:00 0 
7f0598021000-7f059c000000 ---p 00000000 00:00 0 
7f059c000000-7f059c021000 rw-p 00000000 00:00 0 
7f059c021000-7f05a0000000 ---p 00000000 00:00 0 
7f05a0000000-7f05a0001000 r--s 0000b000 08:09 26516339                   /home/hrishi/.eclipse/org.eclipse.platform_4.6.0_1473617060_linux_gtk_x86_64/plugins/org.apache.commons.cli_1.2.0.v201404270220.jar
7f05a0001000-7f05a0003000 r--s 00004000 08:09 26516299                   /home/hrishi/.eclipse/org.eclipse.platform_4.6.0_1473617060_linux_gtk_x86_64/plugins/org.polymodel.matrix_1.0.0.201612051604.jar
7f05a0003000-7f05a0005000 r--s 00005000 08:09 26516332                   /home/hrishi/.eclipse/org.eclipse.platform_4.6.0_1473617060_linux_gtk_x86_64/plugins/org.polymodel.prdg.adapter_1.0.0.201612051604.jar
7f05a0005000-7f05a0007000 r--s 00009000 08:09 26516301                   /home/hrishi/.eclipse/org.eclipse.platform_4.6.0_1473617060_linux_gtk_x86_64/plugins/org.polymodel.prdg_1.0.0.201612051604.jar
7f05a0007000-7f05a0009000 r--s 00013000 08:09 26516297                   /home/hrishi/.eclipse/org.eclipse.platform_4.6.0_1473617060_linux_gtk_x86_64/plugins/org.polymodel.isl_1.0.0.201612051604.jar
7f05a0009000-7f05a000c000 r--s 0002b000 08:09 26516294                   /home/hrishi/.eclipse/org.eclipse.platform_4.6.0_1473617060_linux_gtk_x86_64/plugins/org.polymodel_1.0.0.201612051604.jar
7f05a000c000-7f05a000d000 r--s 0000f000 08:09 28708338                   /home/hrishi/.eclipse/org.eclipse.platform_4.6.0_1473617060_linux_gtk_x86_64/plugins/fr.irisa.cairn.tools_1.0.0.201612051604/lib/javatuples-1.2.jar
7f05a000d000-7f05a000e000 r--s 0000b000 08:09 28708337                   /home/hrishi/.eclipse/org.eclipse.platform_4.6.0_1473617060_linux_gtk_x86_64/plugins/fr.irisa.cairn.tools_1.0.0.201612051604/lib/javatuples-1.2-sources.jar
7f05a000e000-7f05a0011000 r--s 00037000 08:09 28708336                   /home/hrishi/.eclipse/org.eclipse.platform_4.6.0_1473617060_linux_gtk_x86_64/plugins/fr.irisa.cairn.tools_1.0.0.201612051604/lib/javatuples-1.2-javadoc.jar
7f05a0011000-7f05a0012000 r--s 00000000 08:09 26516289                   /home/hrishi/.eclipse/org.eclipse.platform_4.6.0_1473617060_linux_gtk_x86_64/plugins/fr.irisa.cairn.jnimap.runtime_1.0.0.201612051604.jar
7f05a0012000-7f05a0017000 r--s 00b6c000 08:09 26516288                   /home/hrishi/.eclipse/org.eclipse.platform_4.6.0_1473617060_linux_gtk_x86_64/plugins/fr.irisa.cairn.jnimap.isl_2.1.0.201612051604.jar
7f05a0017000-7f05a0019000 r--s 00007000 08:09 26516286                   /home/hrishi/.eclipse/org.eclipse.platform_4.6.0_1473617060_linux_gtk_x86_64/plugins/fr.irisa.cairn.graph.guice_1.0.0.201612051604.jar
7f05a0019000-7f05a001b000 r--s 00009000 08:09 10748202                   /opt/eclipse/plugins/com.google.inject.multibindings_3.0.0.v201605172100.jar
7f05a001b000-7f05a0026000 r--s 00077000 08:09 10748760                   /opt/eclipse/plugins/com.google.inject_3.0.0.v201605172100.jar
7f05a0026000-7f05a003e000 r--s 0015b000 08:09 28061747                   /home/hrishi/.eclipse/org.eclipse.platform_4.6.0_1473617060_linux_gtk_x86_64/plugins/fr.irisa.cairn.graph_1.0.0.201612051604/lib/jgrapht-ext-0.9.1-uber.jar
7f05a003e000-7f05a006e000 rw-p 00000000 00:00 0 
7f05a006e000-7f05a0072000 r--s 00035000 08:09 10748985                   /opt/eclipse/plugins/org.eclipse.emf.ecore.xmi_2.12.0.v20160420-0247.jar
7f05a0072000-7f05a0079000 r--s 00051000 08:09 10748503                   /opt/eclipse/plugins/org.eclipse.emf.common_2.12.0.v20160420-0247.jar
7f05a0079000-7f05a008b000 r--s 00111000 08:09 10748217                   /opt/eclipse/plugins/org.eclipse.emf.ecore_2.12.0.v20160420-0247.jar
7f05a008b000-7f05a0090000 r--s 00030000 08:09 10748396                   /opt/eclipse/plugins/org.eclipse.ui.console_3.6.200.v20160518-1858.jar
7f05a0090000-7f05a00d2000 r--s 00398000 08:09 10748311                   /opt/eclipse/plugins/org.eclipse.ui.workbench_3.108.0.v20160602-1232.jar
7f05a00d2000-7f05a00e4000 r--s 000f8000 08:09 10748780                   /opt/eclipse/plugins/org.eclipse.jface_3.12.0.v20160518-1929.jar
7f05a00e4000-7f05a00f9000 r--s 0028f000 08:09 10748863                   /opt/eclipse/plugins/org.eclipse.swt.gtk.linux.x86_64_3.105.0.v20160603-0902.jar
7f05a00f9000-7f05a1000000 rw-p 00000000 00:00 0 
7f05a1000000-7f05a16f0000 rwxp 00000000 00:00 0 
7f05a16f0000-7f05b0000000 ---p 00000000 00:00 0 
7f05b0000000-7f05b0cd3000 rw-p 00000000 00:00 0 
7f05b0cd3000-7f05b4000000 ---p 00000000 00:00 0 
7f05b4000000-7f05b4001000 r--s 00002000 08:09 10748530                   /opt/eclipse/plugins/org.eclipse.e4.ui.workbench3_0.13.100.v20160506-0759.jar
7f05b4001000-7f05b4005000 r--s 00019000 08:09 10748602                   /opt/eclipse/plugins/org.eclipse.core.commands_3.8.0.v20160316-1921.jar
7f05b4005000-7f05b400e000 r--s 00058000 08:09 10748604                   /opt/eclipse/plugins/org.eclipse.ui_3.108.0.v20160518-1929.jar
7f05b400e000-7f05b4010000 r--s 00014000 08:09 10748222                   /opt/eclipse/plugins/org.eclipse.equinox.app_1.3.400.v20150715-1528.jar
7f05b4010000-7f05b4012000 r--s 00017000 08:09 10748774                   /opt/eclipse/plugins/org.eclipse.core.contenttype_3.5.100.v20160418-1621.jar
7f05b4012000-7f05b4015000 r--s 0001e000 08:09 10748508                   /opt/eclipse/plugins/org.eclipse.equinox.preferences_3.6.0.v20160120-1756.jar
7f05b4015000-7f05b4019000 r--s 0002a000 08:09 10749014                   /opt/eclipse/plugins/org.eclipse.equinox.registry_3.6.100.v20160223-2218.jar
7f05b4019000-7f05b401c000 r--s 00019000 08:09 10748931                   /opt/eclipse/plugins/org.eclipse.core.jobs_3.8.0.v20160509-0411.jar
7f05b401c000-7f05b401f000 r--s 0001b000 08:09 10748983                   /opt/eclipse/plugins/org.eclipse.equinox.common_3.8.0.v20160509-1230.jar
7f05b401f000-7f05b4022000 r--s 00039000 08:09 10748174                   /opt/eclipse/plugins/org.eclipse.osgi.compatibility.state_1.0.200.v20160504-1419.jar
7f05b4022000-7f05b4037000 r--s 0013d000 08:09 10748755                   /opt/eclipse/plugins/org.eclipse.osgi_3.11.0.v20160603-1336.jar
7f05b4037000-7f05b4039000 r--s 00003000 08:09 10748526                   /opt/eclipse/plugins/javax.inject_1.0.0.v20091030.jar
7f05b4039000-7f05b403b000 r--s 00011000 08:09 10748883                   /opt/eclipse/plugins/org.eclipse.core.runtime_3.12.0.v20160606-1342.jar
7f05b403b000-7f05b403f000 r--s 00037000 08:09 7085460                    /usr/lib/jvm/java-8-openjdk-amd64/jre/lib/ext/sunpkcs11.jar
7f05b403f000-7f05b4042000 r--s 0000f000 08:09 7085457                    /usr/lib/jvm/java-8-openjdk-amd64/jre/lib/ext/icedtea-sound.jar
7f05b4042000-7f05b404c000 r--s 00116000 08:09 7085461                    /usr/lib/jvm/java-8-openjdk-amd64/jre/lib/ext/localedata.jar
7f05b404c000-7f05b4051000 r--s 0003b000 08:09 7085462                    /usr/lib/jvm/java-8-openjdk-amd64/jre/lib/ext/sunjce_provider.jar
7f05b4051000-7f05b406c000 r--s 001d6000 08:09 7085455                    /usr/lib/jvm/java-8-openjdk-amd64/jre/lib/ext/nashorn.jar
7f05b406c000-7f05b423e000 rw-p 00000000 00:00 0 
7f05b423e000-7f05b440c000 r--s 03c06000 08:09 7087811                    /usr/lib/jvm/java-8-openjdk-amd64/jre/lib/rt.jar
7f05b440c000-7f05b485d000 rw-p 00000000 00:00 0 
7f05b485d000-7f05b485e000 ---p 00000000 00:00 0 
7f05b485e000-7f05b495e000 rw-p 00000000 00:00 0 
7f05b495e000-7f05b495f000 ---p 00000000 00:00 0 
7f05b495f000-7f05b4a5f000 rw-p 00000000 00:00 0 
7f05b4a5f000-7f05b4a60000 ---p 00000000 00:00 0 
7f05b4a60000-7f05b4b60000 rw-p 00000000 00:00 0 
7f05b4b60000-7f05b4b61000 ---p 00000000 00:00 0 
7f05b4b61000-7f05b4c8b000 rw-p 00000000 00:00 0 
7f05b4c8b000-7f05b4ef3000 ---p 00000000 00:00 0 
7f05b4ef3000-7f05b4f1d000 rw-p 00000000 00:00 0 
7f05b4f1d000-7f05b5185000 ---p 00000000 00:00 0 
7f05b5185000-7f05b51a9000 rw-p 00000000 00:00 0 
7f05b51a9000-7f05b52ce000 ---p 00000000 00:00 0 
7f05b52ce000-7f05b52eb000 rw-p 00000000 00:00 0 
7f05b52eb000-7f05b568f000 ---p 00000000 00:00 0 
7f05b568f000-7f05b5697000 r-xp 00000000 08:09 7085419                    /usr/lib/jvm/java-8-openjdk-amd64/jre/lib/amd64/libzip.so
7f05b5697000-7f05b5896000 ---p 00008000 08:09 7085419                    /usr/lib/jvm/java-8-openjdk-amd64/jre/lib/amd64/libzip.so
7f05b5896000-7f05b5897000 r--p 00007000 08:09 7085419                    /usr/lib/jvm/java-8-openjdk-amd64/jre/lib/amd64/libzip.so
7f05b5897000-7f05b5898000 rw-p 00008000 08:09 7085419                    /usr/lib/jvm/java-8-openjdk-amd64/jre/lib/amd64/libzip.so
7f05b5898000-7f05b58a3000 r-xp 00000000 08:09 24382890                   /lib/x86_64-linux-gnu/libnss_files-2.23.so
7f05b58a3000-7f05b5aa2000 ---p 0000b000 08:09 24382890                   /lib/x86_64-linux-gnu/libnss_files-2.23.so
7f05b5aa2000-7f05b5aa3000 r--p 0000a000 08:09 24382890                   /lib/x86_64-linux-gnu/libnss_files-2.23.so
7f05b5aa3000-7f05b5aa4000 rw-p 0000b000 08:09 24382890                   /lib/x86_64-linux-gnu/libnss_files-2.23.so
7f05b5aa4000-7f05b5aaa000 rw-p 00000000 00:00 0 
7f05b5aaa000-7f05b5ab5000 r-xp 00000000 08:09 24382881                   /lib/x86_64-linux-gnu/libnss_nis-2.23.so
7f05b5ab5000-7f05b5cb4000 ---p 0000b000 08:09 24382881                   /lib/x86_64-linux-gnu/libnss_nis-2.23.so
7f05b5cb4000-7f05b5cb5000 r--p 0000a000 08:09 24382881                   /lib/x86_64-linux-gnu/libnss_nis-2.23.so
7f05b5cb5000-7f05b5cb6000 rw-p 0000b000 08:09 24382881                   /lib/x86_64-linux-gnu/libnss_nis-2.23.so
7f05b5cb6000-7f05b5ccc000 r-xp 00000000 08:09 24382883                   /lib/x86_64-linux-gnu/libnsl-2.23.so
7f05b5ccc000-7f05b5ecb000 ---p 00016000 08:09 24382883                   /lib/x86_64-linux-gnu/libnsl-2.23.so
7f05b5ecb000-7f05b5ecc000 r--p 00015000 08:09 24382883                   /lib/x86_64-linux-gnu/libnsl-2.23.so
7f05b5ecc000-7f05b5ecd000 rw-p 00016000 08:09 24382883                   /lib/x86_64-linux-gnu/libnsl-2.23.so
7f05b5ecd000-7f05b5ecf000 rw-p 00000000 00:00 0 
7f05b5ecf000-7f05b5ed7000 r-xp 00000000 08:09 24382892                   /lib/x86_64-linux-gnu/libnss_compat-2.23.so
7f05b5ed7000-7f05b60d6000 ---p 00008000 08:09 24382892                   /lib/x86_64-linux-gnu/libnss_compat-2.23.so
7f05b60d6000-7f05b60d7000 r--p 00007000 08:09 24382892                   /lib/x86_64-linux-gnu/libnss_compat-2.23.so
7f05b60d7000-7f05b60d8000 rw-p 00008000 08:09 24382892                   /lib/x86_64-linux-gnu/libnss_compat-2.23.so
7f05b60d8000-7f05b6105000 r-xp 00000000 08:09 7085444                    /usr/lib/jvm/java-8-openjdk-amd64/jre/lib/amd64/libjava.so
7f05b6105000-7f05b6304000 ---p 0002d000 08:09 7085444                    /usr/lib/jvm/java-8-openjdk-amd64/jre/lib/amd64/libjava.so
7f05b6304000-7f05b6305000 r--p 0002c000 08:09 7085444                    /usr/lib/jvm/java-8-openjdk-amd64/jre/lib/amd64/libjava.so
7f05b6305000-7f05b6307000 rw-p 0002d000 08:09 7085444                    /usr/lib/jvm/java-8-openjdk-amd64/jre/lib/amd64/libjava.so
7f05b6307000-7f05b6316000 r-xp 00000000 08:09 7085412                    /usr/lib/jvm/java-8-openjdk-amd64/jre/lib/amd64/libverify.so
7f05b6316000-7f05b6515000 ---p 0000f000 08:09 7085412                    /usr/lib/jvm/java-8-openjdk-amd64/jre/lib/amd64/libverify.so
7f05b6515000-7f05b6517000 r--p 0000e000 08:09 7085412                    /usr/lib/jvm/java-8-openjdk-amd64/jre/lib/amd64/libverify.so
7f05b6517000-7f05b6518000 rw-p 00010000 08:09 7085412                    /usr/lib/jvm/java-8-openjdk-amd64/jre/lib/amd64/libverify.so
7f05b6518000-7f05b651f000 r-xp 00000000 08:09 24382893                   /lib/x86_64-linux-gnu/librt-2.23.so
7f05b651f000-7f05b671e000 ---p 00007000 08:09 24382893                   /lib/x86_64-linux-gnu/librt-2.23.so
7f05b671e000-7f05b671f000 r--p 00006000 08:09 24382893                   /lib/x86_64-linux-gnu/librt-2.23.so
7f05b671f000-7f05b6720000 rw-p 00007000 08:09 24382893                   /lib/x86_64-linux-gnu/librt-2.23.so
7f05b6720000-7f05b6736000 r-xp 00000000 08:09 24383888                   /lib/x86_64-linux-gnu/libgcc_s.so.1
7f05b6736000-7f05b6935000 ---p 00016000 08:09 24383888                   /lib/x86_64-linux-gnu/libgcc_s.so.1
7f05b6935000-7f05b6936000 rw-p 00015000 08:09 24383888                   /lib/x86_64-linux-gnu/libgcc_s.so.1
7f05b6936000-7f05b6a3e000 r-xp 00000000 08:09 24382882                   /lib/x86_64-linux-gnu/libm-2.23.so
7f05b6a3e000-7f05b6c3d000 ---p 00108000 08:09 24382882                   /lib/x86_64-linux-gnu/libm-2.23.so
7f05b6c3d000-7f05b6c3e000 r--p 00107000 08:09 24382882                   /lib/x86_64-linux-gnu/libm-2.23.so
7f05b6c3e000-7f05b6c3f000 rw-p 00108000 08:09 24382882                   /lib/x86_64-linux-gnu/libm-2.23.so
7f05b6c3f000-7f05b6db1000 r-xp 00000000 08:09 2888511                    /usr/lib/x86_64-linux-gnu/libstdc++.so.6.0.21
7f05b6db1000-7f05b6fb1000 ---p 00172000 08:09 2888511                    /usr/lib/x86_64-linux-gnu/libstdc++.so.6.0.21
7f05b6fb1000-7f05b6fbb000 r--p 00172000 08:09 2888511                    /usr/lib/x86_64-linux-gnu/libstdc++.so.6.0.21
7f05b6fbb000-7f05b6fbd000 rw-p 0017c000 08:09 2888511                    /usr/lib/x86_64-linux-gnu/libstdc++.so.6.0.21
7f05b6fbd000-7f05b6fc1000 rw-p 00000000 00:00 0 
7f05b6fc1000-7f05b7c11000 r-xp 00000000 08:09 7085439                    /usr/lib/jvm/java-8-openjdk-amd64/jre/lib/amd64/server/libjvm.so
7f05b7c11000-7f05b7e10000 ---p 00c50000 08:09 7085439                    /usr/lib/jvm/java-8-openjdk-amd64/jre/lib/amd64/server/libjvm.so
7f05b7e10000-7f05b7ea3000 r--p 00c4f000 08:09 7085439                    /usr/lib/jvm/java-8-openjdk-amd64/jre/lib/amd64/server/libjvm.so
7f05b7ea3000-7f05b7ecc000 rw-p 00ce2000 08:09 7085439                    /usr/lib/jvm/java-8-openjdk-amd64/jre/lib/amd64/server/libjvm.so
7f05b7ecc000-7f05b7efc000 rw-p 00000000 00:00 0 
7f05b7efc000-7f05b7f14000 r-xp 00000000 08:09 24382897                   /lib/x86_64-linux-gnu/libpthread-2.23.so
7f05b7f14000-7f05b8113000 ---p 00018000 08:09 24382897                   /lib/x86_64-linux-gnu/libpthread-2.23.so
7f05b8113000-7f05b8114000 r--p 00017000 08:09 24382897                   /lib/x86_64-linux-gnu/libpthread-2.23.so
7f05b8114000-7f05b8115000 rw-p 00018000 08:09 24382897                   /lib/x86_64-linux-gnu/libpthread-2.23.so
7f05b8115000-7f05b8119000 rw-p 00000000 00:00 0 
7f05b8119000-7f05b811c000 r-xp 00000000 08:09 24382880                   /lib/x86_64-linux-gnu/libdl-2.23.so
7f05b811c000-7f05b831b000 ---p 00003000 08:09 24382880                   /lib/x86_64-linux-gnu/libdl-2.23.so
7f05b831b000-7f05b831c000 r--p 00002000 08:09 24382880                   /lib/x86_64-linux-gnu/libdl-2.23.so
7f05b831c000-7f05b831d000 rw-p 00003000 08:09 24382880                   /lib/x86_64-linux-gnu/libdl-2.23.so
7f05b831d000-7f05b8336000 r-xp 00000000 08:09 24384041                   /lib/x86_64-linux-gnu/libz.so.1.2.8
7f05b8336000-7f05b8535000 ---p 00019000 08:09 24384041                   /lib/x86_64-linux-gnu/libz.so.1.2.8
7f05b8535000-7f05b8536000 r--p 00018000 08:09 24384041                   /lib/x86_64-linux-gnu/libz.so.1.2.8
7f05b8536000-7f05b8537000 rw-p 00019000 08:09 24384041                   /lib/x86_64-linux-gnu/libz.so.1.2.8
7f05b8537000-7f05b86f6000 r-xp 00000000 08:09 24382884                   /lib/x86_64-linux-gnu/libc-2.23.so
7f05b86f6000-7f05b88f6000 ---p 001bf000 08:09 24382884                   /lib/x86_64-linux-gnu/libc-2.23.so
7f05b88f6000-7f05b88fa000 r--p 001bf000 08:09 24382884                   /lib/x86_64-linux-gnu/libc-2.23.so
7f05b88fa000-7f05b88fc000 rw-p 001c3000 08:09 24382884                   /lib/x86_64-linux-gnu/libc-2.23.so
7f05b88fc000-7f05b8900000 rw-p 00000000 00:00 0 
7f05b8900000-7f05b890d000 r-xp 00000000 08:09 7085434                    /usr/lib/jvm/java-8-openjdk-amd64/jre/lib/amd64/jli/libjli.so
7f05b890d000-7f05b8b0d000 ---p 0000d000 08:09 7085434                    /usr/lib/jvm/java-8-openjdk-amd64/jre/lib/amd64/jli/libjli.so
7f05b8b0d000-7f05b8b0e000 r--p 0000d000 08:09 7085434                    /usr/lib/jvm/java-8-openjdk-amd64/jre/lib/amd64/jli/libjli.so
7f05b8b0e000-7f05b8b0f000 rw-p 0000e000 08:09 7085434                    /usr/lib/jvm/java-8-openjdk-amd64/jre/lib/amd64/jli/libjli.so
7f05b8b0f000-7f05b8b35000 r-xp 00000000 08:09 24382885                   /lib/x86_64-linux-gnu/ld-2.23.so
7f05b8b35000-7f05b8b36000 r--s 00004000 08:09 10748172                   /opt/eclipse/plugins/org.eclipse.swt_3.105.0.v20160603-0902.jar
7f05b8b36000-7f05b8b38000 r--s 00001000 08:09 7085456                    /usr/lib/jvm/java-8-openjdk-amd64/jre/lib/ext/dnsns.jar
7f05b8b38000-7f05b8b3a000 r--s 00008000 08:09 7085454                    /usr/lib/jvm/java-8-openjdk-amd64/jre/lib/ext/sunec.jar
7f05b8b3a000-7f05b8c05000 rw-p 00000000 00:00 0 
7f05b8c05000-7f05b8c08000 ---p 00000000 00:00 0 
7f05b8c08000-7f05b8d0b000 rw-p 00000000 00:00 0 
7f05b8d0b000-7f05b8d0c000 r--s 00010000 08:09 7085459                    /usr/lib/jvm/java-8-openjdk-amd64/jre/lib/ext/zipfs.jar
7f05b8d0c000-7f05b8d0d000 r--s 0000a000 08:09 7085463                    /usr/lib/jvm/java-8-openjdk-amd64/jre/lib/ext/jaccess.jar
7f05b8d0d000-7f05b8d28000 r--s 00394000 08:09 7085458                    /usr/lib/jvm/java-8-openjdk-amd64/jre/lib/ext/cldrdata.jar
7f05b8d28000-7f05b8d30000 rw-s 00000000 08:09 18616193                   /tmp/hsperfdata_hrishi/883 (deleted)
7f05b8d30000-7f05b8d31000 rw-p 00000000 00:00 0 
7f05b8d31000-7f05b8d32000 ---p 00000000 00:00 0 
7f05b8d32000-7f05b8d34000 rw-p 00000000 00:00 0 
7f05b8d34000-7f05b8d35000 r--p 00025000 08:09 24382885                   /lib/x86_64-linux-gnu/ld-2.23.so
7f05b8d35000-7f05b8d36000 rw-p 00026000 08:09 24382885                   /lib/x86_64-linux-gnu/ld-2.23.so
7f05b8d36000-7f05b8d37000 rw-p 00000000 00:00 0 
7ffe03b74000-7ffe03b97000 rw-p 00000000 00:00 0                          [stack]
7ffe03bd2000-7ffe03bd4000 r--p 00000000 00:00 0                          [vvar]
7ffe03bd4000-7ffe03bd6000 r-xp 00000000 00:00 0                          [vdso]
ffffffffff600000-ffffffffff601000 r-xp 00000000 00:00 0                  [vsyscall]

VM Arguments:
jvm_args: -Dfile.encoding=UTF-8 
java_command: RCPConsole
java_class_path (initial): /opt/eclipse/plugins/org.eclipse.core.runtime_3.12.0.v20160606-1342.jar:/opt/eclipse/plugins/javax.inject_1.0.0.v20091030.jar:/opt/eclipse/plugins/org.eclipse.osgi_3.11.0.v20160603-1336.jar:/opt/eclipse/plugins/org.eclipse.osgi.compatibility.state_1.0.200.v20160504-1419.jar:/opt/eclipse/plugins/org.eclipse.equinox.common_3.8.0.v20160509-1230.jar:/opt/eclipse/plugins/org.eclipse.core.jobs_3.8.0.v20160509-0411.jar:/opt/eclipse/plugins/org.eclipse.equinox.registry_3.6.100.v20160223-2218.jar:/opt/eclipse/plugins/org.eclipse.equinox.preferences_3.6.0.v20160120-1756.jar:/opt/eclipse/plugins/org.eclipse.core.contenttype_3.5.100.v20160418-1621.jar:/opt/eclipse/plugins/org.eclipse.equinox.app_1.3.400.v20150715-1528.jar:/opt/eclipse/plugins/org.eclipse.ui_3.108.0.v20160518-1929.jar:/opt/eclipse/plugins/org.eclipse.swt_3.105.0.v20160603-0902.jar:/opt/eclipse/plugins/org.eclipse.swt.gtk.linux.x86_64_3.105.0.v20160603-0902.jar:/opt/eclipse/plugins/org.eclipse.jface_3.12.0.v20160518-1929.jar:/opt/eclipse/plugins/org.eclipse.core.commands_3.8.0.v20160316-1921.jar:/opt/eclipse/plugins/org.eclipse.ui.workbench_3.108.0.v20160602-1232.jar:/opt/eclipse/plugins/org.eclipse.e4.ui.workbench3_0.13.100.v20160506-0759.jar:/opt/eclipse/plugins/org.eclipse.ui.console_3.6.200.v20160518-1858.jar:/opt/eclipse/plugins/org.eclipse.emf.ecore_2.12.0.v20160420-0247.jar:/opt/eclipse/plugins/org.eclipse.emf.common_2.12.0.v20160420-0247.jar:/opt/eclipse/plugins/org.eclipse.emf.ecore.xmi_2.12.0.v20160420-0247.jar:/home/hrishi/.eclipse/org.eclipse.platform_4.6.0_1473617060_linux_gtk_x86_64/plugins/fr.irisa.cairn.eclipse.tom_2.10.0.201612051604/libs/aircube-bundle.jar:/home/hrishi/.eclipse/org.eclipse.platform_4.6.0_1473617060_linux_gtk_x86_64/plugins/fr.irisa.cairn.graph_1.0.0.201612051604:/home/hrishi/.eclipse/org.eclipse.platform_4.6.0_1473617060_linux_gtk_x86_64/plugins/fr.irisa.cairn.graph_1.0.0.201612051604/lib/jgrapht-ext-0.9.1-uber.jar:/opt/eclipse/plugins/com.google.inj
Launcher Type: SUN_STANDARD

Environment Variables:
PATH=/home/hrishi/torch/install/bin:/usr/local/sbin:/usr/local/bin:/usr/sbin:/usr/bin:/sbin:/bin:/usr/games:/usr/local/games:/snap/bin
LD_LIBRARY_PATH=/home/hrishi/torch/install/lib:
SHELL=/bin/bash
DISPLAY=:0
DYLD_LIBRARY_PATH=/home/hrishi/torch/install/lib:

Signal Handlers:
SIGSEGV: [libjvm.so+0xa66fd0], sa_mask[0]=11111111011111111101111111111110, sa_flags=SA_RESTART|SA_SIGINFO
SIGBUS: [libjvm.so+0xa66fd0], sa_mask[0]=11111111011111111101111111111110, sa_flags=SA_RESTART|SA_SIGINFO
SIGFPE: [libjvm.so+0x8b0180], sa_mask[0]=11111111011111111101111111111110, sa_flags=SA_RESTART|SA_SIGINFO
SIGPIPE: [libjvm.so+0x8b0180], sa_mask[0]=11111111011111111101111111111110, sa_flags=SA_RESTART|SA_SIGINFO
SIGXFSZ: [libjvm.so+0x8b0180], sa_mask[0]=11111111011111111101111111111110, sa_flags=SA_RESTART|SA_SIGINFO
SIGILL: [libjvm.so+0x8b0180], sa_mask[0]=11111111011111111101111111111110, sa_flags=SA_RESTART|SA_SIGINFO
SIGUSR1: SIG_DFL, sa_mask[0]=00000000000000000000000000000000, sa_flags=none
SIGUSR2: [libjvm.so+0x8b0030], sa_mask[0]=00100000000000000000000000000000, sa_flags=SA_RESTART|SA_SIGINFO
SIGHUP: [libjvm.so+0x8b0500], sa_mask[0]=11111111011111111101111111111110, sa_flags=SA_RESTART|SA_SIGINFO
SIGINT: [libjvm.so+0x8b0500], sa_mask[0]=11111111011111111101111111111110, sa_flags=SA_RESTART|SA_SIGINFO
SIGTERM: [libjvm.so+0x8b0500], sa_mask[0]=11111111011111111101111111111110, sa_flags=SA_RESTART|SA_SIGINFO
SIGQUIT: [libjvm.so+0x8b0500], sa_mask[0]=11111111011111111101111111111110, sa_flags=SA_RESTART|SA_SIGINFO


---------------  S Y S T E M  ---------------

OS:DISTRIB_ID=Ubuntu
DISTRIB_RELEASE=16.04
DISTRIB_CODENAME=xenial
DISTRIB_DESCRIPTION="Ubuntu 16.04 LTS"

uname:Linux 4.4.0-72-generic #93-Ubuntu SMP Fri Mar 31 14:07:41 UTC 2017 x86_64
libc:glibc 2.23 NPTL 2.23 
rlimit: STACK 8192k, CORE 0k, NPROC 31118, NOFILE 65536, AS infinity
load average:92.83 42.20 18.19

/proc/meminfo:
MemTotal:        8084688 kB
MemFree:         5122912 kB
MemAvailable:    5375060 kB
Buffers:           35688 kB
Cached:           622000 kB
SwapCached:       130980 kB
Active:          1912484 kB
Inactive:         734760 kB
Active(anon):    1659232 kB
Inactive(anon):   556088 kB
Active(file):     253252 kB
Inactive(file):   178672 kB
Unevictable:        1108 kB
Mlocked:            1108 kB
SwapTotal:      12000252 kB
SwapFree:        7675228 kB
Dirty:              1532 kB
Writeback:             0 kB
AnonPages:       1978396 kB
Mapped:           242028 kB
Shmem:            225496 kB
Slab:             157732 kB
SReclaimable:      81264 kB
SUnreclaim:        76468 kB
KernelStack:       15520 kB
PageTables:        56228 kB
NFS_Unstable:          0 kB
Bounce:                0 kB
WritebackTmp:          0 kB
CommitLimit:    16042596 kB
Committed_AS:   13337288 kB
VmallocTotal:   34359738367 kB
VmallocUsed:           0 kB
VmallocChunk:          0 kB
HardwareCorrupted:     0 kB
AnonHugePages:    755712 kB
CmaTotal:              0 kB
CmaFree:               0 kB
HugePages_Total:       0
HugePages_Free:        0
HugePages_Rsvd:        0
HugePages_Surp:        0
Hugepagesize:       2048 kB
DirectMap4k:      817032 kB
DirectMap2M:     7481344 kB
DirectMap1G:           0 kB


CPU:total 4 (2 cores per cpu, 2 threads per core) family 6 model 61 stepping 4, cmov, cx8, fxsr, mmx, sse, sse2, sse3, ssse3, sse4.1, sse4.2, popcnt, avx, avx2, aes, clmul, erms, 3dnowpref, lzcnt, ht, tsc, tscinvbit, bmi1, bmi2, adx

/proc/cpuinfo:
processor	: 0
vendor_id	: GenuineIntel
cpu family	: 6
model		: 61
model name	: Intel(R) Core(TM) i5-5200U CPU @ 2.20GHz
stepping	: 4
microcode	: 0x12
cpu MHz		: 2500.007
cache size	: 3072 KB
physical id	: 0
siblings	: 4
core id		: 0
cpu cores	: 2
apicid		: 0
initial apicid	: 0
fpu		: yes
fpu_exception	: yes
cpuid level	: 20
wp		: yes
flags		: fpu vme de pse tsc msr pae mce cx8 apic sep mtrr pge mca cmov pat pse36 clflush dts acpi mmx fxsr sse sse2 ss ht tm pbe syscall nx pdpe1gb rdtscp lm constant_tsc arch_perfmon pebs bts rep_good nopl xtopology nonstop_tsc aperfmperf eagerfpu pni pclmulqdq dtes64 monitor ds_cpl vmx est tm2 ssse3 sdbg fma cx16 xtpr pdcm pcid sse4_1 sse4_2 x2apic movbe popcnt tsc_deadline_timer aes xsave avx f16c rdrand lahf_lm abm 3dnowprefetch epb intel_pt tpr_shadow vnmi flexpriority ept vpid fsgsbase tsc_adjust bmi1 avx2 smep bmi2 erms invpcid rdseed adx smap xsaveopt dtherm ida arat pln pts
bugs		:
bogomips	: 4390.01
clflush size	: 64
cache_alignment	: 64
address sizes	: 39 bits physical, 48 bits virtual
power management:

processor	: 1
vendor_id	: GenuineIntel
cpu family	: 6
model		: 61
model name	: Intel(R) Core(TM) i5-5200U CPU @ 2.20GHz
stepping	: 4
microcode	: 0x12
cpu MHz		: 2500.179
cache size	: 3072 KB
physical id	: 0
siblings	: 4
core id		: 1
cpu cores	: 2
apicid		: 2
initial apicid	: 2
fpu		: yes
fpu_exception	: yes
cpuid level	: 20
wp		: yes
flags		: fpu vme de pse tsc msr pae mce cx8 apic sep mtrr pge mca cmov pat pse36 clflush dts acpi mmx fxsr sse sse2 ss ht tm pbe syscall nx pdpe1gb rdtscp lm constant_tsc arch_perfmon pebs bts rep_good nopl xtopology nonstop_tsc aperfmperf eagerfpu pni pclmulqdq dtes64 monitor ds_cpl vmx est tm2 ssse3 sdbg fma cx16 xtpr pdcm pcid sse4_1 sse4_2 x2apic movbe popcnt tsc_deadline_timer aes xsave avx f16c rdrand lahf_lm abm 3dnowprefetch epb intel_pt tpr_shadow vnmi flexpriority ept vpid fsgsbase tsc_adjust bmi1 avx2 smep bmi2 erms invpcid rdseed adx smap xsaveopt dtherm ida arat pln pts
bugs		:
bogomips	: 4390.01
clflush size	: 64
cache_alignment	: 64
address sizes	: 39 bits physical, 48 bits virtual
power management:

processor	: 2
vendor_id	: GenuineIntel
cpu family	: 6
model		: 61
model name	: Intel(R) Core(TM) i5-5200U CPU @ 2.20GHz
stepping	: 4
microcode	: 0x12
cpu MHz		: 2499.921
cache size	: 3072 KB
physical id	: 0
siblings	: 4
core id		: 0
cpu cores	: 2
apicid		: 1
initial apicid	: 1
fpu		: yes
fpu_exception	: yes
cpuid level	: 20
wp		: yes
flags		: fpu vme de pse tsc msr pae mce cx8 apic sep mtrr pge mca cmov pat pse36 clflush dts acpi mmx fxsr sse sse2 ss ht tm pbe syscall nx pdpe1gb rdtscp lm constant_tsc arch_perfmon pebs bts rep_good nopl xtopology nonstop_tsc aperfmperf eagerfpu pni pclmulqdq dtes64 monitor ds_cpl vmx est tm2 ssse3 sdbg fma cx16 xtpr pdcm pcid sse4_1 sse4_2 x2apic movbe popcnt tsc_deadline_timer aes xsave avx f16c rdrand lahf_lm abm 3dnowprefetch epb intel_pt tpr_shadow vnmi flexpriority ept vpid fsgsbase tsc_adjust bmi1 avx2 smep bmi2 erms invpcid rdseed adx smap xsaveopt dtherm ida arat pln pts
bugs		:
bogomips	: 4390.01
clflush size	: 64
cache_alignment	: 64
address sizes	: 39 bits physical, 48 bits virtual
power management:

processor	: 3
vendor_id	: GenuineIntel
cpu family	: 6
model		: 61
model name	: Intel(R) Core(TM) i5-5200U CPU @ 2.20GHz
stepping	: 4
microcode	: 0x12
cpu MHz		: 2187.625
cache size	: 3072 KB
physical id	: 0
siblings	: 4
core id		: 1
cpu cores	: 2
apicid		: 3
initial apicid	: 3
fpu		: yes
fpu_exception	: yes
cpuid level	: 20
wp		: yes
flags		: fpu vme de pse tsc msr pae mce cx8 apic sep mtrr pge mca cmov pat pse36 clflush dts acpi mmx fxsr sse sse2 ss ht tm pbe syscall nx pdpe1gb rdtscp lm constant_tsc arch_perfmon pebs bts rep_good nopl xtopology nonstop_tsc aperfmperf eagerfpu pni pclmulqdq dtes64 monitor ds_cpl vmx est tm2 ssse3 sdbg fma cx16 xtpr pdcm pcid sse4_1 sse4_2 x2apic movbe popcnt tsc_deadline_timer aes xsave avx f16c rdrand lahf_lm abm 3dnowprefetch epb intel_pt tpr_shadow vnmi flexpriority ept vpid fsgsbase tsc_adjust bmi1 avx2 smep bmi2 erms invpcid rdseed adx smap xsaveopt dtherm ida arat pln pts
bugs		:
bogomips	: 4390.01
clflush size	: 64
cache_alignment	: 64
address sizes	: 39 bits physical, 48 bits virtual
power management:



Memory: 4k page, physical 8084688k(5122912k free), swap 12000252k(7675228k free)

vm_info: OpenJDK 64-Bit Server VM (25.121-b13) for linux-amd64 JRE (1.8.0_121-8u121-b13-0ubuntu1.16.04.2-b13), built on Jan 23 2017 15:51:29 by "buildd" with gcc 5.4.0 20160609

time: Sun Apr 30 23:06:30 2017
elapsed time: 38648 seconds (0d 10h 44m 8s)

