#
# A fatal error has been detected by the Java Runtime Environment:
#
#  SIGSEGV (0xb) at pc=0x0000000000046b20, pid=12065, tid=0x00007ff0a4a4e700
#
# JRE version: OpenJDK Runtime Environment (8.0_121-b13) (build 1.8.0_121-8u121-b13-0ubuntu1.16.04.2-b13)
# Java VM: OpenJDK 64-Bit Server VM (25.121-b13 mixed mode linux-amd64 compressed oops)
# Problematic frame:
# C  0x0000000000046b20
#
# Failed to write core dump. Core dumps have been disabled. To enable core dumping, try "ulimit -c unlimited" before starting Java again
#
# If you would like to submit a bug report, please visit:
#   http://bugreport.java.com/bugreport/crash.jsp
#

---------------  T H R E A D  ---------------

Current thread is native thread

siginfo: si_signo: 11 (SIGSEGV), si_code: 1 (SEGV_MAPERR), si_addr: 0x0000000000046b20

Registers:
RAX=0x00007ff081e8d248, RBX=0x00007ff09c86a200, RCX=0x0000000000000000, RDX=0x0000000000000000
RSP=0x00007ffeab4300f8, RBP=0x00007ffeab430250, RSI=0x0000000000000000, RDI=0x00007ff0a427d140
R8 =0x0000000000000000, R9 =0x00007ff0a4644808, R10=0x00007ff0a427d0c0, R11=0x00007ff0a42b82d0
R12=0x00007ff081e8d1a8, R13=0x0000000000000000, R14=0x00007ffeab430100, R15=0x0000000000000012
RIP=0x0000000000046b20, EFLAGS=0x0000000000010202, CSGSFS=0x0000000000000033, ERR=0x0000000000000014
  TRAPNO=0x000000000000000e

Top of Stack: (sp=0x00007ffeab4300f8)
0x00007ffeab4300f8:   00007ff0a4866c17 00007ff0a4a7d168
0x00007ffeab430108:   00007ff0a4a7d700 00007ff0a4a7a7a8
0x00007ffeab430118:   00007ff09c0009a0 00007ff09c00b570
0x00007ffeab430128:   00007ff09c00cbf0 00007ff09c00ba20
0x00007ffeab430138:   00007ff09c00d0a0 00007ff09c019ae0
0x00007ffeab430148:   00007ff09c001bd0 00007ff09c0014a0
0x00007ffeab430158:   0000000000918150 0000000000918680
0x00007ffeab430168:   00000000009194c0 0000000000918ba0
0x00007ffeab430178:   00007ff0a4a50000 00007ff0a4a51b00
0x00007ffeab430188:   00007ff0a4a51618 00007ff09c86a200
0x00007ffeab430198:   00007ff09c8b5690 00007ff09c8b5bf0
0x00007ffeab4301a8:   00007ff0a4a51000 00007ff0a4a7c9d8
0x00007ffeab4301b8:   00007ff0a4866964 00007ffeab430100
0x00007ffeab4301c8:   0000000000000006 00007ffeab430130
0x00007ffeab4301d8:   0000000000000001 0000000000000006
0x00007ffeab4301e8:   00007ffeab4301c0 00000017a4642c40
0x00007ffeab4301f8:   00007ffeab430100 0000001700000000
0x00007ffeab430208:   00007ff0a4a7c048 00007ffeab4300d0
0x00007ffeab430218:   0000000000000000 0000000000000001
0x00007ffeab430228:   0000000000000001 0000000000000001
0x00007ffeab430238:   00007ff0a4642c40 0000000000000000
0x00007ffeab430248:   0000000000000000 00007ff0a46415f8
0x00007ffeab430258:   00007ff0a42b7ff8 00000000004007bc
0x00007ffeab430268:   0000000000000000 0000000000400730
0x00007ffeab430278:   0000000000400630 00007ffeab430370
0x00007ffeab430288:   00007ff0a42b8045 0000000000400730
0x00007ffeab430298:   00007ff0a429e837 0000000000000000
0x00007ffeab4302a8:   00007ffeab430378 0000000500000000
0x00007ffeab4302b8:   00000000004005e0 0000000000000000
0x00007ffeab4302c8:   645f7cc037f53f7c 0000000000400630
0x00007ffeab4302d8:   00007ffeab430370 0000000000000000
0x00007ffeab4302e8:   0000000000000000 9ba22ac63cd53f7c 

Instructions: (pc=0x0000000000046b20)
0x0000000000046b00:   
[error occurred during error reporting (printing registers, top of stack, instructions near pc), id 0xb]

Register to memory mapping:

RAX=
[error occurred during error reporting (printing register info), id 0xb]

Stack: [0x00007ffeab334000,0x00007ffeab434000],  sp=0x00007ffeab4300f8,  free space=1008k
Native frames: (J=compiled Java code, j=interpreted, Vv=VM code, C=native code)
C  0x0000000000046b20


---------------  P R O C E S S  ---------------

VM state:at safepoint (shutting down)

VM Mutex/Monitor currently owned by a thread:  ([mutex/lock_event])
[0x00007ff09c009dd0] Threads_lock - owner thread: 0x00007ff09c07b000

Heap:
 PSYoungGen      total 68608K, used 35959K [0x00000000d6e00000, 0x00000000db600000, 0x0000000100000000)
  eden space 63488K, 48% used [0x00000000d6e00000,0x00000000d8c21dc8,0x00000000dac00000)
  from space 5120K, 99% used [0x00000000db100000,0x00000000db5fc030,0x00000000db600000)
  to   space 5120K, 0% used [0x00000000dac00000,0x00000000dac00000,0x00000000db100000)
 ParOldGen       total 84992K, used 10906K [0x0000000084a00000, 0x0000000089d00000, 0x00000000d6e00000)
  object space 84992K, 12% used [0x0000000084a00000,0x00000000854a6bf8,0x0000000089d00000)
 Metaspace       used 18925K, capacity 19118K, committed 19456K, reserved 1067008K
  class space    used 2478K, capacity 2525K, committed 2560K, reserved 1048576K

Card table byte_map: [0x00007ff0a0c3a000,0x00007ff0a1016000] byte_map_base: 0x00007ff0a0815000

Marking Bits: (ParMarkBitMap*) 0x00007ff0a3c26220
 Begin Bits: [0x00007ff089250000, 0x00007ff08b128000)
 End Bits:   [0x00007ff08b128000, 0x00007ff08d000000)

Polling page: 0x00007ff0a4a78000

CodeCache: size=245760Kb used=6731Kb max_used=6743Kb free=239028Kb
 bounds [0x00007ff08d000000, 0x00007ff08d6a0000, 0x00007ff09c000000]
 total_blobs=2492 nmethods=2109 adapters=296
 compilation: enabled

Compilation events (10 events):
Event: 10.228 Thread 0x00007ff09c0b5000 2104       3       org.polymodel.algebra.impl.AlgebraFactoryImpl::create (116 bytes)
Event: 10.229 Thread 0x00007ff09c0b3800 2110       4       java.util.concurrent.Semaphore$Sync::tryReleaseShared (38 bytes)
Event: 10.229 Thread 0x00007ff09c0b5000 nmethod 2104 0x00007ff08d693cd0 code [0x00007ff08d694060, 0x00007ff08d695dd8]
Event: 10.229 Thread 0x00007ff09c0b5000 2107       3       fr.irisa.cairn.jnimap.isl.jni.JNIISLMatrix::setElement (41 bytes)
Event: 10.230 Thread 0x00007ff09c0b0800 2111       4       org.eclipse.emf.ecore.util.EcoreEList::inverseAdd (86 bytes)
Event: 10.230 Thread 0x00007ff09c0b3800 nmethod 2110 0x00007ff08d68ee90 code [0x00007ff08d68efe0, 0x00007ff08d68f098]
Event: 10.230 Thread 0x00007ff09c0b5000 nmethod 2107 0x00007ff08d697f90 code [0x00007ff08d698240, 0x00007ff08d6991f8]
Event: 10.231 Thread 0x00007ff09c0b5000 2109       3       fr.irisa.cairn.jnimap.isl.jni.JNIISLVal::taken (33 bytes)
Event: 10.231 Thread 0x00007ff09c0b5000 nmethod 2109 0x00007ff08d68e950 code [0x00007ff08d68eae0, 0x00007ff08d68eda8]
Event: 10.232 Thread 0x00007ff09c0b0800 nmethod 2111 0x00007ff08d697990 code [0x00007ff08d697b00, 0x00007ff08d697d38]

GC Heap History (8 events):
Event: 8.372 GC heap before
{Heap before GC invocations=1 (full 0):
 PSYoungGen      total 36864K, used 31744K [0x00000000d6e00000, 0x00000000d9700000, 0x0000000100000000)
  eden space 31744K, 100% used [0x00000000d6e00000,0x00000000d8d00000,0x00000000d8d00000)
  from space 5120K, 0% used [0x00000000d9200000,0x00000000d9200000,0x00000000d9700000)
  to   space 5120K, 0% used [0x00000000d8d00000,0x00000000d8d00000,0x00000000d9200000)
 ParOldGen       total 84992K, used 0K [0x0000000084a00000, 0x0000000089d00000, 0x00000000d6e00000)
  object space 84992K, 0% used [0x0000000084a00000,0x0000000084a00000,0x0000000089d00000)
 Metaspace       used 7295K, capacity 7378K, committed 7552K, reserved 1056768K
  class space    used 849K, capacity 883K, committed 896K, reserved 1048576K
Event: 8.380 GC heap after
Heap after GC invocations=1 (full 0):
 PSYoungGen      total 36864K, used 5099K [0x00000000d6e00000, 0x00000000d9700000, 0x0000000100000000)
  eden space 31744K, 0% used [0x00000000d6e00000,0x00000000d6e00000,0x00000000d8d00000)
  from space 5120K, 99% used [0x00000000d8d00000,0x00000000d91fad38,0x00000000d9200000)
  to   space 5120K, 0% used [0x00000000d9200000,0x00000000d9200000,0x00000000d9700000)
 ParOldGen       total 84992K, used 997K [0x0000000084a00000, 0x0000000089d00000, 0x00000000d6e00000)
  object space 84992K, 1% used [0x0000000084a00000,0x0000000084af95c0,0x0000000089d00000)
 Metaspace       used 7295K, capacity 7378K, committed 7552K, reserved 1056768K
  class space    used 849K, capacity 883K, committed 896K, reserved 1048576K
}
Event: 8.789 GC heap before
{Heap before GC invocations=2 (full 0):
 PSYoungGen      total 36864K, used 36843K [0x00000000d6e00000, 0x00000000d9700000, 0x0000000100000000)
  eden space 31744K, 100% used [0x00000000d6e00000,0x00000000d8d00000,0x00000000d8d00000)
  from space 5120K, 99% used [0x00000000d8d00000,0x00000000d91fad38,0x00000000d9200000)
  to   space 5120K, 0% used [0x00000000d9200000,0x00000000d9200000,0x00000000d9700000)
 ParOldGen       total 84992K, used 997K [0x0000000084a00000, 0x0000000089d00000, 0x00000000d6e00000)
  object space 84992K, 1% used [0x0000000084a00000,0x0000000084af95c0,0x0000000089d00000)
 Metaspace       used 10429K, capacity 10520K, committed 10624K, reserved 1058816K
  class space    used 1305K, capacity 1332K, committed 1408K, reserved 1048576K
Event: 8.802 GC heap after
Heap after GC invocations=2 (full 0):
 PSYoungGen      total 36864K, used 5088K [0x00000000d6e00000, 0x00000000db600000, 0x0000000100000000)
  eden space 31744K, 0% used [0x00000000d6e00000,0x00000000d6e00000,0x00000000d8d00000)
  from space 5120K, 99% used [0x00000000d9200000,0x00000000d96f8020,0x00000000d9700000)
  to   space 5120K, 0% used [0x00000000d8d00000,0x00000000d8d00000,0x00000000d9200000)
 ParOldGen       total 84992K, used 4431K [0x0000000084a00000, 0x0000000089d00000, 0x00000000d6e00000)
  object space 84992K, 5% used [0x0000000084a00000,0x0000000084e53db0,0x0000000089d00000)
 Metaspace       used 10429K, capacity 10520K, committed 10624K, reserved 1058816K
  class space    used 1305K, capacity 1332K, committed 1408K, reserved 1048576K
}
Event: 9.254 GC heap before
{Heap before GC invocations=3 (full 0):
 PSYoungGen      total 36864K, used 36832K [0x00000000d6e00000, 0x00000000db600000, 0x0000000100000000)
  eden space 31744K, 100% used [0x00000000d6e00000,0x00000000d8d00000,0x00000000d8d00000)
  from space 5120K, 99% used [0x00000000d9200000,0x00000000d96f8020,0x00000000d9700000)
  to   space 5120K, 0% used [0x00000000d8d00000,0x00000000d8d00000,0x00000000d9200000)
 ParOldGen       total 84992K, used 4431K [0x0000000084a00000, 0x0000000089d00000, 0x00000000d6e00000)
  object space 84992K, 5% used [0x0000000084a00000,0x0000000084e53db0,0x0000000089d00000)
 Metaspace       used 12525K, capacity 12662K, committed 12928K, reserved 1060864K
  class space    used 1604K, capacity 1657K, committed 1664K, reserved 1048576K
Event: 9.262 GC heap after
Heap after GC invocations=3 (full 0):
 PSYoungGen      total 36864K, used 5088K [0x00000000d6e00000, 0x00000000db600000, 0x0000000100000000)
  eden space 31744K, 0% used [0x00000000d6e00000,0x00000000d6e00000,0x00000000d8d00000)
  from space 5120K, 99% used [0x00000000d8d00000,0x00000000d91f8020,0x00000000d9200000)
  to   space 5120K, 0% used [0x00000000db100000,0x00000000db100000,0x00000000db600000)
 ParOldGen       total 84992K, used 7664K [0x0000000084a00000, 0x0000000089d00000, 0x00000000d6e00000)
  object space 84992K, 9% used [0x0000000084a00000,0x000000008517c068,0x0000000089d00000)
 Metaspace       used 12525K, capacity 12662K, committed 12928K, reserved 1060864K
  class space    used 1604K, capacity 1657K, committed 1664K, reserved 1048576K
}
Event: 9.724 GC heap before
{Heap before GC invocations=4 (full 0):
 PSYoungGen      total 36864K, used 36832K [0x00000000d6e00000, 0x00000000db600000, 0x0000000100000000)
  eden space 31744K, 100% used [0x00000000d6e00000,0x00000000d8d00000,0x00000000d8d00000)
  from space 5120K, 99% used [0x00000000d8d00000,0x00000000d91f8020,0x00000000d9200000)
  to   space 5120K, 0% used [0x00000000db100000,0x00000000db100000,0x00000000db600000)
 ParOldGen       total 84992K, used 7664K [0x0000000084a00000, 0x0000000089d00000, 0x00000000d6e00000)
  object space 84992K, 9% used [0x0000000084a00000,0x000000008517c068,0x0000000089d00000)
 Metaspace       used 15227K, capacity 15362K, committed 15616K, reserved 1062912K
  class space    used 2005K, capacity 2043K, committed 2048K, reserved 1048576K
Event: 9.740 GC heap after
Heap after GC invocations=4 (full 0):
 PSYoungGen      total 68608K, used 5104K [0x00000000d6e00000, 0x00000000db600000, 0x0000000100000000)
  eden space 63488K, 0% used [0x00000000d6e00000,0x00000000d6e00000,0x00000000dac00000)
  from space 5120K, 99% used [0x00000000db100000,0x00000000db5fc030,0x00000000db600000)
  to   space 5120K, 0% used [0x00000000dac00000,0x00000000dac00000,0x00000000db100000)
 ParOldGen       total 84992K, used 10906K [0x0000000084a00000, 0x0000000089d00000, 0x00000000d6e00000)
  object space 84992K, 12% used [0x0000000084a00000,0x00000000854a6bf8,0x0000000089d00000)
 Metaspace       used 15227K, capacity 15362K, committed 15616K, reserved 1062912K
  class space    used 2005K, capacity 2043K, committed 2048K, reserved 1048576K
}

Deoptimization events (10 events):
Event: 10.083 Thread 0x00007ff09c00d800 Uncommon trap: reason=array_check action=maybe_recompile pc=0x00007ff08d5bedbc method=org.eclipse.emf.common.util.BasicEList.assign(ILjava/lang/Object;)Ljava/lang/Object; @ 6
Event: 10.083 Thread 0x00007ff09c00d800 Uncommon trap: reason=array_check action=maybe_recompile pc=0x00007ff08d5bedbc method=org.eclipse.emf.common.util.BasicEList.assign(ILjava/lang/Object;)Ljava/lang/Object; @ 6
Event: 10.083 Thread 0x00007ff09c00d800 Uncommon trap: reason=array_check action=maybe_recompile pc=0x00007ff08d5bedbc method=org.eclipse.emf.common.util.BasicEList.assign(ILjava/lang/Object;)Ljava/lang/Object; @ 6
Event: 10.100 Thread 0x00007ff09c00d800 Uncommon trap: reason=unstable_if action=reinterpret pc=0x00007ff08d54bc24 method=java.util.HashMap.hash(Ljava/lang/Object;)I @ 1
Event: 10.100 Thread 0x00007ff09c00d800 Uncommon trap: reason=unstable_if action=reinterpret pc=0x00007ff08d1f4070 method=java.util.HashMap.hash(Ljava/lang/Object;)I @ 1
Event: 10.102 Thread 0x00007ff09c00d800 Uncommon trap: reason=unstable_if action=reinterpret pc=0x00007ff08d41ead4 method=java.util.HashMap.hash(Ljava/lang/Object;)I @ 1
Event: 10.107 Thread 0x00007ff09c00d800 Uncommon trap: reason=unstable_if action=reinterpret pc=0x00007ff08d19d128 method=java.util.HashMap.hash(Ljava/lang/Object;)I @ 1
Event: 10.160 Thread 0x00007ff09c00d800 Uncommon trap: reason=bimorphic action=maybe_recompile pc=0x00007ff08d52b208 method=org.eclipse.emf.ecore.util.EContentsEList$FeatureIteratorImpl.hasNext()Z @ 279
Event: 10.160 Thread 0x00007ff09c00d800 Uncommon trap: reason=bimorphic action=maybe_recompile pc=0x00007ff08d52b208 method=org.eclipse.emf.ecore.util.EContentsEList$FeatureIteratorImpl.hasNext()Z @ 279
Event: 10.196 Thread 0x00007ff09c00d800 Uncommon trap: reason=unstable_if action=reinterpret pc=0x00007ff08d62a190 method=org.eclipse.emf.ecore.impl.BasicEObjectImpl.eBasicSetContainer(Lorg/eclipse/emf/ecore/InternalEObject;ILorg/eclipse/emf/common/notify/NotificationChain;)Lorg/eclipse/emf/com

Internal exceptions (10 events):
Event: 2134.832 Thread 0x00007ff09c00d800 Exception <a 'java/io/IOException'> (0x00000000d8a6de78) thrown at [/build/openjdk-8-YiEakL/openjdk-8-8u121-b13/src/hotspot/src/share/vm/prims/jni.cpp, line 709]
Event: 2135.103 Thread 0x00007ff09c00d800 Exception <a 'java/io/IOException'> (0x00000000d8a6e698) thrown at [/build/openjdk-8-YiEakL/openjdk-8-8u121-b13/src/hotspot/src/share/vm/prims/jni.cpp, line 709]
Event: 2135.103 Thread 0x00007ff09c00d800 Exception <a 'java/io/IOException'> (0x00000000d8a6e930) thrown at [/build/openjdk-8-YiEakL/openjdk-8-8u121-b13/src/hotspot/src/share/vm/prims/jni.cpp, line 709]
Event: 2135.103 Thread 0x00007ff09c00d800 Exception <a 'java/io/IOException'> (0x00000000d8a6eb98) thrown at [/build/openjdk-8-YiEakL/openjdk-8-8u121-b13/src/hotspot/src/share/vm/prims/jni.cpp, line 709]
Event: 2135.103 Thread 0x00007ff09c00d800 Exception <a 'java/io/IOException'> (0x00000000d8a6f388) thrown at [/build/openjdk-8-YiEakL/openjdk-8-8u121-b13/src/hotspot/src/share/vm/prims/jni.cpp, line 709]
Event: 2135.103 Thread 0x00007ff09c00d800 Exception <a 'java/io/IOException'> (0x00000000d8a6f620) thrown at [/build/openjdk-8-YiEakL/openjdk-8-8u121-b13/src/hotspot/src/share/vm/prims/jni.cpp, line 709]
Event: 2135.103 Thread 0x00007ff09c00d800 Exception <a 'java/io/IOException'> (0x00000000d8a6f888) thrown at [/build/openjdk-8-YiEakL/openjdk-8-8u121-b13/src/hotspot/src/share/vm/prims/jni.cpp, line 709]
Event: 2135.103 Thread 0x00007ff09c00d800 Exception <a 'java/io/IOException'> (0x00000000d8a6fe48) thrown at [/build/openjdk-8-YiEakL/openjdk-8-8u121-b13/src/hotspot/src/share/vm/prims/jni.cpp, line 709]
Event: 2135.103 Thread 0x00007ff09c00d800 Exception <a 'java/io/IOException'> (0x00000000d8a700e0) thrown at [/build/openjdk-8-YiEakL/openjdk-8-8u121-b13/src/hotspot/src/share/vm/prims/jni.cpp, line 709]
Event: 2135.103 Thread 0x00007ff09c00d800 Exception <a 'java/io/IOException'> (0x00000000d8a70348) thrown at [/build/openjdk-8-YiEakL/openjdk-8-8u121-b13/src/hotspot/src/share/vm/prims/jni.cpp, line 709]

Events (10 events):
Event: 2135.120 Executing VM operation: RevokeBias
Event: 2135.120 Executing VM operation: RevokeBias done
Event: 2135.120 Executing VM operation: RevokeBias
Event: 2135.120 Executing VM operation: RevokeBias done
Event: 2135.120 Executing VM operation: RevokeBias
Event: 2135.120 Executing VM operation: RevokeBias done
Event: 2135.120 Executing VM operation: RevokeBias
Event: 2135.120 Executing VM operation: RevokeBias done
Event: 2135.120 Thread 0x00007ff09c90f800 Thread exited: 0x00007ff09c90f800
Event: 2136.470 Thread 0x00007ff09c00d800 Thread exited: 0x00007ff09c00d800


Dynamic libraries:
00400000-00401000 r-xp 00000000 08:09 7087821                            /usr/lib/jvm/java-8-openjdk-amd64/jre/bin/java
00600000-00601000 r--p 00000000 08:09 7087821                            /usr/lib/jvm/java-8-openjdk-amd64/jre/bin/java
00601000-00602000 rw-p 00001000 08:09 7087821                            /usr/lib/jvm/java-8-openjdk-amd64/jre/bin/java
00918000-00939000 rw-p 00000000 00:00 0                                  [heap]
84a00000-89d00000 rw-p 00000000 00:00 0 
89d00000-d6e00000 ---p 00000000 00:00 0 
d6e00000-db600000 rw-p 00000000 00:00 0 
db600000-100000000 ---p 00000000 00:00 0 
100000000-100280000 rw-p 00000000 00:00 0 
100280000-140000000 ---p 00000000 00:00 0 
7ff03c000000-7ff03c021000 rw-p 00000000 00:00 0 
7ff03c021000-7ff040000000 ---p 00000000 00:00 0 
7ff044000000-7ff044021000 rw-p 00000000 00:00 0 
7ff044021000-7ff048000000 ---p 00000000 00:00 0 
7ff048000000-7ff048021000 rw-p 00000000 00:00 0 
7ff048021000-7ff04c000000 ---p 00000000 00:00 0 
7ff04c000000-7ff04c021000 rw-p 00000000 00:00 0 
7ff04c021000-7ff050000000 ---p 00000000 00:00 0 
7ff050000000-7ff050021000 rw-p 00000000 00:00 0 
7ff050021000-7ff054000000 ---p 00000000 00:00 0 
7ff054000000-7ff0544a0000 rw-p 00000000 00:00 0 
7ff0544a0000-7ff058000000 ---p 00000000 00:00 0 
7ff058000000-7ff058461000 rw-p 00000000 00:00 0 
7ff058461000-7ff05c000000 ---p 00000000 00:00 0 
7ff05c000000-7ff05c021000 rw-p 00000000 00:00 0 
7ff05c021000-7ff060000000 ---p 00000000 00:00 0 
7ff060000000-7ff06091f000 rw-p 00000000 00:00 0 
7ff06091f000-7ff064000000 ---p 00000000 00:00 0 
7ff064000000-7ff064021000 rw-p 00000000 00:00 0 
7ff064021000-7ff068000000 ---p 00000000 00:00 0 
7ff068000000-7ff068021000 rw-p 00000000 00:00 0 
7ff068021000-7ff06c000000 ---p 00000000 00:00 0 
7ff06c000000-7ff06c021000 rw-p 00000000 00:00 0 
7ff06c021000-7ff070000000 ---p 00000000 00:00 0 
7ff070000000-7ff070021000 rw-p 00000000 00:00 0 
7ff070021000-7ff074000000 ---p 00000000 00:00 0 
7ff074000000-7ff074021000 rw-p 00000000 00:00 0 
7ff074021000-7ff078000000 ---p 00000000 00:00 0 
7ff07c000000-7ff07c021000 rw-p 00000000 00:00 0 
7ff07c021000-7ff080000000 ---p 00000000 00:00 0 
7ff081425000-7ff0814a5000 rw-p 00000000 00:00 0 
7ff0814a5000-7ff081625000 ---p 00000000 00:00 0 
7ff081625000-7ff08169a000 r-xp 00000000 08:09 28063458                   /home/hrishi/workspace/Console/.jnimap.temp.linux_64/libgmp.so.10 (deleted)
7ff08169a000-7ff081899000 ---p 00075000 08:09 28063458                   /home/hrishi/workspace/Console/.jnimap.temp.linux_64/libgmp.so.10 (deleted)
7ff081899000-7ff08189b000 rw-p 00074000 08:09 28063458                   /home/hrishi/workspace/Console/.jnimap.temp.linux_64/libgmp.so.10 (deleted)
7ff08189b000-7ff081a03000 r-xp 00000000 08:09 28063457                   /home/hrishi/workspace/Console/.jnimap.temp.linux_64/libisl.so.13 (deleted)
7ff081a03000-7ff081c02000 ---p 00168000 08:09 28063457                   /home/hrishi/workspace/Console/.jnimap.temp.linux_64/libisl.so.13 (deleted)
7ff081c02000-7ff081c09000 rw-p 00167000 08:09 28063457                   /home/hrishi/workspace/Console/.jnimap.temp.linux_64/libisl.so.13 (deleted)
7ff081c09000-7ff081c8e000 r-xp 00000000 08:09 28063459                   /home/hrishi/workspace/Console/.jnimap.temp.linux_64/linux_64_libjniisl.so (deleted)
7ff081c8e000-7ff081e8d000 ---p 00085000 08:09 28063459                   /home/hrishi/workspace/Console/.jnimap.temp.linux_64/linux_64_libjniisl.so (deleted)
7ff081e8d000-7ff081e90000 rw-p 00084000 08:09 28063459                   /home/hrishi/workspace/Console/.jnimap.temp.linux_64/linux_64_libjniisl.so (deleted)
7ff081e98000-7ff081e9b000 ---p 00000000 00:00 0 
7ff081e9b000-7ff082199000 rw-p 00000000 00:00 0 
7ff082199000-7ff082399000 rw-p 00000000 00:00 0 
7ff082399000-7ff082599000 rw-p 00000000 00:00 0 
7ff082599000-7ff08259c000 ---p 00000000 00:00 0 
7ff08259c000-7ff08289a000 rw-p 00000000 00:00 0 
7ff08289a000-7ff08289d000 ---p 00000000 00:00 0 
7ff08289d000-7ff08299b000 rw-p 00000000 00:00 0 
7ff082a74000-7ff082a77000 r--s 00015000 08:09 7085469                    /usr/lib/jvm/java-8-openjdk-amd64/jre/lib/jce.jar
7ff082a77000-7ff082a7b000 r--s 0009a000 08:09 7085467                    /usr/lib/jvm/java-8-openjdk-amd64/jre/lib/jsse.jar
7ff082a7b000-7ff082a7e000 r--s 00014000 08:09 26516293                   /home/hrishi/.eclipse/org.eclipse.platform_4.6.0_1473617060_linux_gtk_x86_64/plugins/fr.irisa.r2d2.parser.runtime_1.0.0.201612051604.jar
7ff082a7e000-7ff082a86000 r--s 0003c000 08:09 26516292                   /home/hrishi/.eclipse/org.eclipse.platform_4.6.0_1473617060_linux_gtk_x86_64/plugins/fr.irisa.r2d2.gecos.framework_1.0.0.201612051604.jar
7ff082a86000-7ff082a90000 r--s 0006c000 08:09 26516357                   /home/hrishi/.eclipse/org.eclipse.platform_4.6.0_1473617060_linux_gtk_x86_64/plugins/org.eclipse.xtext.common.types_2.10.0.v201605250459.jar
7ff082a90000-7ff082ac0000 r--s 0044d000 08:09 26516369                   /home/hrishi/.eclipse/org.eclipse.platform_4.6.0_1473617060_linux_gtk_x86_64/plugins/org.eclipse.xtext.xbase_2.10.0.v201605250459.jar
7ff082ac0000-7ff082ac3000 r--s 0000f000 08:09 26516352                   /home/hrishi/.eclipse/org.eclipse.platform_4.6.0_1473617060_linux_gtk_x86_64/plugins/org.eclipse.xtend.lib.macro_2.10.0.v201605250459.jar
7ff082ac3000-7ff082ac7000 r--s 00035000 08:09 26516351                   /home/hrishi/.eclipse/org.eclipse.platform_4.6.0_1473617060_linux_gtk_x86_64/plugins/org.eclipse.xtend.lib_2.10.0.v201605250459.jar
7ff082ac7000-7ff082ac8000 r--s 00001000 08:09 26516354                   /home/hrishi/.eclipse/org.eclipse.platform_4.6.0_1473617060_linux_gtk_x86_64/plugins/org.eclipse.xtend2.lib_2.10.0.v201605250459.jar
7ff082ac8000-7ff082ace000 r--s 0003f000 08:09 26516368                   /home/hrishi/.eclipse/org.eclipse.platform_4.6.0_1473617060_linux_gtk_x86_64/plugins/org.eclipse.xtext.util_2.10.0.v201605250459.jar
7ff082ace000-7ff082aff000 r--s 0024b000 08:09 26516355                   /home/hrishi/.eclipse/org.eclipse.platform_4.6.0_1473617060_linux_gtk_x86_64/plugins/org.eclipse.xtext_2.10.0.v201605250459.jar
7ff082aff000-7ff082b07000 r--s 00061000 08:09 26516277                   /home/hrishi/.eclipse/org.eclipse.platform_4.6.0_1473617060_linux_gtk_x86_64/plugins/edu.csu.melange.alphabets_0.9.6.201612051604.jar
7ff082b07000-7ff082b08000 r--s 00008000 08:09 26516336                   /home/hrishi/.eclipse/org.eclipse.platform_4.6.0_1473617060_linux_gtk_x86_64/plugins/org.polymodel.scop.cgenerator2_1.0.0.201612051604.jar
7ff082b08000-7ff082b0b000 r--s 00024000 08:09 26516337                   /home/hrishi/.eclipse/org.eclipse.platform_4.6.0_1473617060_linux_gtk_x86_64/plugins/org.polymodel.scop.dtiler_1.0.0.201612051604.jar
7ff082b0b000-7ff082b0c000 r--s 00001000 08:09 26516335                   /home/hrishi/.eclipse/org.eclipse.platform_4.6.0_1473617060_linux_gtk_x86_64/plugins/org.polymodel.scop.bridge.clast_1.0.0.201612051604.jar
7ff082b0c000-7ff082b11000 r--s 0002a000 08:09 26516334                   /home/hrishi/.eclipse/org.eclipse.platform_4.6.0_1473617060_linux_gtk_x86_64/plugins/org.polymodel.scop_1.0.0.201612051604.jar
7ff082b11000-7ff082b24000 r--s 0012e000 08:09 26516300                   /home/hrishi/.eclipse/org.eclipse.platform_4.6.0_1473617060_linux_gtk_x86_64/plugins/org.polymodel.polyhedralIR.codegen_1.0.0.201612051604.jar
7ff082b24000-7ff082b27000 r--s 008e1000 08:09 26516287                   /home/hrishi/.eclipse/org.eclipse.platform_4.6.0_1473617060_linux_gtk_x86_64/plugins/fr.irisa.cairn.jnimap.cloog_1.0.0.201612051604.jar
7ff082b27000-7ff082b2b000 r--s 00031000 08:09 26516341                   /home/hrishi/.eclipse/org.eclipse.platform_4.6.0_1473617060_linux_gtk_x86_64/plugins/org.antlr.runtime_3.2.0.v201101311130.jar
7ff082b2b000-7ff082b2c000 r--s 00011000 08:09 10748494                   /opt/eclipse/plugins/org.apache.commons.logging_1.1.1.v201101211721.jar
7ff082b2c000-7ff082b34000 r--s 0005e000 08:09 10748531                   /opt/eclipse/plugins/org.apache.log4j_1.2.15.v201012070815.jar
7ff082b34000-7ff082b36000 r--s 00008000 08:09 26516346                   /home/hrishi/.eclipse/org.eclipse.platform_4.6.0_1473617060_linux_gtk_x86_64/plugins/org.eclipse.emf.mwe.utils_1.3.20.v201605261103.jar
7ff082b36000-7ff082b37000 r--s 00003000 08:09 26516348                   /home/hrishi/.eclipse/org.eclipse.platform_4.6.0_1473617060_linux_gtk_x86_64/plugins/org.eclipse.emf.mwe2.runtime_2.9.0.v201605261103.jar
7ff082b37000-7ff082b38000 r--s 0000b000 08:09 26516339                   /home/hrishi/.eclipse/org.eclipse.platform_4.6.0_1473617060_linux_gtk_x86_64/plugins/org.apache.commons.cli_1.2.0.v201404270220.jar
7ff082b38000-7ff082b3e000 r--s 0002a000 08:09 26516345                   /home/hrishi/.eclipse/org.eclipse.platform_4.6.0_1473617060_linux_gtk_x86_64/plugins/org.eclipse.emf.mwe.core_1.3.20.v201605261103.jar
7ff082b3e000-7ff082b40000 r--s 00009000 08:09 26516279                   /home/hrishi/.eclipse/org.eclipse.platform_4.6.0_1473617060_linux_gtk_x86_64/plugins/edu.csu.melange.affineLattice_1.0.0.jar
7ff082b40000-7ff082b42000 r--s 00000000 08:09 26516338                   /home/hrishi/.eclipse/org.eclipse.platform_4.6.0_1473617060_linux_gtk_x86_64/plugins/tom.mapping_1.0.0.201612051604.jar
7ff082b42000-7ff082b49000 r--s 0004d000 08:09 26516333                   /home/hrishi/.eclipse/org.eclipse.platform_4.6.0_1473617060_linux_gtk_x86_64/plugins/org.polymodel.prdg.scheduling_1.0.0.201612051604.jar
7ff082b49000-7ff082b4c000 r--s 0001f000 08:09 26516370                   /home/hrishi/.eclipse/org.eclipse.platform_4.6.0_1473617060_linux_gtk_x86_64/plugins/org.eclipse.xtext.xbase.lib_2.10.0.v201605250459.jar
7ff082b4c000-7ff082b4e000 r--s 00004000 08:09 26516299                   /home/hrishi/.eclipse/org.eclipse.platform_4.6.0_1473617060_linux_gtk_x86_64/plugins/org.polymodel.matrix_1.0.0.201612051604.jar
7ff082b4e000-7ff082b50000 r--s 00005000 08:09 26516332                   /home/hrishi/.eclipse/org.eclipse.platform_4.6.0_1473617060_linux_gtk_x86_64/plugins/org.polymodel.prdg.adapter_1.0.0.201612051604.jar
7ff082b50000-7ff082b52000 r--s 00009000 08:09 26516301                   /home/hrishi/.eclipse/org.eclipse.platform_4.6.0_1473617060_linux_gtk_x86_64/plugins/org.polymodel.prdg_1.0.0.201612051604.jar
7ff082b52000-7ff082b54000 r--s 00013000 08:09 26516297                   /home/hrishi/.eclipse/org.eclipse.platform_4.6.0_1473617060_linux_gtk_x86_64/plugins/org.polymodel.isl_1.0.0.201612051604.jar
7ff082b54000-7ff082b5e000 r--s 000a4000 08:09 26516295                   /home/hrishi/.eclipse/org.eclipse.platform_4.6.0_1473617060_linux_gtk_x86_64/plugins/org.polymodel.algebra_1.0.0.201612051604.jar
7ff082b5e000-7ff082b61000 r--s 0002b000 08:09 26516294                   /home/hrishi/.eclipse/org.eclipse.platform_4.6.0_1473617060_linux_gtk_x86_64/plugins/org.polymodel_1.0.0.201612051604.jar
7ff082b61000-7ff082b8b000 r--s 001ff000 08:09 10749007                   /opt/eclipse/plugins/com.google.guava_15.0.0.v201403281430.jar
7ff082b8b000-7ff082b8c000 r--s 0000f000 08:09 28708338                   /home/hrishi/.eclipse/org.eclipse.platform_4.6.0_1473617060_linux_gtk_x86_64/plugins/fr.irisa.cairn.tools_1.0.0.201612051604/lib/javatuples-1.2.jar
7ff082b8c000-7ff082b8d000 r--s 0000b000 08:09 28708337                   /home/hrishi/.eclipse/org.eclipse.platform_4.6.0_1473617060_linux_gtk_x86_64/plugins/fr.irisa.cairn.tools_1.0.0.201612051604/lib/javatuples-1.2-sources.jar
7ff082b8d000-7ff082b90000 r--s 00037000 08:09 28708336                   /home/hrishi/.eclipse/org.eclipse.platform_4.6.0_1473617060_linux_gtk_x86_64/plugins/fr.irisa.cairn.tools_1.0.0.201612051604/lib/javatuples-1.2-javadoc.jar
7ff082b90000-7ff082b91000 r--s 00000000 08:09 26516289                   /home/hrishi/.eclipse/org.eclipse.platform_4.6.0_1473617060_linux_gtk_x86_64/plugins/fr.irisa.cairn.jnimap.runtime_1.0.0.201612051604.jar
7ff082b91000-7ff082b96000 r--s 00b6c000 08:09 26516288                   /home/hrishi/.eclipse/org.eclipse.platform_4.6.0_1473617060_linux_gtk_x86_64/plugins/fr.irisa.cairn.jnimap.isl_2.1.0.201612051604.jar
7ff082b96000-7ff082b98000 r--s 00007000 08:09 26516286                   /home/hrishi/.eclipse/org.eclipse.platform_4.6.0_1473617060_linux_gtk_x86_64/plugins/fr.irisa.cairn.graph.guice_1.0.0.201612051604.jar
7ff082b98000-7ff082b9a000 r--s 00009000 08:09 10748202                   /opt/eclipse/plugins/com.google.inject.multibindings_3.0.0.v201605172100.jar
7ff082b9a000-7ff082ba5000 r--s 00077000 08:09 10748760                   /opt/eclipse/plugins/com.google.inject_3.0.0.v201605172100.jar
7ff082ba5000-7ff082bbd000 r--s 0015b000 08:09 28061747                   /home/hrishi/.eclipse/org.eclipse.platform_4.6.0_1473617060_linux_gtk_x86_64/plugins/fr.irisa.cairn.graph_1.0.0.201612051604/lib/jgrapht-ext-0.9.1-uber.jar
7ff082bbd000-7ff082bed000 rw-p 00000000 00:00 0 
7ff082bed000-7ff082d1d000 r--s 010bc000 08:09 28708362                   /home/hrishi/.eclipse/org.eclipse.platform_4.6.0_1473617060_linux_gtk_x86_64/plugins/fr.irisa.cairn.eclipse.tom_2.10.0.201612051604/libs/aircube-bundle.jar
7ff082d1d000-7ff082d21000 r--s 00035000 08:09 10748985                   /opt/eclipse/plugins/org.eclipse.emf.ecore.xmi_2.12.0.v20160420-0247.jar
7ff082d21000-7ff082d28000 r--s 00051000 08:09 10748503                   /opt/eclipse/plugins/org.eclipse.emf.common_2.12.0.v20160420-0247.jar
7ff082d28000-7ff082d3a000 r--s 00111000 08:09 10748217                   /opt/eclipse/plugins/org.eclipse.emf.ecore_2.12.0.v20160420-0247.jar
7ff082d3a000-7ff082d3f000 r--s 00030000 08:09 10748396                   /opt/eclipse/plugins/org.eclipse.ui.console_3.6.200.v20160518-1858.jar
7ff082d3f000-7ff082d40000 r--s 00002000 08:09 10748530                   /opt/eclipse/plugins/org.eclipse.e4.ui.workbench3_0.13.100.v20160506-0759.jar
7ff082d40000-7ff082d82000 r--s 00398000 08:09 10748311                   /opt/eclipse/plugins/org.eclipse.ui.workbench_3.108.0.v20160602-1232.jar
7ff082d82000-7ff082d86000 r--s 00019000 08:09 10748602                   /opt/eclipse/plugins/org.eclipse.core.commands_3.8.0.v20160316-1921.jar
7ff082d86000-7ff082d98000 r--s 000f8000 08:09 10748780                   /opt/eclipse/plugins/org.eclipse.jface_3.12.0.v20160518-1929.jar
7ff082d98000-7ff082dad000 r--s 0028f000 08:09 10748863                   /opt/eclipse/plugins/org.eclipse.swt.gtk.linux.x86_64_3.105.0.v20160603-0902.jar
7ff082dad000-7ff082db6000 r--s 00058000 08:09 10748604                   /opt/eclipse/plugins/org.eclipse.ui_3.108.0.v20160518-1929.jar
7ff082db6000-7ff082db8000 r--s 00014000 08:09 10748222                   /opt/eclipse/plugins/org.eclipse.equinox.app_1.3.400.v20150715-1528.jar
7ff082db8000-7ff082dbb000 r--s 0001e000 08:09 10748508                   /opt/eclipse/plugins/org.eclipse.equinox.preferences_3.6.0.v20160120-1756.jar
7ff082dbb000-7ff082dbf000 r--s 0002a000 08:09 10749014                   /opt/eclipse/plugins/org.eclipse.equinox.registry_3.6.100.v20160223-2218.jar
7ff082dbf000-7ff082dc2000 r--s 00019000 08:09 10748931                   /opt/eclipse/plugins/org.eclipse.core.jobs_3.8.0.v20160509-0411.jar
7ff082dc2000-7ff082dc5000 r--s 0001b000 08:09 10748983                   /opt/eclipse/plugins/org.eclipse.equinox.common_3.8.0.v20160509-1230.jar
7ff082dc5000-7ff082dc8000 r--s 00039000 08:09 10748174                   /opt/eclipse/plugins/org.eclipse.osgi.compatibility.state_1.0.200.v20160504-1419.jar
7ff082dc8000-7ff082ddd000 r--s 0013d000 08:09 10748755                   /opt/eclipse/plugins/org.eclipse.osgi_3.11.0.v20160603-1336.jar
7ff082ddd000-7ff082df8000 r--s 001d6000 08:09 7085455                    /usr/lib/jvm/java-8-openjdk-amd64/jre/lib/ext/nashorn.jar
7ff082df8000-7ff082df9000 ---p 00000000 00:00 0 
7ff082df9000-7ff082ef9000 rw-p 00000000 00:00 0 
7ff082ef9000-7ff082efc000 ---p 00000000 00:00 0 
7ff082efc000-7ff082ffa000 rw-p 00000000 00:00 0 
7ff082ffa000-7ff082ffd000 ---p 00000000 00:00 0 
7ff082ffd000-7ff0830fb000 rw-p 00000000 00:00 0 
7ff0830fb000-7ff0830fe000 ---p 00000000 00:00 0 
7ff0830fe000-7ff0831fc000 rw-p 00000000 00:00 0 
7ff0831fc000-7ff0831ff000 ---p 00000000 00:00 0 
7ff0831ff000-7ff0832fd000 rw-p 00000000 00:00 0 
7ff0832fd000-7ff083300000 ---p 00000000 00:00 0 
7ff083300000-7ff0833fe000 rw-p 00000000 00:00 0 
7ff0833fe000-7ff0836d6000 r--p 00000000 08:09 2887360                    /usr/lib/locale/locale-archive
7ff0836d6000-7ff0836d9000 ---p 00000000 00:00 0 
7ff0836d9000-7ff0837d7000 rw-p 00000000 00:00 0 
7ff0837d7000-7ff0837da000 ---p 00000000 00:00 0 
7ff0837da000-7ff0838d8000 rw-p 00000000 00:00 0 
7ff0838d8000-7ff0838d9000 ---p 00000000 00:00 0 
7ff0838d9000-7ff084000000 rw-p 00000000 00:00 0 
7ff084000000-7ff084021000 rw-p 00000000 00:00 0 
7ff084021000-7ff088000000 ---p 00000000 00:00 0 
7ff088000000-7ff088002000 r--s 00017000 08:09 10748774                   /opt/eclipse/plugins/org.eclipse.core.contenttype_3.5.100.v20160418-1621.jar
7ff088002000-7ff088004000 r--s 00003000 08:09 10748526                   /opt/eclipse/plugins/javax.inject_1.0.0.v20091030.jar
7ff088004000-7ff088006000 r--s 00011000 08:09 10748883                   /opt/eclipse/plugins/org.eclipse.core.runtime_3.12.0.v20160606-1342.jar
7ff088006000-7ff08800a000 r--s 00037000 08:09 7085460                    /usr/lib/jvm/java-8-openjdk-amd64/jre/lib/ext/sunpkcs11.jar
7ff08800a000-7ff08800d000 r--s 0000f000 08:09 7085457                    /usr/lib/jvm/java-8-openjdk-amd64/jre/lib/ext/icedtea-sound.jar
7ff08800d000-7ff088017000 r--s 00116000 08:09 7085461                    /usr/lib/jvm/java-8-openjdk-amd64/jre/lib/ext/localedata.jar
7ff088017000-7ff088882000 rw-p 00000000 00:00 0 
7ff088882000-7ff088a50000 r--s 03c06000 08:09 7087811                    /usr/lib/jvm/java-8-openjdk-amd64/jre/lib/rt.jar
7ff088a50000-7ff08d000000 rw-p 00000000 00:00 0 
7ff08d000000-7ff08d6a0000 rwxp 00000000 00:00 0 
7ff08d6a0000-7ff09c000000 ---p 00000000 00:00 0 
7ff09c000000-7ff09ca17000 rw-p 00000000 00:00 0 
7ff09ca17000-7ff0a0000000 ---p 00000000 00:00 0 
7ff0a0000000-7ff0a0005000 r--s 0003b000 08:09 7085462                    /usr/lib/jvm/java-8-openjdk-amd64/jre/lib/ext/sunjce_provider.jar
7ff0a0005000-7ff0a05a4000 rw-p 00000000 00:00 0 
7ff0a05a4000-7ff0a05a5000 ---p 00000000 00:00 0 
7ff0a05a5000-7ff0a06a5000 rw-p 00000000 00:00 0 
7ff0a06a5000-7ff0a06a6000 ---p 00000000 00:00 0 
7ff0a06a6000-7ff0a07a6000 rw-p 00000000 00:00 0 
7ff0a07a6000-7ff0a07a7000 ---p 00000000 00:00 0 
7ff0a07a7000-7ff0a08a7000 rw-p 00000000 00:00 0 
7ff0a08a7000-7ff0a08a8000 ---p 00000000 00:00 0 
7ff0a08a8000-7ff0a09d2000 rw-p 00000000 00:00 0 
7ff0a09d2000-7ff0a0c3a000 ---p 00000000 00:00 0 
7ff0a0c3a000-7ff0a0c64000 rw-p 00000000 00:00 0 
7ff0a0c64000-7ff0a0ecc000 ---p 00000000 00:00 0 
7ff0a0ecc000-7ff0a0ef0000 rw-p 00000000 00:00 0 
7ff0a0ef0000-7ff0a1015000 ---p 00000000 00:00 0 
7ff0a1015000-7ff0a1031000 rw-p 00000000 00:00 0 
7ff0a1031000-7ff0a13d6000 ---p 00000000 00:00 0 
7ff0a13d6000-7ff0a13de000 r-xp 00000000 08:09 7085419                    /usr/lib/jvm/java-8-openjdk-amd64/jre/lib/amd64/libzip.so
7ff0a13de000-7ff0a15dd000 ---p 00008000 08:09 7085419                    /usr/lib/jvm/java-8-openjdk-amd64/jre/lib/amd64/libzip.so
7ff0a15dd000-7ff0a15de000 r--p 00007000 08:09 7085419                    /usr/lib/jvm/java-8-openjdk-amd64/jre/lib/amd64/libzip.so
7ff0a15de000-7ff0a15df000 rw-p 00008000 08:09 7085419                    /usr/lib/jvm/java-8-openjdk-amd64/jre/lib/amd64/libzip.so
7ff0a15df000-7ff0a15ea000 r-xp 00000000 08:09 24382890                   /lib/x86_64-linux-gnu/libnss_files-2.23.so
7ff0a15ea000-7ff0a17e9000 ---p 0000b000 08:09 24382890                   /lib/x86_64-linux-gnu/libnss_files-2.23.so
7ff0a17e9000-7ff0a17ea000 r--p 0000a000 08:09 24382890                   /lib/x86_64-linux-gnu/libnss_files-2.23.so
7ff0a17ea000-7ff0a17eb000 rw-p 0000b000 08:09 24382890                   /lib/x86_64-linux-gnu/libnss_files-2.23.so
7ff0a17eb000-7ff0a17f1000 rw-p 00000000 00:00 0 
7ff0a17f1000-7ff0a17fc000 r-xp 00000000 08:09 24382881                   /lib/x86_64-linux-gnu/libnss_nis-2.23.so
7ff0a17fc000-7ff0a19fb000 ---p 0000b000 08:09 24382881                   /lib/x86_64-linux-gnu/libnss_nis-2.23.so
7ff0a19fb000-7ff0a19fc000 r--p 0000a000 08:09 24382881                   /lib/x86_64-linux-gnu/libnss_nis-2.23.so
7ff0a19fc000-7ff0a19fd000 rw-p 0000b000 08:09 24382881                   /lib/x86_64-linux-gnu/libnss_nis-2.23.so
7ff0a19fd000-7ff0a1a13000 r-xp 00000000 08:09 24382883                   /lib/x86_64-linux-gnu/libnsl-2.23.so
7ff0a1a13000-7ff0a1c12000 ---p 00016000 08:09 24382883                   /lib/x86_64-linux-gnu/libnsl-2.23.so
7ff0a1c12000-7ff0a1c13000 r--p 00015000 08:09 24382883                   /lib/x86_64-linux-gnu/libnsl-2.23.so
7ff0a1c13000-7ff0a1c14000 rw-p 00016000 08:09 24382883                   /lib/x86_64-linux-gnu/libnsl-2.23.so
7ff0a1c14000-7ff0a1c16000 rw-p 00000000 00:00 0 
7ff0a1c16000-7ff0a1c1e000 r-xp 00000000 08:09 24382892                   /lib/x86_64-linux-gnu/libnss_compat-2.23.so
7ff0a1c1e000-7ff0a1e1d000 ---p 00008000 08:09 24382892                   /lib/x86_64-linux-gnu/libnss_compat-2.23.so
7ff0a1e1d000-7ff0a1e1e000 r--p 00007000 08:09 24382892                   /lib/x86_64-linux-gnu/libnss_compat-2.23.so
7ff0a1e1e000-7ff0a1e1f000 rw-p 00008000 08:09 24382892                   /lib/x86_64-linux-gnu/libnss_compat-2.23.so
7ff0a1e1f000-7ff0a1e4c000 r-xp 00000000 08:09 7085444                    /usr/lib/jvm/java-8-openjdk-amd64/jre/lib/amd64/libjava.so
7ff0a1e4c000-7ff0a204b000 ---p 0002d000 08:09 7085444                    /usr/lib/jvm/java-8-openjdk-amd64/jre/lib/amd64/libjava.so
7ff0a204b000-7ff0a204c000 r--p 0002c000 08:09 7085444                    /usr/lib/jvm/java-8-openjdk-amd64/jre/lib/amd64/libjava.so
7ff0a204c000-7ff0a204e000 rw-p 0002d000 08:09 7085444                    /usr/lib/jvm/java-8-openjdk-amd64/jre/lib/amd64/libjava.so
7ff0a204e000-7ff0a205d000 r-xp 00000000 08:09 7085412                    /usr/lib/jvm/java-8-openjdk-amd64/jre/lib/amd64/libverify.so
7ff0a205d000-7ff0a225c000 ---p 0000f000 08:09 7085412                    /usr/lib/jvm/java-8-openjdk-amd64/jre/lib/amd64/libverify.so
7ff0a225c000-7ff0a225e000 r--p 0000e000 08:09 7085412                    /usr/lib/jvm/java-8-openjdk-amd64/jre/lib/amd64/libverify.so
7ff0a225e000-7ff0a225f000 rw-p 00010000 08:09 7085412                    /usr/lib/jvm/java-8-openjdk-amd64/jre/lib/amd64/libverify.so
7ff0a225f000-7ff0a2266000 r-xp 00000000 08:09 24382893                   /lib/x86_64-linux-gnu/librt-2.23.so
7ff0a2266000-7ff0a2465000 ---p 00007000 08:09 24382893                   /lib/x86_64-linux-gnu/librt-2.23.so
7ff0a2465000-7ff0a2466000 r--p 00006000 08:09 24382893                   /lib/x86_64-linux-gnu/librt-2.23.so
7ff0a2466000-7ff0a2467000 rw-p 00007000 08:09 24382893                   /lib/x86_64-linux-gnu/librt-2.23.so
7ff0a2467000-7ff0a247d000 r-xp 00000000 08:09 24383888                   /lib/x86_64-linux-gnu/libgcc_s.so.1
7ff0a247d000-7ff0a267c000 ---p 00016000 08:09 24383888                   /lib/x86_64-linux-gnu/libgcc_s.so.1
7ff0a267c000-7ff0a267d000 rw-p 00015000 08:09 24383888                   /lib/x86_64-linux-gnu/libgcc_s.so.1
7ff0a267d000-7ff0a2785000 r-xp 00000000 08:09 24382882                   /lib/x86_64-linux-gnu/libm-2.23.so
7ff0a2785000-7ff0a2984000 ---p 00108000 08:09 24382882                   /lib/x86_64-linux-gnu/libm-2.23.so
7ff0a2984000-7ff0a2985000 r--p 00107000 08:09 24382882                   /lib/x86_64-linux-gnu/libm-2.23.so
7ff0a2985000-7ff0a2986000 rw-p 00108000 08:09 24382882                   /lib/x86_64-linux-gnu/libm-2.23.so
7ff0a2986000-7ff0a2af8000 r-xp 00000000 08:09 2888511                    /usr/lib/x86_64-linux-gnu/libstdc++.so.6.0.21
7ff0a2af8000-7ff0a2cf8000 ---p 00172000 08:09 2888511                    /usr/lib/x86_64-linux-gnu/libstdc++.so.6.0.21
7ff0a2cf8000-7ff0a2d02000 r--p 00172000 08:09 2888511                    /usr/lib/x86_64-linux-gnu/libstdc++.so.6.0.21
7ff0a2d02000-7ff0a2d04000 rw-p 0017c000 08:09 2888511                    /usr/lib/x86_64-linux-gnu/libstdc++.so.6.0.21
7ff0a2d04000-7ff0a2d08000 rw-p 00000000 00:00 0 
7ff0a2d08000-7ff0a3958000 r-xp 00000000 08:09 7085439                    /usr/lib/jvm/java-8-openjdk-amd64/jre/lib/amd64/server/libjvm.so
7ff0a3958000-7ff0a3b57000 ---p 00c50000 08:09 7085439                    /usr/lib/jvm/java-8-openjdk-amd64/jre/lib/amd64/server/libjvm.so
7ff0a3b57000-7ff0a3bea000 r--p 00c4f000 08:09 7085439                    /usr/lib/jvm/java-8-openjdk-amd64/jre/lib/amd64/server/libjvm.so
7ff0a3bea000-7ff0a3c13000 rw-p 00ce2000 08:09 7085439                    /usr/lib/jvm/java-8-openjdk-amd64/jre/lib/amd64/server/libjvm.so
7ff0a3c13000-7ff0a3c43000 rw-p 00000000 00:00 0 
7ff0a3c43000-7ff0a3c5b000 r-xp 00000000 08:09 24382897                   /lib/x86_64-linux-gnu/libpthread-2.23.so
7ff0a3c5b000-7ff0a3e5a000 ---p 00018000 08:09 24382897                   /lib/x86_64-linux-gnu/libpthread-2.23.so
7ff0a3e5a000-7ff0a3e5b000 r--p 00017000 08:09 24382897                   /lib/x86_64-linux-gnu/libpthread-2.23.so
7ff0a3e5b000-7ff0a3e5c000 rw-p 00018000 08:09 24382897                   /lib/x86_64-linux-gnu/libpthread-2.23.so
7ff0a3e5c000-7ff0a3e60000 rw-p 00000000 00:00 0 
7ff0a3e60000-7ff0a3e63000 r-xp 00000000 08:09 24382880                   /lib/x86_64-linux-gnu/libdl-2.23.so
7ff0a3e63000-7ff0a4062000 ---p 00003000 08:09 24382880                   /lib/x86_64-linux-gnu/libdl-2.23.so
7ff0a4062000-7ff0a4063000 r--p 00002000 08:09 24382880                   /lib/x86_64-linux-gnu/libdl-2.23.so
7ff0a4063000-7ff0a4064000 rw-p 00003000 08:09 24382880                   /lib/x86_64-linux-gnu/libdl-2.23.so
7ff0a4064000-7ff0a407d000 r-xp 00000000 08:09 24384041                   /lib/x86_64-linux-gnu/libz.so.1.2.8
7ff0a407d000-7ff0a427c000 ---p 00019000 08:09 24384041                   /lib/x86_64-linux-gnu/libz.so.1.2.8
7ff0a427c000-7ff0a427d000 r--p 00018000 08:09 24384041                   /lib/x86_64-linux-gnu/libz.so.1.2.8
7ff0a427d000-7ff0a427e000 rw-p 00019000 08:09 24384041                   /lib/x86_64-linux-gnu/libz.so.1.2.8
7ff0a427e000-7ff0a443d000 r-xp 00000000 08:09 24382884                   /lib/x86_64-linux-gnu/libc-2.23.so
7ff0a443d000-7ff0a463d000 ---p 001bf000 08:09 24382884                   /lib/x86_64-linux-gnu/libc-2.23.so
7ff0a463d000-7ff0a4641000 r--p 001bf000 08:09 24382884                   /lib/x86_64-linux-gnu/libc-2.23.so
7ff0a4641000-7ff0a4643000 rw-p 001c3000 08:09 24382884                   /lib/x86_64-linux-gnu/libc-2.23.so
7ff0a4643000-7ff0a4647000 rw-p 00000000 00:00 0 
7ff0a4647000-7ff0a4654000 r-xp 00000000 08:09 7085434                    /usr/lib/jvm/java-8-openjdk-amd64/jre/lib/amd64/jli/libjli.so
7ff0a4654000-7ff0a4854000 ---p 0000d000 08:09 7085434                    /usr/lib/jvm/java-8-openjdk-amd64/jre/lib/amd64/jli/libjli.so
7ff0a4854000-7ff0a4855000 r--p 0000d000 08:09 7085434                    /usr/lib/jvm/java-8-openjdk-amd64/jre/lib/amd64/jli/libjli.so
7ff0a4855000-7ff0a4856000 rw-p 0000e000 08:09 7085434                    /usr/lib/jvm/java-8-openjdk-amd64/jre/lib/amd64/jli/libjli.so
7ff0a4856000-7ff0a487c000 r-xp 00000000 08:09 24382885                   /lib/x86_64-linux-gnu/ld-2.23.so
7ff0a487c000-7ff0a487d000 r--s 00004000 08:09 10748172                   /opt/eclipse/plugins/org.eclipse.swt_3.105.0.v20160603-0902.jar
7ff0a487d000-7ff0a487f000 r--s 00001000 08:09 7085456                    /usr/lib/jvm/java-8-openjdk-amd64/jre/lib/ext/dnsns.jar
7ff0a487f000-7ff0a4881000 r--s 00008000 08:09 7085454                    /usr/lib/jvm/java-8-openjdk-amd64/jre/lib/ext/sunec.jar
7ff0a4881000-7ff0a494c000 rw-p 00000000 00:00 0 
7ff0a494c000-7ff0a494f000 ---p 00000000 00:00 0 
7ff0a494f000-7ff0a4a52000 rw-p 00000000 00:00 0 
7ff0a4a52000-7ff0a4a53000 r--s 00010000 08:09 7085459                    /usr/lib/jvm/java-8-openjdk-amd64/jre/lib/ext/zipfs.jar
7ff0a4a53000-7ff0a4a54000 r--s 0000a000 08:09 7085463                    /usr/lib/jvm/java-8-openjdk-amd64/jre/lib/ext/jaccess.jar
7ff0a4a54000-7ff0a4a6f000 r--s 00394000 08:09 7085458                    /usr/lib/jvm/java-8-openjdk-amd64/jre/lib/ext/cldrdata.jar
7ff0a4a6f000-7ff0a4a77000 rw-s 00000000 08:09 18612654                   /tmp/hsperfdata_hrishi/12065 (deleted)
7ff0a4a77000-7ff0a4a78000 rw-p 00000000 00:00 0 
7ff0a4a78000-7ff0a4a79000 ---p 00000000 00:00 0 
7ff0a4a79000-7ff0a4a7b000 rw-p 00000000 00:00 0 
7ff0a4a7b000-7ff0a4a7c000 r--p 00025000 08:09 24382885                   /lib/x86_64-linux-gnu/ld-2.23.so
7ff0a4a7c000-7ff0a4a7d000 rw-p 00026000 08:09 24382885                   /lib/x86_64-linux-gnu/ld-2.23.so
7ff0a4a7d000-7ff0a4a7e000 rw-p 00000000 00:00 0 
7ffeab411000-7ffeab434000 rw-p 00000000 00:00 0                          [stack]
7ffeab481000-7ffeab483000 r--p 00000000 00:00 0                          [vvar]
7ffeab483000-7ffeab485000 r-xp 00000000 00:00 0                          [vdso]
ffffffffff600000-ffffffffff601000 r-xp 00000000 00:00 0                  [vsyscall]

VM Arguments:
jvm_args: -Dfile.encoding=UTF-8 
java_command: RCPConsole
java_class_path (initial): /opt/eclipse/plugins/org.eclipse.core.runtime_3.12.0.v20160606-1342.jar:/opt/eclipse/plugins/javax.inject_1.0.0.v20091030.jar:/opt/eclipse/plugins/org.eclipse.osgi_3.11.0.v20160603-1336.jar:/opt/eclipse/plugins/org.eclipse.osgi.compatibility.state_1.0.200.v20160504-1419.jar:/opt/eclipse/plugins/org.eclipse.equinox.common_3.8.0.v20160509-1230.jar:/opt/eclipse/plugins/org.eclipse.core.jobs_3.8.0.v20160509-0411.jar:/opt/eclipse/plugins/org.eclipse.equinox.registry_3.6.100.v20160223-2218.jar:/opt/eclipse/plugins/org.eclipse.equinox.preferences_3.6.0.v20160120-1756.jar:/opt/eclipse/plugins/org.eclipse.core.contenttype_3.5.100.v20160418-1621.jar:/opt/eclipse/plugins/org.eclipse.equinox.app_1.3.400.v20150715-1528.jar:/opt/eclipse/plugins/org.eclipse.ui_3.108.0.v20160518-1929.jar:/opt/eclipse/plugins/org.eclipse.swt_3.105.0.v20160603-0902.jar:/opt/eclipse/plugins/org.eclipse.swt.gtk.linux.x86_64_3.105.0.v20160603-0902.jar:/opt/eclipse/plugins/org.eclipse.jface_3.12.0.v20160518-1929.jar:/opt/eclipse/plugins/org.eclipse.core.commands_3.8.0.v20160316-1921.jar:/opt/eclipse/plugins/org.eclipse.ui.workbench_3.108.0.v20160602-1232.jar:/opt/eclipse/plugins/org.eclipse.e4.ui.workbench3_0.13.100.v20160506-0759.jar:/opt/eclipse/plugins/org.eclipse.ui.console_3.6.200.v20160518-1858.jar:/opt/eclipse/plugins/org.eclipse.emf.ecore_2.12.0.v20160420-0247.jar:/opt/eclipse/plugins/org.eclipse.emf.common_2.12.0.v20160420-0247.jar:/opt/eclipse/plugins/org.eclipse.emf.ecore.xmi_2.12.0.v20160420-0247.jar:/home/hrishi/.eclipse/org.eclipse.platform_4.6.0_1473617060_linux_gtk_x86_64/plugins/fr.irisa.cairn.eclipse.tom_2.10.0.201612051604/libs/aircube-bundle.jar:/home/hrishi/.eclipse/org.eclipse.platform_4.6.0_1473617060_linux_gtk_x86_64/plugins/fr.irisa.cairn.graph_1.0.0.201612051604:/home/hrishi/.eclipse/org.eclipse.platform_4.6.0_1473617060_linux_gtk_x86_64/plugins/fr.irisa.cairn.graph_1.0.0.201612051604/lib/jgrapht-ext-0.9.1-uber.jar:/opt/eclipse/plugins/com.google.inj
Launcher Type: SUN_STANDARD

Environment Variables:
PATH=/home/hrishi/torch/install/bin:/usr/local/sbin:/usr/local/bin:/usr/sbin:/usr/bin:/sbin:/bin:/usr/games:/usr/local/games:/snap/bin
LD_LIBRARY_PATH=/home/hrishi/torch/install/lib:
SHELL=/bin/bash
DISPLAY=:0
DYLD_LIBRARY_PATH=/home/hrishi/torch/install/lib:

Signal Handlers:
SIGSEGV: [libjvm.so+0xa66fd0], sa_mask[0]=11111111011111111101111111111110, sa_flags=SA_RESTART|SA_SIGINFO
SIGBUS: [libjvm.so+0xa66fd0], sa_mask[0]=11111111011111111101111111111110, sa_flags=SA_RESTART|SA_SIGINFO
SIGFPE: [libjvm.so+0x8b0180], sa_mask[0]=11111111011111111101111111111110, sa_flags=SA_RESTART|SA_SIGINFO
SIGPIPE: [libjvm.so+0x8b0180], sa_mask[0]=11111111011111111101111111111110, sa_flags=SA_RESTART|SA_SIGINFO
SIGXFSZ: [libjvm.so+0x8b0180], sa_mask[0]=11111111011111111101111111111110, sa_flags=SA_RESTART|SA_SIGINFO
SIGILL: [libjvm.so+0x8b0180], sa_mask[0]=11111111011111111101111111111110, sa_flags=SA_RESTART|SA_SIGINFO
SIGUSR1: SIG_DFL, sa_mask[0]=00000000000000000000000000000000, sa_flags=none
SIGUSR2: [libjvm.so+0x8b0030], sa_mask[0]=00100000000000000000000000000000, sa_flags=SA_RESTART|SA_SIGINFO
SIGHUP: [libjvm.so+0x8b0500], sa_mask[0]=11111111011111111101111111111110, sa_flags=SA_RESTART|SA_SIGINFO
SIGINT: [libjvm.so+0x8b0500], sa_mask[0]=11111111011111111101111111111110, sa_flags=SA_RESTART|SA_SIGINFO
SIGTERM: [libjvm.so+0x8b0500], sa_mask[0]=11111111011111111101111111111110, sa_flags=SA_RESTART|SA_SIGINFO
SIGQUIT: [libjvm.so+0x8b0500], sa_mask[0]=11111111011111111101111111111110, sa_flags=SA_RESTART|SA_SIGINFO


---------------  S Y S T E M  ---------------

OS:DISTRIB_ID=Ubuntu
DISTRIB_RELEASE=16.04
DISTRIB_CODENAME=xenial
DISTRIB_DESCRIPTION="Ubuntu 16.04 LTS"

uname:Linux 4.4.0-72-generic #93-Ubuntu SMP Fri Mar 31 14:07:41 UTC 2017 x86_64
libc:glibc 2.23 NPTL 2.23 
rlimit: STACK 8192k, CORE 0k, NPROC 31118, NOFILE 65536, AS infinity
load average:3.61 1.82 0.88

/proc/meminfo:
MemTotal:        8084688 kB
MemFree:         3251504 kB
MemAvailable:    3418904 kB
Buffers:            9360 kB
Cached:           545316 kB
SwapCached:        22388 kB
Active:          3506216 kB
Inactive:         987540 kB
Active(anon):    3358484 kB
Inactive(anon):   800328 kB
Active(file):     147732 kB
Inactive(file):   187212 kB
Unevictable:         728 kB
Mlocked:             728 kB
SwapTotal:      12000252 kB
SwapFree:       10794604 kB
Dirty:               564 kB
Writeback:          1536 kB
AnonPages:       3929688 kB
Mapped:           305024 kB
Shmem:            218608 kB
Slab:             166164 kB
SReclaimable:     105728 kB
SUnreclaim:        60436 kB
KernelStack:       14608 kB
PageTables:        69476 kB
NFS_Unstable:          0 kB
Bounce:                0 kB
WritebackTmp:          0 kB
CommitLimit:    16042596 kB
Committed_AS:   14355124 kB
VmallocTotal:   34359738367 kB
VmallocUsed:           0 kB
VmallocChunk:          0 kB
HardwareCorrupted:     0 kB
AnonHugePages:    972800 kB
CmaTotal:              0 kB
CmaFree:               0 kB
HugePages_Total:       0
HugePages_Free:        0
HugePages_Rsvd:        0
HugePages_Surp:        0
Hugepagesize:       2048 kB
DirectMap4k:      589704 kB
DirectMap2M:     7708672 kB
DirectMap1G:           0 kB


CPU:total 4 (2 cores per cpu, 2 threads per core) family 6 model 61 stepping 4, cmov, cx8, fxsr, mmx, sse, sse2, sse3, ssse3, sse4.1, sse4.2, popcnt, avx, avx2, aes, clmul, erms, 3dnowpref, lzcnt, ht, tsc, tscinvbit, bmi1, bmi2, adx

/proc/cpuinfo:
processor	: 0
vendor_id	: GenuineIntel
cpu family	: 6
model		: 61
model name	: Intel(R) Core(TM) i5-5200U CPU @ 2.20GHz
stepping	: 4
microcode	: 0x12
cpu MHz		: 2424.898
cache size	: 3072 KB
physical id	: 0
siblings	: 4
core id		: 0
cpu cores	: 2
apicid		: 0
initial apicid	: 0
fpu		: yes
fpu_exception	: yes
cpuid level	: 20
wp		: yes
flags		: fpu vme de pse tsc msr pae mce cx8 apic sep mtrr pge mca cmov pat pse36 clflush dts acpi mmx fxsr sse sse2 ss ht tm pbe syscall nx pdpe1gb rdtscp lm constant_tsc arch_perfmon pebs bts rep_good nopl xtopology nonstop_tsc aperfmperf eagerfpu pni pclmulqdq dtes64 monitor ds_cpl vmx est tm2 ssse3 sdbg fma cx16 xtpr pdcm pcid sse4_1 sse4_2 x2apic movbe popcnt tsc_deadline_timer aes xsave avx f16c rdrand lahf_lm abm 3dnowprefetch epb intel_pt tpr_shadow vnmi flexpriority ept vpid fsgsbase tsc_adjust bmi1 avx2 smep bmi2 erms invpcid rdseed adx smap xsaveopt dtherm ida arat pln pts
bugs		:
bogomips	: 4389.32
clflush size	: 64
cache_alignment	: 64
address sizes	: 39 bits physical, 48 bits virtual
power management:

processor	: 1
vendor_id	: GenuineIntel
cpu family	: 6
model		: 61
model name	: Intel(R) Core(TM) i5-5200U CPU @ 2.20GHz
stepping	: 4
microcode	: 0x12
cpu MHz		: 2428.937
cache size	: 3072 KB
physical id	: 0
siblings	: 4
core id		: 1
cpu cores	: 2
apicid		: 2
initial apicid	: 2
fpu		: yes
fpu_exception	: yes
cpuid level	: 20
wp		: yes
flags		: fpu vme de pse tsc msr pae mce cx8 apic sep mtrr pge mca cmov pat pse36 clflush dts acpi mmx fxsr sse sse2 ss ht tm pbe syscall nx pdpe1gb rdtscp lm constant_tsc arch_perfmon pebs bts rep_good nopl xtopology nonstop_tsc aperfmperf eagerfpu pni pclmulqdq dtes64 monitor ds_cpl vmx est tm2 ssse3 sdbg fma cx16 xtpr pdcm pcid sse4_1 sse4_2 x2apic movbe popcnt tsc_deadline_timer aes xsave avx f16c rdrand lahf_lm abm 3dnowprefetch epb intel_pt tpr_shadow vnmi flexpriority ept vpid fsgsbase tsc_adjust bmi1 avx2 smep bmi2 erms invpcid rdseed adx smap xsaveopt dtherm ida arat pln pts
bugs		:
bogomips	: 4389.32
clflush size	: 64
cache_alignment	: 64
address sizes	: 39 bits physical, 48 bits virtual
power management:

processor	: 2
vendor_id	: GenuineIntel
cpu family	: 6
model		: 61
model name	: Intel(R) Core(TM) i5-5200U CPU @ 2.20GHz
stepping	: 4
microcode	: 0x12
cpu MHz		: 2335.781
cache size	: 3072 KB
physical id	: 0
siblings	: 4
core id		: 0
cpu cores	: 2
apicid		: 1
initial apicid	: 1
fpu		: yes
fpu_exception	: yes
cpuid level	: 20
wp		: yes
flags		: fpu vme de pse tsc msr pae mce cx8 apic sep mtrr pge mca cmov pat pse36 clflush dts acpi mmx fxsr sse sse2 ss ht tm pbe syscall nx pdpe1gb rdtscp lm constant_tsc arch_perfmon pebs bts rep_good nopl xtopology nonstop_tsc aperfmperf eagerfpu pni pclmulqdq dtes64 monitor ds_cpl vmx est tm2 ssse3 sdbg fma cx16 xtpr pdcm pcid sse4_1 sse4_2 x2apic movbe popcnt tsc_deadline_timer aes xsave avx f16c rdrand lahf_lm abm 3dnowprefetch epb intel_pt tpr_shadow vnmi flexpriority ept vpid fsgsbase tsc_adjust bmi1 avx2 smep bmi2 erms invpcid rdseed adx smap xsaveopt dtherm ida arat pln pts
bugs		:
bogomips	: 4389.32
clflush size	: 64
cache_alignment	: 64
address sizes	: 39 bits physical, 48 bits virtual
power management:

processor	: 3
vendor_id	: GenuineIntel
cpu family	: 6
model		: 61
model name	: Intel(R) Core(TM) i5-5200U CPU @ 2.20GHz
stepping	: 4
microcode	: 0x12
cpu MHz		: 2407.710
cache size	: 3072 KB
physical id	: 0
siblings	: 4
core id		: 1
cpu cores	: 2
apicid		: 3
initial apicid	: 3
fpu		: yes
fpu_exception	: yes
cpuid level	: 20
wp		: yes
flags		: fpu vme de pse tsc msr pae mce cx8 apic sep mtrr pge mca cmov pat pse36 clflush dts acpi mmx fxsr sse sse2 ss ht tm pbe syscall nx pdpe1gb rdtscp lm constant_tsc arch_perfmon pebs bts rep_good nopl xtopology nonstop_tsc aperfmperf eagerfpu pni pclmulqdq dtes64 monitor ds_cpl vmx est tm2 ssse3 sdbg fma cx16 xtpr pdcm pcid sse4_1 sse4_2 x2apic movbe popcnt tsc_deadline_timer aes xsave avx f16c rdrand lahf_lm abm 3dnowprefetch epb intel_pt tpr_shadow vnmi flexpriority ept vpid fsgsbase tsc_adjust bmi1 avx2 smep bmi2 erms invpcid rdseed adx smap xsaveopt dtherm ida arat pln pts
bugs		:
bogomips	: 4389.32
clflush size	: 64
cache_alignment	: 64
address sizes	: 39 bits physical, 48 bits virtual
power management:



Memory: 4k page, physical 8084688k(3251504k free), swap 12000252k(10794604k free)

vm_info: OpenJDK 64-Bit Server VM (25.121-b13) for linux-amd64 JRE (1.8.0_121-8u121-b13-0ubuntu1.16.04.2-b13), built on Jan 23 2017 15:51:29 by "buildd" with gcc 5.4.0 20160609

time: Sat Apr 15 19:11:02 2017
elapsed time: 2138 seconds (0d 0h 35m 38s)

