#
# A fatal error has been detected by the Java Runtime Environment:
#
#  SIGSEGV (0xb) at pc=0x0000000000046b20, pid=7987, tid=0x00007f29efa70700
#
# JRE version: OpenJDK Runtime Environment (8.0_121-b13) (build 1.8.0_121-8u121-b13-0ubuntu1.16.04.2-b13)
# Java VM: OpenJDK 64-Bit Server VM (25.121-b13 mixed mode linux-amd64 compressed oops)
# Problematic frame:
# C  0x0000000000046b20
#
# Failed to write core dump. Core dumps have been disabled. To enable core dumping, try "ulimit -c unlimited" before starting Java again
#
# If you would like to submit a bug report, please visit:
#   http://bugreport.java.com/bugreport/crash.jsp
#

---------------  T H R E A D  ---------------

Current thread is native thread

siginfo: si_signo: 11 (SIGSEGV), si_code: 1 (SEGV_MAPERR), si_addr: 0x0000000000046b20

Registers:
RAX=0x00007f29c8fb8248, RBX=0x00007f29e88a84b0, RCX=0x0000000000000000, RDX=0x0000000000000000
RSP=0x00007ffc84fa3548, RBP=0x00007ffc84fa36a0, RSI=0x0000000000000000, RDI=0x00007f29ef29f140
R8 =0x0000000000000000, R9 =0x00007f29ef666808, R10=0x00007f29ef29f0c0, R11=0x00007f29ef2da2d0
R12=0x00007f29c8fb81a8, R13=0x0000000000000000, R14=0x00007ffc84fa3550, R15=0x0000000000000012
RIP=0x0000000000046b20, EFLAGS=0x0000000000010202, CSGSFS=0x0000000000000033, ERR=0x0000000000000014
  TRAPNO=0x000000000000000e

Top of Stack: (sp=0x00007ffc84fa3548)
0x00007ffc84fa3548:   00007f29ef888c17 00007f29efa9f168
0x00007ffc84fa3558:   00007f29efa9f700 00007f29efa9c7a8
0x00007ffc84fa3568:   00007f29e80009a0 00007f29e800b570
0x00007ffc84fa3578:   00007f29e800cbf0 00007f29e800ba20
0x00007ffc84fa3588:   00007f29e800d0a0 00007f29e8019ae0
0x00007ffc84fa3598:   00007f29e8001bd0 00007f29e80014a0
0x00007ffc84fa35a8:   0000000001cdf150 0000000001cdf680
0x00007ffc84fa35b8:   0000000001ce04c0 0000000001cdfba0
0x00007ffc84fa35c8:   00007f29efa72000 00007f29efa73b00
0x00007ffc84fa35d8:   00007f29efa73618 00007f29e88a84b0
0x00007ffc84fa35e8:   00007f29e88d90c0 00007f29e88d9620
0x00007ffc84fa35f8:   00007f29efa73000 00007f29efa9e9d8
0x00007ffc84fa3608:   00007f29ef888964 00007ffc84fa3550
0x00007ffc84fa3618:   0000000000000006 00007ffc84fa3580
0x00007ffc84fa3628:   0000000000000001 0000000000000006
0x00007ffc84fa3638:   00007ffc84fa3610 00000017ef664c40
0x00007ffc84fa3648:   00007ffc84fa3550 0000001700000000
0x00007ffc84fa3658:   00007f29efa9e048 00007ffc84fa3520
0x00007ffc84fa3668:   0000000000000000 0000000000000001
0x00007ffc84fa3678:   0000000000000001 0000000000000001
0x00007ffc84fa3688:   00007f29ef664c40 0000000000000000
0x00007ffc84fa3698:   0000000000000000 00007f29ef6635f8
0x00007ffc84fa36a8:   00007f29ef2d9ff8 00000000004007bc
0x00007ffc84fa36b8:   0000000000000000 0000000000400730
0x00007ffc84fa36c8:   0000000000400630 00007ffc84fa37c0
0x00007ffc84fa36d8:   00007f29ef2da045 0000000000400730
0x00007ffc84fa36e8:   00007f29ef2c0837 0000000000000000
0x00007ffc84fa36f8:   00007ffc84fa37c8 00000005efa9dca0
0x00007ffc84fa3708:   00000000004005e0 0000000000000000
0x00007ffc84fa3718:   1922fab713204d24 0000000000400630
0x00007ffc84fa3728:   00007ffc84fa37c0 0000000000000000
0x00007ffc84fa3738:   0000000000000000 e6dbf3c370a04d24 

Instructions: (pc=0x0000000000046b20)
0x0000000000046b00:   
[error occurred during error reporting (printing registers, top of stack, instructions near pc), id 0xb]

Register to memory mapping:

RAX=
[error occurred during error reporting (printing register info), id 0xb]

Stack: [0x00007ffc84ea8000,0x00007ffc84fa8000],  sp=0x00007ffc84fa3548,  free space=1005k
Native frames: (J=compiled Java code, j=interpreted, Vv=VM code, C=native code)
C  0x0000000000046b20


---------------  P R O C E S S  ---------------

VM state:at safepoint (shutting down)

VM Mutex/Monitor currently owned by a thread:  ([mutex/lock_event])
[0x00007f29e8009dd0] Threads_lock - owner thread: 0x00007f29e807b000

Heap:
 PSYoungGen      total 68608K, used 58762K [0x00000000d6e00000, 0x00000000db600000, 0x0000000100000000)
  eden space 63488K, 84% used [0x00000000d6e00000,0x00000000da2668b8,0x00000000dac00000)
  from space 5120K, 99% used [0x00000000db100000,0x00000000db5fc010,0x00000000db600000)
  to   space 5120K, 0% used [0x00000000dac00000,0x00000000dac00000,0x00000000db100000)
 ParOldGen       total 84992K, used 10910K [0x0000000084a00000, 0x0000000089d00000, 0x00000000d6e00000)
  object space 84992K, 12% used [0x0000000084a00000,0x00000000854a7a80,0x0000000089d00000)
 Metaspace       used 19384K, capacity 19562K, committed 19712K, reserved 1067008K
  class space    used 2506K, capacity 2559K, committed 2560K, reserved 1048576K

Card table byte_map: [0x00007f29d8c24000,0x00007f29d9000000] byte_map_base: 0x00007f29d87ff000

Marking Bits: (ParMarkBitMap*) 0x00007f29eec48220
 Begin Bits: [0x00007f29d0250000, 0x00007f29d2128000)
 End Bits:   [0x00007f29d2128000, 0x00007f29d4000000)

Polling page: 0x00007f29efa9a000

CodeCache: size=245760Kb used=8235Kb max_used=8274Kb free=237524Kb
 bounds [0x00007f29d9000000, 0x00007f29d9820000, 0x00007f29e8000000]
 total_blobs=2917 nmethods=2533 adapters=296
 compilation: enabled

Compilation events (10 events):
Event: 169.710 Thread 0x00007f29e80b5000 nmethod 2529 0x00007f29d97ec350 code [0x00007f29d97ec4c0, 0x00007f29d97ec710]
Event: 169.711 Thread 0x00007f29e80b5000 2531       3       fr.irisa.cairn.jnimap.isl.jni.JNIISLBasicSet::getSpace (25 bytes)
Event: 169.712 Thread 0x00007f29e80b5000 nmethod 2531 0x00007f29d97f1610 code [0x00007f29d97f1840, 0x00007f29d97f2228]
Event: 169.712 Thread 0x00007f29e80b5000 2533       3       fr.irisa.cairn.tools.ecore.query.EMFUtils::eAllContentsInstancesOf (80 bytes)
Event: 169.713 Thread 0x00007f29e80b5000 nmethod 2533 0x00007f29d97f2750 code [0x00007f29d97f29e0, 0x00007f29d97f39e8]
Event: 169.714 Thread 0x00007f29e80b5000 2534       3       org.polymodel.algebra.tom.SimplifyIntExpression$Simplify::_visit_E (40 bytes)
Event: 169.715 Thread 0x00007f29e80b5000 nmethod 2534 0x00007f29d97f4190 code [0x00007f29d97f43a0, 0x00007f29d97f4e78]
Event: 169.716 Thread 0x00007f29e80b5000 2535       1       java.nio.Buffer::limit (5 bytes)
Event: 169.716 Thread 0x00007f29e80b5000 nmethod 2535 0x00007f29d97f52d0 code [0x00007f29d97f5420, 0x00007f29d97f5530]
Event: 170.102 Thread 0x00007f29e80b3800 nmethod 2523 0x00007f29d97ff010 code [0x00007f29d97ffc60, 0x00007f29d9808248]

GC Heap History (8 events):
Event: 15.376 GC heap before
{Heap before GC invocations=1 (full 0):
 PSYoungGen      total 36864K, used 31744K [0x00000000d6e00000, 0x00000000d9700000, 0x0000000100000000)
  eden space 31744K, 100% used [0x00000000d6e00000,0x00000000d8d00000,0x00000000d8d00000)
  from space 5120K, 0% used [0x00000000d9200000,0x00000000d9200000,0x00000000d9700000)
  to   space 5120K, 0% used [0x00000000d8d00000,0x00000000d8d00000,0x00000000d9200000)
 ParOldGen       total 84992K, used 0K [0x0000000084a00000, 0x0000000089d00000, 0x00000000d6e00000)
  object space 84992K, 0% used [0x0000000084a00000,0x0000000084a00000,0x0000000089d00000)
 Metaspace       used 7283K, capacity 7362K, committed 7552K, reserved 1056768K
  class space    used 844K, capacity 851K, committed 896K, reserved 1048576K
Event: 15.385 GC heap after
Heap after GC invocations=1 (full 0):
 PSYoungGen      total 36864K, used 5103K [0x00000000d6e00000, 0x00000000d9700000, 0x0000000100000000)
  eden space 31744K, 0% used [0x00000000d6e00000,0x00000000d6e00000,0x00000000d8d00000)
  from space 5120K, 99% used [0x00000000d8d00000,0x00000000d91fbe70,0x00000000d9200000)
  to   space 5120K, 0% used [0x00000000d9200000,0x00000000d9200000,0x00000000d9700000)
 ParOldGen       total 84992K, used 1028K [0x0000000084a00000, 0x0000000089d00000, 0x00000000d6e00000)
  object space 84992K, 1% used [0x0000000084a00000,0x0000000084b01308,0x0000000089d00000)
 Metaspace       used 7283K, capacity 7362K, committed 7552K, reserved 1056768K
  class space    used 844K, capacity 851K, committed 896K, reserved 1048576K
}
Event: 15.752 GC heap before
{Heap before GC invocations=2 (full 0):
 PSYoungGen      total 36864K, used 36847K [0x00000000d6e00000, 0x00000000d9700000, 0x0000000100000000)
  eden space 31744K, 100% used [0x00000000d6e00000,0x00000000d8d00000,0x00000000d8d00000)
  from space 5120K, 99% used [0x00000000d8d00000,0x00000000d91fbe70,0x00000000d9200000)
  to   space 5120K, 0% used [0x00000000d9200000,0x00000000d9200000,0x00000000d9700000)
 ParOldGen       total 84992K, used 1028K [0x0000000084a00000, 0x0000000089d00000, 0x00000000d6e00000)
  object space 84992K, 1% used [0x0000000084a00000,0x0000000084b01308,0x0000000089d00000)
 Metaspace       used 10426K, capacity 10472K, committed 10624K, reserved 1058816K
  class space    used 1306K, capacity 1332K, committed 1408K, reserved 1048576K
Event: 15.766 GC heap after
Heap after GC invocations=2 (full 0):
 PSYoungGen      total 36864K, used 5113K [0x00000000d6e00000, 0x00000000db600000, 0x0000000100000000)
  eden space 31744K, 0% used [0x00000000d6e00000,0x00000000d6e00000,0x00000000d8d00000)
  from space 5120K, 99% used [0x00000000d9200000,0x00000000d96fe5d0,0x00000000d9700000)
  to   space 5120K, 0% used [0x00000000d8d00000,0x00000000d8d00000,0x00000000d9200000)
 ParOldGen       total 84992K, used 4553K [0x0000000084a00000, 0x0000000089d00000, 0x00000000d6e00000)
  object space 84992K, 5% used [0x0000000084a00000,0x0000000084e72568,0x0000000089d00000)
 Metaspace       used 10426K, capacity 10472K, committed 10624K, reserved 1058816K
  class space    used 1306K, capacity 1332K, committed 1408K, reserved 1048576K
}
Event: 16.049 GC heap before
{Heap before GC invocations=3 (full 0):
 PSYoungGen      total 36864K, used 36857K [0x00000000d6e00000, 0x00000000db600000, 0x0000000100000000)
  eden space 31744K, 100% used [0x00000000d6e00000,0x00000000d8d00000,0x00000000d8d00000)
  from space 5120K, 99% used [0x00000000d9200000,0x00000000d96fe5d0,0x00000000d9700000)
  to   space 5120K, 0% used [0x00000000d8d00000,0x00000000d8d00000,0x00000000d9200000)
 ParOldGen       total 84992K, used 4553K [0x0000000084a00000, 0x0000000089d00000, 0x00000000d6e00000)
  object space 84992K, 5% used [0x0000000084a00000,0x0000000084e72568,0x0000000089d00000)
 Metaspace       used 12526K, capacity 12614K, committed 12928K, reserved 1060864K
  class space    used 1598K, capacity 1657K, committed 1664K, reserved 1048576K
Event: 16.056 GC heap after
Heap after GC invocations=3 (full 0):
 PSYoungGen      total 36864K, used 5088K [0x00000000d6e00000, 0x00000000db600000, 0x0000000100000000)
  eden space 31744K, 0% used [0x00000000d6e00000,0x00000000d6e00000,0x00000000d8d00000)
  from space 5120K, 99% used [0x00000000d8d00000,0x00000000d91f8020,0x00000000d9200000)
  to   space 5120K, 0% used [0x00000000db100000,0x00000000db100000,0x00000000db600000)
 ParOldGen       total 84992K, used 7689K [0x0000000084a00000, 0x0000000089d00000, 0x00000000d6e00000)
  object space 84992K, 9% used [0x0000000084a00000,0x0000000085182588,0x0000000089d00000)
 Metaspace       used 12526K, capacity 12614K, committed 12928K, reserved 1060864K
  class space    used 1598K, capacity 1657K, committed 1664K, reserved 1048576K
}
Event: 16.373 GC heap before
{Heap before GC invocations=4 (full 0):
 PSYoungGen      total 36864K, used 36832K [0x00000000d6e00000, 0x00000000db600000, 0x0000000100000000)
  eden space 31744K, 100% used [0x00000000d6e00000,0x00000000d8d00000,0x00000000d8d00000)
  from space 5120K, 99% used [0x00000000d8d00000,0x00000000d91f8020,0x00000000d9200000)
  to   space 5120K, 0% used [0x00000000db100000,0x00000000db100000,0x00000000db600000)
 ParOldGen       total 84992K, used 7689K [0x0000000084a00000, 0x0000000089d00000, 0x00000000d6e00000)
  object space 84992K, 9% used [0x0000000084a00000,0x0000000085182588,0x0000000089d00000)
 Metaspace       used 15185K, capacity 15314K, committed 15616K, reserved 1062912K
  class space    used 1997K, capacity 2043K, committed 2048K, reserved 1048576K
Event: 16.389 GC heap after
Heap after GC invocations=4 (full 0):
 PSYoungGen      total 68608K, used 5104K [0x00000000d6e00000, 0x00000000db600000, 0x0000000100000000)
  eden space 63488K, 0% used [0x00000000d6e00000,0x00000000d6e00000,0x00000000dac00000)
  from space 5120K, 99% used [0x00000000db100000,0x00000000db5fc010,0x00000000db600000)
  to   space 5120K, 0% used [0x00000000dac00000,0x00000000dac00000,0x00000000db100000)
 ParOldGen       total 84992K, used 10910K [0x0000000084a00000, 0x0000000089d00000, 0x00000000d6e00000)
  object space 84992K, 12% used [0x0000000084a00000,0x00000000854a7a80,0x0000000089d00000)
 Metaspace       used 15185K, capacity 15314K, committed 15616K, reserved 1062912K
  class space    used 1997K, capacity 2043K, committed 2048K, reserved 1048576K
}

Deoptimization events (10 events):
Event: 16.722 Thread 0x00007f29e800d800 Uncommon trap: reason=unstable_if action=reinterpret pc=0x00007f29d91989e8 method=java.util.HashMap.hash(Ljava/lang/Object;)I @ 1
Event: 16.793 Thread 0x00007f29e800d800 Uncommon trap: reason=bimorphic action=maybe_recompile pc=0x00007f29d95322d0 method=org.eclipse.emf.ecore.util.EContentsEList$FeatureIteratorImpl.hasNext()Z @ 279
Event: 16.793 Thread 0x00007f29e800d800 Uncommon trap: reason=bimorphic action=maybe_recompile pc=0x00007f29d95322d0 method=org.eclipse.emf.ecore.util.EContentsEList$FeatureIteratorImpl.hasNext()Z @ 279
Event: 29.892 Thread 0x00007f29e800d800 Uncommon trap: reason=unstable_if action=reinterpret pc=0x00007f29d966fbc0 method=org.eclipse.emf.common.notify.impl.BasicNotifierImpl.eBasicHasAdapters()Z @ 6
Event: 29.902 Thread 0x00007f29e800d800 Uncommon trap: reason=class_check action=maybe_recompile pc=0x00007f29d95320c8 method=org.eclipse.emf.ecore.util.EContentsEList$FeatureIteratorImpl.hasNext()Z @ 584
Event: 29.902 Thread 0x00007f29e800d800 Uncommon trap: reason=class_check action=maybe_recompile pc=0x00007f29d95320c8 method=org.eclipse.emf.ecore.util.EContentsEList$FeatureIteratorImpl.hasNext()Z @ 584
Event: 29.964 Thread 0x00007f29e800d800 Uncommon trap: reason=null_check action=make_not_entrant pc=0x00007f29d9767ec0 method=java.lang.reflect.Array.newInstance(Ljava/lang/Class;I)Ljava/lang/Object; @ 2
Event: 29.964 Thread 0x00007f29e800d800 Uncommon trap: reason=bimorphic action=maybe_recompile pc=0x00007f29d95322d0 method=org.eclipse.emf.ecore.util.EContentsEList$FeatureIteratorImpl.hasNext()Z @ 279
Event: 29.964 Thread 0x00007f29e800d800 Uncommon trap: reason=bimorphic action=maybe_recompile pc=0x00007f29d95322d0 method=org.eclipse.emf.ecore.util.EContentsEList$FeatureIteratorImpl.hasNext()Z @ 279
Event: 9063.737 Thread 0x00007f29e800d800 Uncommon trap: reason=null_check action=make_not_entrant pc=0x00007f29d965cbec method=java.lang.StringCoding.deref(Ljava/lang/ThreadLocal;)Ljava/lang/Object; @ 4

Internal exceptions (10 events):
Event: 9063.700 Thread 0x00007f29e800d800 Exception <a 'java/io/IOException'> (0x00000000da09b528) thrown at [/build/openjdk-8-YiEakL/openjdk-8-8u121-b13/src/hotspot/src/share/vm/prims/jni.cpp, line 709]
Event: 9063.700 Thread 0x00007f29e800d800 Exception <a 'java/io/IOException'> (0x00000000da09b7c0) thrown at [/build/openjdk-8-YiEakL/openjdk-8-8u121-b13/src/hotspot/src/share/vm/prims/jni.cpp, line 709]
Event: 9063.700 Thread 0x00007f29e800d800 Exception <a 'java/io/IOException'> (0x00000000da09ba28) thrown at [/build/openjdk-8-YiEakL/openjdk-8-8u121-b13/src/hotspot/src/share/vm/prims/jni.cpp, line 709]
Event: 9063.700 Thread 0x00007f29e800d800 Exception <a 'java/io/IOException'> (0x00000000da09c218) thrown at [/build/openjdk-8-YiEakL/openjdk-8-8u121-b13/src/hotspot/src/share/vm/prims/jni.cpp, line 709]
Event: 9063.700 Thread 0x00007f29e800d800 Exception <a 'java/io/IOException'> (0x00000000da09c4b0) thrown at [/build/openjdk-8-YiEakL/openjdk-8-8u121-b13/src/hotspot/src/share/vm/prims/jni.cpp, line 709]
Event: 9063.700 Thread 0x00007f29e800d800 Exception <a 'java/io/IOException'> (0x00000000da09c718) thrown at [/build/openjdk-8-YiEakL/openjdk-8-8u121-b13/src/hotspot/src/share/vm/prims/jni.cpp, line 709]
Event: 9063.700 Thread 0x00007f29e800d800 Exception <a 'java/io/IOException'> (0x00000000da09ccd0) thrown at [/build/openjdk-8-YiEakL/openjdk-8-8u121-b13/src/hotspot/src/share/vm/prims/jni.cpp, line 709]
Event: 9063.700 Thread 0x00007f29e800d800 Exception <a 'java/io/IOException'> (0x00000000da09cf68) thrown at [/build/openjdk-8-YiEakL/openjdk-8-8u121-b13/src/hotspot/src/share/vm/prims/jni.cpp, line 709]
Event: 9063.700 Thread 0x00007f29e800d800 Exception <a 'java/io/IOException'> (0x00000000da09d1d0) thrown at [/build/openjdk-8-YiEakL/openjdk-8-8u121-b13/src/hotspot/src/share/vm/prims/jni.cpp, line 709]
Event: 9063.737 Thread 0x00007f29e800d800 Implicit null exception at 0x00007f29d965c5cd to 0x00007f29d965cbd5

Events (10 events):
Event: 9063.715 Executing VM operation: RevokeBias done
Event: 9063.715 Executing VM operation: RevokeBias
Event: 9063.715 Executing VM operation: RevokeBias done
Event: 9063.715 Executing VM operation: RevokeBias
Event: 9063.715 Executing VM operation: RevokeBias done
Event: 9063.715 Thread 0x00007f29e880b000 Thread exited: 0x00007f29e880b000
Event: 9063.737 Thread 0x00007f29e800d800 Uncommon trap: trap_request=0xfffffff4 fr.pc=0x00007f29d965cbec
Event: 9063.737 Thread 0x00007f29e800d800 DEOPT PACKING pc=0x00007f29d965cbec sp=0x00007f29efa6d1c0
Event: 9063.737 Thread 0x00007f29e800d800 DEOPT UNPACKING pc=0x00007f29d9004f69 sp=0x00007f29efa6d0c0 mode 2
Event: 9065.066 Thread 0x00007f29e800d800 Thread exited: 0x00007f29e800d800


Dynamic libraries:
00400000-00401000 r-xp 00000000 08:09 7087821                            /usr/lib/jvm/java-8-openjdk-amd64/jre/bin/java
00600000-00601000 r--p 00000000 08:09 7087821                            /usr/lib/jvm/java-8-openjdk-amd64/jre/bin/java
00601000-00602000 rw-p 00001000 08:09 7087821                            /usr/lib/jvm/java-8-openjdk-amd64/jre/bin/java
01cdf000-01d00000 rw-p 00000000 00:00 0                                  [heap]
84a00000-89d00000 rw-p 00000000 00:00 0 
89d00000-d6e00000 ---p 00000000 00:00 0 
d6e00000-db600000 rw-p 00000000 00:00 0 
db600000-100000000 ---p 00000000 00:00 0 
100000000-100280000 rw-p 00000000 00:00 0 
100280000-140000000 ---p 00000000 00:00 0 
7f298c000000-7f298c021000 rw-p 00000000 00:00 0 
7f298c021000-7f2990000000 ---p 00000000 00:00 0 
7f2994000000-7f2994021000 rw-p 00000000 00:00 0 
7f2994021000-7f2998000000 ---p 00000000 00:00 0 
7f2998000000-7f2998021000 rw-p 00000000 00:00 0 
7f2998021000-7f299c000000 ---p 00000000 00:00 0 
7f299c000000-7f299c021000 rw-p 00000000 00:00 0 
7f299c021000-7f29a0000000 ---p 00000000 00:00 0 
7f29a0000000-7f29a0021000 rw-p 00000000 00:00 0 
7f29a0021000-7f29a4000000 ---p 00000000 00:00 0 
7f29a4000000-7f29a5a98000 rw-p 00000000 00:00 0 
7f29a5a98000-7f29a8000000 ---p 00000000 00:00 0 
7f29a8000000-7f29a8853000 rw-p 00000000 00:00 0 
7f29a8853000-7f29ac000000 ---p 00000000 00:00 0 
7f29ac000000-7f29ac021000 rw-p 00000000 00:00 0 
7f29ac021000-7f29b0000000 ---p 00000000 00:00 0 
7f29b0000000-7f29b0b4f000 rw-p 00000000 00:00 0 
7f29b0b4f000-7f29b4000000 ---p 00000000 00:00 0 
7f29b4000000-7f29b4021000 rw-p 00000000 00:00 0 
7f29b4021000-7f29b8000000 ---p 00000000 00:00 0 
7f29b8000000-7f29b8021000 rw-p 00000000 00:00 0 
7f29b8021000-7f29bc000000 ---p 00000000 00:00 0 
7f29bc000000-7f29bc021000 rw-p 00000000 00:00 0 
7f29bc021000-7f29c0000000 ---p 00000000 00:00 0 
7f29c0000000-7f29c0021000 rw-p 00000000 00:00 0 
7f29c0021000-7f29c4000000 ---p 00000000 00:00 0 
7f29c4000000-7f29c4021000 rw-p 00000000 00:00 0 
7f29c4021000-7f29c8000000 ---p 00000000 00:00 0 
7f29c839e000-7f29c845e000 rw-p 00000000 00:00 0 
7f29c845e000-7f29c859e000 ---p 00000000 00:00 0 
7f29c864f000-7f29c8652000 ---p 00000000 00:00 0 
7f29c8652000-7f29c8750000 rw-p 00000000 00:00 0 
7f29c8750000-7f29c87c5000 r-xp 00000000 08:09 27656415                   /home/hrishi/workspace/Console/.jnimap.temp.linux_64/libgmp.so.10 (deleted)
7f29c87c5000-7f29c89c4000 ---p 00075000 08:09 27656415                   /home/hrishi/workspace/Console/.jnimap.temp.linux_64/libgmp.so.10 (deleted)
7f29c89c4000-7f29c89c6000 rw-p 00074000 08:09 27656415                   /home/hrishi/workspace/Console/.jnimap.temp.linux_64/libgmp.so.10 (deleted)
7f29c89c6000-7f29c8b2e000 r-xp 00000000 08:09 27656413                   /home/hrishi/workspace/Console/.jnimap.temp.linux_64/libisl.so.13 (deleted)
7f29c8b2e000-7f29c8d2d000 ---p 00168000 08:09 27656413                   /home/hrishi/workspace/Console/.jnimap.temp.linux_64/libisl.so.13 (deleted)
7f29c8d2d000-7f29c8d34000 rw-p 00167000 08:09 27656413                   /home/hrishi/workspace/Console/.jnimap.temp.linux_64/libisl.so.13 (deleted)
7f29c8d34000-7f29c8db9000 r-xp 00000000 08:09 27656416                   /home/hrishi/workspace/Console/.jnimap.temp.linux_64/linux_64_libjniisl.so (deleted)
7f29c8db9000-7f29c8fb8000 ---p 00085000 08:09 27656416                   /home/hrishi/workspace/Console/.jnimap.temp.linux_64/linux_64_libjniisl.so (deleted)
7f29c8fb8000-7f29c8fbb000 rw-p 00084000 08:09 27656416                   /home/hrishi/workspace/Console/.jnimap.temp.linux_64/linux_64_libjniisl.so (deleted)
7f29c8fbb000-7f29c91bb000 rw-p 00000000 00:00 0 
7f29c91bb000-7f29c93bb000 rw-p 00000000 00:00 0 
7f29c93bb000-7f29c95bb000 rw-p 00000000 00:00 0 
7f29c95bb000-7f29c95be000 ---p 00000000 00:00 0 
7f29c95be000-7f29c98bc000 rw-p 00000000 00:00 0 
7f29c98bc000-7f29c98bf000 ---p 00000000 00:00 0 
7f29c98bf000-7f29c99bd000 rw-p 00000000 00:00 0 
7f29c9a96000-7f29c9a99000 r--s 00015000 08:09 7085469                    /usr/lib/jvm/java-8-openjdk-amd64/jre/lib/jce.jar
7f29c9a99000-7f29c9a9d000 r--s 0009a000 08:09 7085467                    /usr/lib/jvm/java-8-openjdk-amd64/jre/lib/jsse.jar
7f29c9a9d000-7f29c9aa0000 r--s 00014000 08:09 26516293                   /home/hrishi/.eclipse/org.eclipse.platform_4.6.0_1473617060_linux_gtk_x86_64/plugins/fr.irisa.r2d2.parser.runtime_1.0.0.201612051604.jar
7f29c9aa0000-7f29c9aa8000 r--s 0003c000 08:09 26516292                   /home/hrishi/.eclipse/org.eclipse.platform_4.6.0_1473617060_linux_gtk_x86_64/plugins/fr.irisa.r2d2.gecos.framework_1.0.0.201612051604.jar
7f29c9aa8000-7f29c9ab2000 r--s 0006c000 08:09 26516357                   /home/hrishi/.eclipse/org.eclipse.platform_4.6.0_1473617060_linux_gtk_x86_64/plugins/org.eclipse.xtext.common.types_2.10.0.v201605250459.jar
7f29c9ab2000-7f29c9ae2000 r--s 0044d000 08:09 26516369                   /home/hrishi/.eclipse/org.eclipse.platform_4.6.0_1473617060_linux_gtk_x86_64/plugins/org.eclipse.xtext.xbase_2.10.0.v201605250459.jar
7f29c9ae2000-7f29c9ae5000 r--s 0000f000 08:09 26516352                   /home/hrishi/.eclipse/org.eclipse.platform_4.6.0_1473617060_linux_gtk_x86_64/plugins/org.eclipse.xtend.lib.macro_2.10.0.v201605250459.jar
7f29c9ae5000-7f29c9ae9000 r--s 00035000 08:09 26516351                   /home/hrishi/.eclipse/org.eclipse.platform_4.6.0_1473617060_linux_gtk_x86_64/plugins/org.eclipse.xtend.lib_2.10.0.v201605250459.jar
7f29c9ae9000-7f29c9aea000 r--s 00001000 08:09 26516354                   /home/hrishi/.eclipse/org.eclipse.platform_4.6.0_1473617060_linux_gtk_x86_64/plugins/org.eclipse.xtend2.lib_2.10.0.v201605250459.jar
7f29c9aea000-7f29c9af0000 r--s 0003f000 08:09 26516368                   /home/hrishi/.eclipse/org.eclipse.platform_4.6.0_1473617060_linux_gtk_x86_64/plugins/org.eclipse.xtext.util_2.10.0.v201605250459.jar
7f29c9af0000-7f29c9b21000 r--s 0024b000 08:09 26516355                   /home/hrishi/.eclipse/org.eclipse.platform_4.6.0_1473617060_linux_gtk_x86_64/plugins/org.eclipse.xtext_2.10.0.v201605250459.jar
7f29c9b21000-7f29c9b29000 r--s 00061000 08:09 26516277                   /home/hrishi/.eclipse/org.eclipse.platform_4.6.0_1473617060_linux_gtk_x86_64/plugins/edu.csu.melange.alphabets_0.9.6.201612051604.jar
7f29c9b29000-7f29c9b2a000 r--s 00008000 08:09 26516336                   /home/hrishi/.eclipse/org.eclipse.platform_4.6.0_1473617060_linux_gtk_x86_64/plugins/org.polymodel.scop.cgenerator2_1.0.0.201612051604.jar
7f29c9b2a000-7f29c9b2d000 r--s 00024000 08:09 26516337                   /home/hrishi/.eclipse/org.eclipse.platform_4.6.0_1473617060_linux_gtk_x86_64/plugins/org.polymodel.scop.dtiler_1.0.0.201612051604.jar
7f29c9b2d000-7f29c9b2e000 r--s 00001000 08:09 26516335                   /home/hrishi/.eclipse/org.eclipse.platform_4.6.0_1473617060_linux_gtk_x86_64/plugins/org.polymodel.scop.bridge.clast_1.0.0.201612051604.jar
7f29c9b2e000-7f29c9b33000 r--s 0002a000 08:09 26516334                   /home/hrishi/.eclipse/org.eclipse.platform_4.6.0_1473617060_linux_gtk_x86_64/plugins/org.polymodel.scop_1.0.0.201612051604.jar
7f29c9b33000-7f29c9b46000 r--s 0012e000 08:09 26516300                   /home/hrishi/.eclipse/org.eclipse.platform_4.6.0_1473617060_linux_gtk_x86_64/plugins/org.polymodel.polyhedralIR.codegen_1.0.0.201612051604.jar
7f29c9b46000-7f29c9b49000 r--s 008e1000 08:09 26516287                   /home/hrishi/.eclipse/org.eclipse.platform_4.6.0_1473617060_linux_gtk_x86_64/plugins/fr.irisa.cairn.jnimap.cloog_1.0.0.201612051604.jar
7f29c9b49000-7f29c9b4d000 r--s 00031000 08:09 26516341                   /home/hrishi/.eclipse/org.eclipse.platform_4.6.0_1473617060_linux_gtk_x86_64/plugins/org.antlr.runtime_3.2.0.v201101311130.jar
7f29c9b4d000-7f29c9b4e000 r--s 00011000 08:09 10748494                   /opt/eclipse/plugins/org.apache.commons.logging_1.1.1.v201101211721.jar
7f29c9b4e000-7f29c9b56000 r--s 0005e000 08:09 10748531                   /opt/eclipse/plugins/org.apache.log4j_1.2.15.v201012070815.jar
7f29c9b56000-7f29c9b58000 r--s 00008000 08:09 26516346                   /home/hrishi/.eclipse/org.eclipse.platform_4.6.0_1473617060_linux_gtk_x86_64/plugins/org.eclipse.emf.mwe.utils_1.3.20.v201605261103.jar
7f29c9b58000-7f29c9b59000 r--s 00003000 08:09 26516348                   /home/hrishi/.eclipse/org.eclipse.platform_4.6.0_1473617060_linux_gtk_x86_64/plugins/org.eclipse.emf.mwe2.runtime_2.9.0.v201605261103.jar
7f29c9b59000-7f29c9b5a000 r--s 0000b000 08:09 26516339                   /home/hrishi/.eclipse/org.eclipse.platform_4.6.0_1473617060_linux_gtk_x86_64/plugins/org.apache.commons.cli_1.2.0.v201404270220.jar
7f29c9b5a000-7f29c9b60000 r--s 0002a000 08:09 26516345                   /home/hrishi/.eclipse/org.eclipse.platform_4.6.0_1473617060_linux_gtk_x86_64/plugins/org.eclipse.emf.mwe.core_1.3.20.v201605261103.jar
7f29c9b60000-7f29c9b62000 r--s 00009000 08:09 26516279                   /home/hrishi/.eclipse/org.eclipse.platform_4.6.0_1473617060_linux_gtk_x86_64/plugins/edu.csu.melange.affineLattice_1.0.0.jar
7f29c9b62000-7f29c9b64000 r--s 00000000 08:09 26516338                   /home/hrishi/.eclipse/org.eclipse.platform_4.6.0_1473617060_linux_gtk_x86_64/plugins/tom.mapping_1.0.0.201612051604.jar
7f29c9b64000-7f29c9b6b000 r--s 0004d000 08:09 26516333                   /home/hrishi/.eclipse/org.eclipse.platform_4.6.0_1473617060_linux_gtk_x86_64/plugins/org.polymodel.prdg.scheduling_1.0.0.201612051604.jar
7f29c9b6b000-7f29c9b6e000 r--s 0001f000 08:09 26516370                   /home/hrishi/.eclipse/org.eclipse.platform_4.6.0_1473617060_linux_gtk_x86_64/plugins/org.eclipse.xtext.xbase.lib_2.10.0.v201605250459.jar
7f29c9b6e000-7f29c9b70000 r--s 00004000 08:09 26516299                   /home/hrishi/.eclipse/org.eclipse.platform_4.6.0_1473617060_linux_gtk_x86_64/plugins/org.polymodel.matrix_1.0.0.201612051604.jar
7f29c9b70000-7f29c9b72000 r--s 00005000 08:09 26516332                   /home/hrishi/.eclipse/org.eclipse.platform_4.6.0_1473617060_linux_gtk_x86_64/plugins/org.polymodel.prdg.adapter_1.0.0.201612051604.jar
7f29c9b72000-7f29c9b74000 r--s 00009000 08:09 26516301                   /home/hrishi/.eclipse/org.eclipse.platform_4.6.0_1473617060_linux_gtk_x86_64/plugins/org.polymodel.prdg_1.0.0.201612051604.jar
7f29c9b74000-7f29c9b76000 r--s 00013000 08:09 26516297                   /home/hrishi/.eclipse/org.eclipse.platform_4.6.0_1473617060_linux_gtk_x86_64/plugins/org.polymodel.isl_1.0.0.201612051604.jar
7f29c9b76000-7f29c9b80000 r--s 000a4000 08:09 26516295                   /home/hrishi/.eclipse/org.eclipse.platform_4.6.0_1473617060_linux_gtk_x86_64/plugins/org.polymodel.algebra_1.0.0.201612051604.jar
7f29c9b80000-7f29c9b83000 r--s 0002b000 08:09 26516294                   /home/hrishi/.eclipse/org.eclipse.platform_4.6.0_1473617060_linux_gtk_x86_64/plugins/org.polymodel_1.0.0.201612051604.jar
7f29c9b83000-7f29c9bad000 r--s 001ff000 08:09 10749007                   /opt/eclipse/plugins/com.google.guava_15.0.0.v201403281430.jar
7f29c9bad000-7f29c9bb0000 r--s 00037000 08:09 28708336                   /home/hrishi/.eclipse/org.eclipse.platform_4.6.0_1473617060_linux_gtk_x86_64/plugins/fr.irisa.cairn.tools_1.0.0.201612051604/lib/javatuples-1.2-javadoc.jar
7f29c9bb0000-7f29c9be0000 rw-p 00000000 00:00 0 
7f29c9be0000-7f29c9d10000 r--s 010bc000 08:09 28708362                   /home/hrishi/.eclipse/org.eclipse.platform_4.6.0_1473617060_linux_gtk_x86_64/plugins/fr.irisa.cairn.eclipse.tom_2.10.0.201612051604/libs/aircube-bundle.jar
7f29c9d10000-7f29c9d11000 ---p 00000000 00:00 0 
7f29c9d11000-7f29c9e11000 rw-p 00000000 00:00 0 
7f29c9e11000-7f29c9e14000 ---p 00000000 00:00 0 
7f29c9e14000-7f29c9f12000 rw-p 00000000 00:00 0 
7f29c9f12000-7f29c9f15000 ---p 00000000 00:00 0 
7f29c9f15000-7f29ca013000 rw-p 00000000 00:00 0 
7f29ca013000-7f29ca016000 ---p 00000000 00:00 0 
7f29ca016000-7f29ca114000 rw-p 00000000 00:00 0 
7f29ca114000-7f29ca117000 ---p 00000000 00:00 0 
7f29ca117000-7f29ca215000 rw-p 00000000 00:00 0 
7f29ca215000-7f29ca218000 ---p 00000000 00:00 0 
7f29ca218000-7f29ca316000 rw-p 00000000 00:00 0 
7f29ca316000-7f29ca5ee000 r--p 00000000 08:09 2887360                    /usr/lib/locale/locale-archive
7f29ca5ee000-7f29ca5f1000 ---p 00000000 00:00 0 
7f29ca5f1000-7f29ca6ef000 rw-p 00000000 00:00 0 
7f29ca6ef000-7f29ca6f2000 ---p 00000000 00:00 0 
7f29ca6f2000-7f29ca7f0000 rw-p 00000000 00:00 0 
7f29ca7f0000-7f29ca7f1000 ---p 00000000 00:00 0 
7f29ca7f1000-7f29cc000000 rw-p 00000000 00:00 0 
7f29cc000000-7f29cc021000 rw-p 00000000 00:00 0 
7f29cc021000-7f29d0000000 ---p 00000000 00:00 0 
7f29d0000000-7f29d0001000 r--s 0000f000 08:09 28708338                   /home/hrishi/.eclipse/org.eclipse.platform_4.6.0_1473617060_linux_gtk_x86_64/plugins/fr.irisa.cairn.tools_1.0.0.201612051604/lib/javatuples-1.2.jar
7f29d0001000-7f29d0002000 r--s 0000b000 08:09 28708337                   /home/hrishi/.eclipse/org.eclipse.platform_4.6.0_1473617060_linux_gtk_x86_64/plugins/fr.irisa.cairn.tools_1.0.0.201612051604/lib/javatuples-1.2-sources.jar
7f29d0002000-7f29d0007000 r--s 00b6c000 08:09 26516288                   /home/hrishi/.eclipse/org.eclipse.platform_4.6.0_1473617060_linux_gtk_x86_64/plugins/fr.irisa.cairn.jnimap.isl_2.1.0.201612051604.jar
7f29d0007000-7f29d0009000 r--s 00007000 08:09 26516286                   /home/hrishi/.eclipse/org.eclipse.platform_4.6.0_1473617060_linux_gtk_x86_64/plugins/fr.irisa.cairn.graph.guice_1.0.0.201612051604.jar
7f29d0009000-7f29d000b000 r--s 00009000 08:09 10748202                   /opt/eclipse/plugins/com.google.inject.multibindings_3.0.0.v201605172100.jar
7f29d000b000-7f29d0016000 r--s 00077000 08:09 10748760                   /opt/eclipse/plugins/com.google.inject_3.0.0.v201605172100.jar
7f29d0016000-7f29d002e000 r--s 0015b000 08:09 28061747                   /home/hrishi/.eclipse/org.eclipse.platform_4.6.0_1473617060_linux_gtk_x86_64/plugins/fr.irisa.cairn.graph_1.0.0.201612051604/lib/jgrapht-ext-0.9.1-uber.jar
7f29d002e000-7f29d0040000 r--s 00111000 08:09 10748217                   /opt/eclipse/plugins/org.eclipse.emf.ecore_2.12.0.v20160420-0247.jar
7f29d0040000-7f29d0082000 r--s 00398000 08:09 10748311                   /opt/eclipse/plugins/org.eclipse.ui.workbench_3.108.0.v20160602-1232.jar
7f29d0082000-7f29d0250000 r--s 03c06000 08:09 7087811                    /usr/lib/jvm/java-8-openjdk-amd64/jre/lib/rt.jar
7f29d0250000-7f29d4000000 rw-p 00000000 00:00 0 
7f29d4000000-7f29d4021000 rw-p 00000000 00:00 0 
7f29d4021000-7f29d8000000 ---p 00000000 00:00 0 
7f29d8000000-7f29d8001000 r--s 00000000 08:09 26516289                   /home/hrishi/.eclipse/org.eclipse.platform_4.6.0_1473617060_linux_gtk_x86_64/plugins/fr.irisa.cairn.jnimap.runtime_1.0.0.201612051604.jar
7f29d8001000-7f29d8005000 r--s 00035000 08:09 10748985                   /opt/eclipse/plugins/org.eclipse.emf.ecore.xmi_2.12.0.v20160420-0247.jar
7f29d8005000-7f29d800c000 r--s 00051000 08:09 10748503                   /opt/eclipse/plugins/org.eclipse.emf.common_2.12.0.v20160420-0247.jar
7f29d800c000-7f29d8011000 r--s 00030000 08:09 10748396                   /opt/eclipse/plugins/org.eclipse.ui.console_3.6.200.v20160518-1858.jar
7f29d8011000-7f29d8015000 r--s 00019000 08:09 10748602                   /opt/eclipse/plugins/org.eclipse.core.commands_3.8.0.v20160316-1921.jar
7f29d8015000-7f29d8027000 r--s 000f8000 08:09 10748780                   /opt/eclipse/plugins/org.eclipse.jface_3.12.0.v20160518-1929.jar
7f29d8027000-7f29d803c000 r--s 0028f000 08:09 10748863                   /opt/eclipse/plugins/org.eclipse.swt.gtk.linux.x86_64_3.105.0.v20160603-0902.jar
7f29d803c000-7f29d8045000 r--s 00058000 08:09 10748604                   /opt/eclipse/plugins/org.eclipse.ui_3.108.0.v20160518-1929.jar
7f29d8045000-7f29d8047000 r--s 00014000 08:09 10748222                   /opt/eclipse/plugins/org.eclipse.equinox.app_1.3.400.v20150715-1528.jar
7f29d8047000-7f29d8049000 r--s 00017000 08:09 10748774                   /opt/eclipse/plugins/org.eclipse.core.contenttype_3.5.100.v20160418-1621.jar
7f29d8049000-7f29d804c000 r--s 0001e000 08:09 10748508                   /opt/eclipse/plugins/org.eclipse.equinox.preferences_3.6.0.v20160120-1756.jar
7f29d804c000-7f29d8050000 r--s 0002a000 08:09 10749014                   /opt/eclipse/plugins/org.eclipse.equinox.registry_3.6.100.v20160223-2218.jar
7f29d8050000-7f29d8053000 r--s 00019000 08:09 10748931                   /opt/eclipse/plugins/org.eclipse.core.jobs_3.8.0.v20160509-0411.jar
7f29d8053000-7f29d8056000 r--s 0001b000 08:09 10748983                   /opt/eclipse/plugins/org.eclipse.equinox.common_3.8.0.v20160509-1230.jar
7f29d8056000-7f29d8059000 r--s 00039000 08:09 10748174                   /opt/eclipse/plugins/org.eclipse.osgi.compatibility.state_1.0.200.v20160504-1419.jar
7f29d8059000-7f29d806e000 r--s 0013d000 08:09 10748755                   /opt/eclipse/plugins/org.eclipse.osgi_3.11.0.v20160603-1336.jar
7f29d806e000-7f29d8070000 r--s 00003000 08:09 10748526                   /opt/eclipse/plugins/javax.inject_1.0.0.v20091030.jar
7f29d8070000-7f29d8072000 r--s 00011000 08:09 10748883                   /opt/eclipse/plugins/org.eclipse.core.runtime_3.12.0.v20160606-1342.jar
7f29d8072000-7f29d808d000 r--s 001d6000 08:09 7085455                    /usr/lib/jvm/java-8-openjdk-amd64/jre/lib/ext/nashorn.jar
7f29d808d000-7f29d858e000 rw-p 00000000 00:00 0 
7f29d858e000-7f29d858f000 ---p 00000000 00:00 0 
7f29d858f000-7f29d868f000 rw-p 00000000 00:00 0 
7f29d868f000-7f29d8690000 ---p 00000000 00:00 0 
7f29d8690000-7f29d8790000 rw-p 00000000 00:00 0 
7f29d8790000-7f29d8791000 ---p 00000000 00:00 0 
7f29d8791000-7f29d8891000 rw-p 00000000 00:00 0 
7f29d8891000-7f29d8892000 ---p 00000000 00:00 0 
7f29d8892000-7f29d89bc000 rw-p 00000000 00:00 0 
7f29d89bc000-7f29d8c24000 ---p 00000000 00:00 0 
7f29d8c24000-7f29d8c4e000 rw-p 00000000 00:00 0 
7f29d8c4e000-7f29d8eb6000 ---p 00000000 00:00 0 
7f29d8eb6000-7f29d8eda000 rw-p 00000000 00:00 0 
7f29d8eda000-7f29d8fff000 ---p 00000000 00:00 0 
7f29d8fff000-7f29d9000000 rw-p 00000000 00:00 0 
7f29d9000000-7f29d9820000 rwxp 00000000 00:00 0 
7f29d9820000-7f29e8000000 ---p 00000000 00:00 0 
7f29e8000000-7f29e8aeb000 rw-p 00000000 00:00 0 
7f29e8aeb000-7f29ec000000 ---p 00000000 00:00 0 
7f29ec000000-7f29ec001000 r--s 00002000 08:09 10748530                   /opt/eclipse/plugins/org.eclipse.e4.ui.workbench3_0.13.100.v20160506-0759.jar
7f29ec001000-7f29ec005000 r--s 00037000 08:09 7085460                    /usr/lib/jvm/java-8-openjdk-amd64/jre/lib/ext/sunpkcs11.jar
7f29ec005000-7f29ec008000 r--s 0000f000 08:09 7085457                    /usr/lib/jvm/java-8-openjdk-amd64/jre/lib/ext/icedtea-sound.jar
7f29ec008000-7f29ec012000 r--s 00116000 08:09 7085461                    /usr/lib/jvm/java-8-openjdk-amd64/jre/lib/ext/localedata.jar
7f29ec012000-7f29ec017000 r--s 0003b000 08:09 7085462                    /usr/lib/jvm/java-8-openjdk-amd64/jre/lib/ext/sunjce_provider.jar
7f29ec017000-7f29ec059000 rw-p 00000000 00:00 0 
7f29ec059000-7f29ec3f8000 ---p 00000000 00:00 0 
7f29ec3f8000-7f29ec400000 r-xp 00000000 08:09 7085419                    /usr/lib/jvm/java-8-openjdk-amd64/jre/lib/amd64/libzip.so
7f29ec400000-7f29ec5ff000 ---p 00008000 08:09 7085419                    /usr/lib/jvm/java-8-openjdk-amd64/jre/lib/amd64/libzip.so
7f29ec5ff000-7f29ec600000 r--p 00007000 08:09 7085419                    /usr/lib/jvm/java-8-openjdk-amd64/jre/lib/amd64/libzip.so
7f29ec600000-7f29ec601000 rw-p 00008000 08:09 7085419                    /usr/lib/jvm/java-8-openjdk-amd64/jre/lib/amd64/libzip.so
7f29ec601000-7f29ec60c000 r-xp 00000000 08:09 24382890                   /lib/x86_64-linux-gnu/libnss_files-2.23.so
7f29ec60c000-7f29ec80b000 ---p 0000b000 08:09 24382890                   /lib/x86_64-linux-gnu/libnss_files-2.23.so
7f29ec80b000-7f29ec80c000 r--p 0000a000 08:09 24382890                   /lib/x86_64-linux-gnu/libnss_files-2.23.so
7f29ec80c000-7f29ec80d000 rw-p 0000b000 08:09 24382890                   /lib/x86_64-linux-gnu/libnss_files-2.23.so
7f29ec80d000-7f29ec813000 rw-p 00000000 00:00 0 
7f29ec813000-7f29ec81e000 r-xp 00000000 08:09 24382881                   /lib/x86_64-linux-gnu/libnss_nis-2.23.so
7f29ec81e000-7f29eca1d000 ---p 0000b000 08:09 24382881                   /lib/x86_64-linux-gnu/libnss_nis-2.23.so
7f29eca1d000-7f29eca1e000 r--p 0000a000 08:09 24382881                   /lib/x86_64-linux-gnu/libnss_nis-2.23.so
7f29eca1e000-7f29eca1f000 rw-p 0000b000 08:09 24382881                   /lib/x86_64-linux-gnu/libnss_nis-2.23.so
7f29eca1f000-7f29eca35000 r-xp 00000000 08:09 24382883                   /lib/x86_64-linux-gnu/libnsl-2.23.so
7f29eca35000-7f29ecc34000 ---p 00016000 08:09 24382883                   /lib/x86_64-linux-gnu/libnsl-2.23.so
7f29ecc34000-7f29ecc35000 r--p 00015000 08:09 24382883                   /lib/x86_64-linux-gnu/libnsl-2.23.so
7f29ecc35000-7f29ecc36000 rw-p 00016000 08:09 24382883                   /lib/x86_64-linux-gnu/libnsl-2.23.so
7f29ecc36000-7f29ecc38000 rw-p 00000000 00:00 0 
7f29ecc38000-7f29ecc40000 r-xp 00000000 08:09 24382892                   /lib/x86_64-linux-gnu/libnss_compat-2.23.so
7f29ecc40000-7f29ece3f000 ---p 00008000 08:09 24382892                   /lib/x86_64-linux-gnu/libnss_compat-2.23.so
7f29ece3f000-7f29ece40000 r--p 00007000 08:09 24382892                   /lib/x86_64-linux-gnu/libnss_compat-2.23.so
7f29ece40000-7f29ece41000 rw-p 00008000 08:09 24382892                   /lib/x86_64-linux-gnu/libnss_compat-2.23.so
7f29ece41000-7f29ece6e000 r-xp 00000000 08:09 7085444                    /usr/lib/jvm/java-8-openjdk-amd64/jre/lib/amd64/libjava.so
7f29ece6e000-7f29ed06d000 ---p 0002d000 08:09 7085444                    /usr/lib/jvm/java-8-openjdk-amd64/jre/lib/amd64/libjava.so
7f29ed06d000-7f29ed06e000 r--p 0002c000 08:09 7085444                    /usr/lib/jvm/java-8-openjdk-amd64/jre/lib/amd64/libjava.so
7f29ed06e000-7f29ed070000 rw-p 0002d000 08:09 7085444                    /usr/lib/jvm/java-8-openjdk-amd64/jre/lib/amd64/libjava.so
7f29ed070000-7f29ed07f000 r-xp 00000000 08:09 7085412                    /usr/lib/jvm/java-8-openjdk-amd64/jre/lib/amd64/libverify.so
7f29ed07f000-7f29ed27e000 ---p 0000f000 08:09 7085412                    /usr/lib/jvm/java-8-openjdk-amd64/jre/lib/amd64/libverify.so
7f29ed27e000-7f29ed280000 r--p 0000e000 08:09 7085412                    /usr/lib/jvm/java-8-openjdk-amd64/jre/lib/amd64/libverify.so
7f29ed280000-7f29ed281000 rw-p 00010000 08:09 7085412                    /usr/lib/jvm/java-8-openjdk-amd64/jre/lib/amd64/libverify.so
7f29ed281000-7f29ed288000 r-xp 00000000 08:09 24382893                   /lib/x86_64-linux-gnu/librt-2.23.so
7f29ed288000-7f29ed487000 ---p 00007000 08:09 24382893                   /lib/x86_64-linux-gnu/librt-2.23.so
7f29ed487000-7f29ed488000 r--p 00006000 08:09 24382893                   /lib/x86_64-linux-gnu/librt-2.23.so
7f29ed488000-7f29ed489000 rw-p 00007000 08:09 24382893                   /lib/x86_64-linux-gnu/librt-2.23.so
7f29ed489000-7f29ed49f000 r-xp 00000000 08:09 24383888                   /lib/x86_64-linux-gnu/libgcc_s.so.1
7f29ed49f000-7f29ed69e000 ---p 00016000 08:09 24383888                   /lib/x86_64-linux-gnu/libgcc_s.so.1
7f29ed69e000-7f29ed69f000 rw-p 00015000 08:09 24383888                   /lib/x86_64-linux-gnu/libgcc_s.so.1
7f29ed69f000-7f29ed7a7000 r-xp 00000000 08:09 24382882                   /lib/x86_64-linux-gnu/libm-2.23.so
7f29ed7a7000-7f29ed9a6000 ---p 00108000 08:09 24382882                   /lib/x86_64-linux-gnu/libm-2.23.so
7f29ed9a6000-7f29ed9a7000 r--p 00107000 08:09 24382882                   /lib/x86_64-linux-gnu/libm-2.23.so
7f29ed9a7000-7f29ed9a8000 rw-p 00108000 08:09 24382882                   /lib/x86_64-linux-gnu/libm-2.23.so
7f29ed9a8000-7f29edb1a000 r-xp 00000000 08:09 2888511                    /usr/lib/x86_64-linux-gnu/libstdc++.so.6.0.21
7f29edb1a000-7f29edd1a000 ---p 00172000 08:09 2888511                    /usr/lib/x86_64-linux-gnu/libstdc++.so.6.0.21
7f29edd1a000-7f29edd24000 r--p 00172000 08:09 2888511                    /usr/lib/x86_64-linux-gnu/libstdc++.so.6.0.21
7f29edd24000-7f29edd26000 rw-p 0017c000 08:09 2888511                    /usr/lib/x86_64-linux-gnu/libstdc++.so.6.0.21
7f29edd26000-7f29edd2a000 rw-p 00000000 00:00 0 
7f29edd2a000-7f29ee97a000 r-xp 00000000 08:09 7085439                    /usr/lib/jvm/java-8-openjdk-amd64/jre/lib/amd64/server/libjvm.so
7f29ee97a000-7f29eeb79000 ---p 00c50000 08:09 7085439                    /usr/lib/jvm/java-8-openjdk-amd64/jre/lib/amd64/server/libjvm.so
7f29eeb79000-7f29eec0c000 r--p 00c4f000 08:09 7085439                    /usr/lib/jvm/java-8-openjdk-amd64/jre/lib/amd64/server/libjvm.so
7f29eec0c000-7f29eec35000 rw-p 00ce2000 08:09 7085439                    /usr/lib/jvm/java-8-openjdk-amd64/jre/lib/amd64/server/libjvm.so
7f29eec35000-7f29eec65000 rw-p 00000000 00:00 0 
7f29eec65000-7f29eec7d000 r-xp 00000000 08:09 24382897                   /lib/x86_64-linux-gnu/libpthread-2.23.so
7f29eec7d000-7f29eee7c000 ---p 00018000 08:09 24382897                   /lib/x86_64-linux-gnu/libpthread-2.23.so
7f29eee7c000-7f29eee7d000 r--p 00017000 08:09 24382897                   /lib/x86_64-linux-gnu/libpthread-2.23.so
7f29eee7d000-7f29eee7e000 rw-p 00018000 08:09 24382897                   /lib/x86_64-linux-gnu/libpthread-2.23.so
7f29eee7e000-7f29eee82000 rw-p 00000000 00:00 0 
7f29eee82000-7f29eee85000 r-xp 00000000 08:09 24382880                   /lib/x86_64-linux-gnu/libdl-2.23.so
7f29eee85000-7f29ef084000 ---p 00003000 08:09 24382880                   /lib/x86_64-linux-gnu/libdl-2.23.so
7f29ef084000-7f29ef085000 r--p 00002000 08:09 24382880                   /lib/x86_64-linux-gnu/libdl-2.23.so
7f29ef085000-7f29ef086000 rw-p 00003000 08:09 24382880                   /lib/x86_64-linux-gnu/libdl-2.23.so
7f29ef086000-7f29ef09f000 r-xp 00000000 08:09 24384041                   /lib/x86_64-linux-gnu/libz.so.1.2.8
7f29ef09f000-7f29ef29e000 ---p 00019000 08:09 24384041                   /lib/x86_64-linux-gnu/libz.so.1.2.8
7f29ef29e000-7f29ef29f000 r--p 00018000 08:09 24384041                   /lib/x86_64-linux-gnu/libz.so.1.2.8
7f29ef29f000-7f29ef2a0000 rw-p 00019000 08:09 24384041                   /lib/x86_64-linux-gnu/libz.so.1.2.8
7f29ef2a0000-7f29ef45f000 r-xp 00000000 08:09 24382884                   /lib/x86_64-linux-gnu/libc-2.23.so
7f29ef45f000-7f29ef65f000 ---p 001bf000 08:09 24382884                   /lib/x86_64-linux-gnu/libc-2.23.so
7f29ef65f000-7f29ef663000 r--p 001bf000 08:09 24382884                   /lib/x86_64-linux-gnu/libc-2.23.so
7f29ef663000-7f29ef665000 rw-p 001c3000 08:09 24382884                   /lib/x86_64-linux-gnu/libc-2.23.so
7f29ef665000-7f29ef669000 rw-p 00000000 00:00 0 
7f29ef669000-7f29ef676000 r-xp 00000000 08:09 7085434                    /usr/lib/jvm/java-8-openjdk-amd64/jre/lib/amd64/jli/libjli.so
7f29ef676000-7f29ef876000 ---p 0000d000 08:09 7085434                    /usr/lib/jvm/java-8-openjdk-amd64/jre/lib/amd64/jli/libjli.so
7f29ef876000-7f29ef877000 r--p 0000d000 08:09 7085434                    /usr/lib/jvm/java-8-openjdk-amd64/jre/lib/amd64/jli/libjli.so
7f29ef877000-7f29ef878000 rw-p 0000e000 08:09 7085434                    /usr/lib/jvm/java-8-openjdk-amd64/jre/lib/amd64/jli/libjli.so
7f29ef878000-7f29ef89e000 r-xp 00000000 08:09 24382885                   /lib/x86_64-linux-gnu/ld-2.23.so
7f29ef89e000-7f29ef89f000 r--s 00004000 08:09 10748172                   /opt/eclipse/plugins/org.eclipse.swt_3.105.0.v20160603-0902.jar
7f29ef89f000-7f29ef8a1000 r--s 00001000 08:09 7085456                    /usr/lib/jvm/java-8-openjdk-amd64/jre/lib/ext/dnsns.jar
7f29ef8a1000-7f29ef8a3000 r--s 00008000 08:09 7085454                    /usr/lib/jvm/java-8-openjdk-amd64/jre/lib/ext/sunec.jar
7f29ef8a3000-7f29ef96e000 rw-p 00000000 00:00 0 
7f29ef96e000-7f29ef971000 ---p 00000000 00:00 0 
7f29ef971000-7f29efa74000 rw-p 00000000 00:00 0 
7f29efa74000-7f29efa75000 r--s 00010000 08:09 7085459                    /usr/lib/jvm/java-8-openjdk-amd64/jre/lib/ext/zipfs.jar
7f29efa75000-7f29efa76000 r--s 0000a000 08:09 7085463                    /usr/lib/jvm/java-8-openjdk-amd64/jre/lib/ext/jaccess.jar
7f29efa76000-7f29efa91000 r--s 00394000 08:09 7085458                    /usr/lib/jvm/java-8-openjdk-amd64/jre/lib/ext/cldrdata.jar
7f29efa91000-7f29efa99000 rw-s 00000000 08:09 18612641                   /tmp/hsperfdata_hrishi/7987 (deleted)
7f29efa99000-7f29efa9a000 rw-p 00000000 00:00 0 
7f29efa9a000-7f29efa9b000 ---p 00000000 00:00 0 
7f29efa9b000-7f29efa9d000 rw-p 00000000 00:00 0 
7f29efa9d000-7f29efa9e000 r--p 00025000 08:09 24382885                   /lib/x86_64-linux-gnu/ld-2.23.so
7f29efa9e000-7f29efa9f000 rw-p 00026000 08:09 24382885                   /lib/x86_64-linux-gnu/ld-2.23.so
7f29efa9f000-7f29efaa0000 rw-p 00000000 00:00 0 
7ffc84f85000-7ffc84fa8000 rw-p 00000000 00:00 0                          [stack]
7ffc84fd9000-7ffc84fdb000 r--p 00000000 00:00 0                          [vvar]
7ffc84fdb000-7ffc84fdd000 r-xp 00000000 00:00 0                          [vdso]
ffffffffff600000-ffffffffff601000 r-xp 00000000 00:00 0                  [vsyscall]

VM Arguments:
jvm_args: -Dfile.encoding=UTF-8 
java_command: RCPConsole
java_class_path (initial): /opt/eclipse/plugins/org.eclipse.core.runtime_3.12.0.v20160606-1342.jar:/opt/eclipse/plugins/javax.inject_1.0.0.v20091030.jar:/opt/eclipse/plugins/org.eclipse.osgi_3.11.0.v20160603-1336.jar:/opt/eclipse/plugins/org.eclipse.osgi.compatibility.state_1.0.200.v20160504-1419.jar:/opt/eclipse/plugins/org.eclipse.equinox.common_3.8.0.v20160509-1230.jar:/opt/eclipse/plugins/org.eclipse.core.jobs_3.8.0.v20160509-0411.jar:/opt/eclipse/plugins/org.eclipse.equinox.registry_3.6.100.v20160223-2218.jar:/opt/eclipse/plugins/org.eclipse.equinox.preferences_3.6.0.v20160120-1756.jar:/opt/eclipse/plugins/org.eclipse.core.contenttype_3.5.100.v20160418-1621.jar:/opt/eclipse/plugins/org.eclipse.equinox.app_1.3.400.v20150715-1528.jar:/opt/eclipse/plugins/org.eclipse.ui_3.108.0.v20160518-1929.jar:/opt/eclipse/plugins/org.eclipse.swt_3.105.0.v20160603-0902.jar:/opt/eclipse/plugins/org.eclipse.swt.gtk.linux.x86_64_3.105.0.v20160603-0902.jar:/opt/eclipse/plugins/org.eclipse.jface_3.12.0.v20160518-1929.jar:/opt/eclipse/plugins/org.eclipse.core.commands_3.8.0.v20160316-1921.jar:/opt/eclipse/plugins/org.eclipse.ui.workbench_3.108.0.v20160602-1232.jar:/opt/eclipse/plugins/org.eclipse.e4.ui.workbench3_0.13.100.v20160506-0759.jar:/opt/eclipse/plugins/org.eclipse.ui.console_3.6.200.v20160518-1858.jar:/opt/eclipse/plugins/org.eclipse.emf.ecore_2.12.0.v20160420-0247.jar:/opt/eclipse/plugins/org.eclipse.emf.common_2.12.0.v20160420-0247.jar:/opt/eclipse/plugins/org.eclipse.emf.ecore.xmi_2.12.0.v20160420-0247.jar:/home/hrishi/.eclipse/org.eclipse.platform_4.6.0_1473617060_linux_gtk_x86_64/plugins/fr.irisa.cairn.eclipse.tom_2.10.0.201612051604/libs/aircube-bundle.jar:/home/hrishi/.eclipse/org.eclipse.platform_4.6.0_1473617060_linux_gtk_x86_64/plugins/fr.irisa.cairn.graph_1.0.0.201612051604:/home/hrishi/.eclipse/org.eclipse.platform_4.6.0_1473617060_linux_gtk_x86_64/plugins/fr.irisa.cairn.graph_1.0.0.201612051604/lib/jgrapht-ext-0.9.1-uber.jar:/opt/eclipse/plugins/com.google.inj
Launcher Type: SUN_STANDARD

Environment Variables:
PATH=/home/hrishi/torch/install/bin:/usr/local/sbin:/usr/local/bin:/usr/sbin:/usr/bin:/sbin:/bin:/usr/games:/usr/local/games:/snap/bin
LD_LIBRARY_PATH=/home/hrishi/torch/install/lib:
SHELL=/bin/bash
DISPLAY=:0
DYLD_LIBRARY_PATH=/home/hrishi/torch/install/lib:

Signal Handlers:
SIGSEGV: [libjvm.so+0xa66fd0], sa_mask[0]=11111111011111111101111111111110, sa_flags=SA_RESTART|SA_SIGINFO
SIGBUS: [libjvm.so+0xa66fd0], sa_mask[0]=11111111011111111101111111111110, sa_flags=SA_RESTART|SA_SIGINFO
SIGFPE: [libjvm.so+0x8b0180], sa_mask[0]=11111111011111111101111111111110, sa_flags=SA_RESTART|SA_SIGINFO
SIGPIPE: [libjvm.so+0x8b0180], sa_mask[0]=11111111011111111101111111111110, sa_flags=SA_RESTART|SA_SIGINFO
SIGXFSZ: [libjvm.so+0x8b0180], sa_mask[0]=11111111011111111101111111111110, sa_flags=SA_RESTART|SA_SIGINFO
SIGILL: [libjvm.so+0x8b0180], sa_mask[0]=11111111011111111101111111111110, sa_flags=SA_RESTART|SA_SIGINFO
SIGUSR1: SIG_DFL, sa_mask[0]=00000000000000000000000000000000, sa_flags=none
SIGUSR2: [libjvm.so+0x8b0030], sa_mask[0]=00100000000000000000000000000000, sa_flags=SA_RESTART|SA_SIGINFO
SIGHUP: [libjvm.so+0x8b0500], sa_mask[0]=11111111011111111101111111111110, sa_flags=SA_RESTART|SA_SIGINFO
SIGINT: [libjvm.so+0x8b0500], sa_mask[0]=11111111011111111101111111111110, sa_flags=SA_RESTART|SA_SIGINFO
SIGTERM: [libjvm.so+0x8b0500], sa_mask[0]=11111111011111111101111111111110, sa_flags=SA_RESTART|SA_SIGINFO
SIGQUIT: [libjvm.so+0x8b0500], sa_mask[0]=11111111011111111101111111111110, sa_flags=SA_RESTART|SA_SIGINFO


---------------  S Y S T E M  ---------------

OS:DISTRIB_ID=Ubuntu
DISTRIB_RELEASE=16.04
DISTRIB_CODENAME=xenial
DISTRIB_DESCRIPTION="Ubuntu 16.04 LTS"

uname:Linux 4.4.0-72-generic #93-Ubuntu SMP Fri Mar 31 14:07:41 UTC 2017 x86_64
libc:glibc 2.23 NPTL 2.23 
rlimit: STACK 8192k, CORE 0k, NPROC 31118, NOFILE 65536, AS infinity
load average:3.61 1.82 0.88

/proc/meminfo:
MemTotal:        8084688 kB
MemFree:         3251504 kB
MemAvailable:    3418904 kB
Buffers:            9360 kB
Cached:           545316 kB
SwapCached:        22388 kB
Active:          3506216 kB
Inactive:         987540 kB
Active(anon):    3358484 kB
Inactive(anon):   800328 kB
Active(file):     147732 kB
Inactive(file):   187212 kB
Unevictable:         728 kB
Mlocked:             728 kB
SwapTotal:      12000252 kB
SwapFree:       10794604 kB
Dirty:               564 kB
Writeback:          1536 kB
AnonPages:       3929688 kB
Mapped:           305024 kB
Shmem:            218608 kB
Slab:             166164 kB
SReclaimable:     105728 kB
SUnreclaim:        60436 kB
KernelStack:       14608 kB
PageTables:        69476 kB
NFS_Unstable:          0 kB
Bounce:                0 kB
WritebackTmp:          0 kB
CommitLimit:    16042596 kB
Committed_AS:   14355124 kB
VmallocTotal:   34359738367 kB
VmallocUsed:           0 kB
VmallocChunk:          0 kB
HardwareCorrupted:     0 kB
AnonHugePages:    972800 kB
CmaTotal:              0 kB
CmaFree:               0 kB
HugePages_Total:       0
HugePages_Free:        0
HugePages_Rsvd:        0
HugePages_Surp:        0
Hugepagesize:       2048 kB
DirectMap4k:      589704 kB
DirectMap2M:     7708672 kB
DirectMap1G:           0 kB


CPU:total 4 (2 cores per cpu, 2 threads per core) family 6 model 61 stepping 4, cmov, cx8, fxsr, mmx, sse, sse2, sse3, ssse3, sse4.1, sse4.2, popcnt, avx, avx2, aes, clmul, erms, 3dnowpref, lzcnt, ht, tsc, tscinvbit, bmi1, bmi2, adx

/proc/cpuinfo:
processor	: 0
vendor_id	: GenuineIntel
cpu family	: 6
model		: 61
model name	: Intel(R) Core(TM) i5-5200U CPU @ 2.20GHz
stepping	: 4
microcode	: 0x12
cpu MHz		: 2424.898
cache size	: 3072 KB
physical id	: 0
siblings	: 4
core id		: 0
cpu cores	: 2
apicid		: 0
initial apicid	: 0
fpu		: yes
fpu_exception	: yes
cpuid level	: 20
wp		: yes
flags		: fpu vme de pse tsc msr pae mce cx8 apic sep mtrr pge mca cmov pat pse36 clflush dts acpi mmx fxsr sse sse2 ss ht tm pbe syscall nx pdpe1gb rdtscp lm constant_tsc arch_perfmon pebs bts rep_good nopl xtopology nonstop_tsc aperfmperf eagerfpu pni pclmulqdq dtes64 monitor ds_cpl vmx est tm2 ssse3 sdbg fma cx16 xtpr pdcm pcid sse4_1 sse4_2 x2apic movbe popcnt tsc_deadline_timer aes xsave avx f16c rdrand lahf_lm abm 3dnowprefetch epb intel_pt tpr_shadow vnmi flexpriority ept vpid fsgsbase tsc_adjust bmi1 avx2 smep bmi2 erms invpcid rdseed adx smap xsaveopt dtherm ida arat pln pts
bugs		:
bogomips	: 4389.32
clflush size	: 64
cache_alignment	: 64
address sizes	: 39 bits physical, 48 bits virtual
power management:

processor	: 1
vendor_id	: GenuineIntel
cpu family	: 6
model		: 61
model name	: Intel(R) Core(TM) i5-5200U CPU @ 2.20GHz
stepping	: 4
microcode	: 0x12
cpu MHz		: 2428.937
cache size	: 3072 KB
physical id	: 0
siblings	: 4
core id		: 1
cpu cores	: 2
apicid		: 2
initial apicid	: 2
fpu		: yes
fpu_exception	: yes
cpuid level	: 20
wp		: yes
flags		: fpu vme de pse tsc msr pae mce cx8 apic sep mtrr pge mca cmov pat pse36 clflush dts acpi mmx fxsr sse sse2 ss ht tm pbe syscall nx pdpe1gb rdtscp lm constant_tsc arch_perfmon pebs bts rep_good nopl xtopology nonstop_tsc aperfmperf eagerfpu pni pclmulqdq dtes64 monitor ds_cpl vmx est tm2 ssse3 sdbg fma cx16 xtpr pdcm pcid sse4_1 sse4_2 x2apic movbe popcnt tsc_deadline_timer aes xsave avx f16c rdrand lahf_lm abm 3dnowprefetch epb intel_pt tpr_shadow vnmi flexpriority ept vpid fsgsbase tsc_adjust bmi1 avx2 smep bmi2 erms invpcid rdseed adx smap xsaveopt dtherm ida arat pln pts
bugs		:
bogomips	: 4389.32
clflush size	: 64
cache_alignment	: 64
address sizes	: 39 bits physical, 48 bits virtual
power management:

processor	: 2
vendor_id	: GenuineIntel
cpu family	: 6
model		: 61
model name	: Intel(R) Core(TM) i5-5200U CPU @ 2.20GHz
stepping	: 4
microcode	: 0x12
cpu MHz		: 2335.781
cache size	: 3072 KB
physical id	: 0
siblings	: 4
core id		: 0
cpu cores	: 2
apicid		: 1
initial apicid	: 1
fpu		: yes
fpu_exception	: yes
cpuid level	: 20
wp		: yes
flags		: fpu vme de pse tsc msr pae mce cx8 apic sep mtrr pge mca cmov pat pse36 clflush dts acpi mmx fxsr sse sse2 ss ht tm pbe syscall nx pdpe1gb rdtscp lm constant_tsc arch_perfmon pebs bts rep_good nopl xtopology nonstop_tsc aperfmperf eagerfpu pni pclmulqdq dtes64 monitor ds_cpl vmx est tm2 ssse3 sdbg fma cx16 xtpr pdcm pcid sse4_1 sse4_2 x2apic movbe popcnt tsc_deadline_timer aes xsave avx f16c rdrand lahf_lm abm 3dnowprefetch epb intel_pt tpr_shadow vnmi flexpriority ept vpid fsgsbase tsc_adjust bmi1 avx2 smep bmi2 erms invpcid rdseed adx smap xsaveopt dtherm ida arat pln pts
bugs		:
bogomips	: 4389.32
clflush size	: 64
cache_alignment	: 64
address sizes	: 39 bits physical, 48 bits virtual
power management:

processor	: 3
vendor_id	: GenuineIntel
cpu family	: 6
model		: 61
model name	: Intel(R) Core(TM) i5-5200U CPU @ 2.20GHz
stepping	: 4
microcode	: 0x12
cpu MHz		: 2407.710
cache size	: 3072 KB
physical id	: 0
siblings	: 4
core id		: 1
cpu cores	: 2
apicid		: 3
initial apicid	: 3
fpu		: yes
fpu_exception	: yes
cpuid level	: 20
wp		: yes
flags		: fpu vme de pse tsc msr pae mce cx8 apic sep mtrr pge mca cmov pat pse36 clflush dts acpi mmx fxsr sse sse2 ss ht tm pbe syscall nx pdpe1gb rdtscp lm constant_tsc arch_perfmon pebs bts rep_good nopl xtopology nonstop_tsc aperfmperf eagerfpu pni pclmulqdq dtes64 monitor ds_cpl vmx est tm2 ssse3 sdbg fma cx16 xtpr pdcm pcid sse4_1 sse4_2 x2apic movbe popcnt tsc_deadline_timer aes xsave avx f16c rdrand lahf_lm abm 3dnowprefetch epb intel_pt tpr_shadow vnmi flexpriority ept vpid fsgsbase tsc_adjust bmi1 avx2 smep bmi2 erms invpcid rdseed adx smap xsaveopt dtherm ida arat pln pts
bugs		:
bogomips	: 4389.32
clflush size	: 64
cache_alignment	: 64
address sizes	: 39 bits physical, 48 bits virtual
power management:



Memory: 4k page, physical 8084688k(3251504k free), swap 12000252k(10794604k free)

vm_info: OpenJDK 64-Bit Server VM (25.121-b13) for linux-amd64 JRE (1.8.0_121-8u121-b13-0ubuntu1.16.04.2-b13), built on Jan 23 2017 15:51:29 by "buildd" with gcc 5.4.0 20160609

time: Sat Apr 15 19:11:02 2017
elapsed time: 9066 seconds (0d 2h 31m 6s)

