#
# A fatal error has been detected by the Java Runtime Environment:
#
#  SIGSEGV (0xb) at pc=0x0000000000046b20, pid=19566, tid=0x00007f2789119700
#
# JRE version: OpenJDK Runtime Environment (8.0_121-b13) (build 1.8.0_121-8u121-b13-0ubuntu1.16.04.2-b13)
# Java VM: OpenJDK 64-Bit Server VM (25.121-b13 mixed mode linux-amd64 compressed oops)
# Problematic frame:
# C  0x0000000000046b20
#
# Failed to write core dump. Core dumps have been disabled. To enable core dumping, try "ulimit -c unlimited" before starting Java again
#
# If you would like to submit a bug report, please visit:
#   http://bugreport.java.com/bugreport/crash.jsp
#

---------------  T H R E A D  ---------------

Current thread is native thread

siginfo: si_signo: 11 (SIGSEGV), si_code: 1 (SEGV_MAPERR), si_addr: 0x0000000000046b20

Registers:
RAX=0x00007f275a73a248, RBX=0x00007f27808ee290, RCX=0x0000000000000000, RDX=0x0000000000000000
RSP=0x00007ffe3d41bec8, RBP=0x00007ffe3d41c020, RSI=0x0000000000000000, RDI=0x00007f2788948140
R8 =0x0000000000000000, R9 =0x00007f2788d0f808, R10=0x00007f27889480c0, R11=0x00007f27889832d0
R12=0x00007f275a73a1a8, R13=0x0000000000000000, R14=0x00007ffe3d41bed0, R15=0x0000000000000012
RIP=0x0000000000046b20, EFLAGS=0x0000000000010202, CSGSFS=0x0000000000000033, ERR=0x0000000000000014
  TRAPNO=0x000000000000000e

Top of Stack: (sp=0x00007ffe3d41bec8)
0x00007ffe3d41bec8:   00007f2788f31c17 00007f2789148168
0x00007ffe3d41bed8:   00007f2789148700 00007f27891457a8
0x00007ffe3d41bee8:   00007f27800009a0 00007f278000b570
0x00007ffe3d41bef8:   00007f278000cbf0 00007f278000ba20
0x00007ffe3d41bf08:   00007f278000d0a0 00007f2780019ae0
0x00007ffe3d41bf18:   00007f2780001bd0 00007f27800014a0
0x00007ffe3d41bf28:   0000000000b07150 0000000000b07680
0x00007ffe3d41bf38:   0000000000b084c0 0000000000b07ba0
0x00007ffe3d41bf48:   00007f278911b000 00007f278911cb00
0x00007ffe3d41bf58:   00007f278911c618 00007f27808ee290
0x00007ffe3d41bf68:   00007f27808ee8f0 00007f27808eee80
0x00007ffe3d41bf78:   00007f278911c000 00007f27891479d8
0x00007ffe3d41bf88:   00007f2788f31964 00007ffe3d41bed0
0x00007ffe3d41bf98:   0000000000000006 00007ffe3d41bf00
0x00007ffe3d41bfa8:   0000000000000001 0000000000000006
0x00007ffe3d41bfb8:   00007ffe3d41bf90 0000001788d0dc40
0x00007ffe3d41bfc8:   00007ffe3d41bed0 0000001700000000
0x00007ffe3d41bfd8:   00007f2789147048 00007ffe3d41bea0
0x00007ffe3d41bfe8:   0000000000000000 0000000000000001
0x00007ffe3d41bff8:   0000000000000001 0000000000000001
0x00007ffe3d41c008:   00007f2788d0dc40 0000000000000000
0x00007ffe3d41c018:   0000000000000000 00007f2788d0c5f8
0x00007ffe3d41c028:   00007f2788982ff8 00000000004007bc
0x00007ffe3d41c038:   0000000000000000 0000000000400730
0x00007ffe3d41c048:   0000000000400630 00007ffe3d41c140
0x00007ffe3d41c058:   00007f2788983045 0000000000400730
0x00007ffe3d41c068:   00007f2788969837 0000000000000000
0x00007ffe3d41c078:   00007ffe3d41c148 0000000589146ca0
0x00007ffe3d41c088:   00000000004005e0 0000000000000000
0x00007ffe3d41c098:   77ac5027fb0131aa 0000000000400630
0x00007ffe3d41c0a8:   00007ffe3d41c140 0000000000000000
0x00007ffe3d41c0b8:   0000000000000000 88502a24758131aa 

Instructions: (pc=0x0000000000046b20)
0x0000000000046b00:   
[error occurred during error reporting (printing registers, top of stack, instructions near pc), id 0xb]

Register to memory mapping:

RAX=
[error occurred during error reporting (printing register info), id 0xb]

Stack: [0x00007ffe3d320000,0x00007ffe3d420000],  sp=0x00007ffe3d41bec8,  free space=1007k
Native frames: (J=compiled Java code, j=interpreted, Vv=VM code, C=native code)
C  0x0000000000046b20


---------------  P R O C E S S  ---------------

VM state:at safepoint (shutting down)

VM Mutex/Monitor currently owned by a thread:  ([mutex/lock_event])
[0x00007f2780009dd0] Threads_lock - owner thread: 0x00007f278007b000

Heap:
 PSYoungGen      total 68608K, used 43516K [0x00000000d6e00000, 0x00000000db600000, 0x0000000100000000)
  eden space 63488K, 60% used [0x00000000d6e00000,0x00000000d93832d0,0x00000000dac00000)
  from space 5120K, 99% used [0x00000000db100000,0x00000000db5fc030,0x00000000db600000)
  to   space 5120K, 0% used [0x00000000dac00000,0x00000000dac00000,0x00000000db100000)
 ParOldGen       total 84992K, used 10900K [0x0000000084a00000, 0x0000000089d00000, 0x00000000d6e00000)
  object space 84992K, 12% used [0x0000000084a00000,0x00000000854a5178,0x0000000089d00000)
 Metaspace       used 19131K, capacity 19246K, committed 19456K, reserved 1067008K
  class space    used 2489K, capacity 2525K, committed 2560K, reserved 1048576K

Card table byte_map: [0x00007f2785305000,0x00007f27856e1000] byte_map_base: 0x00007f2784ee0000

Marking Bits: (ParMarkBitMap*) 0x00007f27882f1220
 Begin Bits: [0x00007f2768250000, 0x00007f276a128000)
 End Bits:   [0x00007f276a128000, 0x00007f276c000000)

Polling page: 0x00007f2789143000

CodeCache: size=245760Kb used=7269Kb max_used=7288Kb free=238490Kb
 bounds [0x00007f2771000000, 0x00007f2771730000, 0x00007f2780000000]
 total_blobs=2604 nmethods=2218 adapters=299
 compilation: enabled

Compilation events (10 events):
Event: 5.045 Thread 0x00007f27800b0800 2220       4       org.eclipse.emf.ecore.util.EcoreEList::newData (12 bytes)
Event: 5.045 Thread 0x00007f27800b5000 nmethod 2221 0x00007f2771705a10 code [0x00007f2771705ce0, 0x00007f2771707098]
Event: 5.045 Thread 0x00007f27800b5000 2222       3       java.nio.Buffer::remaining (10 bytes)
Event: 5.045 Thread 0x00007f27800b5000 nmethod 2222 0x00007f27716fee10 code [0x00007f27716fef60, 0x00007f27716ff0b0]
Event: 5.045 Thread 0x00007f27800b5000 2218       3       fr.irisa.cairn.jnimap.isl.jni.JNIISLMatrix::getNbRows (22 bytes)
Event: 5.046 Thread 0x00007f27800b0800 nmethod 2220 0x00007f27716fba10 code [0x00007f27716fbb60, 0x00007f27716fbcf8]
Event: 5.046 Thread 0x00007f27800b5000 nmethod 2218 0x00007f27716fc510 code [0x00007f27716fc720, 0x00007f27716fcfb8]
Event: 5.456 Thread 0x00007f27800b3800 nmethod 2216 0x00007f2771711710 code [0x00007f2771712160, 0x00007f2771719d78]
Event: 17984.000 Thread 0x00007f27800b5000 2223       3       sun.nio.cs.UTF_8$Encoder::encodeArrayLoop (489 bytes)
Event: 18035.749 Thread 0x00007f27800b5000 nmethod 2223 0x00007f277170b590 code [0x00007f277170bb00, 0x00007f277170f188]

GC Heap History (8 events):
Event: 3.309 GC heap before
{Heap before GC invocations=1 (full 0):
 PSYoungGen      total 36864K, used 31744K [0x00000000d6e00000, 0x00000000d9700000, 0x0000000100000000)
  eden space 31744K, 100% used [0x00000000d6e00000,0x00000000d8d00000,0x00000000d8d00000)
  from space 5120K, 0% used [0x00000000d9200000,0x00000000d9200000,0x00000000d9700000)
  to   space 5120K, 0% used [0x00000000d8d00000,0x00000000d8d00000,0x00000000d9200000)
 ParOldGen       total 84992K, used 0K [0x0000000084a00000, 0x0000000089d00000, 0x00000000d6e00000)
  object space 84992K, 0% used [0x0000000084a00000,0x0000000084a00000,0x0000000089d00000)
 Metaspace       used 6673K, capacity 6770K, committed 7040K, reserved 1056768K
  class space    used 738K, capacity 787K, committed 896K, reserved 1048576K
Event: 3.317 GC heap after
Heap after GC invocations=1 (full 0):
 PSYoungGen      total 36864K, used 5098K [0x00000000d6e00000, 0x00000000d9700000, 0x0000000100000000)
  eden space 31744K, 0% used [0x00000000d6e00000,0x00000000d6e00000,0x00000000d8d00000)
  from space 5120K, 99% used [0x00000000d8d00000,0x00000000d91fa9f0,0x00000000d9200000)
  to   space 5120K, 0% used [0x00000000d9200000,0x00000000d9200000,0x00000000d9700000)
 ParOldGen       total 84992K, used 934K [0x0000000084a00000, 0x0000000089d00000, 0x00000000d6e00000)
  object space 84992K, 1% used [0x0000000084a00000,0x0000000084ae9988,0x0000000089d00000)
 Metaspace       used 6673K, capacity 6770K, committed 7040K, reserved 1056768K
  class space    used 738K, capacity 787K, committed 896K, reserved 1048576K
}
Event: 3.794 GC heap before
{Heap before GC invocations=2 (full 0):
 PSYoungGen      total 36864K, used 36842K [0x00000000d6e00000, 0x00000000d9700000, 0x0000000100000000)
  eden space 31744K, 100% used [0x00000000d6e00000,0x00000000d8d00000,0x00000000d8d00000)
  from space 5120K, 99% used [0x00000000d8d00000,0x00000000d91fa9f0,0x00000000d9200000)
  to   space 5120K, 0% used [0x00000000d9200000,0x00000000d9200000,0x00000000d9700000)
 ParOldGen       total 84992K, used 934K [0x0000000084a00000, 0x0000000089d00000, 0x00000000d6e00000)
  object space 84992K, 1% used [0x0000000084a00000,0x0000000084ae9988,0x0000000089d00000)
 Metaspace       used 10549K, capacity 10648K, committed 10880K, reserved 1058816K
  class space    used 1314K, capacity 1332K, committed 1408K, reserved 1048576K
Event: 3.805 GC heap after
Heap after GC invocations=2 (full 0):
 PSYoungGen      total 36864K, used 5088K [0x00000000d6e00000, 0x00000000db600000, 0x0000000100000000)
  eden space 31744K, 0% used [0x00000000d6e00000,0x00000000d6e00000,0x00000000d8d00000)
  from space 5120K, 99% used [0x00000000d9200000,0x00000000d96f8020,0x00000000d9700000)
  to   space 5120K, 0% used [0x00000000d8d00000,0x00000000d8d00000,0x00000000d9200000)
 ParOldGen       total 84992K, used 4422K [0x0000000084a00000, 0x0000000089d00000, 0x00000000d6e00000)
  object space 84992K, 5% used [0x0000000084a00000,0x0000000084e51b60,0x0000000089d00000)
 Metaspace       used 10549K, capacity 10648K, committed 10880K, reserved 1058816K
  class space    used 1314K, capacity 1332K, committed 1408K, reserved 1048576K
}
Event: 4.124 GC heap before
{Heap before GC invocations=3 (full 0):
 PSYoungGen      total 36864K, used 36832K [0x00000000d6e00000, 0x00000000db600000, 0x0000000100000000)
  eden space 31744K, 100% used [0x00000000d6e00000,0x00000000d8d00000,0x00000000d8d00000)
  from space 5120K, 99% used [0x00000000d9200000,0x00000000d96f8020,0x00000000d9700000)
  to   space 5120K, 0% used [0x00000000d8d00000,0x00000000d8d00000,0x00000000d9200000)
 ParOldGen       total 84992K, used 4422K [0x0000000084a00000, 0x0000000089d00000, 0x00000000d6e00000)
  object space 84992K, 5% used [0x0000000084a00000,0x0000000084e51b60,0x0000000089d00000)
 Metaspace       used 12583K, capacity 12726K, committed 12928K, reserved 1060864K
  class space    used 1597K, capacity 1657K, committed 1664K, reserved 1048576K
Event: 4.130 GC heap after
Heap after GC invocations=3 (full 0):
 PSYoungGen      total 36864K, used 5104K [0x00000000d6e00000, 0x00000000db600000, 0x0000000100000000)
  eden space 31744K, 0% used [0x00000000d6e00000,0x00000000d6e00000,0x00000000d8d00000)
  from space 5120K, 99% used [0x00000000d8d00000,0x00000000d91fc030,0x00000000d9200000)
  to   space 5120K, 0% used [0x00000000db100000,0x00000000db100000,0x00000000db600000)
 ParOldGen       total 84992K, used 7684K [0x0000000084a00000, 0x0000000089d00000, 0x00000000d6e00000)
  object space 84992K, 9% used [0x0000000084a00000,0x0000000085181380,0x0000000089d00000)
 Metaspace       used 12583K, capacity 12726K, committed 12928K, reserved 1060864K
  class space    used 1597K, capacity 1657K, committed 1664K, reserved 1048576K
}
Event: 4.506 GC heap before
{Heap before GC invocations=4 (full 0):
 PSYoungGen      total 36864K, used 36848K [0x00000000d6e00000, 0x00000000db600000, 0x0000000100000000)
  eden space 31744K, 100% used [0x00000000d6e00000,0x00000000d8d00000,0x00000000d8d00000)
  from space 5120K, 99% used [0x00000000d8d00000,0x00000000d91fc030,0x00000000d9200000)
  to   space 5120K, 0% used [0x00000000db100000,0x00000000db100000,0x00000000db600000)
 ParOldGen       total 84992K, used 7684K [0x0000000084a00000, 0x0000000089d00000, 0x00000000d6e00000)
  object space 84992K, 9% used [0x0000000084a00000,0x0000000085181380,0x0000000089d00000)
 Metaspace       used 15196K, capacity 15330K, committed 15616K, reserved 1062912K
  class space    used 1990K, capacity 2011K, committed 2048K, reserved 1048576K
Event: 4.514 GC heap after
Heap after GC invocations=4 (full 0):
 PSYoungGen      total 68608K, used 5104K [0x00000000d6e00000, 0x00000000db600000, 0x0000000100000000)
  eden space 63488K, 0% used [0x00000000d6e00000,0x00000000d6e00000,0x00000000dac00000)
  from space 5120K, 99% used [0x00000000db100000,0x00000000db5fc030,0x00000000db600000)
  to   space 5120K, 0% used [0x00000000dac00000,0x00000000dac00000,0x00000000db100000)
 ParOldGen       total 84992K, used 10900K [0x0000000084a00000, 0x0000000089d00000, 0x00000000d6e00000)
  object space 84992K, 12% used [0x0000000084a00000,0x00000000854a5178,0x0000000089d00000)
 Metaspace       used 15196K, capacity 15330K, committed 15616K, reserved 1062912K
  class space    used 1990K, capacity 2011K, committed 2048K, reserved 1048576K
}

Deoptimization events (10 events):
Event: 4.852 Thread 0x00007f278000d800 Uncommon trap: reason=array_check action=maybe_recompile pc=0x00007f277161867c method=org.eclipse.emf.common.util.BasicEList.assign(ILjava/lang/Object;)Ljava/lang/Object; @ 6
Event: 4.852 Thread 0x00007f278000d800 Uncommon trap: reason=array_check action=maybe_recompile pc=0x00007f277161867c method=org.eclipse.emf.common.util.BasicEList.assign(ILjava/lang/Object;)Ljava/lang/Object; @ 6
Event: 4.852 Thread 0x00007f278000d800 Uncommon trap: reason=array_check action=maybe_recompile pc=0x00007f277161867c method=org.eclipse.emf.common.util.BasicEList.assign(ILjava/lang/Object;)Ljava/lang/Object; @ 6
Event: 4.874 Thread 0x00007f278000d800 Uncommon trap: reason=unstable_if action=reinterpret pc=0x00007f27715f8cc4 method=java.util.HashMap.hash(Ljava/lang/Object;)I @ 1
Event: 4.875 Thread 0x00007f278000d800 Uncommon trap: reason=unstable_if action=reinterpret pc=0x00007f277122cff0 method=java.util.HashMap.hash(Ljava/lang/Object;)I @ 1
Event: 4.876 Thread 0x00007f278000d800 Uncommon trap: reason=unstable_if action=reinterpret pc=0x00007f27713daa14 method=java.util.HashMap.hash(Ljava/lang/Object;)I @ 1
Event: 4.878 Thread 0x00007f278000d800 Uncommon trap: reason=unstable_if action=reinterpret pc=0x00007f277139eb68 method=java.util.HashMap.hash(Ljava/lang/Object;)I @ 1
Event: 4.935 Thread 0x00007f278000d800 Uncommon trap: reason=bimorphic action=maybe_recompile pc=0x00007f2771570410 method=org.eclipse.emf.ecore.util.EContentsEList$FeatureIteratorImpl.hasNext()Z @ 279
Event: 4.936 Thread 0x00007f278000d800 Uncommon trap: reason=bimorphic action=maybe_recompile pc=0x00007f2771570410 method=org.eclipse.emf.ecore.util.EContentsEList$FeatureIteratorImpl.hasNext()Z @ 279
Event: 18023.870 Thread 0x00007f278000d800 Uncommon trap: reason=null_check action=make_not_entrant pc=0x00007f277168882c method=java.lang.StringCoding.deref(Ljava/lang/ThreadLocal;)Ljava/lang/Object; @ 4

Internal exceptions (10 events):
Event: 17973.847 Thread 0x00007f278000d800 Exception <a 'java/io/IOException'> (0x00000000d92a4bb0) thrown at [/build/openjdk-8-YiEakL/openjdk-8-8u121-b13/src/hotspot/src/share/vm/prims/jni.cpp, line 709]
Event: 17974.028 Thread 0x00007f278000d800 Exception <a 'java/io/IOException'> (0x00000000d92a4e48) thrown at [/build/openjdk-8-YiEakL/openjdk-8-8u121-b13/src/hotspot/src/share/vm/prims/jni.cpp, line 709]
Event: 17974.028 Thread 0x00007f278000d800 Exception <a 'java/io/IOException'> (0x00000000d92a50b0) thrown at [/build/openjdk-8-YiEakL/openjdk-8-8u121-b13/src/hotspot/src/share/vm/prims/jni.cpp, line 709]
Event: 17983.548 Thread 0x00007f278000d800 Exception <a 'java/io/IOException'> (0x00000000d92a58a0) thrown at [/build/openjdk-8-YiEakL/openjdk-8-8u121-b13/src/hotspot/src/share/vm/prims/jni.cpp, line 709]
Event: 17983.954 Thread 0x00007f278000d800 Exception <a 'java/io/IOException'> (0x00000000d92a5b38) thrown at [/build/openjdk-8-YiEakL/openjdk-8-8u121-b13/src/hotspot/src/share/vm/prims/jni.cpp, line 709]
Event: 17983.954 Thread 0x00007f278000d800 Exception <a 'java/io/IOException'> (0x00000000d92a5da0) thrown at [/build/openjdk-8-YiEakL/openjdk-8-8u121-b13/src/hotspot/src/share/vm/prims/jni.cpp, line 709]
Event: 17984.028 Thread 0x00007f278000d800 Exception <a 'java/io/IOException'> (0x00000000d92a6358) thrown at [/build/openjdk-8-YiEakL/openjdk-8-8u121-b13/src/hotspot/src/share/vm/prims/jni.cpp, line 709]
Event: 17984.028 Thread 0x00007f278000d800 Exception <a 'java/io/IOException'> (0x00000000d92a65f0) thrown at [/build/openjdk-8-YiEakL/openjdk-8-8u121-b13/src/hotspot/src/share/vm/prims/jni.cpp, line 709]
Event: 17984.028 Thread 0x00007f278000d800 Exception <a 'java/io/IOException'> (0x00000000d92a6858) thrown at [/build/openjdk-8-YiEakL/openjdk-8-8u121-b13/src/hotspot/src/share/vm/prims/jni.cpp, line 709]
Event: 18023.155 Thread 0x00007f278000d800 Implicit null exception at 0x00007f277168820d to 0x00007f2771688815

Events (10 events):
Event: 17986.814 Thread 0x00007f278000d800 Thread exited: 0x00007f278000d800
Event: 17988.302 Thread 0x00007f278000d800 Thread added: 0x00007f278000d800
Event: 17990.502 loading class java/util/IdentityHashMap$KeyIterator
Event: 17992.913 loading class java/util/IdentityHashMap$KeyIterator done
Event: 17993.763 Thread 0x00007f278051d800 Thread added: 0x00007f278051d800
Event: 18011.939 Thread 0x00007f278051d800 Thread exited: 0x00007f278051d800
Event: 18023.237 Thread 0x00007f278000d800 Uncommon trap: trap_request=0xfffffff4 fr.pc=0x00007f277168882c
Event: 18035.749 Thread 0x00007f278000d800 DEOPT PACKING pc=0x00007f277168882c sp=0x00007f27891161c0
Event: 18035.772 Thread 0x00007f278000d800 DEOPT UNPACKING pc=0x00007f2771004f69 sp=0x00007f27891160c0 mode 2
Event: 18038.066 Thread 0x00007f278000d800 Thread exited: 0x00007f278000d800


Dynamic libraries:
00400000-00401000 r-xp 00000000 08:09 7087821                            /usr/lib/jvm/java-8-openjdk-amd64/jre/bin/java
00600000-00601000 r--p 00000000 08:09 7087821                            /usr/lib/jvm/java-8-openjdk-amd64/jre/bin/java
00601000-00602000 rw-p 00001000 08:09 7087821                            /usr/lib/jvm/java-8-openjdk-amd64/jre/bin/java
00b07000-00b28000 rw-p 00000000 00:00 0                                  [heap]
84a00000-89d00000 rw-p 00000000 00:00 0 
89d00000-d6e00000 ---p 00000000 00:00 0 
d6e00000-db600000 rw-p 00000000 00:00 0 
db600000-100000000 ---p 00000000 00:00 0 
100000000-100280000 rw-p 00000000 00:00 0 
100280000-140000000 ---p 00000000 00:00 0 
7f2724000000-7f2724021000 rw-p 00000000 00:00 0 
7f2724021000-7f2728000000 ---p 00000000 00:00 0 
7f272c000000-7f272c021000 rw-p 00000000 00:00 0 
7f272c021000-7f2730000000 ---p 00000000 00:00 0 
7f2730000000-7f2730021000 rw-p 00000000 00:00 0 
7f2730021000-7f2734000000 ---p 00000000 00:00 0 
7f2734000000-7f2734021000 rw-p 00000000 00:00 0 
7f2734021000-7f2738000000 ---p 00000000 00:00 0 
7f2738000000-7f2738021000 rw-p 00000000 00:00 0 
7f2738021000-7f273c000000 ---p 00000000 00:00 0 
7f273c000000-7f273d329000 rw-p 00000000 00:00 0 
7f273d329000-7f2740000000 ---p 00000000 00:00 0 
7f2740000000-7f274064c000 rw-p 00000000 00:00 0 
7f274064c000-7f2744000000 ---p 00000000 00:00 0 
7f2744000000-7f2744021000 rw-p 00000000 00:00 0 
7f2744021000-7f2748000000 ---p 00000000 00:00 0 
7f2748000000-7f2748646000 rw-p 00000000 00:00 0 
7f2748646000-7f274c000000 ---p 00000000 00:00 0 
7f274c000000-7f274c021000 rw-p 00000000 00:00 0 
7f274c021000-7f2750000000 ---p 00000000 00:00 0 
7f2750000000-7f2750021000 rw-p 00000000 00:00 0 
7f2750021000-7f2754000000 ---p 00000000 00:00 0 
7f2754000000-7f2754021000 rw-p 00000000 00:00 0 
7f2754021000-7f2758000000 ---p 00000000 00:00 0 
7f2759b20000-7f2759ba0000 rw-p 00000000 00:00 0 
7f2759ba0000-7f2759d20000 ---p 00000000 00:00 0 
7f2759dd1000-7f2759dd4000 ---p 00000000 00:00 0 
7f2759dd4000-7f2759ed2000 rw-p 00000000 00:00 0 
7f2759ed2000-7f2759f47000 r-xp 00000000 08:09 26881561                   /home/hrishi/workspace/Console/.jnimap.temp.linux_64/libgmp.so.10 (deleted)
7f2759f47000-7f275a146000 ---p 00075000 08:09 26881561                   /home/hrishi/workspace/Console/.jnimap.temp.linux_64/libgmp.so.10 (deleted)
7f275a146000-7f275a148000 rw-p 00074000 08:09 26881561                   /home/hrishi/workspace/Console/.jnimap.temp.linux_64/libgmp.so.10 (deleted)
7f275a148000-7f275a2b0000 r-xp 00000000 08:09 26881560                   /home/hrishi/workspace/Console/.jnimap.temp.linux_64/libisl.so.13 (deleted)
7f275a2b0000-7f275a4af000 ---p 00168000 08:09 26881560                   /home/hrishi/workspace/Console/.jnimap.temp.linux_64/libisl.so.13 (deleted)
7f275a4af000-7f275a4b6000 rw-p 00167000 08:09 26881560                   /home/hrishi/workspace/Console/.jnimap.temp.linux_64/libisl.so.13 (deleted)
7f275a4b6000-7f275a53b000 r-xp 00000000 08:09 26881562                   /home/hrishi/workspace/Console/.jnimap.temp.linux_64/linux_64_libjniisl.so (deleted)
7f275a53b000-7f275a73a000 ---p 00085000 08:09 26881562                   /home/hrishi/workspace/Console/.jnimap.temp.linux_64/linux_64_libjniisl.so (deleted)
7f275a73a000-7f275a73d000 rw-p 00084000 08:09 26881562                   /home/hrishi/workspace/Console/.jnimap.temp.linux_64/linux_64_libjniisl.so (deleted)
7f275a73d000-7f275a93d000 rw-p 00000000 00:00 0 
7f275a93d000-7f275ab3d000 rw-p 00000000 00:00 0 
7f275ab3d000-7f275ad3d000 rw-p 00000000 00:00 0 
7f275ad3d000-7f275ad40000 ---p 00000000 00:00 0 
7f275ad40000-7f275b03e000 rw-p 00000000 00:00 0 
7f275b03e000-7f275b041000 ---p 00000000 00:00 0 
7f275b041000-7f275b13f000 rw-p 00000000 00:00 0 
7f275b13f000-7f275b142000 r--s 00015000 08:09 7085469                    /usr/lib/jvm/java-8-openjdk-amd64/jre/lib/jce.jar
7f275b142000-7f275b146000 r--s 0009a000 08:09 7085467                    /usr/lib/jvm/java-8-openjdk-amd64/jre/lib/jsse.jar
7f275b146000-7f275b149000 r--s 00014000 08:09 26516293                   /home/hrishi/.eclipse/org.eclipse.platform_4.6.0_1473617060_linux_gtk_x86_64/plugins/fr.irisa.r2d2.parser.runtime_1.0.0.201612051604.jar
7f275b149000-7f275b151000 r--s 0003c000 08:09 26516292                   /home/hrishi/.eclipse/org.eclipse.platform_4.6.0_1473617060_linux_gtk_x86_64/plugins/fr.irisa.r2d2.gecos.framework_1.0.0.201612051604.jar
7f275b151000-7f275b15b000 r--s 0006c000 08:09 26516357                   /home/hrishi/.eclipse/org.eclipse.platform_4.6.0_1473617060_linux_gtk_x86_64/plugins/org.eclipse.xtext.common.types_2.10.0.v201605250459.jar
7f275b15b000-7f275b18b000 r--s 0044d000 08:09 26516369                   /home/hrishi/.eclipse/org.eclipse.platform_4.6.0_1473617060_linux_gtk_x86_64/plugins/org.eclipse.xtext.xbase_2.10.0.v201605250459.jar
7f275b18b000-7f275b18e000 r--s 0000f000 08:09 26516352                   /home/hrishi/.eclipse/org.eclipse.platform_4.6.0_1473617060_linux_gtk_x86_64/plugins/org.eclipse.xtend.lib.macro_2.10.0.v201605250459.jar
7f275b18e000-7f275b192000 r--s 00035000 08:09 26516351                   /home/hrishi/.eclipse/org.eclipse.platform_4.6.0_1473617060_linux_gtk_x86_64/plugins/org.eclipse.xtend.lib_2.10.0.v201605250459.jar
7f275b192000-7f275b193000 r--s 00001000 08:09 26516354                   /home/hrishi/.eclipse/org.eclipse.platform_4.6.0_1473617060_linux_gtk_x86_64/plugins/org.eclipse.xtend2.lib_2.10.0.v201605250459.jar
7f275b193000-7f275b199000 r--s 0003f000 08:09 26516368                   /home/hrishi/.eclipse/org.eclipse.platform_4.6.0_1473617060_linux_gtk_x86_64/plugins/org.eclipse.xtext.util_2.10.0.v201605250459.jar
7f275b199000-7f275b1ca000 r--s 0024b000 08:09 26516355                   /home/hrishi/.eclipse/org.eclipse.platform_4.6.0_1473617060_linux_gtk_x86_64/plugins/org.eclipse.xtext_2.10.0.v201605250459.jar
7f275b1ca000-7f275b1d2000 r--s 00061000 08:09 26516277                   /home/hrishi/.eclipse/org.eclipse.platform_4.6.0_1473617060_linux_gtk_x86_64/plugins/edu.csu.melange.alphabets_0.9.6.201612051604.jar
7f275b1d2000-7f275b1d3000 r--s 00008000 08:09 26516336                   /home/hrishi/.eclipse/org.eclipse.platform_4.6.0_1473617060_linux_gtk_x86_64/plugins/org.polymodel.scop.cgenerator2_1.0.0.201612051604.jar
7f275b1d3000-7f275b1d6000 r--s 00024000 08:09 26516337                   /home/hrishi/.eclipse/org.eclipse.platform_4.6.0_1473617060_linux_gtk_x86_64/plugins/org.polymodel.scop.dtiler_1.0.0.201612051604.jar
7f275b1d6000-7f275b1d7000 r--s 00001000 08:09 26516335                   /home/hrishi/.eclipse/org.eclipse.platform_4.6.0_1473617060_linux_gtk_x86_64/plugins/org.polymodel.scop.bridge.clast_1.0.0.201612051604.jar
7f275b1d7000-7f275b1dc000 r--s 0002a000 08:09 26516334                   /home/hrishi/.eclipse/org.eclipse.platform_4.6.0_1473617060_linux_gtk_x86_64/plugins/org.polymodel.scop_1.0.0.201612051604.jar
7f275b1dc000-7f275b1ef000 r--s 0012e000 08:09 26516300                   /home/hrishi/.eclipse/org.eclipse.platform_4.6.0_1473617060_linux_gtk_x86_64/plugins/org.polymodel.polyhedralIR.codegen_1.0.0.201612051604.jar
7f275b1ef000-7f275b1f2000 r--s 008e1000 08:09 26516287                   /home/hrishi/.eclipse/org.eclipse.platform_4.6.0_1473617060_linux_gtk_x86_64/plugins/fr.irisa.cairn.jnimap.cloog_1.0.0.201612051604.jar
7f275b1f2000-7f275b1f6000 r--s 00031000 08:09 26516341                   /home/hrishi/.eclipse/org.eclipse.platform_4.6.0_1473617060_linux_gtk_x86_64/plugins/org.antlr.runtime_3.2.0.v201101311130.jar
7f275b1f6000-7f275b1f7000 r--s 00011000 08:09 10748494                   /opt/eclipse/plugins/org.apache.commons.logging_1.1.1.v201101211721.jar
7f275b1f7000-7f275b1ff000 r--s 0005e000 08:09 10748531                   /opt/eclipse/plugins/org.apache.log4j_1.2.15.v201012070815.jar
7f275b1ff000-7f275b201000 r--s 00008000 08:09 26516346                   /home/hrishi/.eclipse/org.eclipse.platform_4.6.0_1473617060_linux_gtk_x86_64/plugins/org.eclipse.emf.mwe.utils_1.3.20.v201605261103.jar
7f275b201000-7f275b202000 r--s 00003000 08:09 26516348                   /home/hrishi/.eclipse/org.eclipse.platform_4.6.0_1473617060_linux_gtk_x86_64/plugins/org.eclipse.emf.mwe2.runtime_2.9.0.v201605261103.jar
7f275b202000-7f275b203000 r--s 0000b000 08:09 26516339                   /home/hrishi/.eclipse/org.eclipse.platform_4.6.0_1473617060_linux_gtk_x86_64/plugins/org.apache.commons.cli_1.2.0.v201404270220.jar
7f275b203000-7f275b209000 r--s 0002a000 08:09 26516345                   /home/hrishi/.eclipse/org.eclipse.platform_4.6.0_1473617060_linux_gtk_x86_64/plugins/org.eclipse.emf.mwe.core_1.3.20.v201605261103.jar
7f275b209000-7f275b20b000 r--s 00009000 08:09 26516279                   /home/hrishi/.eclipse/org.eclipse.platform_4.6.0_1473617060_linux_gtk_x86_64/plugins/edu.csu.melange.affineLattice_1.0.0.jar
7f275b20b000-7f275b20d000 r--s 00000000 08:09 26516338                   /home/hrishi/.eclipse/org.eclipse.platform_4.6.0_1473617060_linux_gtk_x86_64/plugins/tom.mapping_1.0.0.201612051604.jar
7f275b20d000-7f275b214000 r--s 0004d000 08:09 26516333                   /home/hrishi/.eclipse/org.eclipse.platform_4.6.0_1473617060_linux_gtk_x86_64/plugins/org.polymodel.prdg.scheduling_1.0.0.201612051604.jar
7f275b214000-7f275b217000 r--s 0001f000 08:09 26516370                   /home/hrishi/.eclipse/org.eclipse.platform_4.6.0_1473617060_linux_gtk_x86_64/plugins/org.eclipse.xtext.xbase.lib_2.10.0.v201605250459.jar
7f275b217000-7f275b219000 r--s 00004000 08:09 26516299                   /home/hrishi/.eclipse/org.eclipse.platform_4.6.0_1473617060_linux_gtk_x86_64/plugins/org.polymodel.matrix_1.0.0.201612051604.jar
7f275b219000-7f275b21b000 r--s 00005000 08:09 26516332                   /home/hrishi/.eclipse/org.eclipse.platform_4.6.0_1473617060_linux_gtk_x86_64/plugins/org.polymodel.prdg.adapter_1.0.0.201612051604.jar
7f275b21b000-7f275b21d000 r--s 00009000 08:09 26516301                   /home/hrishi/.eclipse/org.eclipse.platform_4.6.0_1473617060_linux_gtk_x86_64/plugins/org.polymodel.prdg_1.0.0.201612051604.jar
7f275b21d000-7f275b21f000 r--s 00013000 08:09 26516297                   /home/hrishi/.eclipse/org.eclipse.platform_4.6.0_1473617060_linux_gtk_x86_64/plugins/org.polymodel.isl_1.0.0.201612051604.jar
7f275b21f000-7f275b229000 r--s 000a4000 08:09 26516295                   /home/hrishi/.eclipse/org.eclipse.platform_4.6.0_1473617060_linux_gtk_x86_64/plugins/org.polymodel.algebra_1.0.0.201612051604.jar
7f275b229000-7f275b22c000 r--s 0002b000 08:09 26516294                   /home/hrishi/.eclipse/org.eclipse.platform_4.6.0_1473617060_linux_gtk_x86_64/plugins/org.polymodel_1.0.0.201612051604.jar
7f275b22c000-7f275b256000 r--s 001ff000 08:09 10749007                   /opt/eclipse/plugins/com.google.guava_15.0.0.v201403281430.jar
7f275b256000-7f275b257000 r--s 0000f000 08:09 28708338                   /home/hrishi/.eclipse/org.eclipse.platform_4.6.0_1473617060_linux_gtk_x86_64/plugins/fr.irisa.cairn.tools_1.0.0.201612051604/lib/javatuples-1.2.jar
7f275b257000-7f275b25a000 r--s 00037000 08:09 28708336                   /home/hrishi/.eclipse/org.eclipse.platform_4.6.0_1473617060_linux_gtk_x86_64/plugins/fr.irisa.cairn.tools_1.0.0.201612051604/lib/javatuples-1.2-javadoc.jar
7f275b25a000-7f275b265000 r--s 00077000 08:09 10748760                   /opt/eclipse/plugins/com.google.inject_3.0.0.v201605172100.jar
7f275b265000-7f275b27d000 r--s 0015b000 08:09 28061747                   /home/hrishi/.eclipse/org.eclipse.platform_4.6.0_1473617060_linux_gtk_x86_64/plugins/fr.irisa.cairn.graph_1.0.0.201612051604/lib/jgrapht-ext-0.9.1-uber.jar
7f275b27d000-7f275b2ad000 rw-p 00000000 00:00 0 
7f275b2ad000-7f275b3dd000 r--s 010bc000 08:09 28708362                   /home/hrishi/.eclipse/org.eclipse.platform_4.6.0_1473617060_linux_gtk_x86_64/plugins/fr.irisa.cairn.eclipse.tom_2.10.0.201612051604/libs/aircube-bundle.jar
7f275b3dd000-7f275b41f000 r--s 00398000 08:09 10748311                   /opt/eclipse/plugins/org.eclipse.ui.workbench_3.108.0.v20160602-1232.jar
7f275b41f000-7f275b420000 ---p 00000000 00:00 0 
7f275b420000-7f275b520000 rw-p 00000000 00:00 0 
7f275b520000-7f275b523000 ---p 00000000 00:00 0 
7f275b523000-7f275b621000 rw-p 00000000 00:00 0 
7f275b621000-7f275b624000 ---p 00000000 00:00 0 
7f275b624000-7f275b722000 rw-p 00000000 00:00 0 
7f275b722000-7f275b725000 ---p 00000000 00:00 0 
7f275b725000-7f275b823000 rw-p 00000000 00:00 0 
7f275b823000-7f275b826000 ---p 00000000 00:00 0 
7f275b826000-7f275b924000 rw-p 00000000 00:00 0 
7f275b924000-7f275b927000 ---p 00000000 00:00 0 
7f275b927000-7f275ba25000 rw-p 00000000 00:00 0 
7f275ba25000-7f275bcfd000 r--p 00000000 08:09 2887360                    /usr/lib/locale/locale-archive
7f275bcfd000-7f275bd00000 ---p 00000000 00:00 0 
7f275bd00000-7f275bdfe000 rw-p 00000000 00:00 0 
7f275bdfe000-7f275be01000 ---p 00000000 00:00 0 
7f275be01000-7f275beff000 rw-p 00000000 00:00 0 
7f275beff000-7f275bf00000 ---p 00000000 00:00 0 
7f275bf00000-7f275c000000 rw-p 00000000 00:00 0 
7f275c000000-7f275c021000 rw-p 00000000 00:00 0 
7f275c021000-7f2760000000 ---p 00000000 00:00 0 
7f2760000000-7f2760021000 rw-p 00000000 00:00 0 
7f2760021000-7f2764000000 ---p 00000000 00:00 0 
7f2764000000-7f2764021000 rw-p 00000000 00:00 0 
7f2764021000-7f2768000000 ---p 00000000 00:00 0 
7f2768000000-7f2768001000 r--s 0000b000 08:09 28708337                   /home/hrishi/.eclipse/org.eclipse.platform_4.6.0_1473617060_linux_gtk_x86_64/plugins/fr.irisa.cairn.tools_1.0.0.201612051604/lib/javatuples-1.2-sources.jar
7f2768001000-7f2768006000 r--s 00b6c000 08:09 26516288                   /home/hrishi/.eclipse/org.eclipse.platform_4.6.0_1473617060_linux_gtk_x86_64/plugins/fr.irisa.cairn.jnimap.isl_2.1.0.201612051604.jar
7f2768006000-7f2768008000 r--s 00007000 08:09 26516286                   /home/hrishi/.eclipse/org.eclipse.platform_4.6.0_1473617060_linux_gtk_x86_64/plugins/fr.irisa.cairn.graph.guice_1.0.0.201612051604.jar
7f2768008000-7f276800a000 r--s 00009000 08:09 10748202                   /opt/eclipse/plugins/com.google.inject.multibindings_3.0.0.v201605172100.jar
7f276800a000-7f276800e000 r--s 00035000 08:09 10748985                   /opt/eclipse/plugins/org.eclipse.emf.ecore.xmi_2.12.0.v20160420-0247.jar
7f276800e000-7f2768015000 r--s 00051000 08:09 10748503                   /opt/eclipse/plugins/org.eclipse.emf.common_2.12.0.v20160420-0247.jar
7f2768015000-7f2768027000 r--s 00111000 08:09 10748217                   /opt/eclipse/plugins/org.eclipse.emf.ecore_2.12.0.v20160420-0247.jar
7f2768027000-7f2768039000 r--s 000f8000 08:09 10748780                   /opt/eclipse/plugins/org.eclipse.jface_3.12.0.v20160518-1929.jar
7f2768039000-7f276804e000 r--s 0028f000 08:09 10748863                   /opt/eclipse/plugins/org.eclipse.swt.gtk.linux.x86_64_3.105.0.v20160603-0902.jar
7f276804e000-7f276c000000 rw-p 00000000 00:00 0 
7f276c000000-7f276c021000 rw-p 00000000 00:00 0 
7f276c021000-7f2770000000 ---p 00000000 00:00 0 
7f2770000000-7f2770001000 r--s 00000000 08:09 26516289                   /home/hrishi/.eclipse/org.eclipse.platform_4.6.0_1473617060_linux_gtk_x86_64/plugins/fr.irisa.cairn.jnimap.runtime_1.0.0.201612051604.jar
7f2770001000-7f2770006000 r--s 00030000 08:09 10748396                   /opt/eclipse/plugins/org.eclipse.ui.console_3.6.200.v20160518-1858.jar
7f2770006000-7f2770007000 r--s 00002000 08:09 10748530                   /opt/eclipse/plugins/org.eclipse.e4.ui.workbench3_0.13.100.v20160506-0759.jar
7f2770007000-7f277000b000 r--s 00019000 08:09 10748602                   /opt/eclipse/plugins/org.eclipse.core.commands_3.8.0.v20160316-1921.jar
7f277000b000-7f2770014000 r--s 00058000 08:09 10748604                   /opt/eclipse/plugins/org.eclipse.ui_3.108.0.v20160518-1929.jar
7f2770014000-7f2770016000 r--s 00014000 08:09 10748222                   /opt/eclipse/plugins/org.eclipse.equinox.app_1.3.400.v20150715-1528.jar
7f2770016000-7f2770018000 r--s 00017000 08:09 10748774                   /opt/eclipse/plugins/org.eclipse.core.contenttype_3.5.100.v20160418-1621.jar
7f2770018000-7f277001b000 r--s 0001e000 08:09 10748508                   /opt/eclipse/plugins/org.eclipse.equinox.preferences_3.6.0.v20160120-1756.jar
7f277001b000-7f277001f000 r--s 0002a000 08:09 10749014                   /opt/eclipse/plugins/org.eclipse.equinox.registry_3.6.100.v20160223-2218.jar
7f277001f000-7f2770022000 r--s 00019000 08:09 10748931                   /opt/eclipse/plugins/org.eclipse.core.jobs_3.8.0.v20160509-0411.jar
7f2770022000-7f2770025000 r--s 0001b000 08:09 10748983                   /opt/eclipse/plugins/org.eclipse.equinox.common_3.8.0.v20160509-1230.jar
7f2770025000-7f2770028000 r--s 00039000 08:09 10748174                   /opt/eclipse/plugins/org.eclipse.osgi.compatibility.state_1.0.200.v20160504-1419.jar
7f2770028000-7f277003d000 r--s 0013d000 08:09 10748755                   /opt/eclipse/plugins/org.eclipse.osgi_3.11.0.v20160603-1336.jar
7f277003d000-7f277003f000 r--s 00003000 08:09 10748526                   /opt/eclipse/plugins/javax.inject_1.0.0.v20091030.jar
7f277003f000-7f2770041000 r--s 00011000 08:09 10748883                   /opt/eclipse/plugins/org.eclipse.core.runtime_3.12.0.v20160606-1342.jar
7f2770041000-7f2770045000 r--s 00037000 08:09 7085460                    /usr/lib/jvm/java-8-openjdk-amd64/jre/lib/ext/sunpkcs11.jar
7f2770045000-7f277004f000 r--s 00116000 08:09 7085461                    /usr/lib/jvm/java-8-openjdk-amd64/jre/lib/ext/localedata.jar
7f277004f000-7f2770054000 r--s 0003b000 08:09 7085462                    /usr/lib/jvm/java-8-openjdk-amd64/jre/lib/ext/sunjce_provider.jar
7f2770054000-7f2770e32000 rw-p 00000000 00:00 0 
7f2770e32000-7f2771000000 r--s 03c06000 08:09 7087811                    /usr/lib/jvm/java-8-openjdk-amd64/jre/lib/rt.jar
7f2771000000-7f2771730000 rwxp 00000000 00:00 0 
7f2771730000-7f2780000000 ---p 00000000 00:00 0 
7f2780000000-7f2780b9c000 rw-p 00000000 00:00 0 
7f2780b9c000-7f2784000000 ---p 00000000 00:00 0 
7f2784000000-7f2784003000 r--s 0000f000 08:09 7085457                    /usr/lib/jvm/java-8-openjdk-amd64/jre/lib/ext/icedtea-sound.jar
7f2784003000-7f278401e000 r--s 001d6000 08:09 7085455                    /usr/lib/jvm/java-8-openjdk-amd64/jre/lib/ext/nashorn.jar
7f278401e000-7f2784c6f000 rw-p 00000000 00:00 0 
7f2784c6f000-7f2784c70000 ---p 00000000 00:00 0 
7f2784c70000-7f2784d70000 rw-p 00000000 00:00 0 
7f2784d70000-7f2784d71000 ---p 00000000 00:00 0 
7f2784d71000-7f2784e71000 rw-p 00000000 00:00 0 
7f2784e71000-7f2784e72000 ---p 00000000 00:00 0 
7f2784e72000-7f2784f72000 rw-p 00000000 00:00 0 
7f2784f72000-7f2784f73000 ---p 00000000 00:00 0 
7f2784f73000-7f278509d000 rw-p 00000000 00:00 0 
7f278509d000-7f2785305000 ---p 00000000 00:00 0 
7f2785305000-7f278532f000 rw-p 00000000 00:00 0 
7f278532f000-7f2785597000 ---p 00000000 00:00 0 
7f2785597000-7f27855bb000 rw-p 00000000 00:00 0 
7f27855bb000-7f27856e0000 ---p 00000000 00:00 0 
7f27856e0000-7f27856fe000 rw-p 00000000 00:00 0 
7f27856fe000-7f2785aa1000 ---p 00000000 00:00 0 
7f2785aa1000-7f2785aa9000 r-xp 00000000 08:09 7085419                    /usr/lib/jvm/java-8-openjdk-amd64/jre/lib/amd64/libzip.so
7f2785aa9000-7f2785ca8000 ---p 00008000 08:09 7085419                    /usr/lib/jvm/java-8-openjdk-amd64/jre/lib/amd64/libzip.so
7f2785ca8000-7f2785ca9000 r--p 00007000 08:09 7085419                    /usr/lib/jvm/java-8-openjdk-amd64/jre/lib/amd64/libzip.so
7f2785ca9000-7f2785caa000 rw-p 00008000 08:09 7085419                    /usr/lib/jvm/java-8-openjdk-amd64/jre/lib/amd64/libzip.so
7f2785caa000-7f2785cb5000 r-xp 00000000 08:09 24382890                   /lib/x86_64-linux-gnu/libnss_files-2.23.so
7f2785cb5000-7f2785eb4000 ---p 0000b000 08:09 24382890                   /lib/x86_64-linux-gnu/libnss_files-2.23.so
7f2785eb4000-7f2785eb5000 r--p 0000a000 08:09 24382890                   /lib/x86_64-linux-gnu/libnss_files-2.23.so
7f2785eb5000-7f2785eb6000 rw-p 0000b000 08:09 24382890                   /lib/x86_64-linux-gnu/libnss_files-2.23.so
7f2785eb6000-7f2785ebc000 rw-p 00000000 00:00 0 
7f2785ebc000-7f2785ec7000 r-xp 00000000 08:09 24382881                   /lib/x86_64-linux-gnu/libnss_nis-2.23.so
7f2785ec7000-7f27860c6000 ---p 0000b000 08:09 24382881                   /lib/x86_64-linux-gnu/libnss_nis-2.23.so
7f27860c6000-7f27860c7000 r--p 0000a000 08:09 24382881                   /lib/x86_64-linux-gnu/libnss_nis-2.23.so
7f27860c7000-7f27860c8000 rw-p 0000b000 08:09 24382881                   /lib/x86_64-linux-gnu/libnss_nis-2.23.so
7f27860c8000-7f27860de000 r-xp 00000000 08:09 24382883                   /lib/x86_64-linux-gnu/libnsl-2.23.so
7f27860de000-7f27862dd000 ---p 00016000 08:09 24382883                   /lib/x86_64-linux-gnu/libnsl-2.23.so
7f27862dd000-7f27862de000 r--p 00015000 08:09 24382883                   /lib/x86_64-linux-gnu/libnsl-2.23.so
7f27862de000-7f27862df000 rw-p 00016000 08:09 24382883                   /lib/x86_64-linux-gnu/libnsl-2.23.so
7f27862df000-7f27862e1000 rw-p 00000000 00:00 0 
7f27862e1000-7f27862e9000 r-xp 00000000 08:09 24382892                   /lib/x86_64-linux-gnu/libnss_compat-2.23.so
7f27862e9000-7f27864e8000 ---p 00008000 08:09 24382892                   /lib/x86_64-linux-gnu/libnss_compat-2.23.so
7f27864e8000-7f27864e9000 r--p 00007000 08:09 24382892                   /lib/x86_64-linux-gnu/libnss_compat-2.23.so
7f27864e9000-7f27864ea000 rw-p 00008000 08:09 24382892                   /lib/x86_64-linux-gnu/libnss_compat-2.23.so
7f27864ea000-7f2786517000 r-xp 00000000 08:09 7085444                    /usr/lib/jvm/java-8-openjdk-amd64/jre/lib/amd64/libjava.so
7f2786517000-7f2786716000 ---p 0002d000 08:09 7085444                    /usr/lib/jvm/java-8-openjdk-amd64/jre/lib/amd64/libjava.so
7f2786716000-7f2786717000 r--p 0002c000 08:09 7085444                    /usr/lib/jvm/java-8-openjdk-amd64/jre/lib/amd64/libjava.so
7f2786717000-7f2786719000 rw-p 0002d000 08:09 7085444                    /usr/lib/jvm/java-8-openjdk-amd64/jre/lib/amd64/libjava.so
7f2786719000-7f2786728000 r-xp 00000000 08:09 7085412                    /usr/lib/jvm/java-8-openjdk-amd64/jre/lib/amd64/libverify.so
7f2786728000-7f2786927000 ---p 0000f000 08:09 7085412                    /usr/lib/jvm/java-8-openjdk-amd64/jre/lib/amd64/libverify.so
7f2786927000-7f2786929000 r--p 0000e000 08:09 7085412                    /usr/lib/jvm/java-8-openjdk-amd64/jre/lib/amd64/libverify.so
7f2786929000-7f278692a000 rw-p 00010000 08:09 7085412                    /usr/lib/jvm/java-8-openjdk-amd64/jre/lib/amd64/libverify.so
7f278692a000-7f2786931000 r-xp 00000000 08:09 24382893                   /lib/x86_64-linux-gnu/librt-2.23.so
7f2786931000-7f2786b30000 ---p 00007000 08:09 24382893                   /lib/x86_64-linux-gnu/librt-2.23.so
7f2786b30000-7f2786b31000 r--p 00006000 08:09 24382893                   /lib/x86_64-linux-gnu/librt-2.23.so
7f2786b31000-7f2786b32000 rw-p 00007000 08:09 24382893                   /lib/x86_64-linux-gnu/librt-2.23.so
7f2786b32000-7f2786b48000 r-xp 00000000 08:09 24383888                   /lib/x86_64-linux-gnu/libgcc_s.so.1
7f2786b48000-7f2786d47000 ---p 00016000 08:09 24383888                   /lib/x86_64-linux-gnu/libgcc_s.so.1
7f2786d47000-7f2786d48000 rw-p 00015000 08:09 24383888                   /lib/x86_64-linux-gnu/libgcc_s.so.1
7f2786d48000-7f2786e50000 r-xp 00000000 08:09 24382882                   /lib/x86_64-linux-gnu/libm-2.23.so
7f2786e50000-7f278704f000 ---p 00108000 08:09 24382882                   /lib/x86_64-linux-gnu/libm-2.23.so
7f278704f000-7f2787050000 r--p 00107000 08:09 24382882                   /lib/x86_64-linux-gnu/libm-2.23.so
7f2787050000-7f2787051000 rw-p 00108000 08:09 24382882                   /lib/x86_64-linux-gnu/libm-2.23.so
7f2787051000-7f27871c3000 r-xp 00000000 08:09 2888511                    /usr/lib/x86_64-linux-gnu/libstdc++.so.6.0.21
7f27871c3000-7f27873c3000 ---p 00172000 08:09 2888511                    /usr/lib/x86_64-linux-gnu/libstdc++.so.6.0.21
7f27873c3000-7f27873cd000 r--p 00172000 08:09 2888511                    /usr/lib/x86_64-linux-gnu/libstdc++.so.6.0.21
7f27873cd000-7f27873cf000 rw-p 0017c000 08:09 2888511                    /usr/lib/x86_64-linux-gnu/libstdc++.so.6.0.21
7f27873cf000-7f27873d3000 rw-p 00000000 00:00 0 
7f27873d3000-7f2788023000 r-xp 00000000 08:09 7085439                    /usr/lib/jvm/java-8-openjdk-amd64/jre/lib/amd64/server/libjvm.so
7f2788023000-7f2788222000 ---p 00c50000 08:09 7085439                    /usr/lib/jvm/java-8-openjdk-amd64/jre/lib/amd64/server/libjvm.so
7f2788222000-7f27882b5000 r--p 00c4f000 08:09 7085439                    /usr/lib/jvm/java-8-openjdk-amd64/jre/lib/amd64/server/libjvm.so
7f27882b5000-7f27882de000 rw-p 00ce2000 08:09 7085439                    /usr/lib/jvm/java-8-openjdk-amd64/jre/lib/amd64/server/libjvm.so
7f27882de000-7f278830e000 rw-p 00000000 00:00 0 
7f278830e000-7f2788326000 r-xp 00000000 08:09 24382897                   /lib/x86_64-linux-gnu/libpthread-2.23.so
7f2788326000-7f2788525000 ---p 00018000 08:09 24382897                   /lib/x86_64-linux-gnu/libpthread-2.23.so
7f2788525000-7f2788526000 r--p 00017000 08:09 24382897                   /lib/x86_64-linux-gnu/libpthread-2.23.so
7f2788526000-7f2788527000 rw-p 00018000 08:09 24382897                   /lib/x86_64-linux-gnu/libpthread-2.23.so
7f2788527000-7f278852b000 rw-p 00000000 00:00 0 
7f278852b000-7f278852e000 r-xp 00000000 08:09 24382880                   /lib/x86_64-linux-gnu/libdl-2.23.so
7f278852e000-7f278872d000 ---p 00003000 08:09 24382880                   /lib/x86_64-linux-gnu/libdl-2.23.so
7f278872d000-7f278872e000 r--p 00002000 08:09 24382880                   /lib/x86_64-linux-gnu/libdl-2.23.so
7f278872e000-7f278872f000 rw-p 00003000 08:09 24382880                   /lib/x86_64-linux-gnu/libdl-2.23.so
7f278872f000-7f2788748000 r-xp 00000000 08:09 24384041                   /lib/x86_64-linux-gnu/libz.so.1.2.8
7f2788748000-7f2788947000 ---p 00019000 08:09 24384041                   /lib/x86_64-linux-gnu/libz.so.1.2.8
7f2788947000-7f2788948000 r--p 00018000 08:09 24384041                   /lib/x86_64-linux-gnu/libz.so.1.2.8
7f2788948000-7f2788949000 rw-p 00019000 08:09 24384041                   /lib/x86_64-linux-gnu/libz.so.1.2.8
7f2788949000-7f2788b08000 r-xp 00000000 08:09 24382884                   /lib/x86_64-linux-gnu/libc-2.23.so
7f2788b08000-7f2788d08000 ---p 001bf000 08:09 24382884                   /lib/x86_64-linux-gnu/libc-2.23.so
7f2788d08000-7f2788d0c000 r--p 001bf000 08:09 24382884                   /lib/x86_64-linux-gnu/libc-2.23.so
7f2788d0c000-7f2788d0e000 rw-p 001c3000 08:09 24382884                   /lib/x86_64-linux-gnu/libc-2.23.so
7f2788d0e000-7f2788d12000 rw-p 00000000 00:00 0 
7f2788d12000-7f2788d1f000 r-xp 00000000 08:09 7085434                    /usr/lib/jvm/java-8-openjdk-amd64/jre/lib/amd64/jli/libjli.so
7f2788d1f000-7f2788f1f000 ---p 0000d000 08:09 7085434                    /usr/lib/jvm/java-8-openjdk-amd64/jre/lib/amd64/jli/libjli.so
7f2788f1f000-7f2788f20000 r--p 0000d000 08:09 7085434                    /usr/lib/jvm/java-8-openjdk-amd64/jre/lib/amd64/jli/libjli.so
7f2788f20000-7f2788f21000 rw-p 0000e000 08:09 7085434                    /usr/lib/jvm/java-8-openjdk-amd64/jre/lib/amd64/jli/libjli.so
7f2788f21000-7f2788f47000 r-xp 00000000 08:09 24382885                   /lib/x86_64-linux-gnu/ld-2.23.so
7f2788f47000-7f2788f48000 r--s 00004000 08:09 10748172                   /opt/eclipse/plugins/org.eclipse.swt_3.105.0.v20160603-0902.jar
7f2788f48000-7f2788f4a000 r--s 00001000 08:09 7085456                    /usr/lib/jvm/java-8-openjdk-amd64/jre/lib/ext/dnsns.jar
7f2788f4a000-7f2788f4c000 r--s 00008000 08:09 7085454                    /usr/lib/jvm/java-8-openjdk-amd64/jre/lib/ext/sunec.jar
7f2788f4c000-7f2789017000 rw-p 00000000 00:00 0 
7f2789017000-7f278901a000 ---p 00000000 00:00 0 
7f278901a000-7f278911d000 rw-p 00000000 00:00 0 
7f278911d000-7f278911e000 r--s 00010000 08:09 7085459                    /usr/lib/jvm/java-8-openjdk-amd64/jre/lib/ext/zipfs.jar
7f278911e000-7f278911f000 r--s 0000a000 08:09 7085463                    /usr/lib/jvm/java-8-openjdk-amd64/jre/lib/ext/jaccess.jar
7f278911f000-7f278913a000 r--s 00394000 08:09 7085458                    /usr/lib/jvm/java-8-openjdk-amd64/jre/lib/ext/cldrdata.jar
7f278913a000-7f2789142000 rw-s 00000000 08:09 18616228                   /tmp/hsperfdata_hrishi/19566 (deleted)
7f2789142000-7f2789143000 rw-p 00000000 00:00 0 
7f2789143000-7f2789144000 ---p 00000000 00:00 0 
7f2789144000-7f2789146000 rw-p 00000000 00:00 0 
7f2789146000-7f2789147000 r--p 00025000 08:09 24382885                   /lib/x86_64-linux-gnu/ld-2.23.so
7f2789147000-7f2789148000 rw-p 00026000 08:09 24382885                   /lib/x86_64-linux-gnu/ld-2.23.so
7f2789148000-7f2789149000 rw-p 00000000 00:00 0 
7ffe3d3fd000-7ffe3d420000 rw-p 00000000 00:00 0                          [stack]
7ffe3d492000-7ffe3d494000 r--p 00000000 00:00 0                          [vvar]
7ffe3d494000-7ffe3d496000 r-xp 00000000 00:00 0                          [vdso]
ffffffffff600000-ffffffffff601000 r-xp 00000000 00:00 0                  [vsyscall]

VM Arguments:
jvm_args: -Dfile.encoding=UTF-8 
java_command: RCPConsole
java_class_path (initial): /opt/eclipse/plugins/org.eclipse.core.runtime_3.12.0.v20160606-1342.jar:/opt/eclipse/plugins/javax.inject_1.0.0.v20091030.jar:/opt/eclipse/plugins/org.eclipse.osgi_3.11.0.v20160603-1336.jar:/opt/eclipse/plugins/org.eclipse.osgi.compatibility.state_1.0.200.v20160504-1419.jar:/opt/eclipse/plugins/org.eclipse.equinox.common_3.8.0.v20160509-1230.jar:/opt/eclipse/plugins/org.eclipse.core.jobs_3.8.0.v20160509-0411.jar:/opt/eclipse/plugins/org.eclipse.equinox.registry_3.6.100.v20160223-2218.jar:/opt/eclipse/plugins/org.eclipse.equinox.preferences_3.6.0.v20160120-1756.jar:/opt/eclipse/plugins/org.eclipse.core.contenttype_3.5.100.v20160418-1621.jar:/opt/eclipse/plugins/org.eclipse.equinox.app_1.3.400.v20150715-1528.jar:/opt/eclipse/plugins/org.eclipse.ui_3.108.0.v20160518-1929.jar:/opt/eclipse/plugins/org.eclipse.swt_3.105.0.v20160603-0902.jar:/opt/eclipse/plugins/org.eclipse.swt.gtk.linux.x86_64_3.105.0.v20160603-0902.jar:/opt/eclipse/plugins/org.eclipse.jface_3.12.0.v20160518-1929.jar:/opt/eclipse/plugins/org.eclipse.core.commands_3.8.0.v20160316-1921.jar:/opt/eclipse/plugins/org.eclipse.ui.workbench_3.108.0.v20160602-1232.jar:/opt/eclipse/plugins/org.eclipse.e4.ui.workbench3_0.13.100.v20160506-0759.jar:/opt/eclipse/plugins/org.eclipse.ui.console_3.6.200.v20160518-1858.jar:/opt/eclipse/plugins/org.eclipse.emf.ecore_2.12.0.v20160420-0247.jar:/opt/eclipse/plugins/org.eclipse.emf.common_2.12.0.v20160420-0247.jar:/opt/eclipse/plugins/org.eclipse.emf.ecore.xmi_2.12.0.v20160420-0247.jar:/home/hrishi/.eclipse/org.eclipse.platform_4.6.0_1473617060_linux_gtk_x86_64/plugins/fr.irisa.cairn.eclipse.tom_2.10.0.201612051604/libs/aircube-bundle.jar:/home/hrishi/.eclipse/org.eclipse.platform_4.6.0_1473617060_linux_gtk_x86_64/plugins/fr.irisa.cairn.graph_1.0.0.201612051604:/home/hrishi/.eclipse/org.eclipse.platform_4.6.0_1473617060_linux_gtk_x86_64/plugins/fr.irisa.cairn.graph_1.0.0.201612051604/lib/jgrapht-ext-0.9.1-uber.jar:/opt/eclipse/plugins/com.google.inj
Launcher Type: SUN_STANDARD

Environment Variables:
PATH=/home/hrishi/torch/install/bin:/usr/local/sbin:/usr/local/bin:/usr/sbin:/usr/bin:/sbin:/bin:/usr/games:/usr/local/games:/snap/bin
LD_LIBRARY_PATH=/home/hrishi/torch/install/lib:
SHELL=/bin/bash
DISPLAY=:0
DYLD_LIBRARY_PATH=/home/hrishi/torch/install/lib:

Signal Handlers:
SIGSEGV: [libjvm.so+0xa66fd0], sa_mask[0]=11111111011111111101111111111110, sa_flags=SA_RESTART|SA_SIGINFO
SIGBUS: [libjvm.so+0xa66fd0], sa_mask[0]=11111111011111111101111111111110, sa_flags=SA_RESTART|SA_SIGINFO
SIGFPE: [libjvm.so+0x8b0180], sa_mask[0]=11111111011111111101111111111110, sa_flags=SA_RESTART|SA_SIGINFO
SIGPIPE: [libjvm.so+0x8b0180], sa_mask[0]=11111111011111111101111111111110, sa_flags=SA_RESTART|SA_SIGINFO
SIGXFSZ: [libjvm.so+0x8b0180], sa_mask[0]=11111111011111111101111111111110, sa_flags=SA_RESTART|SA_SIGINFO
SIGILL: [libjvm.so+0x8b0180], sa_mask[0]=11111111011111111101111111111110, sa_flags=SA_RESTART|SA_SIGINFO
SIGUSR1: SIG_DFL, sa_mask[0]=00000000000000000000000000000000, sa_flags=none
SIGUSR2: [libjvm.so+0x8b0030], sa_mask[0]=00100000000000000000000000000000, sa_flags=SA_RESTART|SA_SIGINFO
SIGHUP: [libjvm.so+0x8b0500], sa_mask[0]=11111111011111111101111111111110, sa_flags=SA_RESTART|SA_SIGINFO
SIGINT: [libjvm.so+0x8b0500], sa_mask[0]=11111111011111111101111111111110, sa_flags=SA_RESTART|SA_SIGINFO
SIGTERM: [libjvm.so+0x8b0500], sa_mask[0]=11111111011111111101111111111110, sa_flags=SA_RESTART|SA_SIGINFO
SIGQUIT: [libjvm.so+0x8b0500], sa_mask[0]=11111111011111111101111111111110, sa_flags=SA_RESTART|SA_SIGINFO


---------------  S Y S T E M  ---------------

OS:DISTRIB_ID=Ubuntu
DISTRIB_RELEASE=16.04
DISTRIB_CODENAME=xenial
DISTRIB_DESCRIPTION="Ubuntu 16.04 LTS"

uname:Linux 4.4.0-72-generic #93-Ubuntu SMP Fri Mar 31 14:07:41 UTC 2017 x86_64
libc:glibc 2.23 NPTL 2.23 
rlimit: STACK 8192k, CORE 0k, NPROC 31118, NOFILE 65536, AS infinity
load average:92.83 42.20 18.19

/proc/meminfo:
MemTotal:        8084688 kB
MemFree:         5157484 kB
MemAvailable:    5400576 kB
Buffers:           35436 kB
Cached:           619904 kB
SwapCached:       130112 kB
Active:          1884136 kB
Inactive:         730376 kB
Active(anon):    1631408 kB
Inactive(anon):   560236 kB
Active(file):     252728 kB
Inactive(file):   170140 kB
Unevictable:        1108 kB
Mlocked:            1108 kB
SwapTotal:      12000252 kB
SwapFree:        7672700 kB
Dirty:              1480 kB
Writeback:             0 kB
AnonPages:       1947796 kB
Mapped:           231972 kB
Shmem:            232500 kB
Slab:             157676 kB
SReclaimable:      81264 kB
SUnreclaim:        76412 kB
KernelStack:       15648 kB
PageTables:        56104 kB
NFS_Unstable:          0 kB
Bounce:                0 kB
WritebackTmp:          0 kB
CommitLimit:    16042596 kB
Committed_AS:   13311864 kB
VmallocTotal:   34359738367 kB
VmallocUsed:           0 kB
VmallocChunk:          0 kB
HardwareCorrupted:     0 kB
AnonHugePages:    755712 kB
CmaTotal:              0 kB
CmaFree:               0 kB
HugePages_Total:       0
HugePages_Free:        0
HugePages_Rsvd:        0
HugePages_Surp:        0
Hugepagesize:       2048 kB
DirectMap4k:      817032 kB
DirectMap2M:     7481344 kB
DirectMap1G:           0 kB


CPU:total 4 (2 cores per cpu, 2 threads per core) family 6 model 61 stepping 4, cmov, cx8, fxsr, mmx, sse, sse2, sse3, ssse3, sse4.1, sse4.2, popcnt, avx, avx2, aes, clmul, erms, 3dnowpref, lzcnt, ht, tsc, tscinvbit, bmi1, bmi2, adx

/proc/cpuinfo:
processor	: 0
vendor_id	: GenuineIntel
cpu family	: 6
model		: 61
model name	: Intel(R) Core(TM) i5-5200U CPU @ 2.20GHz
stepping	: 4
microcode	: 0x12
cpu MHz		: 2159.437
cache size	: 3072 KB
physical id	: 0
siblings	: 4
core id		: 0
cpu cores	: 2
apicid		: 0
initial apicid	: 0
fpu		: yes
fpu_exception	: yes
cpuid level	: 20
wp		: yes
flags		: fpu vme de pse tsc msr pae mce cx8 apic sep mtrr pge mca cmov pat pse36 clflush dts acpi mmx fxsr sse sse2 ss ht tm pbe syscall nx pdpe1gb rdtscp lm constant_tsc arch_perfmon pebs bts rep_good nopl xtopology nonstop_tsc aperfmperf eagerfpu pni pclmulqdq dtes64 monitor ds_cpl vmx est tm2 ssse3 sdbg fma cx16 xtpr pdcm pcid sse4_1 sse4_2 x2apic movbe popcnt tsc_deadline_timer aes xsave avx f16c rdrand lahf_lm abm 3dnowprefetch epb intel_pt tpr_shadow vnmi flexpriority ept vpid fsgsbase tsc_adjust bmi1 avx2 smep bmi2 erms invpcid rdseed adx smap xsaveopt dtherm ida arat pln pts
bugs		:
bogomips	: 4390.01
clflush size	: 64
cache_alignment	: 64
address sizes	: 39 bits physical, 48 bits virtual
power management:

processor	: 1
vendor_id	: GenuineIntel
cpu family	: 6
model		: 61
model name	: Intel(R) Core(TM) i5-5200U CPU @ 2.20GHz
stepping	: 4
microcode	: 0x12
cpu MHz		: 2083.382
cache size	: 3072 KB
physical id	: 0
siblings	: 4
core id		: 1
cpu cores	: 2
apicid		: 2
initial apicid	: 2
fpu		: yes
fpu_exception	: yes
cpuid level	: 20
wp		: yes
flags		: fpu vme de pse tsc msr pae mce cx8 apic sep mtrr pge mca cmov pat pse36 clflush dts acpi mmx fxsr sse sse2 ss ht tm pbe syscall nx pdpe1gb rdtscp lm constant_tsc arch_perfmon pebs bts rep_good nopl xtopology nonstop_tsc aperfmperf eagerfpu pni pclmulqdq dtes64 monitor ds_cpl vmx est tm2 ssse3 sdbg fma cx16 xtpr pdcm pcid sse4_1 sse4_2 x2apic movbe popcnt tsc_deadline_timer aes xsave avx f16c rdrand lahf_lm abm 3dnowprefetch epb intel_pt tpr_shadow vnmi flexpriority ept vpid fsgsbase tsc_adjust bmi1 avx2 smep bmi2 erms invpcid rdseed adx smap xsaveopt dtherm ida arat pln pts
bugs		:
bogomips	: 4390.01
clflush size	: 64
cache_alignment	: 64
address sizes	: 39 bits physical, 48 bits virtual
power management:

processor	: 2
vendor_id	: GenuineIntel
cpu family	: 6
model		: 61
model name	: Intel(R) Core(TM) i5-5200U CPU @ 2.20GHz
stepping	: 4
microcode	: 0x12
cpu MHz		: 2138.812
cache size	: 3072 KB
physical id	: 0
siblings	: 4
core id		: 0
cpu cores	: 2
apicid		: 1
initial apicid	: 1
fpu		: yes
fpu_exception	: yes
cpuid level	: 20
wp		: yes
flags		: fpu vme de pse tsc msr pae mce cx8 apic sep mtrr pge mca cmov pat pse36 clflush dts acpi mmx fxsr sse sse2 ss ht tm pbe syscall nx pdpe1gb rdtscp lm constant_tsc arch_perfmon pebs bts rep_good nopl xtopology nonstop_tsc aperfmperf eagerfpu pni pclmulqdq dtes64 monitor ds_cpl vmx est tm2 ssse3 sdbg fma cx16 xtpr pdcm pcid sse4_1 sse4_2 x2apic movbe popcnt tsc_deadline_timer aes xsave avx f16c rdrand lahf_lm abm 3dnowprefetch epb intel_pt tpr_shadow vnmi flexpriority ept vpid fsgsbase tsc_adjust bmi1 avx2 smep bmi2 erms invpcid rdseed adx smap xsaveopt dtherm ida arat pln pts
bugs		:
bogomips	: 4390.01
clflush size	: 64
cache_alignment	: 64
address sizes	: 39 bits physical, 48 bits virtual
power management:

processor	: 3
vendor_id	: GenuineIntel
cpu family	: 6
model		: 61
model name	: Intel(R) Core(TM) i5-5200U CPU @ 2.20GHz
stepping	: 4
microcode	: 0x12
cpu MHz		: 2141.734
cache size	: 3072 KB
physical id	: 0
siblings	: 4
core id		: 1
cpu cores	: 2
apicid		: 3
initial apicid	: 3
fpu		: yes
fpu_exception	: yes
cpuid level	: 20
wp		: yes
flags		: fpu vme de pse tsc msr pae mce cx8 apic sep mtrr pge mca cmov pat pse36 clflush dts acpi mmx fxsr sse sse2 ss ht tm pbe syscall nx pdpe1gb rdtscp lm constant_tsc arch_perfmon pebs bts rep_good nopl xtopology nonstop_tsc aperfmperf eagerfpu pni pclmulqdq dtes64 monitor ds_cpl vmx est tm2 ssse3 sdbg fma cx16 xtpr pdcm pcid sse4_1 sse4_2 x2apic movbe popcnt tsc_deadline_timer aes xsave avx f16c rdrand lahf_lm abm 3dnowprefetch epb intel_pt tpr_shadow vnmi flexpriority ept vpid fsgsbase tsc_adjust bmi1 avx2 smep bmi2 erms invpcid rdseed adx smap xsaveopt dtherm ida arat pln pts
bugs		:
bogomips	: 4390.01
clflush size	: 64
cache_alignment	: 64
address sizes	: 39 bits physical, 48 bits virtual
power management:



Memory: 4k page, physical 8084688k(5157484k free), swap 12000252k(7672700k free)

vm_info: OpenJDK 64-Bit Server VM (25.121-b13) for linux-amd64 JRE (1.8.0_121-8u121-b13-0ubuntu1.16.04.2-b13), built on Jan 23 2017 15:51:29 by "buildd" with gcc 5.4.0 20160609

time: Sun Apr 30 23:06:27 2017
elapsed time: 18040 seconds (0d 5h 0m 40s)

