#
# A fatal error has been detected by the Java Runtime Environment:
#
#  SIGSEGV (0xb) at pc=0x0000000000046b20, pid=16471, tid=0x00007fa0b98a4700
#
# JRE version: OpenJDK Runtime Environment (8.0_121-b13) (build 1.8.0_121-8u121-b13-0ubuntu1.16.04.2-b13)
# Java VM: OpenJDK 64-Bit Server VM (25.121-b13 mixed mode linux-amd64 compressed oops)
# Problematic frame:
# C  0x0000000000046b20
#
# Failed to write core dump. Core dumps have been disabled. To enable core dumping, try "ulimit -c unlimited" before starting Java again
#
# If you would like to submit a bug report, please visit:
#   http://bugreport.java.com/bugreport/crash.jsp
#

---------------  T H R E A D  ---------------

Current thread is native thread

siginfo: si_signo: 11 (SIGSEGV), si_code: 1 (SEGV_MAPERR), si_addr: 0x0000000000046b20

Registers:
RAX=0x00007fa092ec5248, RBX=0x00007fa0b087eed0, RCX=0x0000000000000000, RDX=0x0000000000000000
RSP=0x00007ffdbf11b238, RBP=0x00007ffdbf11b390, RSI=0x0000000000000000, RDI=0x00007fa0b90d3140
R8 =0x0000000000000000, R9 =0x00007fa0b949a808, R10=0x00007fa0b90d30c0, R11=0x00007fa0b910e2d0
R12=0x00007fa092ec51a8, R13=0x0000000000000000, R14=0x00007ffdbf11b240, R15=0x0000000000000012
RIP=0x0000000000046b20, EFLAGS=0x0000000000010202, CSGSFS=0x0000000000000033, ERR=0x0000000000000014
  TRAPNO=0x000000000000000e

Top of Stack: (sp=0x00007ffdbf11b238)
0x00007ffdbf11b238:   00007fa0b96bcc17 00007fa0b98d3168
0x00007ffdbf11b248:   00007fa0b98d3700 00007fa0b98d07a8
0x00007ffdbf11b258:   00007fa0b00009a0 00007fa0b000b570
0x00007ffdbf11b268:   00007fa0b000cbf0 00007fa0b000ba20
0x00007ffdbf11b278:   00007fa0b000d0a0 00007fa0b0019ae0
0x00007ffdbf11b288:   00007fa0b0001bd0 00007fa0b00014a0
0x00007ffdbf11b298:   0000000001456150 0000000001456680
0x00007ffdbf11b2a8:   00000000014574c0 0000000001456ba0
0x00007ffdbf11b2b8:   00007fa0b98a6000 00007fa0b98a7b00
0x00007ffdbf11b2c8:   00007fa0b98a7618 00007fa0b087eed0
0x00007ffdbf11b2d8:   00007fa0b08ab210 00007fa0b08ab770
0x00007ffdbf11b2e8:   00007fa0b98a7000 00007fa0b98d29d8
0x00007ffdbf11b2f8:   00007fa0b96bc964 00007ffdbf11b240
0x00007ffdbf11b308:   0000000000000006 00007ffdbf11b270
0x00007ffdbf11b318:   0000000000000001 0000000000000006
0x00007ffdbf11b328:   00007ffdbf11b300 00000017b9498c40
0x00007ffdbf11b338:   00007ffdbf11b240 0000001700000000
0x00007ffdbf11b348:   00007fa0b98d2048 00007ffdbf11b210
0x00007ffdbf11b358:   0000000000000000 0000000000000001
0x00007ffdbf11b368:   0000000000000001 0000000000000001
0x00007ffdbf11b378:   00007fa0b9498c40 0000000000000000
0x00007ffdbf11b388:   0000000000000000 00007fa0b94975f8
0x00007ffdbf11b398:   00007fa0b910dff8 00000000004007bc
0x00007ffdbf11b3a8:   0000000000000000 0000000000400730
0x00007ffdbf11b3b8:   0000000000400630 00007ffdbf11b4b0
0x00007ffdbf11b3c8:   00007fa0b910e045 0000000000400730
0x00007ffdbf11b3d8:   00007fa0b90f4837 0000000000000000
0x00007ffdbf11b3e8:   00007ffdbf11b4b8 0000000500000000
0x00007ffdbf11b3f8:   00000000004005e0 0000000000000000
0x00007ffdbf11b408:   d7112b80c7c442e8 0000000000400630
0x00007ffdbf11b418:   00007ffdbf11b4b0 0000000000000000
0x00007ffdbf11b428:   0000000000000000 28ea5523ae6442e8 

Instructions: (pc=0x0000000000046b20)
0x0000000000046b00:   
[error occurred during error reporting (printing registers, top of stack, instructions near pc), id 0xb]

Register to memory mapping:

RAX=
[error occurred during error reporting (printing register info), id 0xb]

Stack: [0x00007ffdbf01f000,0x00007ffdbf11f000],  sp=0x00007ffdbf11b238,  free space=1008k
Native frames: (J=compiled Java code, j=interpreted, Vv=VM code, C=native code)
C  0x0000000000046b20


---------------  P R O C E S S  ---------------

VM state:at safepoint (shutting down)

VM Mutex/Monitor currently owned by a thread:  ([mutex/lock_event])
[0x00007fa0b0009dd0] Threads_lock - owner thread: 0x00007fa0b007b000

Heap:
 PSYoungGen      total 68608K, used 43717K [0x00000000d6e00000, 0x00000000db600000, 0x0000000100000000)
  eden space 63488K, 60% used [0x00000000d6e00000,0x00000000d93b97d8,0x00000000dac00000)
  from space 5120K, 99% used [0x00000000db100000,0x00000000db5f8020,0x00000000db600000)
  to   space 5120K, 0% used [0x00000000dac00000,0x00000000dac00000,0x00000000db100000)
 ParOldGen       total 84992K, used 10828K [0x0000000084a00000, 0x0000000089d00000, 0x00000000d6e00000)
  object space 84992K, 12% used [0x0000000084a00000,0x00000000854933a8,0x0000000089d00000)
 Metaspace       used 19204K, capacity 19326K, committed 19712K, reserved 1067008K
  class space    used 2489K, capacity 2525K, committed 2560K, reserved 1048576K

Card table byte_map: [0x00007fa0b5a90000,0x00007fa0b5e6c000] byte_map_base: 0x00007fa0b566b000

Marking Bits: (ParMarkBitMap*) 0x00007fa0b8a7c220
 Begin Bits: [0x00007fa098250000, 0x00007fa09a128000)
 End Bits:   [0x00007fa09a128000, 0x00007fa09c000000)

Polling page: 0x00007fa0b98ce000

CodeCache: size=245760Kb used=7406Kb max_used=7450Kb free=238353Kb
 bounds [0x00007fa0a1000000, 0x00007fa0a1760000, 0x00007fa0b0000000]
 total_blobs=2570 nmethods=2184 adapters=299
 compilation: enabled

Compilation events (10 events):
Event: 4.587 Thread 0x00007fa0b00b0800 nmethod 1867 0x00007fa0a1720510 code [0x00007fa0a1720f40, 0x00007fa0a1728d10]
Event: 4.587 Thread 0x00007fa0b00b0800 2176       4       java.lang.StringBuilder::append (8 bytes)
Event: 4.594 Thread 0x00007fa0b00b0800 nmethod 2176 0x00007fa0a171cb10 code [0x00007fa0a171cc80, 0x00007fa0a171d0c8]
Event: 4.594 Thread 0x00007fa0b00b0800 2172       4       java.util.AbstractSet::<init> (5 bytes)
Event: 4.594 Thread 0x00007fa0b00b0800 nmethod 2172 0x00007fa0a16a6d10 code [0x00007fa0a16a6e60, 0x00007fa0a16a6eb8]
Event: 4.594 Thread 0x00007fa0b00b0800 2166       4       java.util.LinkedHashMap$LinkedKeyIterator::next (8 bytes)
Event: 4.595 Thread 0x00007fa0b00b0800 nmethod 2166 0x00007fa0a171d4d0 code [0x00007fa0a171d620, 0x00007fa0a171d6f8]
Event: 4.595 Thread 0x00007fa0b00b0800 2181  s    4       java.lang.StringBuffer::toString (36 bytes)
Event: 4.600 Thread 0x00007fa0b00b0800 nmethod 2181 0x00007fa0a171e750 code [0x00007fa0a171e8c0, 0x00007fa0a171ee18]
Event: 4.762 Thread 0x00007fa0b00b3800 nmethod 2164 0x00007fa0a173ec50 code [0x00007fa0a173f720, 0x00007fa0a1747428]

GC Heap History (8 events):
Event: 2.035 GC heap before
{Heap before GC invocations=1 (full 0):
 PSYoungGen      total 36864K, used 31744K [0x00000000d6e00000, 0x00000000d9700000, 0x0000000100000000)
  eden space 31744K, 100% used [0x00000000d6e00000,0x00000000d8d00000,0x00000000d8d00000)
  from space 5120K, 0% used [0x00000000d9200000,0x00000000d9200000,0x00000000d9700000)
  to   space 5120K, 0% used [0x00000000d8d00000,0x00000000d8d00000,0x00000000d9200000)
 ParOldGen       total 84992K, used 0K [0x0000000084a00000, 0x0000000089d00000, 0x00000000d6e00000)
  object space 84992K, 0% used [0x0000000084a00000,0x0000000084a00000,0x0000000089d00000)
 Metaspace       used 6661K, capacity 6722K, committed 7040K, reserved 1056768K
  class space    used 738K, capacity 787K, committed 896K, reserved 1048576K
Event: 2.042 GC heap after
Heap after GC invocations=1 (full 0):
 PSYoungGen      total 36864K, used 5113K [0x00000000d6e00000, 0x00000000d9700000, 0x0000000100000000)
  eden space 31744K, 0% used [0x00000000d6e00000,0x00000000d6e00000,0x00000000d8d00000)
  from space 5120K, 99% used [0x00000000d8d00000,0x00000000d91fe708,0x00000000d9200000)
  to   space 5120K, 0% used [0x00000000d9200000,0x00000000d9200000,0x00000000d9700000)
 ParOldGen       total 84992K, used 881K [0x0000000084a00000, 0x0000000089d00000, 0x00000000d6e00000)
  object space 84992K, 1% used [0x0000000084a00000,0x0000000084adc560,0x0000000089d00000)
 Metaspace       used 6661K, capacity 6722K, committed 7040K, reserved 1056768K
  class space    used 738K, capacity 787K, committed 896K, reserved 1048576K
}
Event: 2.556 GC heap before
{Heap before GC invocations=2 (full 0):
 PSYoungGen      total 36864K, used 36857K [0x00000000d6e00000, 0x00000000d9700000, 0x0000000100000000)
  eden space 31744K, 100% used [0x00000000d6e00000,0x00000000d8d00000,0x00000000d8d00000)
  from space 5120K, 99% used [0x00000000d8d00000,0x00000000d91fe708,0x00000000d9200000)
  to   space 5120K, 0% used [0x00000000d9200000,0x00000000d9200000,0x00000000d9700000)
 ParOldGen       total 84992K, used 881K [0x0000000084a00000, 0x0000000089d00000, 0x00000000d6e00000)
  object space 84992K, 1% used [0x0000000084a00000,0x0000000084adc560,0x0000000089d00000)
 Metaspace       used 10502K, capacity 10600K, committed 10880K, reserved 1058816K
  class space    used 1314K, capacity 1332K, committed 1408K, reserved 1048576K
Event: 2.598 GC heap after
Heap after GC invocations=2 (full 0):
 PSYoungGen      total 36864K, used 5104K [0x00000000d6e00000, 0x00000000db600000, 0x0000000100000000)
  eden space 31744K, 0% used [0x00000000d6e00000,0x00000000d6e00000,0x00000000d8d00000)
  from space 5120K, 99% used [0x00000000d9200000,0x00000000d96fc030,0x00000000d9700000)
  to   space 5120K, 0% used [0x00000000d8d00000,0x00000000d8d00000,0x00000000d9200000)
 ParOldGen       total 84992K, used 4360K [0x0000000084a00000, 0x0000000089d00000, 0x00000000d6e00000)
  object space 84992K, 5% used [0x0000000084a00000,0x0000000084e423e8,0x0000000089d00000)
 Metaspace       used 10502K, capacity 10600K, committed 10880K, reserved 1058816K
  class space    used 1314K, capacity 1332K, committed 1408K, reserved 1048576K
}
Event: 3.011 GC heap before
{Heap before GC invocations=3 (full 0):
 PSYoungGen      total 36864K, used 36848K [0x00000000d6e00000, 0x00000000db600000, 0x0000000100000000)
  eden space 31744K, 100% used [0x00000000d6e00000,0x00000000d8d00000,0x00000000d8d00000)
  from space 5120K, 99% used [0x00000000d9200000,0x00000000d96fc030,0x00000000d9700000)
  to   space 5120K, 0% used [0x00000000d8d00000,0x00000000d8d00000,0x00000000d9200000)
 ParOldGen       total 84992K, used 4360K [0x0000000084a00000, 0x0000000089d00000, 0x00000000d6e00000)
  object space 84992K, 5% used [0x0000000084a00000,0x0000000084e423e8,0x0000000089d00000)
 Metaspace       used 12597K, capacity 12742K, committed 12928K, reserved 1060864K
  class space    used 1608K, capacity 1657K, committed 1664K, reserved 1048576K
Event: 3.036 GC heap after
Heap after GC invocations=3 (full 0):
 PSYoungGen      total 36864K, used 5104K [0x00000000d6e00000, 0x00000000db600000, 0x0000000100000000)
  eden space 31744K, 0% used [0x00000000d6e00000,0x00000000d6e00000,0x00000000d8d00000)
  from space 5120K, 99% used [0x00000000d8d00000,0x00000000d91fc010,0x00000000d9200000)
  to   space 5120K, 0% used [0x00000000db100000,0x00000000db100000,0x00000000db600000)
 ParOldGen       total 84992K, used 7696K [0x0000000084a00000, 0x0000000089d00000, 0x00000000d6e00000)
  object space 84992K, 9% used [0x0000000084a00000,0x00000000851843a8,0x0000000089d00000)
 Metaspace       used 12597K, capacity 12742K, committed 12928K, reserved 1060864K
  class space    used 1608K, capacity 1657K, committed 1664K, reserved 1048576K
}
Event: 3.519 GC heap before
{Heap before GC invocations=4 (full 0):
 PSYoungGen      total 36864K, used 36848K [0x00000000d6e00000, 0x00000000db600000, 0x0000000100000000)
  eden space 31744K, 100% used [0x00000000d6e00000,0x00000000d8d00000,0x00000000d8d00000)
  from space 5120K, 99% used [0x00000000d8d00000,0x00000000d91fc010,0x00000000d9200000)
  to   space 5120K, 0% used [0x00000000db100000,0x00000000db100000,0x00000000db600000)
 ParOldGen       total 84992K, used 7696K [0x0000000084a00000, 0x0000000089d00000, 0x00000000d6e00000)
  object space 84992K, 9% used [0x0000000084a00000,0x00000000851843a8,0x0000000089d00000)
 Metaspace       used 15215K, capacity 15314K, committed 15616K, reserved 1062912K
  class space    used 2000K, capacity 2043K, committed 2048K, reserved 1048576K
Event: 3.540 GC heap after
Heap after GC invocations=4 (full 0):
 PSYoungGen      total 68608K, used 5088K [0x00000000d6e00000, 0x00000000db600000, 0x0000000100000000)
  eden space 63488K, 0% used [0x00000000d6e00000,0x00000000d6e00000,0x00000000dac00000)
  from space 5120K, 99% used [0x00000000db100000,0x00000000db5f8020,0x00000000db600000)
  to   space 5120K, 0% used [0x00000000dac00000,0x00000000dac00000,0x00000000db100000)
 ParOldGen       total 84992K, used 10828K [0x0000000084a00000, 0x0000000089d00000, 0x00000000d6e00000)
  object space 84992K, 12% used [0x0000000084a00000,0x00000000854933a8,0x0000000089d00000)
 Metaspace       used 15215K, capacity 15314K, committed 15616K, reserved 1062912K
  class space    used 2000K, capacity 2043K, committed 2048K, reserved 1048576K
}

Deoptimization events (10 events):
Event: 3.955 Thread 0x00007fa0b000d800 Uncommon trap: reason=array_check action=maybe_recompile pc=0x00007fa0a15f8648 method=org.eclipse.emf.common.util.BasicEList.assign(ILjava/lang/Object;)Ljava/lang/Object; @ 6
Event: 3.955 Thread 0x00007fa0b000d800 Uncommon trap: reason=array_check action=maybe_recompile pc=0x00007fa0a15f8648 method=org.eclipse.emf.common.util.BasicEList.assign(ILjava/lang/Object;)Ljava/lang/Object; @ 6
Event: 3.955 Thread 0x00007fa0b000d800 Uncommon trap: reason=array_check action=maybe_recompile pc=0x00007fa0a15f8648 method=org.eclipse.emf.common.util.BasicEList.assign(ILjava/lang/Object;)Ljava/lang/Object; @ 6
Event: 3.955 Thread 0x00007fa0b000d800 Uncommon trap: reason=array_check action=maybe_recompile pc=0x00007fa0a15f8648 method=org.eclipse.emf.common.util.BasicEList.assign(ILjava/lang/Object;)Ljava/lang/Object; @ 6
Event: 4.025 Thread 0x00007fa0b000d800 Uncommon trap: reason=unstable_if action=reinterpret pc=0x00007fa0a15f5704 method=java.util.HashMap.hash(Ljava/lang/Object;)I @ 1
Event: 4.025 Thread 0x00007fa0b000d800 Uncommon trap: reason=unstable_if action=reinterpret pc=0x00007fa0a120d170 method=java.util.HashMap.hash(Ljava/lang/Object;)I @ 1
Event: 4.029 Thread 0x00007fa0b000d800 Uncommon trap: reason=unstable_if action=reinterpret pc=0x00007fa0a13d7694 method=java.util.HashMap.hash(Ljava/lang/Object;)I @ 1
Event: 4.123 Thread 0x00007fa0b000d800 Uncommon trap: reason=bimorphic action=maybe_recompile pc=0x00007fa0a1551894 method=org.eclipse.emf.ecore.util.EContentsEList$FeatureIteratorImpl.hasNext()Z @ 279
Event: 4.123 Thread 0x00007fa0b000d800 Uncommon trap: reason=bimorphic action=maybe_recompile pc=0x00007fa0a1551894 method=org.eclipse.emf.ecore.util.EContentsEList$FeatureIteratorImpl.hasNext()Z @ 279
Event: 22365.448 Thread 0x00007fa0b000d800 Uncommon trap: reason=null_check action=make_not_entrant pc=0x00007fa0a16a62ec method=java.lang.StringCoding.deref(Ljava/lang/ThreadLocal;)Ljava/lang/Object; @ 4

Internal exceptions (10 events):
Event: 22305.323 Thread 0x00007fa0b000d800 Exception <a 'java/io/IOException'> (0x00000000d923ba10) thrown at [/build/openjdk-8-YiEakL/openjdk-8-8u121-b13/src/hotspot/src/share/vm/prims/jni.cpp, line 709]
Event: 22305.323 Thread 0x00007fa0b000d800 Exception <a 'java/io/IOException'> (0x00000000d923bca8) thrown at [/build/openjdk-8-YiEakL/openjdk-8-8u121-b13/src/hotspot/src/share/vm/prims/jni.cpp, line 709]
Event: 22305.458 Thread 0x00007fa0b000d800 Exception <a 'java/io/IOException'> (0x00000000d923bf10) thrown at [/build/openjdk-8-YiEakL/openjdk-8-8u121-b13/src/hotspot/src/share/vm/prims/jni.cpp, line 709]
Event: 22314.205 Thread 0x00007fa0b000d800 Exception <a 'java/io/IOException'> (0x00000000d923c700) thrown at [/build/openjdk-8-YiEakL/openjdk-8-8u121-b13/src/hotspot/src/share/vm/prims/jni.cpp, line 709]
Event: 22314.476 Thread 0x00007fa0b000d800 Exception <a 'java/io/IOException'> (0x00000000d923c998) thrown at [/build/openjdk-8-YiEakL/openjdk-8-8u121-b13/src/hotspot/src/share/vm/prims/jni.cpp, line 709]
Event: 22314.476 Thread 0x00007fa0b000d800 Exception <a 'java/io/IOException'> (0x00000000d923cc00) thrown at [/build/openjdk-8-YiEakL/openjdk-8-8u121-b13/src/hotspot/src/share/vm/prims/jni.cpp, line 709]
Event: 22314.503 Thread 0x00007fa0b000d800 Exception <a 'java/io/IOException'> (0x00000000d923d1b8) thrown at [/build/openjdk-8-YiEakL/openjdk-8-8u121-b13/src/hotspot/src/share/vm/prims/jni.cpp, line 709]
Event: 22314.503 Thread 0x00007fa0b000d800 Exception <a 'java/io/IOException'> (0x00000000d923d450) thrown at [/build/openjdk-8-YiEakL/openjdk-8-8u121-b13/src/hotspot/src/share/vm/prims/jni.cpp, line 709]
Event: 22314.503 Thread 0x00007fa0b000d800 Exception <a 'java/io/IOException'> (0x00000000d923d6b8) thrown at [/build/openjdk-8-YiEakL/openjdk-8-8u121-b13/src/hotspot/src/share/vm/prims/jni.cpp, line 709]
Event: 22365.367 Thread 0x00007fa0b000d800 Implicit null exception at 0x00007fa0a16a5ccd to 0x00007fa0a16a62d5

Events (10 events):
Event: 22319.014 Thread 0x00007fa0b000d800 Thread exited: 0x00007fa0b000d800
Event: 22320.906 Thread 0x00007fa0b000d800 Thread added: 0x00007fa0b000d800
Event: 22324.676 loading class java/util/IdentityHashMap$KeyIterator
Event: 22326.336 loading class java/util/IdentityHashMap$KeyIterator done
Event: 22327.361 Thread 0x00007fa0b0533800 Thread added: 0x00007fa0b0533800
Event: 22346.376 Thread 0x00007fa0b0533800 Thread exited: 0x00007fa0b0533800
Event: 22365.448 Thread 0x00007fa0b000d800 Uncommon trap: trap_request=0xfffffff4 fr.pc=0x00007fa0a16a62ec
Event: 22365.522 Thread 0x00007fa0b000d800 DEOPT PACKING pc=0x00007fa0a16a62ec sp=0x00007fa0b98a11c0
Event: 22365.522 Thread 0x00007fa0b000d800 DEOPT UNPACKING pc=0x00007fa0a1004f69 sp=0x00007fa0b98a10c0 mode 2
Event: 22371.312 Thread 0x00007fa0b000d800 Thread exited: 0x00007fa0b000d800


Dynamic libraries:
00400000-00401000 r-xp 00000000 08:09 7087821                            /usr/lib/jvm/java-8-openjdk-amd64/jre/bin/java
00600000-00601000 r--p 00000000 08:09 7087821                            /usr/lib/jvm/java-8-openjdk-amd64/jre/bin/java
00601000-00602000 rw-p 00001000 08:09 7087821                            /usr/lib/jvm/java-8-openjdk-amd64/jre/bin/java
01456000-01477000 rw-p 00000000 00:00 0                                  [heap]
84a00000-89d00000 rw-p 00000000 00:00 0 
89d00000-d6e00000 ---p 00000000 00:00 0 
d6e00000-db600000 rw-p 00000000 00:00 0 
db600000-100000000 ---p 00000000 00:00 0 
100000000-100280000 rw-p 00000000 00:00 0 
100280000-140000000 ---p 00000000 00:00 0 
7fa054000000-7fa054021000 rw-p 00000000 00:00 0 
7fa054021000-7fa058000000 ---p 00000000 00:00 0 
7fa05c000000-7fa05c021000 rw-p 00000000 00:00 0 
7fa05c021000-7fa060000000 ---p 00000000 00:00 0 
7fa060000000-7fa060021000 rw-p 00000000 00:00 0 
7fa060021000-7fa064000000 ---p 00000000 00:00 0 
7fa064000000-7fa064021000 rw-p 00000000 00:00 0 
7fa064021000-7fa068000000 ---p 00000000 00:00 0 
7fa068000000-7fa068021000 rw-p 00000000 00:00 0 
7fa068021000-7fa06c000000 ---p 00000000 00:00 0 
7fa06c000000-7fa06d3bc000 rw-p 00000000 00:00 0 
7fa06d3bc000-7fa070000000 ---p 00000000 00:00 0 
7fa070000000-7fa070580000 rw-p 00000000 00:00 0 
7fa070580000-7fa074000000 ---p 00000000 00:00 0 
7fa074000000-7fa074021000 rw-p 00000000 00:00 0 
7fa074021000-7fa078000000 ---p 00000000 00:00 0 
7fa078000000-7fa078fbf000 rw-p 00000000 00:00 0 
7fa078fbf000-7fa07c000000 ---p 00000000 00:00 0 
7fa07c000000-7fa07c021000 rw-p 00000000 00:00 0 
7fa07c021000-7fa080000000 ---p 00000000 00:00 0 
7fa080000000-7fa080021000 rw-p 00000000 00:00 0 
7fa080021000-7fa084000000 ---p 00000000 00:00 0 
7fa084000000-7fa084021000 rw-p 00000000 00:00 0 
7fa084021000-7fa088000000 ---p 00000000 00:00 0 
7fa088000000-7fa088021000 rw-p 00000000 00:00 0 
7fa088021000-7fa08c000000 ---p 00000000 00:00 0 
7fa08c000000-7fa08c021000 rw-p 00000000 00:00 0 
7fa08c021000-7fa090000000 ---p 00000000 00:00 0 
7fa09235c000-7fa09235f000 ---p 00000000 00:00 0 
7fa09235f000-7fa09251d000 rw-p 00000000 00:00 0 
7fa09251d000-7fa09265d000 ---p 00000000 00:00 0 
7fa09265d000-7fa0926d2000 r-xp 00000000 08:09 26881534                   /home/hrishi/workspace/Console/.jnimap.temp.linux_64/libgmp.so.10 (deleted)
7fa0926d2000-7fa0928d1000 ---p 00075000 08:09 26881534                   /home/hrishi/workspace/Console/.jnimap.temp.linux_64/libgmp.so.10 (deleted)
7fa0928d1000-7fa0928d3000 rw-p 00074000 08:09 26881534                   /home/hrishi/workspace/Console/.jnimap.temp.linux_64/libgmp.so.10 (deleted)
7fa0928d3000-7fa092a3b000 r-xp 00000000 08:09 26881532                   /home/hrishi/workspace/Console/.jnimap.temp.linux_64/libisl.so.13 (deleted)
7fa092a3b000-7fa092c3a000 ---p 00168000 08:09 26881532                   /home/hrishi/workspace/Console/.jnimap.temp.linux_64/libisl.so.13 (deleted)
7fa092c3a000-7fa092c41000 rw-p 00167000 08:09 26881532                   /home/hrishi/workspace/Console/.jnimap.temp.linux_64/libisl.so.13 (deleted)
7fa092c41000-7fa092cc6000 r-xp 00000000 08:09 26881536                   /home/hrishi/workspace/Console/.jnimap.temp.linux_64/linux_64_libjniisl.so (deleted)
7fa092cc6000-7fa092ec5000 ---p 00085000 08:09 26881536                   /home/hrishi/workspace/Console/.jnimap.temp.linux_64/linux_64_libjniisl.so (deleted)
7fa092ec5000-7fa092ec8000 rw-p 00084000 08:09 26881536                   /home/hrishi/workspace/Console/.jnimap.temp.linux_64/linux_64_libjniisl.so (deleted)
7fa092ec8000-7fa0930c8000 rw-p 00000000 00:00 0 
7fa0930c8000-7fa0932c8000 rw-p 00000000 00:00 0 
7fa0932c8000-7fa0934c8000 rw-p 00000000 00:00 0 
7fa0934c8000-7fa0934cb000 ---p 00000000 00:00 0 
7fa0934cb000-7fa0937c9000 rw-p 00000000 00:00 0 
7fa0937c9000-7fa0937cc000 ---p 00000000 00:00 0 
7fa0937cc000-7fa0938ca000 rw-p 00000000 00:00 0 
7fa0938ca000-7fa0938cd000 r--s 00015000 08:09 7085469                    /usr/lib/jvm/java-8-openjdk-amd64/jre/lib/jce.jar
7fa0938cd000-7fa0938d1000 r--s 0009a000 08:09 7085467                    /usr/lib/jvm/java-8-openjdk-amd64/jre/lib/jsse.jar
7fa0938d1000-7fa0938d4000 r--s 00014000 08:09 26516293                   /home/hrishi/.eclipse/org.eclipse.platform_4.6.0_1473617060_linux_gtk_x86_64/plugins/fr.irisa.r2d2.parser.runtime_1.0.0.201612051604.jar
7fa0938d4000-7fa0938dc000 r--s 0003c000 08:09 26516292                   /home/hrishi/.eclipse/org.eclipse.platform_4.6.0_1473617060_linux_gtk_x86_64/plugins/fr.irisa.r2d2.gecos.framework_1.0.0.201612051604.jar
7fa0938dc000-7fa0938e6000 r--s 0006c000 08:09 26516357                   /home/hrishi/.eclipse/org.eclipse.platform_4.6.0_1473617060_linux_gtk_x86_64/plugins/org.eclipse.xtext.common.types_2.10.0.v201605250459.jar
7fa0938e6000-7fa093916000 r--s 0044d000 08:09 26516369                   /home/hrishi/.eclipse/org.eclipse.platform_4.6.0_1473617060_linux_gtk_x86_64/plugins/org.eclipse.xtext.xbase_2.10.0.v201605250459.jar
7fa093916000-7fa093919000 r--s 0000f000 08:09 26516352                   /home/hrishi/.eclipse/org.eclipse.platform_4.6.0_1473617060_linux_gtk_x86_64/plugins/org.eclipse.xtend.lib.macro_2.10.0.v201605250459.jar
7fa093919000-7fa09391d000 r--s 00035000 08:09 26516351                   /home/hrishi/.eclipse/org.eclipse.platform_4.6.0_1473617060_linux_gtk_x86_64/plugins/org.eclipse.xtend.lib_2.10.0.v201605250459.jar
7fa09391d000-7fa09391e000 r--s 00001000 08:09 26516354                   /home/hrishi/.eclipse/org.eclipse.platform_4.6.0_1473617060_linux_gtk_x86_64/plugins/org.eclipse.xtend2.lib_2.10.0.v201605250459.jar
7fa09391e000-7fa093924000 r--s 0003f000 08:09 26516368                   /home/hrishi/.eclipse/org.eclipse.platform_4.6.0_1473617060_linux_gtk_x86_64/plugins/org.eclipse.xtext.util_2.10.0.v201605250459.jar
7fa093924000-7fa093955000 r--s 0024b000 08:09 26516355                   /home/hrishi/.eclipse/org.eclipse.platform_4.6.0_1473617060_linux_gtk_x86_64/plugins/org.eclipse.xtext_2.10.0.v201605250459.jar
7fa093955000-7fa09395d000 r--s 00061000 08:09 26516277                   /home/hrishi/.eclipse/org.eclipse.platform_4.6.0_1473617060_linux_gtk_x86_64/plugins/edu.csu.melange.alphabets_0.9.6.201612051604.jar
7fa09395d000-7fa09395e000 r--s 00008000 08:09 26516336                   /home/hrishi/.eclipse/org.eclipse.platform_4.6.0_1473617060_linux_gtk_x86_64/plugins/org.polymodel.scop.cgenerator2_1.0.0.201612051604.jar
7fa09395e000-7fa093961000 r--s 00024000 08:09 26516337                   /home/hrishi/.eclipse/org.eclipse.platform_4.6.0_1473617060_linux_gtk_x86_64/plugins/org.polymodel.scop.dtiler_1.0.0.201612051604.jar
7fa093961000-7fa093962000 r--s 00001000 08:09 26516335                   /home/hrishi/.eclipse/org.eclipse.platform_4.6.0_1473617060_linux_gtk_x86_64/plugins/org.polymodel.scop.bridge.clast_1.0.0.201612051604.jar
7fa093962000-7fa093967000 r--s 0002a000 08:09 26516334                   /home/hrishi/.eclipse/org.eclipse.platform_4.6.0_1473617060_linux_gtk_x86_64/plugins/org.polymodel.scop_1.0.0.201612051604.jar
7fa093967000-7fa09397a000 r--s 0012e000 08:09 26516300                   /home/hrishi/.eclipse/org.eclipse.platform_4.6.0_1473617060_linux_gtk_x86_64/plugins/org.polymodel.polyhedralIR.codegen_1.0.0.201612051604.jar
7fa09397a000-7fa09397d000 r--s 008e1000 08:09 26516287                   /home/hrishi/.eclipse/org.eclipse.platform_4.6.0_1473617060_linux_gtk_x86_64/plugins/fr.irisa.cairn.jnimap.cloog_1.0.0.201612051604.jar
7fa09397d000-7fa093981000 r--s 00031000 08:09 26516341                   /home/hrishi/.eclipse/org.eclipse.platform_4.6.0_1473617060_linux_gtk_x86_64/plugins/org.antlr.runtime_3.2.0.v201101311130.jar
7fa093981000-7fa093982000 r--s 00011000 08:09 10748494                   /opt/eclipse/plugins/org.apache.commons.logging_1.1.1.v201101211721.jar
7fa093982000-7fa09398a000 r--s 0005e000 08:09 10748531                   /opt/eclipse/plugins/org.apache.log4j_1.2.15.v201012070815.jar
7fa09398a000-7fa09398c000 r--s 00008000 08:09 26516346                   /home/hrishi/.eclipse/org.eclipse.platform_4.6.0_1473617060_linux_gtk_x86_64/plugins/org.eclipse.emf.mwe.utils_1.3.20.v201605261103.jar
7fa09398c000-7fa09398d000 r--s 00003000 08:09 26516348                   /home/hrishi/.eclipse/org.eclipse.platform_4.6.0_1473617060_linux_gtk_x86_64/plugins/org.eclipse.emf.mwe2.runtime_2.9.0.v201605261103.jar
7fa09398d000-7fa09398e000 r--s 0000b000 08:09 26516339                   /home/hrishi/.eclipse/org.eclipse.platform_4.6.0_1473617060_linux_gtk_x86_64/plugins/org.apache.commons.cli_1.2.0.v201404270220.jar
7fa09398e000-7fa093994000 r--s 0002a000 08:09 26516345                   /home/hrishi/.eclipse/org.eclipse.platform_4.6.0_1473617060_linux_gtk_x86_64/plugins/org.eclipse.emf.mwe.core_1.3.20.v201605261103.jar
7fa093994000-7fa093996000 r--s 00009000 08:09 26516279                   /home/hrishi/.eclipse/org.eclipse.platform_4.6.0_1473617060_linux_gtk_x86_64/plugins/edu.csu.melange.affineLattice_1.0.0.jar
7fa093996000-7fa093998000 r--s 00000000 08:09 26516338                   /home/hrishi/.eclipse/org.eclipse.platform_4.6.0_1473617060_linux_gtk_x86_64/plugins/tom.mapping_1.0.0.201612051604.jar
7fa093998000-7fa09399f000 r--s 0004d000 08:09 26516333                   /home/hrishi/.eclipse/org.eclipse.platform_4.6.0_1473617060_linux_gtk_x86_64/plugins/org.polymodel.prdg.scheduling_1.0.0.201612051604.jar
7fa09399f000-7fa0939a2000 r--s 0001f000 08:09 26516370                   /home/hrishi/.eclipse/org.eclipse.platform_4.6.0_1473617060_linux_gtk_x86_64/plugins/org.eclipse.xtext.xbase.lib_2.10.0.v201605250459.jar
7fa0939a2000-7fa0939a4000 r--s 00004000 08:09 26516299                   /home/hrishi/.eclipse/org.eclipse.platform_4.6.0_1473617060_linux_gtk_x86_64/plugins/org.polymodel.matrix_1.0.0.201612051604.jar
7fa0939a4000-7fa0939a6000 r--s 00005000 08:09 26516332                   /home/hrishi/.eclipse/org.eclipse.platform_4.6.0_1473617060_linux_gtk_x86_64/plugins/org.polymodel.prdg.adapter_1.0.0.201612051604.jar
7fa0939a6000-7fa0939a8000 r--s 00009000 08:09 26516301                   /home/hrishi/.eclipse/org.eclipse.platform_4.6.0_1473617060_linux_gtk_x86_64/plugins/org.polymodel.prdg_1.0.0.201612051604.jar
7fa0939a8000-7fa0939aa000 r--s 00013000 08:09 26516297                   /home/hrishi/.eclipse/org.eclipse.platform_4.6.0_1473617060_linux_gtk_x86_64/plugins/org.polymodel.isl_1.0.0.201612051604.jar
7fa0939aa000-7fa0939b4000 r--s 000a4000 08:09 26516295                   /home/hrishi/.eclipse/org.eclipse.platform_4.6.0_1473617060_linux_gtk_x86_64/plugins/org.polymodel.algebra_1.0.0.201612051604.jar
7fa0939b4000-7fa0939b7000 r--s 0002b000 08:09 26516294                   /home/hrishi/.eclipse/org.eclipse.platform_4.6.0_1473617060_linux_gtk_x86_64/plugins/org.polymodel_1.0.0.201612051604.jar
7fa0939b7000-7fa0939e1000 r--s 001ff000 08:09 10749007                   /opt/eclipse/plugins/com.google.guava_15.0.0.v201403281430.jar
7fa0939e1000-7fa0939e2000 r--s 0000f000 08:09 28708338                   /home/hrishi/.eclipse/org.eclipse.platform_4.6.0_1473617060_linux_gtk_x86_64/plugins/fr.irisa.cairn.tools_1.0.0.201612051604/lib/javatuples-1.2.jar
7fa0939e2000-7fa0939e3000 r--s 0000b000 08:09 28708337                   /home/hrishi/.eclipse/org.eclipse.platform_4.6.0_1473617060_linux_gtk_x86_64/plugins/fr.irisa.cairn.tools_1.0.0.201612051604/lib/javatuples-1.2-sources.jar
7fa0939e3000-7fa0939e6000 r--s 00037000 08:09 28708336                   /home/hrishi/.eclipse/org.eclipse.platform_4.6.0_1473617060_linux_gtk_x86_64/plugins/fr.irisa.cairn.tools_1.0.0.201612051604/lib/javatuples-1.2-javadoc.jar
7fa0939e6000-7fa0939e7000 r--s 00000000 08:09 26516289                   /home/hrishi/.eclipse/org.eclipse.platform_4.6.0_1473617060_linux_gtk_x86_64/plugins/fr.irisa.cairn.jnimap.runtime_1.0.0.201612051604.jar
7fa0939e7000-7fa0939ec000 r--s 00b6c000 08:09 26516288                   /home/hrishi/.eclipse/org.eclipse.platform_4.6.0_1473617060_linux_gtk_x86_64/plugins/fr.irisa.cairn.jnimap.isl_2.1.0.201612051604.jar
7fa0939ec000-7fa0939ee000 r--s 00007000 08:09 26516286                   /home/hrishi/.eclipse/org.eclipse.platform_4.6.0_1473617060_linux_gtk_x86_64/plugins/fr.irisa.cairn.graph.guice_1.0.0.201612051604.jar
7fa0939ee000-7fa0939f9000 r--s 00077000 08:09 10748760                   /opt/eclipse/plugins/com.google.inject_3.0.0.v201605172100.jar
7fa0939f9000-7fa093a11000 r--s 0015b000 08:09 28061747                   /home/hrishi/.eclipse/org.eclipse.platform_4.6.0_1473617060_linux_gtk_x86_64/plugins/fr.irisa.cairn.graph_1.0.0.201612051604/lib/jgrapht-ext-0.9.1-uber.jar
7fa093a11000-7fa093a41000 rw-p 00000000 00:00 0 
7fa093a41000-7fa093b71000 r--s 010bc000 08:09 28708362                   /home/hrishi/.eclipse/org.eclipse.platform_4.6.0_1473617060_linux_gtk_x86_64/plugins/fr.irisa.cairn.eclipse.tom_2.10.0.201612051604/libs/aircube-bundle.jar
7fa093b71000-7fa093b75000 r--s 00035000 08:09 10748985                   /opt/eclipse/plugins/org.eclipse.emf.ecore.xmi_2.12.0.v20160420-0247.jar
7fa093b75000-7fa093b7c000 r--s 00051000 08:09 10748503                   /opt/eclipse/plugins/org.eclipse.emf.common_2.12.0.v20160420-0247.jar
7fa093b7c000-7fa093b8e000 r--s 00111000 08:09 10748217                   /opt/eclipse/plugins/org.eclipse.emf.ecore_2.12.0.v20160420-0247.jar
7fa093b8e000-7fa093b93000 r--s 00030000 08:09 10748396                   /opt/eclipse/plugins/org.eclipse.ui.console_3.6.200.v20160518-1858.jar
7fa093b93000-7fa093bd5000 r--s 00398000 08:09 10748311                   /opt/eclipse/plugins/org.eclipse.ui.workbench_3.108.0.v20160602-1232.jar
7fa093bd5000-7fa093be7000 r--s 000f8000 08:09 10748780                   /opt/eclipse/plugins/org.eclipse.jface_3.12.0.v20160518-1929.jar
7fa093be7000-7fa093bfc000 r--s 0028f000 08:09 10748863                   /opt/eclipse/plugins/org.eclipse.swt.gtk.linux.x86_64_3.105.0.v20160603-0902.jar
7fa093bfc000-7fa093bfd000 ---p 00000000 00:00 0 
7fa093bfd000-7fa093cfd000 rw-p 00000000 00:00 0 
7fa093cfd000-7fa093d00000 ---p 00000000 00:00 0 
7fa093d00000-7fa093dfe000 rw-p 00000000 00:00 0 
7fa093dfe000-7fa093e01000 ---p 00000000 00:00 0 
7fa093e01000-7fa093eff000 rw-p 00000000 00:00 0 
7fa093eff000-7fa093f02000 ---p 00000000 00:00 0 
7fa093f02000-7fa094000000 rw-p 00000000 00:00 0 
7fa094000000-7fa094021000 rw-p 00000000 00:00 0 
7fa094021000-7fa098000000 ---p 00000000 00:00 0 
7fa098000000-7fa098002000 r--s 00009000 08:09 10748202                   /opt/eclipse/plugins/com.google.inject.multibindings_3.0.0.v201605172100.jar
7fa098002000-7fa098003000 r--s 00002000 08:09 10748530                   /opt/eclipse/plugins/org.eclipse.e4.ui.workbench3_0.13.100.v20160506-0759.jar
7fa098003000-7fa098007000 r--s 00019000 08:09 10748602                   /opt/eclipse/plugins/org.eclipse.core.commands_3.8.0.v20160316-1921.jar
7fa098007000-7fa098010000 r--s 00058000 08:09 10748604                   /opt/eclipse/plugins/org.eclipse.ui_3.108.0.v20160518-1929.jar
7fa098010000-7fa098012000 r--s 00014000 08:09 10748222                   /opt/eclipse/plugins/org.eclipse.equinox.app_1.3.400.v20150715-1528.jar
7fa098012000-7fa098014000 r--s 00017000 08:09 10748774                   /opt/eclipse/plugins/org.eclipse.core.contenttype_3.5.100.v20160418-1621.jar
7fa098014000-7fa098017000 r--s 0001e000 08:09 10748508                   /opt/eclipse/plugins/org.eclipse.equinox.preferences_3.6.0.v20160120-1756.jar
7fa098017000-7fa09801b000 r--s 0002a000 08:09 10749014                   /opt/eclipse/plugins/org.eclipse.equinox.registry_3.6.100.v20160223-2218.jar
7fa09801b000-7fa09801e000 r--s 00019000 08:09 10748931                   /opt/eclipse/plugins/org.eclipse.core.jobs_3.8.0.v20160509-0411.jar
7fa09801e000-7fa098021000 r--s 0001b000 08:09 10748983                   /opt/eclipse/plugins/org.eclipse.equinox.common_3.8.0.v20160509-1230.jar
7fa098021000-7fa098024000 r--s 00039000 08:09 10748174                   /opt/eclipse/plugins/org.eclipse.osgi.compatibility.state_1.0.200.v20160504-1419.jar
7fa098024000-7fa098039000 r--s 0013d000 08:09 10748755                   /opt/eclipse/plugins/org.eclipse.osgi_3.11.0.v20160603-1336.jar
7fa098039000-7fa09803b000 r--s 00003000 08:09 10748526                   /opt/eclipse/plugins/javax.inject_1.0.0.v20091030.jar
7fa09803b000-7fa09803d000 r--s 00011000 08:09 10748883                   /opt/eclipse/plugins/org.eclipse.core.runtime_3.12.0.v20160606-1342.jar
7fa09803d000-7fa098041000 r--s 00037000 08:09 7085460                    /usr/lib/jvm/java-8-openjdk-amd64/jre/lib/ext/sunpkcs11.jar
7fa098041000-7fa098044000 r--s 0000f000 08:09 7085457                    /usr/lib/jvm/java-8-openjdk-amd64/jre/lib/ext/icedtea-sound.jar
7fa098044000-7fa09804e000 r--s 00116000 08:09 7085461                    /usr/lib/jvm/java-8-openjdk-amd64/jre/lib/ext/localedata.jar
7fa09804e000-7fa098051000 ---p 00000000 00:00 0 
7fa098051000-7fa09814f000 rw-p 00000000 00:00 0 
7fa09814f000-7fa098152000 ---p 00000000 00:00 0 
7fa098152000-7fa09c000000 rw-p 00000000 00:00 0 
7fa09c000000-7fa09c021000 rw-p 00000000 00:00 0 
7fa09c021000-7fa0a0000000 ---p 00000000 00:00 0 
7fa0a0000000-7fa0a001b000 r--s 001d6000 08:09 7085455                    /usr/lib/jvm/java-8-openjdk-amd64/jre/lib/ext/nashorn.jar
7fa0a001b000-7fa0a02f3000 r--p 00000000 08:09 2887360                    /usr/lib/locale/locale-archive
7fa0a02f3000-7fa0a02f6000 ---p 00000000 00:00 0 
7fa0a02f6000-7fa0a03f4000 rw-p 00000000 00:00 0 
7fa0a03f4000-7fa0a03f7000 ---p 00000000 00:00 0 
7fa0a03f7000-7fa0a04f5000 rw-p 00000000 00:00 0 
7fa0a04f5000-7fa0a04f6000 ---p 00000000 00:00 0 
7fa0a04f6000-7fa0a1000000 rw-p 00000000 00:00 0 
7fa0a1000000-7fa0a1760000 rwxp 00000000 00:00 0 
7fa0a1760000-7fa0b0000000 ---p 00000000 00:00 0 
7fa0b0000000-7fa0b0a55000 rw-p 00000000 00:00 0 
7fa0b0a55000-7fa0b4000000 ---p 00000000 00:00 0 
7fa0b4000000-7fa0b4005000 r--s 0003b000 08:09 7085462                    /usr/lib/jvm/java-8-openjdk-amd64/jre/lib/ext/sunjce_provider.jar
7fa0b4005000-7fa0b45db000 rw-p 00000000 00:00 0 
7fa0b45db000-7fa0b47a9000 r--s 03c06000 08:09 7087811                    /usr/lib/jvm/java-8-openjdk-amd64/jre/lib/rt.jar
7fa0b47a9000-7fa0b53fa000 rw-p 00000000 00:00 0 
7fa0b53fa000-7fa0b53fb000 ---p 00000000 00:00 0 
7fa0b53fb000-7fa0b54fb000 rw-p 00000000 00:00 0 
7fa0b54fb000-7fa0b54fc000 ---p 00000000 00:00 0 
7fa0b54fc000-7fa0b55fc000 rw-p 00000000 00:00 0 
7fa0b55fc000-7fa0b55fd000 ---p 00000000 00:00 0 
7fa0b55fd000-7fa0b56fd000 rw-p 00000000 00:00 0 
7fa0b56fd000-7fa0b56fe000 ---p 00000000 00:00 0 
7fa0b56fe000-7fa0b5828000 rw-p 00000000 00:00 0 
7fa0b5828000-7fa0b5a90000 ---p 00000000 00:00 0 
7fa0b5a90000-7fa0b5aba000 rw-p 00000000 00:00 0 
7fa0b5aba000-7fa0b5d22000 ---p 00000000 00:00 0 
7fa0b5d22000-7fa0b5d46000 rw-p 00000000 00:00 0 
7fa0b5d46000-7fa0b5e6b000 ---p 00000000 00:00 0 
7fa0b5e6b000-7fa0b5e8a000 rw-p 00000000 00:00 0 
7fa0b5e8a000-7fa0b622c000 ---p 00000000 00:00 0 
7fa0b622c000-7fa0b6234000 r-xp 00000000 08:09 7085419                    /usr/lib/jvm/java-8-openjdk-amd64/jre/lib/amd64/libzip.so
7fa0b6234000-7fa0b6433000 ---p 00008000 08:09 7085419                    /usr/lib/jvm/java-8-openjdk-amd64/jre/lib/amd64/libzip.so
7fa0b6433000-7fa0b6434000 r--p 00007000 08:09 7085419                    /usr/lib/jvm/java-8-openjdk-amd64/jre/lib/amd64/libzip.so
7fa0b6434000-7fa0b6435000 rw-p 00008000 08:09 7085419                    /usr/lib/jvm/java-8-openjdk-amd64/jre/lib/amd64/libzip.so
7fa0b6435000-7fa0b6440000 r-xp 00000000 08:09 24382890                   /lib/x86_64-linux-gnu/libnss_files-2.23.so
7fa0b6440000-7fa0b663f000 ---p 0000b000 08:09 24382890                   /lib/x86_64-linux-gnu/libnss_files-2.23.so
7fa0b663f000-7fa0b6640000 r--p 0000a000 08:09 24382890                   /lib/x86_64-linux-gnu/libnss_files-2.23.so
7fa0b6640000-7fa0b6641000 rw-p 0000b000 08:09 24382890                   /lib/x86_64-linux-gnu/libnss_files-2.23.so
7fa0b6641000-7fa0b6647000 rw-p 00000000 00:00 0 
7fa0b6647000-7fa0b6652000 r-xp 00000000 08:09 24382881                   /lib/x86_64-linux-gnu/libnss_nis-2.23.so
7fa0b6652000-7fa0b6851000 ---p 0000b000 08:09 24382881                   /lib/x86_64-linux-gnu/libnss_nis-2.23.so
7fa0b6851000-7fa0b6852000 r--p 0000a000 08:09 24382881                   /lib/x86_64-linux-gnu/libnss_nis-2.23.so
7fa0b6852000-7fa0b6853000 rw-p 0000b000 08:09 24382881                   /lib/x86_64-linux-gnu/libnss_nis-2.23.so
7fa0b6853000-7fa0b6869000 r-xp 00000000 08:09 24382883                   /lib/x86_64-linux-gnu/libnsl-2.23.so
7fa0b6869000-7fa0b6a68000 ---p 00016000 08:09 24382883                   /lib/x86_64-linux-gnu/libnsl-2.23.so
7fa0b6a68000-7fa0b6a69000 r--p 00015000 08:09 24382883                   /lib/x86_64-linux-gnu/libnsl-2.23.so
7fa0b6a69000-7fa0b6a6a000 rw-p 00016000 08:09 24382883                   /lib/x86_64-linux-gnu/libnsl-2.23.so
7fa0b6a6a000-7fa0b6a6c000 rw-p 00000000 00:00 0 
7fa0b6a6c000-7fa0b6a74000 r-xp 00000000 08:09 24382892                   /lib/x86_64-linux-gnu/libnss_compat-2.23.so
7fa0b6a74000-7fa0b6c73000 ---p 00008000 08:09 24382892                   /lib/x86_64-linux-gnu/libnss_compat-2.23.so
7fa0b6c73000-7fa0b6c74000 r--p 00007000 08:09 24382892                   /lib/x86_64-linux-gnu/libnss_compat-2.23.so
7fa0b6c74000-7fa0b6c75000 rw-p 00008000 08:09 24382892                   /lib/x86_64-linux-gnu/libnss_compat-2.23.so
7fa0b6c75000-7fa0b6ca2000 r-xp 00000000 08:09 7085444                    /usr/lib/jvm/java-8-openjdk-amd64/jre/lib/amd64/libjava.so
7fa0b6ca2000-7fa0b6ea1000 ---p 0002d000 08:09 7085444                    /usr/lib/jvm/java-8-openjdk-amd64/jre/lib/amd64/libjava.so
7fa0b6ea1000-7fa0b6ea2000 r--p 0002c000 08:09 7085444                    /usr/lib/jvm/java-8-openjdk-amd64/jre/lib/amd64/libjava.so
7fa0b6ea2000-7fa0b6ea4000 rw-p 0002d000 08:09 7085444                    /usr/lib/jvm/java-8-openjdk-amd64/jre/lib/amd64/libjava.so
7fa0b6ea4000-7fa0b6eb3000 r-xp 00000000 08:09 7085412                    /usr/lib/jvm/java-8-openjdk-amd64/jre/lib/amd64/libverify.so
7fa0b6eb3000-7fa0b70b2000 ---p 0000f000 08:09 7085412                    /usr/lib/jvm/java-8-openjdk-amd64/jre/lib/amd64/libverify.so
7fa0b70b2000-7fa0b70b4000 r--p 0000e000 08:09 7085412                    /usr/lib/jvm/java-8-openjdk-amd64/jre/lib/amd64/libverify.so
7fa0b70b4000-7fa0b70b5000 rw-p 00010000 08:09 7085412                    /usr/lib/jvm/java-8-openjdk-amd64/jre/lib/amd64/libverify.so
7fa0b70b5000-7fa0b70bc000 r-xp 00000000 08:09 24382893                   /lib/x86_64-linux-gnu/librt-2.23.so
7fa0b70bc000-7fa0b72bb000 ---p 00007000 08:09 24382893                   /lib/x86_64-linux-gnu/librt-2.23.so
7fa0b72bb000-7fa0b72bc000 r--p 00006000 08:09 24382893                   /lib/x86_64-linux-gnu/librt-2.23.so
7fa0b72bc000-7fa0b72bd000 rw-p 00007000 08:09 24382893                   /lib/x86_64-linux-gnu/librt-2.23.so
7fa0b72bd000-7fa0b72d3000 r-xp 00000000 08:09 24383888                   /lib/x86_64-linux-gnu/libgcc_s.so.1
7fa0b72d3000-7fa0b74d2000 ---p 00016000 08:09 24383888                   /lib/x86_64-linux-gnu/libgcc_s.so.1
7fa0b74d2000-7fa0b74d3000 rw-p 00015000 08:09 24383888                   /lib/x86_64-linux-gnu/libgcc_s.so.1
7fa0b74d3000-7fa0b75db000 r-xp 00000000 08:09 24382882                   /lib/x86_64-linux-gnu/libm-2.23.so
7fa0b75db000-7fa0b77da000 ---p 00108000 08:09 24382882                   /lib/x86_64-linux-gnu/libm-2.23.so
7fa0b77da000-7fa0b77db000 r--p 00107000 08:09 24382882                   /lib/x86_64-linux-gnu/libm-2.23.so
7fa0b77db000-7fa0b77dc000 rw-p 00108000 08:09 24382882                   /lib/x86_64-linux-gnu/libm-2.23.so
7fa0b77dc000-7fa0b794e000 r-xp 00000000 08:09 2888511                    /usr/lib/x86_64-linux-gnu/libstdc++.so.6.0.21
7fa0b794e000-7fa0b7b4e000 ---p 00172000 08:09 2888511                    /usr/lib/x86_64-linux-gnu/libstdc++.so.6.0.21
7fa0b7b4e000-7fa0b7b58000 r--p 00172000 08:09 2888511                    /usr/lib/x86_64-linux-gnu/libstdc++.so.6.0.21
7fa0b7b58000-7fa0b7b5a000 rw-p 0017c000 08:09 2888511                    /usr/lib/x86_64-linux-gnu/libstdc++.so.6.0.21
7fa0b7b5a000-7fa0b7b5e000 rw-p 00000000 00:00 0 
7fa0b7b5e000-7fa0b87ae000 r-xp 00000000 08:09 7085439                    /usr/lib/jvm/java-8-openjdk-amd64/jre/lib/amd64/server/libjvm.so
7fa0b87ae000-7fa0b89ad000 ---p 00c50000 08:09 7085439                    /usr/lib/jvm/java-8-openjdk-amd64/jre/lib/amd64/server/libjvm.so
7fa0b89ad000-7fa0b8a40000 r--p 00c4f000 08:09 7085439                    /usr/lib/jvm/java-8-openjdk-amd64/jre/lib/amd64/server/libjvm.so
7fa0b8a40000-7fa0b8a69000 rw-p 00ce2000 08:09 7085439                    /usr/lib/jvm/java-8-openjdk-amd64/jre/lib/amd64/server/libjvm.so
7fa0b8a69000-7fa0b8a99000 rw-p 00000000 00:00 0 
7fa0b8a99000-7fa0b8ab1000 r-xp 00000000 08:09 24382897                   /lib/x86_64-linux-gnu/libpthread-2.23.so
7fa0b8ab1000-7fa0b8cb0000 ---p 00018000 08:09 24382897                   /lib/x86_64-linux-gnu/libpthread-2.23.so
7fa0b8cb0000-7fa0b8cb1000 r--p 00017000 08:09 24382897                   /lib/x86_64-linux-gnu/libpthread-2.23.so
7fa0b8cb1000-7fa0b8cb2000 rw-p 00018000 08:09 24382897                   /lib/x86_64-linux-gnu/libpthread-2.23.so
7fa0b8cb2000-7fa0b8cb6000 rw-p 00000000 00:00 0 
7fa0b8cb6000-7fa0b8cb9000 r-xp 00000000 08:09 24382880                   /lib/x86_64-linux-gnu/libdl-2.23.so
7fa0b8cb9000-7fa0b8eb8000 ---p 00003000 08:09 24382880                   /lib/x86_64-linux-gnu/libdl-2.23.so
7fa0b8eb8000-7fa0b8eb9000 r--p 00002000 08:09 24382880                   /lib/x86_64-linux-gnu/libdl-2.23.so
7fa0b8eb9000-7fa0b8eba000 rw-p 00003000 08:09 24382880                   /lib/x86_64-linux-gnu/libdl-2.23.so
7fa0b8eba000-7fa0b8ed3000 r-xp 00000000 08:09 24384041                   /lib/x86_64-linux-gnu/libz.so.1.2.8
7fa0b8ed3000-7fa0b90d2000 ---p 00019000 08:09 24384041                   /lib/x86_64-linux-gnu/libz.so.1.2.8
7fa0b90d2000-7fa0b90d3000 r--p 00018000 08:09 24384041                   /lib/x86_64-linux-gnu/libz.so.1.2.8
7fa0b90d3000-7fa0b90d4000 rw-p 00019000 08:09 24384041                   /lib/x86_64-linux-gnu/libz.so.1.2.8
7fa0b90d4000-7fa0b9293000 r-xp 00000000 08:09 24382884                   /lib/x86_64-linux-gnu/libc-2.23.so
7fa0b9293000-7fa0b9493000 ---p 001bf000 08:09 24382884                   /lib/x86_64-linux-gnu/libc-2.23.so
7fa0b9493000-7fa0b9497000 r--p 001bf000 08:09 24382884                   /lib/x86_64-linux-gnu/libc-2.23.so
7fa0b9497000-7fa0b9499000 rw-p 001c3000 08:09 24382884                   /lib/x86_64-linux-gnu/libc-2.23.so
7fa0b9499000-7fa0b949d000 rw-p 00000000 00:00 0 
7fa0b949d000-7fa0b94aa000 r-xp 00000000 08:09 7085434                    /usr/lib/jvm/java-8-openjdk-amd64/jre/lib/amd64/jli/libjli.so
7fa0b94aa000-7fa0b96aa000 ---p 0000d000 08:09 7085434                    /usr/lib/jvm/java-8-openjdk-amd64/jre/lib/amd64/jli/libjli.so
7fa0b96aa000-7fa0b96ab000 r--p 0000d000 08:09 7085434                    /usr/lib/jvm/java-8-openjdk-amd64/jre/lib/amd64/jli/libjli.so
7fa0b96ab000-7fa0b96ac000 rw-p 0000e000 08:09 7085434                    /usr/lib/jvm/java-8-openjdk-amd64/jre/lib/amd64/jli/libjli.so
7fa0b96ac000-7fa0b96d2000 r-xp 00000000 08:09 24382885                   /lib/x86_64-linux-gnu/ld-2.23.so
7fa0b96d2000-7fa0b96d3000 r--s 00004000 08:09 10748172                   /opt/eclipse/plugins/org.eclipse.swt_3.105.0.v20160603-0902.jar
7fa0b96d3000-7fa0b96d5000 r--s 00001000 08:09 7085456                    /usr/lib/jvm/java-8-openjdk-amd64/jre/lib/ext/dnsns.jar
7fa0b96d5000-7fa0b96d7000 r--s 00008000 08:09 7085454                    /usr/lib/jvm/java-8-openjdk-amd64/jre/lib/ext/sunec.jar
7fa0b96d7000-7fa0b97a2000 rw-p 00000000 00:00 0 
7fa0b97a2000-7fa0b97a5000 ---p 00000000 00:00 0 
7fa0b97a5000-7fa0b98a8000 rw-p 00000000 00:00 0 
7fa0b98a8000-7fa0b98a9000 r--s 00010000 08:09 7085459                    /usr/lib/jvm/java-8-openjdk-amd64/jre/lib/ext/zipfs.jar
7fa0b98a9000-7fa0b98aa000 r--s 0000a000 08:09 7085463                    /usr/lib/jvm/java-8-openjdk-amd64/jre/lib/ext/jaccess.jar
7fa0b98aa000-7fa0b98c5000 r--s 00394000 08:09 7085458                    /usr/lib/jvm/java-8-openjdk-amd64/jre/lib/ext/cldrdata.jar
7fa0b98c5000-7fa0b98cd000 rw-s 00000000 08:09 18616213                   /tmp/hsperfdata_hrishi/16471 (deleted)
7fa0b98cd000-7fa0b98ce000 rw-p 00000000 00:00 0 
7fa0b98ce000-7fa0b98cf000 ---p 00000000 00:00 0 
7fa0b98cf000-7fa0b98d1000 rw-p 00000000 00:00 0 
7fa0b98d1000-7fa0b98d2000 r--p 00025000 08:09 24382885                   /lib/x86_64-linux-gnu/ld-2.23.so
7fa0b98d2000-7fa0b98d3000 rw-p 00026000 08:09 24382885                   /lib/x86_64-linux-gnu/ld-2.23.so
7fa0b98d3000-7fa0b98d4000 rw-p 00000000 00:00 0 
7ffdbf0fc000-7ffdbf11f000 rw-p 00000000 00:00 0                          [stack]
7ffdbf1ce000-7ffdbf1d0000 r--p 00000000 00:00 0                          [vvar]
7ffdbf1d0000-7ffdbf1d2000 r-xp 00000000 00:00 0                          [vdso]
ffffffffff600000-ffffffffff601000 r-xp 00000000 00:00 0                  [vsyscall]

VM Arguments:
jvm_args: -Dfile.encoding=UTF-8 
java_command: RCPConsole
java_class_path (initial): /opt/eclipse/plugins/org.eclipse.core.runtime_3.12.0.v20160606-1342.jar:/opt/eclipse/plugins/javax.inject_1.0.0.v20091030.jar:/opt/eclipse/plugins/org.eclipse.osgi_3.11.0.v20160603-1336.jar:/opt/eclipse/plugins/org.eclipse.osgi.compatibility.state_1.0.200.v20160504-1419.jar:/opt/eclipse/plugins/org.eclipse.equinox.common_3.8.0.v20160509-1230.jar:/opt/eclipse/plugins/org.eclipse.core.jobs_3.8.0.v20160509-0411.jar:/opt/eclipse/plugins/org.eclipse.equinox.registry_3.6.100.v20160223-2218.jar:/opt/eclipse/plugins/org.eclipse.equinox.preferences_3.6.0.v20160120-1756.jar:/opt/eclipse/plugins/org.eclipse.core.contenttype_3.5.100.v20160418-1621.jar:/opt/eclipse/plugins/org.eclipse.equinox.app_1.3.400.v20150715-1528.jar:/opt/eclipse/plugins/org.eclipse.ui_3.108.0.v20160518-1929.jar:/opt/eclipse/plugins/org.eclipse.swt_3.105.0.v20160603-0902.jar:/opt/eclipse/plugins/org.eclipse.swt.gtk.linux.x86_64_3.105.0.v20160603-0902.jar:/opt/eclipse/plugins/org.eclipse.jface_3.12.0.v20160518-1929.jar:/opt/eclipse/plugins/org.eclipse.core.commands_3.8.0.v20160316-1921.jar:/opt/eclipse/plugins/org.eclipse.ui.workbench_3.108.0.v20160602-1232.jar:/opt/eclipse/plugins/org.eclipse.e4.ui.workbench3_0.13.100.v20160506-0759.jar:/opt/eclipse/plugins/org.eclipse.ui.console_3.6.200.v20160518-1858.jar:/opt/eclipse/plugins/org.eclipse.emf.ecore_2.12.0.v20160420-0247.jar:/opt/eclipse/plugins/org.eclipse.emf.common_2.12.0.v20160420-0247.jar:/opt/eclipse/plugins/org.eclipse.emf.ecore.xmi_2.12.0.v20160420-0247.jar:/home/hrishi/.eclipse/org.eclipse.platform_4.6.0_1473617060_linux_gtk_x86_64/plugins/fr.irisa.cairn.eclipse.tom_2.10.0.201612051604/libs/aircube-bundle.jar:/home/hrishi/.eclipse/org.eclipse.platform_4.6.0_1473617060_linux_gtk_x86_64/plugins/fr.irisa.cairn.graph_1.0.0.201612051604:/home/hrishi/.eclipse/org.eclipse.platform_4.6.0_1473617060_linux_gtk_x86_64/plugins/fr.irisa.cairn.graph_1.0.0.201612051604/lib/jgrapht-ext-0.9.1-uber.jar:/opt/eclipse/plugins/com.google.inj
Launcher Type: SUN_STANDARD

Environment Variables:
PATH=/home/hrishi/torch/install/bin:/usr/local/sbin:/usr/local/bin:/usr/sbin:/usr/bin:/sbin:/bin:/usr/games:/usr/local/games:/snap/bin
LD_LIBRARY_PATH=/home/hrishi/torch/install/lib:
SHELL=/bin/bash
DISPLAY=:0
DYLD_LIBRARY_PATH=/home/hrishi/torch/install/lib:

Signal Handlers:
SIGSEGV: [libjvm.so+0xa66fd0], sa_mask[0]=11111111011111111101111111111110, sa_flags=SA_RESTART|SA_SIGINFO
SIGBUS: [libjvm.so+0xa66fd0], sa_mask[0]=11111111011111111101111111111110, sa_flags=SA_RESTART|SA_SIGINFO
SIGFPE: [libjvm.so+0x8b0180], sa_mask[0]=11111111011111111101111111111110, sa_flags=SA_RESTART|SA_SIGINFO
SIGPIPE: [libjvm.so+0x8b0180], sa_mask[0]=11111111011111111101111111111110, sa_flags=SA_RESTART|SA_SIGINFO
SIGXFSZ: [libjvm.so+0x8b0180], sa_mask[0]=11111111011111111101111111111110, sa_flags=SA_RESTART|SA_SIGINFO
SIGILL: [libjvm.so+0x8b0180], sa_mask[0]=11111111011111111101111111111110, sa_flags=SA_RESTART|SA_SIGINFO
SIGUSR1: SIG_DFL, sa_mask[0]=00000000000000000000000000000000, sa_flags=none
SIGUSR2: [libjvm.so+0x8b0030], sa_mask[0]=00100000000000000000000000000000, sa_flags=SA_RESTART|SA_SIGINFO
SIGHUP: [libjvm.so+0x8b0500], sa_mask[0]=11111111011111111101111111111110, sa_flags=SA_RESTART|SA_SIGINFO
SIGINT: [libjvm.so+0x8b0500], sa_mask[0]=11111111011111111101111111111110, sa_flags=SA_RESTART|SA_SIGINFO
SIGTERM: [libjvm.so+0x8b0500], sa_mask[0]=11111111011111111101111111111110, sa_flags=SA_RESTART|SA_SIGINFO
SIGQUIT: [libjvm.so+0x8b0500], sa_mask[0]=11111111011111111101111111111110, sa_flags=SA_RESTART|SA_SIGINFO


---------------  S Y S T E M  ---------------

OS:DISTRIB_ID=Ubuntu
DISTRIB_RELEASE=16.04
DISTRIB_CODENAME=xenial
DISTRIB_DESCRIPTION="Ubuntu 16.04 LTS"

uname:Linux 4.4.0-72-generic #93-Ubuntu SMP Fri Mar 31 14:07:41 UTC 2017 x86_64
libc:glibc 2.23 NPTL 2.23 
rlimit: STACK 8192k, CORE 0k, NPROC 31118, NOFILE 65536, AS infinity
load average:92.83 42.20 18.19

/proc/meminfo:
MemTotal:        8084688 kB
MemFree:         5126136 kB
MemAvailable:    5378284 kB
Buffers:           35688 kB
Cached:           622004 kB
SwapCached:       130976 kB
Active:          1909412 kB
Inactive:         734760 kB
Active(anon):    1656160 kB
Inactive(anon):   556088 kB
Active(file):     253252 kB
Inactive(file):   178672 kB
Unevictable:        1108 kB
Mlocked:            1108 kB
SwapTotal:      12000252 kB
SwapFree:        7675212 kB
Dirty:              1532 kB
Writeback:             0 kB
AnonPages:       1974832 kB
Mapped:           242028 kB
Shmem:            225496 kB
Slab:             157732 kB
SReclaimable:      81264 kB
SUnreclaim:        76468 kB
KernelStack:       15520 kB
PageTables:        56228 kB
NFS_Unstable:          0 kB
Bounce:                0 kB
WritebackTmp:          0 kB
CommitLimit:    16042596 kB
Committed_AS:   13329324 kB
VmallocTotal:   34359738367 kB
VmallocUsed:           0 kB
VmallocChunk:          0 kB
HardwareCorrupted:     0 kB
AnonHugePages:    755712 kB
CmaTotal:              0 kB
CmaFree:               0 kB
HugePages_Total:       0
HugePages_Free:        0
HugePages_Rsvd:        0
HugePages_Surp:        0
Hugepagesize:       2048 kB
DirectMap4k:      817032 kB
DirectMap2M:     7481344 kB
DirectMap1G:           0 kB


CPU:total 4 (2 cores per cpu, 2 threads per core) family 6 model 61 stepping 4, cmov, cx8, fxsr, mmx, sse, sse2, sse3, ssse3, sse4.1, sse4.2, popcnt, avx, avx2, aes, clmul, erms, 3dnowpref, lzcnt, ht, tsc, tscinvbit, bmi1, bmi2, adx

/proc/cpuinfo:
processor	: 0
vendor_id	: GenuineIntel
cpu family	: 6
model		: 61
model name	: Intel(R) Core(TM) i5-5200U CPU @ 2.20GHz
stepping	: 4
microcode	: 0x12
cpu MHz		: 2446.382
cache size	: 3072 KB
physical id	: 0
siblings	: 4
core id		: 0
cpu cores	: 2
apicid		: 0
initial apicid	: 0
fpu		: yes
fpu_exception	: yes
cpuid level	: 20
wp		: yes
flags		: fpu vme de pse tsc msr pae mce cx8 apic sep mtrr pge mca cmov pat pse36 clflush dts acpi mmx fxsr sse sse2 ss ht tm pbe syscall nx pdpe1gb rdtscp lm constant_tsc arch_perfmon pebs bts rep_good nopl xtopology nonstop_tsc aperfmperf eagerfpu pni pclmulqdq dtes64 monitor ds_cpl vmx est tm2 ssse3 sdbg fma cx16 xtpr pdcm pcid sse4_1 sse4_2 x2apic movbe popcnt tsc_deadline_timer aes xsave avx f16c rdrand lahf_lm abm 3dnowprefetch epb intel_pt tpr_shadow vnmi flexpriority ept vpid fsgsbase tsc_adjust bmi1 avx2 smep bmi2 erms invpcid rdseed adx smap xsaveopt dtherm ida arat pln pts
bugs		:
bogomips	: 4390.01
clflush size	: 64
cache_alignment	: 64
address sizes	: 39 bits physical, 48 bits virtual
power management:

processor	: 1
vendor_id	: GenuineIntel
cpu family	: 6
model		: 61
model name	: Intel(R) Core(TM) i5-5200U CPU @ 2.20GHz
stepping	: 4
microcode	: 0x12
cpu MHz		: 2315.070
cache size	: 3072 KB
physical id	: 0
siblings	: 4
core id		: 1
cpu cores	: 2
apicid		: 2
initial apicid	: 2
fpu		: yes
fpu_exception	: yes
cpuid level	: 20
wp		: yes
flags		: fpu vme de pse tsc msr pae mce cx8 apic sep mtrr pge mca cmov pat pse36 clflush dts acpi mmx fxsr sse sse2 ss ht tm pbe syscall nx pdpe1gb rdtscp lm constant_tsc arch_perfmon pebs bts rep_good nopl xtopology nonstop_tsc aperfmperf eagerfpu pni pclmulqdq dtes64 monitor ds_cpl vmx est tm2 ssse3 sdbg fma cx16 xtpr pdcm pcid sse4_1 sse4_2 x2apic movbe popcnt tsc_deadline_timer aes xsave avx f16c rdrand lahf_lm abm 3dnowprefetch epb intel_pt tpr_shadow vnmi flexpriority ept vpid fsgsbase tsc_adjust bmi1 avx2 smep bmi2 erms invpcid rdseed adx smap xsaveopt dtherm ida arat pln pts
bugs		:
bogomips	: 4390.01
clflush size	: 64
cache_alignment	: 64
address sizes	: 39 bits physical, 48 bits virtual
power management:

processor	: 2
vendor_id	: GenuineIntel
cpu family	: 6
model		: 61
model name	: Intel(R) Core(TM) i5-5200U CPU @ 2.20GHz
stepping	: 4
microcode	: 0x12
cpu MHz		: 2499.921
cache size	: 3072 KB
physical id	: 0
siblings	: 4
core id		: 0
cpu cores	: 2
apicid		: 1
initial apicid	: 1
fpu		: yes
fpu_exception	: yes
cpuid level	: 20
wp		: yes
flags		: fpu vme de pse tsc msr pae mce cx8 apic sep mtrr pge mca cmov pat pse36 clflush dts acpi mmx fxsr sse sse2 ss ht tm pbe syscall nx pdpe1gb rdtscp lm constant_tsc arch_perfmon pebs bts rep_good nopl xtopology nonstop_tsc aperfmperf eagerfpu pni pclmulqdq dtes64 monitor ds_cpl vmx est tm2 ssse3 sdbg fma cx16 xtpr pdcm pcid sse4_1 sse4_2 x2apic movbe popcnt tsc_deadline_timer aes xsave avx f16c rdrand lahf_lm abm 3dnowprefetch epb intel_pt tpr_shadow vnmi flexpriority ept vpid fsgsbase tsc_adjust bmi1 avx2 smep bmi2 erms invpcid rdseed adx smap xsaveopt dtherm ida arat pln pts
bugs		:
bogomips	: 4390.01
clflush size	: 64
cache_alignment	: 64
address sizes	: 39 bits physical, 48 bits virtual
power management:

processor	: 3
vendor_id	: GenuineIntel
cpu family	: 6
model		: 61
model name	: Intel(R) Core(TM) i5-5200U CPU @ 2.20GHz
stepping	: 4
microcode	: 0x12
cpu MHz		: 2187.625
cache size	: 3072 KB
physical id	: 0
siblings	: 4
core id		: 1
cpu cores	: 2
apicid		: 3
initial apicid	: 3
fpu		: yes
fpu_exception	: yes
cpuid level	: 20
wp		: yes
flags		: fpu vme de pse tsc msr pae mce cx8 apic sep mtrr pge mca cmov pat pse36 clflush dts acpi mmx fxsr sse sse2 ss ht tm pbe syscall nx pdpe1gb rdtscp lm constant_tsc arch_perfmon pebs bts rep_good nopl xtopology nonstop_tsc aperfmperf eagerfpu pni pclmulqdq dtes64 monitor ds_cpl vmx est tm2 ssse3 sdbg fma cx16 xtpr pdcm pcid sse4_1 sse4_2 x2apic movbe popcnt tsc_deadline_timer aes xsave avx f16c rdrand lahf_lm abm 3dnowprefetch epb intel_pt tpr_shadow vnmi flexpriority ept vpid fsgsbase tsc_adjust bmi1 avx2 smep bmi2 erms invpcid rdseed adx smap xsaveopt dtherm ida arat pln pts
bugs		:
bogomips	: 4390.01
clflush size	: 64
cache_alignment	: 64
address sizes	: 39 bits physical, 48 bits virtual
power management:



Memory: 4k page, physical 8084688k(5126136k free), swap 12000252k(7675212k free)

vm_info: OpenJDK 64-Bit Server VM (25.121-b13) for linux-amd64 JRE (1.8.0_121-8u121-b13-0ubuntu1.16.04.2-b13), built on Jan 23 2017 15:51:29 by "buildd" with gcc 5.4.0 20160609

time: Sun Apr 30 23:06:30 2017
elapsed time: 22378 seconds (0d 6h 12m 58s)

