#
# A fatal error has been detected by the Java Runtime Environment:
#
#  SIGSEGV (0xb) at pc=0x0000000000046b20, pid=7964, tid=0x00007f6ff95c0700
#
# JRE version: OpenJDK Runtime Environment (8.0_121-b13) (build 1.8.0_121-8u121-b13-0ubuntu1.16.04.2-b13)
# Java VM: OpenJDK 64-Bit Server VM (25.121-b13 mixed mode linux-amd64 compressed oops)
# Problematic frame:
# C  0x0000000000046b20
#
# Failed to write core dump. Core dumps have been disabled. To enable core dumping, try "ulimit -c unlimited" before starting Java again
#
# If you would like to submit a bug report, please visit:
#   http://bugreport.java.com/bugreport/crash.jsp
#

---------------  T H R E A D  ---------------

Current thread is native thread

siginfo: si_signo: 11 (SIGSEGV), si_code: 1 (SEGV_MAPERR), si_addr: 0x0000000000046b20

Registers:
RAX=0x00007f6fd2be1248, RBX=0x00007f6ff090c720, RCX=0x0000000000000000, RDX=0x0000000000000000
RSP=0x00007ffe9b9ea9a8, RBP=0x00007ffe9b9eab00, RSI=0x0000000000000000, RDI=0x00007f6ff8def140
R8 =0x0000000000000000, R9 =0x00007f6ff91b6808, R10=0x00007f6ff8def0c0, R11=0x00007f6ff8e2a2d0
R12=0x00007f6fd2be11a8, R13=0x0000000000000000, R14=0x00007ffe9b9ea9b0, R15=0x0000000000000012
RIP=0x0000000000046b20, EFLAGS=0x0000000000010202, CSGSFS=0x0000000000000033, ERR=0x0000000000000014
  TRAPNO=0x000000000000000e

Top of Stack: (sp=0x00007ffe9b9ea9a8)
0x00007ffe9b9ea9a8:   00007f6ff93d8c17 00007f6ff95ef168
0x00007ffe9b9ea9b8:   00007f6ff95ef700 00007f6ff95ec7a8
0x00007ffe9b9ea9c8:   00007f6ff00009a0 00007f6ff000b570
0x00007ffe9b9ea9d8:   00007f6ff000cbf0 00007f6ff000ba20
0x00007ffe9b9ea9e8:   00007f6ff000d0a0 00007f6ff0019ae0
0x00007ffe9b9ea9f8:   00007f6ff0001bd0 00007f6ff00014a0
0x00007ffe9b9eaa08:   0000000002577150 0000000002577680
0x00007ffe9b9eaa18:   00000000025784c0 0000000002577ba0
0x00007ffe9b9eaa28:   00007f6ff95c2000 00007f6ff95c3b00
0x00007ffe9b9eaa38:   00007f6ff95c3618 00007f6ff090c720
0x00007ffe9b9eaa48:   00007f6ff090cd80 00007f6ff090d2e0
0x00007ffe9b9eaa58:   00007f6ff95c3000 00007f6ff95ee9d8
0x00007ffe9b9eaa68:   00007f6ff93d8964 00007ffe9b9ea9b0
0x00007ffe9b9eaa78:   0000000000000006 00007ffe9b9ea9e0
0x00007ffe9b9eaa88:   0000000000000001 0000000000000006
0x00007ffe9b9eaa98:   00007ffe9b9eaa70 00000017f91b4c40
0x00007ffe9b9eaaa8:   00007ffe9b9ea9b0 0000001700000000
0x00007ffe9b9eaab8:   00007f6ff95ee048 00007ffe9b9ea980
0x00007ffe9b9eaac8:   0000000000000000 0000000000000001
0x00007ffe9b9eaad8:   0000000000000001 0000000000000001
0x00007ffe9b9eaae8:   00007f6ff91b4c40 0000000000000000
0x00007ffe9b9eaaf8:   0000000000000000 00007f6ff91b35f8
0x00007ffe9b9eab08:   00007f6ff8e29ff8 00000000004007bc
0x00007ffe9b9eab18:   0000000000000000 0000000000400730
0x00007ffe9b9eab28:   0000000000400630 00007ffe9b9eac20
0x00007ffe9b9eab38:   00007f6ff8e2a045 0000000000400730
0x00007ffe9b9eab48:   00007f6ff8e10837 0000000000000000
0x00007ffe9b9eab58:   00007ffe9b9eac28 00000005f95edca0
0x00007ffe9b9eab68:   00000000004005e0 0000000000000000
0x00007ffe9b9eab78:   953a908702421253 0000000000400630
0x00007ffe9b9eab88:   00007ffe9b9eac20 0000000000000000
0x00007ffe9b9eab98:   0000000000000000 6ac7a73a5a821253 

Instructions: (pc=0x0000000000046b20)
0x0000000000046b00:   
[error occurred during error reporting (printing registers, top of stack, instructions near pc), id 0xb]

Register to memory mapping:

RAX=
[error occurred during error reporting (printing register info), id 0xb]

Stack: [0x00007ffe9b8ef000,0x00007ffe9b9ef000],  sp=0x00007ffe9b9ea9a8,  free space=1006k
Native frames: (J=compiled Java code, j=interpreted, Vv=VM code, C=native code)
C  0x0000000000046b20


---------------  P R O C E S S  ---------------

VM state:at safepoint (shutting down)

VM Mutex/Monitor currently owned by a thread:  ([mutex/lock_event])
[0x00007f6ff0009dd0] Threads_lock - owner thread: 0x00007f6ff007b000

Heap:
 PSYoungGen      total 68608K, used 43714K [0x00000000d6e00000, 0x00000000db600000, 0x0000000100000000)
  eden space 63488K, 60% used [0x00000000d6e00000,0x00000000d93b88f8,0x00000000dac00000)
  from space 5120K, 99% used [0x00000000db100000,0x00000000db5f8020,0x00000000db600000)
  to   space 5120K, 0% used [0x00000000dac00000,0x00000000dac00000,0x00000000db100000)
 ParOldGen       total 84992K, used 10901K [0x0000000084a00000, 0x0000000089d00000, 0x00000000d6e00000)
  object space 84992K, 12% used [0x0000000084a00000,0x00000000854a54f8,0x0000000089d00000)
 Metaspace       used 19038K, capacity 19186K, committed 19456K, reserved 1067008K
  class space    used 2473K, capacity 2525K, committed 2560K, reserved 1048576K

Card table byte_map: [0x00007f6ff57ac000,0x00007f6ff5b88000] byte_map_base: 0x00007f6ff5387000

Marking Bits: (ParMarkBitMap*) 0x00007f6ff8798220
 Begin Bits: [0x00007f6fd8250000, 0x00007f6fda128000)
 End Bits:   [0x00007f6fda128000, 0x00007f6fdc000000)

Polling page: 0x00007f6ff95ea000

CodeCache: size=245760Kb used=7086Kb max_used=7131Kb free=238673Kb
 bounds [0x00007f6fe1000000, 0x00007f6fe1710000, 0x00007f6ff0000000]
 total_blobs=2565 nmethods=2181 adapters=296
 compilation: enabled

Compilation events (10 events):
Event: 5.144 Thread 0x00007f6ff00b5000 2183       3       org.polymodel.algebra.factory.IntExpressionBuilder::affine (59 bytes)
Event: 5.146 Thread 0x00007f6ff00b5000 nmethod 2183 0x00007f6fe16c6990 code [0x00007f6fe16c6c60, 0x00007f6fe16c8018]
Event: 5.195 Thread 0x00007f6ff00b3800 nmethod 1858 0x00007f6fe16d3550 code [0x00007f6fe16d3fa0, 0x00007f6fe16db538]
Event: 5.195 Thread 0x00007f6ff00b3800 2162       4       java.util.concurrent.Semaphore::release (10 bytes)
Event: 5.196 Thread 0x00007f6ff00b3800 nmethod 2162 0x00007f6fe16d0490 code [0x00007f6fe16d05e0, 0x00007f6fe16d06d8]
Event: 5.196 Thread 0x00007f6ff00b3800 2155       4       org.eclipse.emf.ecore.impl.BasicEObjectImpl::eDirectResource (20 bytes)
Event: 5.197 Thread 0x00007f6ff00b3800 nmethod 2155 0x00007f6fe16d01d0 code [0x00007f6fe16d0320, 0x00007f6fe16d03d8]
Event: 5.197 Thread 0x00007f6ff00b3800 2175  s    4       java.lang.StringBuffer::toString (36 bytes)
Event: 5.201 Thread 0x00007f6ff00b3800 nmethod 2175 0x00007f6fe16d1790 code [0x00007f6fe16d1900, 0x00007f6fe16d1e58]
Event: 5.645 Thread 0x00007f6ff00b0800 nmethod 2152 0x00007f6fe16f0550 code [0x00007f6fe16f1000, 0x00007f6fe16f8ea0]

GC Heap History (8 events):
Event: 2.959 GC heap before
{Heap before GC invocations=1 (full 0):
 PSYoungGen      total 36864K, used 31744K [0x00000000d6e00000, 0x00000000d9700000, 0x0000000100000000)
  eden space 31744K, 100% used [0x00000000d6e00000,0x00000000d8d00000,0x00000000d8d00000)
  from space 5120K, 0% used [0x00000000d9200000,0x00000000d9200000,0x00000000d9700000)
  to   space 5120K, 0% used [0x00000000d8d00000,0x00000000d8d00000,0x00000000d9200000)
 ParOldGen       total 84992K, used 0K [0x0000000084a00000, 0x0000000089d00000, 0x00000000d6e00000)
  object space 84992K, 0% used [0x0000000084a00000,0x0000000084a00000,0x0000000089d00000)
 Metaspace       used 7258K, capacity 7350K, committed 7552K, reserved 1056768K
  class space    used 841K, capacity 851K, committed 896K, reserved 1048576K
Event: 2.967 GC heap after
Heap after GC invocations=1 (full 0):
 PSYoungGen      total 36864K, used 5112K [0x00000000d6e00000, 0x00000000d9700000, 0x0000000100000000)
  eden space 31744K, 0% used [0x00000000d6e00000,0x00000000d6e00000,0x00000000d8d00000)
  from space 5120K, 99% used [0x00000000d8d00000,0x00000000d91fe2a8,0x00000000d9200000)
  to   space 5120K, 0% used [0x00000000d9200000,0x00000000d9200000,0x00000000d9700000)
 ParOldGen       total 84992K, used 954K [0x0000000084a00000, 0x0000000089d00000, 0x00000000d6e00000)
  object space 84992K, 1% used [0x0000000084a00000,0x0000000084aeeb08,0x0000000089d00000)
 Metaspace       used 7258K, capacity 7350K, committed 7552K, reserved 1056768K
  class space    used 841K, capacity 851K, committed 896K, reserved 1048576K
}
Event: 3.327 GC heap before
{Heap before GC invocations=2 (full 0):
 PSYoungGen      total 36864K, used 36856K [0x00000000d6e00000, 0x00000000d9700000, 0x0000000100000000)
  eden space 31744K, 100% used [0x00000000d6e00000,0x00000000d8d00000,0x00000000d8d00000)
  from space 5120K, 99% used [0x00000000d8d00000,0x00000000d91fe2a8,0x00000000d9200000)
  to   space 5120K, 0% used [0x00000000d9200000,0x00000000d9200000,0x00000000d9700000)
 ParOldGen       total 84992K, used 954K [0x0000000084a00000, 0x0000000089d00000, 0x00000000d6e00000)
  object space 84992K, 1% used [0x0000000084a00000,0x0000000084aeeb08,0x0000000089d00000)
 Metaspace       used 10429K, capacity 10524K, committed 10624K, reserved 1058816K
  class space    used 1304K, capacity 1332K, committed 1408K, reserved 1048576K
Event: 3.335 GC heap after
Heap after GC invocations=2 (full 0):
 PSYoungGen      total 36864K, used 5104K [0x00000000d6e00000, 0x00000000db600000, 0x0000000100000000)
  eden space 31744K, 0% used [0x00000000d6e00000,0x00000000d6e00000,0x00000000d8d00000)
  from space 5120K, 99% used [0x00000000d9200000,0x00000000d96fc030,0x00000000d9700000)
  to   space 5120K, 0% used [0x00000000d8d00000,0x00000000d8d00000,0x00000000d9200000)
 ParOldGen       total 84992K, used 4397K [0x0000000084a00000, 0x0000000089d00000, 0x00000000d6e00000)
  object space 84992K, 5% used [0x0000000084a00000,0x0000000084e4b4f0,0x0000000089d00000)
 Metaspace       used 10429K, capacity 10524K, committed 10624K, reserved 1058816K
  class space    used 1304K, capacity 1332K, committed 1408K, reserved 1048576K
}
Event: 3.839 GC heap before
{Heap before GC invocations=3 (full 0):
 PSYoungGen      total 36864K, used 36848K [0x00000000d6e00000, 0x00000000db600000, 0x0000000100000000)
  eden space 31744K, 100% used [0x00000000d6e00000,0x00000000d8d00000,0x00000000d8d00000)
  from space 5120K, 99% used [0x00000000d9200000,0x00000000d96fc030,0x00000000d9700000)
  to   space 5120K, 0% used [0x00000000d8d00000,0x00000000d8d00000,0x00000000d9200000)
 ParOldGen       total 84992K, used 4397K [0x0000000084a00000, 0x0000000089d00000, 0x00000000d6e00000)
  object space 84992K, 5% used [0x0000000084a00000,0x0000000084e4b4f0,0x0000000089d00000)
 Metaspace       used 12412K, capacity 12538K, committed 12672K, reserved 1060864K
  class space    used 1596K, capacity 1657K, committed 1664K, reserved 1048576K
Event: 3.846 GC heap after
Heap after GC invocations=3 (full 0):
 PSYoungGen      total 36864K, used 5088K [0x00000000d6e00000, 0x00000000db600000, 0x0000000100000000)
  eden space 31744K, 0% used [0x00000000d6e00000,0x00000000d6e00000,0x00000000d8d00000)
  from space 5120K, 99% used [0x00000000d8d00000,0x00000000d91f8040,0x00000000d9200000)
  to   space 5120K, 0% used [0x00000000db100000,0x00000000db100000,0x00000000db600000)
 ParOldGen       total 84992K, used 7481K [0x0000000084a00000, 0x0000000089d00000, 0x00000000d6e00000)
  object space 84992K, 8% used [0x0000000084a00000,0x000000008514e7f8,0x0000000089d00000)
 Metaspace       used 12412K, capacity 12538K, committed 12672K, reserved 1060864K
  class space    used 1596K, capacity 1657K, committed 1664K, reserved 1048576K
}
Event: 4.178 GC heap before
{Heap before GC invocations=4 (full 0):
 PSYoungGen      total 36864K, used 36832K [0x00000000d6e00000, 0x00000000db600000, 0x0000000100000000)
  eden space 31744K, 100% used [0x00000000d6e00000,0x00000000d8d00000,0x00000000d8d00000)
  from space 5120K, 99% used [0x00000000d8d00000,0x00000000d91f8040,0x00000000d9200000)
  to   space 5120K, 0% used [0x00000000db100000,0x00000000db100000,0x00000000db600000)
 ParOldGen       total 84992K, used 7481K [0x0000000084a00000, 0x0000000089d00000, 0x00000000d6e00000)
  object space 84992K, 8% used [0x0000000084a00000,0x000000008514e7f8,0x0000000089d00000)
 Metaspace       used 15209K, capacity 15302K, committed 15616K, reserved 1062912K
  class space    used 2003K, capacity 2043K, committed 2048K, reserved 1048576K
Event: 4.189 GC heap after
Heap after GC invocations=4 (full 0):
 PSYoungGen      total 68608K, used 5088K [0x00000000d6e00000, 0x00000000db600000, 0x0000000100000000)
  eden space 63488K, 0% used [0x00000000d6e00000,0x00000000d6e00000,0x00000000dac00000)
  from space 5120K, 99% used [0x00000000db100000,0x00000000db5f8020,0x00000000db600000)
  to   space 5120K, 0% used [0x00000000dac00000,0x00000000dac00000,0x00000000db100000)
 ParOldGen       total 84992K, used 10901K [0x0000000084a00000, 0x0000000089d00000, 0x00000000d6e00000)
  object space 84992K, 12% used [0x0000000084a00000,0x00000000854a54f8,0x0000000089d00000)
 Metaspace       used 15209K, capacity 15302K, committed 15616K, reserved 1062912K
  class space    used 2003K, capacity 2043K, committed 2048K, reserved 1048576K
}

Deoptimization events (10 events):
Event: 4.832 Thread 0x00007f6ff000d800 Uncommon trap: reason=array_check action=maybe_recompile pc=0x00007f6fe15d91bc method=org.eclipse.emf.common.util.BasicEList.assign(ILjava/lang/Object;)Ljava/lang/Object; @ 6
Event: 4.832 Thread 0x00007f6ff000d800 Uncommon trap: reason=array_check action=maybe_recompile pc=0x00007f6fe15d91bc method=org.eclipse.emf.common.util.BasicEList.assign(ILjava/lang/Object;)Ljava/lang/Object; @ 6
Event: 4.832 Thread 0x00007f6ff000d800 Uncommon trap: reason=array_check action=maybe_recompile pc=0x00007f6fe15d91bc method=org.eclipse.emf.common.util.BasicEList.assign(ILjava/lang/Object;)Ljava/lang/Object; @ 6
Event: 4.888 Thread 0x00007f6ff000d800 Uncommon trap: reason=unstable_if action=reinterpret pc=0x00007f6fe15584a4 method=java.util.HashMap.hash(Ljava/lang/Object;)I @ 1
Event: 4.888 Thread 0x00007f6ff000d800 Uncommon trap: reason=unstable_if action=reinterpret pc=0x00007f6fe11f6f30 method=java.util.HashMap.hash(Ljava/lang/Object;)I @ 1
Event: 4.890 Thread 0x00007f6ff000d800 Uncommon trap: reason=unstable_if action=reinterpret pc=0x00007f6fe13a8d14 method=java.util.HashMap.hash(Ljava/lang/Object;)I @ 1
Event: 4.893 Thread 0x00007f6ff000d800 Uncommon trap: reason=unstable_if action=reinterpret pc=0x00007f6fe119a5e8 method=java.util.HashMap.hash(Ljava/lang/Object;)I @ 1
Event: 5.030 Thread 0x00007f6ff000d800 Uncommon trap: reason=bimorphic action=maybe_recompile pc=0x00007f6fe152bba8 method=org.eclipse.emf.ecore.util.EContentsEList$FeatureIteratorImpl.hasNext()Z @ 279
Event: 5.030 Thread 0x00007f6ff000d800 Uncommon trap: reason=bimorphic action=maybe_recompile pc=0x00007f6fe152bba8 method=org.eclipse.emf.ecore.util.EContentsEList$FeatureIteratorImpl.hasNext()Z @ 279
Event: 4004.460 Thread 0x00007f6ff000d800 Uncommon trap: reason=null_check action=make_not_entrant pc=0x00007f6fe1667130 method=java.lang.StringCoding.deref(Ljava/lang/ThreadLocal;)Ljava/lang/Object; @ 4

Internal exceptions (10 events):
Event: 3.296 Thread 0x00007f6ff000d800 Exception <a 'java/lang/ArrayIndexOutOfBoundsException'> (0x00000000d88c1460) thrown at [/build/openjdk-8-YiEakL/openjdk-8-8u121-b13/src/hotspot/src/share/vm/runtime/sharedRuntime.cpp, line 605]
Event: 3.297 Thread 0x00007f6ff000d800 Exception <a 'java/lang/ArrayIndexOutOfBoundsException'> (0x00000000d88ed770) thrown at [/build/openjdk-8-YiEakL/openjdk-8-8u121-b13/src/hotspot/src/share/vm/runtime/sharedRuntime.cpp, line 605]
Event: 3.299 Thread 0x00007f6ff000d800 Exception <a 'java/lang/ArrayIndexOutOfBoundsException'> (0x00000000d8923398) thrown at [/build/openjdk-8-YiEakL/openjdk-8-8u121-b13/src/hotspot/src/share/vm/runtime/sharedRuntime.cpp, line 605]
Event: 4.052 Thread 0x00007f6ff000d800 Implicit null exception at 0x00007f6fe1205ef5 to 0x00007f6fe12062a1
Event: 4.236 Thread 0x00007f6ff000d800 Exception <a 'java/io/FileNotFoundException'> (0x00000000d6f7dfc0) thrown at [/build/openjdk-8-YiEakL/openjdk-8-8u121-b13/src/hotspot/src/share/vm/prims/jni.cpp, line 709]
Event: 4.888 Thread 0x00007f6ff000d800 Implicit null exception at 0x00007f6fe15583dc to 0x00007f6fe1558495
Event: 4.888 Thread 0x00007f6ff000d800 Implicit null exception at 0x00007f6fe11f6e98 to 0x00007f6fe11f6f26
Event: 4.890 Thread 0x00007f6ff000d800 Implicit null exception at 0x00007f6fe13a8af5 to 0x00007f6fe13a8d05
Event: 4.893 Thread 0x00007f6ff000d800 Implicit null exception at 0x00007f6fe119a56f to 0x00007f6fe119a5d9
Event: 4004.460 Thread 0x00007f6ff000d800 Implicit null exception at 0x00007f6fe1666b0d to 0x00007f6fe1667119

Events (10 events):
Event: 4004.452 Thread 0x00007f6ff000d800 Thread exited: 0x00007f6ff000d800
Event: 4004.452 Thread 0x00007f6ff000d800 Thread added: 0x00007f6ff000d800
Event: 4004.453 loading class java/util/IdentityHashMap$KeyIterator
Event: 4004.453 loading class java/util/IdentityHashMap$KeyIterator done
Event: 4004.459 Thread 0x00007f6ff09ba000 Thread added: 0x00007f6ff09ba000
Event: 4004.459 Thread 0x00007f6ff09ba000 Thread exited: 0x00007f6ff09ba000
Event: 4004.460 Thread 0x00007f6ff000d800 Uncommon trap: trap_request=0xfffffff4 fr.pc=0x00007f6fe1667130
Event: 4004.460 Thread 0x00007f6ff000d800 DEOPT PACKING pc=0x00007f6fe1667130 sp=0x00007f6ff95bd1c0
Event: 4004.460 Thread 0x00007f6ff000d800 DEOPT UNPACKING pc=0x00007f6fe1004f69 sp=0x00007f6ff95bd0c0 mode 2
Event: 4004.460 Thread 0x00007f6ff000d800 Thread exited: 0x00007f6ff000d800


Dynamic libraries:
00400000-00401000 r-xp 00000000 08:09 7087821                            /usr/lib/jvm/java-8-openjdk-amd64/jre/bin/java
00600000-00601000 r--p 00000000 08:09 7087821                            /usr/lib/jvm/java-8-openjdk-amd64/jre/bin/java
00601000-00602000 rw-p 00001000 08:09 7087821                            /usr/lib/jvm/java-8-openjdk-amd64/jre/bin/java
02577000-02598000 rw-p 00000000 00:00 0                                  [heap]
84a00000-89d00000 rw-p 00000000 00:00 0 
89d00000-d6e00000 ---p 00000000 00:00 0 
d6e00000-db600000 rw-p 00000000 00:00 0 
db600000-100000000 ---p 00000000 00:00 0 
100000000-100280000 rw-p 00000000 00:00 0 
100280000-140000000 ---p 00000000 00:00 0 
7f6f94000000-7f6f94021000 rw-p 00000000 00:00 0 
7f6f94021000-7f6f98000000 ---p 00000000 00:00 0 
7f6f98000000-7f6f98021000 rw-p 00000000 00:00 0 
7f6f98021000-7f6f9c000000 ---p 00000000 00:00 0 
7f6f9c000000-7f6f9c021000 rw-p 00000000 00:00 0 
7f6f9c021000-7f6fa0000000 ---p 00000000 00:00 0 
7f6fa0000000-7f6fa0021000 rw-p 00000000 00:00 0 
7f6fa0021000-7f6fa4000000 ---p 00000000 00:00 0 
7f6fa4000000-7f6fa4021000 rw-p 00000000 00:00 0 
7f6fa4021000-7f6fa8000000 ---p 00000000 00:00 0 
7f6fa8000000-7f6fa8021000 rw-p 00000000 00:00 0 
7f6fa8021000-7f6fac000000 ---p 00000000 00:00 0 
7f6fac000000-7f6faca52000 rw-p 00000000 00:00 0 
7f6faca52000-7f6fb0000000 ---p 00000000 00:00 0 
7f6fb0000000-7f6fb0925000 rw-p 00000000 00:00 0 
7f6fb0925000-7f6fb4000000 ---p 00000000 00:00 0 
7f6fb4000000-7f6fb4021000 rw-p 00000000 00:00 0 
7f6fb4021000-7f6fb8000000 ---p 00000000 00:00 0 
7f6fb8000000-7f6fb9077000 rw-p 00000000 00:00 0 
7f6fb9077000-7f6fbc000000 ---p 00000000 00:00 0 
7f6fbc000000-7f6fbc021000 rw-p 00000000 00:00 0 
7f6fbc021000-7f6fc0000000 ---p 00000000 00:00 0 
7f6fc0000000-7f6fc0021000 rw-p 00000000 00:00 0 
7f6fc0021000-7f6fc4000000 ---p 00000000 00:00 0 
7f6fc4000000-7f6fc4021000 rw-p 00000000 00:00 0 
7f6fc4021000-7f6fc8000000 ---p 00000000 00:00 0 
7f6fc8000000-7f6fc8021000 rw-p 00000000 00:00 0 
7f6fc8021000-7f6fcc000000 ---p 00000000 00:00 0 
7f6fcc000000-7f6fcc021000 rw-p 00000000 00:00 0 
7f6fcc021000-7f6fd0000000 ---p 00000000 00:00 0 
7f6fd1f77000-7f6fd1f7a000 ---p 00000000 00:00 0 
7f6fd1f7a000-7f6fd2078000 rw-p 00000000 00:00 0 
7f6fd2078000-7f6fd207b000 ---p 00000000 00:00 0 
7f6fd207b000-7f6fd21f9000 rw-p 00000000 00:00 0 
7f6fd21f9000-7f6fd2379000 ---p 00000000 00:00 0 
7f6fd2379000-7f6fd23ee000 r-xp 00000000 08:09 27533293                   /home/hrishi/workspace/Console/.jnimap.temp.linux_64/libgmp.so.10 (deleted)
7f6fd23ee000-7f6fd25ed000 ---p 00075000 08:09 27533293                   /home/hrishi/workspace/Console/.jnimap.temp.linux_64/libgmp.so.10 (deleted)
7f6fd25ed000-7f6fd25ef000 rw-p 00074000 08:09 27533293                   /home/hrishi/workspace/Console/.jnimap.temp.linux_64/libgmp.so.10 (deleted)
7f6fd25ef000-7f6fd2757000 r-xp 00000000 08:09 27533292                   /home/hrishi/workspace/Console/.jnimap.temp.linux_64/libisl.so.13 (deleted)
7f6fd2757000-7f6fd2956000 ---p 00168000 08:09 27533292                   /home/hrishi/workspace/Console/.jnimap.temp.linux_64/libisl.so.13 (deleted)
7f6fd2956000-7f6fd295d000 rw-p 00167000 08:09 27533292                   /home/hrishi/workspace/Console/.jnimap.temp.linux_64/libisl.so.13 (deleted)
7f6fd295d000-7f6fd29e2000 r-xp 00000000 08:09 27533295                   /home/hrishi/workspace/Console/.jnimap.temp.linux_64/linux_64_libjniisl.so (deleted)
7f6fd29e2000-7f6fd2be1000 ---p 00085000 08:09 27533295                   /home/hrishi/workspace/Console/.jnimap.temp.linux_64/linux_64_libjniisl.so (deleted)
7f6fd2be1000-7f6fd2be4000 rw-p 00084000 08:09 27533295                   /home/hrishi/workspace/Console/.jnimap.temp.linux_64/linux_64_libjniisl.so (deleted)
7f6fd2be4000-7f6fd2de4000 rw-p 00000000 00:00 0 
7f6fd2de4000-7f6fd2fe4000 rw-p 00000000 00:00 0 
7f6fd2fe4000-7f6fd31e4000 rw-p 00000000 00:00 0 
7f6fd31e4000-7f6fd31e7000 ---p 00000000 00:00 0 
7f6fd31e7000-7f6fd34e5000 rw-p 00000000 00:00 0 
7f6fd34e5000-7f6fd34e8000 ---p 00000000 00:00 0 
7f6fd34e8000-7f6fd35e6000 rw-p 00000000 00:00 0 
7f6fd35e6000-7f6fd35e9000 r--s 00015000 08:09 7085469                    /usr/lib/jvm/java-8-openjdk-amd64/jre/lib/jce.jar
7f6fd35e9000-7f6fd35ed000 r--s 0009a000 08:09 7085467                    /usr/lib/jvm/java-8-openjdk-amd64/jre/lib/jsse.jar
7f6fd35ed000-7f6fd35f0000 r--s 00014000 08:09 26516293                   /home/hrishi/.eclipse/org.eclipse.platform_4.6.0_1473617060_linux_gtk_x86_64/plugins/fr.irisa.r2d2.parser.runtime_1.0.0.201612051604.jar
7f6fd35f0000-7f6fd35f8000 r--s 0003c000 08:09 26516292                   /home/hrishi/.eclipse/org.eclipse.platform_4.6.0_1473617060_linux_gtk_x86_64/plugins/fr.irisa.r2d2.gecos.framework_1.0.0.201612051604.jar
7f6fd35f8000-7f6fd3602000 r--s 0006c000 08:09 26516357                   /home/hrishi/.eclipse/org.eclipse.platform_4.6.0_1473617060_linux_gtk_x86_64/plugins/org.eclipse.xtext.common.types_2.10.0.v201605250459.jar
7f6fd3602000-7f6fd3632000 r--s 0044d000 08:09 26516369                   /home/hrishi/.eclipse/org.eclipse.platform_4.6.0_1473617060_linux_gtk_x86_64/plugins/org.eclipse.xtext.xbase_2.10.0.v201605250459.jar
7f6fd3632000-7f6fd3635000 r--s 0000f000 08:09 26516352                   /home/hrishi/.eclipse/org.eclipse.platform_4.6.0_1473617060_linux_gtk_x86_64/plugins/org.eclipse.xtend.lib.macro_2.10.0.v201605250459.jar
7f6fd3635000-7f6fd3639000 r--s 00035000 08:09 26516351                   /home/hrishi/.eclipse/org.eclipse.platform_4.6.0_1473617060_linux_gtk_x86_64/plugins/org.eclipse.xtend.lib_2.10.0.v201605250459.jar
7f6fd3639000-7f6fd363a000 r--s 00001000 08:09 26516354                   /home/hrishi/.eclipse/org.eclipse.platform_4.6.0_1473617060_linux_gtk_x86_64/plugins/org.eclipse.xtend2.lib_2.10.0.v201605250459.jar
7f6fd363a000-7f6fd3640000 r--s 0003f000 08:09 26516368                   /home/hrishi/.eclipse/org.eclipse.platform_4.6.0_1473617060_linux_gtk_x86_64/plugins/org.eclipse.xtext.util_2.10.0.v201605250459.jar
7f6fd3640000-7f6fd3671000 r--s 0024b000 08:09 26516355                   /home/hrishi/.eclipse/org.eclipse.platform_4.6.0_1473617060_linux_gtk_x86_64/plugins/org.eclipse.xtext_2.10.0.v201605250459.jar
7f6fd3671000-7f6fd3679000 r--s 00061000 08:09 26516277                   /home/hrishi/.eclipse/org.eclipse.platform_4.6.0_1473617060_linux_gtk_x86_64/plugins/edu.csu.melange.alphabets_0.9.6.201612051604.jar
7f6fd3679000-7f6fd367a000 r--s 00008000 08:09 26516336                   /home/hrishi/.eclipse/org.eclipse.platform_4.6.0_1473617060_linux_gtk_x86_64/plugins/org.polymodel.scop.cgenerator2_1.0.0.201612051604.jar
7f6fd367a000-7f6fd367d000 r--s 00024000 08:09 26516337                   /home/hrishi/.eclipse/org.eclipse.platform_4.6.0_1473617060_linux_gtk_x86_64/plugins/org.polymodel.scop.dtiler_1.0.0.201612051604.jar
7f6fd367d000-7f6fd367e000 r--s 00001000 08:09 26516335                   /home/hrishi/.eclipse/org.eclipse.platform_4.6.0_1473617060_linux_gtk_x86_64/plugins/org.polymodel.scop.bridge.clast_1.0.0.201612051604.jar
7f6fd367e000-7f6fd3683000 r--s 0002a000 08:09 26516334                   /home/hrishi/.eclipse/org.eclipse.platform_4.6.0_1473617060_linux_gtk_x86_64/plugins/org.polymodel.scop_1.0.0.201612051604.jar
7f6fd3683000-7f6fd3696000 r--s 0012e000 08:09 26516300                   /home/hrishi/.eclipse/org.eclipse.platform_4.6.0_1473617060_linux_gtk_x86_64/plugins/org.polymodel.polyhedralIR.codegen_1.0.0.201612051604.jar
7f6fd3696000-7f6fd3699000 r--s 008e1000 08:09 26516287                   /home/hrishi/.eclipse/org.eclipse.platform_4.6.0_1473617060_linux_gtk_x86_64/plugins/fr.irisa.cairn.jnimap.cloog_1.0.0.201612051604.jar
7f6fd3699000-7f6fd369d000 r--s 00031000 08:09 26516341                   /home/hrishi/.eclipse/org.eclipse.platform_4.6.0_1473617060_linux_gtk_x86_64/plugins/org.antlr.runtime_3.2.0.v201101311130.jar
7f6fd369d000-7f6fd369e000 r--s 00011000 08:09 10748494                   /opt/eclipse/plugins/org.apache.commons.logging_1.1.1.v201101211721.jar
7f6fd369e000-7f6fd36a6000 r--s 0005e000 08:09 10748531                   /opt/eclipse/plugins/org.apache.log4j_1.2.15.v201012070815.jar
7f6fd36a6000-7f6fd36a8000 r--s 00008000 08:09 26516346                   /home/hrishi/.eclipse/org.eclipse.platform_4.6.0_1473617060_linux_gtk_x86_64/plugins/org.eclipse.emf.mwe.utils_1.3.20.v201605261103.jar
7f6fd36a8000-7f6fd36a9000 r--s 00003000 08:09 26516348                   /home/hrishi/.eclipse/org.eclipse.platform_4.6.0_1473617060_linux_gtk_x86_64/plugins/org.eclipse.emf.mwe2.runtime_2.9.0.v201605261103.jar
7f6fd36a9000-7f6fd36af000 r--s 0002a000 08:09 26516345                   /home/hrishi/.eclipse/org.eclipse.platform_4.6.0_1473617060_linux_gtk_x86_64/plugins/org.eclipse.emf.mwe.core_1.3.20.v201605261103.jar
7f6fd36af000-7f6fd36b1000 r--s 00009000 08:09 26516279                   /home/hrishi/.eclipse/org.eclipse.platform_4.6.0_1473617060_linux_gtk_x86_64/plugins/edu.csu.melange.affineLattice_1.0.0.jar
7f6fd36b1000-7f6fd36b3000 r--s 00000000 08:09 26516338                   /home/hrishi/.eclipse/org.eclipse.platform_4.6.0_1473617060_linux_gtk_x86_64/plugins/tom.mapping_1.0.0.201612051604.jar
7f6fd36b3000-7f6fd36ba000 r--s 0004d000 08:09 26516333                   /home/hrishi/.eclipse/org.eclipse.platform_4.6.0_1473617060_linux_gtk_x86_64/plugins/org.polymodel.prdg.scheduling_1.0.0.201612051604.jar
7f6fd36ba000-7f6fd36bd000 r--s 0001f000 08:09 26516370                   /home/hrishi/.eclipse/org.eclipse.platform_4.6.0_1473617060_linux_gtk_x86_64/plugins/org.eclipse.xtext.xbase.lib_2.10.0.v201605250459.jar
7f6fd36bd000-7f6fd36bf000 r--s 00004000 08:09 26516299                   /home/hrishi/.eclipse/org.eclipse.platform_4.6.0_1473617060_linux_gtk_x86_64/plugins/org.polymodel.matrix_1.0.0.201612051604.jar
7f6fd36bf000-7f6fd36c9000 r--s 000a4000 08:09 26516295                   /home/hrishi/.eclipse/org.eclipse.platform_4.6.0_1473617060_linux_gtk_x86_64/plugins/org.polymodel.algebra_1.0.0.201612051604.jar
7f6fd36c9000-7f6fd36f3000 r--s 001ff000 08:09 10749007                   /opt/eclipse/plugins/com.google.guava_15.0.0.v201403281430.jar
7f6fd36f3000-7f6fd3823000 r--s 010bc000 08:09 28708362                   /home/hrishi/.eclipse/org.eclipse.platform_4.6.0_1473617060_linux_gtk_x86_64/plugins/fr.irisa.cairn.eclipse.tom_2.10.0.201612051604/libs/aircube-bundle.jar
7f6fd3823000-7f6fd3824000 ---p 00000000 00:00 0 
7f6fd3824000-7f6fd3924000 rw-p 00000000 00:00 0 
7f6fd3924000-7f6fd3927000 ---p 00000000 00:00 0 
7f6fd3927000-7f6fd3a25000 rw-p 00000000 00:00 0 
7f6fd3a25000-7f6fd3a28000 ---p 00000000 00:00 0 
7f6fd3a28000-7f6fd3b26000 rw-p 00000000 00:00 0 
7f6fd3b26000-7f6fd3b29000 ---p 00000000 00:00 0 
7f6fd3b29000-7f6fd3c27000 rw-p 00000000 00:00 0 
7f6fd3c27000-7f6fd3c2a000 ---p 00000000 00:00 0 
7f6fd3c2a000-7f6fd3d28000 rw-p 00000000 00:00 0 
7f6fd3d28000-7f6fd4000000 r--p 00000000 08:09 2887360                    /usr/lib/locale/locale-archive
7f6fd4000000-7f6fd4021000 rw-p 00000000 00:00 0 
7f6fd4021000-7f6fd8000000 ---p 00000000 00:00 0 
7f6fd8000000-7f6fd8001000 r--s 0000b000 08:09 26516339                   /home/hrishi/.eclipse/org.eclipse.platform_4.6.0_1473617060_linux_gtk_x86_64/plugins/org.apache.commons.cli_1.2.0.v201404270220.jar
7f6fd8001000-7f6fd8003000 r--s 00005000 08:09 26516332                   /home/hrishi/.eclipse/org.eclipse.platform_4.6.0_1473617060_linux_gtk_x86_64/plugins/org.polymodel.prdg.adapter_1.0.0.201612051604.jar
7f6fd8003000-7f6fd8005000 r--s 00009000 08:09 26516301                   /home/hrishi/.eclipse/org.eclipse.platform_4.6.0_1473617060_linux_gtk_x86_64/plugins/org.polymodel.prdg_1.0.0.201612051604.jar
7f6fd8005000-7f6fd8007000 r--s 00013000 08:09 26516297                   /home/hrishi/.eclipse/org.eclipse.platform_4.6.0_1473617060_linux_gtk_x86_64/plugins/org.polymodel.isl_1.0.0.201612051604.jar
7f6fd8007000-7f6fd800a000 r--s 0002b000 08:09 26516294                   /home/hrishi/.eclipse/org.eclipse.platform_4.6.0_1473617060_linux_gtk_x86_64/plugins/org.polymodel_1.0.0.201612051604.jar
7f6fd800a000-7f6fd800b000 r--s 0000f000 08:09 28708338                   /home/hrishi/.eclipse/org.eclipse.platform_4.6.0_1473617060_linux_gtk_x86_64/plugins/fr.irisa.cairn.tools_1.0.0.201612051604/lib/javatuples-1.2.jar
7f6fd800b000-7f6fd800e000 r--s 00037000 08:09 28708336                   /home/hrishi/.eclipse/org.eclipse.platform_4.6.0_1473617060_linux_gtk_x86_64/plugins/fr.irisa.cairn.tools_1.0.0.201612051604/lib/javatuples-1.2-javadoc.jar
7f6fd800e000-7f6fd8013000 r--s 00b6c000 08:09 26516288                   /home/hrishi/.eclipse/org.eclipse.platform_4.6.0_1473617060_linux_gtk_x86_64/plugins/fr.irisa.cairn.jnimap.isl_2.1.0.201612051604.jar
7f6fd8013000-7f6fd801e000 r--s 00077000 08:09 10748760                   /opt/eclipse/plugins/com.google.inject_3.0.0.v201605172100.jar
7f6fd801e000-7f6fd804e000 rw-p 00000000 00:00 0 
7f6fd804e000-7f6fd8051000 ---p 00000000 00:00 0 
7f6fd8051000-7f6fd814f000 rw-p 00000000 00:00 0 
7f6fd814f000-7f6fd8152000 ---p 00000000 00:00 0 
7f6fd8152000-7f6fdc000000 rw-p 00000000 00:00 0 
7f6fdc000000-7f6fdc021000 rw-p 00000000 00:00 0 
7f6fdc021000-7f6fe0000000 ---p 00000000 00:00 0 
7f6fe0000000-7f6fe0001000 r--s 0000b000 08:09 28708337                   /home/hrishi/.eclipse/org.eclipse.platform_4.6.0_1473617060_linux_gtk_x86_64/plugins/fr.irisa.cairn.tools_1.0.0.201612051604/lib/javatuples-1.2-sources.jar
7f6fe0001000-7f6fe0002000 r--s 00000000 08:09 26516289                   /home/hrishi/.eclipse/org.eclipse.platform_4.6.0_1473617060_linux_gtk_x86_64/plugins/fr.irisa.cairn.jnimap.runtime_1.0.0.201612051604.jar
7f6fe0002000-7f6fe0004000 r--s 00007000 08:09 26516286                   /home/hrishi/.eclipse/org.eclipse.platform_4.6.0_1473617060_linux_gtk_x86_64/plugins/fr.irisa.cairn.graph.guice_1.0.0.201612051604.jar
7f6fe0004000-7f6fe0006000 r--s 00009000 08:09 10748202                   /opt/eclipse/plugins/com.google.inject.multibindings_3.0.0.v201605172100.jar
7f6fe0006000-7f6fe001e000 r--s 0015b000 08:09 28061747                   /home/hrishi/.eclipse/org.eclipse.platform_4.6.0_1473617060_linux_gtk_x86_64/plugins/fr.irisa.cairn.graph_1.0.0.201612051604/lib/jgrapht-ext-0.9.1-uber.jar
7f6fe001e000-7f6fe0022000 r--s 00035000 08:09 10748985                   /opt/eclipse/plugins/org.eclipse.emf.ecore.xmi_2.12.0.v20160420-0247.jar
7f6fe0022000-7f6fe0029000 r--s 00051000 08:09 10748503                   /opt/eclipse/plugins/org.eclipse.emf.common_2.12.0.v20160420-0247.jar
7f6fe0029000-7f6fe003b000 r--s 00111000 08:09 10748217                   /opt/eclipse/plugins/org.eclipse.emf.ecore_2.12.0.v20160420-0247.jar
7f6fe003b000-7f6fe0040000 r--s 00030000 08:09 10748396                   /opt/eclipse/plugins/org.eclipse.ui.console_3.6.200.v20160518-1858.jar
7f6fe0040000-7f6fe0082000 r--s 00398000 08:09 10748311                   /opt/eclipse/plugins/org.eclipse.ui.workbench_3.108.0.v20160602-1232.jar
7f6fe0082000-7f6fe0086000 r--s 00019000 08:09 10748602                   /opt/eclipse/plugins/org.eclipse.core.commands_3.8.0.v20160316-1921.jar
7f6fe0086000-7f6fe0098000 r--s 000f8000 08:09 10748780                   /opt/eclipse/plugins/org.eclipse.jface_3.12.0.v20160518-1929.jar
7f6fe0098000-7f6fe00ad000 r--s 0028f000 08:09 10748863                   /opt/eclipse/plugins/org.eclipse.swt.gtk.linux.x86_64_3.105.0.v20160603-0902.jar
7f6fe00ad000-7f6fe00b6000 r--s 00058000 08:09 10748604                   /opt/eclipse/plugins/org.eclipse.ui_3.108.0.v20160518-1929.jar
7f6fe00b6000-7f6fe00b8000 r--s 00014000 08:09 10748222                   /opt/eclipse/plugins/org.eclipse.equinox.app_1.3.400.v20150715-1528.jar
7f6fe00b8000-7f6fe00ba000 r--s 00017000 08:09 10748774                   /opt/eclipse/plugins/org.eclipse.core.contenttype_3.5.100.v20160418-1621.jar
7f6fe00ba000-7f6fe00bd000 r--s 0001e000 08:09 10748508                   /opt/eclipse/plugins/org.eclipse.equinox.preferences_3.6.0.v20160120-1756.jar
7f6fe00bd000-7f6fe00c1000 r--s 0002a000 08:09 10749014                   /opt/eclipse/plugins/org.eclipse.equinox.registry_3.6.100.v20160223-2218.jar
7f6fe00c1000-7f6fe00c4000 r--s 00019000 08:09 10748931                   /opt/eclipse/plugins/org.eclipse.core.jobs_3.8.0.v20160509-0411.jar
7f6fe00c4000-7f6fe00c7000 r--s 0001b000 08:09 10748983                   /opt/eclipse/plugins/org.eclipse.equinox.common_3.8.0.v20160509-1230.jar
7f6fe00c7000-7f6fe00ca000 r--s 00039000 08:09 10748174                   /opt/eclipse/plugins/org.eclipse.osgi.compatibility.state_1.0.200.v20160504-1419.jar
7f6fe00ca000-7f6fe00df000 r--s 0013d000 08:09 10748755                   /opt/eclipse/plugins/org.eclipse.osgi_3.11.0.v20160603-1336.jar
7f6fe00df000-7f6fe00e1000 r--s 00003000 08:09 10748526                   /opt/eclipse/plugins/javax.inject_1.0.0.v20091030.jar
7f6fe00e1000-7f6fe00e3000 r--s 00011000 08:09 10748883                   /opt/eclipse/plugins/org.eclipse.core.runtime_3.12.0.v20160606-1342.jar
7f6fe00e3000-7f6fe00e7000 r--s 00037000 08:09 7085460                    /usr/lib/jvm/java-8-openjdk-amd64/jre/lib/ext/sunpkcs11.jar
7f6fe00e7000-7f6fe00f1000 r--s 00116000 08:09 7085461                    /usr/lib/jvm/java-8-openjdk-amd64/jre/lib/ext/localedata.jar
7f6fe00f1000-7f6fe00f4000 ---p 00000000 00:00 0 
7f6fe00f4000-7f6fe01f2000 rw-p 00000000 00:00 0 
7f6fe01f2000-7f6fe01f3000 ---p 00000000 00:00 0 
7f6fe01f3000-7f6fe1000000 rw-p 00000000 00:00 0 
7f6fe1000000-7f6fe1710000 rwxp 00000000 00:00 0 
7f6fe1710000-7f6ff0000000 ---p 00000000 00:00 0 
7f6ff0000000-7f6ff0aec000 rw-p 00000000 00:00 0 
7f6ff0aec000-7f6ff4000000 ---p 00000000 00:00 0 
7f6ff4000000-7f6ff4001000 r--s 00002000 08:09 10748530                   /opt/eclipse/plugins/org.eclipse.e4.ui.workbench3_0.13.100.v20160506-0759.jar
7f6ff4001000-7f6ff4004000 r--s 0000f000 08:09 7085457                    /usr/lib/jvm/java-8-openjdk-amd64/jre/lib/ext/icedtea-sound.jar
7f6ff4004000-7f6ff4009000 r--s 0003b000 08:09 7085462                    /usr/lib/jvm/java-8-openjdk-amd64/jre/lib/ext/sunjce_provider.jar
7f6ff4009000-7f6ff4024000 r--s 001d6000 08:09 7085455                    /usr/lib/jvm/java-8-openjdk-amd64/jre/lib/ext/nashorn.jar
7f6ff4024000-7f6ff42f7000 rw-p 00000000 00:00 0 
7f6ff42f7000-7f6ff44c5000 r--s 03c06000 08:09 7087811                    /usr/lib/jvm/java-8-openjdk-amd64/jre/lib/rt.jar
7f6ff44c5000-7f6ff5116000 rw-p 00000000 00:00 0 
7f6ff5116000-7f6ff5117000 ---p 00000000 00:00 0 
7f6ff5117000-7f6ff5217000 rw-p 00000000 00:00 0 
7f6ff5217000-7f6ff5218000 ---p 00000000 00:00 0 
7f6ff5218000-7f6ff5318000 rw-p 00000000 00:00 0 
7f6ff5318000-7f6ff5319000 ---p 00000000 00:00 0 
7f6ff5319000-7f6ff5419000 rw-p 00000000 00:00 0 
7f6ff5419000-7f6ff541a000 ---p 00000000 00:00 0 
7f6ff541a000-7f6ff5544000 rw-p 00000000 00:00 0 
7f6ff5544000-7f6ff57ac000 ---p 00000000 00:00 0 
7f6ff57ac000-7f6ff57d6000 rw-p 00000000 00:00 0 
7f6ff57d6000-7f6ff5a3e000 ---p 00000000 00:00 0 
7f6ff5a3e000-7f6ff5a62000 rw-p 00000000 00:00 0 
7f6ff5a62000-7f6ff5b87000 ---p 00000000 00:00 0 
7f6ff5b87000-7f6ff5ba5000 rw-p 00000000 00:00 0 
7f6ff5ba5000-7f6ff5f48000 ---p 00000000 00:00 0 
7f6ff5f48000-7f6ff5f50000 r-xp 00000000 08:09 7085419                    /usr/lib/jvm/java-8-openjdk-amd64/jre/lib/amd64/libzip.so
7f6ff5f50000-7f6ff614f000 ---p 00008000 08:09 7085419                    /usr/lib/jvm/java-8-openjdk-amd64/jre/lib/amd64/libzip.so
7f6ff614f000-7f6ff6150000 r--p 00007000 08:09 7085419                    /usr/lib/jvm/java-8-openjdk-amd64/jre/lib/amd64/libzip.so
7f6ff6150000-7f6ff6151000 rw-p 00008000 08:09 7085419                    /usr/lib/jvm/java-8-openjdk-amd64/jre/lib/amd64/libzip.so
7f6ff6151000-7f6ff615c000 r-xp 00000000 08:09 24382890                   /lib/x86_64-linux-gnu/libnss_files-2.23.so
7f6ff615c000-7f6ff635b000 ---p 0000b000 08:09 24382890                   /lib/x86_64-linux-gnu/libnss_files-2.23.so
7f6ff635b000-7f6ff635c000 r--p 0000a000 08:09 24382890                   /lib/x86_64-linux-gnu/libnss_files-2.23.so
7f6ff635c000-7f6ff635d000 rw-p 0000b000 08:09 24382890                   /lib/x86_64-linux-gnu/libnss_files-2.23.so
7f6ff635d000-7f6ff6363000 rw-p 00000000 00:00 0 
7f6ff6363000-7f6ff636e000 r-xp 00000000 08:09 24382881                   /lib/x86_64-linux-gnu/libnss_nis-2.23.so
7f6ff636e000-7f6ff656d000 ---p 0000b000 08:09 24382881                   /lib/x86_64-linux-gnu/libnss_nis-2.23.so
7f6ff656d000-7f6ff656e000 r--p 0000a000 08:09 24382881                   /lib/x86_64-linux-gnu/libnss_nis-2.23.so
7f6ff656e000-7f6ff656f000 rw-p 0000b000 08:09 24382881                   /lib/x86_64-linux-gnu/libnss_nis-2.23.so
7f6ff656f000-7f6ff6585000 r-xp 00000000 08:09 24382883                   /lib/x86_64-linux-gnu/libnsl-2.23.so
7f6ff6585000-7f6ff6784000 ---p 00016000 08:09 24382883                   /lib/x86_64-linux-gnu/libnsl-2.23.so
7f6ff6784000-7f6ff6785000 r--p 00015000 08:09 24382883                   /lib/x86_64-linux-gnu/libnsl-2.23.so
7f6ff6785000-7f6ff6786000 rw-p 00016000 08:09 24382883                   /lib/x86_64-linux-gnu/libnsl-2.23.so
7f6ff6786000-7f6ff6788000 rw-p 00000000 00:00 0 
7f6ff6788000-7f6ff6790000 r-xp 00000000 08:09 24382892                   /lib/x86_64-linux-gnu/libnss_compat-2.23.so
7f6ff6790000-7f6ff698f000 ---p 00008000 08:09 24382892                   /lib/x86_64-linux-gnu/libnss_compat-2.23.so
7f6ff698f000-7f6ff6990000 r--p 00007000 08:09 24382892                   /lib/x86_64-linux-gnu/libnss_compat-2.23.so
7f6ff6990000-7f6ff6991000 rw-p 00008000 08:09 24382892                   /lib/x86_64-linux-gnu/libnss_compat-2.23.so
7f6ff6991000-7f6ff69be000 r-xp 00000000 08:09 7085444                    /usr/lib/jvm/java-8-openjdk-amd64/jre/lib/amd64/libjava.so
7f6ff69be000-7f6ff6bbd000 ---p 0002d000 08:09 7085444                    /usr/lib/jvm/java-8-openjdk-amd64/jre/lib/amd64/libjava.so
7f6ff6bbd000-7f6ff6bbe000 r--p 0002c000 08:09 7085444                    /usr/lib/jvm/java-8-openjdk-amd64/jre/lib/amd64/libjava.so
7f6ff6bbe000-7f6ff6bc0000 rw-p 0002d000 08:09 7085444                    /usr/lib/jvm/java-8-openjdk-amd64/jre/lib/amd64/libjava.so
7f6ff6bc0000-7f6ff6bcf000 r-xp 00000000 08:09 7085412                    /usr/lib/jvm/java-8-openjdk-amd64/jre/lib/amd64/libverify.so
7f6ff6bcf000-7f6ff6dce000 ---p 0000f000 08:09 7085412                    /usr/lib/jvm/java-8-openjdk-amd64/jre/lib/amd64/libverify.so
7f6ff6dce000-7f6ff6dd0000 r--p 0000e000 08:09 7085412                    /usr/lib/jvm/java-8-openjdk-amd64/jre/lib/amd64/libverify.so
7f6ff6dd0000-7f6ff6dd1000 rw-p 00010000 08:09 7085412                    /usr/lib/jvm/java-8-openjdk-amd64/jre/lib/amd64/libverify.so
7f6ff6dd1000-7f6ff6dd8000 r-xp 00000000 08:09 24382893                   /lib/x86_64-linux-gnu/librt-2.23.so
7f6ff6dd8000-7f6ff6fd7000 ---p 00007000 08:09 24382893                   /lib/x86_64-linux-gnu/librt-2.23.so
7f6ff6fd7000-7f6ff6fd8000 r--p 00006000 08:09 24382893                   /lib/x86_64-linux-gnu/librt-2.23.so
7f6ff6fd8000-7f6ff6fd9000 rw-p 00007000 08:09 24382893                   /lib/x86_64-linux-gnu/librt-2.23.so
7f6ff6fd9000-7f6ff6fef000 r-xp 00000000 08:09 24383888                   /lib/x86_64-linux-gnu/libgcc_s.so.1
7f6ff6fef000-7f6ff71ee000 ---p 00016000 08:09 24383888                   /lib/x86_64-linux-gnu/libgcc_s.so.1
7f6ff71ee000-7f6ff71ef000 rw-p 00015000 08:09 24383888                   /lib/x86_64-linux-gnu/libgcc_s.so.1
7f6ff71ef000-7f6ff72f7000 r-xp 00000000 08:09 24382882                   /lib/x86_64-linux-gnu/libm-2.23.so
7f6ff72f7000-7f6ff74f6000 ---p 00108000 08:09 24382882                   /lib/x86_64-linux-gnu/libm-2.23.so
7f6ff74f6000-7f6ff74f7000 r--p 00107000 08:09 24382882                   /lib/x86_64-linux-gnu/libm-2.23.so
7f6ff74f7000-7f6ff74f8000 rw-p 00108000 08:09 24382882                   /lib/x86_64-linux-gnu/libm-2.23.so
7f6ff74f8000-7f6ff766a000 r-xp 00000000 08:09 2888511                    /usr/lib/x86_64-linux-gnu/libstdc++.so.6.0.21
7f6ff766a000-7f6ff786a000 ---p 00172000 08:09 2888511                    /usr/lib/x86_64-linux-gnu/libstdc++.so.6.0.21
7f6ff786a000-7f6ff7874000 r--p 00172000 08:09 2888511                    /usr/lib/x86_64-linux-gnu/libstdc++.so.6.0.21
7f6ff7874000-7f6ff7876000 rw-p 0017c000 08:09 2888511                    /usr/lib/x86_64-linux-gnu/libstdc++.so.6.0.21
7f6ff7876000-7f6ff787a000 rw-p 00000000 00:00 0 
7f6ff787a000-7f6ff84ca000 r-xp 00000000 08:09 7085439                    /usr/lib/jvm/java-8-openjdk-amd64/jre/lib/amd64/server/libjvm.so
7f6ff84ca000-7f6ff86c9000 ---p 00c50000 08:09 7085439                    /usr/lib/jvm/java-8-openjdk-amd64/jre/lib/amd64/server/libjvm.so
7f6ff86c9000-7f6ff875c000 r--p 00c4f000 08:09 7085439                    /usr/lib/jvm/java-8-openjdk-amd64/jre/lib/amd64/server/libjvm.so
7f6ff875c000-7f6ff8785000 rw-p 00ce2000 08:09 7085439                    /usr/lib/jvm/java-8-openjdk-amd64/jre/lib/amd64/server/libjvm.so
7f6ff8785000-7f6ff87b5000 rw-p 00000000 00:00 0 
7f6ff87b5000-7f6ff87cd000 r-xp 00000000 08:09 24382897                   /lib/x86_64-linux-gnu/libpthread-2.23.so
7f6ff87cd000-7f6ff89cc000 ---p 00018000 08:09 24382897                   /lib/x86_64-linux-gnu/libpthread-2.23.so
7f6ff89cc000-7f6ff89cd000 r--p 00017000 08:09 24382897                   /lib/x86_64-linux-gnu/libpthread-2.23.so
7f6ff89cd000-7f6ff89ce000 rw-p 00018000 08:09 24382897                   /lib/x86_64-linux-gnu/libpthread-2.23.so
7f6ff89ce000-7f6ff89d2000 rw-p 00000000 00:00 0 
7f6ff89d2000-7f6ff89d5000 r-xp 00000000 08:09 24382880                   /lib/x86_64-linux-gnu/libdl-2.23.so
7f6ff89d5000-7f6ff8bd4000 ---p 00003000 08:09 24382880                   /lib/x86_64-linux-gnu/libdl-2.23.so
7f6ff8bd4000-7f6ff8bd5000 r--p 00002000 08:09 24382880                   /lib/x86_64-linux-gnu/libdl-2.23.so
7f6ff8bd5000-7f6ff8bd6000 rw-p 00003000 08:09 24382880                   /lib/x86_64-linux-gnu/libdl-2.23.so
7f6ff8bd6000-7f6ff8bef000 r-xp 00000000 08:09 24384041                   /lib/x86_64-linux-gnu/libz.so.1.2.8
7f6ff8bef000-7f6ff8dee000 ---p 00019000 08:09 24384041                   /lib/x86_64-linux-gnu/libz.so.1.2.8
7f6ff8dee000-7f6ff8def000 r--p 00018000 08:09 24384041                   /lib/x86_64-linux-gnu/libz.so.1.2.8
7f6ff8def000-7f6ff8df0000 rw-p 00019000 08:09 24384041                   /lib/x86_64-linux-gnu/libz.so.1.2.8
7f6ff8df0000-7f6ff8faf000 r-xp 00000000 08:09 24382884                   /lib/x86_64-linux-gnu/libc-2.23.so
7f6ff8faf000-7f6ff91af000 ---p 001bf000 08:09 24382884                   /lib/x86_64-linux-gnu/libc-2.23.so
7f6ff91af000-7f6ff91b3000 r--p 001bf000 08:09 24382884                   /lib/x86_64-linux-gnu/libc-2.23.so
7f6ff91b3000-7f6ff91b5000 rw-p 001c3000 08:09 24382884                   /lib/x86_64-linux-gnu/libc-2.23.so
7f6ff91b5000-7f6ff91b9000 rw-p 00000000 00:00 0 
7f6ff91b9000-7f6ff91c6000 r-xp 00000000 08:09 7085434                    /usr/lib/jvm/java-8-openjdk-amd64/jre/lib/amd64/jli/libjli.so
7f6ff91c6000-7f6ff93c6000 ---p 0000d000 08:09 7085434                    /usr/lib/jvm/java-8-openjdk-amd64/jre/lib/amd64/jli/libjli.so
7f6ff93c6000-7f6ff93c7000 r--p 0000d000 08:09 7085434                    /usr/lib/jvm/java-8-openjdk-amd64/jre/lib/amd64/jli/libjli.so
7f6ff93c7000-7f6ff93c8000 rw-p 0000e000 08:09 7085434                    /usr/lib/jvm/java-8-openjdk-amd64/jre/lib/amd64/jli/libjli.so
7f6ff93c8000-7f6ff93ee000 r-xp 00000000 08:09 24382885                   /lib/x86_64-linux-gnu/ld-2.23.so
7f6ff93ee000-7f6ff93ef000 r--s 00004000 08:09 10748172                   /opt/eclipse/plugins/org.eclipse.swt_3.105.0.v20160603-0902.jar
7f6ff93ef000-7f6ff93f1000 r--s 00001000 08:09 7085456                    /usr/lib/jvm/java-8-openjdk-amd64/jre/lib/ext/dnsns.jar
7f6ff93f1000-7f6ff93f3000 r--s 00008000 08:09 7085454                    /usr/lib/jvm/java-8-openjdk-amd64/jre/lib/ext/sunec.jar
7f6ff93f3000-7f6ff94be000 rw-p 00000000 00:00 0 
7f6ff94be000-7f6ff94c1000 ---p 00000000 00:00 0 
7f6ff94c1000-7f6ff95c4000 rw-p 00000000 00:00 0 
7f6ff95c4000-7f6ff95c5000 r--s 00010000 08:09 7085459                    /usr/lib/jvm/java-8-openjdk-amd64/jre/lib/ext/zipfs.jar
7f6ff95c5000-7f6ff95c6000 r--s 0000a000 08:09 7085463                    /usr/lib/jvm/java-8-openjdk-amd64/jre/lib/ext/jaccess.jar
7f6ff95c6000-7f6ff95e1000 r--s 00394000 08:09 7085458                    /usr/lib/jvm/java-8-openjdk-amd64/jre/lib/ext/cldrdata.jar
7f6ff95e1000-7f6ff95e9000 rw-s 00000000 08:09 18614335                   /tmp/hsperfdata_hrishi/7964 (deleted)
7f6ff95e9000-7f6ff95ea000 rw-p 00000000 00:00 0 
7f6ff95ea000-7f6ff95eb000 ---p 00000000 00:00 0 
7f6ff95eb000-7f6ff95ed000 rw-p 00000000 00:00 0 
7f6ff95ed000-7f6ff95ee000 r--p 00025000 08:09 24382885                   /lib/x86_64-linux-gnu/ld-2.23.so
7f6ff95ee000-7f6ff95ef000 rw-p 00026000 08:09 24382885                   /lib/x86_64-linux-gnu/ld-2.23.so
7f6ff95ef000-7f6ff95f0000 rw-p 00000000 00:00 0 
7ffe9b9cc000-7ffe9b9ef000 rw-p 00000000 00:00 0                          [stack]
7ffe9b9fb000-7ffe9b9fd000 r--p 00000000 00:00 0                          [vvar]
7ffe9b9fd000-7ffe9b9ff000 r-xp 00000000 00:00 0                          [vdso]
ffffffffff600000-ffffffffff601000 r-xp 00000000 00:00 0                  [vsyscall]

VM Arguments:
jvm_args: -Dfile.encoding=UTF-8 
java_command: RCPConsole
java_class_path (initial): /opt/eclipse/plugins/org.eclipse.core.runtime_3.12.0.v20160606-1342.jar:/opt/eclipse/plugins/javax.inject_1.0.0.v20091030.jar:/opt/eclipse/plugins/org.eclipse.osgi_3.11.0.v20160603-1336.jar:/opt/eclipse/plugins/org.eclipse.osgi.compatibility.state_1.0.200.v20160504-1419.jar:/opt/eclipse/plugins/org.eclipse.equinox.common_3.8.0.v20160509-1230.jar:/opt/eclipse/plugins/org.eclipse.core.jobs_3.8.0.v20160509-0411.jar:/opt/eclipse/plugins/org.eclipse.equinox.registry_3.6.100.v20160223-2218.jar:/opt/eclipse/plugins/org.eclipse.equinox.preferences_3.6.0.v20160120-1756.jar:/opt/eclipse/plugins/org.eclipse.core.contenttype_3.5.100.v20160418-1621.jar:/opt/eclipse/plugins/org.eclipse.equinox.app_1.3.400.v20150715-1528.jar:/opt/eclipse/plugins/org.eclipse.ui_3.108.0.v20160518-1929.jar:/opt/eclipse/plugins/org.eclipse.swt_3.105.0.v20160603-0902.jar:/opt/eclipse/plugins/org.eclipse.swt.gtk.linux.x86_64_3.105.0.v20160603-0902.jar:/opt/eclipse/plugins/org.eclipse.jface_3.12.0.v20160518-1929.jar:/opt/eclipse/plugins/org.eclipse.core.commands_3.8.0.v20160316-1921.jar:/opt/eclipse/plugins/org.eclipse.ui.workbench_3.108.0.v20160602-1232.jar:/opt/eclipse/plugins/org.eclipse.e4.ui.workbench3_0.13.100.v20160506-0759.jar:/opt/eclipse/plugins/org.eclipse.ui.console_3.6.200.v20160518-1858.jar:/opt/eclipse/plugins/org.eclipse.emf.ecore_2.12.0.v20160420-0247.jar:/opt/eclipse/plugins/org.eclipse.emf.common_2.12.0.v20160420-0247.jar:/opt/eclipse/plugins/org.eclipse.emf.ecore.xmi_2.12.0.v20160420-0247.jar:/home/hrishi/.eclipse/org.eclipse.platform_4.6.0_1473617060_linux_gtk_x86_64/plugins/fr.irisa.cairn.eclipse.tom_2.10.0.201612051604/libs/aircube-bundle.jar:/home/hrishi/.eclipse/org.eclipse.platform_4.6.0_1473617060_linux_gtk_x86_64/plugins/fr.irisa.cairn.graph_1.0.0.201612051604:/home/hrishi/.eclipse/org.eclipse.platform_4.6.0_1473617060_linux_gtk_x86_64/plugins/fr.irisa.cairn.graph_1.0.0.201612051604/lib/jgrapht-ext-0.9.1-uber.jar:/opt/eclipse/plugins/com.google.inj
Launcher Type: SUN_STANDARD

Environment Variables:
PATH=/home/hrishi/torch/install/bin:/usr/local/sbin:/usr/local/bin:/usr/sbin:/usr/bin:/sbin:/bin:/usr/games:/usr/local/games:/snap/bin
LD_LIBRARY_PATH=/home/hrishi/torch/install/lib:
SHELL=/bin/bash
DISPLAY=:0
DYLD_LIBRARY_PATH=/home/hrishi/torch/install/lib:

Signal Handlers:
SIGSEGV: [libjvm.so+0xa66fd0], sa_mask[0]=11111111011111111101111111111110, sa_flags=SA_RESTART|SA_SIGINFO
SIGBUS: [libjvm.so+0xa66fd0], sa_mask[0]=11111111011111111101111111111110, sa_flags=SA_RESTART|SA_SIGINFO
SIGFPE: [libjvm.so+0x8b0180], sa_mask[0]=11111111011111111101111111111110, sa_flags=SA_RESTART|SA_SIGINFO
SIGPIPE: [libjvm.so+0x8b0180], sa_mask[0]=11111111011111111101111111111110, sa_flags=SA_RESTART|SA_SIGINFO
SIGXFSZ: [libjvm.so+0x8b0180], sa_mask[0]=11111111011111111101111111111110, sa_flags=SA_RESTART|SA_SIGINFO
SIGILL: [libjvm.so+0x8b0180], sa_mask[0]=11111111011111111101111111111110, sa_flags=SA_RESTART|SA_SIGINFO
SIGUSR1: SIG_DFL, sa_mask[0]=00000000000000000000000000000000, sa_flags=none
SIGUSR2: [libjvm.so+0x8b0030], sa_mask[0]=00100000000000000000000000000000, sa_flags=SA_RESTART|SA_SIGINFO
SIGHUP: [libjvm.so+0x8b0500], sa_mask[0]=11111111011111111101111111111110, sa_flags=SA_RESTART|SA_SIGINFO
SIGINT: [libjvm.so+0x8b0500], sa_mask[0]=11111111011111111101111111111110, sa_flags=SA_RESTART|SA_SIGINFO
SIGTERM: [libjvm.so+0x8b0500], sa_mask[0]=11111111011111111101111111111110, sa_flags=SA_RESTART|SA_SIGINFO
SIGQUIT: [libjvm.so+0x8b0500], sa_mask[0]=11111111011111111101111111111110, sa_flags=SA_RESTART|SA_SIGINFO


---------------  S Y S T E M  ---------------

OS:DISTRIB_ID=Ubuntu
DISTRIB_RELEASE=16.04
DISTRIB_CODENAME=xenial
DISTRIB_DESCRIPTION="Ubuntu 16.04 LTS"

uname:Linux 4.4.0-72-generic #93-Ubuntu SMP Fri Mar 31 14:07:41 UTC 2017 x86_64
libc:glibc 2.23 NPTL 2.23 
rlimit: STACK 8192k, CORE 0k, NPROC 31118, NOFILE 65536, AS infinity
load average:1.10 0.31 0.16

/proc/meminfo:
MemTotal:        8084688 kB
MemFree:          950660 kB
MemAvailable:    3630604 kB
Buffers:          617440 kB
Cached:          2436320 kB
SwapCached:        44480 kB
Active:          4830540 kB
Inactive:        1729124 kB
Active(anon):    3343104 kB
Inactive(anon):   607644 kB
Active(file):    1487436 kB
Inactive(file):  1121480 kB
Unevictable:         368 kB
Mlocked:             368 kB
SwapTotal:      12000252 kB
SwapFree:       11631528 kB
Dirty:             65228 kB
Writeback:           164 kB
AnonPages:       3495164 kB
Mapped:           640660 kB
Shmem:            444828 kB
Slab:             423104 kB
SReclaimable:     375904 kB
SUnreclaim:        47200 kB
KernelStack:       12736 kB
PageTables:        59544 kB
NFS_Unstable:          0 kB
Bounce:                0 kB
WritebackTmp:          0 kB
CommitLimit:    16042596 kB
Committed_AS:   10428732 kB
VmallocTotal:   34359738367 kB
VmallocUsed:           0 kB
VmallocChunk:          0 kB
HardwareCorrupted:     0 kB
AnonHugePages:   1572864 kB
CmaTotal:              0 kB
CmaFree:               0 kB
HugePages_Total:       0
HugePages_Free:        0
HugePages_Rsvd:        0
HugePages_Surp:        0
Hugepagesize:       2048 kB
DirectMap4k:      212872 kB
DirectMap2M:     7036928 kB
DirectMap1G:     1048576 kB


CPU:total 4 (2 cores per cpu, 2 threads per core) family 6 model 61 stepping 4, cmov, cx8, fxsr, mmx, sse, sse2, sse3, ssse3, sse4.1, sse4.2, popcnt, avx, avx2, aes, clmul, erms, 3dnowpref, lzcnt, ht, tsc, tscinvbit, bmi1, bmi2, adx

/proc/cpuinfo:
processor	: 0
vendor_id	: GenuineIntel
cpu family	: 6
model		: 61
model name	: Intel(R) Core(TM) i5-5200U CPU @ 2.20GHz
stepping	: 4
microcode	: 0x12
cpu MHz		: 2499.921
cache size	: 3072 KB
physical id	: 0
siblings	: 4
core id		: 0
cpu cores	: 2
apicid		: 0
initial apicid	: 0
fpu		: yes
fpu_exception	: yes
cpuid level	: 20
wp		: yes
flags		: fpu vme de pse tsc msr pae mce cx8 apic sep mtrr pge mca cmov pat pse36 clflush dts acpi mmx fxsr sse sse2 ss ht tm pbe syscall nx pdpe1gb rdtscp lm constant_tsc arch_perfmon pebs bts rep_good nopl xtopology nonstop_tsc aperfmperf eagerfpu pni pclmulqdq dtes64 monitor ds_cpl vmx est tm2 ssse3 sdbg fma cx16 xtpr pdcm pcid sse4_1 sse4_2 x2apic movbe popcnt tsc_deadline_timer aes xsave avx f16c rdrand lahf_lm abm 3dnowprefetch epb intel_pt tpr_shadow vnmi flexpriority ept vpid fsgsbase tsc_adjust bmi1 avx2 smep bmi2 erms invpcid rdseed adx smap xsaveopt dtherm ida arat pln pts
bugs		:
bogomips	: 4390.01
clflush size	: 64
cache_alignment	: 64
address sizes	: 39 bits physical, 48 bits virtual
power management:

processor	: 1
vendor_id	: GenuineIntel
cpu family	: 6
model		: 61
model name	: Intel(R) Core(TM) i5-5200U CPU @ 2.20GHz
stepping	: 4
microcode	: 0x12
cpu MHz		: 2499.921
cache size	: 3072 KB
physical id	: 0
siblings	: 4
core id		: 1
cpu cores	: 2
apicid		: 2
initial apicid	: 2
fpu		: yes
fpu_exception	: yes
cpuid level	: 20
wp		: yes
flags		: fpu vme de pse tsc msr pae mce cx8 apic sep mtrr pge mca cmov pat pse36 clflush dts acpi mmx fxsr sse sse2 ss ht tm pbe syscall nx pdpe1gb rdtscp lm constant_tsc arch_perfmon pebs bts rep_good nopl xtopology nonstop_tsc aperfmperf eagerfpu pni pclmulqdq dtes64 monitor ds_cpl vmx est tm2 ssse3 sdbg fma cx16 xtpr pdcm pcid sse4_1 sse4_2 x2apic movbe popcnt tsc_deadline_timer aes xsave avx f16c rdrand lahf_lm abm 3dnowprefetch epb intel_pt tpr_shadow vnmi flexpriority ept vpid fsgsbase tsc_adjust bmi1 avx2 smep bmi2 erms invpcid rdseed adx smap xsaveopt dtherm ida arat pln pts
bugs		:
bogomips	: 4390.01
clflush size	: 64
cache_alignment	: 64
address sizes	: 39 bits physical, 48 bits virtual
power management:

processor	: 2
vendor_id	: GenuineIntel
cpu family	: 6
model		: 61
model name	: Intel(R) Core(TM) i5-5200U CPU @ 2.20GHz
stepping	: 4
microcode	: 0x12
cpu MHz		: 2499.921
cache size	: 3072 KB
physical id	: 0
siblings	: 4
core id		: 0
cpu cores	: 2
apicid		: 1
initial apicid	: 1
fpu		: yes
fpu_exception	: yes
cpuid level	: 20
wp		: yes
flags		: fpu vme de pse tsc msr pae mce cx8 apic sep mtrr pge mca cmov pat pse36 clflush dts acpi mmx fxsr sse sse2 ss ht tm pbe syscall nx pdpe1gb rdtscp lm constant_tsc arch_perfmon pebs bts rep_good nopl xtopology nonstop_tsc aperfmperf eagerfpu pni pclmulqdq dtes64 monitor ds_cpl vmx est tm2 ssse3 sdbg fma cx16 xtpr pdcm pcid sse4_1 sse4_2 x2apic movbe popcnt tsc_deadline_timer aes xsave avx f16c rdrand lahf_lm abm 3dnowprefetch epb intel_pt tpr_shadow vnmi flexpriority ept vpid fsgsbase tsc_adjust bmi1 avx2 smep bmi2 erms invpcid rdseed adx smap xsaveopt dtherm ida arat pln pts
bugs		:
bogomips	: 4390.01
clflush size	: 64
cache_alignment	: 64
address sizes	: 39 bits physical, 48 bits virtual
power management:

processor	: 3
vendor_id	: GenuineIntel
cpu family	: 6
model		: 61
model name	: Intel(R) Core(TM) i5-5200U CPU @ 2.20GHz
stepping	: 4
microcode	: 0x12
cpu MHz		: 2499.921
cache size	: 3072 KB
physical id	: 0
siblings	: 4
core id		: 1
cpu cores	: 2
apicid		: 3
initial apicid	: 3
fpu		: yes
fpu_exception	: yes
cpuid level	: 20
wp		: yes
flags		: fpu vme de pse tsc msr pae mce cx8 apic sep mtrr pge mca cmov pat pse36 clflush dts acpi mmx fxsr sse sse2 ss ht tm pbe syscall nx pdpe1gb rdtscp lm constant_tsc arch_perfmon pebs bts rep_good nopl xtopology nonstop_tsc aperfmperf eagerfpu pni pclmulqdq dtes64 monitor ds_cpl vmx est tm2 ssse3 sdbg fma cx16 xtpr pdcm pcid sse4_1 sse4_2 x2apic movbe popcnt tsc_deadline_timer aes xsave avx f16c rdrand lahf_lm abm 3dnowprefetch epb intel_pt tpr_shadow vnmi flexpriority ept vpid fsgsbase tsc_adjust bmi1 avx2 smep bmi2 erms invpcid rdseed adx smap xsaveopt dtherm ida arat pln pts
bugs		:
bogomips	: 4390.01
clflush size	: 64
cache_alignment	: 64
address sizes	: 39 bits physical, 48 bits virtual
power management:



Memory: 4k page, physical 8084688k(950660k free), swap 12000252k(11631528k free)

vm_info: OpenJDK 64-Bit Server VM (25.121-b13) for linux-amd64 JRE (1.8.0_121-8u121-b13-0ubuntu1.16.04.2-b13), built on Jan 23 2017 15:51:29 by "buildd" with gcc 5.4.0 20160609

time: Tue Apr 18 15:24:18 2017
elapsed time: 4004 seconds (0d 1h 6m 44s)

