#
# A fatal error has been detected by the Java Runtime Environment:
#
#  SIGSEGV (0xb) at pc=0x0000000000046b20, pid=19260, tid=0x00007fd017ae9700
#
# JRE version: OpenJDK Runtime Environment (8.0_121-b13) (build 1.8.0_121-8u121-b13-0ubuntu1.16.04.2-b13)
# Java VM: OpenJDK 64-Bit Server VM (25.121-b13 mixed mode linux-amd64 compressed oops)
# Problematic frame:
# C  0x0000000000046b20
#
# Failed to write core dump. Core dumps have been disabled. To enable core dumping, try "ulimit -c unlimited" before starting Java again
#
# If you would like to submit a bug report, please visit:
#   http://bugreport.java.com/bugreport/crash.jsp
#

---------------  T H R E A D  ---------------

Current thread is native thread

siginfo: si_signo: 11 (SIGSEGV), si_code: 1 (SEGV_MAPERR), si_addr: 0x0000000000046b20

Registers:
RAX=0x00007fcff910a248, RBX=0x00007fd010899e20, RCX=0x0000000000000000, RDX=0x0000000000000000
RSP=0x00007ffe65624218, RBP=0x00007ffe65624370, RSI=0x0000000000000000, RDI=0x00007fd017318140
R8 =0x0000000000000000, R9 =0x00007fd0176df808, R10=0x00007fd0173180c0, R11=0x00007fd0173532d0
R12=0x00007fcff910a1a8, R13=0x0000000000000000, R14=0x00007ffe65624220, R15=0x0000000000000012
RIP=0x0000000000046b20, EFLAGS=0x0000000000010202, CSGSFS=0x0000000000000033, ERR=0x0000000000000014
  TRAPNO=0x000000000000000e

Top of Stack: (sp=0x00007ffe65624218)
0x00007ffe65624218:   00007fd017901c17 00007fd017b18168
0x00007ffe65624228:   00007fd017b18700 00007fd017b157a8
0x00007ffe65624238:   00007fd0100009a0 00007fd01000b570
0x00007ffe65624248:   00007fd01000cbf0 00007fd01000ba20
0x00007ffe65624258:   00007fd01000d0a0 00007fd010019ae0
0x00007ffe65624268:   00007fd010001bd0 00007fd0100014a0
0x00007ffe65624278:   0000000002201150 0000000002201680
0x00007ffe65624288:   00000000022024c0 0000000002201ba0
0x00007ffe65624298:   00007fd017aeb000 00007fd017aecb00
0x00007ffe656242a8:   00007fd017aec618 00007fd010899e20
0x00007ffe656242b8:   00007fd01089a480 00007fd01089aa10
0x00007ffe656242c8:   00007fd017aec000 00007fd017b179d8
0x00007ffe656242d8:   00007fd017901964 00007ffe65624220
0x00007ffe656242e8:   0000000000000006 00007ffe65624250
0x00007ffe656242f8:   0000000000000001 0000000000000006
0x00007ffe65624308:   00007ffe656242e0 00000017176ddc40
0x00007ffe65624318:   00007ffe65624220 0000001700000000
0x00007ffe65624328:   00007fd017b17048 00007ffe656241f0
0x00007ffe65624338:   0000000000000000 0000000000000001
0x00007ffe65624348:   0000000000000001 0000000000000001
0x00007ffe65624358:   00007fd0176ddc40 0000000000000000
0x00007ffe65624368:   0000000000000000 00007fd0176dc5f8
0x00007ffe65624378:   00007fd017352ff8 00000000004007bc
0x00007ffe65624388:   0000000000000000 0000000000400730
0x00007ffe65624398:   0000000000400630 00007ffe65624490
0x00007ffe656243a8:   00007fd017353045 0000000000400730
0x00007ffe656243b8:   00007fd017339837 0000000000000000
0x00007ffe656243c8:   00007ffe65624498 0000000500000000
0x00007ffe656243d8:   00000000004005e0 0000000000000000
0x00007ffe656243e8:   43879d347c94efe1 0000000000400630
0x00007ffe656243f8:   00007ffe65624490 0000000000000000
0x00007ffe65624408:   0000000000000000 bc7b5770f574efe1 

Instructions: (pc=0x0000000000046b20)
0x0000000000046b00:   
[error occurred during error reporting (printing registers, top of stack, instructions near pc), id 0xb]

Register to memory mapping:

RAX=
[error occurred during error reporting (printing register info), id 0xb]

Stack: [0x00007ffe65529000,0x00007ffe65629000],  sp=0x00007ffe65624218,  free space=1004k
Native frames: (J=compiled Java code, j=interpreted, Vv=VM code, C=native code)
C  0x0000000000046b20


---------------  P R O C E S S  ---------------

VM state:at safepoint (shutting down)

VM Mutex/Monitor currently owned by a thread:  ([mutex/lock_event])
[0x00007fd010009dd0] Threads_lock - owner thread: 0x00007fd01007b000

Heap:
 PSYoungGen      total 68608K, used 48747K [0x00000000d6e00000, 0x00000000db600000, 0x0000000100000000)
  eden space 63488K, 68% used [0x00000000d6e00000,0x00000000d98a2e40,0x00000000dac00000)
  from space 5120K, 99% used [0x00000000db100000,0x00000000db5f8040,0x00000000db600000)
  to   space 5120K, 0% used [0x00000000dac00000,0x00000000dac00000,0x00000000db100000)
 ParOldGen       total 84992K, used 10954K [0x0000000084a00000, 0x0000000089d00000, 0x00000000d6e00000)
  object space 84992K, 12% used [0x0000000084a00000,0x00000000854b2bc8,0x0000000089d00000)
 Metaspace       used 19217K, capacity 19314K, committed 19712K, reserved 1067008K
  class space    used 2489K, capacity 2525K, committed 2560K, reserved 1048576K

Card table byte_map: [0x00007fd000c24000,0x00007fd001000000] byte_map_base: 0x00007fd0007ff000

Marking Bits: (ParMarkBitMap*) 0x00007fd016cc1220
 Begin Bits: [0x00007fcffc7de000, 0x00007fcffe6b6000)
 End Bits:   [0x00007fcffe6b6000, 0x00007fd00058e000)

Polling page: 0x00007fd017b13000

CodeCache: size=245760Kb used=7264Kb max_used=7308Kb free=238495Kb
 bounds [0x00007fd001000000, 0x00007fd001730000, 0x00007fd010000000]
 total_blobs=2642 nmethods=2256 adapters=299
 compilation: enabled

Compilation events (10 events):
Event: 22.206 Thread 0x00007fd0100b5000 2254       3       java.nio.Buffer::remaining (10 bytes)
Event: 22.206 Thread 0x00007fd0100b5000 nmethod 2254 0x00007fd0017085d0 code [0x00007fd001708720, 0x00007fd001708870]
Event: 22.206 Thread 0x00007fd0100b5000 2256       3       java.io.BufferedOutputStream::flushBuffer (29 bytes)
Event: 22.206 Thread 0x00007fd0100b5000 nmethod 2256 0x00007fd0017088d0 code [0x00007fd001708a40, 0x00007fd001708ca8]
Event: 22.208 Thread 0x00007fd0100b0800 nmethod 2249 0x00007fd00170bdd0 code [0x00007fd00170bf80, 0x00007fd00170c3f8]
Event: 22.208 Thread 0x00007fd0100b0800 2250       4       java.util.HashMap::containsKey (18 bytes)
Event: 22.211 Thread 0x00007fd0100b0800 nmethod 2250 0x00007fd00170c810 code [0x00007fd00170c980, 0x00007fd00170cc58]
Event: 22.211 Thread 0x00007fd0100b0800 2251       4       org.eclipse.emf.ecore.util.EcoreEList::newData (12 bytes)
Event: 22.213 Thread 0x00007fd0100b0800 nmethod 2251 0x00007fd00170cf10 code [0x00007fd00170d060, 0x00007fd00170d1f8]
Event: 22.438 Thread 0x00007fd0100b3800 nmethod 1873 0x00007fd001716d50 code [0x00007fd001717780, 0x00007fd00171f470]

GC Heap History (8 events):
Event: 20.264 GC heap before
{Heap before GC invocations=1 (full 0):
 PSYoungGen      total 36864K, used 31744K [0x00000000d6e00000, 0x00000000d9700000, 0x0000000100000000)
  eden space 31744K, 100% used [0x00000000d6e00000,0x00000000d8d00000,0x00000000d8d00000)
  from space 5120K, 0% used [0x00000000d9200000,0x00000000d9200000,0x00000000d9700000)
  to   space 5120K, 0% used [0x00000000d8d00000,0x00000000d8d00000,0x00000000d9200000)
 ParOldGen       total 84992K, used 0K [0x0000000084a00000, 0x0000000089d00000, 0x00000000d6e00000)
  object space 84992K, 0% used [0x0000000084a00000,0x0000000084a00000,0x0000000089d00000)
 Metaspace       used 6651K, capacity 6774K, committed 7040K, reserved 1056768K
  class space    used 737K, capacity 787K, committed 896K, reserved 1048576K
Event: 20.278 GC heap after
Heap after GC invocations=1 (full 0):
 PSYoungGen      total 36864K, used 5106K [0x00000000d6e00000, 0x00000000d9700000, 0x0000000100000000)
  eden space 31744K, 0% used [0x00000000d6e00000,0x00000000d6e00000,0x00000000d8d00000)
  from space 5120K, 99% used [0x00000000d8d00000,0x00000000d91fc928,0x00000000d9200000)
  to   space 5120K, 0% used [0x00000000d9200000,0x00000000d9200000,0x00000000d9700000)
 ParOldGen       total 84992K, used 985K [0x0000000084a00000, 0x0000000089d00000, 0x00000000d6e00000)
  object space 84992K, 1% used [0x0000000084a00000,0x0000000084af66c0,0x0000000089d00000)
 Metaspace       used 6651K, capacity 6774K, committed 7040K, reserved 1056768K
  class space    used 737K, capacity 787K, committed 896K, reserved 1048576K
}
Event: 20.800 GC heap before
{Heap before GC invocations=2 (full 0):
 PSYoungGen      total 36864K, used 36850K [0x00000000d6e00000, 0x00000000d9700000, 0x0000000100000000)
  eden space 31744K, 100% used [0x00000000d6e00000,0x00000000d8d00000,0x00000000d8d00000)
  from space 5120K, 99% used [0x00000000d8d00000,0x00000000d91fc928,0x00000000d9200000)
  to   space 5120K, 0% used [0x00000000d9200000,0x00000000d9200000,0x00000000d9700000)
 ParOldGen       total 84992K, used 985K [0x0000000084a00000, 0x0000000089d00000, 0x00000000d6e00000)
  object space 84992K, 1% used [0x0000000084a00000,0x0000000084af66c0,0x0000000089d00000)
 Metaspace       used 10504K, capacity 10588K, committed 10880K, reserved 1058816K
  class space    used 1312K, capacity 1332K, committed 1408K, reserved 1048576K
Event: 20.825 GC heap after
Heap after GC invocations=2 (full 0):
 PSYoungGen      total 36864K, used 5088K [0x00000000d6e00000, 0x00000000db600000, 0x0000000100000000)
  eden space 31744K, 0% used [0x00000000d6e00000,0x00000000d6e00000,0x00000000d8d00000)
  from space 5120K, 99% used [0x00000000d9200000,0x00000000d96f8020,0x00000000d9700000)
  to   space 5120K, 0% used [0x00000000d8d00000,0x00000000d8d00000,0x00000000d9200000)
 ParOldGen       total 84992K, used 4423K [0x0000000084a00000, 0x0000000089d00000, 0x00000000d6e00000)
  object space 84992K, 5% used [0x0000000084a00000,0x0000000084e51e00,0x0000000089d00000)
 Metaspace       used 10504K, capacity 10588K, committed 10880K, reserved 1058816K
  class space    used 1312K, capacity 1332K, committed 1408K, reserved 1048576K
}
Event: 21.206 GC heap before
{Heap before GC invocations=3 (full 0):
 PSYoungGen      total 36864K, used 36832K [0x00000000d6e00000, 0x00000000db600000, 0x0000000100000000)
  eden space 31744K, 100% used [0x00000000d6e00000,0x00000000d8d00000,0x00000000d8d00000)
  from space 5120K, 99% used [0x00000000d9200000,0x00000000d96f8020,0x00000000d9700000)
  to   space 5120K, 0% used [0x00000000d8d00000,0x00000000d8d00000,0x00000000d9200000)
 ParOldGen       total 84992K, used 4423K [0x0000000084a00000, 0x0000000089d00000, 0x00000000d6e00000)
  object space 84992K, 5% used [0x0000000084a00000,0x0000000084e51e00,0x0000000089d00000)
 Metaspace       used 12583K, capacity 12666K, committed 12928K, reserved 1060864K
  class space    used 1606K, capacity 1657K, committed 1664K, reserved 1048576K
Event: 21.219 GC heap after
Heap after GC invocations=3 (full 0):
 PSYoungGen      total 36864K, used 5104K [0x00000000d6e00000, 0x00000000db600000, 0x0000000100000000)
  eden space 31744K, 0% used [0x00000000d6e00000,0x00000000d6e00000,0x00000000d8d00000)
  from space 5120K, 99% used [0x00000000d8d00000,0x00000000d91fc010,0x00000000d9200000)
  to   space 5120K, 0% used [0x00000000db100000,0x00000000db100000,0x00000000db600000)
 ParOldGen       total 84992K, used 7792K [0x0000000084a00000, 0x0000000089d00000, 0x00000000d6e00000)
  object space 84992K, 9% used [0x0000000084a00000,0x000000008519c240,0x0000000089d00000)
 Metaspace       used 12583K, capacity 12666K, committed 12928K, reserved 1060864K
  class space    used 1606K, capacity 1657K, committed 1664K, reserved 1048576K
}
Event: 21.553 GC heap before
{Heap before GC invocations=4 (full 0):
 PSYoungGen      total 36864K, used 36848K [0x00000000d6e00000, 0x00000000db600000, 0x0000000100000000)
  eden space 31744K, 100% used [0x00000000d6e00000,0x00000000d8d00000,0x00000000d8d00000)
  from space 5120K, 99% used [0x00000000d8d00000,0x00000000d91fc010,0x00000000d9200000)
  to   space 5120K, 0% used [0x00000000db100000,0x00000000db100000,0x00000000db600000)
 ParOldGen       total 84992K, used 7792K [0x0000000084a00000, 0x0000000089d00000, 0x00000000d6e00000)
  object space 84992K, 9% used [0x0000000084a00000,0x000000008519c240,0x0000000089d00000)
 Metaspace       used 15180K, capacity 15270K, committed 15616K, reserved 1062912K
  class space    used 1989K, capacity 2011K, committed 2048K, reserved 1048576K
Event: 21.621 GC heap after
Heap after GC invocations=4 (full 0):
 PSYoungGen      total 68608K, used 5088K [0x00000000d6e00000, 0x00000000db600000, 0x0000000100000000)
  eden space 63488K, 0% used [0x00000000d6e00000,0x00000000d6e00000,0x00000000dac00000)
  from space 5120K, 99% used [0x00000000db100000,0x00000000db5f8040,0x00000000db600000)
  to   space 5120K, 0% used [0x00000000dac00000,0x00000000dac00000,0x00000000db100000)
 ParOldGen       total 84992K, used 10954K [0x0000000084a00000, 0x0000000089d00000, 0x00000000d6e00000)
  object space 84992K, 12% used [0x0000000084a00000,0x00000000854b2bc8,0x0000000089d00000)
 Metaspace       used 15180K, capacity 15270K, committed 15616K, reserved 1062912K
  class space    used 1989K, capacity 2011K, committed 2048K, reserved 1048576K
}

Deoptimization events (10 events):
Event: 21.891 Thread 0x00007fd01000d800 Uncommon trap: reason=array_check action=maybe_recompile pc=0x00007fd0015d2448 method=org.eclipse.emf.common.util.BasicEList.assign(ILjava/lang/Object;)Ljava/lang/Object; @ 6
Event: 21.891 Thread 0x00007fd01000d800 Uncommon trap: reason=array_check action=maybe_recompile pc=0x00007fd0015d2448 method=org.eclipse.emf.common.util.BasicEList.assign(ILjava/lang/Object;)Ljava/lang/Object; @ 6
Event: 21.892 Thread 0x00007fd01000d800 Uncommon trap: reason=array_check action=maybe_recompile pc=0x00007fd0015d2448 method=org.eclipse.emf.common.util.BasicEList.assign(ILjava/lang/Object;)Ljava/lang/Object; @ 6
Event: 21.960 Thread 0x00007fd01000d800 Uncommon trap: reason=unstable_if action=reinterpret pc=0x00007fd0015d19c0 method=java.util.HashMap.hash(Ljava/lang/Object;)I @ 1
Event: 21.960 Thread 0x00007fd01000d800 Uncommon trap: reason=unstable_if action=reinterpret pc=0x00007fd001217330 method=java.util.HashMap.hash(Ljava/lang/Object;)I @ 1
Event: 21.963 Thread 0x00007fd01000d800 Uncommon trap: reason=unstable_if action=reinterpret pc=0x00007fd0013c9114 method=java.util.HashMap.hash(Ljava/lang/Object;)I @ 1
Event: 21.965 Thread 0x00007fd01000d800 Uncommon trap: reason=unstable_if action=reinterpret pc=0x00007fd0011f0d28 method=java.util.HashMap.hash(Ljava/lang/Object;)I @ 1
Event: 22.041 Thread 0x00007fd01000d800 Uncommon trap: reason=bimorphic action=maybe_recompile pc=0x00007fd0015408e8 method=org.eclipse.emf.ecore.util.EContentsEList$FeatureIteratorImpl.hasNext()Z @ 279
Event: 22.042 Thread 0x00007fd01000d800 Uncommon trap: reason=bimorphic action=maybe_recompile pc=0x00007fd0015408e8 method=org.eclipse.emf.ecore.util.EContentsEList$FeatureIteratorImpl.hasNext()Z @ 279
Event: 18427.789 Thread 0x00007fd01000d800 Uncommon trap: reason=null_check action=make_not_entrant pc=0x00007fd00169b6ec method=java.lang.StringCoding.deref(Ljava/lang/ThreadLocal;)Ljava/lang/Object; @ 4

Internal exceptions (10 events):
Event: 18381.234 Thread 0x00007fd01000d800 Exception <a 'java/io/IOException'> (0x00000000d9722b20) thrown at [/build/openjdk-8-YiEakL/openjdk-8-8u121-b13/src/hotspot/src/share/vm/prims/jni.cpp, line 709]
Event: 18381.234 Thread 0x00007fd01000d800 Exception <a 'java/io/IOException'> (0x00000000d9722db8) thrown at [/build/openjdk-8-YiEakL/openjdk-8-8u121-b13/src/hotspot/src/share/vm/prims/jni.cpp, line 709]
Event: 18381.347 Thread 0x00007fd01000d800 Exception <a 'java/io/IOException'> (0x00000000d9723020) thrown at [/build/openjdk-8-YiEakL/openjdk-8-8u121-b13/src/hotspot/src/share/vm/prims/jni.cpp, line 709]
Event: 18388.938 Thread 0x00007fd01000d800 Exception <a 'java/io/IOException'> (0x00000000d9723810) thrown at [/build/openjdk-8-YiEakL/openjdk-8-8u121-b13/src/hotspot/src/share/vm/prims/jni.cpp, line 709]
Event: 18388.938 Thread 0x00007fd01000d800 Exception <a 'java/io/IOException'> (0x00000000d9723aa8) thrown at [/build/openjdk-8-YiEakL/openjdk-8-8u121-b13/src/hotspot/src/share/vm/prims/jni.cpp, line 709]
Event: 18388.938 Thread 0x00007fd01000d800 Exception <a 'java/io/IOException'> (0x00000000d9723d10) thrown at [/build/openjdk-8-YiEakL/openjdk-8-8u121-b13/src/hotspot/src/share/vm/prims/jni.cpp, line 709]
Event: 18388.938 Thread 0x00007fd01000d800 Exception <a 'java/io/IOException'> (0x00000000d97242c8) thrown at [/build/openjdk-8-YiEakL/openjdk-8-8u121-b13/src/hotspot/src/share/vm/prims/jni.cpp, line 709]
Event: 18388.938 Thread 0x00007fd01000d800 Exception <a 'java/io/IOException'> (0x00000000d9724560) thrown at [/build/openjdk-8-YiEakL/openjdk-8-8u121-b13/src/hotspot/src/share/vm/prims/jni.cpp, line 709]
Event: 18388.939 Thread 0x00007fd01000d800 Exception <a 'java/io/IOException'> (0x00000000d97247c8) thrown at [/build/openjdk-8-YiEakL/openjdk-8-8u121-b13/src/hotspot/src/share/vm/prims/jni.cpp, line 709]
Event: 18427.686 Thread 0x00007fd01000d800 Implicit null exception at 0x00007fd00169b0cd to 0x00007fd00169b6d5

Events (10 events):
Event: 18414.501 Executing VM operation: RevokeBias done
Event: 18417.633 Executing VM operation: RevokeBias
Event: 18417.633 Executing VM operation: RevokeBias done
Event: 18417.633 Executing VM operation: RevokeBias
Event: 18417.633 Executing VM operation: RevokeBias done
Event: 18417.678 Thread 0x00007fd0103fd000 Thread exited: 0x00007fd0103fd000
Event: 18427.717 Thread 0x00007fd01000d800 Uncommon trap: trap_request=0xfffffff4 fr.pc=0x00007fd00169b6ec
Event: 18428.637 Thread 0x00007fd01000d800 DEOPT PACKING pc=0x00007fd00169b6ec sp=0x00007fd017ae61c0
Event: 18429.185 Thread 0x00007fd01000d800 DEOPT UNPACKING pc=0x00007fd001004f69 sp=0x00007fd017ae60c0 mode 2
Event: 18433.936 Thread 0x00007fd01000d800 Thread exited: 0x00007fd01000d800


Dynamic libraries:
00400000-00401000 r-xp 00000000 08:09 7087821                            /usr/lib/jvm/java-8-openjdk-amd64/jre/bin/java
00600000-00601000 r--p 00000000 08:09 7087821                            /usr/lib/jvm/java-8-openjdk-amd64/jre/bin/java
00601000-00602000 rw-p 00001000 08:09 7087821                            /usr/lib/jvm/java-8-openjdk-amd64/jre/bin/java
02201000-02222000 rw-p 00000000 00:00 0                                  [heap]
84a00000-89d00000 rw-p 00000000 00:00 0 
89d00000-d6e00000 ---p 00000000 00:00 0 
d6e00000-db600000 rw-p 00000000 00:00 0 
db600000-100000000 ---p 00000000 00:00 0 
100000000-100280000 rw-p 00000000 00:00 0 
100280000-140000000 ---p 00000000 00:00 0 
7fcfb4000000-7fcfb4021000 rw-p 00000000 00:00 0 
7fcfb4021000-7fcfb8000000 ---p 00000000 00:00 0 
7fcfbc000000-7fcfbc021000 rw-p 00000000 00:00 0 
7fcfbc021000-7fcfc0000000 ---p 00000000 00:00 0 
7fcfc0000000-7fcfc0021000 rw-p 00000000 00:00 0 
7fcfc0021000-7fcfc4000000 ---p 00000000 00:00 0 
7fcfc4000000-7fcfc4021000 rw-p 00000000 00:00 0 
7fcfc4021000-7fcfc8000000 ---p 00000000 00:00 0 
7fcfc8000000-7fcfc8021000 rw-p 00000000 00:00 0 
7fcfc8021000-7fcfcc000000 ---p 00000000 00:00 0 
7fcfcc000000-7fcfcce30000 rw-p 00000000 00:00 0 
7fcfcce30000-7fcfd0000000 ---p 00000000 00:00 0 
7fcfd0000000-7fcfd0535000 rw-p 00000000 00:00 0 
7fcfd0535000-7fcfd4000000 ---p 00000000 00:00 0 
7fcfd4000000-7fcfd4021000 rw-p 00000000 00:00 0 
7fcfd4021000-7fcfd8000000 ---p 00000000 00:00 0 
7fcfd8000000-7fcfd858e000 rw-p 00000000 00:00 0 
7fcfd858e000-7fcfdc000000 ---p 00000000 00:00 0 
7fcfdc000000-7fcfdc021000 rw-p 00000000 00:00 0 
7fcfdc021000-7fcfe0000000 ---p 00000000 00:00 0 
7fcfe0000000-7fcfe0021000 rw-p 00000000 00:00 0 
7fcfe0021000-7fcfe4000000 ---p 00000000 00:00 0 
7fcfe4000000-7fcfe4021000 rw-p 00000000 00:00 0 
7fcfe4021000-7fcfe8000000 ---p 00000000 00:00 0 
7fcfe8000000-7fcfe8021000 rw-p 00000000 00:00 0 
7fcfe8021000-7fcfec000000 ---p 00000000 00:00 0 
7fcfec000000-7fcfec021000 rw-p 00000000 00:00 0 
7fcfec021000-7fcff0000000 ---p 00000000 00:00 0 
7fcff0000000-7fcff0021000 rw-p 00000000 00:00 0 
7fcff0021000-7fcff4000000 ---p 00000000 00:00 0 
7fcff4000000-7fcff4021000 rw-p 00000000 00:00 0 
7fcff4021000-7fcff8000000 ---p 00000000 00:00 0 
7fcff85a1000-7fcff85a4000 ---p 00000000 00:00 0 
7fcff85a4000-7fcff8762000 rw-p 00000000 00:00 0 
7fcff8762000-7fcff88a2000 ---p 00000000 00:00 0 
7fcff88a2000-7fcff8917000 r-xp 00000000 08:09 26881561                   /home/hrishi/workspace/Console/.jnimap.temp.linux_64/libgmp.so.10 (deleted)
7fcff8917000-7fcff8b16000 ---p 00075000 08:09 26881561                   /home/hrishi/workspace/Console/.jnimap.temp.linux_64/libgmp.so.10 (deleted)
7fcff8b16000-7fcff8b18000 rw-p 00074000 08:09 26881561                   /home/hrishi/workspace/Console/.jnimap.temp.linux_64/libgmp.so.10 (deleted)
7fcff8b18000-7fcff8c80000 r-xp 00000000 08:09 26881560                   /home/hrishi/workspace/Console/.jnimap.temp.linux_64/libisl.so.13 (deleted)
7fcff8c80000-7fcff8e7f000 ---p 00168000 08:09 26881560                   /home/hrishi/workspace/Console/.jnimap.temp.linux_64/libisl.so.13 (deleted)
7fcff8e7f000-7fcff8e86000 rw-p 00167000 08:09 26881560                   /home/hrishi/workspace/Console/.jnimap.temp.linux_64/libisl.so.13 (deleted)
7fcff8e86000-7fcff8f0b000 r-xp 00000000 08:09 26881562                   /home/hrishi/workspace/Console/.jnimap.temp.linux_64/linux_64_libjniisl.so (deleted)
7fcff8f0b000-7fcff910a000 ---p 00085000 08:09 26881562                   /home/hrishi/workspace/Console/.jnimap.temp.linux_64/linux_64_libjniisl.so (deleted)
7fcff910a000-7fcff910d000 rw-p 00084000 08:09 26881562                   /home/hrishi/workspace/Console/.jnimap.temp.linux_64/linux_64_libjniisl.so (deleted)
7fcff910d000-7fcff930d000 rw-p 00000000 00:00 0 
7fcff930d000-7fcff950d000 rw-p 00000000 00:00 0 
7fcff950d000-7fcff970d000 rw-p 00000000 00:00 0 
7fcff970d000-7fcff9710000 ---p 00000000 00:00 0 
7fcff9710000-7fcff9a0e000 rw-p 00000000 00:00 0 
7fcff9a0e000-7fcff9a11000 ---p 00000000 00:00 0 
7fcff9a11000-7fcff9b0f000 rw-p 00000000 00:00 0 
7fcff9b0f000-7fcff9b12000 r--s 00015000 08:09 7085469                    /usr/lib/jvm/java-8-openjdk-amd64/jre/lib/jce.jar
7fcff9b12000-7fcff9b16000 r--s 0009a000 08:09 7085467                    /usr/lib/jvm/java-8-openjdk-amd64/jre/lib/jsse.jar
7fcff9b16000-7fcff9b19000 r--s 00014000 08:09 26516293                   /home/hrishi/.eclipse/org.eclipse.platform_4.6.0_1473617060_linux_gtk_x86_64/plugins/fr.irisa.r2d2.parser.runtime_1.0.0.201612051604.jar
7fcff9b19000-7fcff9b21000 r--s 0003c000 08:09 26516292                   /home/hrishi/.eclipse/org.eclipse.platform_4.6.0_1473617060_linux_gtk_x86_64/plugins/fr.irisa.r2d2.gecos.framework_1.0.0.201612051604.jar
7fcff9b21000-7fcff9b2b000 r--s 0006c000 08:09 26516357                   /home/hrishi/.eclipse/org.eclipse.platform_4.6.0_1473617060_linux_gtk_x86_64/plugins/org.eclipse.xtext.common.types_2.10.0.v201605250459.jar
7fcff9b2b000-7fcff9b5b000 r--s 0044d000 08:09 26516369                   /home/hrishi/.eclipse/org.eclipse.platform_4.6.0_1473617060_linux_gtk_x86_64/plugins/org.eclipse.xtext.xbase_2.10.0.v201605250459.jar
7fcff9b5b000-7fcff9b5e000 r--s 0000f000 08:09 26516352                   /home/hrishi/.eclipse/org.eclipse.platform_4.6.0_1473617060_linux_gtk_x86_64/plugins/org.eclipse.xtend.lib.macro_2.10.0.v201605250459.jar
7fcff9b5e000-7fcff9b62000 r--s 00035000 08:09 26516351                   /home/hrishi/.eclipse/org.eclipse.platform_4.6.0_1473617060_linux_gtk_x86_64/plugins/org.eclipse.xtend.lib_2.10.0.v201605250459.jar
7fcff9b62000-7fcff9b63000 r--s 00001000 08:09 26516354                   /home/hrishi/.eclipse/org.eclipse.platform_4.6.0_1473617060_linux_gtk_x86_64/plugins/org.eclipse.xtend2.lib_2.10.0.v201605250459.jar
7fcff9b63000-7fcff9b69000 r--s 0003f000 08:09 26516368                   /home/hrishi/.eclipse/org.eclipse.platform_4.6.0_1473617060_linux_gtk_x86_64/plugins/org.eclipse.xtext.util_2.10.0.v201605250459.jar
7fcff9b69000-7fcff9b9a000 r--s 0024b000 08:09 26516355                   /home/hrishi/.eclipse/org.eclipse.platform_4.6.0_1473617060_linux_gtk_x86_64/plugins/org.eclipse.xtext_2.10.0.v201605250459.jar
7fcff9b9a000-7fcff9ba2000 r--s 00061000 08:09 26516277                   /home/hrishi/.eclipse/org.eclipse.platform_4.6.0_1473617060_linux_gtk_x86_64/plugins/edu.csu.melange.alphabets_0.9.6.201612051604.jar
7fcff9ba2000-7fcff9ba3000 r--s 00008000 08:09 26516336                   /home/hrishi/.eclipse/org.eclipse.platform_4.6.0_1473617060_linux_gtk_x86_64/plugins/org.polymodel.scop.cgenerator2_1.0.0.201612051604.jar
7fcff9ba3000-7fcff9ba6000 r--s 00024000 08:09 26516337                   /home/hrishi/.eclipse/org.eclipse.platform_4.6.0_1473617060_linux_gtk_x86_64/plugins/org.polymodel.scop.dtiler_1.0.0.201612051604.jar
7fcff9ba6000-7fcff9ba7000 r--s 00001000 08:09 26516335                   /home/hrishi/.eclipse/org.eclipse.platform_4.6.0_1473617060_linux_gtk_x86_64/plugins/org.polymodel.scop.bridge.clast_1.0.0.201612051604.jar
7fcff9ba7000-7fcff9bac000 r--s 0002a000 08:09 26516334                   /home/hrishi/.eclipse/org.eclipse.platform_4.6.0_1473617060_linux_gtk_x86_64/plugins/org.polymodel.scop_1.0.0.201612051604.jar
7fcff9bac000-7fcff9bbf000 r--s 0012e000 08:09 26516300                   /home/hrishi/.eclipse/org.eclipse.platform_4.6.0_1473617060_linux_gtk_x86_64/plugins/org.polymodel.polyhedralIR.codegen_1.0.0.201612051604.jar
7fcff9bbf000-7fcff9bc2000 r--s 008e1000 08:09 26516287                   /home/hrishi/.eclipse/org.eclipse.platform_4.6.0_1473617060_linux_gtk_x86_64/plugins/fr.irisa.cairn.jnimap.cloog_1.0.0.201612051604.jar
7fcff9bc2000-7fcff9bc6000 r--s 00031000 08:09 26516341                   /home/hrishi/.eclipse/org.eclipse.platform_4.6.0_1473617060_linux_gtk_x86_64/plugins/org.antlr.runtime_3.2.0.v201101311130.jar
7fcff9bc6000-7fcff9bc7000 r--s 00011000 08:09 10748494                   /opt/eclipse/plugins/org.apache.commons.logging_1.1.1.v201101211721.jar
7fcff9bc7000-7fcff9bcf000 r--s 0005e000 08:09 10748531                   /opt/eclipse/plugins/org.apache.log4j_1.2.15.v201012070815.jar
7fcff9bcf000-7fcff9bd1000 r--s 00008000 08:09 26516346                   /home/hrishi/.eclipse/org.eclipse.platform_4.6.0_1473617060_linux_gtk_x86_64/plugins/org.eclipse.emf.mwe.utils_1.3.20.v201605261103.jar
7fcff9bd1000-7fcff9bd2000 r--s 00003000 08:09 26516348                   /home/hrishi/.eclipse/org.eclipse.platform_4.6.0_1473617060_linux_gtk_x86_64/plugins/org.eclipse.emf.mwe2.runtime_2.9.0.v201605261103.jar
7fcff9bd2000-7fcff9bd3000 r--s 0000b000 08:09 26516339                   /home/hrishi/.eclipse/org.eclipse.platform_4.6.0_1473617060_linux_gtk_x86_64/plugins/org.apache.commons.cli_1.2.0.v201404270220.jar
7fcff9bd3000-7fcff9bd9000 r--s 0002a000 08:09 26516345                   /home/hrishi/.eclipse/org.eclipse.platform_4.6.0_1473617060_linux_gtk_x86_64/plugins/org.eclipse.emf.mwe.core_1.3.20.v201605261103.jar
7fcff9bd9000-7fcff9bdb000 r--s 00009000 08:09 26516279                   /home/hrishi/.eclipse/org.eclipse.platform_4.6.0_1473617060_linux_gtk_x86_64/plugins/edu.csu.melange.affineLattice_1.0.0.jar
7fcff9bdb000-7fcff9bdd000 r--s 00000000 08:09 26516338                   /home/hrishi/.eclipse/org.eclipse.platform_4.6.0_1473617060_linux_gtk_x86_64/plugins/tom.mapping_1.0.0.201612051604.jar
7fcff9bdd000-7fcff9be4000 r--s 0004d000 08:09 26516333                   /home/hrishi/.eclipse/org.eclipse.platform_4.6.0_1473617060_linux_gtk_x86_64/plugins/org.polymodel.prdg.scheduling_1.0.0.201612051604.jar
7fcff9be4000-7fcff9be7000 r--s 0001f000 08:09 26516370                   /home/hrishi/.eclipse/org.eclipse.platform_4.6.0_1473617060_linux_gtk_x86_64/plugins/org.eclipse.xtext.xbase.lib_2.10.0.v201605250459.jar
7fcff9be7000-7fcff9be9000 r--s 00004000 08:09 26516299                   /home/hrishi/.eclipse/org.eclipse.platform_4.6.0_1473617060_linux_gtk_x86_64/plugins/org.polymodel.matrix_1.0.0.201612051604.jar
7fcff9be9000-7fcff9beb000 r--s 00005000 08:09 26516332                   /home/hrishi/.eclipse/org.eclipse.platform_4.6.0_1473617060_linux_gtk_x86_64/plugins/org.polymodel.prdg.adapter_1.0.0.201612051604.jar
7fcff9beb000-7fcff9bed000 r--s 00009000 08:09 26516301                   /home/hrishi/.eclipse/org.eclipse.platform_4.6.0_1473617060_linux_gtk_x86_64/plugins/org.polymodel.prdg_1.0.0.201612051604.jar
7fcff9bed000-7fcff9bef000 r--s 00013000 08:09 26516297                   /home/hrishi/.eclipse/org.eclipse.platform_4.6.0_1473617060_linux_gtk_x86_64/plugins/org.polymodel.isl_1.0.0.201612051604.jar
7fcff9bef000-7fcff9bf9000 r--s 000a4000 08:09 26516295                   /home/hrishi/.eclipse/org.eclipse.platform_4.6.0_1473617060_linux_gtk_x86_64/plugins/org.polymodel.algebra_1.0.0.201612051604.jar
7fcff9bf9000-7fcff9bfc000 r--s 0002b000 08:09 26516294                   /home/hrishi/.eclipse/org.eclipse.platform_4.6.0_1473617060_linux_gtk_x86_64/plugins/org.polymodel_1.0.0.201612051604.jar
7fcff9bfc000-7fcff9c26000 r--s 001ff000 08:09 10749007                   /opt/eclipse/plugins/com.google.guava_15.0.0.v201403281430.jar
7fcff9c26000-7fcff9c27000 r--s 0000f000 08:09 28708338                   /home/hrishi/.eclipse/org.eclipse.platform_4.6.0_1473617060_linux_gtk_x86_64/plugins/fr.irisa.cairn.tools_1.0.0.201612051604/lib/javatuples-1.2.jar
7fcff9c27000-7fcff9c28000 r--s 0000b000 08:09 28708337                   /home/hrishi/.eclipse/org.eclipse.platform_4.6.0_1473617060_linux_gtk_x86_64/plugins/fr.irisa.cairn.tools_1.0.0.201612051604/lib/javatuples-1.2-sources.jar
7fcff9c28000-7fcff9c2b000 r--s 00037000 08:09 28708336                   /home/hrishi/.eclipse/org.eclipse.platform_4.6.0_1473617060_linux_gtk_x86_64/plugins/fr.irisa.cairn.tools_1.0.0.201612051604/lib/javatuples-1.2-javadoc.jar
7fcff9c2b000-7fcff9c2c000 r--s 00000000 08:09 26516289                   /home/hrishi/.eclipse/org.eclipse.platform_4.6.0_1473617060_linux_gtk_x86_64/plugins/fr.irisa.cairn.jnimap.runtime_1.0.0.201612051604.jar
7fcff9c2c000-7fcff9c31000 r--s 00b6c000 08:09 26516288                   /home/hrishi/.eclipse/org.eclipse.platform_4.6.0_1473617060_linux_gtk_x86_64/plugins/fr.irisa.cairn.jnimap.isl_2.1.0.201612051604.jar
7fcff9c31000-7fcff9c33000 r--s 00007000 08:09 26516286                   /home/hrishi/.eclipse/org.eclipse.platform_4.6.0_1473617060_linux_gtk_x86_64/plugins/fr.irisa.cairn.graph.guice_1.0.0.201612051604.jar
7fcff9c33000-7fcff9c35000 r--s 00009000 08:09 10748202                   /opt/eclipse/plugins/com.google.inject.multibindings_3.0.0.v201605172100.jar
7fcff9c35000-7fcff9c40000 r--s 00077000 08:09 10748760                   /opt/eclipse/plugins/com.google.inject_3.0.0.v201605172100.jar
7fcff9c40000-7fcff9c58000 r--s 0015b000 08:09 28061747                   /home/hrishi/.eclipse/org.eclipse.platform_4.6.0_1473617060_linux_gtk_x86_64/plugins/fr.irisa.cairn.graph_1.0.0.201612051604/lib/jgrapht-ext-0.9.1-uber.jar
7fcff9c58000-7fcff9c88000 rw-p 00000000 00:00 0 
7fcff9c88000-7fcff9db8000 r--s 010bc000 08:09 28708362                   /home/hrishi/.eclipse/org.eclipse.platform_4.6.0_1473617060_linux_gtk_x86_64/plugins/fr.irisa.cairn.eclipse.tom_2.10.0.201612051604/libs/aircube-bundle.jar
7fcff9db8000-7fcff9dbc000 r--s 00035000 08:09 10748985                   /opt/eclipse/plugins/org.eclipse.emf.ecore.xmi_2.12.0.v20160420-0247.jar
7fcff9dbc000-7fcff9dc3000 r--s 00051000 08:09 10748503                   /opt/eclipse/plugins/org.eclipse.emf.common_2.12.0.v20160420-0247.jar
7fcff9dc3000-7fcff9dd5000 r--s 00111000 08:09 10748217                   /opt/eclipse/plugins/org.eclipse.emf.ecore_2.12.0.v20160420-0247.jar
7fcff9dd5000-7fcff9dda000 r--s 00030000 08:09 10748396                   /opt/eclipse/plugins/org.eclipse.ui.console_3.6.200.v20160518-1858.jar
7fcff9dda000-7fcff9ddb000 r--s 00002000 08:09 10748530                   /opt/eclipse/plugins/org.eclipse.e4.ui.workbench3_0.13.100.v20160506-0759.jar
7fcff9ddb000-7fcff9e1d000 r--s 00398000 08:09 10748311                   /opt/eclipse/plugins/org.eclipse.ui.workbench_3.108.0.v20160602-1232.jar
7fcff9e1d000-7fcff9e21000 r--s 00019000 08:09 10748602                   /opt/eclipse/plugins/org.eclipse.core.commands_3.8.0.v20160316-1921.jar
7fcff9e21000-7fcff9e33000 r--s 000f8000 08:09 10748780                   /opt/eclipse/plugins/org.eclipse.jface_3.12.0.v20160518-1929.jar
7fcff9e33000-7fcff9e48000 r--s 0028f000 08:09 10748863                   /opt/eclipse/plugins/org.eclipse.swt.gtk.linux.x86_64_3.105.0.v20160603-0902.jar
7fcff9e48000-7fcff9e51000 r--s 00058000 08:09 10748604                   /opt/eclipse/plugins/org.eclipse.ui_3.108.0.v20160518-1929.jar
7fcff9e51000-7fcff9e53000 r--s 00014000 08:09 10748222                   /opt/eclipse/plugins/org.eclipse.equinox.app_1.3.400.v20150715-1528.jar
7fcff9e53000-7fcff9e55000 r--s 00017000 08:09 10748774                   /opt/eclipse/plugins/org.eclipse.core.contenttype_3.5.100.v20160418-1621.jar
7fcff9e55000-7fcff9e58000 r--s 0001e000 08:09 10748508                   /opt/eclipse/plugins/org.eclipse.equinox.preferences_3.6.0.v20160120-1756.jar
7fcff9e58000-7fcff9e5c000 r--s 0002a000 08:09 10749014                   /opt/eclipse/plugins/org.eclipse.equinox.registry_3.6.100.v20160223-2218.jar
7fcff9e5c000-7fcff9e5f000 r--s 00019000 08:09 10748931                   /opt/eclipse/plugins/org.eclipse.core.jobs_3.8.0.v20160509-0411.jar
7fcff9e5f000-7fcff9e62000 r--s 0001b000 08:09 10748983                   /opt/eclipse/plugins/org.eclipse.equinox.common_3.8.0.v20160509-1230.jar
7fcff9e62000-7fcff9e65000 r--s 00039000 08:09 10748174                   /opt/eclipse/plugins/org.eclipse.osgi.compatibility.state_1.0.200.v20160504-1419.jar
7fcff9e65000-7fcff9e7a000 r--s 0013d000 08:09 10748755                   /opt/eclipse/plugins/org.eclipse.osgi_3.11.0.v20160603-1336.jar
7fcff9e7a000-7fcff9e95000 r--s 001d6000 08:09 7085455                    /usr/lib/jvm/java-8-openjdk-amd64/jre/lib/ext/nashorn.jar
7fcff9e95000-7fcff9e96000 ---p 00000000 00:00 0 
7fcff9e96000-7fcff9f96000 rw-p 00000000 00:00 0 
7fcff9f96000-7fcff9f99000 ---p 00000000 00:00 0 
7fcff9f99000-7fcffa097000 rw-p 00000000 00:00 0 
7fcffa097000-7fcffa09a000 ---p 00000000 00:00 0 
7fcffa09a000-7fcffa198000 rw-p 00000000 00:00 0 
7fcffa198000-7fcffa19b000 ---p 00000000 00:00 0 
7fcffa19b000-7fcffa299000 rw-p 00000000 00:00 0 
7fcffa299000-7fcffa29c000 ---p 00000000 00:00 0 
7fcffa29c000-7fcffa39a000 rw-p 00000000 00:00 0 
7fcffa39a000-7fcffa39d000 ---p 00000000 00:00 0 
7fcffa39d000-7fcffa49b000 rw-p 00000000 00:00 0 
7fcffa49b000-7fcffa773000 r--p 00000000 08:09 2887360                    /usr/lib/locale/locale-archive
7fcffa773000-7fcffa776000 ---p 00000000 00:00 0 
7fcffa776000-7fcffa874000 rw-p 00000000 00:00 0 
7fcffa874000-7fcffa877000 ---p 00000000 00:00 0 
7fcffa877000-7fcffa975000 rw-p 00000000 00:00 0 
7fcffa975000-7fcffa976000 ---p 00000000 00:00 0 
7fcffa976000-7fcffba35000 rw-p 00000000 00:00 0 
7fcffba35000-7fcffbc03000 r--s 03c06000 08:09 7087811                    /usr/lib/jvm/java-8-openjdk-amd64/jre/lib/rt.jar
7fcffbc03000-7fd00058e000 rw-p 00000000 00:00 0 
7fd00058e000-7fd00058f000 ---p 00000000 00:00 0 
7fd00058f000-7fd00068f000 rw-p 00000000 00:00 0 
7fd00068f000-7fd000690000 ---p 00000000 00:00 0 
7fd000690000-7fd000790000 rw-p 00000000 00:00 0 
7fd000790000-7fd000791000 ---p 00000000 00:00 0 
7fd000791000-7fd000891000 rw-p 00000000 00:00 0 
7fd000891000-7fd000892000 ---p 00000000 00:00 0 
7fd000892000-7fd0009bc000 rw-p 00000000 00:00 0 
7fd0009bc000-7fd000c24000 ---p 00000000 00:00 0 
7fd000c24000-7fd000c4e000 rw-p 00000000 00:00 0 
7fd000c4e000-7fd000eb6000 ---p 00000000 00:00 0 
7fd000eb6000-7fd000eda000 rw-p 00000000 00:00 0 
7fd000eda000-7fd000fff000 ---p 00000000 00:00 0 
7fd000fff000-7fd001000000 rw-p 00000000 00:00 0 
7fd001000000-7fd001730000 rwxp 00000000 00:00 0 
7fd001730000-7fd010000000 ---p 00000000 00:00 0 
7fd010000000-7fd010aba000 rw-p 00000000 00:00 0 
7fd010aba000-7fd014000000 ---p 00000000 00:00 0 
7fd014000000-7fd014002000 r--s 00003000 08:09 10748526                   /opt/eclipse/plugins/javax.inject_1.0.0.v20091030.jar
7fd014002000-7fd014004000 r--s 00011000 08:09 10748883                   /opt/eclipse/plugins/org.eclipse.core.runtime_3.12.0.v20160606-1342.jar
7fd014004000-7fd014008000 r--s 00037000 08:09 7085460                    /usr/lib/jvm/java-8-openjdk-amd64/jre/lib/ext/sunpkcs11.jar
7fd014008000-7fd01400b000 r--s 0000f000 08:09 7085457                    /usr/lib/jvm/java-8-openjdk-amd64/jre/lib/ext/icedtea-sound.jar
7fd01400b000-7fd014015000 r--s 00116000 08:09 7085461                    /usr/lib/jvm/java-8-openjdk-amd64/jre/lib/ext/localedata.jar
7fd014015000-7fd01401a000 r--s 0003b000 08:09 7085462                    /usr/lib/jvm/java-8-openjdk-amd64/jre/lib/ext/sunjce_provider.jar
7fd01401a000-7fd0140ce000 rw-p 00000000 00:00 0 
7fd0140ce000-7fd014471000 ---p 00000000 00:00 0 
7fd014471000-7fd014479000 r-xp 00000000 08:09 7085419                    /usr/lib/jvm/java-8-openjdk-amd64/jre/lib/amd64/libzip.so
7fd014479000-7fd014678000 ---p 00008000 08:09 7085419                    /usr/lib/jvm/java-8-openjdk-amd64/jre/lib/amd64/libzip.so
7fd014678000-7fd014679000 r--p 00007000 08:09 7085419                    /usr/lib/jvm/java-8-openjdk-amd64/jre/lib/amd64/libzip.so
7fd014679000-7fd01467a000 rw-p 00008000 08:09 7085419                    /usr/lib/jvm/java-8-openjdk-amd64/jre/lib/amd64/libzip.so
7fd01467a000-7fd014685000 r-xp 00000000 08:09 24382890                   /lib/x86_64-linux-gnu/libnss_files-2.23.so
7fd014685000-7fd014884000 ---p 0000b000 08:09 24382890                   /lib/x86_64-linux-gnu/libnss_files-2.23.so
7fd014884000-7fd014885000 r--p 0000a000 08:09 24382890                   /lib/x86_64-linux-gnu/libnss_files-2.23.so
7fd014885000-7fd014886000 rw-p 0000b000 08:09 24382890                   /lib/x86_64-linux-gnu/libnss_files-2.23.so
7fd014886000-7fd01488c000 rw-p 00000000 00:00 0 
7fd01488c000-7fd014897000 r-xp 00000000 08:09 24382881                   /lib/x86_64-linux-gnu/libnss_nis-2.23.so
7fd014897000-7fd014a96000 ---p 0000b000 08:09 24382881                   /lib/x86_64-linux-gnu/libnss_nis-2.23.so
7fd014a96000-7fd014a97000 r--p 0000a000 08:09 24382881                   /lib/x86_64-linux-gnu/libnss_nis-2.23.so
7fd014a97000-7fd014a98000 rw-p 0000b000 08:09 24382881                   /lib/x86_64-linux-gnu/libnss_nis-2.23.so
7fd014a98000-7fd014aae000 r-xp 00000000 08:09 24382883                   /lib/x86_64-linux-gnu/libnsl-2.23.so
7fd014aae000-7fd014cad000 ---p 00016000 08:09 24382883                   /lib/x86_64-linux-gnu/libnsl-2.23.so
7fd014cad000-7fd014cae000 r--p 00015000 08:09 24382883                   /lib/x86_64-linux-gnu/libnsl-2.23.so
7fd014cae000-7fd014caf000 rw-p 00016000 08:09 24382883                   /lib/x86_64-linux-gnu/libnsl-2.23.so
7fd014caf000-7fd014cb1000 rw-p 00000000 00:00 0 
7fd014cb1000-7fd014cb9000 r-xp 00000000 08:09 24382892                   /lib/x86_64-linux-gnu/libnss_compat-2.23.so
7fd014cb9000-7fd014eb8000 ---p 00008000 08:09 24382892                   /lib/x86_64-linux-gnu/libnss_compat-2.23.so
7fd014eb8000-7fd014eb9000 r--p 00007000 08:09 24382892                   /lib/x86_64-linux-gnu/libnss_compat-2.23.so
7fd014eb9000-7fd014eba000 rw-p 00008000 08:09 24382892                   /lib/x86_64-linux-gnu/libnss_compat-2.23.so
7fd014eba000-7fd014ee7000 r-xp 00000000 08:09 7085444                    /usr/lib/jvm/java-8-openjdk-amd64/jre/lib/amd64/libjava.so
7fd014ee7000-7fd0150e6000 ---p 0002d000 08:09 7085444                    /usr/lib/jvm/java-8-openjdk-amd64/jre/lib/amd64/libjava.so
7fd0150e6000-7fd0150e7000 r--p 0002c000 08:09 7085444                    /usr/lib/jvm/java-8-openjdk-amd64/jre/lib/amd64/libjava.so
7fd0150e7000-7fd0150e9000 rw-p 0002d000 08:09 7085444                    /usr/lib/jvm/java-8-openjdk-amd64/jre/lib/amd64/libjava.so
7fd0150e9000-7fd0150f8000 r-xp 00000000 08:09 7085412                    /usr/lib/jvm/java-8-openjdk-amd64/jre/lib/amd64/libverify.so
7fd0150f8000-7fd0152f7000 ---p 0000f000 08:09 7085412                    /usr/lib/jvm/java-8-openjdk-amd64/jre/lib/amd64/libverify.so
7fd0152f7000-7fd0152f9000 r--p 0000e000 08:09 7085412                    /usr/lib/jvm/java-8-openjdk-amd64/jre/lib/amd64/libverify.so
7fd0152f9000-7fd0152fa000 rw-p 00010000 08:09 7085412                    /usr/lib/jvm/java-8-openjdk-amd64/jre/lib/amd64/libverify.so
7fd0152fa000-7fd015301000 r-xp 00000000 08:09 24382893                   /lib/x86_64-linux-gnu/librt-2.23.so
7fd015301000-7fd015500000 ---p 00007000 08:09 24382893                   /lib/x86_64-linux-gnu/librt-2.23.so
7fd015500000-7fd015501000 r--p 00006000 08:09 24382893                   /lib/x86_64-linux-gnu/librt-2.23.so
7fd015501000-7fd015502000 rw-p 00007000 08:09 24382893                   /lib/x86_64-linux-gnu/librt-2.23.so
7fd015502000-7fd015518000 r-xp 00000000 08:09 24383888                   /lib/x86_64-linux-gnu/libgcc_s.so.1
7fd015518000-7fd015717000 ---p 00016000 08:09 24383888                   /lib/x86_64-linux-gnu/libgcc_s.so.1
7fd015717000-7fd015718000 rw-p 00015000 08:09 24383888                   /lib/x86_64-linux-gnu/libgcc_s.so.1
7fd015718000-7fd015820000 r-xp 00000000 08:09 24382882                   /lib/x86_64-linux-gnu/libm-2.23.so
7fd015820000-7fd015a1f000 ---p 00108000 08:09 24382882                   /lib/x86_64-linux-gnu/libm-2.23.so
7fd015a1f000-7fd015a20000 r--p 00107000 08:09 24382882                   /lib/x86_64-linux-gnu/libm-2.23.so
7fd015a20000-7fd015a21000 rw-p 00108000 08:09 24382882                   /lib/x86_64-linux-gnu/libm-2.23.so
7fd015a21000-7fd015b93000 r-xp 00000000 08:09 2888511                    /usr/lib/x86_64-linux-gnu/libstdc++.so.6.0.21
7fd015b93000-7fd015d93000 ---p 00172000 08:09 2888511                    /usr/lib/x86_64-linux-gnu/libstdc++.so.6.0.21
7fd015d93000-7fd015d9d000 r--p 00172000 08:09 2888511                    /usr/lib/x86_64-linux-gnu/libstdc++.so.6.0.21
7fd015d9d000-7fd015d9f000 rw-p 0017c000 08:09 2888511                    /usr/lib/x86_64-linux-gnu/libstdc++.so.6.0.21
7fd015d9f000-7fd015da3000 rw-p 00000000 00:00 0 
7fd015da3000-7fd0169f3000 r-xp 00000000 08:09 7085439                    /usr/lib/jvm/java-8-openjdk-amd64/jre/lib/amd64/server/libjvm.so
7fd0169f3000-7fd016bf2000 ---p 00c50000 08:09 7085439                    /usr/lib/jvm/java-8-openjdk-amd64/jre/lib/amd64/server/libjvm.so
7fd016bf2000-7fd016c85000 r--p 00c4f000 08:09 7085439                    /usr/lib/jvm/java-8-openjdk-amd64/jre/lib/amd64/server/libjvm.so
7fd016c85000-7fd016cae000 rw-p 00ce2000 08:09 7085439                    /usr/lib/jvm/java-8-openjdk-amd64/jre/lib/amd64/server/libjvm.so
7fd016cae000-7fd016cde000 rw-p 00000000 00:00 0 
7fd016cde000-7fd016cf6000 r-xp 00000000 08:09 24382897                   /lib/x86_64-linux-gnu/libpthread-2.23.so
7fd016cf6000-7fd016ef5000 ---p 00018000 08:09 24382897                   /lib/x86_64-linux-gnu/libpthread-2.23.so
7fd016ef5000-7fd016ef6000 r--p 00017000 08:09 24382897                   /lib/x86_64-linux-gnu/libpthread-2.23.so
7fd016ef6000-7fd016ef7000 rw-p 00018000 08:09 24382897                   /lib/x86_64-linux-gnu/libpthread-2.23.so
7fd016ef7000-7fd016efb000 rw-p 00000000 00:00 0 
7fd016efb000-7fd016efe000 r-xp 00000000 08:09 24382880                   /lib/x86_64-linux-gnu/libdl-2.23.so
7fd016efe000-7fd0170fd000 ---p 00003000 08:09 24382880                   /lib/x86_64-linux-gnu/libdl-2.23.so
7fd0170fd000-7fd0170fe000 r--p 00002000 08:09 24382880                   /lib/x86_64-linux-gnu/libdl-2.23.so
7fd0170fe000-7fd0170ff000 rw-p 00003000 08:09 24382880                   /lib/x86_64-linux-gnu/libdl-2.23.so
7fd0170ff000-7fd017118000 r-xp 00000000 08:09 24384041                   /lib/x86_64-linux-gnu/libz.so.1.2.8
7fd017118000-7fd017317000 ---p 00019000 08:09 24384041                   /lib/x86_64-linux-gnu/libz.so.1.2.8
7fd017317000-7fd017318000 r--p 00018000 08:09 24384041                   /lib/x86_64-linux-gnu/libz.so.1.2.8
7fd017318000-7fd017319000 rw-p 00019000 08:09 24384041                   /lib/x86_64-linux-gnu/libz.so.1.2.8
7fd017319000-7fd0174d8000 r-xp 00000000 08:09 24382884                   /lib/x86_64-linux-gnu/libc-2.23.so
7fd0174d8000-7fd0176d8000 ---p 001bf000 08:09 24382884                   /lib/x86_64-linux-gnu/libc-2.23.so
7fd0176d8000-7fd0176dc000 r--p 001bf000 08:09 24382884                   /lib/x86_64-linux-gnu/libc-2.23.so
7fd0176dc000-7fd0176de000 rw-p 001c3000 08:09 24382884                   /lib/x86_64-linux-gnu/libc-2.23.so
7fd0176de000-7fd0176e2000 rw-p 00000000 00:00 0 
7fd0176e2000-7fd0176ef000 r-xp 00000000 08:09 7085434                    /usr/lib/jvm/java-8-openjdk-amd64/jre/lib/amd64/jli/libjli.so
7fd0176ef000-7fd0178ef000 ---p 0000d000 08:09 7085434                    /usr/lib/jvm/java-8-openjdk-amd64/jre/lib/amd64/jli/libjli.so
7fd0178ef000-7fd0178f0000 r--p 0000d000 08:09 7085434                    /usr/lib/jvm/java-8-openjdk-amd64/jre/lib/amd64/jli/libjli.so
7fd0178f0000-7fd0178f1000 rw-p 0000e000 08:09 7085434                    /usr/lib/jvm/java-8-openjdk-amd64/jre/lib/amd64/jli/libjli.so
7fd0178f1000-7fd017917000 r-xp 00000000 08:09 24382885                   /lib/x86_64-linux-gnu/ld-2.23.so
7fd017917000-7fd017918000 r--s 00004000 08:09 10748172                   /opt/eclipse/plugins/org.eclipse.swt_3.105.0.v20160603-0902.jar
7fd017918000-7fd01791a000 r--s 00001000 08:09 7085456                    /usr/lib/jvm/java-8-openjdk-amd64/jre/lib/ext/dnsns.jar
7fd01791a000-7fd01791c000 r--s 00008000 08:09 7085454                    /usr/lib/jvm/java-8-openjdk-amd64/jre/lib/ext/sunec.jar
7fd01791c000-7fd0179e7000 rw-p 00000000 00:00 0 
7fd0179e7000-7fd0179ea000 ---p 00000000 00:00 0 
7fd0179ea000-7fd017aed000 rw-p 00000000 00:00 0 
7fd017aed000-7fd017aee000 r--s 00010000 08:09 7085459                    /usr/lib/jvm/java-8-openjdk-amd64/jre/lib/ext/zipfs.jar
7fd017aee000-7fd017aef000 r--s 0000a000 08:09 7085463                    /usr/lib/jvm/java-8-openjdk-amd64/jre/lib/ext/jaccess.jar
7fd017aef000-7fd017b0a000 r--s 00394000 08:09 7085458                    /usr/lib/jvm/java-8-openjdk-amd64/jre/lib/ext/cldrdata.jar
7fd017b0a000-7fd017b12000 rw-s 00000000 08:09 18616219                   /tmp/hsperfdata_hrishi/19260 (deleted)
7fd017b12000-7fd017b13000 rw-p 00000000 00:00 0 
7fd017b13000-7fd017b14000 ---p 00000000 00:00 0 
7fd017b14000-7fd017b16000 rw-p 00000000 00:00 0 
7fd017b16000-7fd017b17000 r--p 00025000 08:09 24382885                   /lib/x86_64-linux-gnu/ld-2.23.so
7fd017b17000-7fd017b18000 rw-p 00026000 08:09 24382885                   /lib/x86_64-linux-gnu/ld-2.23.so
7fd017b18000-7fd017b19000 rw-p 00000000 00:00 0 
7ffe65606000-7ffe65629000 rw-p 00000000 00:00 0                          [stack]
7ffe65704000-7ffe65706000 r--p 00000000 00:00 0                          [vvar]
7ffe65706000-7ffe65708000 r-xp 00000000 00:00 0                          [vdso]
ffffffffff600000-ffffffffff601000 r-xp 00000000 00:00 0                  [vsyscall]

VM Arguments:
jvm_args: -Dfile.encoding=UTF-8 
java_command: RCPConsole
java_class_path (initial): /opt/eclipse/plugins/org.eclipse.core.runtime_3.12.0.v20160606-1342.jar:/opt/eclipse/plugins/javax.inject_1.0.0.v20091030.jar:/opt/eclipse/plugins/org.eclipse.osgi_3.11.0.v20160603-1336.jar:/opt/eclipse/plugins/org.eclipse.osgi.compatibility.state_1.0.200.v20160504-1419.jar:/opt/eclipse/plugins/org.eclipse.equinox.common_3.8.0.v20160509-1230.jar:/opt/eclipse/plugins/org.eclipse.core.jobs_3.8.0.v20160509-0411.jar:/opt/eclipse/plugins/org.eclipse.equinox.registry_3.6.100.v20160223-2218.jar:/opt/eclipse/plugins/org.eclipse.equinox.preferences_3.6.0.v20160120-1756.jar:/opt/eclipse/plugins/org.eclipse.core.contenttype_3.5.100.v20160418-1621.jar:/opt/eclipse/plugins/org.eclipse.equinox.app_1.3.400.v20150715-1528.jar:/opt/eclipse/plugins/org.eclipse.ui_3.108.0.v20160518-1929.jar:/opt/eclipse/plugins/org.eclipse.swt_3.105.0.v20160603-0902.jar:/opt/eclipse/plugins/org.eclipse.swt.gtk.linux.x86_64_3.105.0.v20160603-0902.jar:/opt/eclipse/plugins/org.eclipse.jface_3.12.0.v20160518-1929.jar:/opt/eclipse/plugins/org.eclipse.core.commands_3.8.0.v20160316-1921.jar:/opt/eclipse/plugins/org.eclipse.ui.workbench_3.108.0.v20160602-1232.jar:/opt/eclipse/plugins/org.eclipse.e4.ui.workbench3_0.13.100.v20160506-0759.jar:/opt/eclipse/plugins/org.eclipse.ui.console_3.6.200.v20160518-1858.jar:/opt/eclipse/plugins/org.eclipse.emf.ecore_2.12.0.v20160420-0247.jar:/opt/eclipse/plugins/org.eclipse.emf.common_2.12.0.v20160420-0247.jar:/opt/eclipse/plugins/org.eclipse.emf.ecore.xmi_2.12.0.v20160420-0247.jar:/home/hrishi/.eclipse/org.eclipse.platform_4.6.0_1473617060_linux_gtk_x86_64/plugins/fr.irisa.cairn.eclipse.tom_2.10.0.201612051604/libs/aircube-bundle.jar:/home/hrishi/.eclipse/org.eclipse.platform_4.6.0_1473617060_linux_gtk_x86_64/plugins/fr.irisa.cairn.graph_1.0.0.201612051604:/home/hrishi/.eclipse/org.eclipse.platform_4.6.0_1473617060_linux_gtk_x86_64/plugins/fr.irisa.cairn.graph_1.0.0.201612051604/lib/jgrapht-ext-0.9.1-uber.jar:/opt/eclipse/plugins/com.google.inj
Launcher Type: SUN_STANDARD

Environment Variables:
PATH=/home/hrishi/torch/install/bin:/usr/local/sbin:/usr/local/bin:/usr/sbin:/usr/bin:/sbin:/bin:/usr/games:/usr/local/games:/snap/bin
LD_LIBRARY_PATH=/home/hrishi/torch/install/lib:
SHELL=/bin/bash
DISPLAY=:0
DYLD_LIBRARY_PATH=/home/hrishi/torch/install/lib:

Signal Handlers:
SIGSEGV: [libjvm.so+0xa66fd0], sa_mask[0]=11111111011111111101111111111110, sa_flags=SA_RESTART|SA_SIGINFO
SIGBUS: [libjvm.so+0xa66fd0], sa_mask[0]=11111111011111111101111111111110, sa_flags=SA_RESTART|SA_SIGINFO
SIGFPE: [libjvm.so+0x8b0180], sa_mask[0]=11111111011111111101111111111110, sa_flags=SA_RESTART|SA_SIGINFO
SIGPIPE: [libjvm.so+0x8b0180], sa_mask[0]=11111111011111111101111111111110, sa_flags=SA_RESTART|SA_SIGINFO
SIGXFSZ: [libjvm.so+0x8b0180], sa_mask[0]=11111111011111111101111111111110, sa_flags=SA_RESTART|SA_SIGINFO
SIGILL: [libjvm.so+0x8b0180], sa_mask[0]=11111111011111111101111111111110, sa_flags=SA_RESTART|SA_SIGINFO
SIGUSR1: SIG_DFL, sa_mask[0]=00000000000000000000000000000000, sa_flags=none
SIGUSR2: [libjvm.so+0x8b0030], sa_mask[0]=00100000000000000000000000000000, sa_flags=SA_RESTART|SA_SIGINFO
SIGHUP: [libjvm.so+0x8b0500], sa_mask[0]=11111111011111111101111111111110, sa_flags=SA_RESTART|SA_SIGINFO
SIGINT: [libjvm.so+0x8b0500], sa_mask[0]=11111111011111111101111111111110, sa_flags=SA_RESTART|SA_SIGINFO
SIGTERM: [libjvm.so+0x8b0500], sa_mask[0]=11111111011111111101111111111110, sa_flags=SA_RESTART|SA_SIGINFO
SIGQUIT: [libjvm.so+0x8b0500], sa_mask[0]=11111111011111111101111111111110, sa_flags=SA_RESTART|SA_SIGINFO


---------------  S Y S T E M  ---------------

OS:DISTRIB_ID=Ubuntu
DISTRIB_RELEASE=16.04
DISTRIB_CODENAME=xenial
DISTRIB_DESCRIPTION="Ubuntu 16.04 LTS"

uname:Linux 4.4.0-72-generic #93-Ubuntu SMP Fri Mar 31 14:07:41 UTC 2017 x86_64
libc:glibc 2.23 NPTL 2.23 
rlimit: STACK 8192k, CORE 0k, NPROC 31118, NOFILE 65536, AS infinity
load average:62.40 34.82 15.58

/proc/meminfo:
MemTotal:        8084688 kB
MemFree:         5261508 kB
MemAvailable:    5494572 kB
Buffers:           35244 kB
Cached:           610068 kB
SwapCached:       126984 kB
Active:          1799068 kB
Inactive:         713824 kB
Active(anon):    1547396 kB
Inactive(anon):   552644 kB
Active(file):     251672 kB
Inactive(file):   161180 kB
Unevictable:        1108 kB
Mlocked:            1108 kB
SwapTotal:      12000252 kB
SwapFree:        7666972 kB
Dirty:               868 kB
Writeback:             0 kB
AnonPages:       1856652 kB
Mapped:           223324 kB
Shmem:            232496 kB
Slab:             157660 kB
SReclaimable:      81240 kB
SUnreclaim:        76420 kB
KernelStack:       15904 kB
PageTables:        54924 kB
NFS_Unstable:          0 kB
Bounce:                0 kB
WritebackTmp:          0 kB
CommitLimit:    16042596 kB
Committed_AS:   13223300 kB
VmallocTotal:   34359738367 kB
VmallocUsed:           0 kB
VmallocChunk:          0 kB
HardwareCorrupted:     0 kB
AnonHugePages:    751616 kB
CmaTotal:              0 kB
CmaFree:               0 kB
HugePages_Total:       0
HugePages_Free:        0
HugePages_Rsvd:        0
HugePages_Surp:        0
Hugepagesize:       2048 kB
DirectMap4k:      817032 kB
DirectMap2M:     7481344 kB
DirectMap1G:           0 kB


CPU:total 4 (2 cores per cpu, 2 threads per core) family 6 model 61 stepping 4, cmov, cx8, fxsr, mmx, sse, sse2, sse3, ssse3, sse4.1, sse4.2, popcnt, avx, avx2, aes, clmul, erms, 3dnowpref, lzcnt, ht, tsc, tscinvbit, bmi1, bmi2, adx

/proc/cpuinfo:
processor	: 0
vendor_id	: GenuineIntel
cpu family	: 6
model		: 61
model name	: Intel(R) Core(TM) i5-5200U CPU @ 2.20GHz
stepping	: 4
microcode	: 0x12
cpu MHz		: 994.898
cache size	: 3072 KB
physical id	: 0
siblings	: 4
core id		: 0
cpu cores	: 2
apicid		: 0
initial apicid	: 0
fpu		: yes
fpu_exception	: yes
cpuid level	: 20
wp		: yes
flags		: fpu vme de pse tsc msr pae mce cx8 apic sep mtrr pge mca cmov pat pse36 clflush dts acpi mmx fxsr sse sse2 ss ht tm pbe syscall nx pdpe1gb rdtscp lm constant_tsc arch_perfmon pebs bts rep_good nopl xtopology nonstop_tsc aperfmperf eagerfpu pni pclmulqdq dtes64 monitor ds_cpl vmx est tm2 ssse3 sdbg fma cx16 xtpr pdcm pcid sse4_1 sse4_2 x2apic movbe popcnt tsc_deadline_timer aes xsave avx f16c rdrand lahf_lm abm 3dnowprefetch epb intel_pt tpr_shadow vnmi flexpriority ept vpid fsgsbase tsc_adjust bmi1 avx2 smep bmi2 erms invpcid rdseed adx smap xsaveopt dtherm ida arat pln pts
bugs		:
bogomips	: 4390.01
clflush size	: 64
cache_alignment	: 64
address sizes	: 39 bits physical, 48 bits virtual
power management:

processor	: 1
vendor_id	: GenuineIntel
cpu family	: 6
model		: 61
model name	: Intel(R) Core(TM) i5-5200U CPU @ 2.20GHz
stepping	: 4
microcode	: 0x12
cpu MHz		: 984.242
cache size	: 3072 KB
physical id	: 0
siblings	: 4
core id		: 1
cpu cores	: 2
apicid		: 2
initial apicid	: 2
fpu		: yes
fpu_exception	: yes
cpuid level	: 20
wp		: yes
flags		: fpu vme de pse tsc msr pae mce cx8 apic sep mtrr pge mca cmov pat pse36 clflush dts acpi mmx fxsr sse sse2 ss ht tm pbe syscall nx pdpe1gb rdtscp lm constant_tsc arch_perfmon pebs bts rep_good nopl xtopology nonstop_tsc aperfmperf eagerfpu pni pclmulqdq dtes64 monitor ds_cpl vmx est tm2 ssse3 sdbg fma cx16 xtpr pdcm pcid sse4_1 sse4_2 x2apic movbe popcnt tsc_deadline_timer aes xsave avx f16c rdrand lahf_lm abm 3dnowprefetch epb intel_pt tpr_shadow vnmi flexpriority ept vpid fsgsbase tsc_adjust bmi1 avx2 smep bmi2 erms invpcid rdseed adx smap xsaveopt dtherm ida arat pln pts
bugs		:
bogomips	: 4390.01
clflush size	: 64
cache_alignment	: 64
address sizes	: 39 bits physical, 48 bits virtual
power management:

processor	: 2
vendor_id	: GenuineIntel
cpu family	: 6
model		: 61
model name	: Intel(R) Core(TM) i5-5200U CPU @ 2.20GHz
stepping	: 4
microcode	: 0x12
cpu MHz		: 1140.476
cache size	: 3072 KB
physical id	: 0
siblings	: 4
core id		: 0
cpu cores	: 2
apicid		: 1
initial apicid	: 1
fpu		: yes
fpu_exception	: yes
cpuid level	: 20
wp		: yes
flags		: fpu vme de pse tsc msr pae mce cx8 apic sep mtrr pge mca cmov pat pse36 clflush dts acpi mmx fxsr sse sse2 ss ht tm pbe syscall nx pdpe1gb rdtscp lm constant_tsc arch_perfmon pebs bts rep_good nopl xtopology nonstop_tsc aperfmperf eagerfpu pni pclmulqdq dtes64 monitor ds_cpl vmx est tm2 ssse3 sdbg fma cx16 xtpr pdcm pcid sse4_1 sse4_2 x2apic movbe popcnt tsc_deadline_timer aes xsave avx f16c rdrand lahf_lm abm 3dnowprefetch epb intel_pt tpr_shadow vnmi flexpriority ept vpid fsgsbase tsc_adjust bmi1 avx2 smep bmi2 erms invpcid rdseed adx smap xsaveopt dtherm ida arat pln pts
bugs		:
bogomips	: 4390.01
clflush size	: 64
cache_alignment	: 64
address sizes	: 39 bits physical, 48 bits virtual
power management:

processor	: 3
vendor_id	: GenuineIntel
cpu family	: 6
model		: 61
model name	: Intel(R) Core(TM) i5-5200U CPU @ 2.20GHz
stepping	: 4
microcode	: 0x12
cpu MHz		: 1024.632
cache size	: 3072 KB
physical id	: 0
siblings	: 4
core id		: 1
cpu cores	: 2
apicid		: 3
initial apicid	: 3
fpu		: yes
fpu_exception	: yes
cpuid level	: 20
wp		: yes
flags		: fpu vme de pse tsc msr pae mce cx8 apic sep mtrr pge mca cmov pat pse36 clflush dts acpi mmx fxsr sse sse2 ss ht tm pbe syscall nx pdpe1gb rdtscp lm constant_tsc arch_perfmon pebs bts rep_good nopl xtopology nonstop_tsc aperfmperf eagerfpu pni pclmulqdq dtes64 monitor ds_cpl vmx est tm2 ssse3 sdbg fma cx16 xtpr pdcm pcid sse4_1 sse4_2 x2apic movbe popcnt tsc_deadline_timer aes xsave avx f16c rdrand lahf_lm abm 3dnowprefetch epb intel_pt tpr_shadow vnmi flexpriority ept vpid fsgsbase tsc_adjust bmi1 avx2 smep bmi2 erms invpcid rdseed adx smap xsaveopt dtherm ida arat pln pts
bugs		:
bogomips	: 4390.01
clflush size	: 64
cache_alignment	: 64
address sizes	: 39 bits physical, 48 bits virtual
power management:



Memory: 4k page, physical 8084688k(5261508k free), swap 12000252k(7666972k free)

vm_info: OpenJDK 64-Bit Server VM (25.121-b13) for linux-amd64 JRE (1.8.0_121-8u121-b13-0ubuntu1.16.04.2-b13), built on Jan 23 2017 15:51:29 by "buildd" with gcc 5.4.0 20160609

time: Sun Apr 30 23:06:17 2017
elapsed time: 18438 seconds (0d 5h 7m 18s)

