#
# A fatal error has been detected by the Java Runtime Environment:
#
#  SIGSEGV (0xb) at pc=0x0000000000046b20, pid=16781, tid=0x00007f0eaed34700
#
# JRE version: OpenJDK Runtime Environment (8.0_121-b13) (build 1.8.0_121-8u121-b13-0ubuntu1.16.04.2-b13)
# Java VM: OpenJDK 64-Bit Server VM (25.121-b13 mixed mode linux-amd64 compressed oops)
# Problematic frame:
# C  0x0000000000046b20
#
# Failed to write core dump. Core dumps have been disabled. To enable core dumping, try "ulimit -c unlimited" before starting Java again
#
# If you would like to submit a bug report, please visit:
#   http://bugreport.java.com/bugreport/crash.jsp
#

---------------  T H R E A D  ---------------

Current thread is native thread

siginfo: si_signo: 11 (SIGSEGV), si_code: 1 (SEGV_MAPERR), si_addr: 0x0000000000046b20

Registers:
RAX=0x00007f0e90355248, RBX=0x00007f0ea898ec10, RCX=0x0000000000000000, RDX=0x0000000000000000
RSP=0x00007ffca3cbb6d8, RBP=0x00007ffca3cbb830, RSI=0x0000000000000000, RDI=0x00007f0eae563140
R8 =0x0000000000000000, R9 =0x00007f0eae92a808, R10=0x00007f0eae5630c0, R11=0x00007f0eae59e2d0
R12=0x00007f0e903551a8, R13=0x0000000000000000, R14=0x00007ffca3cbb6e0, R15=0x0000000000000012
RIP=0x0000000000046b20, EFLAGS=0x0000000000010202, CSGSFS=0x0000000000000033, ERR=0x0000000000000014
  TRAPNO=0x000000000000000e

Top of Stack: (sp=0x00007ffca3cbb6d8)
0x00007ffca3cbb6d8:   00007f0eaeb4cc17 00007f0eaed63168
0x00007ffca3cbb6e8:   00007f0eaed63700 00007f0eaed607a8
0x00007ffca3cbb6f8:   00007f0ea80009a0 00007f0ea800b570
0x00007ffca3cbb708:   00007f0ea800cbf0 00007f0ea800ba20
0x00007ffca3cbb718:   00007f0ea800d0a0 00007f0ea8019ae0
0x00007ffca3cbb728:   00007f0ea8001bd0 00007f0ea80014a0
0x00007ffca3cbb738:   00000000024c9150 00000000024c9680
0x00007ffca3cbb748:   00000000024ca4c0 00000000024c9ba0
0x00007ffca3cbb758:   00007f0eaed36000 00007f0eaed37b00
0x00007ffca3cbb768:   00007f0eaed37618 00007f0ea898ec10
0x00007ffca3cbb778:   00007f0ea89bcfb0 00007f0ea89bd510
0x00007ffca3cbb788:   00007f0eaed37000 00007f0eaed629d8
0x00007ffca3cbb798:   00007f0eaeb4c964 00007ffca3cbb6e0
0x00007ffca3cbb7a8:   0000000000000006 00007ffca3cbb710
0x00007ffca3cbb7b8:   0000000000000001 0000000000000006
0x00007ffca3cbb7c8:   00007ffca3cbb7a0 00000017ae928c40
0x00007ffca3cbb7d8:   00007ffca3cbb6e0 0000001700000000
0x00007ffca3cbb7e8:   00007f0eaed62048 00007ffca3cbb6b0
0x00007ffca3cbb7f8:   0000000000000000 0000000000000001
0x00007ffca3cbb808:   0000000000000001 0000000000000001
0x00007ffca3cbb818:   00007f0eae928c40 0000000000000000
0x00007ffca3cbb828:   0000000000000000 00007f0eae9275f8
0x00007ffca3cbb838:   00007f0eae59dff8 00000000004007bc
0x00007ffca3cbb848:   0000000000000000 0000000000400730
0x00007ffca3cbb858:   0000000000400630 00007ffca3cbb950
0x00007ffca3cbb868:   00007f0eae59e045 0000000000400730
0x00007ffca3cbb878:   00007f0eae584837 0000000000000000
0x00007ffca3cbb888:   00007ffca3cbb958 0000000500000000
0x00007ffca3cbb898:   00000000004005e0 0000000000000000
0x00007ffca3cbb8a8:   34239d745d23d771 0000000000400630
0x00007ffca3cbb8b8:   00007ffca3cbb950 0000000000000000
0x00007ffca3cbb8c8:   0000000000000000 cbdada632243d771 

Instructions: (pc=0x0000000000046b20)
0x0000000000046b00:   
[error occurred during error reporting (printing registers, top of stack, instructions near pc), id 0xb]

Register to memory mapping:

RAX=
[error occurred during error reporting (printing register info), id 0xb]

Stack: [0x00007ffca3bbf000,0x00007ffca3cbf000],  sp=0x00007ffca3cbb6d8,  free space=1009k
Native frames: (J=compiled Java code, j=interpreted, Vv=VM code, C=native code)
C  0x0000000000046b20


---------------  P R O C E S S  ---------------

VM state:at safepoint (shutting down)

VM Mutex/Monitor currently owned by a thread:  ([mutex/lock_event])
[0x00007f0ea8009dd0] Threads_lock - owner thread: 0x00007f0ea807b000

Heap:
 PSYoungGen      total 68608K, used 44479K [0x00000000d6e00000, 0x00000000db600000, 0x0000000100000000)
  eden space 63488K, 62% used [0x00000000d6e00000,0x00000000d9473f50,0x00000000dac00000)
  from space 5120K, 99% used [0x00000000db100000,0x00000000db5fc010,0x00000000db600000)
  to   space 5120K, 0% used [0x00000000dac00000,0x00000000dac00000,0x00000000db100000)
 ParOldGen       total 84992K, used 10831K [0x0000000084a00000, 0x0000000089d00000, 0x00000000d6e00000)
  object space 84992K, 12% used [0x0000000084a00000,0x0000000085493f58,0x0000000089d00000)
 Metaspace       used 19209K, capacity 19326K, committed 19712K, reserved 1067008K
  class space    used 2489K, capacity 2525K, committed 2560K, reserved 1048576K

Card table byte_map: [0x00007f0e97e1b000,0x00007f0e981f7000] byte_map_base: 0x00007f0e979f6000

Marking Bits: (ParMarkBitMap*) 0x00007f0eadf0c220
 Begin Bits: [0x00007f0e93ad6000, 0x00007f0e959ae000)
 End Bits:   [0x00007f0e959ae000, 0x00007f0e97886000)

Polling page: 0x00007f0eaed5e000

CodeCache: size=245760Kb used=7242Kb max_used=7244Kb free=238517Kb
 bounds [0x00007f0e985b7000, 0x00007f0e98cd7000, 0x00007f0ea75b7000]
 total_blobs=2595 nmethods=2209 adapters=299
 compilation: enabled

Compilation events (10 events):
Event: 7.777 Thread 0x00007f0ea80b5000 nmethod 2204 0x00007f0e98cc69d0 code [0x00007f0e98cc6b60, 0x00007f0e98cc6e90]
Event: 7.777 Thread 0x00007f0ea80b5000 2197       3       fr.irisa.cairn.jnimap.isl.jni.JNIISLSpace::taken (33 bytes)
Event: 7.777 Thread 0x00007f0ea80b5000 nmethod 2197 0x00007f0e98cc6490 code [0x00007f0e98cc6620, 0x00007f0e98cc68e8]
Event: 7.777 Thread 0x00007f0ea80b5000 2205       3       org.polymodel.algebra.factory.IntExpressionBuilder::term (6 bytes)
Event: 7.778 Thread 0x00007f0ea80b5000 nmethod 2205 0x00007f0e98cc94d0 code [0x00007f0e98cc96a0, 0x00007f0e98cc9c58]
Event: 7.778 Thread 0x00007f0ea80b5000 2207       3       fr.irisa.cairn.jnimap.isl.jni.JNIISLMatrix::getNbRows (22 bytes)
Event: 7.778 Thread 0x00007f0ea80b5000 nmethod 2207 0x00007f0e98ccd010 code [0x00007f0e98ccd220, 0x00007f0e98ccdab8]
Event: 7.778 Thread 0x00007f0ea80b5000 2209       3       org.polymodel.algebra.factory.IntExpressionBuilder::affine (59 bytes)
Event: 7.778 Thread 0x00007f0ea80b0800 nmethod 2206 0x00007f0e98cc91d0 code [0x00007f0e98cc9320, 0x00007f0e98cc9408]
Event: 7.779 Thread 0x00007f0ea80b5000 nmethod 2209 0x00007f0e98cce790 code [0x00007f0e98ccea60, 0x00007f0e98ccfe18]

GC Heap History (8 events):
Event: 4.545 GC heap before
{Heap before GC invocations=1 (full 0):
 PSYoungGen      total 36864K, used 31744K [0x00000000d6e00000, 0x00000000d9700000, 0x0000000100000000)
  eden space 31744K, 100% used [0x00000000d6e00000,0x00000000d8d00000,0x00000000d8d00000)
  from space 5120K, 0% used [0x00000000d9200000,0x00000000d9200000,0x00000000d9700000)
  to   space 5120K, 0% used [0x00000000d8d00000,0x00000000d8d00000,0x00000000d9200000)
 ParOldGen       total 84992K, used 0K [0x0000000084a00000, 0x0000000089d00000, 0x00000000d6e00000)
  object space 84992K, 0% used [0x0000000084a00000,0x0000000084a00000,0x0000000089d00000)
 Metaspace       used 6662K, capacity 6786K, committed 7040K, reserved 1056768K
  class space    used 738K, capacity 787K, committed 896K, reserved 1048576K
Event: 4.550 GC heap after
Heap after GC invocations=1 (full 0):
 PSYoungGen      total 36864K, used 5114K [0x00000000d6e00000, 0x00000000d9700000, 0x0000000100000000)
  eden space 31744K, 0% used [0x00000000d6e00000,0x00000000d6e00000,0x00000000d8d00000)
  from space 5120K, 99% used [0x00000000d8d00000,0x00000000d91fe8e0,0x00000000d9200000)
  to   space 5120K, 0% used [0x00000000d9200000,0x00000000d9200000,0x00000000d9700000)
 ParOldGen       total 84992K, used 910K [0x0000000084a00000, 0x0000000089d00000, 0x00000000d6e00000)
  object space 84992K, 1% used [0x0000000084a00000,0x0000000084ae3938,0x0000000089d00000)
 Metaspace       used 6662K, capacity 6786K, committed 7040K, reserved 1056768K
  class space    used 738K, capacity 787K, committed 896K, reserved 1048576K
}
Event: 6.083 GC heap before
{Heap before GC invocations=2 (full 0):
 PSYoungGen      total 36864K, used 36858K [0x00000000d6e00000, 0x00000000d9700000, 0x0000000100000000)
  eden space 31744K, 100% used [0x00000000d6e00000,0x00000000d8d00000,0x00000000d8d00000)
  from space 5120K, 99% used [0x00000000d8d00000,0x00000000d91fe8e0,0x00000000d9200000)
  to   space 5120K, 0% used [0x00000000d9200000,0x00000000d9200000,0x00000000d9700000)
 ParOldGen       total 84992K, used 910K [0x0000000084a00000, 0x0000000089d00000, 0x00000000d6e00000)
  object space 84992K, 1% used [0x0000000084a00000,0x0000000084ae3938,0x0000000089d00000)
 Metaspace       used 10492K, capacity 10600K, committed 10880K, reserved 1058816K
  class space    used 1313K, capacity 1332K, committed 1408K, reserved 1048576K
Event: 6.161 GC heap after
Heap after GC invocations=2 (full 0):
 PSYoungGen      total 36864K, used 5104K [0x00000000d6e00000, 0x00000000db600000, 0x0000000100000000)
  eden space 31744K, 0% used [0x00000000d6e00000,0x00000000d6e00000,0x00000000d8d00000)
  from space 5120K, 99% used [0x00000000d9200000,0x00000000d96fc010,0x00000000d9700000)
  to   space 5120K, 0% used [0x00000000d8d00000,0x00000000d8d00000,0x00000000d9200000)
 ParOldGen       total 84992K, used 4352K [0x0000000084a00000, 0x0000000089d00000, 0x00000000d6e00000)
  object space 84992K, 5% used [0x0000000084a00000,0x0000000084e40158,0x0000000089d00000)
 Metaspace       used 10492K, capacity 10600K, committed 10880K, reserved 1058816K
  class space    used 1313K, capacity 1332K, committed 1408K, reserved 1048576K
}
Event: 6.554 GC heap before
{Heap before GC invocations=3 (full 0):
 PSYoungGen      total 36864K, used 36848K [0x00000000d6e00000, 0x00000000db600000, 0x0000000100000000)
  eden space 31744K, 100% used [0x00000000d6e00000,0x00000000d8d00000,0x00000000d8d00000)
  from space 5120K, 99% used [0x00000000d9200000,0x00000000d96fc010,0x00000000d9700000)
  to   space 5120K, 0% used [0x00000000d8d00000,0x00000000d8d00000,0x00000000d9200000)
 ParOldGen       total 84992K, used 4352K [0x0000000084a00000, 0x0000000089d00000, 0x00000000d6e00000)
  object space 84992K, 5% used [0x0000000084a00000,0x0000000084e40158,0x0000000089d00000)
 Metaspace       used 12548K, capacity 12678K, committed 12928K, reserved 1060864K
  class space    used 1597K, capacity 1657K, committed 1664K, reserved 1048576K
Event: 6.575 GC heap after
Heap after GC invocations=3 (full 0):
 PSYoungGen      total 36864K, used 5120K [0x00000000d6e00000, 0x00000000db600000, 0x0000000100000000)
  eden space 31744K, 0% used [0x00000000d6e00000,0x00000000d6e00000,0x00000000d8d00000)
  from space 5120K, 100% used [0x00000000d8d00000,0x00000000d9200000,0x00000000d9200000)
  to   space 5120K, 0% used [0x00000000db100000,0x00000000db100000,0x00000000db600000)
 ParOldGen       total 84992K, used 7678K [0x0000000084a00000, 0x0000000089d00000, 0x00000000d6e00000)
  object space 84992K, 9% used [0x0000000084a00000,0x000000008517fb98,0x0000000089d00000)
 Metaspace       used 12548K, capacity 12678K, committed 12928K, reserved 1060864K
  class space    used 1597K, capacity 1657K, committed 1664K, reserved 1048576K
}
Event: 7.114 GC heap before
{Heap before GC invocations=4 (full 0):
 PSYoungGen      total 36864K, used 36864K [0x00000000d6e00000, 0x00000000db600000, 0x0000000100000000)
  eden space 31744K, 100% used [0x00000000d6e00000,0x00000000d8d00000,0x00000000d8d00000)
  from space 5120K, 100% used [0x00000000d8d00000,0x00000000d9200000,0x00000000d9200000)
  to   space 5120K, 0% used [0x00000000db100000,0x00000000db100000,0x00000000db600000)
 ParOldGen       total 84992K, used 7678K [0x0000000084a00000, 0x0000000089d00000, 0x00000000d6e00000)
  object space 84992K, 9% used [0x0000000084a00000,0x000000008517fb98,0x0000000089d00000)
 Metaspace       used 15144K, capacity 15218K, committed 15360K, reserved 1062912K
  class space    used 1989K, capacity 2011K, committed 2048K, reserved 1048576K
Event: 7.150 GC heap after
Heap after GC invocations=4 (full 0):
 PSYoungGen      total 68608K, used 5104K [0x00000000d6e00000, 0x00000000db600000, 0x0000000100000000)
  eden space 63488K, 0% used [0x00000000d6e00000,0x00000000d6e00000,0x00000000dac00000)
  from space 5120K, 99% used [0x00000000db100000,0x00000000db5fc010,0x00000000db600000)
  to   space 5120K, 0% used [0x00000000dac00000,0x00000000dac00000,0x00000000db100000)
 ParOldGen       total 84992K, used 10831K [0x0000000084a00000, 0x0000000089d00000, 0x00000000d6e00000)
  object space 84992K, 12% used [0x0000000084a00000,0x0000000085493f58,0x0000000089d00000)
 Metaspace       used 15144K, capacity 15218K, committed 15360K, reserved 1062912K
  class space    used 1989K, capacity 2011K, committed 2048K, reserved 1048576K
}

Deoptimization events (10 events):
Event: 7.477 Thread 0x00007f0ea800d800 Uncommon trap: reason=array_check action=maybe_recompile pc=0x00007f0e98ba8e88 method=org.eclipse.emf.common.util.BasicEList.assign(ILjava/lang/Object;)Ljava/lang/Object; @ 6
Event: 7.477 Thread 0x00007f0ea800d800 Uncommon trap: reason=array_check action=maybe_recompile pc=0x00007f0e98ba8e88 method=org.eclipse.emf.common.util.BasicEList.assign(ILjava/lang/Object;)Ljava/lang/Object; @ 6
Event: 7.478 Thread 0x00007f0ea800d800 Uncommon trap: reason=array_check action=maybe_recompile pc=0x00007f0e98ba8e88 method=org.eclipse.emf.common.util.BasicEList.assign(ILjava/lang/Object;)Ljava/lang/Object; @ 6
Event: 7.544 Thread 0x00007f0ea800d800 Uncommon trap: reason=unstable_if action=reinterpret pc=0x00007f0e98b476d0 method=java.util.HashMap.hash(Ljava/lang/Object;)I @ 1
Event: 7.544 Thread 0x00007f0ea800d800 Uncommon trap: reason=unstable_if action=reinterpret pc=0x00007f0e987debf0 method=java.util.HashMap.hash(Ljava/lang/Object;)I @ 1
Event: 7.548 Thread 0x00007f0ea800d800 Uncommon trap: reason=unstable_if action=reinterpret pc=0x00007f0e98995094 method=java.util.HashMap.hash(Ljava/lang/Object;)I @ 1
Event: 7.551 Thread 0x00007f0ea800d800 Uncommon trap: reason=unstable_if action=reinterpret pc=0x00007f0e98955628 method=java.util.HashMap.hash(Ljava/lang/Object;)I @ 1
Event: 7.613 Thread 0x00007f0ea800d800 Uncommon trap: reason=bimorphic action=maybe_recompile pc=0x00007f0e98b18110 method=org.eclipse.emf.ecore.util.EContentsEList$FeatureIteratorImpl.hasNext()Z @ 279
Event: 7.614 Thread 0x00007f0ea800d800 Uncommon trap: reason=bimorphic action=maybe_recompile pc=0x00007f0e98b18110 method=org.eclipse.emf.ecore.util.EContentsEList$FeatureIteratorImpl.hasNext()Z @ 279
Event: 21981.519 Thread 0x00007f0ea800d800 Uncommon trap: reason=null_check action=make_not_entrant pc=0x00007f0e98c3772c method=java.lang.StringCoding.deref(Ljava/lang/ThreadLocal;)Ljava/lang/Object; @ 4

Internal exceptions (10 events):
Event: 21920.657 Thread 0x00007f0ea800d800 Exception <a 'java/io/IOException'> (0x00000000d92d4a40) thrown at [/build/openjdk-8-YiEakL/openjdk-8-8u121-b13/src/hotspot/src/share/vm/prims/jni.cpp, line 709]
Event: 21920.657 Thread 0x00007f0ea800d800 Exception <a 'java/io/IOException'> (0x00000000d92d4cd8) thrown at [/build/openjdk-8-YiEakL/openjdk-8-8u121-b13/src/hotspot/src/share/vm/prims/jni.cpp, line 709]
Event: 21920.685 Thread 0x00007f0ea800d800 Exception <a 'java/io/IOException'> (0x00000000d92d4f40) thrown at [/build/openjdk-8-YiEakL/openjdk-8-8u121-b13/src/hotspot/src/share/vm/prims/jni.cpp, line 709]
Event: 21929.770 Thread 0x00007f0ea800d800 Exception <a 'java/io/IOException'> (0x00000000d92d5730) thrown at [/build/openjdk-8-YiEakL/openjdk-8-8u121-b13/src/hotspot/src/share/vm/prims/jni.cpp, line 709]
Event: 21929.770 Thread 0x00007f0ea800d800 Exception <a 'java/io/IOException'> (0x00000000d92d59c8) thrown at [/build/openjdk-8-YiEakL/openjdk-8-8u121-b13/src/hotspot/src/share/vm/prims/jni.cpp, line 709]
Event: 21929.770 Thread 0x00007f0ea800d800 Exception <a 'java/io/IOException'> (0x00000000d92d5c30) thrown at [/build/openjdk-8-YiEakL/openjdk-8-8u121-b13/src/hotspot/src/share/vm/prims/jni.cpp, line 709]
Event: 21929.853 Thread 0x00007f0ea800d800 Exception <a 'java/io/IOException'> (0x00000000d92d61e8) thrown at [/build/openjdk-8-YiEakL/openjdk-8-8u121-b13/src/hotspot/src/share/vm/prims/jni.cpp, line 709]
Event: 21929.853 Thread 0x00007f0ea800d800 Exception <a 'java/io/IOException'> (0x00000000d92d6480) thrown at [/build/openjdk-8-YiEakL/openjdk-8-8u121-b13/src/hotspot/src/share/vm/prims/jni.cpp, line 709]
Event: 21929.853 Thread 0x00007f0ea800d800 Exception <a 'java/io/IOException'> (0x00000000d92d66e8) thrown at [/build/openjdk-8-YiEakL/openjdk-8-8u121-b13/src/hotspot/src/share/vm/prims/jni.cpp, line 709]
Event: 21981.456 Thread 0x00007f0ea800d800 Implicit null exception at 0x00007f0e98c3710d to 0x00007f0e98c37715

Events (10 events):
Event: 21959.006 Executing VM operation: RevokeBias done
Event: 21962.420 Executing VM operation: RevokeBias
Event: 21962.420 Executing VM operation: RevokeBias done
Event: 21962.420 Executing VM operation: RevokeBias
Event: 21962.420 Executing VM operation: RevokeBias done
Event: 21965.240 Thread 0x00007f0ea8798800 Thread exited: 0x00007f0ea8798800
Event: 21981.494 Thread 0x00007f0ea800d800 Uncommon trap: trap_request=0xfffffff4 fr.pc=0x00007f0e98c3772c
Event: 21981.681 Thread 0x00007f0ea800d800 DEOPT PACKING pc=0x00007f0e98c3772c sp=0x00007f0eaed311c0
Event: 21981.681 Thread 0x00007f0ea800d800 DEOPT UNPACKING pc=0x00007f0e985bbf69 sp=0x00007f0eaed310c0 mode 2
Event: 21986.396 Thread 0x00007f0ea800d800 Thread exited: 0x00007f0ea800d800


Dynamic libraries:
00400000-00401000 r-xp 00000000 08:09 7087821                            /usr/lib/jvm/java-8-openjdk-amd64/jre/bin/java
00600000-00601000 r--p 00000000 08:09 7087821                            /usr/lib/jvm/java-8-openjdk-amd64/jre/bin/java
00601000-00602000 rw-p 00001000 08:09 7087821                            /usr/lib/jvm/java-8-openjdk-amd64/jre/bin/java
024c9000-024ea000 rw-p 00000000 00:00 0                                  [heap]
84a00000-89d00000 rw-p 00000000 00:00 0 
89d00000-d6e00000 ---p 00000000 00:00 0 
d6e00000-db600000 rw-p 00000000 00:00 0 
db600000-100000000 ---p 00000000 00:00 0 
100000000-100280000 rw-p 00000000 00:00 0 
100280000-140000000 ---p 00000000 00:00 0 
7f0e4c000000-7f0e4c021000 rw-p 00000000 00:00 0 
7f0e4c021000-7f0e50000000 ---p 00000000 00:00 0 
7f0e5371b000-7f0e5371e000 ---p 00000000 00:00 0 
7f0e5371e000-7f0e538dc000 rw-p 00000000 00:00 0 
7f0e538dc000-7f0e53a1c000 ---p 00000000 00:00 0 
7f0e53a1c000-7f0e53a91000 r-xp 00000000 08:09 26881542                   /home/hrishi/workspace/Console/.jnimap.temp.linux_64/libgmp.so.10 (deleted)
7f0e53a91000-7f0e53c90000 ---p 00075000 08:09 26881542                   /home/hrishi/workspace/Console/.jnimap.temp.linux_64/libgmp.so.10 (deleted)
7f0e53c90000-7f0e53c92000 rw-p 00074000 08:09 26881542                   /home/hrishi/workspace/Console/.jnimap.temp.linux_64/libgmp.so.10 (deleted)
7f0e53c92000-7f0e53dfa000 r-xp 00000000 08:09 26881540                   /home/hrishi/workspace/Console/.jnimap.temp.linux_64/libisl.so.13 (deleted)
7f0e53dfa000-7f0e53ff9000 ---p 00168000 08:09 26881540                   /home/hrishi/workspace/Console/.jnimap.temp.linux_64/libisl.so.13 (deleted)
7f0e53ff9000-7f0e54000000 rw-p 00167000 08:09 26881540                   /home/hrishi/workspace/Console/.jnimap.temp.linux_64/libisl.so.13 (deleted)
7f0e54000000-7f0e54021000 rw-p 00000000 00:00 0 
7f0e54021000-7f0e58000000 ---p 00000000 00:00 0 
7f0e58000000-7f0e58021000 rw-p 00000000 00:00 0 
7f0e58021000-7f0e5c000000 ---p 00000000 00:00 0 
7f0e5c000000-7f0e5c021000 rw-p 00000000 00:00 0 
7f0e5c021000-7f0e60000000 ---p 00000000 00:00 0 
7f0e60000000-7f0e60021000 rw-p 00000000 00:00 0 
7f0e60021000-7f0e64000000 ---p 00000000 00:00 0 
7f0e64000000-7f0e64428000 rw-p 00000000 00:00 0 
7f0e64428000-7f0e68000000 ---p 00000000 00:00 0 
7f0e68000000-7f0e6866c000 rw-p 00000000 00:00 0 
7f0e6866c000-7f0e6c000000 ---p 00000000 00:00 0 
7f0e6c000000-7f0e6c021000 rw-p 00000000 00:00 0 
7f0e6c021000-7f0e70000000 ---p 00000000 00:00 0 
7f0e70000000-7f0e70cea000 rw-p 00000000 00:00 0 
7f0e70cea000-7f0e74000000 ---p 00000000 00:00 0 
7f0e74000000-7f0e74021000 rw-p 00000000 00:00 0 
7f0e74021000-7f0e78000000 ---p 00000000 00:00 0 
7f0e78000000-7f0e78021000 rw-p 00000000 00:00 0 
7f0e78021000-7f0e7c000000 ---p 00000000 00:00 0 
7f0e7c000000-7f0e7c021000 rw-p 00000000 00:00 0 
7f0e7c021000-7f0e80000000 ---p 00000000 00:00 0 
7f0e80000000-7f0e80021000 rw-p 00000000 00:00 0 
7f0e80021000-7f0e84000000 ---p 00000000 00:00 0 
7f0e84000000-7f0e84021000 rw-p 00000000 00:00 0 
7f0e84021000-7f0e88000000 ---p 00000000 00:00 0 
7f0e88000000-7f0e88021000 rw-p 00000000 00:00 0 
7f0e88021000-7f0e8c000000 ---p 00000000 00:00 0 
7f0e8c000000-7f0e8c021000 rw-p 00000000 00:00 0 
7f0e8c021000-7f0e90000000 ---p 00000000 00:00 0 
7f0e900d1000-7f0e90156000 r-xp 00000000 08:09 26881544                   /home/hrishi/workspace/Console/.jnimap.temp.linux_64/linux_64_libjniisl.so (deleted)
7f0e90156000-7f0e90355000 ---p 00085000 08:09 26881544                   /home/hrishi/workspace/Console/.jnimap.temp.linux_64/linux_64_libjniisl.so (deleted)
7f0e90355000-7f0e90358000 rw-p 00084000 08:09 26881544                   /home/hrishi/workspace/Console/.jnimap.temp.linux_64/linux_64_libjniisl.so (deleted)
7f0e90358000-7f0e90558000 rw-p 00000000 00:00 0 
7f0e90558000-7f0e90758000 rw-p 00000000 00:00 0 
7f0e90758000-7f0e90958000 rw-p 00000000 00:00 0 
7f0e90958000-7f0e9095b000 ---p 00000000 00:00 0 
7f0e9095b000-7f0e90c59000 rw-p 00000000 00:00 0 
7f0e90c59000-7f0e90c5c000 ---p 00000000 00:00 0 
7f0e90c5c000-7f0e90d5a000 rw-p 00000000 00:00 0 
7f0e90d5a000-7f0e90d5d000 r--s 00015000 08:09 7085469                    /usr/lib/jvm/java-8-openjdk-amd64/jre/lib/jce.jar
7f0e90d5d000-7f0e90d61000 r--s 0009a000 08:09 7085467                    /usr/lib/jvm/java-8-openjdk-amd64/jre/lib/jsse.jar
7f0e90d61000-7f0e90d64000 r--s 00014000 08:09 26516293                   /home/hrishi/.eclipse/org.eclipse.platform_4.6.0_1473617060_linux_gtk_x86_64/plugins/fr.irisa.r2d2.parser.runtime_1.0.0.201612051604.jar
7f0e90d64000-7f0e90d6c000 r--s 0003c000 08:09 26516292                   /home/hrishi/.eclipse/org.eclipse.platform_4.6.0_1473617060_linux_gtk_x86_64/plugins/fr.irisa.r2d2.gecos.framework_1.0.0.201612051604.jar
7f0e90d6c000-7f0e90d76000 r--s 0006c000 08:09 26516357                   /home/hrishi/.eclipse/org.eclipse.platform_4.6.0_1473617060_linux_gtk_x86_64/plugins/org.eclipse.xtext.common.types_2.10.0.v201605250459.jar
7f0e90d76000-7f0e90da6000 r--s 0044d000 08:09 26516369                   /home/hrishi/.eclipse/org.eclipse.platform_4.6.0_1473617060_linux_gtk_x86_64/plugins/org.eclipse.xtext.xbase_2.10.0.v201605250459.jar
7f0e90da6000-7f0e90da9000 r--s 0000f000 08:09 26516352                   /home/hrishi/.eclipse/org.eclipse.platform_4.6.0_1473617060_linux_gtk_x86_64/plugins/org.eclipse.xtend.lib.macro_2.10.0.v201605250459.jar
7f0e90da9000-7f0e90dad000 r--s 00035000 08:09 26516351                   /home/hrishi/.eclipse/org.eclipse.platform_4.6.0_1473617060_linux_gtk_x86_64/plugins/org.eclipse.xtend.lib_2.10.0.v201605250459.jar
7f0e90dad000-7f0e90dae000 r--s 00001000 08:09 26516354                   /home/hrishi/.eclipse/org.eclipse.platform_4.6.0_1473617060_linux_gtk_x86_64/plugins/org.eclipse.xtend2.lib_2.10.0.v201605250459.jar
7f0e90dae000-7f0e90db4000 r--s 0003f000 08:09 26516368                   /home/hrishi/.eclipse/org.eclipse.platform_4.6.0_1473617060_linux_gtk_x86_64/plugins/org.eclipse.xtext.util_2.10.0.v201605250459.jar
7f0e90db4000-7f0e90de5000 r--s 0024b000 08:09 26516355                   /home/hrishi/.eclipse/org.eclipse.platform_4.6.0_1473617060_linux_gtk_x86_64/plugins/org.eclipse.xtext_2.10.0.v201605250459.jar
7f0e90de5000-7f0e90ded000 r--s 00061000 08:09 26516277                   /home/hrishi/.eclipse/org.eclipse.platform_4.6.0_1473617060_linux_gtk_x86_64/plugins/edu.csu.melange.alphabets_0.9.6.201612051604.jar
7f0e90ded000-7f0e90dee000 r--s 00008000 08:09 26516336                   /home/hrishi/.eclipse/org.eclipse.platform_4.6.0_1473617060_linux_gtk_x86_64/plugins/org.polymodel.scop.cgenerator2_1.0.0.201612051604.jar
7f0e90dee000-7f0e90df1000 r--s 00024000 08:09 26516337                   /home/hrishi/.eclipse/org.eclipse.platform_4.6.0_1473617060_linux_gtk_x86_64/plugins/org.polymodel.scop.dtiler_1.0.0.201612051604.jar
7f0e90df1000-7f0e90df2000 r--s 00001000 08:09 26516335                   /home/hrishi/.eclipse/org.eclipse.platform_4.6.0_1473617060_linux_gtk_x86_64/plugins/org.polymodel.scop.bridge.clast_1.0.0.201612051604.jar
7f0e90df2000-7f0e90df7000 r--s 0002a000 08:09 26516334                   /home/hrishi/.eclipse/org.eclipse.platform_4.6.0_1473617060_linux_gtk_x86_64/plugins/org.polymodel.scop_1.0.0.201612051604.jar
7f0e90df7000-7f0e90e0a000 r--s 0012e000 08:09 26516300                   /home/hrishi/.eclipse/org.eclipse.platform_4.6.0_1473617060_linux_gtk_x86_64/plugins/org.polymodel.polyhedralIR.codegen_1.0.0.201612051604.jar
7f0e90e0a000-7f0e90e0d000 r--s 008e1000 08:09 26516287                   /home/hrishi/.eclipse/org.eclipse.platform_4.6.0_1473617060_linux_gtk_x86_64/plugins/fr.irisa.cairn.jnimap.cloog_1.0.0.201612051604.jar
7f0e90e0d000-7f0e90e11000 r--s 00031000 08:09 26516341                   /home/hrishi/.eclipse/org.eclipse.platform_4.6.0_1473617060_linux_gtk_x86_64/plugins/org.antlr.runtime_3.2.0.v201101311130.jar
7f0e90e11000-7f0e90e12000 r--s 00011000 08:09 10748494                   /opt/eclipse/plugins/org.apache.commons.logging_1.1.1.v201101211721.jar
7f0e90e12000-7f0e90e1a000 r--s 0005e000 08:09 10748531                   /opt/eclipse/plugins/org.apache.log4j_1.2.15.v201012070815.jar
7f0e90e1a000-7f0e90e1c000 r--s 00008000 08:09 26516346                   /home/hrishi/.eclipse/org.eclipse.platform_4.6.0_1473617060_linux_gtk_x86_64/plugins/org.eclipse.emf.mwe.utils_1.3.20.v201605261103.jar
7f0e90e1c000-7f0e90e1d000 r--s 00003000 08:09 26516348                   /home/hrishi/.eclipse/org.eclipse.platform_4.6.0_1473617060_linux_gtk_x86_64/plugins/org.eclipse.emf.mwe2.runtime_2.9.0.v201605261103.jar
7f0e90e1d000-7f0e90e1e000 r--s 0000b000 08:09 26516339                   /home/hrishi/.eclipse/org.eclipse.platform_4.6.0_1473617060_linux_gtk_x86_64/plugins/org.apache.commons.cli_1.2.0.v201404270220.jar
7f0e90e1e000-7f0e90e24000 r--s 0002a000 08:09 26516345                   /home/hrishi/.eclipse/org.eclipse.platform_4.6.0_1473617060_linux_gtk_x86_64/plugins/org.eclipse.emf.mwe.core_1.3.20.v201605261103.jar
7f0e90e24000-7f0e90e26000 r--s 00009000 08:09 26516279                   /home/hrishi/.eclipse/org.eclipse.platform_4.6.0_1473617060_linux_gtk_x86_64/plugins/edu.csu.melange.affineLattice_1.0.0.jar
7f0e90e26000-7f0e90e28000 r--s 00000000 08:09 26516338                   /home/hrishi/.eclipse/org.eclipse.platform_4.6.0_1473617060_linux_gtk_x86_64/plugins/tom.mapping_1.0.0.201612051604.jar
7f0e90e28000-7f0e90e2f000 r--s 0004d000 08:09 26516333                   /home/hrishi/.eclipse/org.eclipse.platform_4.6.0_1473617060_linux_gtk_x86_64/plugins/org.polymodel.prdg.scheduling_1.0.0.201612051604.jar
7f0e90e2f000-7f0e90e32000 r--s 0001f000 08:09 26516370                   /home/hrishi/.eclipse/org.eclipse.platform_4.6.0_1473617060_linux_gtk_x86_64/plugins/org.eclipse.xtext.xbase.lib_2.10.0.v201605250459.jar
7f0e90e32000-7f0e90e34000 r--s 00004000 08:09 26516299                   /home/hrishi/.eclipse/org.eclipse.platform_4.6.0_1473617060_linux_gtk_x86_64/plugins/org.polymodel.matrix_1.0.0.201612051604.jar
7f0e90e34000-7f0e90e36000 r--s 00005000 08:09 26516332                   /home/hrishi/.eclipse/org.eclipse.platform_4.6.0_1473617060_linux_gtk_x86_64/plugins/org.polymodel.prdg.adapter_1.0.0.201612051604.jar
7f0e90e36000-7f0e90e38000 r--s 00009000 08:09 26516301                   /home/hrishi/.eclipse/org.eclipse.platform_4.6.0_1473617060_linux_gtk_x86_64/plugins/org.polymodel.prdg_1.0.0.201612051604.jar
7f0e90e38000-7f0e90e3a000 r--s 00013000 08:09 26516297                   /home/hrishi/.eclipse/org.eclipse.platform_4.6.0_1473617060_linux_gtk_x86_64/plugins/org.polymodel.isl_1.0.0.201612051604.jar
7f0e90e3a000-7f0e90e44000 r--s 000a4000 08:09 26516295                   /home/hrishi/.eclipse/org.eclipse.platform_4.6.0_1473617060_linux_gtk_x86_64/plugins/org.polymodel.algebra_1.0.0.201612051604.jar
7f0e90e44000-7f0e90e47000 r--s 0002b000 08:09 26516294                   /home/hrishi/.eclipse/org.eclipse.platform_4.6.0_1473617060_linux_gtk_x86_64/plugins/org.polymodel_1.0.0.201612051604.jar
7f0e90e47000-7f0e90e71000 r--s 001ff000 08:09 10749007                   /opt/eclipse/plugins/com.google.guava_15.0.0.v201403281430.jar
7f0e90e71000-7f0e90e72000 r--s 0000f000 08:09 28708338                   /home/hrishi/.eclipse/org.eclipse.platform_4.6.0_1473617060_linux_gtk_x86_64/plugins/fr.irisa.cairn.tools_1.0.0.201612051604/lib/javatuples-1.2.jar
7f0e90e72000-7f0e90e73000 r--s 0000b000 08:09 28708337                   /home/hrishi/.eclipse/org.eclipse.platform_4.6.0_1473617060_linux_gtk_x86_64/plugins/fr.irisa.cairn.tools_1.0.0.201612051604/lib/javatuples-1.2-sources.jar
7f0e90e73000-7f0e90e76000 r--s 00037000 08:09 28708336                   /home/hrishi/.eclipse/org.eclipse.platform_4.6.0_1473617060_linux_gtk_x86_64/plugins/fr.irisa.cairn.tools_1.0.0.201612051604/lib/javatuples-1.2-javadoc.jar
7f0e90e76000-7f0e90e77000 r--s 00000000 08:09 26516289                   /home/hrishi/.eclipse/org.eclipse.platform_4.6.0_1473617060_linux_gtk_x86_64/plugins/fr.irisa.cairn.jnimap.runtime_1.0.0.201612051604.jar
7f0e90e77000-7f0e90e7c000 r--s 00b6c000 08:09 26516288                   /home/hrishi/.eclipse/org.eclipse.platform_4.6.0_1473617060_linux_gtk_x86_64/plugins/fr.irisa.cairn.jnimap.isl_2.1.0.201612051604.jar
7f0e90e7c000-7f0e90e7e000 r--s 00007000 08:09 26516286                   /home/hrishi/.eclipse/org.eclipse.platform_4.6.0_1473617060_linux_gtk_x86_64/plugins/fr.irisa.cairn.graph.guice_1.0.0.201612051604.jar
7f0e90e7e000-7f0e90e80000 r--s 00009000 08:09 10748202                   /opt/eclipse/plugins/com.google.inject.multibindings_3.0.0.v201605172100.jar
7f0e90e80000-7f0e90e8b000 r--s 00077000 08:09 10748760                   /opt/eclipse/plugins/com.google.inject_3.0.0.v201605172100.jar
7f0e90e8b000-7f0e90ea3000 r--s 0015b000 08:09 28061747                   /home/hrishi/.eclipse/org.eclipse.platform_4.6.0_1473617060_linux_gtk_x86_64/plugins/fr.irisa.cairn.graph_1.0.0.201612051604/lib/jgrapht-ext-0.9.1-uber.jar
7f0e90ea3000-7f0e90ed3000 rw-p 00000000 00:00 0 
7f0e90ed3000-7f0e91003000 r--s 010bc000 08:09 28708362                   /home/hrishi/.eclipse/org.eclipse.platform_4.6.0_1473617060_linux_gtk_x86_64/plugins/fr.irisa.cairn.eclipse.tom_2.10.0.201612051604/libs/aircube-bundle.jar
7f0e91003000-7f0e91007000 r--s 00035000 08:09 10748985                   /opt/eclipse/plugins/org.eclipse.emf.ecore.xmi_2.12.0.v20160420-0247.jar
7f0e91007000-7f0e9100e000 r--s 00051000 08:09 10748503                   /opt/eclipse/plugins/org.eclipse.emf.common_2.12.0.v20160420-0247.jar
7f0e9100e000-7f0e91020000 r--s 00111000 08:09 10748217                   /opt/eclipse/plugins/org.eclipse.emf.ecore_2.12.0.v20160420-0247.jar
7f0e91020000-7f0e91025000 r--s 00030000 08:09 10748396                   /opt/eclipse/plugins/org.eclipse.ui.console_3.6.200.v20160518-1858.jar
7f0e91025000-7f0e91067000 r--s 00398000 08:09 10748311                   /opt/eclipse/plugins/org.eclipse.ui.workbench_3.108.0.v20160602-1232.jar
7f0e91067000-7f0e9106b000 r--s 00019000 08:09 10748602                   /opt/eclipse/plugins/org.eclipse.core.commands_3.8.0.v20160316-1921.jar
7f0e9106b000-7f0e9107d000 r--s 000f8000 08:09 10748780                   /opt/eclipse/plugins/org.eclipse.jface_3.12.0.v20160518-1929.jar
7f0e9107d000-7f0e91092000 r--s 0028f000 08:09 10748863                   /opt/eclipse/plugins/org.eclipse.swt.gtk.linux.x86_64_3.105.0.v20160603-0902.jar
7f0e91092000-7f0e9109b000 r--s 00058000 08:09 10748604                   /opt/eclipse/plugins/org.eclipse.ui_3.108.0.v20160518-1929.jar
7f0e9109b000-7f0e9109d000 r--s 00014000 08:09 10748222                   /opt/eclipse/plugins/org.eclipse.equinox.app_1.3.400.v20150715-1528.jar
7f0e9109d000-7f0e9109f000 r--s 00017000 08:09 10748774                   /opt/eclipse/plugins/org.eclipse.core.contenttype_3.5.100.v20160418-1621.jar
7f0e9109f000-7f0e910a2000 r--s 0001e000 08:09 10748508                   /opt/eclipse/plugins/org.eclipse.equinox.preferences_3.6.0.v20160120-1756.jar
7f0e910a2000-7f0e910a6000 r--s 0002a000 08:09 10749014                   /opt/eclipse/plugins/org.eclipse.equinox.registry_3.6.100.v20160223-2218.jar
7f0e910a6000-7f0e910a9000 r--s 00019000 08:09 10748931                   /opt/eclipse/plugins/org.eclipse.core.jobs_3.8.0.v20160509-0411.jar
7f0e910a9000-7f0e910ac000 r--s 0001b000 08:09 10748983                   /opt/eclipse/plugins/org.eclipse.equinox.common_3.8.0.v20160509-1230.jar
7f0e910ac000-7f0e910af000 r--s 00039000 08:09 10748174                   /opt/eclipse/plugins/org.eclipse.osgi.compatibility.state_1.0.200.v20160504-1419.jar
7f0e910af000-7f0e910c4000 r--s 0013d000 08:09 10748755                   /opt/eclipse/plugins/org.eclipse.osgi_3.11.0.v20160603-1336.jar
7f0e910c4000-7f0e910c6000 r--s 00003000 08:09 10748526                   /opt/eclipse/plugins/javax.inject_1.0.0.v20091030.jar
7f0e910c6000-7f0e910c8000 r--s 00011000 08:09 10748883                   /opt/eclipse/plugins/org.eclipse.core.runtime_3.12.0.v20160606-1342.jar
7f0e910c8000-7f0e910cc000 r--s 00037000 08:09 7085460                    /usr/lib/jvm/java-8-openjdk-amd64/jre/lib/ext/sunpkcs11.jar
7f0e910cc000-7f0e910d6000 r--s 00116000 08:09 7085461                    /usr/lib/jvm/java-8-openjdk-amd64/jre/lib/ext/localedata.jar
7f0e910d6000-7f0e910db000 r--s 0003b000 08:09 7085462                    /usr/lib/jvm/java-8-openjdk-amd64/jre/lib/ext/sunjce_provider.jar
7f0e910db000-7f0e910f6000 r--s 001d6000 08:09 7085455                    /usr/lib/jvm/java-8-openjdk-amd64/jre/lib/ext/nashorn.jar
7f0e910f6000-7f0e910f7000 ---p 00000000 00:00 0 
7f0e910f7000-7f0e911f7000 rw-p 00000000 00:00 0 
7f0e911f7000-7f0e911fa000 ---p 00000000 00:00 0 
7f0e911fa000-7f0e912f8000 rw-p 00000000 00:00 0 
7f0e912f8000-7f0e912fb000 ---p 00000000 00:00 0 
7f0e912fb000-7f0e913f9000 rw-p 00000000 00:00 0 
7f0e913f9000-7f0e913fc000 ---p 00000000 00:00 0 
7f0e913fc000-7f0e914fa000 rw-p 00000000 00:00 0 
7f0e914fa000-7f0e914fd000 ---p 00000000 00:00 0 
7f0e914fd000-7f0e915fb000 rw-p 00000000 00:00 0 
7f0e915fb000-7f0e915fe000 ---p 00000000 00:00 0 
7f0e915fe000-7f0e916fc000 rw-p 00000000 00:00 0 
7f0e916fc000-7f0e919d4000 r--p 00000000 08:09 2887360                    /usr/lib/locale/locale-archive
7f0e919d4000-7f0e919d7000 ---p 00000000 00:00 0 
7f0e919d7000-7f0e91ad5000 rw-p 00000000 00:00 0 
7f0e91ad5000-7f0e91ad8000 ---p 00000000 00:00 0 
7f0e91ad8000-7f0e91bd6000 rw-p 00000000 00:00 0 
7f0e91bd6000-7f0e91bd7000 ---p 00000000 00:00 0 
7f0e91bd7000-7f0e92cb7000 rw-p 00000000 00:00 0 
7f0e92cb7000-7f0e92e85000 r--s 03c06000 08:09 7087811                    /usr/lib/jvm/java-8-openjdk-amd64/jre/lib/rt.jar
7f0e92e85000-7f0e97886000 rw-p 00000000 00:00 0 
7f0e97886000-7f0e97887000 ---p 00000000 00:00 0 
7f0e97887000-7f0e97987000 rw-p 00000000 00:00 0 
7f0e97987000-7f0e97988000 ---p 00000000 00:00 0 
7f0e97988000-7f0e97a88000 rw-p 00000000 00:00 0 
7f0e97a88000-7f0e97a89000 ---p 00000000 00:00 0 
7f0e97a89000-7f0e97bb3000 rw-p 00000000 00:00 0 
7f0e97bb3000-7f0e97e1b000 ---p 00000000 00:00 0 
7f0e97e1b000-7f0e97e45000 rw-p 00000000 00:00 0 
7f0e97e45000-7f0e980ad000 ---p 00000000 00:00 0 
7f0e980ad000-7f0e980d1000 rw-p 00000000 00:00 0 
7f0e980d1000-7f0e981f6000 ---p 00000000 00:00 0 
7f0e981f6000-7f0e98214000 rw-p 00000000 00:00 0 
7f0e98214000-7f0e985b7000 ---p 00000000 00:00 0 
7f0e985b7000-7f0e98cd7000 rwxp 00000000 00:00 0 
7f0e98cd7000-7f0ea75b7000 ---p 00000000 00:00 0 
7f0ea75b7000-7f0ea75bf000 r-xp 00000000 08:09 7085419                    /usr/lib/jvm/java-8-openjdk-amd64/jre/lib/amd64/libzip.so
7f0ea75bf000-7f0ea77be000 ---p 00008000 08:09 7085419                    /usr/lib/jvm/java-8-openjdk-amd64/jre/lib/amd64/libzip.so
7f0ea77be000-7f0ea77bf000 r--p 00007000 08:09 7085419                    /usr/lib/jvm/java-8-openjdk-amd64/jre/lib/amd64/libzip.so
7f0ea77bf000-7f0ea77c0000 rw-p 00008000 08:09 7085419                    /usr/lib/jvm/java-8-openjdk-amd64/jre/lib/amd64/libzip.so
7f0ea77c0000-7f0ea77cb000 r-xp 00000000 08:09 24382890                   /lib/x86_64-linux-gnu/libnss_files-2.23.so
7f0ea77cb000-7f0ea79ca000 ---p 0000b000 08:09 24382890                   /lib/x86_64-linux-gnu/libnss_files-2.23.so
7f0ea79ca000-7f0ea79cb000 r--p 0000a000 08:09 24382890                   /lib/x86_64-linux-gnu/libnss_files-2.23.so
7f0ea79cb000-7f0ea79cc000 rw-p 0000b000 08:09 24382890                   /lib/x86_64-linux-gnu/libnss_files-2.23.so
7f0ea79cc000-7f0ea79d2000 rw-p 00000000 00:00 0 
7f0ea79d2000-7f0ea79dd000 r-xp 00000000 08:09 24382881                   /lib/x86_64-linux-gnu/libnss_nis-2.23.so
7f0ea79dd000-7f0ea7bdc000 ---p 0000b000 08:09 24382881                   /lib/x86_64-linux-gnu/libnss_nis-2.23.so
7f0ea7bdc000-7f0ea7bdd000 r--p 0000a000 08:09 24382881                   /lib/x86_64-linux-gnu/libnss_nis-2.23.so
7f0ea7bdd000-7f0ea7bde000 rw-p 0000b000 08:09 24382881                   /lib/x86_64-linux-gnu/libnss_nis-2.23.so
7f0ea7bde000-7f0ea7bf4000 r-xp 00000000 08:09 24382883                   /lib/x86_64-linux-gnu/libnsl-2.23.so
7f0ea7bf4000-7f0ea7df3000 ---p 00016000 08:09 24382883                   /lib/x86_64-linux-gnu/libnsl-2.23.so
7f0ea7df3000-7f0ea7df4000 r--p 00015000 08:09 24382883                   /lib/x86_64-linux-gnu/libnsl-2.23.so
7f0ea7df4000-7f0ea7df5000 rw-p 00016000 08:09 24382883                   /lib/x86_64-linux-gnu/libnsl-2.23.so
7f0ea7df5000-7f0ea7df7000 rw-p 00000000 00:00 0 
7f0ea7df7000-7f0ea7dff000 r-xp 00000000 08:09 24382892                   /lib/x86_64-linux-gnu/libnss_compat-2.23.so
7f0ea7dff000-7f0ea7ffe000 ---p 00008000 08:09 24382892                   /lib/x86_64-linux-gnu/libnss_compat-2.23.so
7f0ea7ffe000-7f0ea7fff000 r--p 00007000 08:09 24382892                   /lib/x86_64-linux-gnu/libnss_compat-2.23.so
7f0ea7fff000-7f0ea8000000 rw-p 00008000 08:09 24382892                   /lib/x86_64-linux-gnu/libnss_compat-2.23.so
7f0ea8000000-7f0ea8c44000 rw-p 00000000 00:00 0 
7f0ea8c44000-7f0eac000000 ---p 00000000 00:00 0 
7f0eac000000-7f0eac001000 r--s 00002000 08:09 10748530                   /opt/eclipse/plugins/org.eclipse.e4.ui.workbench3_0.13.100.v20160506-0759.jar
7f0eac001000-7f0eac004000 r--s 0000f000 08:09 7085457                    /usr/lib/jvm/java-8-openjdk-amd64/jre/lib/ext/icedtea-sound.jar
7f0eac004000-7f0eac005000 ---p 00000000 00:00 0 
7f0eac005000-7f0eac105000 rw-p 00000000 00:00 0 
7f0eac105000-7f0eac132000 r-xp 00000000 08:09 7085444                    /usr/lib/jvm/java-8-openjdk-amd64/jre/lib/amd64/libjava.so
7f0eac132000-7f0eac331000 ---p 0002d000 08:09 7085444                    /usr/lib/jvm/java-8-openjdk-amd64/jre/lib/amd64/libjava.so
7f0eac331000-7f0eac332000 r--p 0002c000 08:09 7085444                    /usr/lib/jvm/java-8-openjdk-amd64/jre/lib/amd64/libjava.so
7f0eac332000-7f0eac334000 rw-p 0002d000 08:09 7085444                    /usr/lib/jvm/java-8-openjdk-amd64/jre/lib/amd64/libjava.so
7f0eac334000-7f0eac343000 r-xp 00000000 08:09 7085412                    /usr/lib/jvm/java-8-openjdk-amd64/jre/lib/amd64/libverify.so
7f0eac343000-7f0eac542000 ---p 0000f000 08:09 7085412                    /usr/lib/jvm/java-8-openjdk-amd64/jre/lib/amd64/libverify.so
7f0eac542000-7f0eac544000 r--p 0000e000 08:09 7085412                    /usr/lib/jvm/java-8-openjdk-amd64/jre/lib/amd64/libverify.so
7f0eac544000-7f0eac545000 rw-p 00010000 08:09 7085412                    /usr/lib/jvm/java-8-openjdk-amd64/jre/lib/amd64/libverify.so
7f0eac545000-7f0eac54c000 r-xp 00000000 08:09 24382893                   /lib/x86_64-linux-gnu/librt-2.23.so
7f0eac54c000-7f0eac74b000 ---p 00007000 08:09 24382893                   /lib/x86_64-linux-gnu/librt-2.23.so
7f0eac74b000-7f0eac74c000 r--p 00006000 08:09 24382893                   /lib/x86_64-linux-gnu/librt-2.23.so
7f0eac74c000-7f0eac74d000 rw-p 00007000 08:09 24382893                   /lib/x86_64-linux-gnu/librt-2.23.so
7f0eac74d000-7f0eac763000 r-xp 00000000 08:09 24383888                   /lib/x86_64-linux-gnu/libgcc_s.so.1
7f0eac763000-7f0eac962000 ---p 00016000 08:09 24383888                   /lib/x86_64-linux-gnu/libgcc_s.so.1
7f0eac962000-7f0eac963000 rw-p 00015000 08:09 24383888                   /lib/x86_64-linux-gnu/libgcc_s.so.1
7f0eac963000-7f0eaca6b000 r-xp 00000000 08:09 24382882                   /lib/x86_64-linux-gnu/libm-2.23.so
7f0eaca6b000-7f0eacc6a000 ---p 00108000 08:09 24382882                   /lib/x86_64-linux-gnu/libm-2.23.so
7f0eacc6a000-7f0eacc6b000 r--p 00107000 08:09 24382882                   /lib/x86_64-linux-gnu/libm-2.23.so
7f0eacc6b000-7f0eacc6c000 rw-p 00108000 08:09 24382882                   /lib/x86_64-linux-gnu/libm-2.23.so
7f0eacc6c000-7f0eacdde000 r-xp 00000000 08:09 2888511                    /usr/lib/x86_64-linux-gnu/libstdc++.so.6.0.21
7f0eacdde000-7f0eacfde000 ---p 00172000 08:09 2888511                    /usr/lib/x86_64-linux-gnu/libstdc++.so.6.0.21
7f0eacfde000-7f0eacfe8000 r--p 00172000 08:09 2888511                    /usr/lib/x86_64-linux-gnu/libstdc++.so.6.0.21
7f0eacfe8000-7f0eacfea000 rw-p 0017c000 08:09 2888511                    /usr/lib/x86_64-linux-gnu/libstdc++.so.6.0.21
7f0eacfea000-7f0eacfee000 rw-p 00000000 00:00 0 
7f0eacfee000-7f0eadc3e000 r-xp 00000000 08:09 7085439                    /usr/lib/jvm/java-8-openjdk-amd64/jre/lib/amd64/server/libjvm.so
7f0eadc3e000-7f0eade3d000 ---p 00c50000 08:09 7085439                    /usr/lib/jvm/java-8-openjdk-amd64/jre/lib/amd64/server/libjvm.so
7f0eade3d000-7f0eaded0000 r--p 00c4f000 08:09 7085439                    /usr/lib/jvm/java-8-openjdk-amd64/jre/lib/amd64/server/libjvm.so
7f0eaded0000-7f0eadef9000 rw-p 00ce2000 08:09 7085439                    /usr/lib/jvm/java-8-openjdk-amd64/jre/lib/amd64/server/libjvm.so
7f0eadef9000-7f0eadf29000 rw-p 00000000 00:00 0 
7f0eadf29000-7f0eadf41000 r-xp 00000000 08:09 24382897                   /lib/x86_64-linux-gnu/libpthread-2.23.so
7f0eadf41000-7f0eae140000 ---p 00018000 08:09 24382897                   /lib/x86_64-linux-gnu/libpthread-2.23.so
7f0eae140000-7f0eae141000 r--p 00017000 08:09 24382897                   /lib/x86_64-linux-gnu/libpthread-2.23.so
7f0eae141000-7f0eae142000 rw-p 00018000 08:09 24382897                   /lib/x86_64-linux-gnu/libpthread-2.23.so
7f0eae142000-7f0eae146000 rw-p 00000000 00:00 0 
7f0eae146000-7f0eae149000 r-xp 00000000 08:09 24382880                   /lib/x86_64-linux-gnu/libdl-2.23.so
7f0eae149000-7f0eae348000 ---p 00003000 08:09 24382880                   /lib/x86_64-linux-gnu/libdl-2.23.so
7f0eae348000-7f0eae349000 r--p 00002000 08:09 24382880                   /lib/x86_64-linux-gnu/libdl-2.23.so
7f0eae349000-7f0eae34a000 rw-p 00003000 08:09 24382880                   /lib/x86_64-linux-gnu/libdl-2.23.so
7f0eae34a000-7f0eae363000 r-xp 00000000 08:09 24384041                   /lib/x86_64-linux-gnu/libz.so.1.2.8
7f0eae363000-7f0eae562000 ---p 00019000 08:09 24384041                   /lib/x86_64-linux-gnu/libz.so.1.2.8
7f0eae562000-7f0eae563000 r--p 00018000 08:09 24384041                   /lib/x86_64-linux-gnu/libz.so.1.2.8
7f0eae563000-7f0eae564000 rw-p 00019000 08:09 24384041                   /lib/x86_64-linux-gnu/libz.so.1.2.8
7f0eae564000-7f0eae723000 r-xp 00000000 08:09 24382884                   /lib/x86_64-linux-gnu/libc-2.23.so
7f0eae723000-7f0eae923000 ---p 001bf000 08:09 24382884                   /lib/x86_64-linux-gnu/libc-2.23.so
7f0eae923000-7f0eae927000 r--p 001bf000 08:09 24382884                   /lib/x86_64-linux-gnu/libc-2.23.so
7f0eae927000-7f0eae929000 rw-p 001c3000 08:09 24382884                   /lib/x86_64-linux-gnu/libc-2.23.so
7f0eae929000-7f0eae92d000 rw-p 00000000 00:00 0 
7f0eae92d000-7f0eae93a000 r-xp 00000000 08:09 7085434                    /usr/lib/jvm/java-8-openjdk-amd64/jre/lib/amd64/jli/libjli.so
7f0eae93a000-7f0eaeb3a000 ---p 0000d000 08:09 7085434                    /usr/lib/jvm/java-8-openjdk-amd64/jre/lib/amd64/jli/libjli.so
7f0eaeb3a000-7f0eaeb3b000 r--p 0000d000 08:09 7085434                    /usr/lib/jvm/java-8-openjdk-amd64/jre/lib/amd64/jli/libjli.so
7f0eaeb3b000-7f0eaeb3c000 rw-p 0000e000 08:09 7085434                    /usr/lib/jvm/java-8-openjdk-amd64/jre/lib/amd64/jli/libjli.so
7f0eaeb3c000-7f0eaeb62000 r-xp 00000000 08:09 24382885                   /lib/x86_64-linux-gnu/ld-2.23.so
7f0eaeb62000-7f0eaeb63000 r--s 00004000 08:09 10748172                   /opt/eclipse/plugins/org.eclipse.swt_3.105.0.v20160603-0902.jar
7f0eaeb63000-7f0eaeb65000 r--s 00001000 08:09 7085456                    /usr/lib/jvm/java-8-openjdk-amd64/jre/lib/ext/dnsns.jar
7f0eaeb65000-7f0eaeb67000 r--s 00008000 08:09 7085454                    /usr/lib/jvm/java-8-openjdk-amd64/jre/lib/ext/sunec.jar
7f0eaeb67000-7f0eaec32000 rw-p 00000000 00:00 0 
7f0eaec32000-7f0eaec35000 ---p 00000000 00:00 0 
7f0eaec35000-7f0eaed38000 rw-p 00000000 00:00 0 
7f0eaed38000-7f0eaed39000 r--s 00010000 08:09 7085459                    /usr/lib/jvm/java-8-openjdk-amd64/jre/lib/ext/zipfs.jar
7f0eaed39000-7f0eaed3a000 r--s 0000a000 08:09 7085463                    /usr/lib/jvm/java-8-openjdk-amd64/jre/lib/ext/jaccess.jar
7f0eaed3a000-7f0eaed55000 r--s 00394000 08:09 7085458                    /usr/lib/jvm/java-8-openjdk-amd64/jre/lib/ext/cldrdata.jar
7f0eaed55000-7f0eaed5d000 rw-s 00000000 08:09 18616215                   /tmp/hsperfdata_hrishi/16781 (deleted)
7f0eaed5d000-7f0eaed5e000 rw-p 00000000 00:00 0 
7f0eaed5e000-7f0eaed5f000 ---p 00000000 00:00 0 
7f0eaed5f000-7f0eaed61000 rw-p 00000000 00:00 0 
7f0eaed61000-7f0eaed62000 r--p 00025000 08:09 24382885                   /lib/x86_64-linux-gnu/ld-2.23.so
7f0eaed62000-7f0eaed63000 rw-p 00026000 08:09 24382885                   /lib/x86_64-linux-gnu/ld-2.23.so
7f0eaed63000-7f0eaed64000 rw-p 00000000 00:00 0 
7ffca3c9c000-7ffca3cbf000 rw-p 00000000 00:00 0                          [stack]
7ffca3d20000-7ffca3d22000 r--p 00000000 00:00 0                          [vvar]
7ffca3d22000-7ffca3d24000 r-xp 00000000 00:00 0                          [vdso]
ffffffffff600000-ffffffffff601000 r-xp 00000000 00:00 0                  [vsyscall]

VM Arguments:
jvm_args: -Dfile.encoding=UTF-8 
java_command: RCPConsole
java_class_path (initial): /opt/eclipse/plugins/org.eclipse.core.runtime_3.12.0.v20160606-1342.jar:/opt/eclipse/plugins/javax.inject_1.0.0.v20091030.jar:/opt/eclipse/plugins/org.eclipse.osgi_3.11.0.v20160603-1336.jar:/opt/eclipse/plugins/org.eclipse.osgi.compatibility.state_1.0.200.v20160504-1419.jar:/opt/eclipse/plugins/org.eclipse.equinox.common_3.8.0.v20160509-1230.jar:/opt/eclipse/plugins/org.eclipse.core.jobs_3.8.0.v20160509-0411.jar:/opt/eclipse/plugins/org.eclipse.equinox.registry_3.6.100.v20160223-2218.jar:/opt/eclipse/plugins/org.eclipse.equinox.preferences_3.6.0.v20160120-1756.jar:/opt/eclipse/plugins/org.eclipse.core.contenttype_3.5.100.v20160418-1621.jar:/opt/eclipse/plugins/org.eclipse.equinox.app_1.3.400.v20150715-1528.jar:/opt/eclipse/plugins/org.eclipse.ui_3.108.0.v20160518-1929.jar:/opt/eclipse/plugins/org.eclipse.swt_3.105.0.v20160603-0902.jar:/opt/eclipse/plugins/org.eclipse.swt.gtk.linux.x86_64_3.105.0.v20160603-0902.jar:/opt/eclipse/plugins/org.eclipse.jface_3.12.0.v20160518-1929.jar:/opt/eclipse/plugins/org.eclipse.core.commands_3.8.0.v20160316-1921.jar:/opt/eclipse/plugins/org.eclipse.ui.workbench_3.108.0.v20160602-1232.jar:/opt/eclipse/plugins/org.eclipse.e4.ui.workbench3_0.13.100.v20160506-0759.jar:/opt/eclipse/plugins/org.eclipse.ui.console_3.6.200.v20160518-1858.jar:/opt/eclipse/plugins/org.eclipse.emf.ecore_2.12.0.v20160420-0247.jar:/opt/eclipse/plugins/org.eclipse.emf.common_2.12.0.v20160420-0247.jar:/opt/eclipse/plugins/org.eclipse.emf.ecore.xmi_2.12.0.v20160420-0247.jar:/home/hrishi/.eclipse/org.eclipse.platform_4.6.0_1473617060_linux_gtk_x86_64/plugins/fr.irisa.cairn.eclipse.tom_2.10.0.201612051604/libs/aircube-bundle.jar:/home/hrishi/.eclipse/org.eclipse.platform_4.6.0_1473617060_linux_gtk_x86_64/plugins/fr.irisa.cairn.graph_1.0.0.201612051604:/home/hrishi/.eclipse/org.eclipse.platform_4.6.0_1473617060_linux_gtk_x86_64/plugins/fr.irisa.cairn.graph_1.0.0.201612051604/lib/jgrapht-ext-0.9.1-uber.jar:/opt/eclipse/plugins/com.google.inj
Launcher Type: SUN_STANDARD

Environment Variables:
PATH=/home/hrishi/torch/install/bin:/usr/local/sbin:/usr/local/bin:/usr/sbin:/usr/bin:/sbin:/bin:/usr/games:/usr/local/games:/snap/bin
LD_LIBRARY_PATH=/home/hrishi/torch/install/lib:
SHELL=/bin/bash
DISPLAY=:0
DYLD_LIBRARY_PATH=/home/hrishi/torch/install/lib:

Signal Handlers:
SIGSEGV: [libjvm.so+0xa66fd0], sa_mask[0]=11111111011111111101111111111110, sa_flags=SA_RESTART|SA_SIGINFO
SIGBUS: [libjvm.so+0xa66fd0], sa_mask[0]=11111111011111111101111111111110, sa_flags=SA_RESTART|SA_SIGINFO
SIGFPE: [libjvm.so+0x8b0180], sa_mask[0]=11111111011111111101111111111110, sa_flags=SA_RESTART|SA_SIGINFO
SIGPIPE: [libjvm.so+0x8b0180], sa_mask[0]=11111111011111111101111111111110, sa_flags=SA_RESTART|SA_SIGINFO
SIGXFSZ: [libjvm.so+0x8b0180], sa_mask[0]=11111111011111111101111111111110, sa_flags=SA_RESTART|SA_SIGINFO
SIGILL: [libjvm.so+0x8b0180], sa_mask[0]=11111111011111111101111111111110, sa_flags=SA_RESTART|SA_SIGINFO
SIGUSR1: SIG_DFL, sa_mask[0]=00000000000000000000000000000000, sa_flags=none
SIGUSR2: [libjvm.so+0x8b0030], sa_mask[0]=00100000000000000000000000000000, sa_flags=SA_RESTART|SA_SIGINFO
SIGHUP: [libjvm.so+0x8b0500], sa_mask[0]=11111111011111111101111111111110, sa_flags=SA_RESTART|SA_SIGINFO
SIGINT: [libjvm.so+0x8b0500], sa_mask[0]=11111111011111111101111111111110, sa_flags=SA_RESTART|SA_SIGINFO
SIGTERM: [libjvm.so+0x8b0500], sa_mask[0]=11111111011111111101111111111110, sa_flags=SA_RESTART|SA_SIGINFO
SIGQUIT: [libjvm.so+0x8b0500], sa_mask[0]=11111111011111111101111111111110, sa_flags=SA_RESTART|SA_SIGINFO


---------------  S Y S T E M  ---------------

OS:DISTRIB_ID=Ubuntu
DISTRIB_RELEASE=16.04
DISTRIB_CODENAME=xenial
DISTRIB_DESCRIPTION="Ubuntu 16.04 LTS"

uname:Linux 4.4.0-72-generic #93-Ubuntu SMP Fri Mar 31 14:07:41 UTC 2017 x86_64
libc:glibc 2.23 NPTL 2.23 
rlimit: STACK 8192k, CORE 0k, NPROC 31118, NOFILE 65536, AS infinity
load average:62.40 34.82 15.58

/proc/meminfo:
MemTotal:        8084688 kB
MemFree:         5220524 kB
MemAvailable:    5457716 kB
Buffers:           35292 kB
Cached:           614300 kB
SwapCached:       128208 kB
Active:          1832516 kB
Inactive:         719872 kB
Active(anon):    1580448 kB
Inactive(anon):   554964 kB
Active(file):     252068 kB
Inactive(file):   164908 kB
Unevictable:        1108 kB
Mlocked:            1108 kB
SwapTotal:      12000252 kB
SwapFree:        7668660 kB
Dirty:              1112 kB
Writeback:             0 kB
AnonPages:       1892120 kB
Mapped:           226844 kB
Shmem:            232500 kB
Slab:             157668 kB
SReclaimable:      81248 kB
SUnreclaim:        76420 kB
KernelStack:       15840 kB
PageTables:        55284 kB
NFS_Unstable:          0 kB
Bounce:                0 kB
WritebackTmp:          0 kB
CommitLimit:    16042596 kB
Committed_AS:   13263340 kB
VmallocTotal:   34359738367 kB
VmallocUsed:           0 kB
VmallocChunk:          0 kB
HardwareCorrupted:     0 kB
AnonHugePages:    755712 kB
CmaTotal:              0 kB
CmaFree:               0 kB
HugePages_Total:       0
HugePages_Free:        0
HugePages_Rsvd:        0
HugePages_Surp:        0
Hugepagesize:       2048 kB
DirectMap4k:      817032 kB
DirectMap2M:     7481344 kB
DirectMap1G:           0 kB


CPU:total 4 (2 cores per cpu, 2 threads per core) family 6 model 61 stepping 4, cmov, cx8, fxsr, mmx, sse, sse2, sse3, ssse3, sse4.1, sse4.2, popcnt, avx, avx2, aes, clmul, erms, 3dnowpref, lzcnt, ht, tsc, tscinvbit, bmi1, bmi2, adx

/proc/cpuinfo:
processor	: 0
vendor_id	: GenuineIntel
cpu family	: 6
model		: 61
model name	: Intel(R) Core(TM) i5-5200U CPU @ 2.20GHz
stepping	: 4
microcode	: 0x12
cpu MHz		: 1867.164
cache size	: 3072 KB
physical id	: 0
siblings	: 4
core id		: 0
cpu cores	: 2
apicid		: 0
initial apicid	: 0
fpu		: yes
fpu_exception	: yes
cpuid level	: 20
wp		: yes
flags		: fpu vme de pse tsc msr pae mce cx8 apic sep mtrr pge mca cmov pat pse36 clflush dts acpi mmx fxsr sse sse2 ss ht tm pbe syscall nx pdpe1gb rdtscp lm constant_tsc arch_perfmon pebs bts rep_good nopl xtopology nonstop_tsc aperfmperf eagerfpu pni pclmulqdq dtes64 monitor ds_cpl vmx est tm2 ssse3 sdbg fma cx16 xtpr pdcm pcid sse4_1 sse4_2 x2apic movbe popcnt tsc_deadline_timer aes xsave avx f16c rdrand lahf_lm abm 3dnowprefetch epb intel_pt tpr_shadow vnmi flexpriority ept vpid fsgsbase tsc_adjust bmi1 avx2 smep bmi2 erms invpcid rdseed adx smap xsaveopt dtherm ida arat pln pts
bugs		:
bogomips	: 4390.01
clflush size	: 64
cache_alignment	: 64
address sizes	: 39 bits physical, 48 bits virtual
power management:

processor	: 1
vendor_id	: GenuineIntel
cpu family	: 6
model		: 61
model name	: Intel(R) Core(TM) i5-5200U CPU @ 2.20GHz
stepping	: 4
microcode	: 0x12
cpu MHz		: 1826.945
cache size	: 3072 KB
physical id	: 0
siblings	: 4
core id		: 1
cpu cores	: 2
apicid		: 2
initial apicid	: 2
fpu		: yes
fpu_exception	: yes
cpuid level	: 20
wp		: yes
flags		: fpu vme de pse tsc msr pae mce cx8 apic sep mtrr pge mca cmov pat pse36 clflush dts acpi mmx fxsr sse sse2 ss ht tm pbe syscall nx pdpe1gb rdtscp lm constant_tsc arch_perfmon pebs bts rep_good nopl xtopology nonstop_tsc aperfmperf eagerfpu pni pclmulqdq dtes64 monitor ds_cpl vmx est tm2 ssse3 sdbg fma cx16 xtpr pdcm pcid sse4_1 sse4_2 x2apic movbe popcnt tsc_deadline_timer aes xsave avx f16c rdrand lahf_lm abm 3dnowprefetch epb intel_pt tpr_shadow vnmi flexpriority ept vpid fsgsbase tsc_adjust bmi1 avx2 smep bmi2 erms invpcid rdseed adx smap xsaveopt dtherm ida arat pln pts
bugs		:
bogomips	: 4390.01
clflush size	: 64
cache_alignment	: 64
address sizes	: 39 bits physical, 48 bits virtual
power management:

processor	: 2
vendor_id	: GenuineIntel
cpu family	: 6
model		: 61
model name	: Intel(R) Core(TM) i5-5200U CPU @ 2.20GHz
stepping	: 4
microcode	: 0x12
cpu MHz		: 1996.500
cache size	: 3072 KB
physical id	: 0
siblings	: 4
core id		: 0
cpu cores	: 2
apicid		: 1
initial apicid	: 1
fpu		: yes
fpu_exception	: yes
cpuid level	: 20
wp		: yes
flags		: fpu vme de pse tsc msr pae mce cx8 apic sep mtrr pge mca cmov pat pse36 clflush dts acpi mmx fxsr sse sse2 ss ht tm pbe syscall nx pdpe1gb rdtscp lm constant_tsc arch_perfmon pebs bts rep_good nopl xtopology nonstop_tsc aperfmperf eagerfpu pni pclmulqdq dtes64 monitor ds_cpl vmx est tm2 ssse3 sdbg fma cx16 xtpr pdcm pcid sse4_1 sse4_2 x2apic movbe popcnt tsc_deadline_timer aes xsave avx f16c rdrand lahf_lm abm 3dnowprefetch epb intel_pt tpr_shadow vnmi flexpriority ept vpid fsgsbase tsc_adjust bmi1 avx2 smep bmi2 erms invpcid rdseed adx smap xsaveopt dtherm ida arat pln pts
bugs		:
bogomips	: 4390.01
clflush size	: 64
cache_alignment	: 64
address sizes	: 39 bits physical, 48 bits virtual
power management:

processor	: 3
vendor_id	: GenuineIntel
cpu family	: 6
model		: 61
model name	: Intel(R) Core(TM) i5-5200U CPU @ 2.20GHz
stepping	: 4
microcode	: 0x12
cpu MHz		: 1889.679
cache size	: 3072 KB
physical id	: 0
siblings	: 4
core id		: 1
cpu cores	: 2
apicid		: 3
initial apicid	: 3
fpu		: yes
fpu_exception	: yes
cpuid level	: 20
wp		: yes
flags		: fpu vme de pse tsc msr pae mce cx8 apic sep mtrr pge mca cmov pat pse36 clflush dts acpi mmx fxsr sse sse2 ss ht tm pbe syscall nx pdpe1gb rdtscp lm constant_tsc arch_perfmon pebs bts rep_good nopl xtopology nonstop_tsc aperfmperf eagerfpu pni pclmulqdq dtes64 monitor ds_cpl vmx est tm2 ssse3 sdbg fma cx16 xtpr pdcm pcid sse4_1 sse4_2 x2apic movbe popcnt tsc_deadline_timer aes xsave avx f16c rdrand lahf_lm abm 3dnowprefetch epb intel_pt tpr_shadow vnmi flexpriority ept vpid fsgsbase tsc_adjust bmi1 avx2 smep bmi2 erms invpcid rdseed adx smap xsaveopt dtherm ida arat pln pts
bugs		:
bogomips	: 4390.01
clflush size	: 64
cache_alignment	: 64
address sizes	: 39 bits physical, 48 bits virtual
power management:



Memory: 4k page, physical 8084688k(5220524k free), swap 12000252k(7668660k free)

vm_info: OpenJDK 64-Bit Server VM (25.121-b13) for linux-amd64 JRE (1.8.0_121-8u121-b13-0ubuntu1.16.04.2-b13), built on Jan 23 2017 15:51:29 by "buildd" with gcc 5.4.0 20160609

time: Sun Apr 30 23:06:20 2017
elapsed time: 21993 seconds (0d 6h 6m 33s)

