#
# A fatal error has been detected by the Java Runtime Environment:
#
#  SIGSEGV (0xb) at pc=0x0000000000046b20, pid=11854, tid=0x00007f94ad85a700
#
# JRE version: OpenJDK Runtime Environment (8.0_121-b13) (build 1.8.0_121-8u121-b13-0ubuntu1.16.04.2-b13)
# Java VM: OpenJDK 64-Bit Server VM (25.121-b13 mixed mode linux-amd64 compressed oops)
# Problematic frame:
# C  0x0000000000046b20
#
# Failed to write core dump. Core dumps have been disabled. To enable core dumping, try "ulimit -c unlimited" before starting Java again
#
# If you would like to submit a bug report, please visit:
#   http://bugreport.java.com/bugreport/crash.jsp
#

---------------  T H R E A D  ---------------

Current thread is native thread

siginfo: si_signo: 11 (SIGSEGV), si_code: 1 (SEGV_MAPERR), si_addr: 0x0000000000046b20

Registers:
RAX=0x00007f9472da2248, RBX=0x00007f94a4919270, RCX=0x0000000000000000, RDX=0x0000000000000000
RSP=0x00007ffdbad2f698, RBP=0x00007ffdbad2f7f0, RSI=0x0000000000000000, RDI=0x00007f94ad089140
R8 =0x0000000000000000, R9 =0x00007f94ad450808, R10=0x00007f94ad0890c0, R11=0x00007f94ad0c42d0
R12=0x00007f9472da21a8, R13=0x0000000000000000, R14=0x00007ffdbad2f6a0, R15=0x0000000000000012
RIP=0x0000000000046b20, EFLAGS=0x0000000000010202, CSGSFS=0x0000000000000033, ERR=0x0000000000000014
  TRAPNO=0x000000000000000e

Top of Stack: (sp=0x00007ffdbad2f698)
0x00007ffdbad2f698:   00007f94ad672c17 00007f94ad889168
0x00007ffdbad2f6a8:   00007f94ad889700 00007f94ad8867a8
0x00007ffdbad2f6b8:   00007f94a40009a0 00007f94a400b570
0x00007ffdbad2f6c8:   00007f94a400cbf0 00007f94a400ba20
0x00007ffdbad2f6d8:   00007f94a400d0a0 00007f94a4019ae0
0x00007ffdbad2f6e8:   00007f94a4001bd0 00007f94a40014a0
0x00007ffdbad2f6f8:   0000000000c42150 0000000000c42680
0x00007ffdbad2f708:   0000000000c434c0 0000000000c42ba0
0x00007ffdbad2f718:   00007f94ad85c000 00007f94ad85db00
0x00007ffdbad2f728:   00007f94ad85d618 00007f94a4919270
0x00007ffdbad2f738:   00007f94a4949640 00007f94a4949ba0
0x00007ffdbad2f748:   00007f94ad85d000 00007f94ad8889d8
0x00007ffdbad2f758:   00007f94ad672964 00007ffdbad2f6a0
0x00007ffdbad2f768:   0000000000000006 00007ffdbad2f6d0
0x00007ffdbad2f778:   0000000000000001 0000000000000006
0x00007ffdbad2f788:   00007ffdbad2f760 00000017ad44ec40
0x00007ffdbad2f798:   00007ffdbad2f6a0 0000001700000000
0x00007ffdbad2f7a8:   00007f94ad888048 00007ffdbad2f670
0x00007ffdbad2f7b8:   0000000000000000 0000000000000001
0x00007ffdbad2f7c8:   0000000000000001 0000000000000001
0x00007ffdbad2f7d8:   00007f94ad44ec40 0000000000000000
0x00007ffdbad2f7e8:   0000000000000000 00007f94ad44d5f8
0x00007ffdbad2f7f8:   00007f94ad0c3ff8 00000000004007bc
0x00007ffdbad2f808:   0000000000000000 0000000000400730
0x00007ffdbad2f818:   0000000000400630 00007ffdbad2f910
0x00007ffdbad2f828:   00007f94ad0c4045 0000000000400730
0x00007ffdbad2f838:   00007f94ad0aa837 0000000000000000
0x00007ffdbad2f848:   00007ffdbad2f918 0000000500000000
0x00007ffdbad2f858:   00000000004005e0 0000000000000000
0x00007ffdbad2f868:   c0bc56e7487b1234 0000000000400630
0x00007ffdbad2f878:   00007ffdbad2f910 0000000000000000
0x00007ffdbad2f888:   0000000000000000 3f4723c2b69b1234 

Instructions: (pc=0x0000000000046b20)
0x0000000000046b00:   
[error occurred during error reporting (printing registers, top of stack, instructions near pc), id 0xb]

Register to memory mapping:

RAX=
[error occurred during error reporting (printing register info), id 0xb]

Stack: [0x00007ffdbac34000,0x00007ffdbad34000],  sp=0x00007ffdbad2f698,  free space=1005k
Native frames: (J=compiled Java code, j=interpreted, Vv=VM code, C=native code)
C  0x0000000000046b20


---------------  P R O C E S S  ---------------

VM state:at safepoint (shutting down)

VM Mutex/Monitor currently owned by a thread:  ([mutex/lock_event])
[0x00007f94a4009dd0] Threads_lock - owner thread: 0x00007f94a407b000

Heap:
 PSYoungGen      total 68608K, used 45820K [0x00000000d6e00000, 0x00000000db600000, 0x0000000100000000)
  eden space 63488K, 64% used [0x00000000d6e00000,0x00000000d95c32f8,0x00000000dac00000)
  from space 5120K, 99% used [0x00000000db100000,0x00000000db5fc030,0x00000000db600000)
  to   space 5120K, 0% used [0x00000000dac00000,0x00000000dac00000,0x00000000db100000)
 ParOldGen       total 84992K, used 11041K [0x0000000084a00000, 0x0000000089d00000, 0x00000000d6e00000)
  object space 84992K, 12% used [0x0000000084a00000,0x00000000854c8678,0x0000000089d00000)
 Metaspace       used 19563K, capacity 19698K, committed 20096K, reserved 1067008K
  class space    used 2536K, capacity 2589K, committed 2688K, reserved 1048576K

Card table byte_map: [0x00007f94a9a46000,0x00007f94a9e22000] byte_map_base: 0x00007f94a9621000

Marking Bits: (ParMarkBitMap*) 0x00007f94aca32220
 Begin Bits: [0x00007f9484250000, 0x00007f9486128000)
 End Bits:   [0x00007f9486128000, 0x00007f9488000000)

Polling page: 0x00007f94ad884000

CodeCache: size=245760Kb used=6895Kb max_used=6907Kb free=238865Kb
 bounds [0x00007f9495000000, 0x00007f94956d0000, 0x00007f94a4000000]
 total_blobs=2546 nmethods=2161 adapters=297
 compilation: enabled

Compilation events (10 events):
Event: 36.990 Thread 0x00007f94a40b3800 nmethod 2146 0x00007f94956c2350 code [0x00007f94956c2540, 0x00007f94956c2e68]
Event: 36.990 Thread 0x00007f94a40b5000 nmethod 2158 0x00007f94956c1c50 code [0x00007f94956c1de0, 0x00007f94956c2228]
Event: 36.990 Thread 0x00007f94a40b5000 2159       3       org.eclipse.emf.common.util.DelegatingEList::isEmpty (5 bytes)
Event: 36.990 Thread 0x00007f94a40b5000 nmethod 2159 0x00007f94956bd550 code [0x00007f94956bd6c0, 0x00007f94956bd8c8]
Event: 36.990 Thread 0x00007f94a40b5000 2160       3       org.eclipse.emf.ecore.impl.EClassImpl$9::delegateIsEmpty (13 bytes)
Event: 36.990 Thread 0x00007f94a40b5000 nmethod 2160 0x00007f94956c1750 code [0x00007f94956c18e0, 0x00007f94956c1b58]
Event: 36.990 Thread 0x00007f94a40b0800 2161       4       java.io.File::getName (42 bytes)
Event: 36.991 Thread 0x00007f94a40b3800 2162       4       java.io.UnixFileSystem::getBooleanAttributes (49 bytes)
Event: 37.001 Thread 0x00007f94a40b3800 nmethod 2162 0x00007f94956bf850 code [0x00007f94956bf9e0, 0x00007f94956bfe08]
Event: 37.002 Thread 0x00007f94a40b0800 nmethod 2161 0x00007f94956c4910 code [0x00007f94956c4aa0, 0x00007f94956c5018]

GC Heap History (8 events):
Event: 6.242 GC heap before
{Heap before GC invocations=1 (full 0):
 PSYoungGen      total 36864K, used 31744K [0x00000000d6e00000, 0x00000000d9700000, 0x0000000100000000)
  eden space 31744K, 100% used [0x00000000d6e00000,0x00000000d8d00000,0x00000000d8d00000)
  from space 5120K, 0% used [0x00000000d9200000,0x00000000d9200000,0x00000000d9700000)
  to   space 5120K, 0% used [0x00000000d8d00000,0x00000000d8d00000,0x00000000d9200000)
 ParOldGen       total 84992K, used 0K [0x0000000084a00000, 0x0000000089d00000, 0x00000000d6e00000)
  object space 84992K, 0% used [0x0000000084a00000,0x0000000084a00000,0x0000000089d00000)
 Metaspace       used 7307K, capacity 7382K, committed 7552K, reserved 1056768K
  class space    used 849K, capacity 883K, committed 896K, reserved 1048576K
Event: 6.256 GC heap after
Heap after GC invocations=1 (full 0):
 PSYoungGen      total 36864K, used 5116K [0x00000000d6e00000, 0x00000000d9700000, 0x0000000100000000)
  eden space 31744K, 0% used [0x00000000d6e00000,0x00000000d6e00000,0x00000000d8d00000)
  from space 5120K, 99% used [0x00000000d8d00000,0x00000000d91ff148,0x00000000d9200000)
  to   space 5120K, 0% used [0x00000000d9200000,0x00000000d9200000,0x00000000d9700000)
 ParOldGen       total 84992K, used 992K [0x0000000084a00000, 0x0000000089d00000, 0x00000000d6e00000)
  object space 84992K, 1% used [0x0000000084a00000,0x0000000084af80f8,0x0000000089d00000)
 Metaspace       used 7307K, capacity 7382K, committed 7552K, reserved 1056768K
  class space    used 849K, capacity 883K, committed 896K, reserved 1048576K
}
Event: 7.018 GC heap before
{Heap before GC invocations=2 (full 0):
 PSYoungGen      total 36864K, used 36860K [0x00000000d6e00000, 0x00000000d9700000, 0x0000000100000000)
  eden space 31744K, 100% used [0x00000000d6e00000,0x00000000d8d00000,0x00000000d8d00000)
  from space 5120K, 99% used [0x00000000d8d00000,0x00000000d91ff148,0x00000000d9200000)
  to   space 5120K, 0% used [0x00000000d9200000,0x00000000d9200000,0x00000000d9700000)
 ParOldGen       total 84992K, used 992K [0x0000000084a00000, 0x0000000089d00000, 0x00000000d6e00000)
  object space 84992K, 1% used [0x0000000084a00000,0x0000000084af80f8,0x0000000089d00000)
 Metaspace       used 10401K, capacity 10460K, committed 10624K, reserved 1058816K
  class space    used 1305K, capacity 1332K, committed 1408K, reserved 1048576K
Event: 7.112 GC heap after
Heap after GC invocations=2 (full 0):
 PSYoungGen      total 36864K, used 5113K [0x00000000d6e00000, 0x00000000db600000, 0x0000000100000000)
  eden space 31744K, 0% used [0x00000000d6e00000,0x00000000d6e00000,0x00000000d8d00000)
  from space 5120K, 99% used [0x00000000d9200000,0x00000000d96fe5f0,0x00000000d9700000)
  to   space 5120K, 0% used [0x00000000d8d00000,0x00000000d8d00000,0x00000000d9200000)
 ParOldGen       total 84992K, used 4572K [0x0000000084a00000, 0x0000000089d00000, 0x00000000d6e00000)
  object space 84992K, 5% used [0x0000000084a00000,0x0000000084e77048,0x0000000089d00000)
 Metaspace       used 10401K, capacity 10460K, committed 10624K, reserved 1058816K
  class space    used 1305K, capacity 1332K, committed 1408K, reserved 1048576K
}
Event: 7.557 GC heap before
{Heap before GC invocations=3 (full 0):
 PSYoungGen      total 36864K, used 36857K [0x00000000d6e00000, 0x00000000db600000, 0x0000000100000000)
  eden space 31744K, 100% used [0x00000000d6e00000,0x00000000d8d00000,0x00000000d8d00000)
  from space 5120K, 99% used [0x00000000d9200000,0x00000000d96fe5f0,0x00000000d9700000)
  to   space 5120K, 0% used [0x00000000d8d00000,0x00000000d8d00000,0x00000000d9200000)
 ParOldGen       total 84992K, used 4572K [0x0000000084a00000, 0x0000000089d00000, 0x00000000d6e00000)
  object space 84992K, 5% used [0x0000000084a00000,0x0000000084e77048,0x0000000089d00000)
 Metaspace       used 12477K, capacity 12602K, committed 12928K, reserved 1060864K
  class space    used 1599K, capacity 1657K, committed 1664K, reserved 1048576K
Event: 7.572 GC heap after
Heap after GC invocations=3 (full 0):
 PSYoungGen      total 36864K, used 5104K [0x00000000d6e00000, 0x00000000db600000, 0x0000000100000000)
  eden space 31744K, 0% used [0x00000000d6e00000,0x00000000d6e00000,0x00000000d8d00000)
  from space 5120K, 99% used [0x00000000d8d00000,0x00000000d91fc030,0x00000000d9200000)
  to   space 5120K, 0% used [0x00000000db100000,0x00000000db100000,0x00000000db600000)
 ParOldGen       total 84992K, used 7714K [0x0000000084a00000, 0x0000000089d00000, 0x00000000d6e00000)
  object space 84992K, 9% used [0x0000000084a00000,0x00000000851889b0,0x0000000089d00000)
 Metaspace       used 12477K, capacity 12602K, committed 12928K, reserved 1060864K
  class space    used 1599K, capacity 1657K, committed 1664K, reserved 1048576K
}
Event: 8.018 GC heap before
{Heap before GC invocations=4 (full 0):
 PSYoungGen      total 36864K, used 36848K [0x00000000d6e00000, 0x00000000db600000, 0x0000000100000000)
  eden space 31744K, 100% used [0x00000000d6e00000,0x00000000d8d00000,0x00000000d8d00000)
  from space 5120K, 99% used [0x00000000d8d00000,0x00000000d91fc030,0x00000000d9200000)
  to   space 5120K, 0% used [0x00000000db100000,0x00000000db100000,0x00000000db600000)
 ParOldGen       total 84992K, used 7714K [0x0000000084a00000, 0x0000000089d00000, 0x00000000d6e00000)
  object space 84992K, 9% used [0x0000000084a00000,0x00000000851889b0,0x0000000089d00000)
 Metaspace       used 15166K, capacity 15302K, committed 15616K, reserved 1062912K
  class space    used 1999K, capacity 2043K, committed 2048K, reserved 1048576K
Event: 8.034 GC heap after
Heap after GC invocations=4 (full 0):
 PSYoungGen      total 68608K, used 5104K [0x00000000d6e00000, 0x00000000db600000, 0x0000000100000000)
  eden space 63488K, 0% used [0x00000000d6e00000,0x00000000d6e00000,0x00000000dac00000)
  from space 5120K, 99% used [0x00000000db100000,0x00000000db5fc030,0x00000000db600000)
  to   space 5120K, 0% used [0x00000000dac00000,0x00000000dac00000,0x00000000db100000)
 ParOldGen       total 84992K, used 11041K [0x0000000084a00000, 0x0000000089d00000, 0x00000000d6e00000)
  object space 84992K, 12% used [0x0000000084a00000,0x00000000854c8678,0x0000000089d00000)
 Metaspace       used 15166K, capacity 15302K, committed 15616K, reserved 1062912K
  class space    used 1999K, capacity 2043K, committed 2048K, reserved 1048576K
}

Deoptimization events (10 events):
Event: 8.362 Thread 0x00007f94a400d800 Uncommon trap: reason=array_check action=maybe_recompile pc=0x00007f94955999c8 method=org.eclipse.emf.common.util.BasicEList.assign(ILjava/lang/Object;)Ljava/lang/Object; @ 6
Event: 8.362 Thread 0x00007f94a400d800 Uncommon trap: reason=array_check action=maybe_recompile pc=0x00007f94955999c8 method=org.eclipse.emf.common.util.BasicEList.assign(ILjava/lang/Object;)Ljava/lang/Object; @ 6
Event: 8.428 Thread 0x00007f94a400d800 Uncommon trap: reason=unstable_if action=reinterpret pc=0x00007f9495554fc4 method=java.util.HashMap.hash(Ljava/lang/Object;)I @ 1
Event: 8.429 Thread 0x00007f94a400d800 Uncommon trap: reason=unstable_if action=reinterpret pc=0x00007f94953d4a7c method=java.util.HashMap.hash(Ljava/lang/Object;)I @ 1
Event: 8.431 Thread 0x00007f94a400d800 Uncommon trap: reason=unstable_if action=reinterpret pc=0x00007f94953aa414 method=java.util.HashMap.hash(Ljava/lang/Object;)I @ 1
Event: 8.432 Thread 0x00007f94a400d800 Uncommon trap: reason=unstable_if action=reinterpret pc=0x00007f949519b868 method=java.util.HashMap.hash(Ljava/lang/Object;)I @ 1
Event: 8.499 Thread 0x00007f94a400d800 Uncommon trap: reason=bimorphic action=maybe_recompile pc=0x00007f94955279b4 method=org.eclipse.emf.ecore.util.EContentsEList$FeatureIteratorImpl.hasNext()Z @ 279
Event: 8.499 Thread 0x00007f94a400d800 Uncommon trap: reason=bimorphic action=maybe_recompile pc=0x00007f94955279b4 method=org.eclipse.emf.ecore.util.EContentsEList$FeatureIteratorImpl.hasNext()Z @ 279
Event: 8.542 Thread 0x00007f94a400d800 Uncommon trap: reason=unstable_if action=reinterpret pc=0x00007f949562fc68 method=org.eclipse.emf.ecore.impl.BasicEObjectImpl.eBasicSetContainer(Lorg/eclipse/emf/ecore/InternalEObject;ILorg/eclipse/emf/common/notify/NotificationChain;)Lorg/eclipse/emf/com
Event: 2378.273 Thread 0x00007f94a400d800 Uncommon trap: reason=null_check action=make_not_entrant pc=0x00007f94956a27ac method=java.lang.StringCoding.deref(Ljava/lang/ThreadLocal;)Ljava/lang/Object; @ 4

Internal exceptions (10 events):
Event: 2378.236 Thread 0x00007f94a400d800 Exception <a 'java/io/IOException'> (0x00000000d94def00) thrown at [/build/openjdk-8-YiEakL/openjdk-8-8u121-b13/src/hotspot/src/share/vm/prims/jni.cpp, line 709]
Event: 2378.236 Thread 0x00007f94a400d800 Exception <a 'java/io/IOException'> (0x00000000d94df198) thrown at [/build/openjdk-8-YiEakL/openjdk-8-8u121-b13/src/hotspot/src/share/vm/prims/jni.cpp, line 709]
Event: 2378.236 Thread 0x00007f94a400d800 Exception <a 'java/io/IOException'> (0x00000000d94df400) thrown at [/build/openjdk-8-YiEakL/openjdk-8-8u121-b13/src/hotspot/src/share/vm/prims/jni.cpp, line 709]
Event: 2378.236 Thread 0x00007f94a400d800 Exception <a 'java/io/IOException'> (0x00000000d94dfbf0) thrown at [/build/openjdk-8-YiEakL/openjdk-8-8u121-b13/src/hotspot/src/share/vm/prims/jni.cpp, line 709]
Event: 2378.236 Thread 0x00007f94a400d800 Exception <a 'java/io/IOException'> (0x00000000d94dfe88) thrown at [/build/openjdk-8-YiEakL/openjdk-8-8u121-b13/src/hotspot/src/share/vm/prims/jni.cpp, line 709]
Event: 2378.236 Thread 0x00007f94a400d800 Exception <a 'java/io/IOException'> (0x00000000d94e00f0) thrown at [/build/openjdk-8-YiEakL/openjdk-8-8u121-b13/src/hotspot/src/share/vm/prims/jni.cpp, line 709]
Event: 2378.236 Thread 0x00007f94a400d800 Exception <a 'java/io/IOException'> (0x00000000d94e06b0) thrown at [/build/openjdk-8-YiEakL/openjdk-8-8u121-b13/src/hotspot/src/share/vm/prims/jni.cpp, line 709]
Event: 2378.236 Thread 0x00007f94a400d800 Exception <a 'java/io/IOException'> (0x00000000d94e0948) thrown at [/build/openjdk-8-YiEakL/openjdk-8-8u121-b13/src/hotspot/src/share/vm/prims/jni.cpp, line 709]
Event: 2378.236 Thread 0x00007f94a400d800 Exception <a 'java/io/IOException'> (0x00000000d94e0bb0) thrown at [/build/openjdk-8-YiEakL/openjdk-8-8u121-b13/src/hotspot/src/share/vm/prims/jni.cpp, line 709]
Event: 2378.273 Thread 0x00007f94a400d800 Implicit null exception at 0x00007f94956a218d to 0x00007f94956a2795

Events (10 events):
Event: 2378.250 Executing VM operation: RevokeBias done
Event: 2378.250 Executing VM operation: RevokeBias
Event: 2378.251 Executing VM operation: RevokeBias done
Event: 2378.251 Executing VM operation: RevokeBias
Event: 2378.251 Executing VM operation: RevokeBias done
Event: 2378.251 Thread 0x00007f94a4a6b800 Thread exited: 0x00007f94a4a6b800
Event: 2378.273 Thread 0x00007f94a400d800 Uncommon trap: trap_request=0xfffffff4 fr.pc=0x00007f94956a27ac
Event: 2378.273 Thread 0x00007f94a400d800 DEOPT PACKING pc=0x00007f94956a27ac sp=0x00007f94ad8571c0
Event: 2378.273 Thread 0x00007f94a400d800 DEOPT UNPACKING pc=0x00007f9495004f69 sp=0x00007f94ad8570c0 mode 2
Event: 2379.602 Thread 0x00007f94a400d800 Thread exited: 0x00007f94a400d800


Dynamic libraries:
00400000-00401000 r-xp 00000000 08:09 7087821                            /usr/lib/jvm/java-8-openjdk-amd64/jre/bin/java
00600000-00601000 r--p 00000000 08:09 7087821                            /usr/lib/jvm/java-8-openjdk-amd64/jre/bin/java
00601000-00602000 rw-p 00001000 08:09 7087821                            /usr/lib/jvm/java-8-openjdk-amd64/jre/bin/java
00c42000-00c63000 rw-p 00000000 00:00 0                                  [heap]
84a00000-89d00000 rw-p 00000000 00:00 0 
89d00000-d6e00000 ---p 00000000 00:00 0 
d6e00000-db600000 rw-p 00000000 00:00 0 
db600000-100000000 ---p 00000000 00:00 0 
100000000-1002a0000 rw-p 00000000 00:00 0 
1002a0000-140000000 ---p 00000000 00:00 0 
7f944c000000-7f944c021000 rw-p 00000000 00:00 0 
7f944c021000-7f9450000000 ---p 00000000 00:00 0 
7f9450000000-7f9450021000 rw-p 00000000 00:00 0 
7f9450021000-7f9454000000 ---p 00000000 00:00 0 
7f9454000000-7f9454021000 rw-p 00000000 00:00 0 
7f9454021000-7f9458000000 ---p 00000000 00:00 0 
7f9458000000-7f9458021000 rw-p 00000000 00:00 0 
7f9458021000-7f945c000000 ---p 00000000 00:00 0 
7f945c000000-7f945c5c5000 rw-p 00000000 00:00 0 
7f945c5c5000-7f9460000000 ---p 00000000 00:00 0 
7f9460000000-7f9460021000 rw-p 00000000 00:00 0 
7f9460021000-7f9464000000 ---p 00000000 00:00 0 
7f9464000000-7f94646f5000 rw-p 00000000 00:00 0 
7f94646f5000-7f9468000000 ---p 00000000 00:00 0 
7f9468000000-7f9468b28000 rw-p 00000000 00:00 0 
7f9468b28000-7f946c000000 ---p 00000000 00:00 0 
7f946c000000-7f946c021000 rw-p 00000000 00:00 0 
7f946c021000-7f9470000000 ---p 00000000 00:00 0 
7f947218d000-7f947228d000 rw-p 00000000 00:00 0 
7f947228d000-7f947238d000 ---p 00000000 00:00 0 
7f9472439000-7f947243c000 ---p 00000000 00:00 0 
7f947243c000-7f947253a000 rw-p 00000000 00:00 0 
7f947253a000-7f94725af000 r-xp 00000000 08:09 27656451                   /home/hrishi/workspace/Console/.jnimap.temp.linux_64/libgmp.so.10 (deleted)
7f94725af000-7f94727ae000 ---p 00075000 08:09 27656451                   /home/hrishi/workspace/Console/.jnimap.temp.linux_64/libgmp.so.10 (deleted)
7f94727ae000-7f94727b0000 rw-p 00074000 08:09 27656451                   /home/hrishi/workspace/Console/.jnimap.temp.linux_64/libgmp.so.10 (deleted)
7f94727b0000-7f9472918000 r-xp 00000000 08:09 27656450                   /home/hrishi/workspace/Console/.jnimap.temp.linux_64/libisl.so.13 (deleted)
7f9472918000-7f9472b17000 ---p 00168000 08:09 27656450                   /home/hrishi/workspace/Console/.jnimap.temp.linux_64/libisl.so.13 (deleted)
7f9472b17000-7f9472b1e000 rw-p 00167000 08:09 27656450                   /home/hrishi/workspace/Console/.jnimap.temp.linux_64/libisl.so.13 (deleted)
7f9472b1e000-7f9472ba3000 r-xp 00000000 08:09 27656452                   /home/hrishi/workspace/Console/.jnimap.temp.linux_64/linux_64_libjniisl.so (deleted)
7f9472ba3000-7f9472da2000 ---p 00085000 08:09 27656452                   /home/hrishi/workspace/Console/.jnimap.temp.linux_64/linux_64_libjniisl.so (deleted)
7f9472da2000-7f9472da5000 rw-p 00084000 08:09 27656452                   /home/hrishi/workspace/Console/.jnimap.temp.linux_64/linux_64_libjniisl.so (deleted)
7f9472da5000-7f9472fa5000 rw-p 00000000 00:00 0 
7f9472fa5000-7f94731a5000 rw-p 00000000 00:00 0 
7f94731a5000-7f94733a5000 rw-p 00000000 00:00 0 
7f94733a5000-7f94733a8000 ---p 00000000 00:00 0 
7f94733a8000-7f94736a6000 rw-p 00000000 00:00 0 
7f94736a6000-7f94736a9000 ---p 00000000 00:00 0 
7f94736a9000-7f94737a7000 rw-p 00000000 00:00 0 
7f9473880000-7f9473883000 r--s 00015000 08:09 7085469                    /usr/lib/jvm/java-8-openjdk-amd64/jre/lib/jce.jar
7f9473883000-7f9473887000 r--s 0009a000 08:09 7085467                    /usr/lib/jvm/java-8-openjdk-amd64/jre/lib/jsse.jar
7f9473887000-7f947388a000 r--s 00014000 08:09 26516293                   /home/hrishi/.eclipse/org.eclipse.platform_4.6.0_1473617060_linux_gtk_x86_64/plugins/fr.irisa.r2d2.parser.runtime_1.0.0.201612051604.jar
7f947388a000-7f9473892000 r--s 0003c000 08:09 26516292                   /home/hrishi/.eclipse/org.eclipse.platform_4.6.0_1473617060_linux_gtk_x86_64/plugins/fr.irisa.r2d2.gecos.framework_1.0.0.201612051604.jar
7f9473892000-7f947389c000 r--s 0006c000 08:09 26516357                   /home/hrishi/.eclipse/org.eclipse.platform_4.6.0_1473617060_linux_gtk_x86_64/plugins/org.eclipse.xtext.common.types_2.10.0.v201605250459.jar
7f947389c000-7f94738cc000 r--s 0044d000 08:09 26516369                   /home/hrishi/.eclipse/org.eclipse.platform_4.6.0_1473617060_linux_gtk_x86_64/plugins/org.eclipse.xtext.xbase_2.10.0.v201605250459.jar
7f94738cc000-7f94738cf000 r--s 0000f000 08:09 26516352                   /home/hrishi/.eclipse/org.eclipse.platform_4.6.0_1473617060_linux_gtk_x86_64/plugins/org.eclipse.xtend.lib.macro_2.10.0.v201605250459.jar
7f94738cf000-7f94738d3000 r--s 00035000 08:09 26516351                   /home/hrishi/.eclipse/org.eclipse.platform_4.6.0_1473617060_linux_gtk_x86_64/plugins/org.eclipse.xtend.lib_2.10.0.v201605250459.jar
7f94738d3000-7f94738d4000 r--s 00001000 08:09 26516354                   /home/hrishi/.eclipse/org.eclipse.platform_4.6.0_1473617060_linux_gtk_x86_64/plugins/org.eclipse.xtend2.lib_2.10.0.v201605250459.jar
7f94738d4000-7f94738da000 r--s 0003f000 08:09 26516368                   /home/hrishi/.eclipse/org.eclipse.platform_4.6.0_1473617060_linux_gtk_x86_64/plugins/org.eclipse.xtext.util_2.10.0.v201605250459.jar
7f94738da000-7f947390b000 r--s 0024b000 08:09 26516355                   /home/hrishi/.eclipse/org.eclipse.platform_4.6.0_1473617060_linux_gtk_x86_64/plugins/org.eclipse.xtext_2.10.0.v201605250459.jar
7f947390b000-7f9473913000 r--s 00061000 08:09 26516277                   /home/hrishi/.eclipse/org.eclipse.platform_4.6.0_1473617060_linux_gtk_x86_64/plugins/edu.csu.melange.alphabets_0.9.6.201612051604.jar
7f9473913000-7f9473914000 r--s 00008000 08:09 26516336                   /home/hrishi/.eclipse/org.eclipse.platform_4.6.0_1473617060_linux_gtk_x86_64/plugins/org.polymodel.scop.cgenerator2_1.0.0.201612051604.jar
7f9473914000-7f9473917000 r--s 00024000 08:09 26516337                   /home/hrishi/.eclipse/org.eclipse.platform_4.6.0_1473617060_linux_gtk_x86_64/plugins/org.polymodel.scop.dtiler_1.0.0.201612051604.jar
7f9473917000-7f9473918000 r--s 00001000 08:09 26516335                   /home/hrishi/.eclipse/org.eclipse.platform_4.6.0_1473617060_linux_gtk_x86_64/plugins/org.polymodel.scop.bridge.clast_1.0.0.201612051604.jar
7f9473918000-7f947391d000 r--s 0002a000 08:09 26516334                   /home/hrishi/.eclipse/org.eclipse.platform_4.6.0_1473617060_linux_gtk_x86_64/plugins/org.polymodel.scop_1.0.0.201612051604.jar
7f947391d000-7f9473930000 r--s 0012e000 08:09 26516300                   /home/hrishi/.eclipse/org.eclipse.platform_4.6.0_1473617060_linux_gtk_x86_64/plugins/org.polymodel.polyhedralIR.codegen_1.0.0.201612051604.jar
7f9473930000-7f9473933000 r--s 008e1000 08:09 26516287                   /home/hrishi/.eclipse/org.eclipse.platform_4.6.0_1473617060_linux_gtk_x86_64/plugins/fr.irisa.cairn.jnimap.cloog_1.0.0.201612051604.jar
7f9473933000-7f9473937000 r--s 00031000 08:09 26516341                   /home/hrishi/.eclipse/org.eclipse.platform_4.6.0_1473617060_linux_gtk_x86_64/plugins/org.antlr.runtime_3.2.0.v201101311130.jar
7f9473937000-7f9473938000 r--s 00011000 08:09 10748494                   /opt/eclipse/plugins/org.apache.commons.logging_1.1.1.v201101211721.jar
7f9473938000-7f9473940000 r--s 0005e000 08:09 10748531                   /opt/eclipse/plugins/org.apache.log4j_1.2.15.v201012070815.jar
7f9473940000-7f9473942000 r--s 00008000 08:09 26516346                   /home/hrishi/.eclipse/org.eclipse.platform_4.6.0_1473617060_linux_gtk_x86_64/plugins/org.eclipse.emf.mwe.utils_1.3.20.v201605261103.jar
7f9473942000-7f9473943000 r--s 00003000 08:09 26516348                   /home/hrishi/.eclipse/org.eclipse.platform_4.6.0_1473617060_linux_gtk_x86_64/plugins/org.eclipse.emf.mwe2.runtime_2.9.0.v201605261103.jar
7f9473943000-7f9473944000 r--s 0000b000 08:09 26516339                   /home/hrishi/.eclipse/org.eclipse.platform_4.6.0_1473617060_linux_gtk_x86_64/plugins/org.apache.commons.cli_1.2.0.v201404270220.jar
7f9473944000-7f947394a000 r--s 0002a000 08:09 26516345                   /home/hrishi/.eclipse/org.eclipse.platform_4.6.0_1473617060_linux_gtk_x86_64/plugins/org.eclipse.emf.mwe.core_1.3.20.v201605261103.jar
7f947394a000-7f947394c000 r--s 00009000 08:09 26516279                   /home/hrishi/.eclipse/org.eclipse.platform_4.6.0_1473617060_linux_gtk_x86_64/plugins/edu.csu.melange.affineLattice_1.0.0.jar
7f947394c000-7f947394e000 r--s 00000000 08:09 26516338                   /home/hrishi/.eclipse/org.eclipse.platform_4.6.0_1473617060_linux_gtk_x86_64/plugins/tom.mapping_1.0.0.201612051604.jar
7f947394e000-7f9473955000 r--s 0004d000 08:09 26516333                   /home/hrishi/.eclipse/org.eclipse.platform_4.6.0_1473617060_linux_gtk_x86_64/plugins/org.polymodel.prdg.scheduling_1.0.0.201612051604.jar
7f9473955000-7f9473958000 r--s 0001f000 08:09 26516370                   /home/hrishi/.eclipse/org.eclipse.platform_4.6.0_1473617060_linux_gtk_x86_64/plugins/org.eclipse.xtext.xbase.lib_2.10.0.v201605250459.jar
7f9473958000-7f947395a000 r--s 00004000 08:09 26516299                   /home/hrishi/.eclipse/org.eclipse.platform_4.6.0_1473617060_linux_gtk_x86_64/plugins/org.polymodel.matrix_1.0.0.201612051604.jar
7f947395a000-7f947395c000 r--s 00005000 08:09 26516332                   /home/hrishi/.eclipse/org.eclipse.platform_4.6.0_1473617060_linux_gtk_x86_64/plugins/org.polymodel.prdg.adapter_1.0.0.201612051604.jar
7f947395c000-7f947395e000 r--s 00009000 08:09 26516301                   /home/hrishi/.eclipse/org.eclipse.platform_4.6.0_1473617060_linux_gtk_x86_64/plugins/org.polymodel.prdg_1.0.0.201612051604.jar
7f947395e000-7f9473960000 r--s 00013000 08:09 26516297                   /home/hrishi/.eclipse/org.eclipse.platform_4.6.0_1473617060_linux_gtk_x86_64/plugins/org.polymodel.isl_1.0.0.201612051604.jar
7f9473960000-7f947396a000 r--s 000a4000 08:09 26516295                   /home/hrishi/.eclipse/org.eclipse.platform_4.6.0_1473617060_linux_gtk_x86_64/plugins/org.polymodel.algebra_1.0.0.201612051604.jar
7f947396a000-7f947396d000 r--s 0002b000 08:09 26516294                   /home/hrishi/.eclipse/org.eclipse.platform_4.6.0_1473617060_linux_gtk_x86_64/plugins/org.polymodel_1.0.0.201612051604.jar
7f947396d000-7f9473997000 r--s 001ff000 08:09 10749007                   /opt/eclipse/plugins/com.google.guava_15.0.0.v201403281430.jar
7f9473997000-7f9473998000 r--s 0000f000 08:09 28708338                   /home/hrishi/.eclipse/org.eclipse.platform_4.6.0_1473617060_linux_gtk_x86_64/plugins/fr.irisa.cairn.tools_1.0.0.201612051604/lib/javatuples-1.2.jar
7f9473998000-7f9473999000 r--s 0000b000 08:09 28708337                   /home/hrishi/.eclipse/org.eclipse.platform_4.6.0_1473617060_linux_gtk_x86_64/plugins/fr.irisa.cairn.tools_1.0.0.201612051604/lib/javatuples-1.2-sources.jar
7f9473999000-7f947399c000 r--s 00037000 08:09 28708336                   /home/hrishi/.eclipse/org.eclipse.platform_4.6.0_1473617060_linux_gtk_x86_64/plugins/fr.irisa.cairn.tools_1.0.0.201612051604/lib/javatuples-1.2-javadoc.jar
7f947399c000-7f94739a1000 r--s 00b6c000 08:09 26516288                   /home/hrishi/.eclipse/org.eclipse.platform_4.6.0_1473617060_linux_gtk_x86_64/plugins/fr.irisa.cairn.jnimap.isl_2.1.0.201612051604.jar
7f94739a1000-7f94739a3000 r--s 00007000 08:09 26516286                   /home/hrishi/.eclipse/org.eclipse.platform_4.6.0_1473617060_linux_gtk_x86_64/plugins/fr.irisa.cairn.graph.guice_1.0.0.201612051604.jar
7f94739a3000-7f94739ae000 r--s 00077000 08:09 10748760                   /opt/eclipse/plugins/com.google.inject_3.0.0.v201605172100.jar
7f94739ae000-7f94739c6000 r--s 0015b000 08:09 28061747                   /home/hrishi/.eclipse/org.eclipse.platform_4.6.0_1473617060_linux_gtk_x86_64/plugins/fr.irisa.cairn.graph_1.0.0.201612051604/lib/jgrapht-ext-0.9.1-uber.jar
7f94739c6000-7f94739f6000 rw-p 00000000 00:00 0 
7f94739f6000-7f9473b26000 r--s 010bc000 08:09 28708362                   /home/hrishi/.eclipse/org.eclipse.platform_4.6.0_1473617060_linux_gtk_x86_64/plugins/fr.irisa.cairn.eclipse.tom_2.10.0.201612051604/libs/aircube-bundle.jar
7f9473b26000-7f9473b27000 ---p 00000000 00:00 0 
7f9473b27000-7f9473c27000 rw-p 00000000 00:00 0 
7f9473c27000-7f9473c2a000 ---p 00000000 00:00 0 
7f9473c2a000-7f9473d28000 rw-p 00000000 00:00 0 
7f9473d28000-7f9474000000 r--p 00000000 08:09 2887360                    /usr/lib/locale/locale-archive
7f9474000000-7f9474021000 rw-p 00000000 00:00 0 
7f9474021000-7f9478000000 ---p 00000000 00:00 0 
7f9478000000-7f9478021000 rw-p 00000000 00:00 0 
7f9478021000-7f947c000000 ---p 00000000 00:00 0 
7f947c000000-7f947c021000 rw-p 00000000 00:00 0 
7f947c021000-7f9480000000 ---p 00000000 00:00 0 
7f9480000000-7f9480021000 rw-p 00000000 00:00 0 
7f9480021000-7f9484000000 ---p 00000000 00:00 0 
7f9484000000-7f9484001000 r--s 00000000 08:09 26516289                   /home/hrishi/.eclipse/org.eclipse.platform_4.6.0_1473617060_linux_gtk_x86_64/plugins/fr.irisa.cairn.jnimap.runtime_1.0.0.201612051604.jar
7f9484001000-7f9484005000 r--s 00035000 08:09 10748985                   /opt/eclipse/plugins/org.eclipse.emf.ecore.xmi_2.12.0.v20160420-0247.jar
7f9484005000-7f948400c000 r--s 00051000 08:09 10748503                   /opt/eclipse/plugins/org.eclipse.emf.common_2.12.0.v20160420-0247.jar
7f948400c000-7f948404e000 r--s 00398000 08:09 10748311                   /opt/eclipse/plugins/org.eclipse.ui.workbench_3.108.0.v20160602-1232.jar
7f948404e000-7f9484051000 ---p 00000000 00:00 0 
7f9484051000-7f948414f000 rw-p 00000000 00:00 0 
7f948414f000-7f9484152000 ---p 00000000 00:00 0 
7f9484152000-7f9488000000 rw-p 00000000 00:00 0 
7f9488000000-7f9488021000 rw-p 00000000 00:00 0 
7f9488021000-7f948c000000 ---p 00000000 00:00 0 
7f948c000000-7f948c021000 rw-p 00000000 00:00 0 
7f948c021000-7f9490000000 ---p 00000000 00:00 0 
7f9490000000-7f9490021000 rw-p 00000000 00:00 0 
7f9490021000-7f9494000000 ---p 00000000 00:00 0 
7f9494000000-7f9494002000 r--s 00009000 08:09 10748202                   /opt/eclipse/plugins/com.google.inject.multibindings_3.0.0.v201605172100.jar
7f9494002000-7f9494014000 r--s 00111000 08:09 10748217                   /opt/eclipse/plugins/org.eclipse.emf.ecore_2.12.0.v20160420-0247.jar
7f9494014000-7f9494019000 r--s 00030000 08:09 10748396                   /opt/eclipse/plugins/org.eclipse.ui.console_3.6.200.v20160518-1858.jar
7f9494019000-7f949401a000 r--s 00002000 08:09 10748530                   /opt/eclipse/plugins/org.eclipse.e4.ui.workbench3_0.13.100.v20160506-0759.jar
7f949401a000-7f949401e000 r--s 00019000 08:09 10748602                   /opt/eclipse/plugins/org.eclipse.core.commands_3.8.0.v20160316-1921.jar
7f949401e000-7f9494030000 r--s 000f8000 08:09 10748780                   /opt/eclipse/plugins/org.eclipse.jface_3.12.0.v20160518-1929.jar
7f9494030000-7f9494045000 r--s 0028f000 08:09 10748863                   /opt/eclipse/plugins/org.eclipse.swt.gtk.linux.x86_64_3.105.0.v20160603-0902.jar
7f9494045000-7f949404e000 r--s 00058000 08:09 10748604                   /opt/eclipse/plugins/org.eclipse.ui_3.108.0.v20160518-1929.jar
7f949404e000-7f9494050000 r--s 00014000 08:09 10748222                   /opt/eclipse/plugins/org.eclipse.equinox.app_1.3.400.v20150715-1528.jar
7f9494050000-7f9494052000 r--s 00017000 08:09 10748774                   /opt/eclipse/plugins/org.eclipse.core.contenttype_3.5.100.v20160418-1621.jar
7f9494052000-7f9494055000 r--s 0001e000 08:09 10748508                   /opt/eclipse/plugins/org.eclipse.equinox.preferences_3.6.0.v20160120-1756.jar
7f9494055000-7f9494059000 r--s 0002a000 08:09 10749014                   /opt/eclipse/plugins/org.eclipse.equinox.registry_3.6.100.v20160223-2218.jar
7f9494059000-7f949405c000 r--s 00019000 08:09 10748931                   /opt/eclipse/plugins/org.eclipse.core.jobs_3.8.0.v20160509-0411.jar
7f949405c000-7f949405f000 r--s 0001b000 08:09 10748983                   /opt/eclipse/plugins/org.eclipse.equinox.common_3.8.0.v20160509-1230.jar
7f949405f000-7f9494062000 r--s 00039000 08:09 10748174                   /opt/eclipse/plugins/org.eclipse.osgi.compatibility.state_1.0.200.v20160504-1419.jar
7f9494062000-7f9494077000 r--s 0013d000 08:09 10748755                   /opt/eclipse/plugins/org.eclipse.osgi_3.11.0.v20160603-1336.jar
7f9494077000-7f9494079000 r--s 00003000 08:09 10748526                   /opt/eclipse/plugins/javax.inject_1.0.0.v20091030.jar
7f9494079000-7f949407b000 r--s 00011000 08:09 10748883                   /opt/eclipse/plugins/org.eclipse.core.runtime_3.12.0.v20160606-1342.jar
7f949407b000-7f949407f000 r--s 00037000 08:09 7085460                    /usr/lib/jvm/java-8-openjdk-amd64/jre/lib/ext/sunpkcs11.jar
7f949407f000-7f9494089000 r--s 00116000 08:09 7085461                    /usr/lib/jvm/java-8-openjdk-amd64/jre/lib/ext/localedata.jar
7f9494089000-7f949408e000 r--s 0003b000 08:09 7085462                    /usr/lib/jvm/java-8-openjdk-amd64/jre/lib/ext/sunjce_provider.jar
7f949408e000-7f9494091000 ---p 00000000 00:00 0 
7f9494091000-7f949418f000 rw-p 00000000 00:00 0 
7f949418f000-7f9494192000 ---p 00000000 00:00 0 
7f9494192000-7f9494290000 rw-p 00000000 00:00 0 
7f9494290000-7f9494293000 ---p 00000000 00:00 0 
7f9494293000-7f9494391000 rw-p 00000000 00:00 0 
7f9494391000-7f9494394000 ---p 00000000 00:00 0 
7f9494394000-7f9494492000 rw-p 00000000 00:00 0 
7f9494492000-7f9494493000 ---p 00000000 00:00 0 
7f9494493000-7f9495000000 rw-p 00000000 00:00 0 
7f9495000000-7f94956d0000 rwxp 00000000 00:00 0 
7f94956d0000-7f94a4000000 ---p 00000000 00:00 0 
7f94a4000000-7f94a4aed000 rw-p 00000000 00:00 0 
7f94a4aed000-7f94a8000000 ---p 00000000 00:00 0 
7f94a8000000-7f94a8003000 r--s 0000f000 08:09 7085457                    /usr/lib/jvm/java-8-openjdk-amd64/jre/lib/ext/icedtea-sound.jar
7f94a8003000-7f94a801e000 r--s 001d6000 08:09 7085455                    /usr/lib/jvm/java-8-openjdk-amd64/jre/lib/ext/nashorn.jar
7f94a801e000-7f94a8591000 rw-p 00000000 00:00 0 
7f94a8591000-7f94a875f000 r--s 03c06000 08:09 7087811                    /usr/lib/jvm/java-8-openjdk-amd64/jre/lib/rt.jar
7f94a875f000-7f94a93b0000 rw-p 00000000 00:00 0 
7f94a93b0000-7f94a93b1000 ---p 00000000 00:00 0 
7f94a93b1000-7f94a94b1000 rw-p 00000000 00:00 0 
7f94a94b1000-7f94a94b2000 ---p 00000000 00:00 0 
7f94a94b2000-7f94a95b2000 rw-p 00000000 00:00 0 
7f94a95b2000-7f94a95b3000 ---p 00000000 00:00 0 
7f94a95b3000-7f94a96b3000 rw-p 00000000 00:00 0 
7f94a96b3000-7f94a96b4000 ---p 00000000 00:00 0 
7f94a96b4000-7f94a97de000 rw-p 00000000 00:00 0 
7f94a97de000-7f94a9a46000 ---p 00000000 00:00 0 
7f94a9a46000-7f94a9a70000 rw-p 00000000 00:00 0 
7f94a9a70000-7f94a9cd8000 ---p 00000000 00:00 0 
7f94a9cd8000-7f94a9cfc000 rw-p 00000000 00:00 0 
7f94a9cfc000-7f94a9e21000 ---p 00000000 00:00 0 
7f94a9e21000-7f94a9e3e000 rw-p 00000000 00:00 0 
7f94a9e3e000-7f94aa1e2000 ---p 00000000 00:00 0 
7f94aa1e2000-7f94aa1ea000 r-xp 00000000 08:09 7085419                    /usr/lib/jvm/java-8-openjdk-amd64/jre/lib/amd64/libzip.so
7f94aa1ea000-7f94aa3e9000 ---p 00008000 08:09 7085419                    /usr/lib/jvm/java-8-openjdk-amd64/jre/lib/amd64/libzip.so
7f94aa3e9000-7f94aa3ea000 r--p 00007000 08:09 7085419                    /usr/lib/jvm/java-8-openjdk-amd64/jre/lib/amd64/libzip.so
7f94aa3ea000-7f94aa3eb000 rw-p 00008000 08:09 7085419                    /usr/lib/jvm/java-8-openjdk-amd64/jre/lib/amd64/libzip.so
7f94aa3eb000-7f94aa3f6000 r-xp 00000000 08:09 24382890                   /lib/x86_64-linux-gnu/libnss_files-2.23.so
7f94aa3f6000-7f94aa5f5000 ---p 0000b000 08:09 24382890                   /lib/x86_64-linux-gnu/libnss_files-2.23.so
7f94aa5f5000-7f94aa5f6000 r--p 0000a000 08:09 24382890                   /lib/x86_64-linux-gnu/libnss_files-2.23.so
7f94aa5f6000-7f94aa5f7000 rw-p 0000b000 08:09 24382890                   /lib/x86_64-linux-gnu/libnss_files-2.23.so
7f94aa5f7000-7f94aa5fd000 rw-p 00000000 00:00 0 
7f94aa5fd000-7f94aa608000 r-xp 00000000 08:09 24382881                   /lib/x86_64-linux-gnu/libnss_nis-2.23.so
7f94aa608000-7f94aa807000 ---p 0000b000 08:09 24382881                   /lib/x86_64-linux-gnu/libnss_nis-2.23.so
7f94aa807000-7f94aa808000 r--p 0000a000 08:09 24382881                   /lib/x86_64-linux-gnu/libnss_nis-2.23.so
7f94aa808000-7f94aa809000 rw-p 0000b000 08:09 24382881                   /lib/x86_64-linux-gnu/libnss_nis-2.23.so
7f94aa809000-7f94aa81f000 r-xp 00000000 08:09 24382883                   /lib/x86_64-linux-gnu/libnsl-2.23.so
7f94aa81f000-7f94aaa1e000 ---p 00016000 08:09 24382883                   /lib/x86_64-linux-gnu/libnsl-2.23.so
7f94aaa1e000-7f94aaa1f000 r--p 00015000 08:09 24382883                   /lib/x86_64-linux-gnu/libnsl-2.23.so
7f94aaa1f000-7f94aaa20000 rw-p 00016000 08:09 24382883                   /lib/x86_64-linux-gnu/libnsl-2.23.so
7f94aaa20000-7f94aaa22000 rw-p 00000000 00:00 0 
7f94aaa22000-7f94aaa2a000 r-xp 00000000 08:09 24382892                   /lib/x86_64-linux-gnu/libnss_compat-2.23.so
7f94aaa2a000-7f94aac29000 ---p 00008000 08:09 24382892                   /lib/x86_64-linux-gnu/libnss_compat-2.23.so
7f94aac29000-7f94aac2a000 r--p 00007000 08:09 24382892                   /lib/x86_64-linux-gnu/libnss_compat-2.23.so
7f94aac2a000-7f94aac2b000 rw-p 00008000 08:09 24382892                   /lib/x86_64-linux-gnu/libnss_compat-2.23.so
7f94aac2b000-7f94aac58000 r-xp 00000000 08:09 7085444                    /usr/lib/jvm/java-8-openjdk-amd64/jre/lib/amd64/libjava.so
7f94aac58000-7f94aae57000 ---p 0002d000 08:09 7085444                    /usr/lib/jvm/java-8-openjdk-amd64/jre/lib/amd64/libjava.so
7f94aae57000-7f94aae58000 r--p 0002c000 08:09 7085444                    /usr/lib/jvm/java-8-openjdk-amd64/jre/lib/amd64/libjava.so
7f94aae58000-7f94aae5a000 rw-p 0002d000 08:09 7085444                    /usr/lib/jvm/java-8-openjdk-amd64/jre/lib/amd64/libjava.so
7f94aae5a000-7f94aae69000 r-xp 00000000 08:09 7085412                    /usr/lib/jvm/java-8-openjdk-amd64/jre/lib/amd64/libverify.so
7f94aae69000-7f94ab068000 ---p 0000f000 08:09 7085412                    /usr/lib/jvm/java-8-openjdk-amd64/jre/lib/amd64/libverify.so
7f94ab068000-7f94ab06a000 r--p 0000e000 08:09 7085412                    /usr/lib/jvm/java-8-openjdk-amd64/jre/lib/amd64/libverify.so
7f94ab06a000-7f94ab06b000 rw-p 00010000 08:09 7085412                    /usr/lib/jvm/java-8-openjdk-amd64/jre/lib/amd64/libverify.so
7f94ab06b000-7f94ab072000 r-xp 00000000 08:09 24382893                   /lib/x86_64-linux-gnu/librt-2.23.so
7f94ab072000-7f94ab271000 ---p 00007000 08:09 24382893                   /lib/x86_64-linux-gnu/librt-2.23.so
7f94ab271000-7f94ab272000 r--p 00006000 08:09 24382893                   /lib/x86_64-linux-gnu/librt-2.23.so
7f94ab272000-7f94ab273000 rw-p 00007000 08:09 24382893                   /lib/x86_64-linux-gnu/librt-2.23.so
7f94ab273000-7f94ab289000 r-xp 00000000 08:09 24383888                   /lib/x86_64-linux-gnu/libgcc_s.so.1
7f94ab289000-7f94ab488000 ---p 00016000 08:09 24383888                   /lib/x86_64-linux-gnu/libgcc_s.so.1
7f94ab488000-7f94ab489000 rw-p 00015000 08:09 24383888                   /lib/x86_64-linux-gnu/libgcc_s.so.1
7f94ab489000-7f94ab591000 r-xp 00000000 08:09 24382882                   /lib/x86_64-linux-gnu/libm-2.23.so
7f94ab591000-7f94ab790000 ---p 00108000 08:09 24382882                   /lib/x86_64-linux-gnu/libm-2.23.so
7f94ab790000-7f94ab791000 r--p 00107000 08:09 24382882                   /lib/x86_64-linux-gnu/libm-2.23.so
7f94ab791000-7f94ab792000 rw-p 00108000 08:09 24382882                   /lib/x86_64-linux-gnu/libm-2.23.so
7f94ab792000-7f94ab904000 r-xp 00000000 08:09 2888511                    /usr/lib/x86_64-linux-gnu/libstdc++.so.6.0.21
7f94ab904000-7f94abb04000 ---p 00172000 08:09 2888511                    /usr/lib/x86_64-linux-gnu/libstdc++.so.6.0.21
7f94abb04000-7f94abb0e000 r--p 00172000 08:09 2888511                    /usr/lib/x86_64-linux-gnu/libstdc++.so.6.0.21
7f94abb0e000-7f94abb10000 rw-p 0017c000 08:09 2888511                    /usr/lib/x86_64-linux-gnu/libstdc++.so.6.0.21
7f94abb10000-7f94abb14000 rw-p 00000000 00:00 0 
7f94abb14000-7f94ac764000 r-xp 00000000 08:09 7085439                    /usr/lib/jvm/java-8-openjdk-amd64/jre/lib/amd64/server/libjvm.so
7f94ac764000-7f94ac963000 ---p 00c50000 08:09 7085439                    /usr/lib/jvm/java-8-openjdk-amd64/jre/lib/amd64/server/libjvm.so
7f94ac963000-7f94ac9f6000 r--p 00c4f000 08:09 7085439                    /usr/lib/jvm/java-8-openjdk-amd64/jre/lib/amd64/server/libjvm.so
7f94ac9f6000-7f94aca1f000 rw-p 00ce2000 08:09 7085439                    /usr/lib/jvm/java-8-openjdk-amd64/jre/lib/amd64/server/libjvm.so
7f94aca1f000-7f94aca4f000 rw-p 00000000 00:00 0 
7f94aca4f000-7f94aca67000 r-xp 00000000 08:09 24382897                   /lib/x86_64-linux-gnu/libpthread-2.23.so
7f94aca67000-7f94acc66000 ---p 00018000 08:09 24382897                   /lib/x86_64-linux-gnu/libpthread-2.23.so
7f94acc66000-7f94acc67000 r--p 00017000 08:09 24382897                   /lib/x86_64-linux-gnu/libpthread-2.23.so
7f94acc67000-7f94acc68000 rw-p 00018000 08:09 24382897                   /lib/x86_64-linux-gnu/libpthread-2.23.so
7f94acc68000-7f94acc6c000 rw-p 00000000 00:00 0 
7f94acc6c000-7f94acc6f000 r-xp 00000000 08:09 24382880                   /lib/x86_64-linux-gnu/libdl-2.23.so
7f94acc6f000-7f94ace6e000 ---p 00003000 08:09 24382880                   /lib/x86_64-linux-gnu/libdl-2.23.so
7f94ace6e000-7f94ace6f000 r--p 00002000 08:09 24382880                   /lib/x86_64-linux-gnu/libdl-2.23.so
7f94ace6f000-7f94ace70000 rw-p 00003000 08:09 24382880                   /lib/x86_64-linux-gnu/libdl-2.23.so
7f94ace70000-7f94ace89000 r-xp 00000000 08:09 24384041                   /lib/x86_64-linux-gnu/libz.so.1.2.8
7f94ace89000-7f94ad088000 ---p 00019000 08:09 24384041                   /lib/x86_64-linux-gnu/libz.so.1.2.8
7f94ad088000-7f94ad089000 r--p 00018000 08:09 24384041                   /lib/x86_64-linux-gnu/libz.so.1.2.8
7f94ad089000-7f94ad08a000 rw-p 00019000 08:09 24384041                   /lib/x86_64-linux-gnu/libz.so.1.2.8
7f94ad08a000-7f94ad249000 r-xp 00000000 08:09 24382884                   /lib/x86_64-linux-gnu/libc-2.23.so
7f94ad249000-7f94ad449000 ---p 001bf000 08:09 24382884                   /lib/x86_64-linux-gnu/libc-2.23.so
7f94ad449000-7f94ad44d000 r--p 001bf000 08:09 24382884                   /lib/x86_64-linux-gnu/libc-2.23.so
7f94ad44d000-7f94ad44f000 rw-p 001c3000 08:09 24382884                   /lib/x86_64-linux-gnu/libc-2.23.so
7f94ad44f000-7f94ad453000 rw-p 00000000 00:00 0 
7f94ad453000-7f94ad460000 r-xp 00000000 08:09 7085434                    /usr/lib/jvm/java-8-openjdk-amd64/jre/lib/amd64/jli/libjli.so
7f94ad460000-7f94ad660000 ---p 0000d000 08:09 7085434                    /usr/lib/jvm/java-8-openjdk-amd64/jre/lib/amd64/jli/libjli.so
7f94ad660000-7f94ad661000 r--p 0000d000 08:09 7085434                    /usr/lib/jvm/java-8-openjdk-amd64/jre/lib/amd64/jli/libjli.so
7f94ad661000-7f94ad662000 rw-p 0000e000 08:09 7085434                    /usr/lib/jvm/java-8-openjdk-amd64/jre/lib/amd64/jli/libjli.so
7f94ad662000-7f94ad688000 r-xp 00000000 08:09 24382885                   /lib/x86_64-linux-gnu/ld-2.23.so
7f94ad688000-7f94ad689000 r--s 00004000 08:09 10748172                   /opt/eclipse/plugins/org.eclipse.swt_3.105.0.v20160603-0902.jar
7f94ad689000-7f94ad68b000 r--s 00001000 08:09 7085456                    /usr/lib/jvm/java-8-openjdk-amd64/jre/lib/ext/dnsns.jar
7f94ad68b000-7f94ad68d000 r--s 00008000 08:09 7085454                    /usr/lib/jvm/java-8-openjdk-amd64/jre/lib/ext/sunec.jar
7f94ad68d000-7f94ad758000 rw-p 00000000 00:00 0 
7f94ad758000-7f94ad75b000 ---p 00000000 00:00 0 
7f94ad75b000-7f94ad85e000 rw-p 00000000 00:00 0 
7f94ad85e000-7f94ad85f000 r--s 00010000 08:09 7085459                    /usr/lib/jvm/java-8-openjdk-amd64/jre/lib/ext/zipfs.jar
7f94ad85f000-7f94ad860000 r--s 0000a000 08:09 7085463                    /usr/lib/jvm/java-8-openjdk-amd64/jre/lib/ext/jaccess.jar
7f94ad860000-7f94ad87b000 r--s 00394000 08:09 7085458                    /usr/lib/jvm/java-8-openjdk-amd64/jre/lib/ext/cldrdata.jar
7f94ad87b000-7f94ad883000 rw-s 00000000 08:09 18612655                   /tmp/hsperfdata_hrishi/11854 (deleted)
7f94ad883000-7f94ad884000 rw-p 00000000 00:00 0 
7f94ad884000-7f94ad885000 ---p 00000000 00:00 0 
7f94ad885000-7f94ad887000 rw-p 00000000 00:00 0 
7f94ad887000-7f94ad888000 r--p 00025000 08:09 24382885                   /lib/x86_64-linux-gnu/ld-2.23.so
7f94ad888000-7f94ad889000 rw-p 00026000 08:09 24382885                   /lib/x86_64-linux-gnu/ld-2.23.so
7f94ad889000-7f94ad88a000 rw-p 00000000 00:00 0 
7ffdbad11000-7ffdbad34000 rw-p 00000000 00:00 0                          [stack]
7ffdbadf3000-7ffdbadf5000 r--p 00000000 00:00 0                          [vvar]
7ffdbadf5000-7ffdbadf7000 r-xp 00000000 00:00 0                          [vdso]
ffffffffff600000-ffffffffff601000 r-xp 00000000 00:00 0                  [vsyscall]

VM Arguments:
jvm_args: -Dfile.encoding=UTF-8 
java_command: RCPConsole
java_class_path (initial): /opt/eclipse/plugins/org.eclipse.core.runtime_3.12.0.v20160606-1342.jar:/opt/eclipse/plugins/javax.inject_1.0.0.v20091030.jar:/opt/eclipse/plugins/org.eclipse.osgi_3.11.0.v20160603-1336.jar:/opt/eclipse/plugins/org.eclipse.osgi.compatibility.state_1.0.200.v20160504-1419.jar:/opt/eclipse/plugins/org.eclipse.equinox.common_3.8.0.v20160509-1230.jar:/opt/eclipse/plugins/org.eclipse.core.jobs_3.8.0.v20160509-0411.jar:/opt/eclipse/plugins/org.eclipse.equinox.registry_3.6.100.v20160223-2218.jar:/opt/eclipse/plugins/org.eclipse.equinox.preferences_3.6.0.v20160120-1756.jar:/opt/eclipse/plugins/org.eclipse.core.contenttype_3.5.100.v20160418-1621.jar:/opt/eclipse/plugins/org.eclipse.equinox.app_1.3.400.v20150715-1528.jar:/opt/eclipse/plugins/org.eclipse.ui_3.108.0.v20160518-1929.jar:/opt/eclipse/plugins/org.eclipse.swt_3.105.0.v20160603-0902.jar:/opt/eclipse/plugins/org.eclipse.swt.gtk.linux.x86_64_3.105.0.v20160603-0902.jar:/opt/eclipse/plugins/org.eclipse.jface_3.12.0.v20160518-1929.jar:/opt/eclipse/plugins/org.eclipse.core.commands_3.8.0.v20160316-1921.jar:/opt/eclipse/plugins/org.eclipse.ui.workbench_3.108.0.v20160602-1232.jar:/opt/eclipse/plugins/org.eclipse.e4.ui.workbench3_0.13.100.v20160506-0759.jar:/opt/eclipse/plugins/org.eclipse.ui.console_3.6.200.v20160518-1858.jar:/opt/eclipse/plugins/org.eclipse.emf.ecore_2.12.0.v20160420-0247.jar:/opt/eclipse/plugins/org.eclipse.emf.common_2.12.0.v20160420-0247.jar:/opt/eclipse/plugins/org.eclipse.emf.ecore.xmi_2.12.0.v20160420-0247.jar:/home/hrishi/.eclipse/org.eclipse.platform_4.6.0_1473617060_linux_gtk_x86_64/plugins/fr.irisa.cairn.eclipse.tom_2.10.0.201612051604/libs/aircube-bundle.jar:/home/hrishi/.eclipse/org.eclipse.platform_4.6.0_1473617060_linux_gtk_x86_64/plugins/fr.irisa.cairn.graph_1.0.0.201612051604:/home/hrishi/.eclipse/org.eclipse.platform_4.6.0_1473617060_linux_gtk_x86_64/plugins/fr.irisa.cairn.graph_1.0.0.201612051604/lib/jgrapht-ext-0.9.1-uber.jar:/opt/eclipse/plugins/com.google.inj
Launcher Type: SUN_STANDARD

Environment Variables:
PATH=/home/hrishi/torch/install/bin:/usr/local/sbin:/usr/local/bin:/usr/sbin:/usr/bin:/sbin:/bin:/usr/games:/usr/local/games:/snap/bin
LD_LIBRARY_PATH=/home/hrishi/torch/install/lib:
SHELL=/bin/bash
DISPLAY=:0
DYLD_LIBRARY_PATH=/home/hrishi/torch/install/lib:

Signal Handlers:
SIGSEGV: [libjvm.so+0xa66fd0], sa_mask[0]=11111111011111111101111111111110, sa_flags=SA_RESTART|SA_SIGINFO
SIGBUS: [libjvm.so+0xa66fd0], sa_mask[0]=11111111011111111101111111111110, sa_flags=SA_RESTART|SA_SIGINFO
SIGFPE: [libjvm.so+0x8b0180], sa_mask[0]=11111111011111111101111111111110, sa_flags=SA_RESTART|SA_SIGINFO
SIGPIPE: [libjvm.so+0x8b0180], sa_mask[0]=11111111011111111101111111111110, sa_flags=SA_RESTART|SA_SIGINFO
SIGXFSZ: [libjvm.so+0x8b0180], sa_mask[0]=11111111011111111101111111111110, sa_flags=SA_RESTART|SA_SIGINFO
SIGILL: [libjvm.so+0x8b0180], sa_mask[0]=11111111011111111101111111111110, sa_flags=SA_RESTART|SA_SIGINFO
SIGUSR1: SIG_DFL, sa_mask[0]=00000000000000000000000000000000, sa_flags=none
SIGUSR2: [libjvm.so+0x8b0030], sa_mask[0]=00100000000000000000000000000000, sa_flags=SA_RESTART|SA_SIGINFO
SIGHUP: [libjvm.so+0x8b0500], sa_mask[0]=11111111011111111101111111111110, sa_flags=SA_RESTART|SA_SIGINFO
SIGINT: [libjvm.so+0x8b0500], sa_mask[0]=11111111011111111101111111111110, sa_flags=SA_RESTART|SA_SIGINFO
SIGTERM: [libjvm.so+0x8b0500], sa_mask[0]=11111111011111111101111111111110, sa_flags=SA_RESTART|SA_SIGINFO
SIGQUIT: [libjvm.so+0x8b0500], sa_mask[0]=11111111011111111101111111111110, sa_flags=SA_RESTART|SA_SIGINFO


---------------  S Y S T E M  ---------------

OS:DISTRIB_ID=Ubuntu
DISTRIB_RELEASE=16.04
DISTRIB_CODENAME=xenial
DISTRIB_DESCRIPTION="Ubuntu 16.04 LTS"

uname:Linux 4.4.0-72-generic #93-Ubuntu SMP Fri Mar 31 14:07:41 UTC 2017 x86_64
libc:glibc 2.23 NPTL 2.23 
rlimit: STACK 8192k, CORE 0k, NPROC 31118, NOFILE 65536, AS infinity
load average:3.61 1.82 0.88

/proc/meminfo:
MemTotal:        8084688 kB
MemFree:         3251504 kB
MemAvailable:    3418904 kB
Buffers:            9360 kB
Cached:           545316 kB
SwapCached:        22388 kB
Active:          3506216 kB
Inactive:         987540 kB
Active(anon):    3358484 kB
Inactive(anon):   800328 kB
Active(file):     147732 kB
Inactive(file):   187212 kB
Unevictable:         728 kB
Mlocked:             728 kB
SwapTotal:      12000252 kB
SwapFree:       10794604 kB
Dirty:               564 kB
Writeback:          1536 kB
AnonPages:       3929688 kB
Mapped:           305024 kB
Shmem:            218608 kB
Slab:             166164 kB
SReclaimable:     105728 kB
SUnreclaim:        60436 kB
KernelStack:       14608 kB
PageTables:        69476 kB
NFS_Unstable:          0 kB
Bounce:                0 kB
WritebackTmp:          0 kB
CommitLimit:    16042596 kB
Committed_AS:   14355124 kB
VmallocTotal:   34359738367 kB
VmallocUsed:           0 kB
VmallocChunk:          0 kB
HardwareCorrupted:     0 kB
AnonHugePages:    972800 kB
CmaTotal:              0 kB
CmaFree:               0 kB
HugePages_Total:       0
HugePages_Free:        0
HugePages_Rsvd:        0
HugePages_Surp:        0
Hugepagesize:       2048 kB
DirectMap4k:      589704 kB
DirectMap2M:     7708672 kB
DirectMap1G:           0 kB


CPU:total 4 (2 cores per cpu, 2 threads per core) family 6 model 61 stepping 4, cmov, cx8, fxsr, mmx, sse, sse2, sse3, ssse3, sse4.1, sse4.2, popcnt, avx, avx2, aes, clmul, erms, 3dnowpref, lzcnt, ht, tsc, tscinvbit, bmi1, bmi2, adx

/proc/cpuinfo:
processor	: 0
vendor_id	: GenuineIntel
cpu family	: 6
model		: 61
model name	: Intel(R) Core(TM) i5-5200U CPU @ 2.20GHz
stepping	: 4
microcode	: 0x12
cpu MHz		: 2424.898
cache size	: 3072 KB
physical id	: 0
siblings	: 4
core id		: 0
cpu cores	: 2
apicid		: 0
initial apicid	: 0
fpu		: yes
fpu_exception	: yes
cpuid level	: 20
wp		: yes
flags		: fpu vme de pse tsc msr pae mce cx8 apic sep mtrr pge mca cmov pat pse36 clflush dts acpi mmx fxsr sse sse2 ss ht tm pbe syscall nx pdpe1gb rdtscp lm constant_tsc arch_perfmon pebs bts rep_good nopl xtopology nonstop_tsc aperfmperf eagerfpu pni pclmulqdq dtes64 monitor ds_cpl vmx est tm2 ssse3 sdbg fma cx16 xtpr pdcm pcid sse4_1 sse4_2 x2apic movbe popcnt tsc_deadline_timer aes xsave avx f16c rdrand lahf_lm abm 3dnowprefetch epb intel_pt tpr_shadow vnmi flexpriority ept vpid fsgsbase tsc_adjust bmi1 avx2 smep bmi2 erms invpcid rdseed adx smap xsaveopt dtherm ida arat pln pts
bugs		:
bogomips	: 4389.32
clflush size	: 64
cache_alignment	: 64
address sizes	: 39 bits physical, 48 bits virtual
power management:

processor	: 1
vendor_id	: GenuineIntel
cpu family	: 6
model		: 61
model name	: Intel(R) Core(TM) i5-5200U CPU @ 2.20GHz
stepping	: 4
microcode	: 0x12
cpu MHz		: 2428.937
cache size	: 3072 KB
physical id	: 0
siblings	: 4
core id		: 1
cpu cores	: 2
apicid		: 2
initial apicid	: 2
fpu		: yes
fpu_exception	: yes
cpuid level	: 20
wp		: yes
flags		: fpu vme de pse tsc msr pae mce cx8 apic sep mtrr pge mca cmov pat pse36 clflush dts acpi mmx fxsr sse sse2 ss ht tm pbe syscall nx pdpe1gb rdtscp lm constant_tsc arch_perfmon pebs bts rep_good nopl xtopology nonstop_tsc aperfmperf eagerfpu pni pclmulqdq dtes64 monitor ds_cpl vmx est tm2 ssse3 sdbg fma cx16 xtpr pdcm pcid sse4_1 sse4_2 x2apic movbe popcnt tsc_deadline_timer aes xsave avx f16c rdrand lahf_lm abm 3dnowprefetch epb intel_pt tpr_shadow vnmi flexpriority ept vpid fsgsbase tsc_adjust bmi1 avx2 smep bmi2 erms invpcid rdseed adx smap xsaveopt dtherm ida arat pln pts
bugs		:
bogomips	: 4389.32
clflush size	: 64
cache_alignment	: 64
address sizes	: 39 bits physical, 48 bits virtual
power management:

processor	: 2
vendor_id	: GenuineIntel
cpu family	: 6
model		: 61
model name	: Intel(R) Core(TM) i5-5200U CPU @ 2.20GHz
stepping	: 4
microcode	: 0x12
cpu MHz		: 2335.781
cache size	: 3072 KB
physical id	: 0
siblings	: 4
core id		: 0
cpu cores	: 2
apicid		: 1
initial apicid	: 1
fpu		: yes
fpu_exception	: yes
cpuid level	: 20
wp		: yes
flags		: fpu vme de pse tsc msr pae mce cx8 apic sep mtrr pge mca cmov pat pse36 clflush dts acpi mmx fxsr sse sse2 ss ht tm pbe syscall nx pdpe1gb rdtscp lm constant_tsc arch_perfmon pebs bts rep_good nopl xtopology nonstop_tsc aperfmperf eagerfpu pni pclmulqdq dtes64 monitor ds_cpl vmx est tm2 ssse3 sdbg fma cx16 xtpr pdcm pcid sse4_1 sse4_2 x2apic movbe popcnt tsc_deadline_timer aes xsave avx f16c rdrand lahf_lm abm 3dnowprefetch epb intel_pt tpr_shadow vnmi flexpriority ept vpid fsgsbase tsc_adjust bmi1 avx2 smep bmi2 erms invpcid rdseed adx smap xsaveopt dtherm ida arat pln pts
bugs		:
bogomips	: 4389.32
clflush size	: 64
cache_alignment	: 64
address sizes	: 39 bits physical, 48 bits virtual
power management:

processor	: 3
vendor_id	: GenuineIntel
cpu family	: 6
model		: 61
model name	: Intel(R) Core(TM) i5-5200U CPU @ 2.20GHz
stepping	: 4
microcode	: 0x12
cpu MHz		: 2407.710
cache size	: 3072 KB
physical id	: 0
siblings	: 4
core id		: 1
cpu cores	: 2
apicid		: 3
initial apicid	: 3
fpu		: yes
fpu_exception	: yes
cpuid level	: 20
wp		: yes
flags		: fpu vme de pse tsc msr pae mce cx8 apic sep mtrr pge mca cmov pat pse36 clflush dts acpi mmx fxsr sse sse2 ss ht tm pbe syscall nx pdpe1gb rdtscp lm constant_tsc arch_perfmon pebs bts rep_good nopl xtopology nonstop_tsc aperfmperf eagerfpu pni pclmulqdq dtes64 monitor ds_cpl vmx est tm2 ssse3 sdbg fma cx16 xtpr pdcm pcid sse4_1 sse4_2 x2apic movbe popcnt tsc_deadline_timer aes xsave avx f16c rdrand lahf_lm abm 3dnowprefetch epb intel_pt tpr_shadow vnmi flexpriority ept vpid fsgsbase tsc_adjust bmi1 avx2 smep bmi2 erms invpcid rdseed adx smap xsaveopt dtherm ida arat pln pts
bugs		:
bogomips	: 4389.32
clflush size	: 64
cache_alignment	: 64
address sizes	: 39 bits physical, 48 bits virtual
power management:



Memory: 4k page, physical 8084688k(3251504k free), swap 12000252k(10794604k free)

vm_info: OpenJDK 64-Bit Server VM (25.121-b13) for linux-amd64 JRE (1.8.0_121-8u121-b13-0ubuntu1.16.04.2-b13), built on Jan 23 2017 15:51:29 by "buildd" with gcc 5.4.0 20160609

time: Sat Apr 15 19:11:02 2017
elapsed time: 2381 seconds (0d 0h 39m 41s)

