#
# A fatal error has been detected by the Java Runtime Environment:
#
#  SIGSEGV (0xb) at pc=0x00007f8f601fab0a, pid=13228, tid=0x00007f8f603e7700
#
# JRE version: OpenJDK Runtime Environment (8.0_121-b13) (build 1.8.0_121-8u121-b13-0ubuntu1.16.04.2-b13)
# Java VM: OpenJDK 64-Bit Server VM (25.121-b13 mixed mode linux-amd64 compressed oops)
# Problematic frame:
# C  [ld-linux-x86-64.so.2+0x9b0a]
#
# Failed to write core dump. Core dumps have been disabled. To enable core dumping, try "ulimit -c unlimited" before starting Java again
#
# If you would like to submit a bug report, please visit:
#   http://bugreport.java.com/bugreport/crash.jsp
# The crash happened outside the Java Virtual Machine in native code.
# See problematic frame for where to report the bug.
#

---------------  T H R E A D  ---------------

Current thread (0x00007f8f5800d800):  JavaThread "main" [_thread_in_native, id=13230, stack(0x00007f8f602e7000,0x00007f8f603e8000)]

siginfo: si_signo: 11 (SIGSEGV), si_code: 1 (SEGV_MAPERR), si_addr: 0x000000000000f214

Registers:
RAX=0x0000000000000517, RBX=0x0000000000000517, RCX=0x0000000000000002, RDX=0x0000000000000000
RSP=0x00007f8f603e56f0, RBP=0x00007f8f587f7010, RSI=0x0000000000000000, RDI=0x00007f8f588b9a50
R8 =0x0000000000000000, R9 =0x000000000000f210, R10=0x00007f8f60417040, R11=0x00007f8f396b21b4
R12=0x00000000000077e8, R13=0x0000000000017748, R14=0x00007f8f396b21b4, R15=0x000000009b3105f2
RIP=0x00007f8f601fab0a, EFLAGS=0x0000000000010206, CSGSFS=0x0000000000000033, ERR=0x0000000000000004
  TRAPNO=0x000000000000000e

Top of Stack: (sp=0x00007f8f603e56f0)
0x00007f8f603e56f0:   00007f8f603e5720 0000000000000517
0x00007f8f603e5700:   00007f8f587f7010 00000000000077e8
0x00007f8f603e5710:   0000000000017748 00007f8f601fb47b
0x00007f8f603e5720:   0000000000000517 0000000000017748
0x00007f8f603e5730:   00007f8f587f7010 00007f8f603e57d8
0x00007f8f603e5740:   00007f8f603e57d4 00007f8f5800e118
0x00007f8f603e5750:   00007f8f5844b030 00007f8f588b9a50
0x00007f8f603e5760:   0000000000000000 00007f8f603e57d8
0x00007f8f603e5770:   000000009b3105f2 00000000026cc417
0x00007f8f603e5780:   00007f8f00000032 00007f8f603e58b0
0x00007f8f603e5790:   0000000000017748 00000000000077e8
0x00007f8f603e57a0:   00007f8f603e57d4 00007f8f603e58a0
0x00007f8f603e57b0:   00007f8f58826820 00007f8f00000000
0x00007f8f603e57c0:   0000000000000005 00007f8f587fafbe
0x00007f8f603e57d0:   00000000603e60d6 0000000000000000
0x00007f8f603e57e0:   00007f8f603e60c0 00007f8f587f7398
0x00007f8f603e57f0:   00007f8f603e5940 0000000000000000
0x00007f8f603e5800:   0000000000000000 00007f8f587f7010
0x00007f8f603e5810:   00007f8f603e5988 00007f8f601fb94f
0x00007f8f603e5820:   0000000000000000 0000000000000000
0x00007f8f603e5830:   0000000000000002 0000000000000000
0x00007f8f603e5840:   0000000000000000 00007f8f587f7010
0x00007f8f603e5850:   00007f8f603e6120 00007f8f603e6040
0x00007f8f603e5860:   00007f8f5844b030 0000000000000000
0x00007f8f603e5870:   00007f8f587f7398 00007f8f603e58b0
0x00007f8f603e5880:   00000000603e5920 00007f8f603e58a0
0x00007f8f603e5890:   000000009b3105f2 00007f8f588b9a50
0x00007f8f603e58a0:   00000000ffffffff f4cacd6e9b3b0100
0x00007f8f603e58b0:   0000000000000000 0000000000000000
0x00007f8f603e58c0:   00007f8f602442f0 00007f8f5ee24154
0x00007f8f603e58d0:   00007f8f603e5920 00007f8f399ed430
0x00007f8f603e58e0:   00007f8f603e5900 00007f8f5eceba65 

Instructions: (pc=0x00007f8f601fab0a)
0x00007f8f601faaea:   ff ff e9 d5 f9 ff ff 66 2e 0f 1f 84 00 00 00 00
0x00007f8f601faafa:   00 0f 1f 44 00 00 41 55 41 54 55 53 48 83 ec 08
0x00007f8f601fab0a:   41 0f b6 41 04 4c 8b 64 24 40 83 e0 0f 49 83 79
0x00007f8f601fab1a:   08 00 75 08 3c 06 0f 85 01 01 00 00 45 31 d2 66 

Register to memory mapping:

RAX=0x0000000000000517 is an unknown value
RBX=0x0000000000000517 is an unknown value
RCX=0x0000000000000002 is an unknown value
RDX=0x0000000000000000 is an unknown value
RSP=0x00007f8f603e56f0 is pointing into the stack for thread: 0x00007f8f5800d800
RBP=0x00007f8f587f7010 is an unknown value
RSI=0x0000000000000000 is an unknown value
RDI=0x00007f8f588b9a50 is an unknown value
R8 =0x0000000000000000 is an unknown value
R9 =0x000000000000f210 is an unknown value
R10=0x00007f8f60417040: _rtld_global+0 in /lib64/ld-linux-x86-64.so.2 at 0x00007f8f601f1000
R11=
[error occurred during error reporting (printing register info), id 0xb]

Stack: [0x00007f8f602e7000,0x00007f8f603e8000],  sp=0x00007f8f603e56f0,  free space=1017k
Native frames: (J=compiled Java code, j=interpreted, Vv=VM code, C=native code)
C  [ld-linux-x86-64.so.2+0x9b0a]

Java frames: (J=compiled Java code, j=interpreted, Vv=VM code)
j  java.lang.ClassLoader$NativeLibrary.find(Ljava/lang/String;)J+0
j  java.lang.ClassLoader.findNative(Ljava/lang/ClassLoader;Ljava/lang/String;)J+49
v  ~StubRoutines::call_stub
j  fr.irisa.cairn.jnimap.isl.jni.ISLNative.isl_set_get_tuple_name(J)Ljava/lang/String;+0
j  fr.irisa.cairn.jnimap.isl.jni.JNIISLSet.getTupleName()Ljava/lang/String;+10
j  org.polymodel.isl.factory.ISLNativeBinder.islSet(Lfr/irisa/cairn/jnimap/isl/jni/JNIISLSet;Ljava/util/List;Ljava/util/List;)Lorg/polymodel/isl/ISLSet;+158
j  org.polymodel.isl.factory.ISLNativeBinder.createSetFromIslString(Ljava/lang/String;Ljava/util/List;Ljava/util/List;)Lorg/polymodel/isl/ISLSet;+6
j  org.polymodel.polyhedralIR.factory.PolyhedralIRUtility.parseConstraintsAndMapToMainDimensions(Ljava/util/List;Ljava/util/List;Ljava/util/List;)Lorg/polymodel/algebra/IntConstraintSystem;+201
j  org.polymodel.polyhedralIR.factory.PolyhedralIRUtility.polymodelDomainUnion(Ljava/util/List;Ljava/util/List;Ljava/util/List;)Lorg/polymodel/Domain;+69
j  org.polymodel.polyhedralIR.factory.PolyhedralIRUtility.parseParameterDomainUnion(Ljava/util/List;Ljava/util/List;)Lorg/polymodel/polyhedralIR/ParameterDomain;+62
j  edu.csu.melange.alphaz.mde.core.AlphabetsToPolyhedralIR.parseParameterDomain(Ledu/csu/melange/alphabets/xtext/alphabets/ADomain;)Lorg/polymodel/polyhedralIR/ParameterDomain;+119
j  edu.csu.melange.alphaz.mde.core.AlphabetsToPolyhedralIR.inAProgram(Ledu/csu/melange/alphabets/xtext/alphabets/AProgram;)V+58
j  edu.csu.melange.alphabets.xtext.alphabets.impl.AlphabetsDepthFirstVisitorImpl.visitAProgram(Ledu/csu/melange/alphabets/xtext/alphabets/AProgram;)V+2
j  edu.csu.melange.alphabets.xtext.alphabets.impl.AProgramImpl.accept(Ledu/csu/melange/alphabets/xtext/alphabets/AlphabetsVisitor;)V+2
j  edu.csu.melange.alphaz.mde.core.AlphabetsToPolyhedralIR.readAlphabets(Ljava/lang/String;)Ledu/csu/melange/alphaz/mde/core/AlphabetsParseResult;+15
j  alphaz.mde.Basic.ReadAlphabets(Ljava/lang/String;)Lorg/polymodel/polyhedralIR/Program;+1
j  RCPConsole.main([Ljava/lang/String;)V+26
v  ~StubRoutines::call_stub

---------------  P R O C E S S  ---------------

Java Threads: ( => current thread )
  0x00007f8f585c4800 JavaThread "com.google.inject.internal.util.$Finalizer" daemon [_thread_blocked, id=13297, stack(0x00007f8f39f33000,0x00007f8f3a034000)]
  0x00007f8f5847b000 JavaThread "EMF Reference Cleaner" daemon [_thread_blocked, id=13294, stack(0x00007f8f3a234000,0x00007f8f3a335000)]
  0x00007f8f580bc800 JavaThread "Service Thread" daemon [_thread_blocked, id=13246, stack(0x00007f8f3a813000,0x00007f8f3a914000)]
  0x00007f8f580b5000 JavaThread "C1 CompilerThread2" daemon [_thread_blocked, id=13245, stack(0x00007f8f3a914000,0x00007f8f3aa15000)]
  0x00007f8f580b3800 JavaThread "C2 CompilerThread1" daemon [_thread_in_native, id=13244, stack(0x00007f8f3aa15000,0x00007f8f3ab16000)]
  0x00007f8f580b0800 JavaThread "C2 CompilerThread0" daemon [_thread_blocked, id=13243, stack(0x00007f8f3ab16000,0x00007f8f3ac17000)]
  0x00007f8f580ae800 JavaThread "Signal Dispatcher" daemon [_thread_blocked, id=13242, stack(0x00007f8f3ac17000,0x00007f8f3ad18000)]
  0x00007f8f58087000 JavaThread "Finalizer" daemon [_thread_blocked, id=13241, stack(0x00007f8f3aff0000,0x00007f8f3b0f1000)]
  0x00007f8f58082800 JavaThread "Reference Handler" daemon [_thread_blocked, id=13240, stack(0x00007f8f3b0f1000,0x00007f8f3b1f2000)]
=>0x00007f8f5800d800 JavaThread "main" [_thread_in_native, id=13230, stack(0x00007f8f602e7000,0x00007f8f603e8000)]

Other Threads:
  0x00007f8f5807b000 VMThread [stack: 0x00007f8f3b1f2000,0x00007f8f3b2f3000] [id=13239]
  0x00007f8f580bf000 WatcherThread [stack: 0x00007f8f3a712000,0x00007f8f3a813000] [id=13247]

VM state:not at safepoint (normal execution)

VM Mutex/Monitor currently owned by a thread: None

Heap:
 PSYoungGen      total 68608K, used 21757K [0x00000000d6e00000, 0x00000000df400000, 0x0000000100000000)
  eden space 63488K, 26% used [0x00000000d6e00000,0x00000000d7e436c0,0x00000000dac00000)
  from space 5120K, 99% used [0x00000000dac00000,0x00000000db0fc010,0x00000000db100000)
  to   space 5120K, 0% used [0x00000000def00000,0x00000000def00000,0x00000000df400000)
 ParOldGen       total 84992K, used 10867K [0x0000000084a00000, 0x0000000089d00000, 0x00000000d6e00000)
  object space 84992K, 12% used [0x0000000084a00000,0x000000008549cf48,0x0000000089d00000)
 Metaspace       used 17444K, capacity 17592K, committed 17792K, reserved 1064960K
  class space    used 2282K, capacity 2332K, committed 2432K, reserved 1048576K

Card table byte_map: [0x00007f8f5c5d5000,0x00007f8f5c9b1000] byte_map_base: 0x00007f8f5c1b0000

Marking Bits: (ParMarkBitMap*) 0x00007f8f5f5c1220
 Begin Bits: [0x00007f8f40250000, 0x00007f8f42128000)
 End Bits:   [0x00007f8f42128000, 0x00007f8f44000000)

Polling page: 0x00007f8f60413000

CodeCache: size=245760Kb used=6117Kb max_used=6117Kb free=239642Kb
 bounds [0x00007f8f49000000, 0x00007f8f49600000, 0x00007f8f58000000]
 total_blobs=2208 nmethods=1824 adapters=297
 compilation: enabled

Compilation events (10 events):
Event: 6.605 Thread 0x00007f8f580b5000 1822       3       org.eclipse.emf.ecore.impl.EClassImpl::getEAllAttributes (262 bytes)
Event: 6.612 Thread 0x00007f8f580b5000 nmethod 1822 0x00007f8f495e0f10 code [0x00007f8f495e16c0, 0x00007f8f495e6df8]
Event: 6.612 Thread 0x00007f8f580b5000 1823       3       org.eclipse.emf.ecore.impl.EClassImpl::getEAllOperations (235 bytes)
Event: 6.623 Thread 0x00007f8f580b5000 nmethod 1823 0x00007f8f495eae10 code [0x00007f8f495eb4e0, 0x00007f8f495efe28]
Event: 6.623 Thread 0x00007f8f580b5000 1826       3       java.lang.ThreadLocal$ThreadLocalMap::cleanSomeSlots (60 bytes)
Event: 6.624 Thread 0x00007f8f580b5000 nmethod 1826 0x00007f8f495f3390 code [0x00007f8f495f3520, 0x00007f8f495f3968]
Event: 6.624 Thread 0x00007f8f580b5000 1824       3       org.eclipse.emf.ecore.impl.EClassImpl::getEAllSuperTypes (145 bytes)
Event: 6.627 Thread 0x00007f8f580b5000 nmethod 1824 0x00007f8f495f3b50 code [0x00007f8f495f4000, 0x00007f8f495f6db8]
Event: 6.627 Thread 0x00007f8f580b5000 1825       3       org.eclipse.emf.ecore.impl.EClassImpl::getEAllGenericSuperTypes (180 bytes)
Event: 6.643 Thread 0x00007f8f580b5000 nmethod 1825 0x00007f8f495f8e10 code [0x00007f8f495f9300, 0x00007f8f495fc2f8]

GC Heap History (6 events):
Event: 1.816 GC heap before
{Heap before GC invocations=1 (full 0):
 PSYoungGen      total 36864K, used 31744K [0x00000000d6e00000, 0x00000000d9700000, 0x0000000100000000)
  eden space 31744K, 100% used [0x00000000d6e00000,0x00000000d8d00000,0x00000000d8d00000)
  from space 5120K, 0% used [0x00000000d9200000,0x00000000d9200000,0x00000000d9700000)
  to   space 5120K, 0% used [0x00000000d8d00000,0x00000000d8d00000,0x00000000d9200000)
 ParOldGen       total 84992K, used 0K [0x0000000084a00000, 0x0000000089d00000, 0x00000000d6e00000)
  object space 84992K, 0% used [0x0000000084a00000,0x0000000084a00000,0x0000000089d00000)
 Metaspace       used 7231K, capacity 7330K, committed 7552K, reserved 1056768K
  class space    used 827K, capacity 883K, committed 896K, reserved 1048576K
Event: 1.846 GC heap after
Heap after GC invocations=1 (full 0):
 PSYoungGen      total 36864K, used 5094K [0x00000000d6e00000, 0x00000000db600000, 0x0000000100000000)
  eden space 31744K, 0% used [0x00000000d6e00000,0x00000000d6e00000,0x00000000d8d00000)
  from space 5120K, 99% used [0x00000000d8d00000,0x00000000d91f99f0,0x00000000d9200000)
  to   space 5120K, 0% used [0x00000000db100000,0x00000000db100000,0x00000000db600000)
 ParOldGen       total 84992K, used 998K [0x0000000084a00000, 0x0000000089d00000, 0x00000000d6e00000)
  object space 84992K, 1% used [0x0000000084a00000,0x0000000084af9958,0x0000000089d00000)
 Metaspace       used 7231K, capacity 7330K, committed 7552K, reserved 1056768K
  class space    used 827K, capacity 883K, committed 896K, reserved 1048576K
}
Event: 3.453 GC heap before
{Heap before GC invocations=2 (full 0):
 PSYoungGen      total 36864K, used 36838K [0x00000000d6e00000, 0x00000000db600000, 0x0000000100000000)
  eden space 31744K, 100% used [0x00000000d6e00000,0x00000000d8d00000,0x00000000d8d00000)
  from space 5120K, 99% used [0x00000000d8d00000,0x00000000d91f99f0,0x00000000d9200000)
  to   space 5120K, 0% used [0x00000000db100000,0x00000000db100000,0x00000000db600000)
 ParOldGen       total 84992K, used 998K [0x0000000084a00000, 0x0000000089d00000, 0x00000000d6e00000)
  object space 84992K, 1% used [0x0000000084a00000,0x0000000084af9958,0x0000000089d00000)
 Metaspace       used 10319K, capacity 10440K, committed 10624K, reserved 1058816K
  class space    used 1283K, capacity 1300K, committed 1408K, reserved 1048576K
Event: 3.495 GC heap after
Heap after GC invocations=2 (full 0):
 PSYoungGen      total 68608K, used 5117K [0x00000000d6e00000, 0x00000000db600000, 0x0000000100000000)
  eden space 63488K, 0% used [0x00000000d6e00000,0x00000000d6e00000,0x00000000dac00000)
  from space 5120K, 99% used [0x00000000db100000,0x00000000db5ff670,0x00000000db600000)
  to   space 5120K, 0% used [0x00000000dac00000,0x00000000dac00000,0x00000000db100000)
 ParOldGen       total 84992K, used 4518K [0x0000000084a00000, 0x0000000089d00000, 0x00000000d6e00000)
  object space 84992K, 5% used [0x0000000084a00000,0x0000000084e69be8,0x0000000089d00000)
 Metaspace       used 10319K, capacity 10440K, committed 10624K, reserved 1058816K
  class space    used 1283K, capacity 1300K, committed 1408K, reserved 1048576K
}
Event: 5.987 GC heap before
{Heap before GC invocations=3 (full 0):
 PSYoungGen      total 68608K, used 68605K [0x00000000d6e00000, 0x00000000db600000, 0x0000000100000000)
  eden space 63488K, 100% used [0x00000000d6e00000,0x00000000dac00000,0x00000000dac00000)
  from space 5120K, 99% used [0x00000000db100000,0x00000000db5ff670,0x00000000db600000)
  to   space 5120K, 0% used [0x00000000dac00000,0x00000000dac00000,0x00000000db100000)
 ParOldGen       total 84992K, used 4518K [0x0000000084a00000, 0x0000000089d00000, 0x00000000d6e00000)
  object space 84992K, 5% used [0x0000000084a00000,0x0000000084e69be8,0x0000000089d00000)
 Metaspace       used 15102K, capacity 15282K, committed 15616K, reserved 1062912K
  class space    used 1974K, capacity 2011K, committed 2048K, reserved 1048576K
Event: 6.014 GC heap after
Heap after GC invocations=3 (full 0):
 PSYoungGen      total 68608K, used 5104K [0x00000000d6e00000, 0x00000000df400000, 0x0000000100000000)
  eden space 63488K, 0% used [0x00000000d6e00000,0x00000000d6e00000,0x00000000dac00000)
  from space 5120K, 99% used [0x00000000dac00000,0x00000000db0fc010,0x00000000db100000)
  to   space 5120K, 0% used [0x00000000def00000,0x00000000def00000,0x00000000df400000)
 ParOldGen       total 84992K, used 10867K [0x0000000084a00000, 0x0000000089d00000, 0x00000000d6e00000)
  object space 84992K, 12% used [0x0000000084a00000,0x000000008549cf48,0x0000000089d00000)
 Metaspace       used 15102K, capacity 15282K, committed 15616K, reserved 1062912K
  class space    used 1974K, capacity 2011K, committed 2048K, reserved 1048576K
}

Deoptimization events (10 events):
Event: 5.759 Thread 0x00007f8f5800d800 Uncommon trap: reason=class_check action=maybe_recompile pc=0x00007f8f49511f10 method=org.eclipse.emf.ecore.impl.MinimalEObjectImpl.eDirectResource()Lorg/eclipse/emf/ecore/resource/Resource$Internal; @ 7
Event: 5.761 Thread 0x00007f8f5800d800 Uncommon trap: reason=class_check action=maybe_recompile pc=0x00007f8f49511f10 method=org.eclipse.emf.ecore.impl.MinimalEObjectImpl.eDirectResource()Lorg/eclipse/emf/ecore/resource/Resource$Internal; @ 7
Event: 5.766 Thread 0x00007f8f5800d800 Uncommon trap: reason=class_check action=maybe_recompile pc=0x00007f8f49511f10 method=org.eclipse.emf.ecore.impl.MinimalEObjectImpl.eDirectResource()Lorg/eclipse/emf/ecore/resource/Resource$Internal; @ 7
Event: 6.044 Thread 0x00007f8f5800d800 Uncommon trap: reason=bimorphic action=maybe_recompile pc=0x00007f8f493869f4 method=java.util.Hashtable.addEntry(ILjava/lang/Object;Ljava/lang/Object;I)V @ 38
Event: 6.218 Thread 0x00007f8f5800d800 Uncommon trap: reason=class_check action=maybe_recompile pc=0x00007f8f4956ca04 method=org.eclipse.emf.ecore.impl.BasicEObjectImpl.eDerivedStructuralFeatureID(Lorg/eclipse/emf/ecore/EStructuralFeature;)I @ 1
Event: 6.219 Thread 0x00007f8f5800d800 Uncommon trap: reason=class_check action=maybe_recompile pc=0x00007f8f4956ca04 method=org.eclipse.emf.ecore.impl.BasicEObjectImpl.eDerivedStructuralFeatureID(Lorg/eclipse/emf/ecore/EStructuralFeature;)I @ 1
Event: 6.226 Thread 0x00007f8f5800d800 Uncommon trap: reason=class_check action=maybe_recompile pc=0x00007f8f4956ca04 method=org.eclipse.emf.ecore.impl.BasicEObjectImpl.eDerivedStructuralFeatureID(Lorg/eclipse/emf/ecore/EStructuralFeature;)I @ 1
Event: 6.227 Thread 0x00007f8f5800d800 Uncommon trap: reason=class_check action=maybe_recompile pc=0x00007f8f4956ca04 method=org.eclipse.emf.ecore.impl.BasicEObjectImpl.eDerivedStructuralFeatureID(Lorg/eclipse/emf/ecore/EStructuralFeature;)I @ 1
Event: 6.263 Thread 0x00007f8f5800d800 Uncommon trap: reason=unstable_if action=reinterpret pc=0x00007f8f4955ce54 method=org.eclipse.emf.ecore.impl.MinimalEObjectImpl.fieldIndex(I)I @ 13
Event: 6.267 Thread 0x00007f8f5800d800 Uncommon trap: reason=unstable_if action=reinterpret pc=0x00007f8f494d9500 method=org.eclipse.emf.ecore.impl.MinimalEObjectImpl.fieldIndex(I)I @ 13

Internal exceptions (10 events):
Event: 3.279 Thread 0x00007f8f5800d800 Exception <a 'java/lang/ArrayIndexOutOfBoundsException'> (0x00000000d86d65f0) thrown at [/build/openjdk-8-YiEakL/openjdk-8-8u121-b13/src/hotspot/src/share/vm/runtime/sharedRuntime.cpp, line 605]
Event: 3.280 Thread 0x00007f8f5800d800 Exception <a 'java/lang/ArrayIndexOutOfBoundsException'> (0x00000000d86d85a0) thrown at [/build/openjdk-8-YiEakL/openjdk-8-8u121-b13/src/hotspot/src/share/vm/runtime/sharedRuntime.cpp, line 605]
Event: 3.280 Thread 0x00007f8f5800d800 Exception <a 'java/lang/ArrayIndexOutOfBoundsException'> (0x00000000d86d9d10) thrown at [/build/openjdk-8-YiEakL/openjdk-8-8u121-b13/src/hotspot/src/share/vm/runtime/sharedRuntime.cpp, line 605]
Event: 3.284 Thread 0x00007f8f5800d800 Exception <a 'java/lang/ArrayIndexOutOfBoundsException'> (0x00000000d86e8668) thrown at [/build/openjdk-8-YiEakL/openjdk-8-8u121-b13/src/hotspot/src/share/vm/runtime/sharedRuntime.cpp, line 605]
Event: 3.286 Thread 0x00007f8f5800d800 Exception <a 'java/lang/ArrayIndexOutOfBoundsException'> (0x00000000d87083a0) thrown at [/build/openjdk-8-YiEakL/openjdk-8-8u121-b13/src/hotspot/src/share/vm/runtime/sharedRuntime.cpp, line 605]
Event: 3.289 Thread 0x00007f8f5800d800 Exception <a 'java/lang/ArrayIndexOutOfBoundsException'> (0x00000000d874be00) thrown at [/build/openjdk-8-YiEakL/openjdk-8-8u121-b13/src/hotspot/src/share/vm/runtime/sharedRuntime.cpp, line 605]
Event: 3.290 Thread 0x00007f8f5800d800 Exception <a 'java/lang/ArrayIndexOutOfBoundsException'> (0x00000000d87673e8) thrown at [/build/openjdk-8-YiEakL/openjdk-8-8u121-b13/src/hotspot/src/share/vm/runtime/sharedRuntime.cpp, line 605]
Event: 3.299 Thread 0x00007f8f5800d800 Exception <a 'java/lang/ArrayIndexOutOfBoundsException'> (0x00000000d879a5d0) thrown at [/build/openjdk-8-YiEakL/openjdk-8-8u121-b13/src/hotspot/src/share/vm/runtime/sharedRuntime.cpp, line 605]
Event: 5.586 Thread 0x00007f8f5800d800 Implicit null exception at 0x00007f8f4921cbf3 to 0x00007f8f4921cfc5
Event: 6.075 Thread 0x00007f8f5800d800 Exception <a 'java/io/FileNotFoundException'> (0x00000000d702f468) thrown at [/build/openjdk-8-YiEakL/openjdk-8-8u121-b13/src/hotspot/src/share/vm/prims/jni.cpp, line 709]

Events (10 events):
Event: 6.620 loading class org/eclipse/emf/common/util/ECollections
Event: 6.620 loading class org/eclipse/emf/common/util/ECollections done
Event: 6.621 loading class org/eclipse/emf/common/util/ECollections$EmptyUnmodifiableEList
Event: 6.621 loading class org/eclipse/emf/common/util/ECollections$EmptyUnmodifiableEList done
Event: 6.621 loading class org/eclipse/emf/common/util/ECollections$BasicEmptyUnmodifiableEList
Event: 6.621 loading class org/eclipse/emf/common/util/ECollections$BasicEmptyUnmodifiableEList done
Event: 6.622 loading class org/eclipse/emf/common/util/ECollections$BasicEmptyUnmodifiableEList$1
Event: 6.622 loading class org/eclipse/emf/common/util/ECollections$BasicEmptyUnmodifiableEList$1 done
Event: 6.623 loading class org/eclipse/emf/common/util/ECollections$EmptyUnmodifiableEMap
Event: 6.623 loading class org/eclipse/emf/common/util/ECollections$EmptyUnmodifiableEMap done


Dynamic libraries:
00400000-00401000 r-xp 00000000 08:09 7087821                            /usr/lib/jvm/java-8-openjdk-amd64/jre/bin/java
00600000-00601000 r--p 00000000 08:09 7087821                            /usr/lib/jvm/java-8-openjdk-amd64/jre/bin/java
00601000-00602000 rw-p 00001000 08:09 7087821                            /usr/lib/jvm/java-8-openjdk-amd64/jre/bin/java
01020000-01041000 rw-p 00000000 00:00 0                                  [heap]
84a00000-89d00000 rw-p 00000000 00:00 0 
89d00000-d6e00000 ---p 00000000 00:00 0 
d6e00000-df400000 rw-p 00000000 00:00 0 
df400000-100000000 ---p 00000000 00:00 0 
100000000-100260000 rw-p 00000000 00:00 0 
100260000-140000000 ---p 00000000 00:00 0 
7f8f04000000-7f8f04021000 rw-p 00000000 00:00 0 
7f8f04021000-7f8f08000000 ---p 00000000 00:00 0 
7f8f08000000-7f8f08021000 rw-p 00000000 00:00 0 
7f8f08021000-7f8f0c000000 ---p 00000000 00:00 0 
7f8f0c000000-7f8f0c021000 rw-p 00000000 00:00 0 
7f8f0c021000-7f8f10000000 ---p 00000000 00:00 0 
7f8f10000000-7f8f10021000 rw-p 00000000 00:00 0 
7f8f10021000-7f8f14000000 ---p 00000000 00:00 0 
7f8f14000000-7f8f14962000 rw-p 00000000 00:00 0 
7f8f14962000-7f8f18000000 ---p 00000000 00:00 0 
7f8f18000000-7f8f18800000 rw-p 00000000 00:00 0 
7f8f18800000-7f8f1c000000 ---p 00000000 00:00 0 
7f8f1c000000-7f8f1c021000 rw-p 00000000 00:00 0 
7f8f1c021000-7f8f20000000 ---p 00000000 00:00 0 
7f8f20000000-7f8f2031a000 rw-p 00000000 00:00 0 
7f8f2031a000-7f8f24000000 ---p 00000000 00:00 0 
7f8f24000000-7f8f24021000 rw-p 00000000 00:00 0 
7f8f24021000-7f8f28000000 ---p 00000000 00:00 0 
7f8f28000000-7f8f28021000 rw-p 00000000 00:00 0 
7f8f28021000-7f8f2c000000 ---p 00000000 00:00 0 
7f8f2c000000-7f8f2c021000 rw-p 00000000 00:00 0 
7f8f2c021000-7f8f30000000 ---p 00000000 00:00 0 
7f8f30000000-7f8f30021000 rw-p 00000000 00:00 0 
7f8f30021000-7f8f34000000 ---p 00000000 00:00 0 
7f8f34000000-7f8f34021000 rw-p 00000000 00:00 0 
7f8f34021000-7f8f38000000 ---p 00000000 00:00 0 
7f8f38e62000-7f8f390c8000 rw-p 00000000 00:00 0 
7f8f390c8000-7f8f3913d000 r-xp 00000000 08:09 27656266                   /home/hrishi/workspace/Console/.jnimap.temp.linux_64/libgmp.so.10
7f8f3913d000-7f8f3933c000 ---p 00075000 08:09 27656266                   /home/hrishi/workspace/Console/.jnimap.temp.linux_64/libgmp.so.10
7f8f3933c000-7f8f3933e000 rw-p 00074000 08:09 27656266                   /home/hrishi/workspace/Console/.jnimap.temp.linux_64/libgmp.so.10
7f8f3933e000-7f8f394a6000 r-xp 00000000 08:09 27656265                   /home/hrishi/workspace/Console/.jnimap.temp.linux_64/libisl.so.13
7f8f394a6000-7f8f396a5000 ---p 00168000 08:09 27656265                   /home/hrishi/workspace/Console/.jnimap.temp.linux_64/libisl.so.13
7f8f396a5000-7f8f396ac000 rw-p 00167000 08:09 27656265                   /home/hrishi/workspace/Console/.jnimap.temp.linux_64/libisl.so.13
7f8f396ac000-7f8f39731000 r-xp 00000000 08:09 27656267                   /home/hrishi/workspace/Console/.jnimap.temp.linux_64/linux_64_libjniisl.so
7f8f39731000-7f8f39930000 ---p 00085000 08:09 27656267                   /home/hrishi/workspace/Console/.jnimap.temp.linux_64/linux_64_libjniisl.so
7f8f39930000-7f8f39933000 rw-p 00084000 08:09 27656267                   /home/hrishi/workspace/Console/.jnimap.temp.linux_64/linux_64_libjniisl.so
7f8f39933000-7f8f39a33000 rw-p 00000000 00:00 0 
7f8f39a33000-7f8f39b33000 ---p 00000000 00:00 0 
7f8f39b33000-7f8f39d33000 rw-p 00000000 00:00 0 
7f8f39d33000-7f8f39f33000 rw-p 00000000 00:00 0 
7f8f39f33000-7f8f39f36000 ---p 00000000 00:00 0 
7f8f39f36000-7f8f3a234000 rw-p 00000000 00:00 0 
7f8f3a234000-7f8f3a237000 ---p 00000000 00:00 0 
7f8f3a237000-7f8f3a335000 rw-p 00000000 00:00 0 
7f8f3a40f000-7f8f3a412000 r--s 00015000 08:09 7085469                    /usr/lib/jvm/java-8-openjdk-amd64/jre/lib/jce.jar
7f8f3a412000-7f8f3a416000 r--s 0009a000 08:09 7085467                    /usr/lib/jvm/java-8-openjdk-amd64/jre/lib/jsse.jar
7f8f3a416000-7f8f3a419000 r--s 00014000 08:09 26516293                   /home/hrishi/.eclipse/org.eclipse.platform_4.6.0_1473617060_linux_gtk_x86_64/plugins/fr.irisa.r2d2.parser.runtime_1.0.0.201612051604.jar
7f8f3a419000-7f8f3a421000 r--s 0003c000 08:09 26516292                   /home/hrishi/.eclipse/org.eclipse.platform_4.6.0_1473617060_linux_gtk_x86_64/plugins/fr.irisa.r2d2.gecos.framework_1.0.0.201612051604.jar
7f8f3a421000-7f8f3a42b000 r--s 0006c000 08:09 26516357                   /home/hrishi/.eclipse/org.eclipse.platform_4.6.0_1473617060_linux_gtk_x86_64/plugins/org.eclipse.xtext.common.types_2.10.0.v201605250459.jar
7f8f3a42b000-7f8f3a45b000 r--s 0044d000 08:09 26516369                   /home/hrishi/.eclipse/org.eclipse.platform_4.6.0_1473617060_linux_gtk_x86_64/plugins/org.eclipse.xtext.xbase_2.10.0.v201605250459.jar
7f8f3a45b000-7f8f3a45e000 r--s 0000f000 08:09 26516352                   /home/hrishi/.eclipse/org.eclipse.platform_4.6.0_1473617060_linux_gtk_x86_64/plugins/org.eclipse.xtend.lib.macro_2.10.0.v201605250459.jar
7f8f3a45e000-7f8f3a462000 r--s 00035000 08:09 26516351                   /home/hrishi/.eclipse/org.eclipse.platform_4.6.0_1473617060_linux_gtk_x86_64/plugins/org.eclipse.xtend.lib_2.10.0.v201605250459.jar
7f8f3a462000-7f8f3a463000 r--s 00001000 08:09 26516354                   /home/hrishi/.eclipse/org.eclipse.platform_4.6.0_1473617060_linux_gtk_x86_64/plugins/org.eclipse.xtend2.lib_2.10.0.v201605250459.jar
7f8f3a463000-7f8f3a469000 r--s 0003f000 08:09 26516368                   /home/hrishi/.eclipse/org.eclipse.platform_4.6.0_1473617060_linux_gtk_x86_64/plugins/org.eclipse.xtext.util_2.10.0.v201605250459.jar
7f8f3a469000-7f8f3a49a000 r--s 0024b000 08:09 26516355                   /home/hrishi/.eclipse/org.eclipse.platform_4.6.0_1473617060_linux_gtk_x86_64/plugins/org.eclipse.xtext_2.10.0.v201605250459.jar
7f8f3a49a000-7f8f3a4a2000 r--s 00061000 08:09 26516277                   /home/hrishi/.eclipse/org.eclipse.platform_4.6.0_1473617060_linux_gtk_x86_64/plugins/edu.csu.melange.alphabets_0.9.6.201612051604.jar
7f8f3a4a2000-7f8f3a4a3000 r--s 00008000 08:09 26516336                   /home/hrishi/.eclipse/org.eclipse.platform_4.6.0_1473617060_linux_gtk_x86_64/plugins/org.polymodel.scop.cgenerator2_1.0.0.201612051604.jar
7f8f3a4a3000-7f8f3a4a6000 r--s 00024000 08:09 26516337                   /home/hrishi/.eclipse/org.eclipse.platform_4.6.0_1473617060_linux_gtk_x86_64/plugins/org.polymodel.scop.dtiler_1.0.0.201612051604.jar
7f8f3a4a6000-7f8f3a4a7000 r--s 00001000 08:09 26516335                   /home/hrishi/.eclipse/org.eclipse.platform_4.6.0_1473617060_linux_gtk_x86_64/plugins/org.polymodel.scop.bridge.clast_1.0.0.201612051604.jar
7f8f3a4a7000-7f8f3a4ac000 r--s 0002a000 08:09 26516334                   /home/hrishi/.eclipse/org.eclipse.platform_4.6.0_1473617060_linux_gtk_x86_64/plugins/org.polymodel.scop_1.0.0.201612051604.jar
7f8f3a4ac000-7f8f3a4bf000 r--s 0012e000 08:09 26516300                   /home/hrishi/.eclipse/org.eclipse.platform_4.6.0_1473617060_linux_gtk_x86_64/plugins/org.polymodel.polyhedralIR.codegen_1.0.0.201612051604.jar
7f8f3a4bf000-7f8f3a4c2000 r--s 008e1000 08:09 26516287                   /home/hrishi/.eclipse/org.eclipse.platform_4.6.0_1473617060_linux_gtk_x86_64/plugins/fr.irisa.cairn.jnimap.cloog_1.0.0.201612051604.jar
7f8f3a4c2000-7f8f3a4c6000 r--s 00031000 08:09 26516341                   /home/hrishi/.eclipse/org.eclipse.platform_4.6.0_1473617060_linux_gtk_x86_64/plugins/org.antlr.runtime_3.2.0.v201101311130.jar
7f8f3a4c6000-7f8f3a4c7000 r--s 00011000 08:09 10748494                   /opt/eclipse/plugins/org.apache.commons.logging_1.1.1.v201101211721.jar
7f8f3a4c7000-7f8f3a4cf000 r--s 0005e000 08:09 10748531                   /opt/eclipse/plugins/org.apache.log4j_1.2.15.v201012070815.jar
7f8f3a4cf000-7f8f3a4d1000 r--s 00008000 08:09 26516346                   /home/hrishi/.eclipse/org.eclipse.platform_4.6.0_1473617060_linux_gtk_x86_64/plugins/org.eclipse.emf.mwe.utils_1.3.20.v201605261103.jar
7f8f3a4d1000-7f8f3a4d2000 r--s 00003000 08:09 26516348                   /home/hrishi/.eclipse/org.eclipse.platform_4.6.0_1473617060_linux_gtk_x86_64/plugins/org.eclipse.emf.mwe2.runtime_2.9.0.v201605261103.jar
7f8f3a4d2000-7f8f3a4d3000 r--s 0000b000 08:09 26516339                   /home/hrishi/.eclipse/org.eclipse.platform_4.6.0_1473617060_linux_gtk_x86_64/plugins/org.apache.commons.cli_1.2.0.v201404270220.jar
7f8f3a4d3000-7f8f3a4d9000 r--s 0002a000 08:09 26516345                   /home/hrishi/.eclipse/org.eclipse.platform_4.6.0_1473617060_linux_gtk_x86_64/plugins/org.eclipse.emf.mwe.core_1.3.20.v201605261103.jar
7f8f3a4d9000-7f8f3a4db000 r--s 00009000 08:09 26516279                   /home/hrishi/.eclipse/org.eclipse.platform_4.6.0_1473617060_linux_gtk_x86_64/plugins/edu.csu.melange.affineLattice_1.0.0.jar
7f8f3a4db000-7f8f3a4dd000 r--s 00000000 08:09 26516338                   /home/hrishi/.eclipse/org.eclipse.platform_4.6.0_1473617060_linux_gtk_x86_64/plugins/tom.mapping_1.0.0.201612051604.jar
7f8f3a4dd000-7f8f3a4e4000 r--s 0004d000 08:09 26516333                   /home/hrishi/.eclipse/org.eclipse.platform_4.6.0_1473617060_linux_gtk_x86_64/plugins/org.polymodel.prdg.scheduling_1.0.0.201612051604.jar
7f8f3a4e4000-7f8f3a4e7000 r--s 0001f000 08:09 26516370                   /home/hrishi/.eclipse/org.eclipse.platform_4.6.0_1473617060_linux_gtk_x86_64/plugins/org.eclipse.xtext.xbase.lib_2.10.0.v201605250459.jar
7f8f3a4e7000-7f8f3a4e9000 r--s 00004000 08:09 26516299                   /home/hrishi/.eclipse/org.eclipse.platform_4.6.0_1473617060_linux_gtk_x86_64/plugins/org.polymodel.matrix_1.0.0.201612051604.jar
7f8f3a4e9000-7f8f3a4eb000 r--s 00005000 08:09 26516332                   /home/hrishi/.eclipse/org.eclipse.platform_4.6.0_1473617060_linux_gtk_x86_64/plugins/org.polymodel.prdg.adapter_1.0.0.201612051604.jar
7f8f3a4eb000-7f8f3a4ed000 r--s 00009000 08:09 26516301                   /home/hrishi/.eclipse/org.eclipse.platform_4.6.0_1473617060_linux_gtk_x86_64/plugins/org.polymodel.prdg_1.0.0.201612051604.jar
7f8f3a4ed000-7f8f3a4ef000 r--s 00013000 08:09 26516297                   /home/hrishi/.eclipse/org.eclipse.platform_4.6.0_1473617060_linux_gtk_x86_64/plugins/org.polymodel.isl_1.0.0.201612051604.jar
7f8f3a4ef000-7f8f3a4f9000 r--s 000a4000 08:09 26516295                   /home/hrishi/.eclipse/org.eclipse.platform_4.6.0_1473617060_linux_gtk_x86_64/plugins/org.polymodel.algebra_1.0.0.201612051604.jar
7f8f3a4f9000-7f8f3a4fc000 r--s 0002b000 08:09 26516294                   /home/hrishi/.eclipse/org.eclipse.platform_4.6.0_1473617060_linux_gtk_x86_64/plugins/org.polymodel_1.0.0.201612051604.jar
7f8f3a4fc000-7f8f3a526000 r--s 001ff000 08:09 10749007                   /opt/eclipse/plugins/com.google.guava_15.0.0.v201403281430.jar
7f8f3a526000-7f8f3a527000 r--s 0000f000 08:09 28708338                   /home/hrishi/.eclipse/org.eclipse.platform_4.6.0_1473617060_linux_gtk_x86_64/plugins/fr.irisa.cairn.tools_1.0.0.201612051604/lib/javatuples-1.2.jar
7f8f3a527000-7f8f3a528000 r--s 0000b000 08:09 28708337                   /home/hrishi/.eclipse/org.eclipse.platform_4.6.0_1473617060_linux_gtk_x86_64/plugins/fr.irisa.cairn.tools_1.0.0.201612051604/lib/javatuples-1.2-sources.jar
7f8f3a528000-7f8f3a52b000 r--s 00037000 08:09 28708336                   /home/hrishi/.eclipse/org.eclipse.platform_4.6.0_1473617060_linux_gtk_x86_64/plugins/fr.irisa.cairn.tools_1.0.0.201612051604/lib/javatuples-1.2-javadoc.jar
7f8f3a52b000-7f8f3a530000 r--s 00b6c000 08:09 26516288                   /home/hrishi/.eclipse/org.eclipse.platform_4.6.0_1473617060_linux_gtk_x86_64/plugins/fr.irisa.cairn.jnimap.isl_2.1.0.201612051604.jar
7f8f3a530000-7f8f3a532000 r--s 00007000 08:09 26516286                   /home/hrishi/.eclipse/org.eclipse.platform_4.6.0_1473617060_linux_gtk_x86_64/plugins/fr.irisa.cairn.graph.guice_1.0.0.201612051604.jar
7f8f3a532000-7f8f3a534000 r--s 00009000 08:09 10748202                   /opt/eclipse/plugins/com.google.inject.multibindings_3.0.0.v201605172100.jar
7f8f3a534000-7f8f3a53f000 r--s 00077000 08:09 10748760                   /opt/eclipse/plugins/com.google.inject_3.0.0.v201605172100.jar
7f8f3a53f000-7f8f3a557000 r--s 0015b000 08:09 28061747                   /home/hrishi/.eclipse/org.eclipse.platform_4.6.0_1473617060_linux_gtk_x86_64/plugins/fr.irisa.cairn.graph_1.0.0.201612051604/lib/jgrapht-ext-0.9.1-uber.jar
7f8f3a557000-7f8f3a587000 rw-p 00000000 00:00 0 
7f8f3a587000-7f8f3a6b7000 r--s 010bc000 08:09 28708362                   /home/hrishi/.eclipse/org.eclipse.platform_4.6.0_1473617060_linux_gtk_x86_64/plugins/fr.irisa.cairn.eclipse.tom_2.10.0.201612051604/libs/aircube-bundle.jar
7f8f3a6b7000-7f8f3a6be000 r--s 00051000 08:09 10748503                   /opt/eclipse/plugins/org.eclipse.emf.common_2.12.0.v20160420-0247.jar
7f8f3a6be000-7f8f3a6d0000 r--s 00111000 08:09 10748217                   /opt/eclipse/plugins/org.eclipse.emf.ecore_2.12.0.v20160420-0247.jar
7f8f3a6d0000-7f8f3a712000 r--s 00398000 08:09 10748311                   /opt/eclipse/plugins/org.eclipse.ui.workbench_3.108.0.v20160602-1232.jar
7f8f3a712000-7f8f3a713000 ---p 00000000 00:00 0 
7f8f3a713000-7f8f3a813000 rw-p 00000000 00:00 0 
7f8f3a813000-7f8f3a816000 ---p 00000000 00:00 0 
7f8f3a816000-7f8f3a914000 rw-p 00000000 00:00 0 
7f8f3a914000-7f8f3a917000 ---p 00000000 00:00 0 
7f8f3a917000-7f8f3aa15000 rw-p 00000000 00:00 0 
7f8f3aa15000-7f8f3aa18000 ---p 00000000 00:00 0 
7f8f3aa18000-7f8f3ab16000 rw-p 00000000 00:00 0 
7f8f3ab16000-7f8f3ab19000 ---p 00000000 00:00 0 
7f8f3ab19000-7f8f3ac17000 rw-p 00000000 00:00 0 
7f8f3ac17000-7f8f3ac1a000 ---p 00000000 00:00 0 
7f8f3ac1a000-7f8f3ad18000 rw-p 00000000 00:00 0 
7f8f3ad18000-7f8f3aff0000 r--p 00000000 08:09 2887360                    /usr/lib/locale/locale-archive
7f8f3aff0000-7f8f3aff3000 ---p 00000000 00:00 0 
7f8f3aff3000-7f8f3b0f1000 rw-p 00000000 00:00 0 
7f8f3b0f1000-7f8f3b0f4000 ---p 00000000 00:00 0 
7f8f3b0f4000-7f8f3b1f2000 rw-p 00000000 00:00 0 
7f8f3b1f2000-7f8f3b1f3000 ---p 00000000 00:00 0 
7f8f3b1f3000-7f8f3c000000 rw-p 00000000 00:00 0 
7f8f3c000000-7f8f3c021000 rw-p 00000000 00:00 0 
7f8f3c021000-7f8f40000000 ---p 00000000 00:00 0 
7f8f40000000-7f8f40004000 r--s 00035000 08:09 10748985                   /opt/eclipse/plugins/org.eclipse.emf.ecore.xmi_2.12.0.v20160420-0247.jar
7f8f40004000-7f8f40009000 r--s 00030000 08:09 10748396                   /opt/eclipse/plugins/org.eclipse.ui.console_3.6.200.v20160518-1858.jar
7f8f40009000-7f8f4000d000 r--s 00019000 08:09 10748602                   /opt/eclipse/plugins/org.eclipse.core.commands_3.8.0.v20160316-1921.jar
7f8f4000d000-7f8f4001f000 r--s 000f8000 08:09 10748780                   /opt/eclipse/plugins/org.eclipse.jface_3.12.0.v20160518-1929.jar
7f8f4001f000-7f8f40034000 r--s 0028f000 08:09 10748863                   /opt/eclipse/plugins/org.eclipse.swt.gtk.linux.x86_64_3.105.0.v20160603-0902.jar
7f8f40034000-7f8f4003d000 r--s 00058000 08:09 10748604                   /opt/eclipse/plugins/org.eclipse.ui_3.108.0.v20160518-1929.jar
7f8f4003d000-7f8f4003f000 r--s 00014000 08:09 10748222                   /opt/eclipse/plugins/org.eclipse.equinox.app_1.3.400.v20150715-1528.jar
7f8f4003f000-7f8f40041000 r--s 00017000 08:09 10748774                   /opt/eclipse/plugins/org.eclipse.core.contenttype_3.5.100.v20160418-1621.jar
7f8f40041000-7f8f40044000 r--s 0001e000 08:09 10748508                   /opt/eclipse/plugins/org.eclipse.equinox.preferences_3.6.0.v20160120-1756.jar
7f8f40044000-7f8f40048000 r--s 0002a000 08:09 10749014                   /opt/eclipse/plugins/org.eclipse.equinox.registry_3.6.100.v20160223-2218.jar
7f8f40048000-7f8f4004b000 r--s 00019000 08:09 10748931                   /opt/eclipse/plugins/org.eclipse.core.jobs_3.8.0.v20160509-0411.jar
7f8f4004b000-7f8f4004e000 r--s 0001b000 08:09 10748983                   /opt/eclipse/plugins/org.eclipse.equinox.common_3.8.0.v20160509-1230.jar
7f8f4004e000-7f8f44000000 rw-p 00000000 00:00 0 
7f8f44000000-7f8f44021000 rw-p 00000000 00:00 0 
7f8f44021000-7f8f48000000 ---p 00000000 00:00 0 
7f8f48000000-7f8f48001000 r--s 00000000 08:09 26516289                   /home/hrishi/.eclipse/org.eclipse.platform_4.6.0_1473617060_linux_gtk_x86_64/plugins/fr.irisa.cairn.jnimap.runtime_1.0.0.201612051604.jar
7f8f48001000-7f8f48004000 r--s 00039000 08:09 10748174                   /opt/eclipse/plugins/org.eclipse.osgi.compatibility.state_1.0.200.v20160504-1419.jar
7f8f48004000-7f8f48019000 r--s 0013d000 08:09 10748755                   /opt/eclipse/plugins/org.eclipse.osgi_3.11.0.v20160603-1336.jar
7f8f48019000-7f8f4801b000 r--s 00003000 08:09 10748526                   /opt/eclipse/plugins/javax.inject_1.0.0.v20091030.jar
7f8f4801b000-7f8f4801d000 r--s 00011000 08:09 10748883                   /opt/eclipse/plugins/org.eclipse.core.runtime_3.12.0.v20160606-1342.jar
7f8f4801d000-7f8f48021000 r--s 00037000 08:09 7085460                    /usr/lib/jvm/java-8-openjdk-amd64/jre/lib/ext/sunpkcs11.jar
7f8f48021000-7f8f4802b000 r--s 00116000 08:09 7085461                    /usr/lib/jvm/java-8-openjdk-amd64/jre/lib/ext/localedata.jar
7f8f4802b000-7f8f48030000 r--s 0003b000 08:09 7085462                    /usr/lib/jvm/java-8-openjdk-amd64/jre/lib/ext/sunjce_provider.jar
7f8f48030000-7f8f480e0000 rw-p 00000000 00:00 0 
7f8f480e0000-7f8f482ae000 r--s 03c06000 08:09 7087811                    /usr/lib/jvm/java-8-openjdk-amd64/jre/lib/rt.jar
7f8f482ae000-7f8f48eff000 rw-p 00000000 00:00 0 
7f8f48eff000-7f8f48f00000 ---p 00000000 00:00 0 
7f8f48f00000-7f8f49000000 rw-p 00000000 00:00 0 
7f8f49000000-7f8f49600000 rwxp 00000000 00:00 0 
7f8f49600000-7f8f58000000 ---p 00000000 00:00 0 
7f8f58000000-7f8f58900000 rw-p 00000000 00:00 0 
7f8f58900000-7f8f5c000000 ---p 00000000 00:00 0 
7f8f5c000000-7f8f5c001000 r--s 00002000 08:09 10748530                   /opt/eclipse/plugins/org.eclipse.e4.ui.workbench3_0.13.100.v20160506-0759.jar
7f8f5c001000-7f8f5c004000 r--s 0000f000 08:09 7085457                    /usr/lib/jvm/java-8-openjdk-amd64/jre/lib/ext/icedtea-sound.jar
7f8f5c004000-7f8f5c01f000 r--s 001d6000 08:09 7085455                    /usr/lib/jvm/java-8-openjdk-amd64/jre/lib/ext/nashorn.jar
7f8f5c01f000-7f8f5c040000 rw-p 00000000 00:00 0 
7f8f5c040000-7f8f5c041000 ---p 00000000 00:00 0 
7f8f5c041000-7f8f5c141000 rw-p 00000000 00:00 0 
7f8f5c141000-7f8f5c142000 ---p 00000000 00:00 0 
7f8f5c142000-7f8f5c242000 rw-p 00000000 00:00 0 
7f8f5c242000-7f8f5c243000 ---p 00000000 00:00 0 
7f8f5c243000-7f8f5c36d000 rw-p 00000000 00:00 0 
7f8f5c36d000-7f8f5c5d5000 ---p 00000000 00:00 0 
7f8f5c5d5000-7f8f5c5ff000 rw-p 00000000 00:00 0 
7f8f5c5ff000-7f8f5c867000 ---p 00000000 00:00 0 
7f8f5c867000-7f8f5c8aa000 rw-p 00000000 00:00 0 
7f8f5c8aa000-7f8f5c9b0000 ---p 00000000 00:00 0 
7f8f5c9b0000-7f8f5c9c9000 rw-p 00000000 00:00 0 
7f8f5c9c9000-7f8f5cd71000 ---p 00000000 00:00 0 
7f8f5cd71000-7f8f5cd79000 r-xp 00000000 08:09 7085419                    /usr/lib/jvm/java-8-openjdk-amd64/jre/lib/amd64/libzip.so
7f8f5cd79000-7f8f5cf78000 ---p 00008000 08:09 7085419                    /usr/lib/jvm/java-8-openjdk-amd64/jre/lib/amd64/libzip.so
7f8f5cf78000-7f8f5cf79000 r--p 00007000 08:09 7085419                    /usr/lib/jvm/java-8-openjdk-amd64/jre/lib/amd64/libzip.so
7f8f5cf79000-7f8f5cf7a000 rw-p 00008000 08:09 7085419                    /usr/lib/jvm/java-8-openjdk-amd64/jre/lib/amd64/libzip.so
7f8f5cf7a000-7f8f5cf85000 r-xp 00000000 08:09 24382890                   /lib/x86_64-linux-gnu/libnss_files-2.23.so
7f8f5cf85000-7f8f5d184000 ---p 0000b000 08:09 24382890                   /lib/x86_64-linux-gnu/libnss_files-2.23.so
7f8f5d184000-7f8f5d185000 r--p 0000a000 08:09 24382890                   /lib/x86_64-linux-gnu/libnss_files-2.23.so
7f8f5d185000-7f8f5d186000 rw-p 0000b000 08:09 24382890                   /lib/x86_64-linux-gnu/libnss_files-2.23.so
7f8f5d186000-7f8f5d18c000 rw-p 00000000 00:00 0 
7f8f5d18c000-7f8f5d197000 r-xp 00000000 08:09 24382881                   /lib/x86_64-linux-gnu/libnss_nis-2.23.so
7f8f5d197000-7f8f5d396000 ---p 0000b000 08:09 24382881                   /lib/x86_64-linux-gnu/libnss_nis-2.23.so
7f8f5d396000-7f8f5d397000 r--p 0000a000 08:09 24382881                   /lib/x86_64-linux-gnu/libnss_nis-2.23.so
7f8f5d397000-7f8f5d398000 rw-p 0000b000 08:09 24382881                   /lib/x86_64-linux-gnu/libnss_nis-2.23.so
7f8f5d398000-7f8f5d3ae000 r-xp 00000000 08:09 24382883                   /lib/x86_64-linux-gnu/libnsl-2.23.so
7f8f5d3ae000-7f8f5d5ad000 ---p 00016000 08:09 24382883                   /lib/x86_64-linux-gnu/libnsl-2.23.so
7f8f5d5ad000-7f8f5d5ae000 r--p 00015000 08:09 24382883                   /lib/x86_64-linux-gnu/libnsl-2.23.so
7f8f5d5ae000-7f8f5d5af000 rw-p 00016000 08:09 24382883                   /lib/x86_64-linux-gnu/libnsl-2.23.so
7f8f5d5af000-7f8f5d5b1000 rw-p 00000000 00:00 0 
7f8f5d5b1000-7f8f5d5b9000 r-xp 00000000 08:09 24382892                   /lib/x86_64-linux-gnu/libnss_compat-2.23.so
7f8f5d5b9000-7f8f5d7b8000 ---p 00008000 08:09 24382892                   /lib/x86_64-linux-gnu/libnss_compat-2.23.so
7f8f5d7b8000-7f8f5d7b9000 r--p 00007000 08:09 24382892                   /lib/x86_64-linux-gnu/libnss_compat-2.23.so
7f8f5d7b9000-7f8f5d7ba000 rw-p 00008000 08:09 24382892                   /lib/x86_64-linux-gnu/libnss_compat-2.23.so
7f8f5d7ba000-7f8f5d7e7000 r-xp 00000000 08:09 7085444                    /usr/lib/jvm/java-8-openjdk-amd64/jre/lib/amd64/libjava.so
7f8f5d7e7000-7f8f5d9e6000 ---p 0002d000 08:09 7085444                    /usr/lib/jvm/java-8-openjdk-amd64/jre/lib/amd64/libjava.so
7f8f5d9e6000-7f8f5d9e7000 r--p 0002c000 08:09 7085444                    /usr/lib/jvm/java-8-openjdk-amd64/jre/lib/amd64/libjava.so
7f8f5d9e7000-7f8f5d9e9000 rw-p 0002d000 08:09 7085444                    /usr/lib/jvm/java-8-openjdk-amd64/jre/lib/amd64/libjava.so
7f8f5d9e9000-7f8f5d9f8000 r-xp 00000000 08:09 7085412                    /usr/lib/jvm/java-8-openjdk-amd64/jre/lib/amd64/libverify.so
7f8f5d9f8000-7f8f5dbf7000 ---p 0000f000 08:09 7085412                    /usr/lib/jvm/java-8-openjdk-amd64/jre/lib/amd64/libverify.so
7f8f5dbf7000-7f8f5dbf9000 r--p 0000e000 08:09 7085412                    /usr/lib/jvm/java-8-openjdk-amd64/jre/lib/amd64/libverify.so
7f8f5dbf9000-7f8f5dbfa000 rw-p 00010000 08:09 7085412                    /usr/lib/jvm/java-8-openjdk-amd64/jre/lib/amd64/libverify.so
7f8f5dbfa000-7f8f5dc01000 r-xp 00000000 08:09 24382893                   /lib/x86_64-linux-gnu/librt-2.23.so
7f8f5dc01000-7f8f5de00000 ---p 00007000 08:09 24382893                   /lib/x86_64-linux-gnu/librt-2.23.so
7f8f5de00000-7f8f5de01000 r--p 00006000 08:09 24382893                   /lib/x86_64-linux-gnu/librt-2.23.so
7f8f5de01000-7f8f5de02000 rw-p 00007000 08:09 24382893                   /lib/x86_64-linux-gnu/librt-2.23.so
7f8f5de02000-7f8f5de18000 r-xp 00000000 08:09 24383888                   /lib/x86_64-linux-gnu/libgcc_s.so.1
7f8f5de18000-7f8f5e017000 ---p 00016000 08:09 24383888                   /lib/x86_64-linux-gnu/libgcc_s.so.1
7f8f5e017000-7f8f5e018000 rw-p 00015000 08:09 24383888                   /lib/x86_64-linux-gnu/libgcc_s.so.1
7f8f5e018000-7f8f5e120000 r-xp 00000000 08:09 24382882                   /lib/x86_64-linux-gnu/libm-2.23.so
7f8f5e120000-7f8f5e31f000 ---p 00108000 08:09 24382882                   /lib/x86_64-linux-gnu/libm-2.23.so
7f8f5e31f000-7f8f5e320000 r--p 00107000 08:09 24382882                   /lib/x86_64-linux-gnu/libm-2.23.so
7f8f5e320000-7f8f5e321000 rw-p 00108000 08:09 24382882                   /lib/x86_64-linux-gnu/libm-2.23.so
7f8f5e321000-7f8f5e493000 r-xp 00000000 08:09 2888511                    /usr/lib/x86_64-linux-gnu/libstdc++.so.6.0.21
7f8f5e493000-7f8f5e693000 ---p 00172000 08:09 2888511                    /usr/lib/x86_64-linux-gnu/libstdc++.so.6.0.21
7f8f5e693000-7f8f5e69d000 r--p 00172000 08:09 2888511                    /usr/lib/x86_64-linux-gnu/libstdc++.so.6.0.21
7f8f5e69d000-7f8f5e69f000 rw-p 0017c000 08:09 2888511                    /usr/lib/x86_64-linux-gnu/libstdc++.so.6.0.21
7f8f5e69f000-7f8f5e6a3000 rw-p 00000000 00:00 0 
7f8f5e6a3000-7f8f5f2f3000 r-xp 00000000 08:09 7085439                    /usr/lib/jvm/java-8-openjdk-amd64/jre/lib/amd64/server/libjvm.so
7f8f5f2f3000-7f8f5f4f2000 ---p 00c50000 08:09 7085439                    /usr/lib/jvm/java-8-openjdk-amd64/jre/lib/amd64/server/libjvm.so
7f8f5f4f2000-7f8f5f585000 r--p 00c4f000 08:09 7085439                    /usr/lib/jvm/java-8-openjdk-amd64/jre/lib/amd64/server/libjvm.so
7f8f5f585000-7f8f5f5ae000 rw-p 00ce2000 08:09 7085439                    /usr/lib/jvm/java-8-openjdk-amd64/jre/lib/amd64/server/libjvm.so
7f8f5f5ae000-7f8f5f5de000 rw-p 00000000 00:00 0 
7f8f5f5de000-7f8f5f5f6000 r-xp 00000000 08:09 24382897                   /lib/x86_64-linux-gnu/libpthread-2.23.so
7f8f5f5f6000-7f8f5f7f5000 ---p 00018000 08:09 24382897                   /lib/x86_64-linux-gnu/libpthread-2.23.so
7f8f5f7f5000-7f8f5f7f6000 r--p 00017000 08:09 24382897                   /lib/x86_64-linux-gnu/libpthread-2.23.so
7f8f5f7f6000-7f8f5f7f7000 rw-p 00018000 08:09 24382897                   /lib/x86_64-linux-gnu/libpthread-2.23.so
7f8f5f7f7000-7f8f5f7fb000 rw-p 00000000 00:00 0 
7f8f5f7fb000-7f8f5f7fe000 r-xp 00000000 08:09 24382880                   /lib/x86_64-linux-gnu/libdl-2.23.so
7f8f5f7fe000-7f8f5f9fd000 ---p 00003000 08:09 24382880                   /lib/x86_64-linux-gnu/libdl-2.23.so
7f8f5f9fd000-7f8f5f9fe000 r--p 00002000 08:09 24382880                   /lib/x86_64-linux-gnu/libdl-2.23.so
7f8f5f9fe000-7f8f5f9ff000 rw-p 00003000 08:09 24382880                   /lib/x86_64-linux-gnu/libdl-2.23.so
7f8f5f9ff000-7f8f5fa18000 r-xp 00000000 08:09 24384041                   /lib/x86_64-linux-gnu/libz.so.1.2.8
7f8f5fa18000-7f8f5fc17000 ---p 00019000 08:09 24384041                   /lib/x86_64-linux-gnu/libz.so.1.2.8
7f8f5fc17000-7f8f5fc18000 r--p 00018000 08:09 24384041                   /lib/x86_64-linux-gnu/libz.so.1.2.8
7f8f5fc18000-7f8f5fc19000 rw-p 00019000 08:09 24384041                   /lib/x86_64-linux-gnu/libz.so.1.2.8
7f8f5fc19000-7f8f5fdd8000 r-xp 00000000 08:09 24382884                   /lib/x86_64-linux-gnu/libc-2.23.so
7f8f5fdd8000-7f8f5ffd8000 ---p 001bf000 08:09 24382884                   /lib/x86_64-linux-gnu/libc-2.23.so
7f8f5ffd8000-7f8f5ffdc000 r--p 001bf000 08:09 24382884                   /lib/x86_64-linux-gnu/libc-2.23.so
7f8f5ffdc000-7f8f5ffde000 rw-p 001c3000 08:09 24382884                   /lib/x86_64-linux-gnu/libc-2.23.so
7f8f5ffde000-7f8f5ffe2000 rw-p 00000000 00:00 0 
7f8f5ffe2000-7f8f5ffef000 r-xp 00000000 08:09 7085434                    /usr/lib/jvm/java-8-openjdk-amd64/jre/lib/amd64/jli/libjli.so
7f8f5ffef000-7f8f601ef000 ---p 0000d000 08:09 7085434                    /usr/lib/jvm/java-8-openjdk-amd64/jre/lib/amd64/jli/libjli.so
7f8f601ef000-7f8f601f0000 r--p 0000d000 08:09 7085434                    /usr/lib/jvm/java-8-openjdk-amd64/jre/lib/amd64/jli/libjli.so
7f8f601f0000-7f8f601f1000 rw-p 0000e000 08:09 7085434                    /usr/lib/jvm/java-8-openjdk-amd64/jre/lib/amd64/jli/libjli.so
7f8f601f1000-7f8f60217000 r-xp 00000000 08:09 24382885                   /lib/x86_64-linux-gnu/ld-2.23.so
7f8f60217000-7f8f60218000 r--s 00004000 08:09 10748172                   /opt/eclipse/plugins/org.eclipse.swt_3.105.0.v20160603-0902.jar
7f8f60218000-7f8f6021a000 r--s 00001000 08:09 7085456                    /usr/lib/jvm/java-8-openjdk-amd64/jre/lib/ext/dnsns.jar
7f8f6021a000-7f8f6021c000 r--s 00008000 08:09 7085454                    /usr/lib/jvm/java-8-openjdk-amd64/jre/lib/ext/sunec.jar
7f8f6021c000-7f8f602e7000 rw-p 00000000 00:00 0 
7f8f602e7000-7f8f602ea000 ---p 00000000 00:00 0 
7f8f602ea000-7f8f603ed000 rw-p 00000000 00:00 0 
7f8f603ed000-7f8f603ee000 r--s 00010000 08:09 7085459                    /usr/lib/jvm/java-8-openjdk-amd64/jre/lib/ext/zipfs.jar
7f8f603ee000-7f8f603ef000 r--s 0000a000 08:09 7085463                    /usr/lib/jvm/java-8-openjdk-amd64/jre/lib/ext/jaccess.jar
7f8f603ef000-7f8f6040a000 r--s 00394000 08:09 7085458                    /usr/lib/jvm/java-8-openjdk-amd64/jre/lib/ext/cldrdata.jar
7f8f6040a000-7f8f60412000 rw-s 00000000 08:09 18612327                   /tmp/hsperfdata_hrishi/13228
7f8f60412000-7f8f60413000 rw-p 00000000 00:00 0 
7f8f60413000-7f8f60414000 r--p 00000000 00:00 0 
7f8f60414000-7f8f60416000 rw-p 00000000 00:00 0 
7f8f60416000-7f8f60417000 r--p 00025000 08:09 24382885                   /lib/x86_64-linux-gnu/ld-2.23.so
7f8f60417000-7f8f60418000 rw-p 00026000 08:09 24382885                   /lib/x86_64-linux-gnu/ld-2.23.so
7f8f60418000-7f8f60419000 rw-p 00000000 00:00 0 
7ffd9fffd000-7ffda0020000 rw-p 00000000 00:00 0                          [stack]
7ffda0087000-7ffda0089000 r--p 00000000 00:00 0                          [vvar]
7ffda0089000-7ffda008b000 r-xp 00000000 00:00 0                          [vdso]
ffffffffff600000-ffffffffff601000 r-xp 00000000 00:00 0                  [vsyscall]

VM Arguments:
jvm_args: -Dfile.encoding=UTF-8 
java_command: RCPConsole
java_class_path (initial): /opt/eclipse/plugins/org.eclipse.core.runtime_3.12.0.v20160606-1342.jar:/opt/eclipse/plugins/javax.inject_1.0.0.v20091030.jar:/opt/eclipse/plugins/org.eclipse.osgi_3.11.0.v20160603-1336.jar:/opt/eclipse/plugins/org.eclipse.osgi.compatibility.state_1.0.200.v20160504-1419.jar:/opt/eclipse/plugins/org.eclipse.equinox.common_3.8.0.v20160509-1230.jar:/opt/eclipse/plugins/org.eclipse.core.jobs_3.8.0.v20160509-0411.jar:/opt/eclipse/plugins/org.eclipse.equinox.registry_3.6.100.v20160223-2218.jar:/opt/eclipse/plugins/org.eclipse.equinox.preferences_3.6.0.v20160120-1756.jar:/opt/eclipse/plugins/org.eclipse.core.contenttype_3.5.100.v20160418-1621.jar:/opt/eclipse/plugins/org.eclipse.equinox.app_1.3.400.v20150715-1528.jar:/opt/eclipse/plugins/org.eclipse.ui_3.108.0.v20160518-1929.jar:/opt/eclipse/plugins/org.eclipse.swt_3.105.0.v20160603-0902.jar:/opt/eclipse/plugins/org.eclipse.swt.gtk.linux.x86_64_3.105.0.v20160603-0902.jar:/opt/eclipse/plugins/org.eclipse.jface_3.12.0.v20160518-1929.jar:/opt/eclipse/plugins/org.eclipse.core.commands_3.8.0.v20160316-1921.jar:/opt/eclipse/plugins/org.eclipse.ui.workbench_3.108.0.v20160602-1232.jar:/opt/eclipse/plugins/org.eclipse.e4.ui.workbench3_0.13.100.v20160506-0759.jar:/opt/eclipse/plugins/org.eclipse.ui.console_3.6.200.v20160518-1858.jar:/opt/eclipse/plugins/org.eclipse.emf.ecore_2.12.0.v20160420-0247.jar:/opt/eclipse/plugins/org.eclipse.emf.common_2.12.0.v20160420-0247.jar:/opt/eclipse/plugins/org.eclipse.emf.ecore.xmi_2.12.0.v20160420-0247.jar:/home/hrishi/.eclipse/org.eclipse.platform_4.6.0_1473617060_linux_gtk_x86_64/plugins/fr.irisa.cairn.eclipse.tom_2.10.0.201612051604/libs/aircube-bundle.jar:/home/hrishi/.eclipse/org.eclipse.platform_4.6.0_1473617060_linux_gtk_x86_64/plugins/fr.irisa.cairn.graph_1.0.0.201612051604:/home/hrishi/.eclipse/org.eclipse.platform_4.6.0_1473617060_linux_gtk_x86_64/plugins/fr.irisa.cairn.graph_1.0.0.201612051604/lib/jgrapht-ext-0.9.1-uber.jar:/opt/eclipse/plugins/com.google.inj
Launcher Type: SUN_STANDARD

Environment Variables:
PATH=/home/hrishi/torch/install/bin:/usr/local/sbin:/usr/local/bin:/usr/sbin:/usr/bin:/sbin:/bin:/usr/games:/usr/local/games:/snap/bin
LD_LIBRARY_PATH=/home/hrishi/torch/install/lib:
SHELL=/bin/bash
DISPLAY=:0
DYLD_LIBRARY_PATH=/home/hrishi/torch/install/lib:

Signal Handlers:
SIGSEGV: [libjvm.so+0xa66fd0], sa_mask[0]=11111111011111111101111111111110, sa_flags=SA_RESTART|SA_SIGINFO
SIGBUS: [libjvm.so+0xa66fd0], sa_mask[0]=11111111011111111101111111111110, sa_flags=SA_RESTART|SA_SIGINFO
SIGFPE: [libjvm.so+0x8b0180], sa_mask[0]=11111111011111111101111111111110, sa_flags=SA_RESTART|SA_SIGINFO
SIGPIPE: [libjvm.so+0x8b0180], sa_mask[0]=11111111011111111101111111111110, sa_flags=SA_RESTART|SA_SIGINFO
SIGXFSZ: [libjvm.so+0x8b0180], sa_mask[0]=11111111011111111101111111111110, sa_flags=SA_RESTART|SA_SIGINFO
SIGILL: [libjvm.so+0x8b0180], sa_mask[0]=11111111011111111101111111111110, sa_flags=SA_RESTART|SA_SIGINFO
SIGUSR1: SIG_DFL, sa_mask[0]=00000000000000000000000000000000, sa_flags=none
SIGUSR2: [libjvm.so+0x8b0030], sa_mask[0]=00100000000000000000000000000000, sa_flags=SA_RESTART|SA_SIGINFO
SIGHUP: [libjvm.so+0x8b0500], sa_mask[0]=11111111011111111101111111111110, sa_flags=SA_RESTART|SA_SIGINFO
SIGINT: [libjvm.so+0x8b0500], sa_mask[0]=11111111011111111101111111111110, sa_flags=SA_RESTART|SA_SIGINFO
SIGTERM: [libjvm.so+0x8b0500], sa_mask[0]=11111111011111111101111111111110, sa_flags=SA_RESTART|SA_SIGINFO
SIGQUIT: [libjvm.so+0x8b0500], sa_mask[0]=11111111011111111101111111111110, sa_flags=SA_RESTART|SA_SIGINFO


---------------  S Y S T E M  ---------------

OS:DISTRIB_ID=Ubuntu
DISTRIB_RELEASE=16.04
DISTRIB_CODENAME=xenial
DISTRIB_DESCRIPTION="Ubuntu 16.04 LTS"

uname:Linux 4.4.0-72-generic #93-Ubuntu SMP Fri Mar 31 14:07:41 UTC 2017 x86_64
libc:glibc 2.23 NPTL 2.23 
rlimit: STACK 8192k, CORE 0k, NPROC 31118, NOFILE 65536, AS infinity
load average:1.08 0.54 0.33

/proc/meminfo:
MemTotal:        8084688 kB
MemFree:          209596 kB
MemAvailable:    1311352 kB
Buffers:          126052 kB
Cached:          1671076 kB
SwapCached:          132 kB
Active:          5824100 kB
Inactive:        1679984 kB
Active(anon):    5192036 kB
Inactive(anon):  1054132 kB
Active(file):     632064 kB
Inactive(file):   625852 kB
Unevictable:         192 kB
Mlocked:             192 kB
SwapTotal:      12000252 kB
SwapFree:       11995280 kB
Dirty:               276 kB
Writeback:             0 kB
AnonPages:       5707184 kB
Mapped:           682812 kB
Shmem:            539248 kB
Slab:             183320 kB
SReclaimable:     128496 kB
SUnreclaim:        54824 kB
KernelStack:       15056 kB
PageTables:        78624 kB
NFS_Unstable:          0 kB
Bounce:                0 kB
WritebackTmp:          0 kB
CommitLimit:    16042596 kB
Committed_AS:   14841236 kB
VmallocTotal:   34359738367 kB
VmallocUsed:           0 kB
VmallocChunk:          0 kB
HardwareCorrupted:     0 kB
AnonHugePages:   2150400 kB
CmaTotal:              0 kB
CmaFree:               0 kB
HugePages_Total:       0
HugePages_Free:        0
HugePages_Rsvd:        0
HugePages_Surp:        0
Hugepagesize:       2048 kB
DirectMap4k:      227208 kB
DirectMap2M:     8071168 kB
DirectMap1G:           0 kB


CPU:total 4 (2 cores per cpu, 2 threads per core) family 6 model 61 stepping 4, cmov, cx8, fxsr, mmx, sse, sse2, sse3, ssse3, sse4.1, sse4.2, popcnt, avx, avx2, aes, clmul, erms, 3dnowpref, lzcnt, ht, tsc, tscinvbit, bmi1, bmi2, adx

/proc/cpuinfo:
processor	: 0
vendor_id	: GenuineIntel
cpu family	: 6
model		: 61
model name	: Intel(R) Core(TM) i5-5200U CPU @ 2.20GHz
stepping	: 4
microcode	: 0x12
cpu MHz		: 2499.921
cache size	: 3072 KB
physical id	: 0
siblings	: 4
core id		: 0
cpu cores	: 2
apicid		: 0
initial apicid	: 0
fpu		: yes
fpu_exception	: yes
cpuid level	: 20
wp		: yes
flags		: fpu vme de pse tsc msr pae mce cx8 apic sep mtrr pge mca cmov pat pse36 clflush dts acpi mmx fxsr sse sse2 ss ht tm pbe syscall nx pdpe1gb rdtscp lm constant_tsc arch_perfmon pebs bts rep_good nopl xtopology nonstop_tsc aperfmperf eagerfpu pni pclmulqdq dtes64 monitor ds_cpl vmx est tm2 ssse3 sdbg fma cx16 xtpr pdcm pcid sse4_1 sse4_2 x2apic movbe popcnt tsc_deadline_timer aes xsave avx f16c rdrand lahf_lm abm 3dnowprefetch epb intel_pt tpr_shadow vnmi flexpriority ept vpid fsgsbase tsc_adjust bmi1 avx2 smep bmi2 erms invpcid rdseed adx smap xsaveopt dtherm ida arat pln pts
bugs		:
bogomips	: 4389.32
clflush size	: 64
cache_alignment	: 64
address sizes	: 39 bits physical, 48 bits virtual
power management:

processor	: 1
vendor_id	: GenuineIntel
cpu family	: 6
model		: 61
model name	: Intel(R) Core(TM) i5-5200U CPU @ 2.20GHz
stepping	: 4
microcode	: 0x12
cpu MHz		: 2499.921
cache size	: 3072 KB
physical id	: 0
siblings	: 4
core id		: 1
cpu cores	: 2
apicid		: 2
initial apicid	: 2
fpu		: yes
fpu_exception	: yes
cpuid level	: 20
wp		: yes
flags		: fpu vme de pse tsc msr pae mce cx8 apic sep mtrr pge mca cmov pat pse36 clflush dts acpi mmx fxsr sse sse2 ss ht tm pbe syscall nx pdpe1gb rdtscp lm constant_tsc arch_perfmon pebs bts rep_good nopl xtopology nonstop_tsc aperfmperf eagerfpu pni pclmulqdq dtes64 monitor ds_cpl vmx est tm2 ssse3 sdbg fma cx16 xtpr pdcm pcid sse4_1 sse4_2 x2apic movbe popcnt tsc_deadline_timer aes xsave avx f16c rdrand lahf_lm abm 3dnowprefetch epb intel_pt tpr_shadow vnmi flexpriority ept vpid fsgsbase tsc_adjust bmi1 avx2 smep bmi2 erms invpcid rdseed adx smap xsaveopt dtherm ida arat pln pts
bugs		:
bogomips	: 4389.32
clflush size	: 64
cache_alignment	: 64
address sizes	: 39 bits physical, 48 bits virtual
power management:

processor	: 2
vendor_id	: GenuineIntel
cpu family	: 6
model		: 61
model name	: Intel(R) Core(TM) i5-5200U CPU @ 2.20GHz
stepping	: 4
microcode	: 0x12
cpu MHz		: 2499.921
cache size	: 3072 KB
physical id	: 0
siblings	: 4
core id		: 0
cpu cores	: 2
apicid		: 1
initial apicid	: 1
fpu		: yes
fpu_exception	: yes
cpuid level	: 20
wp		: yes
flags		: fpu vme de pse tsc msr pae mce cx8 apic sep mtrr pge mca cmov pat pse36 clflush dts acpi mmx fxsr sse sse2 ss ht tm pbe syscall nx pdpe1gb rdtscp lm constant_tsc arch_perfmon pebs bts rep_good nopl xtopology nonstop_tsc aperfmperf eagerfpu pni pclmulqdq dtes64 monitor ds_cpl vmx est tm2 ssse3 sdbg fma cx16 xtpr pdcm pcid sse4_1 sse4_2 x2apic movbe popcnt tsc_deadline_timer aes xsave avx f16c rdrand lahf_lm abm 3dnowprefetch epb intel_pt tpr_shadow vnmi flexpriority ept vpid fsgsbase tsc_adjust bmi1 avx2 smep bmi2 erms invpcid rdseed adx smap xsaveopt dtherm ida arat pln pts
bugs		:
bogomips	: 4389.32
clflush size	: 64
cache_alignment	: 64
address sizes	: 39 bits physical, 48 bits virtual
power management:

processor	: 3
vendor_id	: GenuineIntel
cpu family	: 6
model		: 61
model name	: Intel(R) Core(TM) i5-5200U CPU @ 2.20GHz
stepping	: 4
microcode	: 0x12
cpu MHz		: 2499.921
cache size	: 3072 KB
physical id	: 0
siblings	: 4
core id		: 1
cpu cores	: 2
apicid		: 3
initial apicid	: 3
fpu		: yes
fpu_exception	: yes
cpuid level	: 20
wp		: yes
flags		: fpu vme de pse tsc msr pae mce cx8 apic sep mtrr pge mca cmov pat pse36 clflush dts acpi mmx fxsr sse sse2 ss ht tm pbe syscall nx pdpe1gb rdtscp lm constant_tsc arch_perfmon pebs bts rep_good nopl xtopology nonstop_tsc aperfmperf eagerfpu pni pclmulqdq dtes64 monitor ds_cpl vmx est tm2 ssse3 sdbg fma cx16 xtpr pdcm pcid sse4_1 sse4_2 x2apic movbe popcnt tsc_deadline_timer aes xsave avx f16c rdrand lahf_lm abm 3dnowprefetch epb intel_pt tpr_shadow vnmi flexpriority ept vpid fsgsbase tsc_adjust bmi1 avx2 smep bmi2 erms invpcid rdseed adx smap xsaveopt dtherm ida arat pln pts
bugs		:
bogomips	: 4389.32
clflush size	: 64
cache_alignment	: 64
address sizes	: 39 bits physical, 48 bits virtual
power management:



Memory: 4k page, physical 8084688k(209596k free), swap 12000252k(11995280k free)

vm_info: OpenJDK 64-Bit Server VM (25.121-b13) for linux-amd64 JRE (1.8.0_121-8u121-b13-0ubuntu1.16.04.2-b13), built on Jan 23 2017 15:51:29 by "buildd" with gcc 5.4.0 20160609

time: Sun Apr  9 23:29:42 2017
elapsed time: 6 seconds (0d 0h 0m 6s)

