#
# A fatal error has been detected by the Java Runtime Environment:
#
#  SIGSEGV (0xb) at pc=0x0000000000046b20, pid=11346, tid=0x00007f6628d88700
#
# JRE version: OpenJDK Runtime Environment (8.0_121-b13) (build 1.8.0_121-8u121-b13-0ubuntu1.16.04.2-b13)
# Java VM: OpenJDK 64-Bit Server VM (25.121-b13 mixed mode linux-amd64 compressed oops)
# Problematic frame:
# C  0x0000000000046b20
#
# Failed to write core dump. Core dumps have been disabled. To enable core dumping, try "ulimit -c unlimited" before starting Java again
#
# If you would like to submit a bug report, please visit:
#   http://bugreport.java.com/bugreport/crash.jsp
#

---------------  T H R E A D  ---------------

Current thread is native thread

siginfo: si_signo: 11 (SIGSEGV), si_code: 1 (SEGV_MAPERR), si_addr: 0x0000000000046b20

Registers:
RAX=0x00007f66023a9248, RBX=0x00007f66208c1a40, RCX=0x0000000000000000, RDX=0x0000000000000000
RSP=0x00007fffd2046e98, RBP=0x00007fffd2046ff0, RSI=0x0000000000000000, RDI=0x00007f66285b7140
R8 =0x0000000000000000, R9 =0x00007f662897e808, R10=0x00007f66285b70c0, R11=0x00007f66285f22d0
R12=0x00007f66023a91a8, R13=0x0000000000000000, R14=0x00007fffd2046ea0, R15=0x0000000000000012
RIP=0x0000000000046b20, EFLAGS=0x0000000000010202, CSGSFS=0x0000000000000033, ERR=0x0000000000000014
  TRAPNO=0x000000000000000e

Top of Stack: (sp=0x00007fffd2046e98)
0x00007fffd2046e98:   00007f6628ba0c17 00007f6628db7168
0x00007fffd2046ea8:   00007f6628db7700 00007f6628db47a8
0x00007fffd2046eb8:   00007f66200009a0 00007f662000b570
0x00007fffd2046ec8:   00007f662000cbf0 00007f662000ba20
0x00007fffd2046ed8:   00007f662000d0a0 00007f6620019ae0
0x00007fffd2046ee8:   00007f6620001bd0 00007f66200014a0
0x00007fffd2046ef8:   0000000001faa150 0000000001faa680
0x00007fffd2046f08:   0000000001fab4c0 0000000001faaba0
0x00007fffd2046f18:   00007f6628d8a000 00007f6628d8bb00
0x00007fffd2046f28:   00007f6628d8b618 00007f66208c1a40
0x00007fffd2046f38:   00007f66208f4ee0 00007f66208f5440
0x00007fffd2046f48:   00007f6628d8b000 00007f6628db69d8
0x00007fffd2046f58:   00007f6628ba0964 00007fffd2046ea0
0x00007fffd2046f68:   0000000000000006 00007fffd2046ed0
0x00007fffd2046f78:   0000000000000001 0000000000000006
0x00007fffd2046f88:   00007fffd2046f60 000000172897cc40
0x00007fffd2046f98:   00007fffd2046ea0 0000001700000000
0x00007fffd2046fa8:   00007f6628db6048 00007fffd2046e70
0x00007fffd2046fb8:   0000000000000000 0000000000000001
0x00007fffd2046fc8:   0000000000000001 0000000000000001
0x00007fffd2046fd8:   00007f662897cc40 0000000000000000
0x00007fffd2046fe8:   0000000000000000 00007f662897b5f8
0x00007fffd2046ff8:   00007f66285f1ff8 00000000004007bc
0x00007fffd2047008:   0000000000000000 0000000000400730
0x00007fffd2047018:   0000000000400630 00007fffd2047110
0x00007fffd2047028:   00007f66285f2045 0000000000400730
0x00007fffd2047038:   00007f66285d8837 0000000000000000
0x00007fffd2047048:   00007fffd2047118 0000000500000000
0x00007fffd2047058:   00000000004005e0 0000000000000000
0x00007fffd2047068:   6389c073d09c6974 0000000000400630
0x00007fffd2047078:   00007fffd2047110 0000000000000000
0x00007fffd2047088:   0000000000000000 9c7664fb3e7c6974 

Instructions: (pc=0x0000000000046b20)
0x0000000000046b00:   
[error occurred during error reporting (printing registers, top of stack, instructions near pc), id 0xb]

Register to memory mapping:

RAX=
[error occurred during error reporting (printing register info), id 0xb]

Stack: [0x00007fffd1f4a000,0x00007fffd204a000],  sp=0x00007fffd2046e98,  free space=1011k
Native frames: (J=compiled Java code, j=interpreted, Vv=VM code, C=native code)
C  0x0000000000046b20


---------------  P R O C E S S  ---------------

VM state:at safepoint (shutting down)

VM Mutex/Monitor currently owned by a thread:  ([mutex/lock_event])
[0x00007f6620009dd0] Threads_lock - owner thread: 0x00007f662007b000

Heap:
 PSYoungGen      total 68608K, used 36026K [0x00000000d6e00000, 0x00000000db600000, 0x0000000100000000)
  eden space 63488K, 48% used [0x00000000d6e00000,0x00000000d8c32b10,0x00000000dac00000)
  from space 5120K, 99% used [0x00000000db100000,0x00000000db5fc010,0x00000000db600000)
  to   space 5120K, 0% used [0x00000000dac00000,0x00000000dac00000,0x00000000db100000)
 ParOldGen       total 84992K, used 10883K [0x0000000084a00000, 0x0000000089d00000, 0x00000000d6e00000)
  object space 84992K, 12% used [0x0000000084a00000,0x00000000854a0c90,0x0000000089d00000)
 Metaspace       used 18924K, capacity 19054K, committed 19456K, reserved 1067008K
  class space    used 2478K, capacity 2525K, committed 2560K, reserved 1048576K

Card table byte_map: [0x00007f6624f74000,0x00007f6625350000] byte_map_base: 0x00007f6624b4f000

Marking Bits: (ParMarkBitMap*) 0x00007f6627f60220
 Begin Bits: [0x00007f6608250000, 0x00007f660a128000)
 End Bits:   [0x00007f660a128000, 0x00007f660c000000)

Polling page: 0x00007f6628db2000

CodeCache: size=245760Kb used=6811Kb max_used=6855Kb free=238948Kb
 bounds [0x00007f6611000000, 0x00007f66116c0000, 0x00007f6620000000]
 total_blobs=2495 nmethods=2112 adapters=296
 compilation: enabled

Compilation events (10 events):
Event: 8.167 Thread 0x00007f66200b5000 nmethod 2106 0x00007f66116989d0 code [0x00007f6611698c00, 0x00007f66116995e8]
Event: 8.167 Thread 0x00007f66200b5000 2110       3       fr.irisa.cairn.jnimap.isl.jni.JNIISLVal::taken (33 bytes)
Event: 8.167 Thread 0x00007f66200b5000 nmethod 2110 0x00007f6611689050 code [0x00007f66116891e0, 0x00007f66116894a8]
Event: 8.167 Thread 0x00007f66200b5000 2111       3       org.eclipse.emf.common.notify.impl.NotifyingListImpl::doClear (5 bytes)
Event: 8.167 Thread 0x00007f66200b5000 nmethod 2111 0x00007f6611688c90 code [0x00007f6611688e00, 0x00007f6611688f88]
Event: 8.167 Thread 0x00007f66200b5000 2097       3       tom.library.sl.AbstractStrategyCombinator::initSubterm (9 bytes)
Event: 8.167 Thread 0x00007f66200b5000 nmethod 2097 0x00007f66116930d0 code [0x00007f6611693240, 0x00007f6611693430]
Event: 8.167 Thread 0x00007f66200b5000 2099       3       org.eclipse.emf.common.util.BasicEList::<init> (42 bytes)
Event: 8.167 Thread 0x00007f66200b5000 nmethod 2099 0x00007f661168c050 code [0x00007f661168c240, 0x00007f661168c928]
Event: 8.454 Thread 0x00007f66200b0800 nmethod 1852 0x00007f66116a3390 code [0x00007f66116a3e00, 0x00007f66116ab8e8]

GC Heap History (8 events):
Event: 6.215 GC heap before
{Heap before GC invocations=1 (full 0):
 PSYoungGen      total 36864K, used 31744K [0x00000000d6e00000, 0x00000000d9700000, 0x0000000100000000)
  eden space 31744K, 100% used [0x00000000d6e00000,0x00000000d8d00000,0x00000000d8d00000)
  from space 5120K, 0% used [0x00000000d9200000,0x00000000d9200000,0x00000000d9700000)
  to   space 5120K, 0% used [0x00000000d8d00000,0x00000000d8d00000,0x00000000d9200000)
 ParOldGen       total 84992K, used 0K [0x0000000084a00000, 0x0000000089d00000, 0x00000000d6e00000)
  object space 84992K, 0% used [0x0000000084a00000,0x0000000084a00000,0x0000000089d00000)
 Metaspace       used 7283K, capacity 7346K, committed 7552K, reserved 1056768K
  class space    used 844K, capacity 851K, committed 896K, reserved 1048576K
Event: 6.220 GC heap after
Heap after GC invocations=1 (full 0):
 PSYoungGen      total 36864K, used 5111K [0x00000000d6e00000, 0x00000000d9700000, 0x0000000100000000)
  eden space 31744K, 0% used [0x00000000d6e00000,0x00000000d6e00000,0x00000000d8d00000)
  from space 5120K, 99% used [0x00000000d8d00000,0x00000000d91fdf38,0x00000000d9200000)
  to   space 5120K, 0% used [0x00000000d9200000,0x00000000d9200000,0x00000000d9700000)
 ParOldGen       total 84992K, used 962K [0x0000000084a00000, 0x0000000089d00000, 0x00000000d6e00000)
  object space 84992K, 1% used [0x0000000084a00000,0x0000000084af0bf0,0x0000000089d00000)
 Metaspace       used 7283K, capacity 7346K, committed 7552K, reserved 1056768K
  class space    used 844K, capacity 851K, committed 896K, reserved 1048576K
}
Event: 6.711 GC heap before
{Heap before GC invocations=2 (full 0):
 PSYoungGen      total 36864K, used 36855K [0x00000000d6e00000, 0x00000000d9700000, 0x0000000100000000)
  eden space 31744K, 100% used [0x00000000d6e00000,0x00000000d8d00000,0x00000000d8d00000)
  from space 5120K, 99% used [0x00000000d8d00000,0x00000000d91fdf38,0x00000000d9200000)
  to   space 5120K, 0% used [0x00000000d9200000,0x00000000d9200000,0x00000000d9700000)
 ParOldGen       total 84992K, used 962K [0x0000000084a00000, 0x0000000089d00000, 0x00000000d6e00000)
  object space 84992K, 1% used [0x0000000084a00000,0x0000000084af0bf0,0x0000000089d00000)
 Metaspace       used 10394K, capacity 10456K, committed 10624K, reserved 1058816K
  class space    used 1304K, capacity 1332K, committed 1408K, reserved 1048576K
Event: 6.733 GC heap after
Heap after GC invocations=2 (full 0):
 PSYoungGen      total 36864K, used 5104K [0x00000000d6e00000, 0x00000000db600000, 0x0000000100000000)
  eden space 31744K, 0% used [0x00000000d6e00000,0x00000000d6e00000,0x00000000d8d00000)
  from space 5120K, 99% used [0x00000000d9200000,0x00000000d96fc010,0x00000000d9700000)
  to   space 5120K, 0% used [0x00000000d8d00000,0x00000000d8d00000,0x00000000d9200000)
 ParOldGen       total 84992K, used 4352K [0x0000000084a00000, 0x0000000089d00000, 0x00000000d6e00000)
  object space 84992K, 5% used [0x0000000084a00000,0x0000000084e403d0,0x0000000089d00000)
 Metaspace       used 10394K, capacity 10456K, committed 10624K, reserved 1058816K
  class space    used 1304K, capacity 1332K, committed 1408K, reserved 1048576K
}
Event: 7.177 GC heap before
{Heap before GC invocations=3 (full 0):
 PSYoungGen      total 36864K, used 36848K [0x00000000d6e00000, 0x00000000db600000, 0x0000000100000000)
  eden space 31744K, 100% used [0x00000000d6e00000,0x00000000d8d00000,0x00000000d8d00000)
  from space 5120K, 99% used [0x00000000d9200000,0x00000000d96fc010,0x00000000d9700000)
  to   space 5120K, 0% used [0x00000000d8d00000,0x00000000d8d00000,0x00000000d9200000)
 ParOldGen       total 84992K, used 4352K [0x0000000084a00000, 0x0000000089d00000, 0x00000000d6e00000)
  object space 84992K, 5% used [0x0000000084a00000,0x0000000084e403d0,0x0000000089d00000)
 Metaspace       used 12462K, capacity 12598K, committed 12928K, reserved 1060864K
  class space    used 1599K, capacity 1657K, committed 1664K, reserved 1048576K
Event: 7.191 GC heap after
Heap after GC invocations=3 (full 0):
 PSYoungGen      total 36864K, used 5088K [0x00000000d6e00000, 0x00000000db600000, 0x0000000100000000)
  eden space 31744K, 0% used [0x00000000d6e00000,0x00000000d6e00000,0x00000000d8d00000)
  from space 5120K, 99% used [0x00000000d8d00000,0x00000000d91f8020,0x00000000d9200000)
  to   space 5120K, 0% used [0x00000000db100000,0x00000000db100000,0x00000000db600000)
 ParOldGen       total 84992K, used 7617K [0x0000000084a00000, 0x0000000089d00000, 0x00000000d6e00000)
  object space 84992K, 8% used [0x0000000084a00000,0x0000000085170510,0x0000000089d00000)
 Metaspace       used 12462K, capacity 12598K, committed 12928K, reserved 1060864K
  class space    used 1599K, capacity 1657K, committed 1664K, reserved 1048576K
}
Event: 7.657 GC heap before
{Heap before GC invocations=4 (full 0):
 PSYoungGen      total 36864K, used 36832K [0x00000000d6e00000, 0x00000000db600000, 0x0000000100000000)
  eden space 31744K, 100% used [0x00000000d6e00000,0x00000000d8d00000,0x00000000d8d00000)
  from space 5120K, 99% used [0x00000000d8d00000,0x00000000d91f8020,0x00000000d9200000)
  to   space 5120K, 0% used [0x00000000db100000,0x00000000db100000,0x00000000db600000)
 ParOldGen       total 84992K, used 7617K [0x0000000084a00000, 0x0000000089d00000, 0x00000000d6e00000)
  object space 84992K, 8% used [0x0000000084a00000,0x0000000085170510,0x0000000089d00000)
 Metaspace       used 15188K, capacity 15362K, committed 15616K, reserved 1062912K
  class space    used 2000K, capacity 2043K, committed 2048K, reserved 1048576K
Event: 7.682 GC heap after
Heap after GC invocations=4 (full 0):
 PSYoungGen      total 68608K, used 5104K [0x00000000d6e00000, 0x00000000db600000, 0x0000000100000000)
  eden space 63488K, 0% used [0x00000000d6e00000,0x00000000d6e00000,0x00000000dac00000)
  from space 5120K, 99% used [0x00000000db100000,0x00000000db5fc010,0x00000000db600000)
  to   space 5120K, 0% used [0x00000000dac00000,0x00000000dac00000,0x00000000db100000)
 ParOldGen       total 84992K, used 10883K [0x0000000084a00000, 0x0000000089d00000, 0x00000000d6e00000)
  object space 84992K, 12% used [0x0000000084a00000,0x00000000854a0c90,0x0000000089d00000)
 Metaspace       used 15188K, capacity 15362K, committed 15616K, reserved 1062912K
  class space    used 2000K, capacity 2043K, committed 2048K, reserved 1048576K
}

Deoptimization events (10 events):
Event: 7.970 Thread 0x00007f662000d800 Uncommon trap: reason=array_check action=maybe_recompile pc=0x00007f66115c2b3c method=org.eclipse.emf.common.util.BasicEList.assign(ILjava/lang/Object;)Ljava/lang/Object; @ 6
Event: 7.970 Thread 0x00007f662000d800 Uncommon trap: reason=array_check action=maybe_recompile pc=0x00007f66115c2b3c method=org.eclipse.emf.common.util.BasicEList.assign(ILjava/lang/Object;)Ljava/lang/Object; @ 6
Event: 7.970 Thread 0x00007f662000d800 Uncommon trap: reason=array_check action=maybe_recompile pc=0x00007f66115c2b3c method=org.eclipse.emf.common.util.BasicEList.assign(ILjava/lang/Object;)Ljava/lang/Object; @ 6
Event: 7.991 Thread 0x00007f662000d800 Uncommon trap: reason=unstable_if action=reinterpret pc=0x00007f66115b4f84 method=java.util.HashMap.hash(Ljava/lang/Object;)I @ 1
Event: 7.991 Thread 0x00007f662000d800 Uncommon trap: reason=unstable_if action=reinterpret pc=0x00007f661156cf9c method=java.util.HashMap.hash(Ljava/lang/Object;)I @ 1
Event: 7.993 Thread 0x00007f662000d800 Uncommon trap: reason=unstable_if action=reinterpret pc=0x00007f66113a8dd4 method=java.util.HashMap.hash(Ljava/lang/Object;)I @ 1
Event: 7.995 Thread 0x00007f662000d800 Uncommon trap: reason=unstable_if action=reinterpret pc=0x00007f661119cda8 method=java.util.HashMap.hash(Ljava/lang/Object;)I @ 1
Event: 8.062 Thread 0x00007f662000d800 Uncommon trap: reason=bimorphic action=maybe_recompile pc=0x00007f6611526410 method=org.eclipse.emf.ecore.util.EContentsEList$FeatureIteratorImpl.hasNext()Z @ 279
Event: 8.062 Thread 0x00007f662000d800 Uncommon trap: reason=bimorphic action=maybe_recompile pc=0x00007f6611526410 method=org.eclipse.emf.ecore.util.EContentsEList$FeatureIteratorImpl.hasNext()Z @ 279
Event: 8.112 Thread 0x00007f662000d800 Uncommon trap: reason=unstable_if action=reinterpret pc=0x00007f6611639190 method=org.eclipse.emf.ecore.impl.BasicEObjectImpl.eBasicSetContainer(Lorg/eclipse/emf/ecore/InternalEObject;ILorg/eclipse/emf/common/notify/NotificationChain;)Lorg/eclipse/emf/com

Internal exceptions (10 events):
Event: 2949.507 Thread 0x00007f662000d800 Exception <a 'java/io/IOException'> (0x00000000d8abf1d0) thrown at [/build/openjdk-8-YiEakL/openjdk-8-8u121-b13/src/hotspot/src/share/vm/prims/jni.cpp, line 709]
Event: 2949.778 Thread 0x00007f662000d800 Exception <a 'java/io/IOException'> (0x00000000d8abf9f0) thrown at [/build/openjdk-8-YiEakL/openjdk-8-8u121-b13/src/hotspot/src/share/vm/prims/jni.cpp, line 709]
Event: 2949.778 Thread 0x00007f662000d800 Exception <a 'java/io/IOException'> (0x00000000d8abfc88) thrown at [/build/openjdk-8-YiEakL/openjdk-8-8u121-b13/src/hotspot/src/share/vm/prims/jni.cpp, line 709]
Event: 2949.778 Thread 0x00007f662000d800 Exception <a 'java/io/IOException'> (0x00000000d8abfef0) thrown at [/build/openjdk-8-YiEakL/openjdk-8-8u121-b13/src/hotspot/src/share/vm/prims/jni.cpp, line 709]
Event: 2949.778 Thread 0x00007f662000d800 Exception <a 'java/io/IOException'> (0x00000000d8ac06e0) thrown at [/build/openjdk-8-YiEakL/openjdk-8-8u121-b13/src/hotspot/src/share/vm/prims/jni.cpp, line 709]
Event: 2949.778 Thread 0x00007f662000d800 Exception <a 'java/io/IOException'> (0x00000000d8ac0978) thrown at [/build/openjdk-8-YiEakL/openjdk-8-8u121-b13/src/hotspot/src/share/vm/prims/jni.cpp, line 709]
Event: 2949.778 Thread 0x00007f662000d800 Exception <a 'java/io/IOException'> (0x00000000d8ac0be0) thrown at [/build/openjdk-8-YiEakL/openjdk-8-8u121-b13/src/hotspot/src/share/vm/prims/jni.cpp, line 709]
Event: 2949.778 Thread 0x00007f662000d800 Exception <a 'java/io/IOException'> (0x00000000d8ac11a0) thrown at [/build/openjdk-8-YiEakL/openjdk-8-8u121-b13/src/hotspot/src/share/vm/prims/jni.cpp, line 709]
Event: 2949.778 Thread 0x00007f662000d800 Exception <a 'java/io/IOException'> (0x00000000d8ac1438) thrown at [/build/openjdk-8-YiEakL/openjdk-8-8u121-b13/src/hotspot/src/share/vm/prims/jni.cpp, line 709]
Event: 2949.778 Thread 0x00007f662000d800 Exception <a 'java/io/IOException'> (0x00000000d8ac16a0) thrown at [/build/openjdk-8-YiEakL/openjdk-8-8u121-b13/src/hotspot/src/share/vm/prims/jni.cpp, line 709]

Events (10 events):
Event: 2949.796 Executing VM operation: RevokeBias done
Event: 2949.797 Executing VM operation: RevokeBias
Event: 2949.797 Executing VM operation: RevokeBias done
Event: 2949.797 Executing VM operation: RevokeBias
Event: 2949.797 Executing VM operation: RevokeBias done
Event: 2949.797 Executing VM operation: RevokeBias
Event: 2949.797 Executing VM operation: RevokeBias done
Event: 2949.797 Thread 0x00007f6620991800 Thread exited: 0x00007f6620991800
Event: 2951.146 Thread 0x00007f662000d800 Thread exited: 0x00007f662000d800
Event: 2951.146 Thread 0x00007f66200ae800 Thread exited: 0x00007f66200ae800


Dynamic libraries:
00400000-00401000 r-xp 00000000 08:09 7087821                            /usr/lib/jvm/java-8-openjdk-amd64/jre/bin/java
00600000-00601000 r--p 00000000 08:09 7087821                            /usr/lib/jvm/java-8-openjdk-amd64/jre/bin/java
00601000-00602000 rw-p 00001000 08:09 7087821                            /usr/lib/jvm/java-8-openjdk-amd64/jre/bin/java
01faa000-01fcb000 rw-p 00000000 00:00 0                                  [heap]
84a00000-89d00000 rw-p 00000000 00:00 0 
89d00000-d6e00000 ---p 00000000 00:00 0 
d6e00000-db600000 rw-p 00000000 00:00 0 
db600000-100000000 ---p 00000000 00:00 0 
100000000-100280000 rw-p 00000000 00:00 0 
100280000-140000000 ---p 00000000 00:00 0 
7f65c4000000-7f65c4021000 rw-p 00000000 00:00 0 
7f65c4021000-7f65c8000000 ---p 00000000 00:00 0 
7f65cc000000-7f65cc021000 rw-p 00000000 00:00 0 
7f65cc021000-7f65d0000000 ---p 00000000 00:00 0 
7f65d0000000-7f65d0021000 rw-p 00000000 00:00 0 
7f65d0021000-7f65d4000000 ---p 00000000 00:00 0 
7f65d4000000-7f65d4021000 rw-p 00000000 00:00 0 
7f65d4021000-7f65d8000000 ---p 00000000 00:00 0 
7f65d8000000-7f65d8021000 rw-p 00000000 00:00 0 
7f65d8021000-7f65dc000000 ---p 00000000 00:00 0 
7f65dc000000-7f65dc50a000 rw-p 00000000 00:00 0 
7f65dc50a000-7f65e0000000 ---p 00000000 00:00 0 
7f65e0000000-7f65e05cc000 rw-p 00000000 00:00 0 
7f65e05cc000-7f65e4000000 ---p 00000000 00:00 0 
7f65e4000000-7f65e4021000 rw-p 00000000 00:00 0 
7f65e4021000-7f65e8000000 ---p 00000000 00:00 0 
7f65e8000000-7f65e90ab000 rw-p 00000000 00:00 0 
7f65e90ab000-7f65ec000000 ---p 00000000 00:00 0 
7f65ec000000-7f65ec021000 rw-p 00000000 00:00 0 
7f65ec021000-7f65f0000000 ---p 00000000 00:00 0 
7f65f0000000-7f65f0021000 rw-p 00000000 00:00 0 
7f65f0021000-7f65f4000000 ---p 00000000 00:00 0 
7f65f4000000-7f65f4021000 rw-p 00000000 00:00 0 
7f65f4021000-7f65f8000000 ---p 00000000 00:00 0 
7f65f8000000-7f65f8021000 rw-p 00000000 00:00 0 
7f65f8021000-7f65fc000000 ---p 00000000 00:00 0 
7f65fc000000-7f65fc021000 rw-p 00000000 00:00 0 
7f65fc021000-7f6600000000 ---p 00000000 00:00 0 
7f6601840000-7f6601843000 ---p 00000000 00:00 0 
7f6601843000-7f66019c1000 rw-p 00000000 00:00 0 
7f66019c1000-7f6601b41000 ---p 00000000 00:00 0 
7f6601b41000-7f6601bb6000 r-xp 00000000 08:09 27656415                   /home/hrishi/workspace/Console/.jnimap.temp.linux_64/libgmp.so.10 (deleted)
7f6601bb6000-7f6601db5000 ---p 00075000 08:09 27656415                   /home/hrishi/workspace/Console/.jnimap.temp.linux_64/libgmp.so.10 (deleted)
7f6601db5000-7f6601db7000 rw-p 00074000 08:09 27656415                   /home/hrishi/workspace/Console/.jnimap.temp.linux_64/libgmp.so.10 (deleted)
7f6601db7000-7f6601f1f000 r-xp 00000000 08:09 27656413                   /home/hrishi/workspace/Console/.jnimap.temp.linux_64/libisl.so.13 (deleted)
7f6601f1f000-7f660211e000 ---p 00168000 08:09 27656413                   /home/hrishi/workspace/Console/.jnimap.temp.linux_64/libisl.so.13 (deleted)
7f660211e000-7f6602125000 rw-p 00167000 08:09 27656413                   /home/hrishi/workspace/Console/.jnimap.temp.linux_64/libisl.so.13 (deleted)
7f6602125000-7f66021aa000 r-xp 00000000 08:09 27656416                   /home/hrishi/workspace/Console/.jnimap.temp.linux_64/linux_64_libjniisl.so (deleted)
7f66021aa000-7f66023a9000 ---p 00085000 08:09 27656416                   /home/hrishi/workspace/Console/.jnimap.temp.linux_64/linux_64_libjniisl.so (deleted)
7f66023a9000-7f66023ac000 rw-p 00084000 08:09 27656416                   /home/hrishi/workspace/Console/.jnimap.temp.linux_64/linux_64_libjniisl.so (deleted)
7f66023ac000-7f66025ac000 rw-p 00000000 00:00 0 
7f66025ac000-7f66027ac000 rw-p 00000000 00:00 0 
7f66027ac000-7f66029ac000 rw-p 00000000 00:00 0 
7f66029ac000-7f66029af000 ---p 00000000 00:00 0 
7f66029af000-7f6602cad000 rw-p 00000000 00:00 0 
7f6602cad000-7f6602cb0000 ---p 00000000 00:00 0 
7f6602cb0000-7f6602dae000 rw-p 00000000 00:00 0 
7f6602dae000-7f6602db1000 r--s 00015000 08:09 7085469                    /usr/lib/jvm/java-8-openjdk-amd64/jre/lib/jce.jar
7f6602db1000-7f6602db5000 r--s 0009a000 08:09 7085467                    /usr/lib/jvm/java-8-openjdk-amd64/jre/lib/jsse.jar
7f6602db5000-7f6602db8000 r--s 00014000 08:09 26516293                   /home/hrishi/.eclipse/org.eclipse.platform_4.6.0_1473617060_linux_gtk_x86_64/plugins/fr.irisa.r2d2.parser.runtime_1.0.0.201612051604.jar
7f6602db8000-7f6602dc0000 r--s 0003c000 08:09 26516292                   /home/hrishi/.eclipse/org.eclipse.platform_4.6.0_1473617060_linux_gtk_x86_64/plugins/fr.irisa.r2d2.gecos.framework_1.0.0.201612051604.jar
7f6602dc0000-7f6602dca000 r--s 0006c000 08:09 26516357                   /home/hrishi/.eclipse/org.eclipse.platform_4.6.0_1473617060_linux_gtk_x86_64/plugins/org.eclipse.xtext.common.types_2.10.0.v201605250459.jar
7f6602dca000-7f6602dfa000 r--s 0044d000 08:09 26516369                   /home/hrishi/.eclipse/org.eclipse.platform_4.6.0_1473617060_linux_gtk_x86_64/plugins/org.eclipse.xtext.xbase_2.10.0.v201605250459.jar
7f6602dfa000-7f6602dfd000 r--s 0000f000 08:09 26516352                   /home/hrishi/.eclipse/org.eclipse.platform_4.6.0_1473617060_linux_gtk_x86_64/plugins/org.eclipse.xtend.lib.macro_2.10.0.v201605250459.jar
7f6602dfd000-7f6602e01000 r--s 00035000 08:09 26516351                   /home/hrishi/.eclipse/org.eclipse.platform_4.6.0_1473617060_linux_gtk_x86_64/plugins/org.eclipse.xtend.lib_2.10.0.v201605250459.jar
7f6602e01000-7f6602e02000 r--s 00001000 08:09 26516354                   /home/hrishi/.eclipse/org.eclipse.platform_4.6.0_1473617060_linux_gtk_x86_64/plugins/org.eclipse.xtend2.lib_2.10.0.v201605250459.jar
7f6602e02000-7f6602e08000 r--s 0003f000 08:09 26516368                   /home/hrishi/.eclipse/org.eclipse.platform_4.6.0_1473617060_linux_gtk_x86_64/plugins/org.eclipse.xtext.util_2.10.0.v201605250459.jar
7f6602e08000-7f6602e39000 r--s 0024b000 08:09 26516355                   /home/hrishi/.eclipse/org.eclipse.platform_4.6.0_1473617060_linux_gtk_x86_64/plugins/org.eclipse.xtext_2.10.0.v201605250459.jar
7f6602e39000-7f6602e41000 r--s 00061000 08:09 26516277                   /home/hrishi/.eclipse/org.eclipse.platform_4.6.0_1473617060_linux_gtk_x86_64/plugins/edu.csu.melange.alphabets_0.9.6.201612051604.jar
7f6602e41000-7f6602e42000 r--s 00008000 08:09 26516336                   /home/hrishi/.eclipse/org.eclipse.platform_4.6.0_1473617060_linux_gtk_x86_64/plugins/org.polymodel.scop.cgenerator2_1.0.0.201612051604.jar
7f6602e42000-7f6602e45000 r--s 00024000 08:09 26516337                   /home/hrishi/.eclipse/org.eclipse.platform_4.6.0_1473617060_linux_gtk_x86_64/plugins/org.polymodel.scop.dtiler_1.0.0.201612051604.jar
7f6602e45000-7f6602e46000 r--s 00001000 08:09 26516335                   /home/hrishi/.eclipse/org.eclipse.platform_4.6.0_1473617060_linux_gtk_x86_64/plugins/org.polymodel.scop.bridge.clast_1.0.0.201612051604.jar
7f6602e46000-7f6602e4b000 r--s 0002a000 08:09 26516334                   /home/hrishi/.eclipse/org.eclipse.platform_4.6.0_1473617060_linux_gtk_x86_64/plugins/org.polymodel.scop_1.0.0.201612051604.jar
7f6602e4b000-7f6602e5e000 r--s 0012e000 08:09 26516300                   /home/hrishi/.eclipse/org.eclipse.platform_4.6.0_1473617060_linux_gtk_x86_64/plugins/org.polymodel.polyhedralIR.codegen_1.0.0.201612051604.jar
7f6602e5e000-7f6602e61000 r--s 008e1000 08:09 26516287                   /home/hrishi/.eclipse/org.eclipse.platform_4.6.0_1473617060_linux_gtk_x86_64/plugins/fr.irisa.cairn.jnimap.cloog_1.0.0.201612051604.jar
7f6602e61000-7f6602e65000 r--s 00031000 08:09 26516341                   /home/hrishi/.eclipse/org.eclipse.platform_4.6.0_1473617060_linux_gtk_x86_64/plugins/org.antlr.runtime_3.2.0.v201101311130.jar
7f6602e65000-7f6602e66000 r--s 00011000 08:09 10748494                   /opt/eclipse/plugins/org.apache.commons.logging_1.1.1.v201101211721.jar
7f6602e66000-7f6602e6e000 r--s 0005e000 08:09 10748531                   /opt/eclipse/plugins/org.apache.log4j_1.2.15.v201012070815.jar
7f6602e6e000-7f6602e70000 r--s 00008000 08:09 26516346                   /home/hrishi/.eclipse/org.eclipse.platform_4.6.0_1473617060_linux_gtk_x86_64/plugins/org.eclipse.emf.mwe.utils_1.3.20.v201605261103.jar
7f6602e70000-7f6602e71000 r--s 00003000 08:09 26516348                   /home/hrishi/.eclipse/org.eclipse.platform_4.6.0_1473617060_linux_gtk_x86_64/plugins/org.eclipse.emf.mwe2.runtime_2.9.0.v201605261103.jar
7f6602e71000-7f6602e72000 r--s 0000b000 08:09 26516339                   /home/hrishi/.eclipse/org.eclipse.platform_4.6.0_1473617060_linux_gtk_x86_64/plugins/org.apache.commons.cli_1.2.0.v201404270220.jar
7f6602e72000-7f6602e78000 r--s 0002a000 08:09 26516345                   /home/hrishi/.eclipse/org.eclipse.platform_4.6.0_1473617060_linux_gtk_x86_64/plugins/org.eclipse.emf.mwe.core_1.3.20.v201605261103.jar
7f6602e78000-7f6602e7a000 r--s 00009000 08:09 26516279                   /home/hrishi/.eclipse/org.eclipse.platform_4.6.0_1473617060_linux_gtk_x86_64/plugins/edu.csu.melange.affineLattice_1.0.0.jar
7f6602e7a000-7f6602e7c000 r--s 00000000 08:09 26516338                   /home/hrishi/.eclipse/org.eclipse.platform_4.6.0_1473617060_linux_gtk_x86_64/plugins/tom.mapping_1.0.0.201612051604.jar
7f6602e7c000-7f6602e83000 r--s 0004d000 08:09 26516333                   /home/hrishi/.eclipse/org.eclipse.platform_4.6.0_1473617060_linux_gtk_x86_64/plugins/org.polymodel.prdg.scheduling_1.0.0.201612051604.jar
7f6602e83000-7f6602e86000 r--s 0001f000 08:09 26516370                   /home/hrishi/.eclipse/org.eclipse.platform_4.6.0_1473617060_linux_gtk_x86_64/plugins/org.eclipse.xtext.xbase.lib_2.10.0.v201605250459.jar
7f6602e86000-7f6602e88000 r--s 00004000 08:09 26516299                   /home/hrishi/.eclipse/org.eclipse.platform_4.6.0_1473617060_linux_gtk_x86_64/plugins/org.polymodel.matrix_1.0.0.201612051604.jar
7f6602e88000-7f6602e8a000 r--s 00005000 08:09 26516332                   /home/hrishi/.eclipse/org.eclipse.platform_4.6.0_1473617060_linux_gtk_x86_64/plugins/org.polymodel.prdg.adapter_1.0.0.201612051604.jar
7f6602e8a000-7f6602e8c000 r--s 00009000 08:09 26516301                   /home/hrishi/.eclipse/org.eclipse.platform_4.6.0_1473617060_linux_gtk_x86_64/plugins/org.polymodel.prdg_1.0.0.201612051604.jar
7f6602e8c000-7f6602e8e000 r--s 00013000 08:09 26516297                   /home/hrishi/.eclipse/org.eclipse.platform_4.6.0_1473617060_linux_gtk_x86_64/plugins/org.polymodel.isl_1.0.0.201612051604.jar
7f6602e8e000-7f6602e98000 r--s 000a4000 08:09 26516295                   /home/hrishi/.eclipse/org.eclipse.platform_4.6.0_1473617060_linux_gtk_x86_64/plugins/org.polymodel.algebra_1.0.0.201612051604.jar
7f6602e98000-7f6602e9b000 r--s 0002b000 08:09 26516294                   /home/hrishi/.eclipse/org.eclipse.platform_4.6.0_1473617060_linux_gtk_x86_64/plugins/org.polymodel_1.0.0.201612051604.jar
7f6602e9b000-7f6602ec5000 r--s 001ff000 08:09 10749007                   /opt/eclipse/plugins/com.google.guava_15.0.0.v201403281430.jar
7f6602ec5000-7f6602ec6000 r--s 0000f000 08:09 28708338                   /home/hrishi/.eclipse/org.eclipse.platform_4.6.0_1473617060_linux_gtk_x86_64/plugins/fr.irisa.cairn.tools_1.0.0.201612051604/lib/javatuples-1.2.jar
7f6602ec6000-7f6602ec7000 r--s 0000b000 08:09 28708337                   /home/hrishi/.eclipse/org.eclipse.platform_4.6.0_1473617060_linux_gtk_x86_64/plugins/fr.irisa.cairn.tools_1.0.0.201612051604/lib/javatuples-1.2-sources.jar
7f6602ec7000-7f6602eca000 r--s 00037000 08:09 28708336                   /home/hrishi/.eclipse/org.eclipse.platform_4.6.0_1473617060_linux_gtk_x86_64/plugins/fr.irisa.cairn.tools_1.0.0.201612051604/lib/javatuples-1.2-javadoc.jar
7f6602eca000-7f6602ecf000 r--s 00b6c000 08:09 26516288                   /home/hrishi/.eclipse/org.eclipse.platform_4.6.0_1473617060_linux_gtk_x86_64/plugins/fr.irisa.cairn.jnimap.isl_2.1.0.201612051604.jar
7f6602ecf000-7f6602ed1000 r--s 00007000 08:09 26516286                   /home/hrishi/.eclipse/org.eclipse.platform_4.6.0_1473617060_linux_gtk_x86_64/plugins/fr.irisa.cairn.graph.guice_1.0.0.201612051604.jar
7f6602ed1000-7f6602ed3000 r--s 00009000 08:09 10748202                   /opt/eclipse/plugins/com.google.inject.multibindings_3.0.0.v201605172100.jar
7f6602ed3000-7f6602eeb000 r--s 0015b000 08:09 28061747                   /home/hrishi/.eclipse/org.eclipse.platform_4.6.0_1473617060_linux_gtk_x86_64/plugins/fr.irisa.cairn.graph_1.0.0.201612051604/lib/jgrapht-ext-0.9.1-uber.jar
7f6602eeb000-7f660301b000 r--s 010bc000 08:09 28708362                   /home/hrishi/.eclipse/org.eclipse.platform_4.6.0_1473617060_linux_gtk_x86_64/plugins/fr.irisa.cairn.eclipse.tom_2.10.0.201612051604/libs/aircube-bundle.jar
7f660301b000-7f660301c000 ---p 00000000 00:00 0 
7f660301c000-7f660311c000 rw-p 00000000 00:00 0 
7f660311c000-7f660311f000 ---p 00000000 00:00 0 
7f660311f000-7f660321d000 rw-p 00000000 00:00 0 
7f660321d000-7f6603220000 ---p 00000000 00:00 0 
7f6603220000-7f660331e000 rw-p 00000000 00:00 0 
7f660331e000-7f6603321000 ---p 00000000 00:00 0 
7f6603321000-7f660341f000 rw-p 00000000 00:00 0 
7f660341f000-7f6603422000 ---p 00000000 00:00 0 
7f6603422000-7f6603520000 rw-p 00000000 00:00 0 
7f6603520000-7f6603523000 ---p 00000000 00:00 0 
7f6603523000-7f6603621000 rw-p 00000000 00:00 0 
7f6603621000-7f66038f9000 r--p 00000000 08:09 2887360                    /usr/lib/locale/locale-archive
7f66038f9000-7f66038fc000 ---p 00000000 00:00 0 
7f66038fc000-7f66039fa000 rw-p 00000000 00:00 0 
7f66039fa000-7f66039fd000 ---p 00000000 00:00 0 
7f66039fd000-7f6603afb000 rw-p 00000000 00:00 0 
7f6603afb000-7f6603afc000 ---p 00000000 00:00 0 
7f6603afc000-7f6604000000 rw-p 00000000 00:00 0 
7f6604000000-7f6604021000 rw-p 00000000 00:00 0 
7f6604021000-7f6608000000 ---p 00000000 00:00 0 
7f6608000000-7f6608001000 r--s 00000000 08:09 26516289                   /home/hrishi/.eclipse/org.eclipse.platform_4.6.0_1473617060_linux_gtk_x86_64/plugins/fr.irisa.cairn.jnimap.runtime_1.0.0.201612051604.jar
7f6608001000-7f660800c000 r--s 00077000 08:09 10748760                   /opt/eclipse/plugins/com.google.inject_3.0.0.v201605172100.jar
7f660800c000-7f660803c000 rw-p 00000000 00:00 0 
7f660803c000-7f660804e000 r--s 00111000 08:09 10748217                   /opt/eclipse/plugins/org.eclipse.emf.ecore_2.12.0.v20160420-0247.jar
7f660804e000-7f660c000000 rw-p 00000000 00:00 0 
7f660c000000-7f660c021000 rw-p 00000000 00:00 0 
7f660c021000-7f6610000000 ---p 00000000 00:00 0 
7f6610000000-7f6610004000 r--s 00035000 08:09 10748985                   /opt/eclipse/plugins/org.eclipse.emf.ecore.xmi_2.12.0.v20160420-0247.jar
7f6610004000-7f661000b000 r--s 00051000 08:09 10748503                   /opt/eclipse/plugins/org.eclipse.emf.common_2.12.0.v20160420-0247.jar
7f661000b000-7f6610010000 r--s 00030000 08:09 10748396                   /opt/eclipse/plugins/org.eclipse.ui.console_3.6.200.v20160518-1858.jar
7f6610010000-7f6610052000 r--s 00398000 08:09 10748311                   /opt/eclipse/plugins/org.eclipse.ui.workbench_3.108.0.v20160602-1232.jar
7f6610052000-7f6610056000 r--s 00019000 08:09 10748602                   /opt/eclipse/plugins/org.eclipse.core.commands_3.8.0.v20160316-1921.jar
7f6610056000-7f6610068000 r--s 000f8000 08:09 10748780                   /opt/eclipse/plugins/org.eclipse.jface_3.12.0.v20160518-1929.jar
7f6610068000-7f661007d000 r--s 0028f000 08:09 10748863                   /opt/eclipse/plugins/org.eclipse.swt.gtk.linux.x86_64_3.105.0.v20160603-0902.jar
7f661007d000-7f6610086000 r--s 00058000 08:09 10748604                   /opt/eclipse/plugins/org.eclipse.ui_3.108.0.v20160518-1929.jar
7f6610086000-7f6610088000 r--s 00014000 08:09 10748222                   /opt/eclipse/plugins/org.eclipse.equinox.app_1.3.400.v20150715-1528.jar
7f6610088000-7f661008a000 r--s 00017000 08:09 10748774                   /opt/eclipse/plugins/org.eclipse.core.contenttype_3.5.100.v20160418-1621.jar
7f661008a000-7f661008d000 r--s 0001e000 08:09 10748508                   /opt/eclipse/plugins/org.eclipse.equinox.preferences_3.6.0.v20160120-1756.jar
7f661008d000-7f6610091000 r--s 0002a000 08:09 10749014                   /opt/eclipse/plugins/org.eclipse.equinox.registry_3.6.100.v20160223-2218.jar
7f6610091000-7f6610094000 r--s 00019000 08:09 10748931                   /opt/eclipse/plugins/org.eclipse.core.jobs_3.8.0.v20160509-0411.jar
7f6610094000-7f6610097000 r--s 0001b000 08:09 10748983                   /opt/eclipse/plugins/org.eclipse.equinox.common_3.8.0.v20160509-1230.jar
7f6610097000-7f661009a000 r--s 00039000 08:09 10748174                   /opt/eclipse/plugins/org.eclipse.osgi.compatibility.state_1.0.200.v20160504-1419.jar
7f661009a000-7f66100af000 r--s 0013d000 08:09 10748755                   /opt/eclipse/plugins/org.eclipse.osgi_3.11.0.v20160603-1336.jar
7f66100af000-7f66100b1000 r--s 00003000 08:09 10748526                   /opt/eclipse/plugins/javax.inject_1.0.0.v20091030.jar
7f66100b1000-7f66100b3000 r--s 00011000 08:09 10748883                   /opt/eclipse/plugins/org.eclipse.core.runtime_3.12.0.v20160606-1342.jar
7f66100b3000-7f66100bd000 r--s 00116000 08:09 7085461                    /usr/lib/jvm/java-8-openjdk-amd64/jre/lib/ext/localedata.jar
7f66100bd000-7f66100d8000 r--s 001d6000 08:09 7085455                    /usr/lib/jvm/java-8-openjdk-amd64/jre/lib/ext/nashorn.jar
7f66100d8000-7f6611000000 rw-p 00000000 00:00 0 
7f6611000000-7f66116c0000 rwxp 00000000 00:00 0 
7f66116c0000-7f6620000000 ---p 00000000 00:00 0 
7f6620000000-7f6620a11000 rw-p 00000000 00:00 0 
7f6620a11000-7f6624000000 ---p 00000000 00:00 0 
7f6624000000-7f6624001000 r--s 00002000 08:09 10748530                   /opt/eclipse/plugins/org.eclipse.e4.ui.workbench3_0.13.100.v20160506-0759.jar
7f6624001000-7f6624005000 r--s 00037000 08:09 7085460                    /usr/lib/jvm/java-8-openjdk-amd64/jre/lib/ext/sunpkcs11.jar
7f6624005000-7f6624008000 r--s 0000f000 08:09 7085457                    /usr/lib/jvm/java-8-openjdk-amd64/jre/lib/ext/icedtea-sound.jar
7f6624008000-7f662400d000 r--s 0003b000 08:09 7085462                    /usr/lib/jvm/java-8-openjdk-amd64/jre/lib/ext/sunjce_provider.jar
7f662400d000-7f66242bf000 rw-p 00000000 00:00 0 
7f66242bf000-7f662448d000 r--s 03c06000 08:09 7087811                    /usr/lib/jvm/java-8-openjdk-amd64/jre/lib/rt.jar
7f662448d000-7f66248de000 rw-p 00000000 00:00 0 
7f66248de000-7f66248df000 ---p 00000000 00:00 0 
7f66248df000-7f66249df000 rw-p 00000000 00:00 0 
7f66249df000-7f66249e0000 ---p 00000000 00:00 0 
7f66249e0000-7f6624ae0000 rw-p 00000000 00:00 0 
7f6624ae0000-7f6624ae1000 ---p 00000000 00:00 0 
7f6624ae1000-7f6624be1000 rw-p 00000000 00:00 0 
7f6624be1000-7f6624be2000 ---p 00000000 00:00 0 
7f6624be2000-7f6624d0c000 rw-p 00000000 00:00 0 
7f6624d0c000-7f6624f74000 ---p 00000000 00:00 0 
7f6624f74000-7f6624f9e000 rw-p 00000000 00:00 0 
7f6624f9e000-7f6625206000 ---p 00000000 00:00 0 
7f6625206000-7f662522a000 rw-p 00000000 00:00 0 
7f662522a000-7f662534f000 ---p 00000000 00:00 0 
7f662534f000-7f662536b000 rw-p 00000000 00:00 0 
7f662536b000-7f6625710000 ---p 00000000 00:00 0 
7f6625710000-7f6625718000 r-xp 00000000 08:09 7085419                    /usr/lib/jvm/java-8-openjdk-amd64/jre/lib/amd64/libzip.so
7f6625718000-7f6625917000 ---p 00008000 08:09 7085419                    /usr/lib/jvm/java-8-openjdk-amd64/jre/lib/amd64/libzip.so
7f6625917000-7f6625918000 r--p 00007000 08:09 7085419                    /usr/lib/jvm/java-8-openjdk-amd64/jre/lib/amd64/libzip.so
7f6625918000-7f6625919000 rw-p 00008000 08:09 7085419                    /usr/lib/jvm/java-8-openjdk-amd64/jre/lib/amd64/libzip.so
7f6625919000-7f6625924000 r-xp 00000000 08:09 24382890                   /lib/x86_64-linux-gnu/libnss_files-2.23.so
7f6625924000-7f6625b23000 ---p 0000b000 08:09 24382890                   /lib/x86_64-linux-gnu/libnss_files-2.23.so
7f6625b23000-7f6625b24000 r--p 0000a000 08:09 24382890                   /lib/x86_64-linux-gnu/libnss_files-2.23.so
7f6625b24000-7f6625b25000 rw-p 0000b000 08:09 24382890                   /lib/x86_64-linux-gnu/libnss_files-2.23.so
7f6625b25000-7f6625b2b000 rw-p 00000000 00:00 0 
7f6625b2b000-7f6625b36000 r-xp 00000000 08:09 24382881                   /lib/x86_64-linux-gnu/libnss_nis-2.23.so
7f6625b36000-7f6625d35000 ---p 0000b000 08:09 24382881                   /lib/x86_64-linux-gnu/libnss_nis-2.23.so
7f6625d35000-7f6625d36000 r--p 0000a000 08:09 24382881                   /lib/x86_64-linux-gnu/libnss_nis-2.23.so
7f6625d36000-7f6625d37000 rw-p 0000b000 08:09 24382881                   /lib/x86_64-linux-gnu/libnss_nis-2.23.so
7f6625d37000-7f6625d4d000 r-xp 00000000 08:09 24382883                   /lib/x86_64-linux-gnu/libnsl-2.23.so
7f6625d4d000-7f6625f4c000 ---p 00016000 08:09 24382883                   /lib/x86_64-linux-gnu/libnsl-2.23.so
7f6625f4c000-7f6625f4d000 r--p 00015000 08:09 24382883                   /lib/x86_64-linux-gnu/libnsl-2.23.so
7f6625f4d000-7f6625f4e000 rw-p 00016000 08:09 24382883                   /lib/x86_64-linux-gnu/libnsl-2.23.so
7f6625f4e000-7f6625f50000 rw-p 00000000 00:00 0 
7f6625f50000-7f6625f58000 r-xp 00000000 08:09 24382892                   /lib/x86_64-linux-gnu/libnss_compat-2.23.so
7f6625f58000-7f6626157000 ---p 00008000 08:09 24382892                   /lib/x86_64-linux-gnu/libnss_compat-2.23.so
7f6626157000-7f6626158000 r--p 00007000 08:09 24382892                   /lib/x86_64-linux-gnu/libnss_compat-2.23.so
7f6626158000-7f6626159000 rw-p 00008000 08:09 24382892                   /lib/x86_64-linux-gnu/libnss_compat-2.23.so
7f6626159000-7f6626186000 r-xp 00000000 08:09 7085444                    /usr/lib/jvm/java-8-openjdk-amd64/jre/lib/amd64/libjava.so
7f6626186000-7f6626385000 ---p 0002d000 08:09 7085444                    /usr/lib/jvm/java-8-openjdk-amd64/jre/lib/amd64/libjava.so
7f6626385000-7f6626386000 r--p 0002c000 08:09 7085444                    /usr/lib/jvm/java-8-openjdk-amd64/jre/lib/amd64/libjava.so
7f6626386000-7f6626388000 rw-p 0002d000 08:09 7085444                    /usr/lib/jvm/java-8-openjdk-amd64/jre/lib/amd64/libjava.so
7f6626388000-7f6626397000 r-xp 00000000 08:09 7085412                    /usr/lib/jvm/java-8-openjdk-amd64/jre/lib/amd64/libverify.so
7f6626397000-7f6626596000 ---p 0000f000 08:09 7085412                    /usr/lib/jvm/java-8-openjdk-amd64/jre/lib/amd64/libverify.so
7f6626596000-7f6626598000 r--p 0000e000 08:09 7085412                    /usr/lib/jvm/java-8-openjdk-amd64/jre/lib/amd64/libverify.so
7f6626598000-7f6626599000 rw-p 00010000 08:09 7085412                    /usr/lib/jvm/java-8-openjdk-amd64/jre/lib/amd64/libverify.so
7f6626599000-7f66265a0000 r-xp 00000000 08:09 24382893                   /lib/x86_64-linux-gnu/librt-2.23.so
7f66265a0000-7f662679f000 ---p 00007000 08:09 24382893                   /lib/x86_64-linux-gnu/librt-2.23.so
7f662679f000-7f66267a0000 r--p 00006000 08:09 24382893                   /lib/x86_64-linux-gnu/librt-2.23.so
7f66267a0000-7f66267a1000 rw-p 00007000 08:09 24382893                   /lib/x86_64-linux-gnu/librt-2.23.so
7f66267a1000-7f66267b7000 r-xp 00000000 08:09 24383888                   /lib/x86_64-linux-gnu/libgcc_s.so.1
7f66267b7000-7f66269b6000 ---p 00016000 08:09 24383888                   /lib/x86_64-linux-gnu/libgcc_s.so.1
7f66269b6000-7f66269b7000 rw-p 00015000 08:09 24383888                   /lib/x86_64-linux-gnu/libgcc_s.so.1
7f66269b7000-7f6626abf000 r-xp 00000000 08:09 24382882                   /lib/x86_64-linux-gnu/libm-2.23.so
7f6626abf000-7f6626cbe000 ---p 00108000 08:09 24382882                   /lib/x86_64-linux-gnu/libm-2.23.so
7f6626cbe000-7f6626cbf000 r--p 00107000 08:09 24382882                   /lib/x86_64-linux-gnu/libm-2.23.so
7f6626cbf000-7f6626cc0000 rw-p 00108000 08:09 24382882                   /lib/x86_64-linux-gnu/libm-2.23.so
7f6626cc0000-7f6626e32000 r-xp 00000000 08:09 2888511                    /usr/lib/x86_64-linux-gnu/libstdc++.so.6.0.21
7f6626e32000-7f6627032000 ---p 00172000 08:09 2888511                    /usr/lib/x86_64-linux-gnu/libstdc++.so.6.0.21
7f6627032000-7f662703c000 r--p 00172000 08:09 2888511                    /usr/lib/x86_64-linux-gnu/libstdc++.so.6.0.21
7f662703c000-7f662703e000 rw-p 0017c000 08:09 2888511                    /usr/lib/x86_64-linux-gnu/libstdc++.so.6.0.21
7f662703e000-7f6627042000 rw-p 00000000 00:00 0 
7f6627042000-7f6627c92000 r-xp 00000000 08:09 7085439                    /usr/lib/jvm/java-8-openjdk-amd64/jre/lib/amd64/server/libjvm.so
7f6627c92000-7f6627e91000 ---p 00c50000 08:09 7085439                    /usr/lib/jvm/java-8-openjdk-amd64/jre/lib/amd64/server/libjvm.so
7f6627e91000-7f6627f24000 r--p 00c4f000 08:09 7085439                    /usr/lib/jvm/java-8-openjdk-amd64/jre/lib/amd64/server/libjvm.so
7f6627f24000-7f6627f4d000 rw-p 00ce2000 08:09 7085439                    /usr/lib/jvm/java-8-openjdk-amd64/jre/lib/amd64/server/libjvm.so
7f6627f4d000-7f6627f7d000 rw-p 00000000 00:00 0 
7f6627f7d000-7f6627f95000 r-xp 00000000 08:09 24382897                   /lib/x86_64-linux-gnu/libpthread-2.23.so
7f6627f95000-7f6628194000 ---p 00018000 08:09 24382897                   /lib/x86_64-linux-gnu/libpthread-2.23.so
7f6628194000-7f6628195000 r--p 00017000 08:09 24382897                   /lib/x86_64-linux-gnu/libpthread-2.23.so
7f6628195000-7f6628196000 rw-p 00018000 08:09 24382897                   /lib/x86_64-linux-gnu/libpthread-2.23.so
7f6628196000-7f662819a000 rw-p 00000000 00:00 0 
7f662819a000-7f662819d000 r-xp 00000000 08:09 24382880                   /lib/x86_64-linux-gnu/libdl-2.23.so
7f662819d000-7f662839c000 ---p 00003000 08:09 24382880                   /lib/x86_64-linux-gnu/libdl-2.23.so
7f662839c000-7f662839d000 r--p 00002000 08:09 24382880                   /lib/x86_64-linux-gnu/libdl-2.23.so
7f662839d000-7f662839e000 rw-p 00003000 08:09 24382880                   /lib/x86_64-linux-gnu/libdl-2.23.so
7f662839e000-7f66283b7000 r-xp 00000000 08:09 24384041                   /lib/x86_64-linux-gnu/libz.so.1.2.8
7f66283b7000-7f66285b6000 ---p 00019000 08:09 24384041                   /lib/x86_64-linux-gnu/libz.so.1.2.8
7f66285b6000-7f66285b7000 r--p 00018000 08:09 24384041                   /lib/x86_64-linux-gnu/libz.so.1.2.8
7f66285b7000-7f66285b8000 rw-p 00019000 08:09 24384041                   /lib/x86_64-linux-gnu/libz.so.1.2.8
7f66285b8000-7f6628777000 r-xp 00000000 08:09 24382884                   /lib/x86_64-linux-gnu/libc-2.23.so
7f6628777000-7f6628977000 ---p 001bf000 08:09 24382884                   /lib/x86_64-linux-gnu/libc-2.23.so
7f6628977000-7f662897b000 r--p 001bf000 08:09 24382884                   /lib/x86_64-linux-gnu/libc-2.23.so
7f662897b000-7f662897d000 rw-p 001c3000 08:09 24382884                   /lib/x86_64-linux-gnu/libc-2.23.so
7f662897d000-7f6628981000 rw-p 00000000 00:00 0 
7f6628981000-7f662898e000 r-xp 00000000 08:09 7085434                    /usr/lib/jvm/java-8-openjdk-amd64/jre/lib/amd64/jli/libjli.so
7f662898e000-7f6628b8e000 ---p 0000d000 08:09 7085434                    /usr/lib/jvm/java-8-openjdk-amd64/jre/lib/amd64/jli/libjli.so
7f6628b8e000-7f6628b8f000 r--p 0000d000 08:09 7085434                    /usr/lib/jvm/java-8-openjdk-amd64/jre/lib/amd64/jli/libjli.so
7f6628b8f000-7f6628b90000 rw-p 0000e000 08:09 7085434                    /usr/lib/jvm/java-8-openjdk-amd64/jre/lib/amd64/jli/libjli.so
7f6628b90000-7f6628bb6000 r-xp 00000000 08:09 24382885                   /lib/x86_64-linux-gnu/ld-2.23.so
7f6628bb6000-7f6628bb7000 r--s 00004000 08:09 10748172                   /opt/eclipse/plugins/org.eclipse.swt_3.105.0.v20160603-0902.jar
7f6628bb7000-7f6628bb9000 r--s 00001000 08:09 7085456                    /usr/lib/jvm/java-8-openjdk-amd64/jre/lib/ext/dnsns.jar
7f6628bb9000-7f6628bbb000 r--s 00008000 08:09 7085454                    /usr/lib/jvm/java-8-openjdk-amd64/jre/lib/ext/sunec.jar
7f6628bbb000-7f6628c86000 rw-p 00000000 00:00 0 
7f6628c86000-7f6628c89000 ---p 00000000 00:00 0 
7f6628c89000-7f6628d8c000 rw-p 00000000 00:00 0 
7f6628d8c000-7f6628d8d000 r--s 00010000 08:09 7085459                    /usr/lib/jvm/java-8-openjdk-amd64/jre/lib/ext/zipfs.jar
7f6628d8d000-7f6628d8e000 r--s 0000a000 08:09 7085463                    /usr/lib/jvm/java-8-openjdk-amd64/jre/lib/ext/jaccess.jar
7f6628d8e000-7f6628da9000 r--s 00394000 08:09 7085458                    /usr/lib/jvm/java-8-openjdk-amd64/jre/lib/ext/cldrdata.jar
7f6628da9000-7f6628db1000 rw-s 00000000 08:09 18612653                   /tmp/hsperfdata_hrishi/11346 (deleted)
7f6628db1000-7f6628db2000 rw-p 00000000 00:00 0 
7f6628db2000-7f6628db3000 ---p 00000000 00:00 0 
7f6628db3000-7f6628db5000 rw-p 00000000 00:00 0 
7f6628db5000-7f6628db6000 r--p 00025000 08:09 24382885                   /lib/x86_64-linux-gnu/ld-2.23.so
7f6628db6000-7f6628db7000 rw-p 00026000 08:09 24382885                   /lib/x86_64-linux-gnu/ld-2.23.so
7f6628db7000-7f6628db8000 rw-p 00000000 00:00 0 
7fffd2027000-7fffd204a000 rw-p 00000000 00:00 0                          [stack]
7fffd20c8000-7fffd20ca000 r--p 00000000 00:00 0                          [vvar]
7fffd20ca000-7fffd20cc000 r-xp 00000000 00:00 0                          [vdso]
ffffffffff600000-ffffffffff601000 r-xp 00000000 00:00 0                  [vsyscall]

VM Arguments:
jvm_args: -Dfile.encoding=UTF-8 
java_command: RCPConsole
java_class_path (initial): /opt/eclipse/plugins/org.eclipse.core.runtime_3.12.0.v20160606-1342.jar:/opt/eclipse/plugins/javax.inject_1.0.0.v20091030.jar:/opt/eclipse/plugins/org.eclipse.osgi_3.11.0.v20160603-1336.jar:/opt/eclipse/plugins/org.eclipse.osgi.compatibility.state_1.0.200.v20160504-1419.jar:/opt/eclipse/plugins/org.eclipse.equinox.common_3.8.0.v20160509-1230.jar:/opt/eclipse/plugins/org.eclipse.core.jobs_3.8.0.v20160509-0411.jar:/opt/eclipse/plugins/org.eclipse.equinox.registry_3.6.100.v20160223-2218.jar:/opt/eclipse/plugins/org.eclipse.equinox.preferences_3.6.0.v20160120-1756.jar:/opt/eclipse/plugins/org.eclipse.core.contenttype_3.5.100.v20160418-1621.jar:/opt/eclipse/plugins/org.eclipse.equinox.app_1.3.400.v20150715-1528.jar:/opt/eclipse/plugins/org.eclipse.ui_3.108.0.v20160518-1929.jar:/opt/eclipse/plugins/org.eclipse.swt_3.105.0.v20160603-0902.jar:/opt/eclipse/plugins/org.eclipse.swt.gtk.linux.x86_64_3.105.0.v20160603-0902.jar:/opt/eclipse/plugins/org.eclipse.jface_3.12.0.v20160518-1929.jar:/opt/eclipse/plugins/org.eclipse.core.commands_3.8.0.v20160316-1921.jar:/opt/eclipse/plugins/org.eclipse.ui.workbench_3.108.0.v20160602-1232.jar:/opt/eclipse/plugins/org.eclipse.e4.ui.workbench3_0.13.100.v20160506-0759.jar:/opt/eclipse/plugins/org.eclipse.ui.console_3.6.200.v20160518-1858.jar:/opt/eclipse/plugins/org.eclipse.emf.ecore_2.12.0.v20160420-0247.jar:/opt/eclipse/plugins/org.eclipse.emf.common_2.12.0.v20160420-0247.jar:/opt/eclipse/plugins/org.eclipse.emf.ecore.xmi_2.12.0.v20160420-0247.jar:/home/hrishi/.eclipse/org.eclipse.platform_4.6.0_1473617060_linux_gtk_x86_64/plugins/fr.irisa.cairn.eclipse.tom_2.10.0.201612051604/libs/aircube-bundle.jar:/home/hrishi/.eclipse/org.eclipse.platform_4.6.0_1473617060_linux_gtk_x86_64/plugins/fr.irisa.cairn.graph_1.0.0.201612051604:/home/hrishi/.eclipse/org.eclipse.platform_4.6.0_1473617060_linux_gtk_x86_64/plugins/fr.irisa.cairn.graph_1.0.0.201612051604/lib/jgrapht-ext-0.9.1-uber.jar:/opt/eclipse/plugins/com.google.inj
Launcher Type: SUN_STANDARD

Environment Variables:
PATH=/home/hrishi/torch/install/bin:/usr/local/sbin:/usr/local/bin:/usr/sbin:/usr/bin:/sbin:/bin:/usr/games:/usr/local/games:/snap/bin
LD_LIBRARY_PATH=/home/hrishi/torch/install/lib:
SHELL=/bin/bash
DISPLAY=:0
DYLD_LIBRARY_PATH=/home/hrishi/torch/install/lib:

Signal Handlers:
SIGSEGV: [libjvm.so+0xa66fd0], sa_mask[0]=11111111011111111101111111111110, sa_flags=SA_RESTART|SA_SIGINFO
SIGBUS: [libjvm.so+0xa66fd0], sa_mask[0]=11111111011111111101111111111110, sa_flags=SA_RESTART|SA_SIGINFO
SIGFPE: [libjvm.so+0x8b0180], sa_mask[0]=11111111011111111101111111111110, sa_flags=SA_RESTART|SA_SIGINFO
SIGPIPE: [libjvm.so+0x8b0180], sa_mask[0]=11111111011111111101111111111110, sa_flags=SA_RESTART|SA_SIGINFO
SIGXFSZ: [libjvm.so+0x8b0180], sa_mask[0]=11111111011111111101111111111110, sa_flags=SA_RESTART|SA_SIGINFO
SIGILL: [libjvm.so+0x8b0180], sa_mask[0]=11111111011111111101111111111110, sa_flags=SA_RESTART|SA_SIGINFO
SIGUSR1: SIG_DFL, sa_mask[0]=00000000000000000000000000000000, sa_flags=none
SIGUSR2: [libjvm.so+0x8b0030], sa_mask[0]=00100000000000000000000000000000, sa_flags=SA_RESTART|SA_SIGINFO
SIGHUP: [libjvm.so+0x8b0500], sa_mask[0]=11111111011111111101111111111110, sa_flags=SA_RESTART|SA_SIGINFO
SIGINT: [libjvm.so+0x8b0500], sa_mask[0]=11111111011111111101111111111110, sa_flags=SA_RESTART|SA_SIGINFO
SIGTERM: [libjvm.so+0x8b0500], sa_mask[0]=11111111011111111101111111111110, sa_flags=SA_RESTART|SA_SIGINFO
SIGQUIT: [libjvm.so+0x8b0500], sa_mask[0]=11111111011111111101111111111110, sa_flags=SA_RESTART|SA_SIGINFO


---------------  S Y S T E M  ---------------

OS:DISTRIB_ID=Ubuntu
DISTRIB_RELEASE=16.04
DISTRIB_CODENAME=xenial
DISTRIB_DESCRIPTION="Ubuntu 16.04 LTS"

uname:Linux 4.4.0-72-generic #93-Ubuntu SMP Fri Mar 31 14:07:41 UTC 2017 x86_64
libc:glibc 2.23 NPTL 2.23 
rlimit: STACK 8192k, CORE 0k, NPROC 31118, NOFILE 65536, AS infinity
load average:3.61 1.82 0.88

/proc/meminfo:
MemTotal:        8084688 kB
MemFree:         3251504 kB
MemAvailable:    3418904 kB
Buffers:            9360 kB
Cached:           545316 kB
SwapCached:        22388 kB
Active:          3506216 kB
Inactive:         987540 kB
Active(anon):    3358484 kB
Inactive(anon):   800328 kB
Active(file):     147732 kB
Inactive(file):   187212 kB
Unevictable:         728 kB
Mlocked:             728 kB
SwapTotal:      12000252 kB
SwapFree:       10794604 kB
Dirty:               564 kB
Writeback:          1536 kB
AnonPages:       3929688 kB
Mapped:           305024 kB
Shmem:            218608 kB
Slab:             166164 kB
SReclaimable:     105728 kB
SUnreclaim:        60436 kB
KernelStack:       14608 kB
PageTables:        69476 kB
NFS_Unstable:          0 kB
Bounce:                0 kB
WritebackTmp:          0 kB
CommitLimit:    16042596 kB
Committed_AS:   14355124 kB
VmallocTotal:   34359738367 kB
VmallocUsed:           0 kB
VmallocChunk:          0 kB
HardwareCorrupted:     0 kB
AnonHugePages:    972800 kB
CmaTotal:              0 kB
CmaFree:               0 kB
HugePages_Total:       0
HugePages_Free:        0
HugePages_Rsvd:        0
HugePages_Surp:        0
Hugepagesize:       2048 kB
DirectMap4k:      589704 kB
DirectMap2M:     7708672 kB
DirectMap1G:           0 kB


CPU:total 4 (2 cores per cpu, 2 threads per core) family 6 model 61 stepping 4, cmov, cx8, fxsr, mmx, sse, sse2, sse3, ssse3, sse4.1, sse4.2, popcnt, avx, avx2, aes, clmul, erms, 3dnowpref, lzcnt, ht, tsc, tscinvbit, bmi1, bmi2, adx

/proc/cpuinfo:
processor	: 0
vendor_id	: GenuineIntel
cpu family	: 6
model		: 61
model name	: Intel(R) Core(TM) i5-5200U CPU @ 2.20GHz
stepping	: 4
microcode	: 0x12
cpu MHz		: 2424.898
cache size	: 3072 KB
physical id	: 0
siblings	: 4
core id		: 0
cpu cores	: 2
apicid		: 0
initial apicid	: 0
fpu		: yes
fpu_exception	: yes
cpuid level	: 20
wp		: yes
flags		: fpu vme de pse tsc msr pae mce cx8 apic sep mtrr pge mca cmov pat pse36 clflush dts acpi mmx fxsr sse sse2 ss ht tm pbe syscall nx pdpe1gb rdtscp lm constant_tsc arch_perfmon pebs bts rep_good nopl xtopology nonstop_tsc aperfmperf eagerfpu pni pclmulqdq dtes64 monitor ds_cpl vmx est tm2 ssse3 sdbg fma cx16 xtpr pdcm pcid sse4_1 sse4_2 x2apic movbe popcnt tsc_deadline_timer aes xsave avx f16c rdrand lahf_lm abm 3dnowprefetch epb intel_pt tpr_shadow vnmi flexpriority ept vpid fsgsbase tsc_adjust bmi1 avx2 smep bmi2 erms invpcid rdseed adx smap xsaveopt dtherm ida arat pln pts
bugs		:
bogomips	: 4389.32
clflush size	: 64
cache_alignment	: 64
address sizes	: 39 bits physical, 48 bits virtual
power management:

processor	: 1
vendor_id	: GenuineIntel
cpu family	: 6
model		: 61
model name	: Intel(R) Core(TM) i5-5200U CPU @ 2.20GHz
stepping	: 4
microcode	: 0x12
cpu MHz		: 2428.937
cache size	: 3072 KB
physical id	: 0
siblings	: 4
core id		: 1
cpu cores	: 2
apicid		: 2
initial apicid	: 2
fpu		: yes
fpu_exception	: yes
cpuid level	: 20
wp		: yes
flags		: fpu vme de pse tsc msr pae mce cx8 apic sep mtrr pge mca cmov pat pse36 clflush dts acpi mmx fxsr sse sse2 ss ht tm pbe syscall nx pdpe1gb rdtscp lm constant_tsc arch_perfmon pebs bts rep_good nopl xtopology nonstop_tsc aperfmperf eagerfpu pni pclmulqdq dtes64 monitor ds_cpl vmx est tm2 ssse3 sdbg fma cx16 xtpr pdcm pcid sse4_1 sse4_2 x2apic movbe popcnt tsc_deadline_timer aes xsave avx f16c rdrand lahf_lm abm 3dnowprefetch epb intel_pt tpr_shadow vnmi flexpriority ept vpid fsgsbase tsc_adjust bmi1 avx2 smep bmi2 erms invpcid rdseed adx smap xsaveopt dtherm ida arat pln pts
bugs		:
bogomips	: 4389.32
clflush size	: 64
cache_alignment	: 64
address sizes	: 39 bits physical, 48 bits virtual
power management:

processor	: 2
vendor_id	: GenuineIntel
cpu family	: 6
model		: 61
model name	: Intel(R) Core(TM) i5-5200U CPU @ 2.20GHz
stepping	: 4
microcode	: 0x12
cpu MHz		: 2335.781
cache size	: 3072 KB
physical id	: 0
siblings	: 4
core id		: 0
cpu cores	: 2
apicid		: 1
initial apicid	: 1
fpu		: yes
fpu_exception	: yes
cpuid level	: 20
wp		: yes
flags		: fpu vme de pse tsc msr pae mce cx8 apic sep mtrr pge mca cmov pat pse36 clflush dts acpi mmx fxsr sse sse2 ss ht tm pbe syscall nx pdpe1gb rdtscp lm constant_tsc arch_perfmon pebs bts rep_good nopl xtopology nonstop_tsc aperfmperf eagerfpu pni pclmulqdq dtes64 monitor ds_cpl vmx est tm2 ssse3 sdbg fma cx16 xtpr pdcm pcid sse4_1 sse4_2 x2apic movbe popcnt tsc_deadline_timer aes xsave avx f16c rdrand lahf_lm abm 3dnowprefetch epb intel_pt tpr_shadow vnmi flexpriority ept vpid fsgsbase tsc_adjust bmi1 avx2 smep bmi2 erms invpcid rdseed adx smap xsaveopt dtherm ida arat pln pts
bugs		:
bogomips	: 4389.32
clflush size	: 64
cache_alignment	: 64
address sizes	: 39 bits physical, 48 bits virtual
power management:

processor	: 3
vendor_id	: GenuineIntel
cpu family	: 6
model		: 61
model name	: Intel(R) Core(TM) i5-5200U CPU @ 2.20GHz
stepping	: 4
microcode	: 0x12
cpu MHz		: 2407.710
cache size	: 3072 KB
physical id	: 0
siblings	: 4
core id		: 1
cpu cores	: 2
apicid		: 3
initial apicid	: 3
fpu		: yes
fpu_exception	: yes
cpuid level	: 20
wp		: yes
flags		: fpu vme de pse tsc msr pae mce cx8 apic sep mtrr pge mca cmov pat pse36 clflush dts acpi mmx fxsr sse sse2 ss ht tm pbe syscall nx pdpe1gb rdtscp lm constant_tsc arch_perfmon pebs bts rep_good nopl xtopology nonstop_tsc aperfmperf eagerfpu pni pclmulqdq dtes64 monitor ds_cpl vmx est tm2 ssse3 sdbg fma cx16 xtpr pdcm pcid sse4_1 sse4_2 x2apic movbe popcnt tsc_deadline_timer aes xsave avx f16c rdrand lahf_lm abm 3dnowprefetch epb intel_pt tpr_shadow vnmi flexpriority ept vpid fsgsbase tsc_adjust bmi1 avx2 smep bmi2 erms invpcid rdseed adx smap xsaveopt dtherm ida arat pln pts
bugs		:
bogomips	: 4389.32
clflush size	: 64
cache_alignment	: 64
address sizes	: 39 bits physical, 48 bits virtual
power management:



Memory: 4k page, physical 8084688k(3251504k free), swap 12000252k(10794604k free)

vm_info: OpenJDK 64-Bit Server VM (25.121-b13) for linux-amd64 JRE (1.8.0_121-8u121-b13-0ubuntu1.16.04.2-b13), built on Jan 23 2017 15:51:29 by "buildd" with gcc 5.4.0 20160609

time: Sat Apr 15 19:11:02 2017
elapsed time: 2952 seconds (0d 0h 49m 12s)

