#
# A fatal error has been detected by the Java Runtime Environment:
#
#  SIGSEGV (0xb) at pc=0x0000000000046b20, pid=15817, tid=0x00007f4890e5d700
#
# JRE version: OpenJDK Runtime Environment (8.0_121-b13) (build 1.8.0_121-8u121-b13-0ubuntu1.16.04.2-b13)
# Java VM: OpenJDK 64-Bit Server VM (25.121-b13 mixed mode linux-amd64 compressed oops)
# Problematic frame:
# C  0x0000000000046b20
#
# Failed to write core dump. Core dumps have been disabled. To enable core dumping, try "ulimit -c unlimited" before starting Java again
#
# If you would like to submit a bug report, please visit:
#   http://bugreport.java.com/bugreport/crash.jsp
#

---------------  T H R E A D  ---------------

Current thread is native thread

siginfo: si_signo: 11 (SIGSEGV), si_code: 1 (SEGV_MAPERR), si_addr: 0x0000000000046b20

Registers:
RAX=0x00007f486247e248, RBX=0x00007f4888918980, RCX=0x0000000000000000, RDX=0x0000000000000000
RSP=0x00007ffece6b7868, RBP=0x00007ffece6b79c0, RSI=0x0000000000000000, RDI=0x00007f489068c140
R8 =0x0000000000000000, R9 =0x00007f4890a53808, R10=0x00007f489068c0c0, R11=0x00007f48906c72d0
R12=0x00007f486247e1a8, R13=0x0000000000000000, R14=0x00007ffece6b7870, R15=0x0000000000000012
RIP=0x0000000000046b20, EFLAGS=0x0000000000010202, CSGSFS=0x0000000000000033, ERR=0x0000000000000014
  TRAPNO=0x000000000000000e

Top of Stack: (sp=0x00007ffece6b7868)
0x00007ffece6b7868:   00007f4890c75c17 00007f4890e8c168
0x00007ffece6b7878:   00007f4890e8c700 00007f4890e897a8
0x00007ffece6b7888:   00007f48880009a0 00007f488800b570
0x00007ffece6b7898:   00007f488800cbf0 00007f488800ba20
0x00007ffece6b78a8:   00007f488800d0a0 00007f4888019ae0
0x00007ffece6b78b8:   00007f4888001bd0 00007f48880014a0
0x00007ffece6b78c8:   000000000155a150 000000000155a680
0x00007ffece6b78d8:   000000000155b4c0 000000000155aba0
0x00007ffece6b78e8:   00007f4890e5f000 00007f4890e60b00
0x00007ffece6b78f8:   00007f4890e60618 00007f4888918980
0x00007ffece6b7908:   00007f4888946cd0 00007f4888947230
0x00007ffece6b7918:   00007f4890e60000 00007f4890e8b9d8
0x00007ffece6b7928:   00007f4890c75964 00007ffece6b7870
0x00007ffece6b7938:   0000000000000006 00007ffece6b78a0
0x00007ffece6b7948:   0000000000000001 0000000000000006
0x00007ffece6b7958:   00007ffece6b7930 0000001790a51c40
0x00007ffece6b7968:   00007ffece6b7870 0000001700000000
0x00007ffece6b7978:   00007f4890e8b048 00007ffece6b7840
0x00007ffece6b7988:   0000000000000000 0000000000000001
0x00007ffece6b7998:   0000000000000001 0000000000000001
0x00007ffece6b79a8:   00007f4890a51c40 0000000000000000
0x00007ffece6b79b8:   0000000000000000 00007f4890a505f8
0x00007ffece6b79c8:   00007f48906c6ff8 00000000004007bc
0x00007ffece6b79d8:   0000000000000000 0000000000400730
0x00007ffece6b79e8:   0000000000400630 00007ffece6b7ae0
0x00007ffece6b79f8:   00007f48906c7045 0000000000400730
0x00007ffece6b7a08:   00007f48906ad837 0000000000000000
0x00007ffece6b7a18:   00007ffece6b7ae8 0000000590e8aca0
0x00007ffece6b7a28:   00000000004005e0 0000000000000000
0x00007ffece6b7a38:   52c18c74325c457e 0000000000400630
0x00007ffece6b7a48:   00007ffece6b7ae0 0000000000000000
0x00007ffece6b7a58:   0000000000000000 ad3c1022c81c457e 

Instructions: (pc=0x0000000000046b20)
0x0000000000046b00:   
[error occurred during error reporting (printing registers, top of stack, instructions near pc), id 0xb]

Register to memory mapping:

RAX=
[error occurred during error reporting (printing register info), id 0xb]

Stack: [0x00007ffece5bb000,0x00007ffece6bb000],  sp=0x00007ffece6b7868,  free space=1010k
Native frames: (J=compiled Java code, j=interpreted, Vv=VM code, C=native code)
C  0x0000000000046b20


---------------  P R O C E S S  ---------------

VM state:at safepoint (shutting down)

VM Mutex/Monitor currently owned by a thread:  ([mutex/lock_event])
[0x00007f4888009dd0] Threads_lock - owner thread: 0x00007f488807b000

Heap:
 PSYoungGen      total 68608K, used 43752K [0x00000000d6e00000, 0x00000000db600000, 0x0000000100000000)
  eden space 63488K, 60% used [0x00000000d6e00000,0x00000000d93c2028,0x00000000dac00000)
  from space 5120K, 99% used [0x00000000db100000,0x00000000db5f8020,0x00000000db600000)
  to   space 5120K, 0% used [0x00000000dac00000,0x00000000dac00000,0x00000000db100000)
 ParOldGen       total 84992K, used 10927K [0x0000000084a00000, 0x0000000089d00000, 0x00000000d6e00000)
  object space 84992K, 12% used [0x0000000084a00000,0x00000000854abcd8,0x0000000089d00000)
 Metaspace       used 19154K, capacity 19262K, committed 19456K, reserved 1067008K
  class space    used 2487K, capacity 2525K, committed 2560K, reserved 1048576K

Card table byte_map: [0x00007f488d049000,0x00007f488d425000] byte_map_base: 0x00007f488cc24000

Marking Bits: (ParMarkBitMap*) 0x00007f4890035220
 Begin Bits: [0x00007f4868250000, 0x00007f486a128000)
 End Bits:   [0x00007f486a128000, 0x00007f486c000000)

Polling page: 0x00007f4890e87000

CodeCache: size=245760Kb used=7187Kb max_used=7232Kb free=238572Kb
 bounds [0x00007f4879000000, 0x00007f4879720000, 0x00007f4888000000]
 total_blobs=2562 nmethods=2175 adapters=299
 compilation: enabled

Compilation events (10 events):
Event: 4.861 Thread 0x00007f48880b5000 2177       3       org.polymodel.algebra.factory.IntExpressionBuilder::affine (59 bytes)
Event: 4.863 Thread 0x00007f48880b5000 nmethod 2177 0x00007f48796db590 code [0x00007f48796db860, 0x00007f48796dcc18]
Event: 5.167 Thread 0x00007f48880b0800 nmethod 1900 0x00007f48796e8a50 code [0x00007f48796e94e0, 0x00007f48796f1358]
Event: 5.167 Thread 0x00007f48880b0800 2152       4       org.eclipse.emf.ecore.impl.BasicEObjectImpl::eDirectResource (20 bytes)
Event: 5.168 Thread 0x00007f48880b0800 nmethod 2152 0x00007f48796e5ad0 code [0x00007f48796e5c20, 0x00007f48796e5cd8]
Event: 5.168 Thread 0x00007f48880b0800 2157  s    4       java.lang.StringBuffer::toString (36 bytes)
Event: 5.171 Thread 0x00007f48880b0800 nmethod 2157 0x00007f48796e6c90 code [0x00007f48796e6e00, 0x00007f48796e7358]
Event: 5.171 Thread 0x00007f48880b0800 2158       4       java.util.AbstractSet::<init> (5 bytes)
Event: 5.171 Thread 0x00007f48880b0800 nmethod 2158 0x00007f48795ee390 code [0x00007f48795ee4e0, 0x00007f48795ee538]
Event: 5.381 Thread 0x00007f48880b3800 nmethod 2148 0x00007f48797082d0 code [0x00007f4879708de0, 0x00007f4879710f20]

GC Heap History (8 events):
Event: 2.802 GC heap before
{Heap before GC invocations=1 (full 0):
 PSYoungGen      total 36864K, used 31744K [0x00000000d6e00000, 0x00000000d9700000, 0x0000000100000000)
  eden space 31744K, 100% used [0x00000000d6e00000,0x00000000d8d00000,0x00000000d8d00000)
  from space 5120K, 0% used [0x00000000d9200000,0x00000000d9200000,0x00000000d9700000)
  to   space 5120K, 0% used [0x00000000d8d00000,0x00000000d8d00000,0x00000000d9200000)
 ParOldGen       total 84992K, used 0K [0x0000000084a00000, 0x0000000089d00000, 0x00000000d6e00000)
  object space 84992K, 0% used [0x0000000084a00000,0x0000000084a00000,0x0000000089d00000)
 Metaspace       used 6628K, capacity 6722K, committed 7040K, reserved 1056768K
  class space    used 738K, capacity 787K, committed 896K, reserved 1048576K
Event: 2.815 GC heap after
Heap after GC invocations=1 (full 0):
 PSYoungGen      total 36864K, used 5114K [0x00000000d6e00000, 0x00000000d9700000, 0x0000000100000000)
  eden space 31744K, 0% used [0x00000000d6e00000,0x00000000d6e00000,0x00000000d8d00000)
  from space 5120K, 99% used [0x00000000d8d00000,0x00000000d91fe8e0,0x00000000d9200000)
  to   space 5120K, 0% used [0x00000000d9200000,0x00000000d9200000,0x00000000d9700000)
 ParOldGen       total 84992K, used 913K [0x0000000084a00000, 0x0000000089d00000, 0x00000000d6e00000)
  object space 84992K, 1% used [0x0000000084a00000,0x0000000084ae4518,0x0000000089d00000)
 Metaspace       used 6628K, capacity 6722K, committed 7040K, reserved 1056768K
  class space    used 738K, capacity 787K, committed 896K, reserved 1048576K
}
Event: 3.362 GC heap before
{Heap before GC invocations=2 (full 0):
 PSYoungGen      total 36864K, used 36858K [0x00000000d6e00000, 0x00000000d9700000, 0x0000000100000000)
  eden space 31744K, 100% used [0x00000000d6e00000,0x00000000d8d00000,0x00000000d8d00000)
  from space 5120K, 99% used [0x00000000d8d00000,0x00000000d91fe8e0,0x00000000d9200000)
  to   space 5120K, 0% used [0x00000000d9200000,0x00000000d9200000,0x00000000d9700000)
 ParOldGen       total 84992K, used 913K [0x0000000084a00000, 0x0000000089d00000, 0x00000000d6e00000)
  object space 84992K, 1% used [0x0000000084a00000,0x0000000084ae4518,0x0000000089d00000)
 Metaspace       used 10427K, capacity 10536K, committed 10624K, reserved 1058816K
  class space    used 1304K, capacity 1332K, committed 1408K, reserved 1048576K
Event: 3.371 GC heap after
Heap after GC invocations=2 (full 0):
 PSYoungGen      total 36864K, used 5088K [0x00000000d6e00000, 0x00000000db600000, 0x0000000100000000)
  eden space 31744K, 0% used [0x00000000d6e00000,0x00000000d6e00000,0x00000000d8d00000)
  from space 5120K, 99% used [0x00000000d9200000,0x00000000d96f8020,0x00000000d9700000)
  to   space 5120K, 0% used [0x00000000d8d00000,0x00000000d8d00000,0x00000000d9200000)
 ParOldGen       total 84992K, used 4489K [0x0000000084a00000, 0x0000000089d00000, 0x00000000d6e00000)
  object space 84992K, 5% used [0x0000000084a00000,0x0000000084e62408,0x0000000089d00000)
 Metaspace       used 10427K, capacity 10536K, committed 10624K, reserved 1058816K
  class space    used 1304K, capacity 1332K, committed 1408K, reserved 1048576K
}
Event: 3.687 GC heap before
{Heap before GC invocations=3 (full 0):
 PSYoungGen      total 36864K, used 36832K [0x00000000d6e00000, 0x00000000db600000, 0x0000000100000000)
  eden space 31744K, 100% used [0x00000000d6e00000,0x00000000d8d00000,0x00000000d8d00000)
  from space 5120K, 99% used [0x00000000d9200000,0x00000000d96f8020,0x00000000d9700000)
  to   space 5120K, 0% used [0x00000000d8d00000,0x00000000d8d00000,0x00000000d9200000)
 ParOldGen       total 84992K, used 4489K [0x0000000084a00000, 0x0000000089d00000, 0x00000000d6e00000)
  object space 84992K, 5% used [0x0000000084a00000,0x0000000084e62408,0x0000000089d00000)
 Metaspace       used 12505K, capacity 12614K, committed 12928K, reserved 1060864K
  class space    used 1605K, capacity 1657K, committed 1664K, reserved 1048576K
Event: 3.695 GC heap after
Heap after GC invocations=3 (full 0):
 PSYoungGen      total 36864K, used 5088K [0x00000000d6e00000, 0x00000000db600000, 0x0000000100000000)
  eden space 31744K, 0% used [0x00000000d6e00000,0x00000000d6e00000,0x00000000d8d00000)
  from space 5120K, 99% used [0x00000000d8d00000,0x00000000d91f8020,0x00000000d9200000)
  to   space 5120K, 0% used [0x00000000db100000,0x00000000db100000,0x00000000db600000)
 ParOldGen       total 84992K, used 7747K [0x0000000084a00000, 0x0000000089d00000, 0x00000000d6e00000)
  object space 84992K, 9% used [0x0000000084a00000,0x0000000085190d38,0x0000000089d00000)
 Metaspace       used 12505K, capacity 12614K, committed 12928K, reserved 1060864K
  class space    used 1605K, capacity 1657K, committed 1664K, reserved 1048576K
}
Event: 4.304 GC heap before
{Heap before GC invocations=4 (full 0):
 PSYoungGen      total 36864K, used 36832K [0x00000000d6e00000, 0x00000000db600000, 0x0000000100000000)
  eden space 31744K, 100% used [0x00000000d6e00000,0x00000000d8d00000,0x00000000d8d00000)
  from space 5120K, 99% used [0x00000000d8d00000,0x00000000d91f8020,0x00000000d9200000)
  to   space 5120K, 0% used [0x00000000db100000,0x00000000db100000,0x00000000db600000)
 ParOldGen       total 84992K, used 7747K [0x0000000084a00000, 0x0000000089d00000, 0x00000000d6e00000)
  object space 84992K, 9% used [0x0000000084a00000,0x0000000085190d38,0x0000000089d00000)
 Metaspace       used 15168K, capacity 15282K, committed 15616K, reserved 1062912K
  class space    used 1993K, capacity 2011K, committed 2048K, reserved 1048576K
Event: 4.366 GC heap after
Heap after GC invocations=4 (full 0):
 PSYoungGen      total 68608K, used 5088K [0x00000000d6e00000, 0x00000000db600000, 0x0000000100000000)
  eden space 63488K, 0% used [0x00000000d6e00000,0x00000000d6e00000,0x00000000dac00000)
  from space 5120K, 99% used [0x00000000db100000,0x00000000db5f8020,0x00000000db600000)
  to   space 5120K, 0% used [0x00000000dac00000,0x00000000dac00000,0x00000000db100000)
 ParOldGen       total 84992K, used 10927K [0x0000000084a00000, 0x0000000089d00000, 0x00000000d6e00000)
  object space 84992K, 12% used [0x0000000084a00000,0x00000000854abcd8,0x0000000089d00000)
 Metaspace       used 15168K, capacity 15282K, committed 15616K, reserved 1062912K
  class space    used 1993K, capacity 2011K, committed 2048K, reserved 1048576K
}

Deoptimization events (10 events):
Event: 4.663 Thread 0x00007f488800d800 Uncommon trap: reason=array_check action=maybe_recompile pc=0x00007f48795f5dbc method=org.eclipse.emf.common.util.BasicEList.assign(ILjava/lang/Object;)Ljava/lang/Object; @ 6
Event: 4.663 Thread 0x00007f488800d800 Uncommon trap: reason=array_check action=maybe_recompile pc=0x00007f48795f5dbc method=org.eclipse.emf.common.util.BasicEList.assign(ILjava/lang/Object;)Ljava/lang/Object; @ 6
Event: 4.663 Thread 0x00007f488800d800 Uncommon trap: reason=array_check action=maybe_recompile pc=0x00007f48795f5dbc method=org.eclipse.emf.common.util.BasicEList.assign(ILjava/lang/Object;)Ljava/lang/Object; @ 6
Event: 4.663 Thread 0x00007f488800d800 Uncommon trap: reason=array_check action=maybe_recompile pc=0x00007f48795f5dbc method=org.eclipse.emf.common.util.BasicEList.assign(ILjava/lang/Object;)Ljava/lang/Object; @ 6
Event: 4.684 Thread 0x00007f488800d800 Uncommon trap: reason=unstable_if action=reinterpret pc=0x00007f48795d4e90 method=java.util.HashMap.hash(Ljava/lang/Object;)I @ 1
Event: 4.685 Thread 0x00007f488800d800 Uncommon trap: reason=unstable_if action=reinterpret pc=0x00007f48791fab30 method=java.util.HashMap.hash(Ljava/lang/Object;)I @ 1
Event: 4.687 Thread 0x00007f488800d800 Uncommon trap: reason=unstable_if action=reinterpret pc=0x00007f487941360c method=java.util.HashMap.hash(Ljava/lang/Object;)I @ 1
Event: 4.754 Thread 0x00007f488800d800 Uncommon trap: reason=bimorphic action=maybe_recompile pc=0x00007f487953a5d0 method=org.eclipse.emf.ecore.util.EContentsEList$FeatureIteratorImpl.hasNext()Z @ 279
Event: 4.754 Thread 0x00007f488800d800 Uncommon trap: reason=bimorphic action=maybe_recompile pc=0x00007f487953a5d0 method=org.eclipse.emf.ecore.util.EContentsEList$FeatureIteratorImpl.hasNext()Z @ 279
Event: 22955.306 Thread 0x00007f488800d800 Uncommon trap: reason=null_check action=make_not_entrant pc=0x00007f487966116c method=java.lang.StringCoding.deref(Ljava/lang/ThreadLocal;)Ljava/lang/Object; @ 4

Internal exceptions (10 events):
Event: 22902.784 Thread 0x00007f488800d800 Exception <a 'java/io/IOException'> (0x00000000d927c4d0) thrown at [/build/openjdk-8-YiEakL/openjdk-8-8u121-b13/src/hotspot/src/share/vm/prims/jni.cpp, line 709]
Event: 22902.784 Thread 0x00007f488800d800 Exception <a 'java/io/IOException'> (0x00000000d927c768) thrown at [/build/openjdk-8-YiEakL/openjdk-8-8u121-b13/src/hotspot/src/share/vm/prims/jni.cpp, line 709]
Event: 22902.784 Thread 0x00007f488800d800 Exception <a 'java/io/IOException'> (0x00000000d927c9d0) thrown at [/build/openjdk-8-YiEakL/openjdk-8-8u121-b13/src/hotspot/src/share/vm/prims/jni.cpp, line 709]
Event: 22911.769 Thread 0x00007f488800d800 Exception <a 'java/io/IOException'> (0x00000000d927d1c0) thrown at [/build/openjdk-8-YiEakL/openjdk-8-8u121-b13/src/hotspot/src/share/vm/prims/jni.cpp, line 709]
Event: 22911.769 Thread 0x00007f488800d800 Exception <a 'java/io/IOException'> (0x00000000d927d458) thrown at [/build/openjdk-8-YiEakL/openjdk-8-8u121-b13/src/hotspot/src/share/vm/prims/jni.cpp, line 709]
Event: 22911.769 Thread 0x00007f488800d800 Exception <a 'java/io/IOException'> (0x00000000d927d6c0) thrown at [/build/openjdk-8-YiEakL/openjdk-8-8u121-b13/src/hotspot/src/share/vm/prims/jni.cpp, line 709]
Event: 22911.769 Thread 0x00007f488800d800 Exception <a 'java/io/IOException'> (0x00000000d927dc78) thrown at [/build/openjdk-8-YiEakL/openjdk-8-8u121-b13/src/hotspot/src/share/vm/prims/jni.cpp, line 709]
Event: 22911.827 Thread 0x00007f488800d800 Exception <a 'java/io/IOException'> (0x00000000d927df10) thrown at [/build/openjdk-8-YiEakL/openjdk-8-8u121-b13/src/hotspot/src/share/vm/prims/jni.cpp, line 709]
Event: 22911.827 Thread 0x00007f488800d800 Exception <a 'java/io/IOException'> (0x00000000d927e178) thrown at [/build/openjdk-8-YiEakL/openjdk-8-8u121-b13/src/hotspot/src/share/vm/prims/jni.cpp, line 709]
Event: 22954.892 Thread 0x00007f488800d800 Implicit null exception at 0x00007f4879660b4d to 0x00007f4879661155

Events (10 events):
Event: 22917.096 Thread 0x00007f488800d800 Thread exited: 0x00007f488800d800
Event: 22917.796 Thread 0x00007f488800d800 Thread added: 0x00007f488800d800
Event: 22920.853 loading class java/util/IdentityHashMap$KeyIterator
Event: 22922.510 loading class java/util/IdentityHashMap$KeyIterator done
Event: 22923.481 Thread 0x00007f4888ab2000 Thread added: 0x00007f4888ab2000
Event: 22944.088 Thread 0x00007f4888ab2000 Thread exited: 0x00007f4888ab2000
Event: 22955.210 Thread 0x00007f488800d800 Uncommon trap: trap_request=0xfffffff4 fr.pc=0x00007f487966116c
Event: 22959.399 Thread 0x00007f488800d800 DEOPT PACKING pc=0x00007f487966116c sp=0x00007f4890e5a1c0
Event: 22959.399 Thread 0x00007f488800d800 DEOPT UNPACKING pc=0x00007f4879004f69 sp=0x00007f4890e5a0c0 mode 2
Event: 22963.783 Thread 0x00007f488800d800 Thread exited: 0x00007f488800d800


Dynamic libraries:
00400000-00401000 r-xp 00000000 08:09 7087821                            /usr/lib/jvm/java-8-openjdk-amd64/jre/bin/java
00600000-00601000 r--p 00000000 08:09 7087821                            /usr/lib/jvm/java-8-openjdk-amd64/jre/bin/java
00601000-00602000 rw-p 00001000 08:09 7087821                            /usr/lib/jvm/java-8-openjdk-amd64/jre/bin/java
0155a000-0157b000 rw-p 00000000 00:00 0                                  [heap]
84a00000-89d00000 rw-p 00000000 00:00 0 
89d00000-d6e00000 ---p 00000000 00:00 0 
d6e00000-db600000 rw-p 00000000 00:00 0 
db600000-100000000 ---p 00000000 00:00 0 
100000000-100280000 rw-p 00000000 00:00 0 
100280000-140000000 ---p 00000000 00:00 0 
7f482c000000-7f482c021000 rw-p 00000000 00:00 0 
7f482c021000-7f4830000000 ---p 00000000 00:00 0 
7f4834000000-7f4834021000 rw-p 00000000 00:00 0 
7f4834021000-7f4838000000 ---p 00000000 00:00 0 
7f4838000000-7f4838021000 rw-p 00000000 00:00 0 
7f4838021000-7f483c000000 ---p 00000000 00:00 0 
7f483c000000-7f483c021000 rw-p 00000000 00:00 0 
7f483c021000-7f4840000000 ---p 00000000 00:00 0 
7f4840000000-7f4840021000 rw-p 00000000 00:00 0 
7f4840021000-7f4844000000 ---p 00000000 00:00 0 
7f4844000000-7f4845436000 rw-p 00000000 00:00 0 
7f4845436000-7f4848000000 ---p 00000000 00:00 0 
7f4848000000-7f4848768000 rw-p 00000000 00:00 0 
7f4848768000-7f484c000000 ---p 00000000 00:00 0 
7f484c000000-7f484c021000 rw-p 00000000 00:00 0 
7f484c021000-7f4850000000 ---p 00000000 00:00 0 
7f4850000000-7f4851181000 rw-p 00000000 00:00 0 
7f4851181000-7f4854000000 ---p 00000000 00:00 0 
7f4854000000-7f4854021000 rw-p 00000000 00:00 0 
7f4854021000-7f4858000000 ---p 00000000 00:00 0 
7f4858000000-7f4858021000 rw-p 00000000 00:00 0 
7f4858021000-7f485c000000 ---p 00000000 00:00 0 
7f485c000000-7f485c021000 rw-p 00000000 00:00 0 
7f485c021000-7f4860000000 ---p 00000000 00:00 0 
7f4861915000-7f4861918000 ---p 00000000 00:00 0 
7f4861918000-7f4861a96000 rw-p 00000000 00:00 0 
7f4861a96000-7f4861c16000 ---p 00000000 00:00 0 
7f4861c16000-7f4861c8b000 r-xp 00000000 08:09 26877614                   /home/hrishi/workspace/Console/.jnimap.temp.linux_64/libgmp.so.10 (deleted)
7f4861c8b000-7f4861e8a000 ---p 00075000 08:09 26877614                   /home/hrishi/workspace/Console/.jnimap.temp.linux_64/libgmp.so.10 (deleted)
7f4861e8a000-7f4861e8c000 rw-p 00074000 08:09 26877614                   /home/hrishi/workspace/Console/.jnimap.temp.linux_64/libgmp.so.10 (deleted)
7f4861e8c000-7f4861ff4000 r-xp 00000000 08:09 26877613                   /home/hrishi/workspace/Console/.jnimap.temp.linux_64/libisl.so.13 (deleted)
7f4861ff4000-7f48621f3000 ---p 00168000 08:09 26877613                   /home/hrishi/workspace/Console/.jnimap.temp.linux_64/libisl.so.13 (deleted)
7f48621f3000-7f48621fa000 rw-p 00167000 08:09 26877613                   /home/hrishi/workspace/Console/.jnimap.temp.linux_64/libisl.so.13 (deleted)
7f48621fa000-7f486227f000 r-xp 00000000 08:09 26877615                   /home/hrishi/workspace/Console/.jnimap.temp.linux_64/linux_64_libjniisl.so (deleted)
7f486227f000-7f486247e000 ---p 00085000 08:09 26877615                   /home/hrishi/workspace/Console/.jnimap.temp.linux_64/linux_64_libjniisl.so (deleted)
7f486247e000-7f4862481000 rw-p 00084000 08:09 26877615                   /home/hrishi/workspace/Console/.jnimap.temp.linux_64/linux_64_libjniisl.so (deleted)
7f4862481000-7f4862681000 rw-p 00000000 00:00 0 
7f4862681000-7f4862881000 rw-p 00000000 00:00 0 
7f4862881000-7f4862a81000 rw-p 00000000 00:00 0 
7f4862a81000-7f4862a84000 ---p 00000000 00:00 0 
7f4862a84000-7f4862d82000 rw-p 00000000 00:00 0 
7f4862d82000-7f4862d85000 ---p 00000000 00:00 0 
7f4862d85000-7f4862e83000 rw-p 00000000 00:00 0 
7f4862e83000-7f4862e86000 r--s 00015000 08:09 7085469                    /usr/lib/jvm/java-8-openjdk-amd64/jre/lib/jce.jar
7f4862e86000-7f4862e8a000 r--s 0009a000 08:09 7085467                    /usr/lib/jvm/java-8-openjdk-amd64/jre/lib/jsse.jar
7f4862e8a000-7f4862e8d000 r--s 00014000 08:09 26516293                   /home/hrishi/.eclipse/org.eclipse.platform_4.6.0_1473617060_linux_gtk_x86_64/plugins/fr.irisa.r2d2.parser.runtime_1.0.0.201612051604.jar
7f4862e8d000-7f4862e95000 r--s 0003c000 08:09 26516292                   /home/hrishi/.eclipse/org.eclipse.platform_4.6.0_1473617060_linux_gtk_x86_64/plugins/fr.irisa.r2d2.gecos.framework_1.0.0.201612051604.jar
7f4862e95000-7f4862e9f000 r--s 0006c000 08:09 26516357                   /home/hrishi/.eclipse/org.eclipse.platform_4.6.0_1473617060_linux_gtk_x86_64/plugins/org.eclipse.xtext.common.types_2.10.0.v201605250459.jar
7f4862e9f000-7f4862ecf000 r--s 0044d000 08:09 26516369                   /home/hrishi/.eclipse/org.eclipse.platform_4.6.0_1473617060_linux_gtk_x86_64/plugins/org.eclipse.xtext.xbase_2.10.0.v201605250459.jar
7f4862ecf000-7f4862ed2000 r--s 0000f000 08:09 26516352                   /home/hrishi/.eclipse/org.eclipse.platform_4.6.0_1473617060_linux_gtk_x86_64/plugins/org.eclipse.xtend.lib.macro_2.10.0.v201605250459.jar
7f4862ed2000-7f4862ed6000 r--s 00035000 08:09 26516351                   /home/hrishi/.eclipse/org.eclipse.platform_4.6.0_1473617060_linux_gtk_x86_64/plugins/org.eclipse.xtend.lib_2.10.0.v201605250459.jar
7f4862ed6000-7f4862ed7000 r--s 00001000 08:09 26516354                   /home/hrishi/.eclipse/org.eclipse.platform_4.6.0_1473617060_linux_gtk_x86_64/plugins/org.eclipse.xtend2.lib_2.10.0.v201605250459.jar
7f4862ed7000-7f4862edd000 r--s 0003f000 08:09 26516368                   /home/hrishi/.eclipse/org.eclipse.platform_4.6.0_1473617060_linux_gtk_x86_64/plugins/org.eclipse.xtext.util_2.10.0.v201605250459.jar
7f4862edd000-7f4862f0e000 r--s 0024b000 08:09 26516355                   /home/hrishi/.eclipse/org.eclipse.platform_4.6.0_1473617060_linux_gtk_x86_64/plugins/org.eclipse.xtext_2.10.0.v201605250459.jar
7f4862f0e000-7f4862f16000 r--s 00061000 08:09 26516277                   /home/hrishi/.eclipse/org.eclipse.platform_4.6.0_1473617060_linux_gtk_x86_64/plugins/edu.csu.melange.alphabets_0.9.6.201612051604.jar
7f4862f16000-7f4862f17000 r--s 00008000 08:09 26516336                   /home/hrishi/.eclipse/org.eclipse.platform_4.6.0_1473617060_linux_gtk_x86_64/plugins/org.polymodel.scop.cgenerator2_1.0.0.201612051604.jar
7f4862f17000-7f4862f1a000 r--s 00024000 08:09 26516337                   /home/hrishi/.eclipse/org.eclipse.platform_4.6.0_1473617060_linux_gtk_x86_64/plugins/org.polymodel.scop.dtiler_1.0.0.201612051604.jar
7f4862f1a000-7f4862f1b000 r--s 00001000 08:09 26516335                   /home/hrishi/.eclipse/org.eclipse.platform_4.6.0_1473617060_linux_gtk_x86_64/plugins/org.polymodel.scop.bridge.clast_1.0.0.201612051604.jar
7f4862f1b000-7f4862f20000 r--s 0002a000 08:09 26516334                   /home/hrishi/.eclipse/org.eclipse.platform_4.6.0_1473617060_linux_gtk_x86_64/plugins/org.polymodel.scop_1.0.0.201612051604.jar
7f4862f20000-7f4862f33000 r--s 0012e000 08:09 26516300                   /home/hrishi/.eclipse/org.eclipse.platform_4.6.0_1473617060_linux_gtk_x86_64/plugins/org.polymodel.polyhedralIR.codegen_1.0.0.201612051604.jar
7f4862f33000-7f4862f36000 r--s 008e1000 08:09 26516287                   /home/hrishi/.eclipse/org.eclipse.platform_4.6.0_1473617060_linux_gtk_x86_64/plugins/fr.irisa.cairn.jnimap.cloog_1.0.0.201612051604.jar
7f4862f36000-7f4862f3a000 r--s 00031000 08:09 26516341                   /home/hrishi/.eclipse/org.eclipse.platform_4.6.0_1473617060_linux_gtk_x86_64/plugins/org.antlr.runtime_3.2.0.v201101311130.jar
7f4862f3a000-7f4862f3b000 r--s 00011000 08:09 10748494                   /opt/eclipse/plugins/org.apache.commons.logging_1.1.1.v201101211721.jar
7f4862f3b000-7f4862f43000 r--s 0005e000 08:09 10748531                   /opt/eclipse/plugins/org.apache.log4j_1.2.15.v201012070815.jar
7f4862f43000-7f4862f45000 r--s 00008000 08:09 26516346                   /home/hrishi/.eclipse/org.eclipse.platform_4.6.0_1473617060_linux_gtk_x86_64/plugins/org.eclipse.emf.mwe.utils_1.3.20.v201605261103.jar
7f4862f45000-7f4862f46000 r--s 00003000 08:09 26516348                   /home/hrishi/.eclipse/org.eclipse.platform_4.6.0_1473617060_linux_gtk_x86_64/plugins/org.eclipse.emf.mwe2.runtime_2.9.0.v201605261103.jar
7f4862f46000-7f4862f47000 r--s 0000b000 08:09 26516339                   /home/hrishi/.eclipse/org.eclipse.platform_4.6.0_1473617060_linux_gtk_x86_64/plugins/org.apache.commons.cli_1.2.0.v201404270220.jar
7f4862f47000-7f4862f4d000 r--s 0002a000 08:09 26516345                   /home/hrishi/.eclipse/org.eclipse.platform_4.6.0_1473617060_linux_gtk_x86_64/plugins/org.eclipse.emf.mwe.core_1.3.20.v201605261103.jar
7f4862f4d000-7f4862f4f000 r--s 00009000 08:09 26516279                   /home/hrishi/.eclipse/org.eclipse.platform_4.6.0_1473617060_linux_gtk_x86_64/plugins/edu.csu.melange.affineLattice_1.0.0.jar
7f4862f4f000-7f4862f51000 r--s 00000000 08:09 26516338                   /home/hrishi/.eclipse/org.eclipse.platform_4.6.0_1473617060_linux_gtk_x86_64/plugins/tom.mapping_1.0.0.201612051604.jar
7f4862f51000-7f4862f58000 r--s 0004d000 08:09 26516333                   /home/hrishi/.eclipse/org.eclipse.platform_4.6.0_1473617060_linux_gtk_x86_64/plugins/org.polymodel.prdg.scheduling_1.0.0.201612051604.jar
7f4862f58000-7f4862f5b000 r--s 0001f000 08:09 26516370                   /home/hrishi/.eclipse/org.eclipse.platform_4.6.0_1473617060_linux_gtk_x86_64/plugins/org.eclipse.xtext.xbase.lib_2.10.0.v201605250459.jar
7f4862f5b000-7f4862f5d000 r--s 00004000 08:09 26516299                   /home/hrishi/.eclipse/org.eclipse.platform_4.6.0_1473617060_linux_gtk_x86_64/plugins/org.polymodel.matrix_1.0.0.201612051604.jar
7f4862f5d000-7f4862f5f000 r--s 00005000 08:09 26516332                   /home/hrishi/.eclipse/org.eclipse.platform_4.6.0_1473617060_linux_gtk_x86_64/plugins/org.polymodel.prdg.adapter_1.0.0.201612051604.jar
7f4862f5f000-7f4862f61000 r--s 00009000 08:09 26516301                   /home/hrishi/.eclipse/org.eclipse.platform_4.6.0_1473617060_linux_gtk_x86_64/plugins/org.polymodel.prdg_1.0.0.201612051604.jar
7f4862f61000-7f4862f63000 r--s 00013000 08:09 26516297                   /home/hrishi/.eclipse/org.eclipse.platform_4.6.0_1473617060_linux_gtk_x86_64/plugins/org.polymodel.isl_1.0.0.201612051604.jar
7f4862f63000-7f4862f6d000 r--s 000a4000 08:09 26516295                   /home/hrishi/.eclipse/org.eclipse.platform_4.6.0_1473617060_linux_gtk_x86_64/plugins/org.polymodel.algebra_1.0.0.201612051604.jar
7f4862f6d000-7f4862f70000 r--s 0002b000 08:09 26516294                   /home/hrishi/.eclipse/org.eclipse.platform_4.6.0_1473617060_linux_gtk_x86_64/plugins/org.polymodel_1.0.0.201612051604.jar
7f4862f70000-7f4862f9a000 r--s 001ff000 08:09 10749007                   /opt/eclipse/plugins/com.google.guava_15.0.0.v201403281430.jar
7f4862f9a000-7f4862f9b000 r--s 0000f000 08:09 28708338                   /home/hrishi/.eclipse/org.eclipse.platform_4.6.0_1473617060_linux_gtk_x86_64/plugins/fr.irisa.cairn.tools_1.0.0.201612051604/lib/javatuples-1.2.jar
7f4862f9b000-7f4862f9c000 r--s 0000b000 08:09 28708337                   /home/hrishi/.eclipse/org.eclipse.platform_4.6.0_1473617060_linux_gtk_x86_64/plugins/fr.irisa.cairn.tools_1.0.0.201612051604/lib/javatuples-1.2-sources.jar
7f4862f9c000-7f4862f9f000 r--s 00037000 08:09 28708336                   /home/hrishi/.eclipse/org.eclipse.platform_4.6.0_1473617060_linux_gtk_x86_64/plugins/fr.irisa.cairn.tools_1.0.0.201612051604/lib/javatuples-1.2-javadoc.jar
7f4862f9f000-7f4862fa4000 r--s 00b6c000 08:09 26516288                   /home/hrishi/.eclipse/org.eclipse.platform_4.6.0_1473617060_linux_gtk_x86_64/plugins/fr.irisa.cairn.jnimap.isl_2.1.0.201612051604.jar
7f4862fa4000-7f4862fbc000 r--s 0015b000 08:09 28061747                   /home/hrishi/.eclipse/org.eclipse.platform_4.6.0_1473617060_linux_gtk_x86_64/plugins/fr.irisa.cairn.graph_1.0.0.201612051604/lib/jgrapht-ext-0.9.1-uber.jar
7f4862fbc000-7f4862fec000 rw-p 00000000 00:00 0 
7f4862fec000-7f486311c000 r--s 010bc000 08:09 28708362                   /home/hrishi/.eclipse/org.eclipse.platform_4.6.0_1473617060_linux_gtk_x86_64/plugins/fr.irisa.cairn.eclipse.tom_2.10.0.201612051604/libs/aircube-bundle.jar
7f486311c000-7f486311d000 ---p 00000000 00:00 0 
7f486311d000-7f486321d000 rw-p 00000000 00:00 0 
7f486321d000-7f4863220000 ---p 00000000 00:00 0 
7f4863220000-7f486331e000 rw-p 00000000 00:00 0 
7f486331e000-7f4863321000 ---p 00000000 00:00 0 
7f4863321000-7f486341f000 rw-p 00000000 00:00 0 
7f486341f000-7f4863422000 ---p 00000000 00:00 0 
7f4863422000-7f4863520000 rw-p 00000000 00:00 0 
7f4863520000-7f4863523000 ---p 00000000 00:00 0 
7f4863523000-7f4863621000 rw-p 00000000 00:00 0 
7f4863621000-7f4863624000 ---p 00000000 00:00 0 
7f4863624000-7f4863722000 rw-p 00000000 00:00 0 
7f4863722000-7f48639fa000 r--p 00000000 08:09 2887360                    /usr/lib/locale/locale-archive
7f48639fa000-7f48639fd000 ---p 00000000 00:00 0 
7f48639fd000-7f4863afb000 rw-p 00000000 00:00 0 
7f4863afb000-7f4863afe000 ---p 00000000 00:00 0 
7f4863afe000-7f4863bfc000 rw-p 00000000 00:00 0 
7f4863bfc000-7f4863bfd000 ---p 00000000 00:00 0 
7f4863bfd000-7f4864000000 rw-p 00000000 00:00 0 
7f4864000000-7f4864021000 rw-p 00000000 00:00 0 
7f4864021000-7f4868000000 ---p 00000000 00:00 0 
7f4868000000-7f4868001000 r--s 00000000 08:09 26516289                   /home/hrishi/.eclipse/org.eclipse.platform_4.6.0_1473617060_linux_gtk_x86_64/plugins/fr.irisa.cairn.jnimap.runtime_1.0.0.201612051604.jar
7f4868001000-7f486800c000 r--s 00077000 08:09 10748760                   /opt/eclipse/plugins/com.google.inject_3.0.0.v201605172100.jar
7f486800c000-7f486804e000 r--s 00398000 08:09 10748311                   /opt/eclipse/plugins/org.eclipse.ui.workbench_3.108.0.v20160602-1232.jar
7f486804e000-7f486c000000 rw-p 00000000 00:00 0 
7f486c000000-7f486c021000 rw-p 00000000 00:00 0 
7f486c021000-7f4870000000 ---p 00000000 00:00 0 
7f4870000000-7f4870021000 rw-p 00000000 00:00 0 
7f4870021000-7f4874000000 ---p 00000000 00:00 0 
7f4874000000-7f4874021000 rw-p 00000000 00:00 0 
7f4874021000-7f4878000000 ---p 00000000 00:00 0 
7f4878000000-7f4878002000 r--s 00007000 08:09 26516286                   /home/hrishi/.eclipse/org.eclipse.platform_4.6.0_1473617060_linux_gtk_x86_64/plugins/fr.irisa.cairn.graph.guice_1.0.0.201612051604.jar
7f4878002000-7f4878004000 r--s 00009000 08:09 10748202                   /opt/eclipse/plugins/com.google.inject.multibindings_3.0.0.v201605172100.jar
7f4878004000-7f4878008000 r--s 00035000 08:09 10748985                   /opt/eclipse/plugins/org.eclipse.emf.ecore.xmi_2.12.0.v20160420-0247.jar
7f4878008000-7f487800f000 r--s 00051000 08:09 10748503                   /opt/eclipse/plugins/org.eclipse.emf.common_2.12.0.v20160420-0247.jar
7f487800f000-7f4878021000 r--s 00111000 08:09 10748217                   /opt/eclipse/plugins/org.eclipse.emf.ecore_2.12.0.v20160420-0247.jar
7f4878021000-7f4878026000 r--s 00030000 08:09 10748396                   /opt/eclipse/plugins/org.eclipse.ui.console_3.6.200.v20160518-1858.jar
7f4878026000-7f4878027000 r--s 00002000 08:09 10748530                   /opt/eclipse/plugins/org.eclipse.e4.ui.workbench3_0.13.100.v20160506-0759.jar
7f4878027000-7f487802b000 r--s 00019000 08:09 10748602                   /opt/eclipse/plugins/org.eclipse.core.commands_3.8.0.v20160316-1921.jar
7f487802b000-7f487803d000 r--s 000f8000 08:09 10748780                   /opt/eclipse/plugins/org.eclipse.jface_3.12.0.v20160518-1929.jar
7f487803d000-7f4878052000 r--s 0028f000 08:09 10748863                   /opt/eclipse/plugins/org.eclipse.swt.gtk.linux.x86_64_3.105.0.v20160603-0902.jar
7f4878052000-7f487805b000 r--s 00058000 08:09 10748604                   /opt/eclipse/plugins/org.eclipse.ui_3.108.0.v20160518-1929.jar
7f487805b000-7f487805d000 r--s 00014000 08:09 10748222                   /opt/eclipse/plugins/org.eclipse.equinox.app_1.3.400.v20150715-1528.jar
7f487805d000-7f487805f000 r--s 00017000 08:09 10748774                   /opt/eclipse/plugins/org.eclipse.core.contenttype_3.5.100.v20160418-1621.jar
7f487805f000-7f4878062000 r--s 0001e000 08:09 10748508                   /opt/eclipse/plugins/org.eclipse.equinox.preferences_3.6.0.v20160120-1756.jar
7f4878062000-7f4878066000 r--s 0002a000 08:09 10749014                   /opt/eclipse/plugins/org.eclipse.equinox.registry_3.6.100.v20160223-2218.jar
7f4878066000-7f4878069000 r--s 00019000 08:09 10748931                   /opt/eclipse/plugins/org.eclipse.core.jobs_3.8.0.v20160509-0411.jar
7f4878069000-7f487806c000 r--s 0001b000 08:09 10748983                   /opt/eclipse/plugins/org.eclipse.equinox.common_3.8.0.v20160509-1230.jar
7f487806c000-7f487806f000 r--s 00039000 08:09 10748174                   /opt/eclipse/plugins/org.eclipse.osgi.compatibility.state_1.0.200.v20160504-1419.jar
7f487806f000-7f4878084000 r--s 0013d000 08:09 10748755                   /opt/eclipse/plugins/org.eclipse.osgi_3.11.0.v20160603-1336.jar
7f4878084000-7f4878086000 r--s 00003000 08:09 10748526                   /opt/eclipse/plugins/javax.inject_1.0.0.v20091030.jar
7f4878086000-7f487808a000 r--s 00037000 08:09 7085460                    /usr/lib/jvm/java-8-openjdk-amd64/jre/lib/ext/sunpkcs11.jar
7f487808a000-7f487808d000 r--s 0000f000 08:09 7085457                    /usr/lib/jvm/java-8-openjdk-amd64/jre/lib/ext/icedtea-sound.jar
7f487808d000-7f4878097000 r--s 00116000 08:09 7085461                    /usr/lib/jvm/java-8-openjdk-amd64/jre/lib/ext/localedata.jar
7f4878097000-7f487809c000 r--s 0003b000 08:09 7085462                    /usr/lib/jvm/java-8-openjdk-amd64/jre/lib/ext/sunjce_provider.jar
7f487809c000-7f48780b7000 r--s 001d6000 08:09 7085455                    /usr/lib/jvm/java-8-openjdk-amd64/jre/lib/ext/nashorn.jar
7f48780b7000-7f4879000000 rw-p 00000000 00:00 0 
7f4879000000-7f4879720000 rwxp 00000000 00:00 0 
7f4879720000-7f4888000000 ---p 00000000 00:00 0 
7f4888000000-7f4888b1e000 rw-p 00000000 00:00 0 
7f4888b1e000-7f488c000000 ---p 00000000 00:00 0 
7f488c000000-7f488c002000 r--s 00011000 08:09 10748883                   /opt/eclipse/plugins/org.eclipse.core.runtime_3.12.0.v20160606-1342.jar
7f488c002000-7f488c394000 rw-p 00000000 00:00 0 
7f488c394000-7f488c562000 r--s 03c06000 08:09 7087811                    /usr/lib/jvm/java-8-openjdk-amd64/jre/lib/rt.jar
7f488c562000-7f488c9b3000 rw-p 00000000 00:00 0 
7f488c9b3000-7f488c9b4000 ---p 00000000 00:00 0 
7f488c9b4000-7f488cab4000 rw-p 00000000 00:00 0 
7f488cab4000-7f488cab5000 ---p 00000000 00:00 0 
7f488cab5000-7f488cbb5000 rw-p 00000000 00:00 0 
7f488cbb5000-7f488cbb6000 ---p 00000000 00:00 0 
7f488cbb6000-7f488ccb6000 rw-p 00000000 00:00 0 
7f488ccb6000-7f488ccb7000 ---p 00000000 00:00 0 
7f488ccb7000-7f488cde1000 rw-p 00000000 00:00 0 
7f488cde1000-7f488d049000 ---p 00000000 00:00 0 
7f488d049000-7f488d073000 rw-p 00000000 00:00 0 
7f488d073000-7f488d2db000 ---p 00000000 00:00 0 
7f488d2db000-7f488d2ff000 rw-p 00000000 00:00 0 
7f488d2ff000-7f488d424000 ---p 00000000 00:00 0 
7f488d424000-7f488d442000 rw-p 00000000 00:00 0 
7f488d442000-7f488d7e5000 ---p 00000000 00:00 0 
7f488d7e5000-7f488d7ed000 r-xp 00000000 08:09 7085419                    /usr/lib/jvm/java-8-openjdk-amd64/jre/lib/amd64/libzip.so
7f488d7ed000-7f488d9ec000 ---p 00008000 08:09 7085419                    /usr/lib/jvm/java-8-openjdk-amd64/jre/lib/amd64/libzip.so
7f488d9ec000-7f488d9ed000 r--p 00007000 08:09 7085419                    /usr/lib/jvm/java-8-openjdk-amd64/jre/lib/amd64/libzip.so
7f488d9ed000-7f488d9ee000 rw-p 00008000 08:09 7085419                    /usr/lib/jvm/java-8-openjdk-amd64/jre/lib/amd64/libzip.so
7f488d9ee000-7f488d9f9000 r-xp 00000000 08:09 24382890                   /lib/x86_64-linux-gnu/libnss_files-2.23.so
7f488d9f9000-7f488dbf8000 ---p 0000b000 08:09 24382890                   /lib/x86_64-linux-gnu/libnss_files-2.23.so
7f488dbf8000-7f488dbf9000 r--p 0000a000 08:09 24382890                   /lib/x86_64-linux-gnu/libnss_files-2.23.so
7f488dbf9000-7f488dbfa000 rw-p 0000b000 08:09 24382890                   /lib/x86_64-linux-gnu/libnss_files-2.23.so
7f488dbfa000-7f488dc00000 rw-p 00000000 00:00 0 
7f488dc00000-7f488dc0b000 r-xp 00000000 08:09 24382881                   /lib/x86_64-linux-gnu/libnss_nis-2.23.so
7f488dc0b000-7f488de0a000 ---p 0000b000 08:09 24382881                   /lib/x86_64-linux-gnu/libnss_nis-2.23.so
7f488de0a000-7f488de0b000 r--p 0000a000 08:09 24382881                   /lib/x86_64-linux-gnu/libnss_nis-2.23.so
7f488de0b000-7f488de0c000 rw-p 0000b000 08:09 24382881                   /lib/x86_64-linux-gnu/libnss_nis-2.23.so
7f488de0c000-7f488de22000 r-xp 00000000 08:09 24382883                   /lib/x86_64-linux-gnu/libnsl-2.23.so
7f488de22000-7f488e021000 ---p 00016000 08:09 24382883                   /lib/x86_64-linux-gnu/libnsl-2.23.so
7f488e021000-7f488e022000 r--p 00015000 08:09 24382883                   /lib/x86_64-linux-gnu/libnsl-2.23.so
7f488e022000-7f488e023000 rw-p 00016000 08:09 24382883                   /lib/x86_64-linux-gnu/libnsl-2.23.so
7f488e023000-7f488e025000 rw-p 00000000 00:00 0 
7f488e025000-7f488e02d000 r-xp 00000000 08:09 24382892                   /lib/x86_64-linux-gnu/libnss_compat-2.23.so
7f488e02d000-7f488e22c000 ---p 00008000 08:09 24382892                   /lib/x86_64-linux-gnu/libnss_compat-2.23.so
7f488e22c000-7f488e22d000 r--p 00007000 08:09 24382892                   /lib/x86_64-linux-gnu/libnss_compat-2.23.so
7f488e22d000-7f488e22e000 rw-p 00008000 08:09 24382892                   /lib/x86_64-linux-gnu/libnss_compat-2.23.so
7f488e22e000-7f488e25b000 r-xp 00000000 08:09 7085444                    /usr/lib/jvm/java-8-openjdk-amd64/jre/lib/amd64/libjava.so
7f488e25b000-7f488e45a000 ---p 0002d000 08:09 7085444                    /usr/lib/jvm/java-8-openjdk-amd64/jre/lib/amd64/libjava.so
7f488e45a000-7f488e45b000 r--p 0002c000 08:09 7085444                    /usr/lib/jvm/java-8-openjdk-amd64/jre/lib/amd64/libjava.so
7f488e45b000-7f488e45d000 rw-p 0002d000 08:09 7085444                    /usr/lib/jvm/java-8-openjdk-amd64/jre/lib/amd64/libjava.so
7f488e45d000-7f488e46c000 r-xp 00000000 08:09 7085412                    /usr/lib/jvm/java-8-openjdk-amd64/jre/lib/amd64/libverify.so
7f488e46c000-7f488e66b000 ---p 0000f000 08:09 7085412                    /usr/lib/jvm/java-8-openjdk-amd64/jre/lib/amd64/libverify.so
7f488e66b000-7f488e66d000 r--p 0000e000 08:09 7085412                    /usr/lib/jvm/java-8-openjdk-amd64/jre/lib/amd64/libverify.so
7f488e66d000-7f488e66e000 rw-p 00010000 08:09 7085412                    /usr/lib/jvm/java-8-openjdk-amd64/jre/lib/amd64/libverify.so
7f488e66e000-7f488e675000 r-xp 00000000 08:09 24382893                   /lib/x86_64-linux-gnu/librt-2.23.so
7f488e675000-7f488e874000 ---p 00007000 08:09 24382893                   /lib/x86_64-linux-gnu/librt-2.23.so
7f488e874000-7f488e875000 r--p 00006000 08:09 24382893                   /lib/x86_64-linux-gnu/librt-2.23.so
7f488e875000-7f488e876000 rw-p 00007000 08:09 24382893                   /lib/x86_64-linux-gnu/librt-2.23.so
7f488e876000-7f488e88c000 r-xp 00000000 08:09 24383888                   /lib/x86_64-linux-gnu/libgcc_s.so.1
7f488e88c000-7f488ea8b000 ---p 00016000 08:09 24383888                   /lib/x86_64-linux-gnu/libgcc_s.so.1
7f488ea8b000-7f488ea8c000 rw-p 00015000 08:09 24383888                   /lib/x86_64-linux-gnu/libgcc_s.so.1
7f488ea8c000-7f488eb94000 r-xp 00000000 08:09 24382882                   /lib/x86_64-linux-gnu/libm-2.23.so
7f488eb94000-7f488ed93000 ---p 00108000 08:09 24382882                   /lib/x86_64-linux-gnu/libm-2.23.so
7f488ed93000-7f488ed94000 r--p 00107000 08:09 24382882                   /lib/x86_64-linux-gnu/libm-2.23.so
7f488ed94000-7f488ed95000 rw-p 00108000 08:09 24382882                   /lib/x86_64-linux-gnu/libm-2.23.so
7f488ed95000-7f488ef07000 r-xp 00000000 08:09 2888511                    /usr/lib/x86_64-linux-gnu/libstdc++.so.6.0.21
7f488ef07000-7f488f107000 ---p 00172000 08:09 2888511                    /usr/lib/x86_64-linux-gnu/libstdc++.so.6.0.21
7f488f107000-7f488f111000 r--p 00172000 08:09 2888511                    /usr/lib/x86_64-linux-gnu/libstdc++.so.6.0.21
7f488f111000-7f488f113000 rw-p 0017c000 08:09 2888511                    /usr/lib/x86_64-linux-gnu/libstdc++.so.6.0.21
7f488f113000-7f488f117000 rw-p 00000000 00:00 0 
7f488f117000-7f488fd67000 r-xp 00000000 08:09 7085439                    /usr/lib/jvm/java-8-openjdk-amd64/jre/lib/amd64/server/libjvm.so
7f488fd67000-7f488ff66000 ---p 00c50000 08:09 7085439                    /usr/lib/jvm/java-8-openjdk-amd64/jre/lib/amd64/server/libjvm.so
7f488ff66000-7f488fff9000 r--p 00c4f000 08:09 7085439                    /usr/lib/jvm/java-8-openjdk-amd64/jre/lib/amd64/server/libjvm.so
7f488fff9000-7f4890022000 rw-p 00ce2000 08:09 7085439                    /usr/lib/jvm/java-8-openjdk-amd64/jre/lib/amd64/server/libjvm.so
7f4890022000-7f4890052000 rw-p 00000000 00:00 0 
7f4890052000-7f489006a000 r-xp 00000000 08:09 24382897                   /lib/x86_64-linux-gnu/libpthread-2.23.so
7f489006a000-7f4890269000 ---p 00018000 08:09 24382897                   /lib/x86_64-linux-gnu/libpthread-2.23.so
7f4890269000-7f489026a000 r--p 00017000 08:09 24382897                   /lib/x86_64-linux-gnu/libpthread-2.23.so
7f489026a000-7f489026b000 rw-p 00018000 08:09 24382897                   /lib/x86_64-linux-gnu/libpthread-2.23.so
7f489026b000-7f489026f000 rw-p 00000000 00:00 0 
7f489026f000-7f4890272000 r-xp 00000000 08:09 24382880                   /lib/x86_64-linux-gnu/libdl-2.23.so
7f4890272000-7f4890471000 ---p 00003000 08:09 24382880                   /lib/x86_64-linux-gnu/libdl-2.23.so
7f4890471000-7f4890472000 r--p 00002000 08:09 24382880                   /lib/x86_64-linux-gnu/libdl-2.23.so
7f4890472000-7f4890473000 rw-p 00003000 08:09 24382880                   /lib/x86_64-linux-gnu/libdl-2.23.so
7f4890473000-7f489048c000 r-xp 00000000 08:09 24384041                   /lib/x86_64-linux-gnu/libz.so.1.2.8
7f489048c000-7f489068b000 ---p 00019000 08:09 24384041                   /lib/x86_64-linux-gnu/libz.so.1.2.8
7f489068b000-7f489068c000 r--p 00018000 08:09 24384041                   /lib/x86_64-linux-gnu/libz.so.1.2.8
7f489068c000-7f489068d000 rw-p 00019000 08:09 24384041                   /lib/x86_64-linux-gnu/libz.so.1.2.8
7f489068d000-7f489084c000 r-xp 00000000 08:09 24382884                   /lib/x86_64-linux-gnu/libc-2.23.so
7f489084c000-7f4890a4c000 ---p 001bf000 08:09 24382884                   /lib/x86_64-linux-gnu/libc-2.23.so
7f4890a4c000-7f4890a50000 r--p 001bf000 08:09 24382884                   /lib/x86_64-linux-gnu/libc-2.23.so
7f4890a50000-7f4890a52000 rw-p 001c3000 08:09 24382884                   /lib/x86_64-linux-gnu/libc-2.23.so
7f4890a52000-7f4890a56000 rw-p 00000000 00:00 0 
7f4890a56000-7f4890a63000 r-xp 00000000 08:09 7085434                    /usr/lib/jvm/java-8-openjdk-amd64/jre/lib/amd64/jli/libjli.so
7f4890a63000-7f4890c63000 ---p 0000d000 08:09 7085434                    /usr/lib/jvm/java-8-openjdk-amd64/jre/lib/amd64/jli/libjli.so
7f4890c63000-7f4890c64000 r--p 0000d000 08:09 7085434                    /usr/lib/jvm/java-8-openjdk-amd64/jre/lib/amd64/jli/libjli.so
7f4890c64000-7f4890c65000 rw-p 0000e000 08:09 7085434                    /usr/lib/jvm/java-8-openjdk-amd64/jre/lib/amd64/jli/libjli.so
7f4890c65000-7f4890c8b000 r-xp 00000000 08:09 24382885                   /lib/x86_64-linux-gnu/ld-2.23.so
7f4890c8b000-7f4890c8c000 r--s 00004000 08:09 10748172                   /opt/eclipse/plugins/org.eclipse.swt_3.105.0.v20160603-0902.jar
7f4890c8c000-7f4890c8e000 r--s 00001000 08:09 7085456                    /usr/lib/jvm/java-8-openjdk-amd64/jre/lib/ext/dnsns.jar
7f4890c8e000-7f4890c90000 r--s 00008000 08:09 7085454                    /usr/lib/jvm/java-8-openjdk-amd64/jre/lib/ext/sunec.jar
7f4890c90000-7f4890d5b000 rw-p 00000000 00:00 0 
7f4890d5b000-7f4890d5e000 ---p 00000000 00:00 0 
7f4890d5e000-7f4890e61000 rw-p 00000000 00:00 0 
7f4890e61000-7f4890e62000 r--s 00010000 08:09 7085459                    /usr/lib/jvm/java-8-openjdk-amd64/jre/lib/ext/zipfs.jar
7f4890e62000-7f4890e63000 r--s 0000a000 08:09 7085463                    /usr/lib/jvm/java-8-openjdk-amd64/jre/lib/ext/jaccess.jar
7f4890e63000-7f4890e7e000 r--s 00394000 08:09 7085458                    /usr/lib/jvm/java-8-openjdk-amd64/jre/lib/ext/cldrdata.jar
7f4890e7e000-7f4890e86000 rw-s 00000000 08:09 18616210                   /tmp/hsperfdata_hrishi/15817 (deleted)
7f4890e86000-7f4890e87000 rw-p 00000000 00:00 0 
7f4890e87000-7f4890e88000 ---p 00000000 00:00 0 
7f4890e88000-7f4890e8a000 rw-p 00000000 00:00 0 
7f4890e8a000-7f4890e8b000 r--p 00025000 08:09 24382885                   /lib/x86_64-linux-gnu/ld-2.23.so
7f4890e8b000-7f4890e8c000 rw-p 00026000 08:09 24382885                   /lib/x86_64-linux-gnu/ld-2.23.so
7f4890e8c000-7f4890e8d000 rw-p 00000000 00:00 0 
7ffece698000-7ffece6bb000 rw-p 00000000 00:00 0                          [stack]
7ffece7c2000-7ffece7c4000 r--p 00000000 00:00 0                          [vvar]
7ffece7c4000-7ffece7c6000 r-xp 00000000 00:00 0                          [vdso]
ffffffffff600000-ffffffffff601000 r-xp 00000000 00:00 0                  [vsyscall]

VM Arguments:
jvm_args: -Dfile.encoding=UTF-8 
java_command: RCPConsole
java_class_path (initial): /opt/eclipse/plugins/org.eclipse.core.runtime_3.12.0.v20160606-1342.jar:/opt/eclipse/plugins/javax.inject_1.0.0.v20091030.jar:/opt/eclipse/plugins/org.eclipse.osgi_3.11.0.v20160603-1336.jar:/opt/eclipse/plugins/org.eclipse.osgi.compatibility.state_1.0.200.v20160504-1419.jar:/opt/eclipse/plugins/org.eclipse.equinox.common_3.8.0.v20160509-1230.jar:/opt/eclipse/plugins/org.eclipse.core.jobs_3.8.0.v20160509-0411.jar:/opt/eclipse/plugins/org.eclipse.equinox.registry_3.6.100.v20160223-2218.jar:/opt/eclipse/plugins/org.eclipse.equinox.preferences_3.6.0.v20160120-1756.jar:/opt/eclipse/plugins/org.eclipse.core.contenttype_3.5.100.v20160418-1621.jar:/opt/eclipse/plugins/org.eclipse.equinox.app_1.3.400.v20150715-1528.jar:/opt/eclipse/plugins/org.eclipse.ui_3.108.0.v20160518-1929.jar:/opt/eclipse/plugins/org.eclipse.swt_3.105.0.v20160603-0902.jar:/opt/eclipse/plugins/org.eclipse.swt.gtk.linux.x86_64_3.105.0.v20160603-0902.jar:/opt/eclipse/plugins/org.eclipse.jface_3.12.0.v20160518-1929.jar:/opt/eclipse/plugins/org.eclipse.core.commands_3.8.0.v20160316-1921.jar:/opt/eclipse/plugins/org.eclipse.ui.workbench_3.108.0.v20160602-1232.jar:/opt/eclipse/plugins/org.eclipse.e4.ui.workbench3_0.13.100.v20160506-0759.jar:/opt/eclipse/plugins/org.eclipse.ui.console_3.6.200.v20160518-1858.jar:/opt/eclipse/plugins/org.eclipse.emf.ecore_2.12.0.v20160420-0247.jar:/opt/eclipse/plugins/org.eclipse.emf.common_2.12.0.v20160420-0247.jar:/opt/eclipse/plugins/org.eclipse.emf.ecore.xmi_2.12.0.v20160420-0247.jar:/home/hrishi/.eclipse/org.eclipse.platform_4.6.0_1473617060_linux_gtk_x86_64/plugins/fr.irisa.cairn.eclipse.tom_2.10.0.201612051604/libs/aircube-bundle.jar:/home/hrishi/.eclipse/org.eclipse.platform_4.6.0_1473617060_linux_gtk_x86_64/plugins/fr.irisa.cairn.graph_1.0.0.201612051604:/home/hrishi/.eclipse/org.eclipse.platform_4.6.0_1473617060_linux_gtk_x86_64/plugins/fr.irisa.cairn.graph_1.0.0.201612051604/lib/jgrapht-ext-0.9.1-uber.jar:/opt/eclipse/plugins/com.google.inj
Launcher Type: SUN_STANDARD

Environment Variables:
PATH=/home/hrishi/torch/install/bin:/usr/local/sbin:/usr/local/bin:/usr/sbin:/usr/bin:/sbin:/bin:/usr/games:/usr/local/games:/snap/bin
LD_LIBRARY_PATH=/home/hrishi/torch/install/lib:
SHELL=/bin/bash
DISPLAY=:0
DYLD_LIBRARY_PATH=/home/hrishi/torch/install/lib:

Signal Handlers:
SIGSEGV: [libjvm.so+0xa66fd0], sa_mask[0]=11111111011111111101111111111110, sa_flags=SA_RESTART|SA_SIGINFO
SIGBUS: [libjvm.so+0xa66fd0], sa_mask[0]=11111111011111111101111111111110, sa_flags=SA_RESTART|SA_SIGINFO
SIGFPE: [libjvm.so+0x8b0180], sa_mask[0]=11111111011111111101111111111110, sa_flags=SA_RESTART|SA_SIGINFO
SIGPIPE: [libjvm.so+0x8b0180], sa_mask[0]=11111111011111111101111111111110, sa_flags=SA_RESTART|SA_SIGINFO
SIGXFSZ: [libjvm.so+0x8b0180], sa_mask[0]=11111111011111111101111111111110, sa_flags=SA_RESTART|SA_SIGINFO
SIGILL: [libjvm.so+0x8b0180], sa_mask[0]=11111111011111111101111111111110, sa_flags=SA_RESTART|SA_SIGINFO
SIGUSR1: SIG_DFL, sa_mask[0]=00000000000000000000000000000000, sa_flags=none
SIGUSR2: [libjvm.so+0x8b0030], sa_mask[0]=00100000000000000000000000000000, sa_flags=SA_RESTART|SA_SIGINFO
SIGHUP: [libjvm.so+0x8b0500], sa_mask[0]=11111111011111111101111111111110, sa_flags=SA_RESTART|SA_SIGINFO
SIGINT: [libjvm.so+0x8b0500], sa_mask[0]=11111111011111111101111111111110, sa_flags=SA_RESTART|SA_SIGINFO
SIGTERM: [libjvm.so+0x8b0500], sa_mask[0]=11111111011111111101111111111110, sa_flags=SA_RESTART|SA_SIGINFO
SIGQUIT: [libjvm.so+0x8b0500], sa_mask[0]=11111111011111111101111111111110, sa_flags=SA_RESTART|SA_SIGINFO


---------------  S Y S T E M  ---------------

OS:DISTRIB_ID=Ubuntu
DISTRIB_RELEASE=16.04
DISTRIB_CODENAME=xenial
DISTRIB_DESCRIPTION="Ubuntu 16.04 LTS"

uname:Linux 4.4.0-72-generic #93-Ubuntu SMP Fri Mar 31 14:07:41 UTC 2017 x86_64
libc:glibc 2.23 NPTL 2.23 
rlimit: STACK 8192k, CORE 0k, NPROC 31118, NOFILE 65536, AS infinity
load average:74.54 37.79 16.65

/proc/meminfo:
MemTotal:        8084688 kB
MemFree:         5192552 kB
MemAvailable:    5434280 kB
Buffers:           35420 kB
Cached:           618956 kB
SwapCached:       129500 kB
Active:          1852808 kB
Inactive:         727700 kB
Active(anon):    1600408 kB
Inactive(anon):   558592 kB
Active(file):     252400 kB
Inactive(file):   169108 kB
Unevictable:        1108 kB
Mlocked:            1108 kB
SwapTotal:      12000252 kB
SwapFree:        7671424 kB
Dirty:              1136 kB
Writeback:             0 kB
AnonPages:       1915328 kB
Mapped:           231164 kB
Shmem:            232500 kB
Slab:             157644 kB
SReclaimable:      81256 kB
SUnreclaim:        76388 kB
KernelStack:       15680 kB
PageTables:        55620 kB
NFS_Unstable:          0 kB
Bounce:                0 kB
WritebackTmp:          0 kB
CommitLimit:    16042596 kB
Committed_AS:   13287508 kB
VmallocTotal:   34359738367 kB
VmallocUsed:           0 kB
VmallocChunk:          0 kB
HardwareCorrupted:     0 kB
AnonHugePages:    755712 kB
CmaTotal:              0 kB
CmaFree:               0 kB
HugePages_Total:       0
HugePages_Free:        0
HugePages_Rsvd:        0
HugePages_Surp:        0
Hugepagesize:       2048 kB
DirectMap4k:      817032 kB
DirectMap2M:     7481344 kB
DirectMap1G:           0 kB


CPU:total 4 (2 cores per cpu, 2 threads per core) family 6 model 61 stepping 4, cmov, cx8, fxsr, mmx, sse, sse2, sse3, ssse3, sse4.1, sse4.2, popcnt, avx, avx2, aes, clmul, erms, 3dnowpref, lzcnt, ht, tsc, tscinvbit, bmi1, bmi2, adx

/proc/cpuinfo:
processor	: 0
vendor_id	: GenuineIntel
cpu family	: 6
model		: 61
model name	: Intel(R) Core(TM) i5-5200U CPU @ 2.20GHz
stepping	: 4
microcode	: 0x12
cpu MHz		: 1928.437
cache size	: 3072 KB
physical id	: 0
siblings	: 4
core id		: 0
cpu cores	: 2
apicid		: 0
initial apicid	: 0
fpu		: yes
fpu_exception	: yes
cpuid level	: 20
wp		: yes
flags		: fpu vme de pse tsc msr pae mce cx8 apic sep mtrr pge mca cmov pat pse36 clflush dts acpi mmx fxsr sse sse2 ss ht tm pbe syscall nx pdpe1gb rdtscp lm constant_tsc arch_perfmon pebs bts rep_good nopl xtopology nonstop_tsc aperfmperf eagerfpu pni pclmulqdq dtes64 monitor ds_cpl vmx est tm2 ssse3 sdbg fma cx16 xtpr pdcm pcid sse4_1 sse4_2 x2apic movbe popcnt tsc_deadline_timer aes xsave avx f16c rdrand lahf_lm abm 3dnowprefetch epb intel_pt tpr_shadow vnmi flexpriority ept vpid fsgsbase tsc_adjust bmi1 avx2 smep bmi2 erms invpcid rdseed adx smap xsaveopt dtherm ida arat pln pts
bugs		:
bogomips	: 4390.01
clflush size	: 64
cache_alignment	: 64
address sizes	: 39 bits physical, 48 bits virtual
power management:

processor	: 1
vendor_id	: GenuineIntel
cpu family	: 6
model		: 61
model name	: Intel(R) Core(TM) i5-5200U CPU @ 2.20GHz
stepping	: 4
microcode	: 0x12
cpu MHz		: 2134.859
cache size	: 3072 KB
physical id	: 0
siblings	: 4
core id		: 1
cpu cores	: 2
apicid		: 2
initial apicid	: 2
fpu		: yes
fpu_exception	: yes
cpuid level	: 20
wp		: yes
flags		: fpu vme de pse tsc msr pae mce cx8 apic sep mtrr pge mca cmov pat pse36 clflush dts acpi mmx fxsr sse sse2 ss ht tm pbe syscall nx pdpe1gb rdtscp lm constant_tsc arch_perfmon pebs bts rep_good nopl xtopology nonstop_tsc aperfmperf eagerfpu pni pclmulqdq dtes64 monitor ds_cpl vmx est tm2 ssse3 sdbg fma cx16 xtpr pdcm pcid sse4_1 sse4_2 x2apic movbe popcnt tsc_deadline_timer aes xsave avx f16c rdrand lahf_lm abm 3dnowprefetch epb intel_pt tpr_shadow vnmi flexpriority ept vpid fsgsbase tsc_adjust bmi1 avx2 smep bmi2 erms invpcid rdseed adx smap xsaveopt dtherm ida arat pln pts
bugs		:
bogomips	: 4390.01
clflush size	: 64
cache_alignment	: 64
address sizes	: 39 bits physical, 48 bits virtual
power management:

processor	: 2
vendor_id	: GenuineIntel
cpu family	: 6
model		: 61
model name	: Intel(R) Core(TM) i5-5200U CPU @ 2.20GHz
stepping	: 4
microcode	: 0x12
cpu MHz		: 2015.234
cache size	: 3072 KB
physical id	: 0
siblings	: 4
core id		: 0
cpu cores	: 2
apicid		: 1
initial apicid	: 1
fpu		: yes
fpu_exception	: yes
cpuid level	: 20
wp		: yes
flags		: fpu vme de pse tsc msr pae mce cx8 apic sep mtrr pge mca cmov pat pse36 clflush dts acpi mmx fxsr sse sse2 ss ht tm pbe syscall nx pdpe1gb rdtscp lm constant_tsc arch_perfmon pebs bts rep_good nopl xtopology nonstop_tsc aperfmperf eagerfpu pni pclmulqdq dtes64 monitor ds_cpl vmx est tm2 ssse3 sdbg fma cx16 xtpr pdcm pcid sse4_1 sse4_2 x2apic movbe popcnt tsc_deadline_timer aes xsave avx f16c rdrand lahf_lm abm 3dnowprefetch epb intel_pt tpr_shadow vnmi flexpriority ept vpid fsgsbase tsc_adjust bmi1 avx2 smep bmi2 erms invpcid rdseed adx smap xsaveopt dtherm ida arat pln pts
bugs		:
bogomips	: 4390.01
clflush size	: 64
cache_alignment	: 64
address sizes	: 39 bits physical, 48 bits virtual
power management:

processor	: 3
vendor_id	: GenuineIntel
cpu family	: 6
model		: 61
model name	: Intel(R) Core(TM) i5-5200U CPU @ 2.20GHz
stepping	: 4
microcode	: 0x12
cpu MHz		: 1750.632
cache size	: 3072 KB
physical id	: 0
siblings	: 4
core id		: 1
cpu cores	: 2
apicid		: 3
initial apicid	: 3
fpu		: yes
fpu_exception	: yes
cpuid level	: 20
wp		: yes
flags		: fpu vme de pse tsc msr pae mce cx8 apic sep mtrr pge mca cmov pat pse36 clflush dts acpi mmx fxsr sse sse2 ss ht tm pbe syscall nx pdpe1gb rdtscp lm constant_tsc arch_perfmon pebs bts rep_good nopl xtopology nonstop_tsc aperfmperf eagerfpu pni pclmulqdq dtes64 monitor ds_cpl vmx est tm2 ssse3 sdbg fma cx16 xtpr pdcm pcid sse4_1 sse4_2 x2apic movbe popcnt tsc_deadline_timer aes xsave avx f16c rdrand lahf_lm abm 3dnowprefetch epb intel_pt tpr_shadow vnmi flexpriority ept vpid fsgsbase tsc_adjust bmi1 avx2 smep bmi2 erms invpcid rdseed adx smap xsaveopt dtherm ida arat pln pts
bugs		:
bogomips	: 4390.01
clflush size	: 64
cache_alignment	: 64
address sizes	: 39 bits physical, 48 bits virtual
power management:



Memory: 4k page, physical 8084688k(5192552k free), swap 12000252k(7671424k free)

vm_info: OpenJDK 64-Bit Server VM (25.121-b13) for linux-amd64 JRE (1.8.0_121-8u121-b13-0ubuntu1.16.04.2-b13), built on Jan 23 2017 15:51:29 by "buildd" with gcc 5.4.0 20160609

time: Sun Apr 30 23:06:24 2017
elapsed time: 22968 seconds (0d 6h 22m 48s)

