#
# A fatal error has been detected by the Java Runtime Environment:
#
#  SIGSEGV (0xb) at pc=0x0000000000046b20, pid=849, tid=0x00007f2435945700
#
# JRE version: OpenJDK Runtime Environment (8.0_121-b13) (build 1.8.0_121-8u121-b13-0ubuntu1.16.04.2-b13)
# Java VM: OpenJDK 64-Bit Server VM (25.121-b13 mixed mode linux-amd64 compressed oops)
# Problematic frame:
# C  0x0000000000046b20
#
# Failed to write core dump. Core dumps have been disabled. To enable core dumping, try "ulimit -c unlimited" before starting Java again
#
# If you would like to submit a bug report, please visit:
#   http://bugreport.java.com/bugreport/crash.jsp
#

---------------  T H R E A D  ---------------

Current thread is native thread

siginfo: si_signo: 11 (SIGSEGV), si_code: 1 (SEGV_MAPERR), si_addr: 0x0000000000046b20

Registers:
RAX=0x00007f2406f66248, RBX=0x00007f242c8e7b00, RCX=0x0000000000000000, RDX=0x0000000000000000
RSP=0x00007ffd2e10b6a8, RBP=0x00007ffd2e10b800, RSI=0x0000000000000000, RDI=0x00007f2435174140
R8 =0x0000000000000000, R9 =0x00007f243553b808, R10=0x00007f24351740c0, R11=0x00007f24351af2d0
R12=0x00007f2406f661a8, R13=0x0000000000000000, R14=0x00007ffd2e10b6b0, R15=0x0000000000000012
RIP=0x0000000000046b20, EFLAGS=0x0000000000010202, CSGSFS=0x0000000000000033, ERR=0x0000000000000014
  TRAPNO=0x000000000000000e

Top of Stack: (sp=0x00007ffd2e10b6a8)
0x00007ffd2e10b6a8:   00007f243575dc17 00007f2435974168
0x00007ffd2e10b6b8:   00007f2435974700 00007f24359717a8
0x00007ffd2e10b6c8:   00007f242c0009a0 00007f242c00b570
0x00007ffd2e10b6d8:   00007f242c00cbf0 00007f242c00ba20
0x00007ffd2e10b6e8:   00007f242c00d0a0 00007f242c019ae0
0x00007ffd2e10b6f8:   00007f242c001bd0 00007f242c0014a0
0x00007ffd2e10b708:   0000000001154150 0000000001154680
0x00007ffd2e10b718:   00000000011554c0 0000000001154ba0
0x00007ffd2e10b728:   00007f2435947000 00007f2435948b00
0x00007ffd2e10b738:   00007f2435948618 00007f242c8e7b00
0x00007ffd2e10b748:   00007f242c8e8160 00007f242c8e86f0
0x00007ffd2e10b758:   00007f2435948000 00007f24359739d8
0x00007ffd2e10b768:   00007f243575d964 00007ffd2e10b6b0
0x00007ffd2e10b778:   0000000000000006 00007ffd2e10b6e0
0x00007ffd2e10b788:   0000000000000001 0000000000000006
0x00007ffd2e10b798:   00007ffd2e10b770 0000001735539c40
0x00007ffd2e10b7a8:   00007ffd2e10b6b0 0000001700000000
0x00007ffd2e10b7b8:   00007f2435973048 00007ffd2e10b680
0x00007ffd2e10b7c8:   0000000000000000 0000000000000001
0x00007ffd2e10b7d8:   0000000000000001 0000000000000001
0x00007ffd2e10b7e8:   00007f2435539c40 0000000000000000
0x00007ffd2e10b7f8:   0000000000000000 00007f24355385f8
0x00007ffd2e10b808:   00007f24351aeff8 00000000004007bc
0x00007ffd2e10b818:   0000000000000000 0000000000400730
0x00007ffd2e10b828:   0000000000400630 00007ffd2e10b920
0x00007ffd2e10b838:   00007f24351af045 0000000000400730
0x00007ffd2e10b848:   00007f2435195837 0000000000000000
0x00007ffd2e10b858:   00007ffd2e10b928 0000000535972ca0
0x00007ffd2e10b868:   00000000004005e0 0000000000000000
0x00007ffd2e10b878:   4f902f4b10fe3ec5 0000000000400630
0x00007ffd2e10b888:   00007ffd2e10b920 0000000000000000
0x00007ffd2e10b898:   0000000000000000 b06a73ea6e3e3ec5 

Instructions: (pc=0x0000000000046b20)
0x0000000000046b00:   
[error occurred during error reporting (printing registers, top of stack, instructions near pc), id 0xb]

Register to memory mapping:

RAX=
[error occurred during error reporting (printing register info), id 0xb]

Stack: [0x00007ffd2e010000,0x00007ffd2e110000],  sp=0x00007ffd2e10b6a8,  free space=1005k
Native frames: (J=compiled Java code, j=interpreted, Vv=VM code, C=native code)
C  0x0000000000046b20


---------------  P R O C E S S  ---------------

VM state:at safepoint (shutting down)

VM Mutex/Monitor currently owned by a thread:  ([mutex/lock_event])
[0x00007f242c009dd0] Threads_lock - owner thread: 0x00007f242c07b000

Heap:
 PSYoungGen      total 68608K, used 43014K [0x00000000d6e00000, 0x00000000df400000, 0x0000000100000000)
  eden space 63488K, 59% used [0x00000000d6e00000,0x00000000d93059d0,0x00000000dac00000)
  from space 5120K, 99% used [0x00000000dac00000,0x00000000db0fc050,0x00000000db100000)
  to   space 5120K, 0% used [0x00000000def00000,0x00000000def00000,0x00000000df400000)
 ParOldGen       total 84992K, used 11140K [0x0000000084a00000, 0x0000000089d00000, 0x00000000d6e00000)
  object space 84992K, 13% used [0x0000000084a00000,0x00000000854e1318,0x0000000089d00000)
 Metaspace       used 19031K, capacity 19174K, committed 19456K, reserved 1067008K
  class space    used 2473K, capacity 2525K, committed 2560K, reserved 1048576K

Card table byte_map: [0x00007f2431b31000,0x00007f2431f0d000] byte_map_base: 0x00007f243170c000

Marking Bits: (ParMarkBitMap*) 0x00007f2434b1d220
 Begin Bits: [0x00007f2414250000, 0x00007f2416128000)
 End Bits:   [0x00007f2416128000, 0x00007f2418000000)

Polling page: 0x00007f243596f000

CodeCache: size=245760Kb used=6961Kb max_used=7002Kb free=238798Kb
 bounds [0x00007f241d000000, 0x00007f241d6e0000, 0x00007f242c000000]
 total_blobs=2571 nmethods=2187 adapters=296
 compilation: enabled

Compilation events (10 events):
Event: 7.244 Thread 0x00007f242c0b5000 2188       3       fr.irisa.cairn.jnimap.isl.jni.JNIISLMatrix::getNbRows (22 bytes)
Event: 7.245 Thread 0x00007f242c0b5000 nmethod 2188 0x00007f241d6b9010 code [0x00007f241d6b9220, 0x00007f241d6b9ab8]
Event: 7.245 Thread 0x00007f242c0b5000 2190       3       org.polymodel.algebra.factory.IntExpressionBuilder::affine (59 bytes)
Event: 7.246 Thread 0x00007f242c0b5000 nmethod 2190 0x00007f241d6bced0 code [0x00007f241d6bd1a0, 0x00007f241d6be558]
Event: 7.247 Thread 0x00007f242c0b0800 nmethod 2169 0x00007f241d6b8750 code [0x00007f241d6b88c0, 0x00007f241d6b8e18]
Event: 7.247 Thread 0x00007f242c0b0800 2172       4       org.eclipse.emf.ecore.impl.BasicEObjectImpl::eGet (8 bytes)
Event: 7.248 Thread 0x00007f242c0b0800 nmethod 2172 0x00007f241d6bf450 code [0x00007f241d6bf5a0, 0x00007f241d6bf658]
Event: 7.248 Thread 0x00007f242c0b0800 2186       4       org.eclipse.emf.ecore.impl.ETypedElementImpl::isMany (19 bytes)
Event: 7.248 Thread 0x00007f242c0b0800 nmethod 2186 0x00007f241d6c2450 code [0x00007f241d6c25a0, 0x00007f241d6c2638]
Event: 7.302 Thread 0x00007f242c0b3800 nmethod 1872 0x00007f241d6cb6d0 code [0x00007f241d6cc100, 0x00007f241d6d3430]

GC Heap History (6 events):
Event: 3.052 GC heap before
{Heap before GC invocations=1 (full 0):
 PSYoungGen      total 36864K, used 31744K [0x00000000d6e00000, 0x00000000d9700000, 0x0000000100000000)
  eden space 31744K, 100% used [0x00000000d6e00000,0x00000000d8d00000,0x00000000d8d00000)
  from space 5120K, 0% used [0x00000000d9200000,0x00000000d9200000,0x00000000d9700000)
  to   space 5120K, 0% used [0x00000000d8d00000,0x00000000d8d00000,0x00000000d9200000)
 ParOldGen       total 84992K, used 0K [0x0000000084a00000, 0x0000000089d00000, 0x00000000d6e00000)
  object space 84992K, 0% used [0x0000000084a00000,0x0000000084a00000,0x0000000089d00000)
 Metaspace       used 7329K, capacity 7402K, committed 7552K, reserved 1056768K
  class space    used 844K, capacity 851K, committed 896K, reserved 1048576K
Event: 3.095 GC heap after
Heap after GC invocations=1 (full 0):
 PSYoungGen      total 36864K, used 5100K [0x00000000d6e00000, 0x00000000db600000, 0x0000000100000000)
  eden space 31744K, 0% used [0x00000000d6e00000,0x00000000d6e00000,0x00000000d8d00000)
  from space 5120K, 99% used [0x00000000d8d00000,0x00000000d91fb138,0x00000000d9200000)
  to   space 5120K, 0% used [0x00000000db100000,0x00000000db100000,0x00000000db600000)
 ParOldGen       total 84992K, used 991K [0x0000000084a00000, 0x0000000089d00000, 0x00000000d6e00000)
  object space 84992K, 1% used [0x0000000084a00000,0x0000000084af7e60,0x0000000089d00000)
 Metaspace       used 7329K, capacity 7402K, committed 7552K, reserved 1056768K
  class space    used 844K, capacity 851K, committed 896K, reserved 1048576K
}
Event: 3.880 GC heap before
{Heap before GC invocations=2 (full 0):
 PSYoungGen      total 36864K, used 36844K [0x00000000d6e00000, 0x00000000db600000, 0x0000000100000000)
  eden space 31744K, 100% used [0x00000000d6e00000,0x00000000d8d00000,0x00000000d8d00000)
  from space 5120K, 99% used [0x00000000d8d00000,0x00000000d91fb138,0x00000000d9200000)
  to   space 5120K, 0% used [0x00000000db100000,0x00000000db100000,0x00000000db600000)
 ParOldGen       total 84992K, used 991K [0x0000000084a00000, 0x0000000089d00000, 0x00000000d6e00000)
  object space 84992K, 1% used [0x0000000084a00000,0x0000000084af7e60,0x0000000089d00000)
 Metaspace       used 10431K, capacity 10512K, committed 10624K, reserved 1058816K
  class space    used 1305K, capacity 1332K, committed 1408K, reserved 1048576K
Event: 3.959 GC heap after
Heap after GC invocations=2 (full 0):
 PSYoungGen      total 68608K, used 5088K [0x00000000d6e00000, 0x00000000db600000, 0x0000000100000000)
  eden space 63488K, 0% used [0x00000000d6e00000,0x00000000d6e00000,0x00000000dac00000)
  from space 5120K, 99% used [0x00000000db100000,0x00000000db5f8020,0x00000000db600000)
  to   space 5120K, 0% used [0x00000000dac00000,0x00000000dac00000,0x00000000db100000)
 ParOldGen       total 84992K, used 4559K [0x0000000084a00000, 0x0000000089d00000, 0x00000000d6e00000)
  object space 84992K, 5% used [0x0000000084a00000,0x0000000084e73c58,0x0000000089d00000)
 Metaspace       used 10431K, capacity 10512K, committed 10624K, reserved 1058816K
  class space    used 1305K, capacity 1332K, committed 1408K, reserved 1048576K
}
Event: 5.482 GC heap before
{Heap before GC invocations=3 (full 0):
 PSYoungGen      total 68608K, used 68576K [0x00000000d6e00000, 0x00000000db600000, 0x0000000100000000)
  eden space 63488K, 100% used [0x00000000d6e00000,0x00000000dac00000,0x00000000dac00000)
  from space 5120K, 99% used [0x00000000db100000,0x00000000db5f8020,0x00000000db600000)
  to   space 5120K, 0% used [0x00000000dac00000,0x00000000dac00000,0x00000000db100000)
 ParOldGen       total 84992K, used 4559K [0x0000000084a00000, 0x0000000089d00000, 0x00000000d6e00000)
  object space 84992K, 5% used [0x0000000084a00000,0x0000000084e73c58,0x0000000089d00000)
 Metaspace       used 15157K, capacity 15322K, committed 15616K, reserved 1062912K
  class space    used 1990K, capacity 2011K, committed 2048K, reserved 1048576K
Event: 5.535 GC heap after
Heap after GC invocations=3 (full 0):
 PSYoungGen      total 68608K, used 5104K [0x00000000d6e00000, 0x00000000df400000, 0x0000000100000000)
  eden space 63488K, 0% used [0x00000000d6e00000,0x00000000d6e00000,0x00000000dac00000)
  from space 5120K, 99% used [0x00000000dac00000,0x00000000db0fc050,0x00000000db100000)
  to   space 5120K, 0% used [0x00000000def00000,0x00000000def00000,0x00000000df400000)
 ParOldGen       total 84992K, used 11140K [0x0000000084a00000, 0x0000000089d00000, 0x00000000d6e00000)
  object space 84992K, 13% used [0x0000000084a00000,0x00000000854e1318,0x0000000089d00000)
 Metaspace       used 15157K, capacity 15322K, committed 15616K, reserved 1062912K
  class space    used 1990K, capacity 2011K, committed 2048K, reserved 1048576K
}

Deoptimization events (10 events):
Event: 6.942 Thread 0x00007f242c00d800 Uncommon trap: reason=array_check action=maybe_recompile pc=0x00007f241d5dfbfc method=org.eclipse.emf.common.util.BasicEList.assign(ILjava/lang/Object;)Ljava/lang/Object; @ 6
Event: 6.942 Thread 0x00007f242c00d800 Uncommon trap: reason=array_check action=maybe_recompile pc=0x00007f241d5dfbfc method=org.eclipse.emf.common.util.BasicEList.assign(ILjava/lang/Object;)Ljava/lang/Object; @ 6
Event: 6.942 Thread 0x00007f242c00d800 Uncommon trap: reason=array_check action=maybe_recompile pc=0x00007f241d5dfbfc method=org.eclipse.emf.common.util.BasicEList.assign(ILjava/lang/Object;)Ljava/lang/Object; @ 6
Event: 7.018 Thread 0x00007f242c00d800 Uncommon trap: reason=unstable_if action=reinterpret pc=0x00007f241d565764 method=java.util.HashMap.hash(Ljava/lang/Object;)I @ 1
Event: 7.018 Thread 0x00007f242c00d800 Uncommon trap: reason=unstable_if action=reinterpret pc=0x00007f241d1d5ff0 method=java.util.HashMap.hash(Ljava/lang/Object;)I @ 1
Event: 7.020 Thread 0x00007f242c00d800 Uncommon trap: reason=unstable_if action=reinterpret pc=0x00007f241d3b9814 method=java.util.HashMap.hash(Ljava/lang/Object;)I @ 1
Event: 7.022 Thread 0x00007f242c00d800 Uncommon trap: reason=unstable_if action=reinterpret pc=0x00007f241d5db128 method=java.util.HashMap.hash(Ljava/lang/Object;)I @ 1
Event: 7.127 Thread 0x00007f242c00d800 Uncommon trap: reason=bimorphic action=maybe_recompile pc=0x00007f241d539d50 method=org.eclipse.emf.ecore.util.EContentsEList$FeatureIteratorImpl.hasNext()Z @ 279
Event: 7.128 Thread 0x00007f242c00d800 Uncommon trap: reason=bimorphic action=maybe_recompile pc=0x00007f241d539d50 method=org.eclipse.emf.ecore.util.EContentsEList$FeatureIteratorImpl.hasNext()Z @ 279
Event: 38668.655 Thread 0x00007f242c00d800 Uncommon trap: reason=null_check action=make_not_entrant pc=0x00007f241d655a6c method=java.lang.StringCoding.deref(Ljava/lang/ThreadLocal;)Ljava/lang/Object; @ 4

Internal exceptions (10 events):
Event: 38612.679 Thread 0x00007f242c00d800 Exception <a 'java/io/IOException'> (0x00000000d91c4390) thrown at [/build/openjdk-8-YiEakL/openjdk-8-8u121-b13/src/hotspot/src/share/vm/prims/jni.cpp, line 709]
Event: 38613.015 Thread 0x00007f242c00d800 Exception <a 'java/io/IOException'> (0x00000000d91c4628) thrown at [/build/openjdk-8-YiEakL/openjdk-8-8u121-b13/src/hotspot/src/share/vm/prims/jni.cpp, line 709]
Event: 38613.216 Thread 0x00007f242c00d800 Exception <a 'java/io/IOException'> (0x00000000d91c4890) thrown at [/build/openjdk-8-YiEakL/openjdk-8-8u121-b13/src/hotspot/src/share/vm/prims/jni.cpp, line 709]
Event: 38623.415 Thread 0x00007f242c00d800 Exception <a 'java/io/IOException'> (0x00000000d91c5080) thrown at [/build/openjdk-8-YiEakL/openjdk-8-8u121-b13/src/hotspot/src/share/vm/prims/jni.cpp, line 709]
Event: 38623.415 Thread 0x00007f242c00d800 Exception <a 'java/io/IOException'> (0x00000000d91c5318) thrown at [/build/openjdk-8-YiEakL/openjdk-8-8u121-b13/src/hotspot/src/share/vm/prims/jni.cpp, line 709]
Event: 38623.415 Thread 0x00007f242c00d800 Exception <a 'java/io/IOException'> (0x00000000d91c5580) thrown at [/build/openjdk-8-YiEakL/openjdk-8-8u121-b13/src/hotspot/src/share/vm/prims/jni.cpp, line 709]
Event: 38623.415 Thread 0x00007f242c00d800 Exception <a 'java/io/IOException'> (0x00000000d91c5b38) thrown at [/build/openjdk-8-YiEakL/openjdk-8-8u121-b13/src/hotspot/src/share/vm/prims/jni.cpp, line 709]
Event: 38623.437 Thread 0x00007f242c00d800 Exception <a 'java/io/IOException'> (0x00000000d91c5dd0) thrown at [/build/openjdk-8-YiEakL/openjdk-8-8u121-b13/src/hotspot/src/share/vm/prims/jni.cpp, line 709]
Event: 38623.525 Thread 0x00007f242c00d800 Exception <a 'java/io/IOException'> (0x00000000d91c6038) thrown at [/build/openjdk-8-YiEakL/openjdk-8-8u121-b13/src/hotspot/src/share/vm/prims/jni.cpp, line 709]
Event: 38668.542 Thread 0x00007f242c00d800 Implicit null exception at 0x00007f241d65544d to 0x00007f241d655a55

Events (10 events):
Event: 38627.916 Thread 0x00007f242c00d800 Thread exited: 0x00007f242c00d800
Event: 38629.471 Thread 0x00007f242c00d800 Thread added: 0x00007f242c00d800
Event: 38634.162 loading class java/util/IdentityHashMap$KeyIterator
Event: 38637.010 loading class java/util/IdentityHashMap$KeyIterator done
Event: 38638.203 Thread 0x00007f242c8c7000 Thread added: 0x00007f242c8c7000
Event: 38658.293 Thread 0x00007f242c8c7000 Thread exited: 0x00007f242c8c7000
Event: 38668.580 Thread 0x00007f242c00d800 Uncommon trap: trap_request=0xfffffff4 fr.pc=0x00007f241d655a6c
Event: 38669.500 Thread 0x00007f242c00d800 DEOPT PACKING pc=0x00007f241d655a6c sp=0x00007f24359421c0
Event: 38669.500 Thread 0x00007f242c00d800 DEOPT UNPACKING pc=0x00007f241d004f69 sp=0x00007f24359420c0 mode 2
Event: 38670.622 Thread 0x00007f242c00d800 Thread exited: 0x00007f242c00d800


Dynamic libraries:
00400000-00401000 r-xp 00000000 08:09 7087821                            /usr/lib/jvm/java-8-openjdk-amd64/jre/bin/java
00600000-00601000 r--p 00000000 08:09 7087821                            /usr/lib/jvm/java-8-openjdk-amd64/jre/bin/java
00601000-00602000 rw-p 00001000 08:09 7087821                            /usr/lib/jvm/java-8-openjdk-amd64/jre/bin/java
01154000-01175000 rw-p 00000000 00:00 0                                  [heap]
84a00000-89d00000 rw-p 00000000 00:00 0 
89d00000-d6e00000 ---p 00000000 00:00 0 
d6e00000-df400000 rw-p 00000000 00:00 0 
df400000-100000000 ---p 00000000 00:00 0 
100000000-100280000 rw-p 00000000 00:00 0 
100280000-140000000 ---p 00000000 00:00 0 
7f23d0000000-7f23d0021000 rw-p 00000000 00:00 0 
7f23d0021000-7f23d4000000 ---p 00000000 00:00 0 
7f23d8000000-7f23d8021000 rw-p 00000000 00:00 0 
7f23d8021000-7f23dc000000 ---p 00000000 00:00 0 
7f23dc000000-7f23dc021000 rw-p 00000000 00:00 0 
7f23dc021000-7f23e0000000 ---p 00000000 00:00 0 
7f23e0000000-7f23e0021000 rw-p 00000000 00:00 0 
7f23e0021000-7f23e4000000 ---p 00000000 00:00 0 
7f23e4000000-7f23e4021000 rw-p 00000000 00:00 0 
7f23e4021000-7f23e8000000 ---p 00000000 00:00 0 
7f23e8000000-7f23e8b74000 rw-p 00000000 00:00 0 
7f23e8b74000-7f23ec000000 ---p 00000000 00:00 0 
7f23ec000000-7f23ec5a0000 rw-p 00000000 00:00 0 
7f23ec5a0000-7f23f0000000 ---p 00000000 00:00 0 
7f23f0000000-7f23f0021000 rw-p 00000000 00:00 0 
7f23f0021000-7f23f4000000 ---p 00000000 00:00 0 
7f23f4000000-7f23f44e5000 rw-p 00000000 00:00 0 
7f23f44e5000-7f23f8000000 ---p 00000000 00:00 0 
7f23f8000000-7f23f8021000 rw-p 00000000 00:00 0 
7f23f8021000-7f23fc000000 ---p 00000000 00:00 0 
7f23fc000000-7f23fc021000 rw-p 00000000 00:00 0 
7f23fc021000-7f2400000000 ---p 00000000 00:00 0 
7f2400000000-7f2400021000 rw-p 00000000 00:00 0 
7f2400021000-7f2404000000 ---p 00000000 00:00 0 
7f24063fd000-7f2406400000 ---p 00000000 00:00 0 
7f2406400000-7f240657e000 rw-p 00000000 00:00 0 
7f240657e000-7f24066fe000 ---p 00000000 00:00 0 
7f24066fe000-7f2406773000 r-xp 00000000 08:09 26877385                   /home/hrishi/workspace/Console/.jnimap.temp.linux_64/libgmp.so.10 (deleted)
7f2406773000-7f2406972000 ---p 00075000 08:09 26877385                   /home/hrishi/workspace/Console/.jnimap.temp.linux_64/libgmp.so.10 (deleted)
7f2406972000-7f2406974000 rw-p 00074000 08:09 26877385                   /home/hrishi/workspace/Console/.jnimap.temp.linux_64/libgmp.so.10 (deleted)
7f2406974000-7f2406adc000 r-xp 00000000 08:09 26877384                   /home/hrishi/workspace/Console/.jnimap.temp.linux_64/libisl.so.13 (deleted)
7f2406adc000-7f2406cdb000 ---p 00168000 08:09 26877384                   /home/hrishi/workspace/Console/.jnimap.temp.linux_64/libisl.so.13 (deleted)
7f2406cdb000-7f2406ce2000 rw-p 00167000 08:09 26877384                   /home/hrishi/workspace/Console/.jnimap.temp.linux_64/libisl.so.13 (deleted)
7f2406ce2000-7f2406d67000 r-xp 00000000 08:09 26877386                   /home/hrishi/workspace/Console/.jnimap.temp.linux_64/linux_64_libjniisl.so (deleted)
7f2406d67000-7f2406f66000 ---p 00085000 08:09 26877386                   /home/hrishi/workspace/Console/.jnimap.temp.linux_64/linux_64_libjniisl.so (deleted)
7f2406f66000-7f2406f69000 rw-p 00084000 08:09 26877386                   /home/hrishi/workspace/Console/.jnimap.temp.linux_64/linux_64_libjniisl.so (deleted)
7f2406f69000-7f2407169000 rw-p 00000000 00:00 0 
7f2407169000-7f2407369000 rw-p 00000000 00:00 0 
7f2407369000-7f2407569000 rw-p 00000000 00:00 0 
7f2407569000-7f240756c000 ---p 00000000 00:00 0 
7f240756c000-7f240786a000 rw-p 00000000 00:00 0 
7f240786a000-7f240786d000 ---p 00000000 00:00 0 
7f240786d000-7f240796b000 rw-p 00000000 00:00 0 
7f240796b000-7f240796e000 r--s 00015000 08:09 7085469                    /usr/lib/jvm/java-8-openjdk-amd64/jre/lib/jce.jar
7f240796e000-7f2407972000 r--s 0009a000 08:09 7085467                    /usr/lib/jvm/java-8-openjdk-amd64/jre/lib/jsse.jar
7f2407972000-7f2407975000 r--s 00014000 08:09 26516293                   /home/hrishi/.eclipse/org.eclipse.platform_4.6.0_1473617060_linux_gtk_x86_64/plugins/fr.irisa.r2d2.parser.runtime_1.0.0.201612051604.jar
7f2407975000-7f240797d000 r--s 0003c000 08:09 26516292                   /home/hrishi/.eclipse/org.eclipse.platform_4.6.0_1473617060_linux_gtk_x86_64/plugins/fr.irisa.r2d2.gecos.framework_1.0.0.201612051604.jar
7f240797d000-7f2407987000 r--s 0006c000 08:09 26516357                   /home/hrishi/.eclipse/org.eclipse.platform_4.6.0_1473617060_linux_gtk_x86_64/plugins/org.eclipse.xtext.common.types_2.10.0.v201605250459.jar
7f2407987000-7f24079b7000 r--s 0044d000 08:09 26516369                   /home/hrishi/.eclipse/org.eclipse.platform_4.6.0_1473617060_linux_gtk_x86_64/plugins/org.eclipse.xtext.xbase_2.10.0.v201605250459.jar
7f24079b7000-7f24079ba000 r--s 0000f000 08:09 26516352                   /home/hrishi/.eclipse/org.eclipse.platform_4.6.0_1473617060_linux_gtk_x86_64/plugins/org.eclipse.xtend.lib.macro_2.10.0.v201605250459.jar
7f24079ba000-7f24079be000 r--s 00035000 08:09 26516351                   /home/hrishi/.eclipse/org.eclipse.platform_4.6.0_1473617060_linux_gtk_x86_64/plugins/org.eclipse.xtend.lib_2.10.0.v201605250459.jar
7f24079be000-7f24079bf000 r--s 00001000 08:09 26516354                   /home/hrishi/.eclipse/org.eclipse.platform_4.6.0_1473617060_linux_gtk_x86_64/plugins/org.eclipse.xtend2.lib_2.10.0.v201605250459.jar
7f24079bf000-7f24079c5000 r--s 0003f000 08:09 26516368                   /home/hrishi/.eclipse/org.eclipse.platform_4.6.0_1473617060_linux_gtk_x86_64/plugins/org.eclipse.xtext.util_2.10.0.v201605250459.jar
7f24079c5000-7f24079f6000 r--s 0024b000 08:09 26516355                   /home/hrishi/.eclipse/org.eclipse.platform_4.6.0_1473617060_linux_gtk_x86_64/plugins/org.eclipse.xtext_2.10.0.v201605250459.jar
7f24079f6000-7f24079fe000 r--s 00061000 08:09 26516277                   /home/hrishi/.eclipse/org.eclipse.platform_4.6.0_1473617060_linux_gtk_x86_64/plugins/edu.csu.melange.alphabets_0.9.6.201612051604.jar
7f24079fe000-7f24079ff000 r--s 00008000 08:09 26516336                   /home/hrishi/.eclipse/org.eclipse.platform_4.6.0_1473617060_linux_gtk_x86_64/plugins/org.polymodel.scop.cgenerator2_1.0.0.201612051604.jar
7f24079ff000-7f2407a02000 r--s 00024000 08:09 26516337                   /home/hrishi/.eclipse/org.eclipse.platform_4.6.0_1473617060_linux_gtk_x86_64/plugins/org.polymodel.scop.dtiler_1.0.0.201612051604.jar
7f2407a02000-7f2407a03000 r--s 00001000 08:09 26516335                   /home/hrishi/.eclipse/org.eclipse.platform_4.6.0_1473617060_linux_gtk_x86_64/plugins/org.polymodel.scop.bridge.clast_1.0.0.201612051604.jar
7f2407a03000-7f2407a08000 r--s 0002a000 08:09 26516334                   /home/hrishi/.eclipse/org.eclipse.platform_4.6.0_1473617060_linux_gtk_x86_64/plugins/org.polymodel.scop_1.0.0.201612051604.jar
7f2407a08000-7f2407a1b000 r--s 0012e000 08:09 26516300                   /home/hrishi/.eclipse/org.eclipse.platform_4.6.0_1473617060_linux_gtk_x86_64/plugins/org.polymodel.polyhedralIR.codegen_1.0.0.201612051604.jar
7f2407a1b000-7f2407a1e000 r--s 008e1000 08:09 26516287                   /home/hrishi/.eclipse/org.eclipse.platform_4.6.0_1473617060_linux_gtk_x86_64/plugins/fr.irisa.cairn.jnimap.cloog_1.0.0.201612051604.jar
7f2407a1e000-7f2407a22000 r--s 00031000 08:09 26516341                   /home/hrishi/.eclipse/org.eclipse.platform_4.6.0_1473617060_linux_gtk_x86_64/plugins/org.antlr.runtime_3.2.0.v201101311130.jar
7f2407a22000-7f2407a23000 r--s 00011000 08:09 10748494                   /opt/eclipse/plugins/org.apache.commons.logging_1.1.1.v201101211721.jar
7f2407a23000-7f2407a2b000 r--s 0005e000 08:09 10748531                   /opt/eclipse/plugins/org.apache.log4j_1.2.15.v201012070815.jar
7f2407a2b000-7f2407a2d000 r--s 00008000 08:09 26516346                   /home/hrishi/.eclipse/org.eclipse.platform_4.6.0_1473617060_linux_gtk_x86_64/plugins/org.eclipse.emf.mwe.utils_1.3.20.v201605261103.jar
7f2407a2d000-7f2407a2e000 r--s 00003000 08:09 26516348                   /home/hrishi/.eclipse/org.eclipse.platform_4.6.0_1473617060_linux_gtk_x86_64/plugins/org.eclipse.emf.mwe2.runtime_2.9.0.v201605261103.jar
7f2407a2e000-7f2407a2f000 r--s 0000b000 08:09 26516339                   /home/hrishi/.eclipse/org.eclipse.platform_4.6.0_1473617060_linux_gtk_x86_64/plugins/org.apache.commons.cli_1.2.0.v201404270220.jar
7f2407a2f000-7f2407a35000 r--s 0002a000 08:09 26516345                   /home/hrishi/.eclipse/org.eclipse.platform_4.6.0_1473617060_linux_gtk_x86_64/plugins/org.eclipse.emf.mwe.core_1.3.20.v201605261103.jar
7f2407a35000-7f2407a37000 r--s 00009000 08:09 26516279                   /home/hrishi/.eclipse/org.eclipse.platform_4.6.0_1473617060_linux_gtk_x86_64/plugins/edu.csu.melange.affineLattice_1.0.0.jar
7f2407a37000-7f2407a39000 r--s 00000000 08:09 26516338                   /home/hrishi/.eclipse/org.eclipse.platform_4.6.0_1473617060_linux_gtk_x86_64/plugins/tom.mapping_1.0.0.201612051604.jar
7f2407a39000-7f2407a40000 r--s 0004d000 08:09 26516333                   /home/hrishi/.eclipse/org.eclipse.platform_4.6.0_1473617060_linux_gtk_x86_64/plugins/org.polymodel.prdg.scheduling_1.0.0.201612051604.jar
7f2407a40000-7f2407a43000 r--s 0001f000 08:09 26516370                   /home/hrishi/.eclipse/org.eclipse.platform_4.6.0_1473617060_linux_gtk_x86_64/plugins/org.eclipse.xtext.xbase.lib_2.10.0.v201605250459.jar
7f2407a43000-7f2407a45000 r--s 00004000 08:09 26516299                   /home/hrishi/.eclipse/org.eclipse.platform_4.6.0_1473617060_linux_gtk_x86_64/plugins/org.polymodel.matrix_1.0.0.201612051604.jar
7f2407a45000-7f2407a47000 r--s 00005000 08:09 26516332                   /home/hrishi/.eclipse/org.eclipse.platform_4.6.0_1473617060_linux_gtk_x86_64/plugins/org.polymodel.prdg.adapter_1.0.0.201612051604.jar
7f2407a47000-7f2407a49000 r--s 00009000 08:09 26516301                   /home/hrishi/.eclipse/org.eclipse.platform_4.6.0_1473617060_linux_gtk_x86_64/plugins/org.polymodel.prdg_1.0.0.201612051604.jar
7f2407a49000-7f2407a4b000 r--s 00013000 08:09 26516297                   /home/hrishi/.eclipse/org.eclipse.platform_4.6.0_1473617060_linux_gtk_x86_64/plugins/org.polymodel.isl_1.0.0.201612051604.jar
7f2407a4b000-7f2407a55000 r--s 000a4000 08:09 26516295                   /home/hrishi/.eclipse/org.eclipse.platform_4.6.0_1473617060_linux_gtk_x86_64/plugins/org.polymodel.algebra_1.0.0.201612051604.jar
7f2407a55000-7f2407a58000 r--s 0002b000 08:09 26516294                   /home/hrishi/.eclipse/org.eclipse.platform_4.6.0_1473617060_linux_gtk_x86_64/plugins/org.polymodel_1.0.0.201612051604.jar
7f2407a58000-7f2407a82000 r--s 001ff000 08:09 10749007                   /opt/eclipse/plugins/com.google.guava_15.0.0.v201403281430.jar
7f2407a82000-7f2407a83000 r--s 0000f000 08:09 28708338                   /home/hrishi/.eclipse/org.eclipse.platform_4.6.0_1473617060_linux_gtk_x86_64/plugins/fr.irisa.cairn.tools_1.0.0.201612051604/lib/javatuples-1.2.jar
7f2407a83000-7f2407a84000 r--s 0000b000 08:09 28708337                   /home/hrishi/.eclipse/org.eclipse.platform_4.6.0_1473617060_linux_gtk_x86_64/plugins/fr.irisa.cairn.tools_1.0.0.201612051604/lib/javatuples-1.2-sources.jar
7f2407a84000-7f2407a9c000 r--s 0015b000 08:09 28061747                   /home/hrishi/.eclipse/org.eclipse.platform_4.6.0_1473617060_linux_gtk_x86_64/plugins/fr.irisa.cairn.graph_1.0.0.201612051604/lib/jgrapht-ext-0.9.1-uber.jar
7f2407a9c000-7f2407acc000 rw-p 00000000 00:00 0 
7f2407acc000-7f2407bfc000 r--s 010bc000 08:09 28708362                   /home/hrishi/.eclipse/org.eclipse.platform_4.6.0_1473617060_linux_gtk_x86_64/plugins/fr.irisa.cairn.eclipse.tom_2.10.0.201612051604/libs/aircube-bundle.jar
7f2407bfc000-7f2407bfd000 ---p 00000000 00:00 0 
7f2407bfd000-7f2407cfd000 rw-p 00000000 00:00 0 
7f2407cfd000-7f2407d00000 ---p 00000000 00:00 0 
7f2407d00000-7f2407dfe000 rw-p 00000000 00:00 0 
7f2407dfe000-7f2407e01000 ---p 00000000 00:00 0 
7f2407e01000-7f2407eff000 rw-p 00000000 00:00 0 
7f2407eff000-7f2407f02000 ---p 00000000 00:00 0 
7f2407f02000-7f2408000000 rw-p 00000000 00:00 0 
7f2408000000-7f2408021000 rw-p 00000000 00:00 0 
7f2408021000-7f240c000000 ---p 00000000 00:00 0 
7f240c000000-7f240c021000 rw-p 00000000 00:00 0 
7f240c021000-7f2410000000 ---p 00000000 00:00 0 
7f2410000000-7f2410021000 rw-p 00000000 00:00 0 
7f2410021000-7f2414000000 ---p 00000000 00:00 0 
7f2414000000-7f2414003000 r--s 00037000 08:09 28708336                   /home/hrishi/.eclipse/org.eclipse.platform_4.6.0_1473617060_linux_gtk_x86_64/plugins/fr.irisa.cairn.tools_1.0.0.201612051604/lib/javatuples-1.2-javadoc.jar
7f2414003000-7f2414008000 r--s 00b6c000 08:09 26516288                   /home/hrishi/.eclipse/org.eclipse.platform_4.6.0_1473617060_linux_gtk_x86_64/plugins/fr.irisa.cairn.jnimap.isl_2.1.0.201612051604.jar
7f2414008000-7f241400a000 r--s 00007000 08:09 26516286                   /home/hrishi/.eclipse/org.eclipse.platform_4.6.0_1473617060_linux_gtk_x86_64/plugins/fr.irisa.cairn.graph.guice_1.0.0.201612051604.jar
7f241400a000-7f241400c000 r--s 00009000 08:09 10748202                   /opt/eclipse/plugins/com.google.inject.multibindings_3.0.0.v201605172100.jar
7f241400c000-7f241404e000 r--s 00398000 08:09 10748311                   /opt/eclipse/plugins/org.eclipse.ui.workbench_3.108.0.v20160602-1232.jar
7f241404e000-7f2414051000 ---p 00000000 00:00 0 
7f2414051000-7f241414f000 rw-p 00000000 00:00 0 
7f241414f000-7f2414152000 ---p 00000000 00:00 0 
7f2414152000-7f2418000000 rw-p 00000000 00:00 0 
7f2418000000-7f2418021000 rw-p 00000000 00:00 0 
7f2418021000-7f241c000000 ---p 00000000 00:00 0 
7f241c000000-7f241c001000 r--s 00000000 08:09 26516289                   /home/hrishi/.eclipse/org.eclipse.platform_4.6.0_1473617060_linux_gtk_x86_64/plugins/fr.irisa.cairn.jnimap.runtime_1.0.0.201612051604.jar
7f241c001000-7f241c00c000 r--s 00077000 08:09 10748760                   /opt/eclipse/plugins/com.google.inject_3.0.0.v201605172100.jar
7f241c00c000-7f241c010000 r--s 00035000 08:09 10748985                   /opt/eclipse/plugins/org.eclipse.emf.ecore.xmi_2.12.0.v20160420-0247.jar
7f241c010000-7f241c017000 r--s 00051000 08:09 10748503                   /opt/eclipse/plugins/org.eclipse.emf.common_2.12.0.v20160420-0247.jar
7f241c017000-7f241c029000 r--s 00111000 08:09 10748217                   /opt/eclipse/plugins/org.eclipse.emf.ecore_2.12.0.v20160420-0247.jar
7f241c029000-7f241c02e000 r--s 00030000 08:09 10748396                   /opt/eclipse/plugins/org.eclipse.ui.console_3.6.200.v20160518-1858.jar
7f241c02e000-7f241c02f000 r--s 00002000 08:09 10748530                   /opt/eclipse/plugins/org.eclipse.e4.ui.workbench3_0.13.100.v20160506-0759.jar
7f241c02f000-7f241c033000 r--s 00019000 08:09 10748602                   /opt/eclipse/plugins/org.eclipse.core.commands_3.8.0.v20160316-1921.jar
7f241c033000-7f241c045000 r--s 000f8000 08:09 10748780                   /opt/eclipse/plugins/org.eclipse.jface_3.12.0.v20160518-1929.jar
7f241c045000-7f241c05a000 r--s 0028f000 08:09 10748863                   /opt/eclipse/plugins/org.eclipse.swt.gtk.linux.x86_64_3.105.0.v20160603-0902.jar
7f241c05a000-7f241c063000 r--s 00058000 08:09 10748604                   /opt/eclipse/plugins/org.eclipse.ui_3.108.0.v20160518-1929.jar
7f241c063000-7f241c065000 r--s 00014000 08:09 10748222                   /opt/eclipse/plugins/org.eclipse.equinox.app_1.3.400.v20150715-1528.jar
7f241c065000-7f241c067000 r--s 00017000 08:09 10748774                   /opt/eclipse/plugins/org.eclipse.core.contenttype_3.5.100.v20160418-1621.jar
7f241c067000-7f241c06a000 r--s 0001e000 08:09 10748508                   /opt/eclipse/plugins/org.eclipse.equinox.preferences_3.6.0.v20160120-1756.jar
7f241c06a000-7f241c06e000 r--s 0002a000 08:09 10749014                   /opt/eclipse/plugins/org.eclipse.equinox.registry_3.6.100.v20160223-2218.jar
7f241c06e000-7f241c071000 r--s 00019000 08:09 10748931                   /opt/eclipse/plugins/org.eclipse.core.jobs_3.8.0.v20160509-0411.jar
7f241c071000-7f241c074000 r--s 0001b000 08:09 10748983                   /opt/eclipse/plugins/org.eclipse.equinox.common_3.8.0.v20160509-1230.jar
7f241c074000-7f241c077000 r--s 00039000 08:09 10748174                   /opt/eclipse/plugins/org.eclipse.osgi.compatibility.state_1.0.200.v20160504-1419.jar
7f241c077000-7f241c08c000 r--s 0013d000 08:09 10748755                   /opt/eclipse/plugins/org.eclipse.osgi_3.11.0.v20160603-1336.jar
7f241c08c000-7f241c08e000 r--s 00003000 08:09 10748526                   /opt/eclipse/plugins/javax.inject_1.0.0.v20091030.jar
7f241c08e000-7f241c090000 r--s 00011000 08:09 10748883                   /opt/eclipse/plugins/org.eclipse.core.runtime_3.12.0.v20160606-1342.jar
7f241c090000-7f241c094000 r--s 00037000 08:09 7085460                    /usr/lib/jvm/java-8-openjdk-amd64/jre/lib/ext/sunpkcs11.jar
7f241c094000-7f241c09e000 r--s 00116000 08:09 7085461                    /usr/lib/jvm/java-8-openjdk-amd64/jre/lib/ext/localedata.jar
7f241c09e000-7f241c0b9000 r--s 001d6000 08:09 7085455                    /usr/lib/jvm/java-8-openjdk-amd64/jre/lib/ext/nashorn.jar
7f241c0b9000-7f241c391000 r--p 00000000 08:09 2887360                    /usr/lib/locale/locale-archive
7f241c391000-7f241c394000 ---p 00000000 00:00 0 
7f241c394000-7f241c492000 rw-p 00000000 00:00 0 
7f241c492000-7f241c495000 ---p 00000000 00:00 0 
7f241c495000-7f241c593000 rw-p 00000000 00:00 0 
7f241c593000-7f241c594000 ---p 00000000 00:00 0 
7f241c594000-7f241d000000 rw-p 00000000 00:00 0 
7f241d000000-7f241d6e0000 rwxp 00000000 00:00 0 
7f241d6e0000-7f242c000000 ---p 00000000 00:00 0 
7f242c000000-7f242cb1e000 rw-p 00000000 00:00 0 
7f242cb1e000-7f2430000000 ---p 00000000 00:00 0 
7f2430000000-7f2430003000 r--s 0000f000 08:09 7085457                    /usr/lib/jvm/java-8-openjdk-amd64/jre/lib/ext/icedtea-sound.jar
7f2430003000-7f2430008000 r--s 0003b000 08:09 7085462                    /usr/lib/jvm/java-8-openjdk-amd64/jre/lib/ext/sunjce_provider.jar
7f2430008000-7f243067c000 rw-p 00000000 00:00 0 
7f243067c000-7f243084a000 r--s 03c06000 08:09 7087811                    /usr/lib/jvm/java-8-openjdk-amd64/jre/lib/rt.jar
7f243084a000-7f243149b000 rw-p 00000000 00:00 0 
7f243149b000-7f243149c000 ---p 00000000 00:00 0 
7f243149c000-7f243159c000 rw-p 00000000 00:00 0 
7f243159c000-7f243159d000 ---p 00000000 00:00 0 
7f243159d000-7f243169d000 rw-p 00000000 00:00 0 
7f243169d000-7f243169e000 ---p 00000000 00:00 0 
7f243169e000-7f243179e000 rw-p 00000000 00:00 0 
7f243179e000-7f243179f000 ---p 00000000 00:00 0 
7f243179f000-7f24318c9000 rw-p 00000000 00:00 0 
7f24318c9000-7f2431b31000 ---p 00000000 00:00 0 
7f2431b31000-7f2431b5b000 rw-p 00000000 00:00 0 
7f2431b5b000-7f2431dc3000 ---p 00000000 00:00 0 
7f2431dc3000-7f2431e06000 rw-p 00000000 00:00 0 
7f2431e06000-7f2431f0c000 ---p 00000000 00:00 0 
7f2431f0c000-7f2431f29000 rw-p 00000000 00:00 0 
7f2431f29000-7f24322cd000 ---p 00000000 00:00 0 
7f24322cd000-7f24322d5000 r-xp 00000000 08:09 7085419                    /usr/lib/jvm/java-8-openjdk-amd64/jre/lib/amd64/libzip.so
7f24322d5000-7f24324d4000 ---p 00008000 08:09 7085419                    /usr/lib/jvm/java-8-openjdk-amd64/jre/lib/amd64/libzip.so
7f24324d4000-7f24324d5000 r--p 00007000 08:09 7085419                    /usr/lib/jvm/java-8-openjdk-amd64/jre/lib/amd64/libzip.so
7f24324d5000-7f24324d6000 rw-p 00008000 08:09 7085419                    /usr/lib/jvm/java-8-openjdk-amd64/jre/lib/amd64/libzip.so
7f24324d6000-7f24324e1000 r-xp 00000000 08:09 24382890                   /lib/x86_64-linux-gnu/libnss_files-2.23.so
7f24324e1000-7f24326e0000 ---p 0000b000 08:09 24382890                   /lib/x86_64-linux-gnu/libnss_files-2.23.so
7f24326e0000-7f24326e1000 r--p 0000a000 08:09 24382890                   /lib/x86_64-linux-gnu/libnss_files-2.23.so
7f24326e1000-7f24326e2000 rw-p 0000b000 08:09 24382890                   /lib/x86_64-linux-gnu/libnss_files-2.23.so
7f24326e2000-7f24326e8000 rw-p 00000000 00:00 0 
7f24326e8000-7f24326f3000 r-xp 00000000 08:09 24382881                   /lib/x86_64-linux-gnu/libnss_nis-2.23.so
7f24326f3000-7f24328f2000 ---p 0000b000 08:09 24382881                   /lib/x86_64-linux-gnu/libnss_nis-2.23.so
7f24328f2000-7f24328f3000 r--p 0000a000 08:09 24382881                   /lib/x86_64-linux-gnu/libnss_nis-2.23.so
7f24328f3000-7f24328f4000 rw-p 0000b000 08:09 24382881                   /lib/x86_64-linux-gnu/libnss_nis-2.23.so
7f24328f4000-7f243290a000 r-xp 00000000 08:09 24382883                   /lib/x86_64-linux-gnu/libnsl-2.23.so
7f243290a000-7f2432b09000 ---p 00016000 08:09 24382883                   /lib/x86_64-linux-gnu/libnsl-2.23.so
7f2432b09000-7f2432b0a000 r--p 00015000 08:09 24382883                   /lib/x86_64-linux-gnu/libnsl-2.23.so
7f2432b0a000-7f2432b0b000 rw-p 00016000 08:09 24382883                   /lib/x86_64-linux-gnu/libnsl-2.23.so
7f2432b0b000-7f2432b0d000 rw-p 00000000 00:00 0 
7f2432b0d000-7f2432b15000 r-xp 00000000 08:09 24382892                   /lib/x86_64-linux-gnu/libnss_compat-2.23.so
7f2432b15000-7f2432d14000 ---p 00008000 08:09 24382892                   /lib/x86_64-linux-gnu/libnss_compat-2.23.so
7f2432d14000-7f2432d15000 r--p 00007000 08:09 24382892                   /lib/x86_64-linux-gnu/libnss_compat-2.23.so
7f2432d15000-7f2432d16000 rw-p 00008000 08:09 24382892                   /lib/x86_64-linux-gnu/libnss_compat-2.23.so
7f2432d16000-7f2432d43000 r-xp 00000000 08:09 7085444                    /usr/lib/jvm/java-8-openjdk-amd64/jre/lib/amd64/libjava.so
7f2432d43000-7f2432f42000 ---p 0002d000 08:09 7085444                    /usr/lib/jvm/java-8-openjdk-amd64/jre/lib/amd64/libjava.so
7f2432f42000-7f2432f43000 r--p 0002c000 08:09 7085444                    /usr/lib/jvm/java-8-openjdk-amd64/jre/lib/amd64/libjava.so
7f2432f43000-7f2432f45000 rw-p 0002d000 08:09 7085444                    /usr/lib/jvm/java-8-openjdk-amd64/jre/lib/amd64/libjava.so
7f2432f45000-7f2432f54000 r-xp 00000000 08:09 7085412                    /usr/lib/jvm/java-8-openjdk-amd64/jre/lib/amd64/libverify.so
7f2432f54000-7f2433153000 ---p 0000f000 08:09 7085412                    /usr/lib/jvm/java-8-openjdk-amd64/jre/lib/amd64/libverify.so
7f2433153000-7f2433155000 r--p 0000e000 08:09 7085412                    /usr/lib/jvm/java-8-openjdk-amd64/jre/lib/amd64/libverify.so
7f2433155000-7f2433156000 rw-p 00010000 08:09 7085412                    /usr/lib/jvm/java-8-openjdk-amd64/jre/lib/amd64/libverify.so
7f2433156000-7f243315d000 r-xp 00000000 08:09 24382893                   /lib/x86_64-linux-gnu/librt-2.23.so
7f243315d000-7f243335c000 ---p 00007000 08:09 24382893                   /lib/x86_64-linux-gnu/librt-2.23.so
7f243335c000-7f243335d000 r--p 00006000 08:09 24382893                   /lib/x86_64-linux-gnu/librt-2.23.so
7f243335d000-7f243335e000 rw-p 00007000 08:09 24382893                   /lib/x86_64-linux-gnu/librt-2.23.so
7f243335e000-7f2433374000 r-xp 00000000 08:09 24383888                   /lib/x86_64-linux-gnu/libgcc_s.so.1
7f2433374000-7f2433573000 ---p 00016000 08:09 24383888                   /lib/x86_64-linux-gnu/libgcc_s.so.1
7f2433573000-7f2433574000 rw-p 00015000 08:09 24383888                   /lib/x86_64-linux-gnu/libgcc_s.so.1
7f2433574000-7f243367c000 r-xp 00000000 08:09 24382882                   /lib/x86_64-linux-gnu/libm-2.23.so
7f243367c000-7f243387b000 ---p 00108000 08:09 24382882                   /lib/x86_64-linux-gnu/libm-2.23.so
7f243387b000-7f243387c000 r--p 00107000 08:09 24382882                   /lib/x86_64-linux-gnu/libm-2.23.so
7f243387c000-7f243387d000 rw-p 00108000 08:09 24382882                   /lib/x86_64-linux-gnu/libm-2.23.so
7f243387d000-7f24339ef000 r-xp 00000000 08:09 2888511                    /usr/lib/x86_64-linux-gnu/libstdc++.so.6.0.21
7f24339ef000-7f2433bef000 ---p 00172000 08:09 2888511                    /usr/lib/x86_64-linux-gnu/libstdc++.so.6.0.21
7f2433bef000-7f2433bf9000 r--p 00172000 08:09 2888511                    /usr/lib/x86_64-linux-gnu/libstdc++.so.6.0.21
7f2433bf9000-7f2433bfb000 rw-p 0017c000 08:09 2888511                    /usr/lib/x86_64-linux-gnu/libstdc++.so.6.0.21
7f2433bfb000-7f2433bff000 rw-p 00000000 00:00 0 
7f2433bff000-7f243484f000 r-xp 00000000 08:09 7085439                    /usr/lib/jvm/java-8-openjdk-amd64/jre/lib/amd64/server/libjvm.so
7f243484f000-7f2434a4e000 ---p 00c50000 08:09 7085439                    /usr/lib/jvm/java-8-openjdk-amd64/jre/lib/amd64/server/libjvm.so
7f2434a4e000-7f2434ae1000 r--p 00c4f000 08:09 7085439                    /usr/lib/jvm/java-8-openjdk-amd64/jre/lib/amd64/server/libjvm.so
7f2434ae1000-7f2434b0a000 rw-p 00ce2000 08:09 7085439                    /usr/lib/jvm/java-8-openjdk-amd64/jre/lib/amd64/server/libjvm.so
7f2434b0a000-7f2434b3a000 rw-p 00000000 00:00 0 
7f2434b3a000-7f2434b52000 r-xp 00000000 08:09 24382897                   /lib/x86_64-linux-gnu/libpthread-2.23.so
7f2434b52000-7f2434d51000 ---p 00018000 08:09 24382897                   /lib/x86_64-linux-gnu/libpthread-2.23.so
7f2434d51000-7f2434d52000 r--p 00017000 08:09 24382897                   /lib/x86_64-linux-gnu/libpthread-2.23.so
7f2434d52000-7f2434d53000 rw-p 00018000 08:09 24382897                   /lib/x86_64-linux-gnu/libpthread-2.23.so
7f2434d53000-7f2434d57000 rw-p 00000000 00:00 0 
7f2434d57000-7f2434d5a000 r-xp 00000000 08:09 24382880                   /lib/x86_64-linux-gnu/libdl-2.23.so
7f2434d5a000-7f2434f59000 ---p 00003000 08:09 24382880                   /lib/x86_64-linux-gnu/libdl-2.23.so
7f2434f59000-7f2434f5a000 r--p 00002000 08:09 24382880                   /lib/x86_64-linux-gnu/libdl-2.23.so
7f2434f5a000-7f2434f5b000 rw-p 00003000 08:09 24382880                   /lib/x86_64-linux-gnu/libdl-2.23.so
7f2434f5b000-7f2434f74000 r-xp 00000000 08:09 24384041                   /lib/x86_64-linux-gnu/libz.so.1.2.8
7f2434f74000-7f2435173000 ---p 00019000 08:09 24384041                   /lib/x86_64-linux-gnu/libz.so.1.2.8
7f2435173000-7f2435174000 r--p 00018000 08:09 24384041                   /lib/x86_64-linux-gnu/libz.so.1.2.8
7f2435174000-7f2435175000 rw-p 00019000 08:09 24384041                   /lib/x86_64-linux-gnu/libz.so.1.2.8
7f2435175000-7f2435334000 r-xp 00000000 08:09 24382884                   /lib/x86_64-linux-gnu/libc-2.23.so
7f2435334000-7f2435534000 ---p 001bf000 08:09 24382884                   /lib/x86_64-linux-gnu/libc-2.23.so
7f2435534000-7f2435538000 r--p 001bf000 08:09 24382884                   /lib/x86_64-linux-gnu/libc-2.23.so
7f2435538000-7f243553a000 rw-p 001c3000 08:09 24382884                   /lib/x86_64-linux-gnu/libc-2.23.so
7f243553a000-7f243553e000 rw-p 00000000 00:00 0 
7f243553e000-7f243554b000 r-xp 00000000 08:09 7085434                    /usr/lib/jvm/java-8-openjdk-amd64/jre/lib/amd64/jli/libjli.so
7f243554b000-7f243574b000 ---p 0000d000 08:09 7085434                    /usr/lib/jvm/java-8-openjdk-amd64/jre/lib/amd64/jli/libjli.so
7f243574b000-7f243574c000 r--p 0000d000 08:09 7085434                    /usr/lib/jvm/java-8-openjdk-amd64/jre/lib/amd64/jli/libjli.so
7f243574c000-7f243574d000 rw-p 0000e000 08:09 7085434                    /usr/lib/jvm/java-8-openjdk-amd64/jre/lib/amd64/jli/libjli.so
7f243574d000-7f2435773000 r-xp 00000000 08:09 24382885                   /lib/x86_64-linux-gnu/ld-2.23.so
7f2435773000-7f2435774000 r--s 00004000 08:09 10748172                   /opt/eclipse/plugins/org.eclipse.swt_3.105.0.v20160603-0902.jar
7f2435774000-7f2435776000 r--s 00001000 08:09 7085456                    /usr/lib/jvm/java-8-openjdk-amd64/jre/lib/ext/dnsns.jar
7f2435776000-7f2435778000 r--s 00008000 08:09 7085454                    /usr/lib/jvm/java-8-openjdk-amd64/jre/lib/ext/sunec.jar
7f2435778000-7f2435843000 rw-p 00000000 00:00 0 
7f2435843000-7f2435846000 ---p 00000000 00:00 0 
7f2435846000-7f2435949000 rw-p 00000000 00:00 0 
7f2435949000-7f243594a000 r--s 00010000 08:09 7085459                    /usr/lib/jvm/java-8-openjdk-amd64/jre/lib/ext/zipfs.jar
7f243594a000-7f243594b000 r--s 0000a000 08:09 7085463                    /usr/lib/jvm/java-8-openjdk-amd64/jre/lib/ext/jaccess.jar
7f243594b000-7f2435966000 r--s 00394000 08:09 7085458                    /usr/lib/jvm/java-8-openjdk-amd64/jre/lib/ext/cldrdata.jar
7f2435966000-7f243596e000 rw-s 00000000 08:09 18616192                   /tmp/hsperfdata_hrishi/849 (deleted)
7f243596e000-7f243596f000 rw-p 00000000 00:00 0 
7f243596f000-7f2435970000 ---p 00000000 00:00 0 
7f2435970000-7f2435972000 rw-p 00000000 00:00 0 
7f2435972000-7f2435973000 r--p 00025000 08:09 24382885                   /lib/x86_64-linux-gnu/ld-2.23.so
7f2435973000-7f2435974000 rw-p 00026000 08:09 24382885                   /lib/x86_64-linux-gnu/ld-2.23.so
7f2435974000-7f2435975000 rw-p 00000000 00:00 0 
7ffd2e0ed000-7ffd2e110000 rw-p 00000000 00:00 0                          [stack]
7ffd2e13b000-7ffd2e13d000 r--p 00000000 00:00 0                          [vvar]
7ffd2e13d000-7ffd2e13f000 r-xp 00000000 00:00 0                          [vdso]
ffffffffff600000-ffffffffff601000 r-xp 00000000 00:00 0                  [vsyscall]

VM Arguments:
jvm_args: -Dfile.encoding=UTF-8 
java_command: RCPConsole
java_class_path (initial): /opt/eclipse/plugins/org.eclipse.core.runtime_3.12.0.v20160606-1342.jar:/opt/eclipse/plugins/javax.inject_1.0.0.v20091030.jar:/opt/eclipse/plugins/org.eclipse.osgi_3.11.0.v20160603-1336.jar:/opt/eclipse/plugins/org.eclipse.osgi.compatibility.state_1.0.200.v20160504-1419.jar:/opt/eclipse/plugins/org.eclipse.equinox.common_3.8.0.v20160509-1230.jar:/opt/eclipse/plugins/org.eclipse.core.jobs_3.8.0.v20160509-0411.jar:/opt/eclipse/plugins/org.eclipse.equinox.registry_3.6.100.v20160223-2218.jar:/opt/eclipse/plugins/org.eclipse.equinox.preferences_3.6.0.v20160120-1756.jar:/opt/eclipse/plugins/org.eclipse.core.contenttype_3.5.100.v20160418-1621.jar:/opt/eclipse/plugins/org.eclipse.equinox.app_1.3.400.v20150715-1528.jar:/opt/eclipse/plugins/org.eclipse.ui_3.108.0.v20160518-1929.jar:/opt/eclipse/plugins/org.eclipse.swt_3.105.0.v20160603-0902.jar:/opt/eclipse/plugins/org.eclipse.swt.gtk.linux.x86_64_3.105.0.v20160603-0902.jar:/opt/eclipse/plugins/org.eclipse.jface_3.12.0.v20160518-1929.jar:/opt/eclipse/plugins/org.eclipse.core.commands_3.8.0.v20160316-1921.jar:/opt/eclipse/plugins/org.eclipse.ui.workbench_3.108.0.v20160602-1232.jar:/opt/eclipse/plugins/org.eclipse.e4.ui.workbench3_0.13.100.v20160506-0759.jar:/opt/eclipse/plugins/org.eclipse.ui.console_3.6.200.v20160518-1858.jar:/opt/eclipse/plugins/org.eclipse.emf.ecore_2.12.0.v20160420-0247.jar:/opt/eclipse/plugins/org.eclipse.emf.common_2.12.0.v20160420-0247.jar:/opt/eclipse/plugins/org.eclipse.emf.ecore.xmi_2.12.0.v20160420-0247.jar:/home/hrishi/.eclipse/org.eclipse.platform_4.6.0_1473617060_linux_gtk_x86_64/plugins/fr.irisa.cairn.eclipse.tom_2.10.0.201612051604/libs/aircube-bundle.jar:/home/hrishi/.eclipse/org.eclipse.platform_4.6.0_1473617060_linux_gtk_x86_64/plugins/fr.irisa.cairn.graph_1.0.0.201612051604:/home/hrishi/.eclipse/org.eclipse.platform_4.6.0_1473617060_linux_gtk_x86_64/plugins/fr.irisa.cairn.graph_1.0.0.201612051604/lib/jgrapht-ext-0.9.1-uber.jar:/opt/eclipse/plugins/com.google.inj
Launcher Type: SUN_STANDARD

Environment Variables:
PATH=/home/hrishi/torch/install/bin:/usr/local/sbin:/usr/local/bin:/usr/sbin:/usr/bin:/sbin:/bin:/usr/games:/usr/local/games:/snap/bin
LD_LIBRARY_PATH=/home/hrishi/torch/install/lib:
SHELL=/bin/bash
DISPLAY=:0
DYLD_LIBRARY_PATH=/home/hrishi/torch/install/lib:

Signal Handlers:
SIGSEGV: [libjvm.so+0xa66fd0], sa_mask[0]=11111111011111111101111111111110, sa_flags=SA_RESTART|SA_SIGINFO
SIGBUS: [libjvm.so+0xa66fd0], sa_mask[0]=11111111011111111101111111111110, sa_flags=SA_RESTART|SA_SIGINFO
SIGFPE: [libjvm.so+0x8b0180], sa_mask[0]=11111111011111111101111111111110, sa_flags=SA_RESTART|SA_SIGINFO
SIGPIPE: [libjvm.so+0x8b0180], sa_mask[0]=11111111011111111101111111111110, sa_flags=SA_RESTART|SA_SIGINFO
SIGXFSZ: [libjvm.so+0x8b0180], sa_mask[0]=11111111011111111101111111111110, sa_flags=SA_RESTART|SA_SIGINFO
SIGILL: [libjvm.so+0x8b0180], sa_mask[0]=11111111011111111101111111111110, sa_flags=SA_RESTART|SA_SIGINFO
SIGUSR1: SIG_DFL, sa_mask[0]=00000000000000000000000000000000, sa_flags=none
SIGUSR2: [libjvm.so+0x8b0030], sa_mask[0]=00100000000000000000000000000000, sa_flags=SA_RESTART|SA_SIGINFO
SIGHUP: [libjvm.so+0x8b0500], sa_mask[0]=11111111011111111101111111111110, sa_flags=SA_RESTART|SA_SIGINFO
SIGINT: [libjvm.so+0x8b0500], sa_mask[0]=11111111011111111101111111111110, sa_flags=SA_RESTART|SA_SIGINFO
SIGTERM: [libjvm.so+0x8b0500], sa_mask[0]=11111111011111111101111111111110, sa_flags=SA_RESTART|SA_SIGINFO
SIGQUIT: [libjvm.so+0x8b0500], sa_mask[0]=11111111011111111101111111111110, sa_flags=SA_RESTART|SA_SIGINFO


---------------  S Y S T E M  ---------------

OS:DISTRIB_ID=Ubuntu
DISTRIB_RELEASE=16.04
DISTRIB_CODENAME=xenial
DISTRIB_DESCRIPTION="Ubuntu 16.04 LTS"

uname:Linux 4.4.0-72-generic #93-Ubuntu SMP Fri Mar 31 14:07:41 UTC 2017 x86_64
libc:glibc 2.23 NPTL 2.23 
rlimit: STACK 8192k, CORE 0k, NPROC 31118, NOFILE 65536, AS infinity
load average:92.83 42.20 18.19

/proc/meminfo:
MemTotal:        8084688 kB
MemFree:         5129508 kB
MemAvailable:    5381656 kB
Buffers:           35688 kB
Cached:           622032 kB
SwapCached:       130948 kB
Active:          1906600 kB
Inactive:         734760 kB
Active(anon):    1653348 kB
Inactive(anon):   556088 kB
Active(file):     253252 kB
Inactive(file):   178672 kB
Unevictable:        1108 kB
Mlocked:            1108 kB
SwapTotal:      12000252 kB
SwapFree:        7675192 kB
Dirty:              1532 kB
Writeback:             0 kB
AnonPages:       1972020 kB
Mapped:           241772 kB
Shmem:            225496 kB
Slab:             157732 kB
SReclaimable:      81264 kB
SUnreclaim:        76468 kB
KernelStack:       15520 kB
PageTables:        56228 kB
NFS_Unstable:          0 kB
Bounce:                0 kB
WritebackTmp:          0 kB
CommitLimit:    16042596 kB
Committed_AS:   13329324 kB
VmallocTotal:   34359738367 kB
VmallocUsed:           0 kB
VmallocChunk:          0 kB
HardwareCorrupted:     0 kB
AnonHugePages:    755712 kB
CmaTotal:              0 kB
CmaFree:               0 kB
HugePages_Total:       0
HugePages_Free:        0
HugePages_Rsvd:        0
HugePages_Surp:        0
Hugepagesize:       2048 kB
DirectMap4k:      817032 kB
DirectMap2M:     7481344 kB
DirectMap1G:           0 kB


CPU:total 4 (2 cores per cpu, 2 threads per core) family 6 model 61 stepping 4, cmov, cx8, fxsr, mmx, sse, sse2, sse3, ssse3, sse4.1, sse4.2, popcnt, avx, avx2, aes, clmul, erms, 3dnowpref, lzcnt, ht, tsc, tscinvbit, bmi1, bmi2, adx

/proc/cpuinfo:
processor	: 0
vendor_id	: GenuineIntel
cpu family	: 6
model		: 61
model name	: Intel(R) Core(TM) i5-5200U CPU @ 2.20GHz
stepping	: 4
microcode	: 0x12
cpu MHz		: 2045.914
cache size	: 3072 KB
physical id	: 0
siblings	: 4
core id		: 0
cpu cores	: 2
apicid		: 0
initial apicid	: 0
fpu		: yes
fpu_exception	: yes
cpuid level	: 20
wp		: yes
flags		: fpu vme de pse tsc msr pae mce cx8 apic sep mtrr pge mca cmov pat pse36 clflush dts acpi mmx fxsr sse sse2 ss ht tm pbe syscall nx pdpe1gb rdtscp lm constant_tsc arch_perfmon pebs bts rep_good nopl xtopology nonstop_tsc aperfmperf eagerfpu pni pclmulqdq dtes64 monitor ds_cpl vmx est tm2 ssse3 sdbg fma cx16 xtpr pdcm pcid sse4_1 sse4_2 x2apic movbe popcnt tsc_deadline_timer aes xsave avx f16c rdrand lahf_lm abm 3dnowprefetch epb intel_pt tpr_shadow vnmi flexpriority ept vpid fsgsbase tsc_adjust bmi1 avx2 smep bmi2 erms invpcid rdseed adx smap xsaveopt dtherm ida arat pln pts
bugs		:
bogomips	: 4390.01
clflush size	: 64
cache_alignment	: 64
address sizes	: 39 bits physical, 48 bits virtual
power management:

processor	: 1
vendor_id	: GenuineIntel
cpu family	: 6
model		: 61
model name	: Intel(R) Core(TM) i5-5200U CPU @ 2.20GHz
stepping	: 4
microcode	: 0x12
cpu MHz		: 2016.265
cache size	: 3072 KB
physical id	: 0
siblings	: 4
core id		: 1
cpu cores	: 2
apicid		: 2
initial apicid	: 2
fpu		: yes
fpu_exception	: yes
cpuid level	: 20
wp		: yes
flags		: fpu vme de pse tsc msr pae mce cx8 apic sep mtrr pge mca cmov pat pse36 clflush dts acpi mmx fxsr sse sse2 ss ht tm pbe syscall nx pdpe1gb rdtscp lm constant_tsc arch_perfmon pebs bts rep_good nopl xtopology nonstop_tsc aperfmperf eagerfpu pni pclmulqdq dtes64 monitor ds_cpl vmx est tm2 ssse3 sdbg fma cx16 xtpr pdcm pcid sse4_1 sse4_2 x2apic movbe popcnt tsc_deadline_timer aes xsave avx f16c rdrand lahf_lm abm 3dnowprefetch epb intel_pt tpr_shadow vnmi flexpriority ept vpid fsgsbase tsc_adjust bmi1 avx2 smep bmi2 erms invpcid rdseed adx smap xsaveopt dtherm ida arat pln pts
bugs		:
bogomips	: 4390.01
clflush size	: 64
cache_alignment	: 64
address sizes	: 39 bits physical, 48 bits virtual
power management:

processor	: 2
vendor_id	: GenuineIntel
cpu family	: 6
model		: 61
model name	: Intel(R) Core(TM) i5-5200U CPU @ 2.20GHz
stepping	: 4
microcode	: 0x12
cpu MHz		: 2053.390
cache size	: 3072 KB
physical id	: 0
siblings	: 4
core id		: 0
cpu cores	: 2
apicid		: 1
initial apicid	: 1
fpu		: yes
fpu_exception	: yes
cpuid level	: 20
wp		: yes
flags		: fpu vme de pse tsc msr pae mce cx8 apic sep mtrr pge mca cmov pat pse36 clflush dts acpi mmx fxsr sse sse2 ss ht tm pbe syscall nx pdpe1gb rdtscp lm constant_tsc arch_perfmon pebs bts rep_good nopl xtopology nonstop_tsc aperfmperf eagerfpu pni pclmulqdq dtes64 monitor ds_cpl vmx est tm2 ssse3 sdbg fma cx16 xtpr pdcm pcid sse4_1 sse4_2 x2apic movbe popcnt tsc_deadline_timer aes xsave avx f16c rdrand lahf_lm abm 3dnowprefetch epb intel_pt tpr_shadow vnmi flexpriority ept vpid fsgsbase tsc_adjust bmi1 avx2 smep bmi2 erms invpcid rdseed adx smap xsaveopt dtherm ida arat pln pts
bugs		:
bogomips	: 4390.01
clflush size	: 64
cache_alignment	: 64
address sizes	: 39 bits physical, 48 bits virtual
power management:

processor	: 3
vendor_id	: GenuineIntel
cpu family	: 6
model		: 61
model name	: Intel(R) Core(TM) i5-5200U CPU @ 2.20GHz
stepping	: 4
microcode	: 0x12
cpu MHz		: 1836.828
cache size	: 3072 KB
physical id	: 0
siblings	: 4
core id		: 1
cpu cores	: 2
apicid		: 3
initial apicid	: 3
fpu		: yes
fpu_exception	: yes
cpuid level	: 20
wp		: yes
flags		: fpu vme de pse tsc msr pae mce cx8 apic sep mtrr pge mca cmov pat pse36 clflush dts acpi mmx fxsr sse sse2 ss ht tm pbe syscall nx pdpe1gb rdtscp lm constant_tsc arch_perfmon pebs bts rep_good nopl xtopology nonstop_tsc aperfmperf eagerfpu pni pclmulqdq dtes64 monitor ds_cpl vmx est tm2 ssse3 sdbg fma cx16 xtpr pdcm pcid sse4_1 sse4_2 x2apic movbe popcnt tsc_deadline_timer aes xsave avx f16c rdrand lahf_lm abm 3dnowprefetch epb intel_pt tpr_shadow vnmi flexpriority ept vpid fsgsbase tsc_adjust bmi1 avx2 smep bmi2 erms invpcid rdseed adx smap xsaveopt dtherm ida arat pln pts
bugs		:
bogomips	: 4390.01
clflush size	: 64
cache_alignment	: 64
address sizes	: 39 bits physical, 48 bits virtual
power management:



Memory: 4k page, physical 8084688k(5129508k free), swap 12000252k(7675192k free)

vm_info: OpenJDK 64-Bit Server VM (25.121-b13) for linux-amd64 JRE (1.8.0_121-8u121-b13-0ubuntu1.16.04.2-b13), built on Jan 23 2017 15:51:29 by "buildd" with gcc 5.4.0 20160609

time: Sun Apr 30 23:06:30 2017
elapsed time: 38673 seconds (0d 10h 44m 33s)

