#
# A fatal error has been detected by the Java Runtime Environment:
#
#  SIGSEGV (0xb) at pc=0x0000000000046b20, pid=16897, tid=0x00007f8402204700
#
# JRE version: OpenJDK Runtime Environment (8.0_121-b13) (build 1.8.0_121-8u121-b13-0ubuntu1.16.04.2-b13)
# Java VM: OpenJDK 64-Bit Server VM (25.121-b13 mixed mode linux-amd64 compressed oops)
# Problematic frame:
# C  0x0000000000046b20
#
# Failed to write core dump. Core dumps have been disabled. To enable core dumping, try "ulimit -c unlimited" before starting Java again
#
# If you would like to submit a bug report, please visit:
#   http://bugreport.java.com/bugreport/crash.jsp
#

---------------  T H R E A D  ---------------

Current thread is native thread

siginfo: si_signo: 11 (SIGSEGV), si_code: 1 (SEGV_MAPERR), si_addr: 0x0000000000046b20

Registers:
RAX=0x00007f83af7fd248, RBX=0x00007f83f8ab44d0, RCX=0x0000000000000000, RDX=0x0000000000000000
RSP=0x00007ffc3bedf898, RBP=0x00007ffc3bedf9f0, RSI=0x0000000000000000, RDI=0x00007f8401a33140
R8 =0x0000000000000000, R9 =0x00007f8401dfa808, R10=0x00007f8401a330c0, R11=0x00007f8401a6e2d0
R12=0x00007f83af7fd1a8, R13=0x0000000000000000, R14=0x00007ffc3bedf8a0, R15=0x0000000000000012
RIP=0x0000000000046b20, EFLAGS=0x0000000000010202, CSGSFS=0x0000000000000033, ERR=0x0000000000000014
  TRAPNO=0x000000000000000e

Top of Stack: (sp=0x00007ffc3bedf898)
0x00007ffc3bedf898:   00007f840201cc17 00007f8402233168
0x00007ffc3bedf8a8:   00007f8402233700 00007f84022307a8
0x00007ffc3bedf8b8:   00007f83f80009a0 00007f83f800b570
0x00007ffc3bedf8c8:   00007f83f800cbf0 00007f83f800ba20
0x00007ffc3bedf8d8:   00007f83f800d0a0 00007f83f8019ae0
0x00007ffc3bedf8e8:   00007f83f8001bd0 00007f83f80014a0
0x00007ffc3bedf8f8:   0000000000afd150 0000000000afd680
0x00007ffc3bedf908:   0000000000afe4c0 0000000000afdba0
0x00007ffc3bedf918:   00007f8402206000 00007f8402207b00
0x00007ffc3bedf928:   00007f8402207618 00007f83f8ab44d0
0x00007ffc3bedf938:   00007f83f8ae2850 00007f83f8ae2db0
0x00007ffc3bedf948:   00007f8402207000 00007f84022329d8
0x00007ffc3bedf958:   00007f840201c964 00007ffc3bedf8a0
0x00007ffc3bedf968:   0000000000000006 00007ffc3bedf8d0
0x00007ffc3bedf978:   0000000000000001 0000000000000006
0x00007ffc3bedf988:   00007ffc3bedf960 0000001701df8c40
0x00007ffc3bedf998:   00007ffc3bedf8a0 0000001700000000
0x00007ffc3bedf9a8:   00007f8402232048 00007ffc3bedf870
0x00007ffc3bedf9b8:   0000000000000000 0000000000000001
0x00007ffc3bedf9c8:   0000000000000001 0000000000000001
0x00007ffc3bedf9d8:   00007f8401df8c40 0000000000000000
0x00007ffc3bedf9e8:   0000000000000000 00007f8401df75f8
0x00007ffc3bedf9f8:   00007f8401a6dff8 00000000004007bc
0x00007ffc3bedfa08:   0000000000000000 0000000000400730
0x00007ffc3bedfa18:   0000000000400630 00007ffc3bedfb10
0x00007ffc3bedfa28:   00007f8401a6e045 0000000000400730
0x00007ffc3bedfa38:   00007f8401a54837 0000000000000000
0x00007ffc3bedfa48:   00007ffc3bedfb18 0000000500000000
0x00007ffc3bedfa58:   00000000004005e0 0000000000000000
0x00007ffc3bedfa68:   b8143ba7d479f49b 0000000000400630
0x00007ffc3bedfa78:   00007ffc3bedfb10 0000000000000000
0x00007ffc3bedfa88:   0000000000000000 47ec4cfc2e99f49b 

Instructions: (pc=0x0000000000046b20)
0x0000000000046b00:   
[error occurred during error reporting (printing registers, top of stack, instructions near pc), id 0xb]

Register to memory mapping:

RAX=
[error occurred during error reporting (printing register info), id 0xb]

Stack: [0x00007ffc3bde3000,0x00007ffc3bee3000],  sp=0x00007ffc3bedf898,  free space=1010k
Native frames: (J=compiled Java code, j=interpreted, Vv=VM code, C=native code)
C  0x0000000000046b20


---------------  P R O C E S S  ---------------

VM state:at safepoint (shutting down)

VM Mutex/Monitor currently owned by a thread:  ([mutex/lock_event])
[0x00007f83f8009dd0] Threads_lock - owner thread: 0x00007f83f807b000

Heap:
 PSYoungGen      total 68608K, used 43757K [0x00000000d6e00000, 0x00000000db600000, 0x0000000100000000)
  eden space 63488K, 60% used [0x00000000d6e00000,0x00000000d93bb4b8,0x00000000dac00000)
  from space 5120K, 100% used [0x00000000db100000,0x00000000db600000,0x00000000db600000)
  to   space 5120K, 0% used [0x00000000dac00000,0x00000000dac00000,0x00000000db100000)
 ParOldGen       total 84992K, used 10785K [0x0000000084a00000, 0x0000000089d00000, 0x00000000d6e00000)
  object space 84992K, 12% used [0x0000000084a00000,0x0000000085488500,0x0000000089d00000)
 Metaspace       used 19181K, capacity 19262K, committed 19456K, reserved 1067008K
  class space    used 2489K, capacity 2525K, committed 2560K, reserved 1048576K

Card table byte_map: [0x00007f83fe3f0000,0x00007f83fe7cc000] byte_map_base: 0x00007f83fdfcb000

Marking Bits: (ParMarkBitMap*) 0x00007f84013dc220
 Begin Bits: [0x00007f83d8250000, 0x00007f83da128000)
 End Bits:   [0x00007f83da128000, 0x00007f83dc000000)

Polling page: 0x00007f840222e000

CodeCache: size=245760Kb used=7218Kb max_used=7230Kb free=238541Kb
 bounds [0x00007f83e9000000, 0x00007f83e9720000, 0x00007f83f8000000]
 total_blobs=2589 nmethods=2203 adapters=299
 compilation: enabled

Compilation events (10 events):
Event: 15.709 Thread 0x00007f83f80b3800 nmethod 2198 0x00007f83e9712990 code [0x00007f83e9712ae0, 0x00007f83e9712b98]
Event: 15.709 Thread 0x00007f83f80b3800 2202       4       org.eclipse.emf.ecore.util.EcoreEList::inverseAdd (86 bytes)
Event: 15.710 Thread 0x00007f83f80b5000 2203       3       org.eclipse.emf.ecore.util.EObjectEList::<init> (12 bytes)
Event: 15.711 Thread 0x00007f83f80b5000 nmethod 2203 0x00007f83e9713450 code [0x00007f83e97135e0, 0x00007f83e9713a70]
Event: 15.711 Thread 0x00007f83f80b5000 2200       3       org.polymodel.algebra.affine.impl.AffineFactoryImpl::createAffineExpression (10 bytes)
Event: 15.711 Thread 0x00007f83f80b5000 nmethod 2200 0x00007f83e9712c90 code [0x00007f83e9712e20, 0x00007f83e9713210]
Event: 15.711 Thread 0x00007f83f80b5000 2201       3       org.polymodel.algebra.affine.impl.AffineExpressionImpl::<init> (5 bytes)
Event: 15.711 Thread 0x00007f83f80b5000 nmethod 2201 0x00007f83e96e6290 code [0x00007f83e96e6420, 0x00007f83e96e6750]
Event: 15.713 Thread 0x00007f83f80b3800 nmethod 2202 0x00007f83e9715b50 code [0x00007f83e9715cc0, 0x00007f83e9715ef8]
Event: 15.713 Thread 0x00007f83f80b0800 nmethod 2199 0x00007f83e9715190 code [0x00007f83e9715300, 0x00007f83e9715748]

GC Heap History (8 events):
Event: 13.627 GC heap before
{Heap before GC invocations=1 (full 0):
 PSYoungGen      total 36864K, used 31744K [0x00000000d6e00000, 0x00000000d9700000, 0x0000000100000000)
  eden space 31744K, 100% used [0x00000000d6e00000,0x00000000d8d00000,0x00000000d8d00000)
  from space 5120K, 0% used [0x00000000d9200000,0x00000000d9200000,0x00000000d9700000)
  to   space 5120K, 0% used [0x00000000d8d00000,0x00000000d8d00000,0x00000000d9200000)
 ParOldGen       total 84992K, used 0K [0x0000000084a00000, 0x0000000089d00000, 0x00000000d6e00000)
  object space 84992K, 0% used [0x0000000084a00000,0x0000000084a00000,0x0000000089d00000)
 Metaspace       used 6667K, capacity 6786K, committed 7040K, reserved 1056768K
  class space    used 738K, capacity 787K, committed 896K, reserved 1048576K
Event: 13.649 GC heap after
Heap after GC invocations=1 (full 0):
 PSYoungGen      total 36864K, used 5107K [0x00000000d6e00000, 0x00000000d9700000, 0x0000000100000000)
  eden space 31744K, 0% used [0x00000000d6e00000,0x00000000d6e00000,0x00000000d8d00000)
  from space 5120K, 99% used [0x00000000d8d00000,0x00000000d91fccf0,0x00000000d9200000)
  to   space 5120K, 0% used [0x00000000d9200000,0x00000000d9200000,0x00000000d9700000)
 ParOldGen       total 84992K, used 929K [0x0000000084a00000, 0x0000000089d00000, 0x00000000d6e00000)
  object space 84992K, 1% used [0x0000000084a00000,0x0000000084ae86e0,0x0000000089d00000)
 Metaspace       used 6667K, capacity 6786K, committed 7040K, reserved 1056768K
  class space    used 738K, capacity 787K, committed 896K, reserved 1048576K
}
Event: 14.327 GC heap before
{Heap before GC invocations=2 (full 0):
 PSYoungGen      total 36864K, used 36851K [0x00000000d6e00000, 0x00000000d9700000, 0x0000000100000000)
  eden space 31744K, 100% used [0x00000000d6e00000,0x00000000d8d00000,0x00000000d8d00000)
  from space 5120K, 99% used [0x00000000d8d00000,0x00000000d91fccf0,0x00000000d9200000)
  to   space 5120K, 0% used [0x00000000d9200000,0x00000000d9200000,0x00000000d9700000)
 ParOldGen       total 84992K, used 929K [0x0000000084a00000, 0x0000000089d00000, 0x00000000d6e00000)
  object space 84992K, 1% used [0x0000000084a00000,0x0000000084ae86e0,0x0000000089d00000)
 Metaspace       used 10447K, capacity 10536K, committed 10624K, reserved 1058816K
  class space    used 1306K, capacity 1332K, committed 1408K, reserved 1048576K
Event: 14.336 GC heap after
Heap after GC invocations=2 (full 0):
 PSYoungGen      total 36864K, used 5088K [0x00000000d6e00000, 0x00000000d9700000, 0x0000000100000000)
  eden space 31744K, 0% used [0x00000000d6e00000,0x00000000d6e00000,0x00000000d8d00000)
  from space 5120K, 99% used [0x00000000d9200000,0x00000000d96f8020,0x00000000d9700000)
  to   space 5120K, 0% used [0x00000000d8d00000,0x00000000d8d00000,0x00000000d9200000)
 ParOldGen       total 84992K, used 4500K [0x0000000084a00000, 0x0000000089d00000, 0x00000000d6e00000)
  object space 84992K, 5% used [0x0000000084a00000,0x0000000084e65330,0x0000000089d00000)
 Metaspace       used 10447K, capacity 10536K, committed 10624K, reserved 1058816K
  class space    used 1306K, capacity 1332K, committed 1408K, reserved 1048576K
}
Event: 14.719 GC heap before
{Heap before GC invocations=3 (full 0):
 PSYoungGen      total 36864K, used 36832K [0x00000000d6e00000, 0x00000000d9700000, 0x0000000100000000)
  eden space 31744K, 100% used [0x00000000d6e00000,0x00000000d8d00000,0x00000000d8d00000)
  from space 5120K, 99% used [0x00000000d9200000,0x00000000d96f8020,0x00000000d9700000)
  to   space 5120K, 0% used [0x00000000d8d00000,0x00000000d8d00000,0x00000000d9200000)
 ParOldGen       total 84992K, used 4500K [0x0000000084a00000, 0x0000000089d00000, 0x00000000d6e00000)
  object space 84992K, 5% used [0x0000000084a00000,0x0000000084e65330,0x0000000089d00000)
 Metaspace       used 12558K, capacity 12678K, committed 12928K, reserved 1060864K
  class space    used 1598K, capacity 1657K, committed 1664K, reserved 1048576K
Event: 14.731 GC heap after
Heap after GC invocations=3 (full 0):
 PSYoungGen      total 36864K, used 5088K [0x00000000d6e00000, 0x00000000db600000, 0x0000000100000000)
  eden space 31744K, 0% used [0x00000000d6e00000,0x00000000d6e00000,0x00000000d8d00000)
  from space 5120K, 99% used [0x00000000d8d00000,0x00000000d91f8020,0x00000000d9200000)
  to   space 5120K, 0% used [0x00000000db100000,0x00000000db100000,0x00000000db600000)
 ParOldGen       total 84992K, used 7694K [0x0000000084a00000, 0x0000000089d00000, 0x00000000d6e00000)
  object space 84992K, 9% used [0x0000000084a00000,0x0000000085183828,0x0000000089d00000)
 Metaspace       used 12558K, capacity 12678K, committed 12928K, reserved 1060864K
  class space    used 1598K, capacity 1657K, committed 1664K, reserved 1048576K
}
Event: 15.111 GC heap before
{Heap before GC invocations=4 (full 0):
 PSYoungGen      total 36864K, used 36832K [0x00000000d6e00000, 0x00000000db600000, 0x0000000100000000)
  eden space 31744K, 100% used [0x00000000d6e00000,0x00000000d8d00000,0x00000000d8d00000)
  from space 5120K, 99% used [0x00000000d8d00000,0x00000000d91f8020,0x00000000d9200000)
  to   space 5120K, 0% used [0x00000000db100000,0x00000000db100000,0x00000000db600000)
 ParOldGen       total 84992K, used 7694K [0x0000000084a00000, 0x0000000089d00000, 0x00000000d6e00000)
  object space 84992K, 9% used [0x0000000084a00000,0x0000000085183828,0x0000000089d00000)
 Metaspace       used 15155K, capacity 15218K, committed 15360K, reserved 1062912K
  class space    used 1989K, capacity 2011K, committed 2048K, reserved 1048576K
Event: 15.120 GC heap after
Heap after GC invocations=4 (full 0):
 PSYoungGen      total 68608K, used 5120K [0x00000000d6e00000, 0x00000000db600000, 0x0000000100000000)
  eden space 63488K, 0% used [0x00000000d6e00000,0x00000000d6e00000,0x00000000dac00000)
  from space 5120K, 100% used [0x00000000db100000,0x00000000db600000,0x00000000db600000)
  to   space 5120K, 0% used [0x00000000dac00000,0x00000000dac00000,0x00000000db100000)
 ParOldGen       total 84992K, used 10785K [0x0000000084a00000, 0x0000000089d00000, 0x00000000d6e00000)
  object space 84992K, 12% used [0x0000000084a00000,0x0000000085488500,0x0000000089d00000)
 Metaspace       used 15155K, capacity 15218K, committed 15360K, reserved 1062912K
  class space    used 1989K, capacity 2011K, committed 2048K, reserved 1048576K
}

Deoptimization events (10 events):
Event: 15.490 Thread 0x00007f83f800d800 Uncommon trap: reason=array_check action=maybe_recompile pc=0x00007f83e960423c method=org.eclipse.emf.common.util.BasicEList.assign(ILjava/lang/Object;)Ljava/lang/Object; @ 6
Event: 15.490 Thread 0x00007f83f800d800 Uncommon trap: reason=array_check action=maybe_recompile pc=0x00007f83e960423c method=org.eclipse.emf.common.util.BasicEList.assign(ILjava/lang/Object;)Ljava/lang/Object; @ 6
Event: 15.490 Thread 0x00007f83f800d800 Uncommon trap: reason=array_check action=maybe_recompile pc=0x00007f83e960423c method=org.eclipse.emf.common.util.BasicEList.assign(ILjava/lang/Object;)Ljava/lang/Object; @ 6
Event: 15.517 Thread 0x00007f83f800d800 Uncommon trap: reason=unstable_if action=reinterpret pc=0x00007f83e95a0988 method=java.util.HashMap.hash(Ljava/lang/Object;)I @ 1
Event: 15.517 Thread 0x00007f83f800d800 Uncommon trap: reason=unstable_if action=reinterpret pc=0x00007f83e922a070 method=java.util.HashMap.hash(Ljava/lang/Object;)I @ 1
Event: 15.520 Thread 0x00007f83f800d800 Uncommon trap: reason=unstable_if action=reinterpret pc=0x00007f83e93c83d4 method=java.util.HashMap.hash(Ljava/lang/Object;)I @ 1
Event: 15.522 Thread 0x00007f83f800d800 Uncommon trap: reason=unstable_if action=reinterpret pc=0x00007f83e93915e8 method=java.util.HashMap.hash(Ljava/lang/Object;)I @ 1
Event: 15.606 Thread 0x00007f83f800d800 Uncommon trap: reason=bimorphic action=maybe_recompile pc=0x00007f83e9553f68 method=org.eclipse.emf.ecore.util.EContentsEList$FeatureIteratorImpl.hasNext()Z @ 279
Event: 15.606 Thread 0x00007f83f800d800 Uncommon trap: reason=bimorphic action=maybe_recompile pc=0x00007f83e9553f68 method=org.eclipse.emf.ecore.util.EContentsEList$FeatureIteratorImpl.hasNext()Z @ 279
Event: 21907.076 Thread 0x00007f83f800d800 Uncommon trap: reason=null_check action=make_not_entrant pc=0x00007f83e968e92c method=java.lang.StringCoding.deref(Ljava/lang/ThreadLocal;)Ljava/lang/Object; @ 4

Internal exceptions (10 events):
Event: 21846.967 Thread 0x00007f83f800d800 Exception <a 'java/io/IOException'> (0x00000000d92b2230) thrown at [/build/openjdk-8-YiEakL/openjdk-8-8u121-b13/src/hotspot/src/share/vm/prims/jni.cpp, line 709]
Event: 21846.968 Thread 0x00007f83f800d800 Exception <a 'java/io/IOException'> (0x00000000d92b24c8) thrown at [/build/openjdk-8-YiEakL/openjdk-8-8u121-b13/src/hotspot/src/share/vm/prims/jni.cpp, line 709]
Event: 21846.968 Thread 0x00007f83f800d800 Exception <a 'java/io/IOException'> (0x00000000d92b2730) thrown at [/build/openjdk-8-YiEakL/openjdk-8-8u121-b13/src/hotspot/src/share/vm/prims/jni.cpp, line 709]
Event: 21855.769 Thread 0x00007f83f800d800 Exception <a 'java/io/IOException'> (0x00000000d92b2f20) thrown at [/build/openjdk-8-YiEakL/openjdk-8-8u121-b13/src/hotspot/src/share/vm/prims/jni.cpp, line 709]
Event: 21855.769 Thread 0x00007f83f800d800 Exception <a 'java/io/IOException'> (0x00000000d92b31b8) thrown at [/build/openjdk-8-YiEakL/openjdk-8-8u121-b13/src/hotspot/src/share/vm/prims/jni.cpp, line 709]
Event: 21856.018 Thread 0x00007f83f800d800 Exception <a 'java/io/IOException'> (0x00000000d92b3420) thrown at [/build/openjdk-8-YiEakL/openjdk-8-8u121-b13/src/hotspot/src/share/vm/prims/jni.cpp, line 709]
Event: 21856.018 Thread 0x00007f83f800d800 Exception <a 'java/io/IOException'> (0x00000000d92b39d8) thrown at [/build/openjdk-8-YiEakL/openjdk-8-8u121-b13/src/hotspot/src/share/vm/prims/jni.cpp, line 709]
Event: 21856.018 Thread 0x00007f83f800d800 Exception <a 'java/io/IOException'> (0x00000000d92b3c70) thrown at [/build/openjdk-8-YiEakL/openjdk-8-8u121-b13/src/hotspot/src/share/vm/prims/jni.cpp, line 709]
Event: 21856.048 Thread 0x00007f83f800d800 Exception <a 'java/io/IOException'> (0x00000000d92b3ed8) thrown at [/build/openjdk-8-YiEakL/openjdk-8-8u121-b13/src/hotspot/src/share/vm/prims/jni.cpp, line 709]
Event: 21907.060 Thread 0x00007f83f800d800 Implicit null exception at 0x00007f83e968e30d to 0x00007f83e968e915

Events (10 events):
Event: 21888.524 Executing VM operation: RevokeBias done
Event: 21892.879 Executing VM operation: RevokeBias
Event: 21892.879 Executing VM operation: RevokeBias done
Event: 21892.879 Executing VM operation: RevokeBias
Event: 21892.879 Executing VM operation: RevokeBias done
Event: 21893.683 Thread 0x00007f83f8bba000 Thread exited: 0x00007f83f8bba000
Event: 21907.076 Thread 0x00007f83f800d800 Uncommon trap: trap_request=0xfffffff4 fr.pc=0x00007f83e968e92c
Event: 21907.096 Thread 0x00007f83f800d800 DEOPT PACKING pc=0x00007f83e968e92c sp=0x00007f84022011c0
Event: 21907.096 Thread 0x00007f83f800d800 DEOPT UNPACKING pc=0x00007f83e9004f69 sp=0x00007f84022010c0 mode 2
Event: 21910.296 Thread 0x00007f83f800d800 Thread exited: 0x00007f83f800d800


Dynamic libraries:
00400000-00401000 r-xp 00000000 08:09 7087821                            /usr/lib/jvm/java-8-openjdk-amd64/jre/bin/java
00600000-00601000 r--p 00000000 08:09 7087821                            /usr/lib/jvm/java-8-openjdk-amd64/jre/bin/java
00601000-00602000 rw-p 00001000 08:09 7087821                            /usr/lib/jvm/java-8-openjdk-amd64/jre/bin/java
00afd000-00b1e000 rw-p 00000000 00:00 0                                  [heap]
84a00000-89d00000 rw-p 00000000 00:00 0 
89d00000-d6e00000 ---p 00000000 00:00 0 
d6e00000-db600000 rw-p 00000000 00:00 0 
db600000-100000000 ---p 00000000 00:00 0 
100000000-100280000 rw-p 00000000 00:00 0 
100280000-140000000 ---p 00000000 00:00 0 
7f839c000000-7f839c021000 rw-p 00000000 00:00 0 
7f839c021000-7f83a0000000 ---p 00000000 00:00 0 
7f83a4000000-7f83a4021000 rw-p 00000000 00:00 0 
7f83a4021000-7f83a8000000 ---p 00000000 00:00 0 
7f83a8000000-7f83a8021000 rw-p 00000000 00:00 0 
7f83a8021000-7f83ac000000 ---p 00000000 00:00 0 
7f83aebe2000-7f83aec62000 rw-p 00000000 00:00 0 
7f83aec62000-7f83aede2000 ---p 00000000 00:00 0 
7f83aee94000-7f83aee97000 ---p 00000000 00:00 0 
7f83aee97000-7f83aef95000 rw-p 00000000 00:00 0 
7f83aef95000-7f83af00a000 r-xp 00000000 08:09 26881542                   /home/hrishi/workspace/Console/.jnimap.temp.linux_64/libgmp.so.10 (deleted)
7f83af00a000-7f83af209000 ---p 00075000 08:09 26881542                   /home/hrishi/workspace/Console/.jnimap.temp.linux_64/libgmp.so.10 (deleted)
7f83af209000-7f83af20b000 rw-p 00074000 08:09 26881542                   /home/hrishi/workspace/Console/.jnimap.temp.linux_64/libgmp.so.10 (deleted)
7f83af20b000-7f83af373000 r-xp 00000000 08:09 26881540                   /home/hrishi/workspace/Console/.jnimap.temp.linux_64/libisl.so.13 (deleted)
7f83af373000-7f83af572000 ---p 00168000 08:09 26881540                   /home/hrishi/workspace/Console/.jnimap.temp.linux_64/libisl.so.13 (deleted)
7f83af572000-7f83af579000 rw-p 00167000 08:09 26881540                   /home/hrishi/workspace/Console/.jnimap.temp.linux_64/libisl.so.13 (deleted)
7f83af579000-7f83af5fe000 r-xp 00000000 08:09 26881544                   /home/hrishi/workspace/Console/.jnimap.temp.linux_64/linux_64_libjniisl.so (deleted)
7f83af5fe000-7f83af7fd000 ---p 00085000 08:09 26881544                   /home/hrishi/workspace/Console/.jnimap.temp.linux_64/linux_64_libjniisl.so (deleted)
7f83af7fd000-7f83af800000 rw-p 00084000 08:09 26881544                   /home/hrishi/workspace/Console/.jnimap.temp.linux_64/linux_64_libjniisl.so (deleted)
7f83af800000-7f83afa00000 rw-p 00000000 00:00 0 
7f83afa00000-7f83afc00000 rw-p 00000000 00:00 0 
7f83afc00000-7f83afe00000 rw-p 00000000 00:00 0 
7f83afe00000-7f83b0000000 rw-p 00000000 00:00 0 
7f83b0000000-7f83b0021000 rw-p 00000000 00:00 0 
7f83b0021000-7f83b4000000 ---p 00000000 00:00 0 
7f83b4000000-7f83b4021000 rw-p 00000000 00:00 0 
7f83b4021000-7f83b8000000 ---p 00000000 00:00 0 
7f83b8000000-7f83b8ad5000 rw-p 00000000 00:00 0 
7f83b8ad5000-7f83bc000000 ---p 00000000 00:00 0 
7f83bc000000-7f83bc6ac000 rw-p 00000000 00:00 0 
7f83bc6ac000-7f83c0000000 ---p 00000000 00:00 0 
7f83c0000000-7f83c0021000 rw-p 00000000 00:00 0 
7f83c0021000-7f83c4000000 ---p 00000000 00:00 0 
7f83c4000000-7f83c45f5000 rw-p 00000000 00:00 0 
7f83c45f5000-7f83c8000000 ---p 00000000 00:00 0 
7f83c8000000-7f83c8021000 rw-p 00000000 00:00 0 
7f83c8021000-7f83cc000000 ---p 00000000 00:00 0 
7f83cc000000-7f83cc021000 rw-p 00000000 00:00 0 
7f83cc021000-7f83d0000000 ---p 00000000 00:00 0 
7f83d0000000-7f83d0021000 rw-p 00000000 00:00 0 
7f83d0021000-7f83d4000000 ---p 00000000 00:00 0 
7f83d4000000-7f83d4021000 rw-p 00000000 00:00 0 
7f83d4021000-7f83d8000000 ---p 00000000 00:00 0 
7f83d801e000-7f83d8021000 ---p 00000000 00:00 0 
7f83d8021000-7f83d811f000 rw-p 00000000 00:00 0 
7f83d811f000-7f83d8122000 ---p 00000000 00:00 0 
7f83d8122000-7f83d8220000 rw-p 00000000 00:00 0 
7f83d8220000-7f83d8250000 r--s 0044d000 08:09 26516369                   /home/hrishi/.eclipse/org.eclipse.platform_4.6.0_1473617060_linux_gtk_x86_64/plugins/org.eclipse.xtext.xbase_2.10.0.v201605250459.jar
7f83d8250000-7f83dc000000 rw-p 00000000 00:00 0 
7f83dc000000-7f83dc021000 rw-p 00000000 00:00 0 
7f83dc021000-7f83e0000000 ---p 00000000 00:00 0 
7f83e0000000-7f83e0021000 rw-p 00000000 00:00 0 
7f83e0021000-7f83e4000000 ---p 00000000 00:00 0 
7f83e4000000-7f83e4021000 rw-p 00000000 00:00 0 
7f83e4021000-7f83e8000000 ---p 00000000 00:00 0 
7f83e800a000-7f83e800d000 r--s 00015000 08:09 7085469                    /usr/lib/jvm/java-8-openjdk-amd64/jre/lib/jce.jar
7f83e800d000-7f83e8011000 r--s 0009a000 08:09 7085467                    /usr/lib/jvm/java-8-openjdk-amd64/jre/lib/jsse.jar
7f83e8011000-7f83e8014000 r--s 00014000 08:09 26516293                   /home/hrishi/.eclipse/org.eclipse.platform_4.6.0_1473617060_linux_gtk_x86_64/plugins/fr.irisa.r2d2.parser.runtime_1.0.0.201612051604.jar
7f83e8014000-7f83e801c000 r--s 0003c000 08:09 26516292                   /home/hrishi/.eclipse/org.eclipse.platform_4.6.0_1473617060_linux_gtk_x86_64/plugins/fr.irisa.r2d2.gecos.framework_1.0.0.201612051604.jar
7f83e801c000-7f83e8026000 r--s 0006c000 08:09 26516357                   /home/hrishi/.eclipse/org.eclipse.platform_4.6.0_1473617060_linux_gtk_x86_64/plugins/org.eclipse.xtext.common.types_2.10.0.v201605250459.jar
7f83e8026000-7f83e8029000 r--s 0000f000 08:09 26516352                   /home/hrishi/.eclipse/org.eclipse.platform_4.6.0_1473617060_linux_gtk_x86_64/plugins/org.eclipse.xtend.lib.macro_2.10.0.v201605250459.jar
7f83e8029000-7f83e802d000 r--s 00035000 08:09 26516351                   /home/hrishi/.eclipse/org.eclipse.platform_4.6.0_1473617060_linux_gtk_x86_64/plugins/org.eclipse.xtend.lib_2.10.0.v201605250459.jar
7f83e802d000-7f83e802e000 r--s 00001000 08:09 26516354                   /home/hrishi/.eclipse/org.eclipse.platform_4.6.0_1473617060_linux_gtk_x86_64/plugins/org.eclipse.xtend2.lib_2.10.0.v201605250459.jar
7f83e802e000-7f83e8034000 r--s 0003f000 08:09 26516368                   /home/hrishi/.eclipse/org.eclipse.platform_4.6.0_1473617060_linux_gtk_x86_64/plugins/org.eclipse.xtext.util_2.10.0.v201605250459.jar
7f83e8034000-7f83e8065000 r--s 0024b000 08:09 26516355                   /home/hrishi/.eclipse/org.eclipse.platform_4.6.0_1473617060_linux_gtk_x86_64/plugins/org.eclipse.xtext_2.10.0.v201605250459.jar
7f83e8065000-7f83e806d000 r--s 00061000 08:09 26516277                   /home/hrishi/.eclipse/org.eclipse.platform_4.6.0_1473617060_linux_gtk_x86_64/plugins/edu.csu.melange.alphabets_0.9.6.201612051604.jar
7f83e806d000-7f83e806e000 r--s 00008000 08:09 26516336                   /home/hrishi/.eclipse/org.eclipse.platform_4.6.0_1473617060_linux_gtk_x86_64/plugins/org.polymodel.scop.cgenerator2_1.0.0.201612051604.jar
7f83e806e000-7f83e8071000 r--s 00024000 08:09 26516337                   /home/hrishi/.eclipse/org.eclipse.platform_4.6.0_1473617060_linux_gtk_x86_64/plugins/org.polymodel.scop.dtiler_1.0.0.201612051604.jar
7f83e8071000-7f83e8072000 r--s 00001000 08:09 26516335                   /home/hrishi/.eclipse/org.eclipse.platform_4.6.0_1473617060_linux_gtk_x86_64/plugins/org.polymodel.scop.bridge.clast_1.0.0.201612051604.jar
7f83e8072000-7f83e8077000 r--s 0002a000 08:09 26516334                   /home/hrishi/.eclipse/org.eclipse.platform_4.6.0_1473617060_linux_gtk_x86_64/plugins/org.polymodel.scop_1.0.0.201612051604.jar
7f83e8077000-7f83e808a000 r--s 0012e000 08:09 26516300                   /home/hrishi/.eclipse/org.eclipse.platform_4.6.0_1473617060_linux_gtk_x86_64/plugins/org.polymodel.polyhedralIR.codegen_1.0.0.201612051604.jar
7f83e808a000-7f83e808d000 r--s 008e1000 08:09 26516287                   /home/hrishi/.eclipse/org.eclipse.platform_4.6.0_1473617060_linux_gtk_x86_64/plugins/fr.irisa.cairn.jnimap.cloog_1.0.0.201612051604.jar
7f83e808d000-7f83e8091000 r--s 00031000 08:09 26516341                   /home/hrishi/.eclipse/org.eclipse.platform_4.6.0_1473617060_linux_gtk_x86_64/plugins/org.antlr.runtime_3.2.0.v201101311130.jar
7f83e8091000-7f83e8092000 r--s 00011000 08:09 10748494                   /opt/eclipse/plugins/org.apache.commons.logging_1.1.1.v201101211721.jar
7f83e8092000-7f83e809a000 r--s 0005e000 08:09 10748531                   /opt/eclipse/plugins/org.apache.log4j_1.2.15.v201012070815.jar
7f83e809a000-7f83e809c000 r--s 00008000 08:09 26516346                   /home/hrishi/.eclipse/org.eclipse.platform_4.6.0_1473617060_linux_gtk_x86_64/plugins/org.eclipse.emf.mwe.utils_1.3.20.v201605261103.jar
7f83e809c000-7f83e809d000 r--s 00003000 08:09 26516348                   /home/hrishi/.eclipse/org.eclipse.platform_4.6.0_1473617060_linux_gtk_x86_64/plugins/org.eclipse.emf.mwe2.runtime_2.9.0.v201605261103.jar
7f83e809d000-7f83e809e000 r--s 0000b000 08:09 26516339                   /home/hrishi/.eclipse/org.eclipse.platform_4.6.0_1473617060_linux_gtk_x86_64/plugins/org.apache.commons.cli_1.2.0.v201404270220.jar
7f83e809e000-7f83e80a4000 r--s 0002a000 08:09 26516345                   /home/hrishi/.eclipse/org.eclipse.platform_4.6.0_1473617060_linux_gtk_x86_64/plugins/org.eclipse.emf.mwe.core_1.3.20.v201605261103.jar
7f83e80a4000-7f83e80a6000 r--s 00009000 08:09 26516279                   /home/hrishi/.eclipse/org.eclipse.platform_4.6.0_1473617060_linux_gtk_x86_64/plugins/edu.csu.melange.affineLattice_1.0.0.jar
7f83e80a6000-7f83e80a8000 r--s 00000000 08:09 26516338                   /home/hrishi/.eclipse/org.eclipse.platform_4.6.0_1473617060_linux_gtk_x86_64/plugins/tom.mapping_1.0.0.201612051604.jar
7f83e80a8000-7f83e80af000 r--s 0004d000 08:09 26516333                   /home/hrishi/.eclipse/org.eclipse.platform_4.6.0_1473617060_linux_gtk_x86_64/plugins/org.polymodel.prdg.scheduling_1.0.0.201612051604.jar
7f83e80af000-7f83e80b2000 r--s 0001f000 08:09 26516370                   /home/hrishi/.eclipse/org.eclipse.platform_4.6.0_1473617060_linux_gtk_x86_64/plugins/org.eclipse.xtext.xbase.lib_2.10.0.v201605250459.jar
7f83e80b2000-7f83e80b4000 r--s 00004000 08:09 26516299                   /home/hrishi/.eclipse/org.eclipse.platform_4.6.0_1473617060_linux_gtk_x86_64/plugins/org.polymodel.matrix_1.0.0.201612051604.jar
7f83e80b4000-7f83e80b6000 r--s 00005000 08:09 26516332                   /home/hrishi/.eclipse/org.eclipse.platform_4.6.0_1473617060_linux_gtk_x86_64/plugins/org.polymodel.prdg.adapter_1.0.0.201612051604.jar
7f83e80b6000-7f83e80b8000 r--s 00009000 08:09 26516301                   /home/hrishi/.eclipse/org.eclipse.platform_4.6.0_1473617060_linux_gtk_x86_64/plugins/org.polymodel.prdg_1.0.0.201612051604.jar
7f83e80b8000-7f83e80ba000 r--s 00013000 08:09 26516297                   /home/hrishi/.eclipse/org.eclipse.platform_4.6.0_1473617060_linux_gtk_x86_64/plugins/org.polymodel.isl_1.0.0.201612051604.jar
7f83e80ba000-7f83e80c4000 r--s 000a4000 08:09 26516295                   /home/hrishi/.eclipse/org.eclipse.platform_4.6.0_1473617060_linux_gtk_x86_64/plugins/org.polymodel.algebra_1.0.0.201612051604.jar
7f83e80c4000-7f83e80c7000 r--s 0002b000 08:09 26516294                   /home/hrishi/.eclipse/org.eclipse.platform_4.6.0_1473617060_linux_gtk_x86_64/plugins/org.polymodel_1.0.0.201612051604.jar
7f83e80c7000-7f83e80f1000 r--s 001ff000 08:09 10749007                   /opt/eclipse/plugins/com.google.guava_15.0.0.v201403281430.jar
7f83e80f1000-7f83e80f2000 r--s 0000f000 08:09 28708338                   /home/hrishi/.eclipse/org.eclipse.platform_4.6.0_1473617060_linux_gtk_x86_64/plugins/fr.irisa.cairn.tools_1.0.0.201612051604/lib/javatuples-1.2.jar
7f83e80f2000-7f83e80f3000 r--s 0000b000 08:09 28708337                   /home/hrishi/.eclipse/org.eclipse.platform_4.6.0_1473617060_linux_gtk_x86_64/plugins/fr.irisa.cairn.tools_1.0.0.201612051604/lib/javatuples-1.2-sources.jar
7f83e80f3000-7f83e80f6000 r--s 00037000 08:09 28708336                   /home/hrishi/.eclipse/org.eclipse.platform_4.6.0_1473617060_linux_gtk_x86_64/plugins/fr.irisa.cairn.tools_1.0.0.201612051604/lib/javatuples-1.2-javadoc.jar
7f83e80f6000-7f83e80f7000 r--s 00000000 08:09 26516289                   /home/hrishi/.eclipse/org.eclipse.platform_4.6.0_1473617060_linux_gtk_x86_64/plugins/fr.irisa.cairn.jnimap.runtime_1.0.0.201612051604.jar
7f83e80f7000-7f83e80fc000 r--s 00b6c000 08:09 26516288                   /home/hrishi/.eclipse/org.eclipse.platform_4.6.0_1473617060_linux_gtk_x86_64/plugins/fr.irisa.cairn.jnimap.isl_2.1.0.201612051604.jar
7f83e80fc000-7f83e80fe000 r--s 00007000 08:09 26516286                   /home/hrishi/.eclipse/org.eclipse.platform_4.6.0_1473617060_linux_gtk_x86_64/plugins/fr.irisa.cairn.graph.guice_1.0.0.201612051604.jar
7f83e80fe000-7f83e8100000 r--s 00009000 08:09 10748202                   /opt/eclipse/plugins/com.google.inject.multibindings_3.0.0.v201605172100.jar
7f83e8100000-7f83e810b000 r--s 00077000 08:09 10748760                   /opt/eclipse/plugins/com.google.inject_3.0.0.v201605172100.jar
7f83e810b000-7f83e8123000 r--s 0015b000 08:09 28061747                   /home/hrishi/.eclipse/org.eclipse.platform_4.6.0_1473617060_linux_gtk_x86_64/plugins/fr.irisa.cairn.graph_1.0.0.201612051604/lib/jgrapht-ext-0.9.1-uber.jar
7f83e8123000-7f83e8153000 rw-p 00000000 00:00 0 
7f83e8153000-7f83e8283000 r--s 010bc000 08:09 28708362                   /home/hrishi/.eclipse/org.eclipse.platform_4.6.0_1473617060_linux_gtk_x86_64/plugins/fr.irisa.cairn.eclipse.tom_2.10.0.201612051604/libs/aircube-bundle.jar
7f83e8283000-7f83e8287000 r--s 00035000 08:09 10748985                   /opt/eclipse/plugins/org.eclipse.emf.ecore.xmi_2.12.0.v20160420-0247.jar
7f83e8287000-7f83e828e000 r--s 00051000 08:09 10748503                   /opt/eclipse/plugins/org.eclipse.emf.common_2.12.0.v20160420-0247.jar
7f83e828e000-7f83e82a0000 r--s 00111000 08:09 10748217                   /opt/eclipse/plugins/org.eclipse.emf.ecore_2.12.0.v20160420-0247.jar
7f83e82a0000-7f83e82a5000 r--s 00030000 08:09 10748396                   /opt/eclipse/plugins/org.eclipse.ui.console_3.6.200.v20160518-1858.jar
7f83e82a5000-7f83e82a6000 r--s 00002000 08:09 10748530                   /opt/eclipse/plugins/org.eclipse.e4.ui.workbench3_0.13.100.v20160506-0759.jar
7f83e82a6000-7f83e82e8000 r--s 00398000 08:09 10748311                   /opt/eclipse/plugins/org.eclipse.ui.workbench_3.108.0.v20160602-1232.jar
7f83e82e8000-7f83e82ec000 r--s 00019000 08:09 10748602                   /opt/eclipse/plugins/org.eclipse.core.commands_3.8.0.v20160316-1921.jar
7f83e82ec000-7f83e82fe000 r--s 000f8000 08:09 10748780                   /opt/eclipse/plugins/org.eclipse.jface_3.12.0.v20160518-1929.jar
7f83e82fe000-7f83e8313000 r--s 0028f000 08:09 10748863                   /opt/eclipse/plugins/org.eclipse.swt.gtk.linux.x86_64_3.105.0.v20160603-0902.jar
7f83e8313000-7f83e831c000 r--s 00058000 08:09 10748604                   /opt/eclipse/plugins/org.eclipse.ui_3.108.0.v20160518-1929.jar
7f83e831c000-7f83e831e000 r--s 00014000 08:09 10748222                   /opt/eclipse/plugins/org.eclipse.equinox.app_1.3.400.v20150715-1528.jar
7f83e831e000-7f83e831f000 ---p 00000000 00:00 0 
7f83e831f000-7f83e841f000 rw-p 00000000 00:00 0 
7f83e841f000-7f83e8422000 ---p 00000000 00:00 0 
7f83e8422000-7f83e8520000 rw-p 00000000 00:00 0 
7f83e8520000-7f83e8523000 ---p 00000000 00:00 0 
7f83e8523000-7f83e8621000 rw-p 00000000 00:00 0 
7f83e8621000-7f83e8624000 ---p 00000000 00:00 0 
7f83e8624000-7f83e8722000 rw-p 00000000 00:00 0 
7f83e8722000-7f83e8725000 ---p 00000000 00:00 0 
7f83e8725000-7f83e8823000 rw-p 00000000 00:00 0 
7f83e8823000-7f83e8826000 ---p 00000000 00:00 0 
7f83e8826000-7f83e8924000 rw-p 00000000 00:00 0 
7f83e8924000-7f83e8bfc000 r--p 00000000 08:09 2887360                    /usr/lib/locale/locale-archive
7f83e8bfc000-7f83e8bff000 ---p 00000000 00:00 0 
7f83e8bff000-7f83e8cfd000 rw-p 00000000 00:00 0 
7f83e8cfd000-7f83e8d00000 ---p 00000000 00:00 0 
7f83e8d00000-7f83e8dfe000 rw-p 00000000 00:00 0 
7f83e8dfe000-7f83e8dff000 ---p 00000000 00:00 0 
7f83e8dff000-7f83e9000000 rw-p 00000000 00:00 0 
7f83e9000000-7f83e9720000 rwxp 00000000 00:00 0 
7f83e9720000-7f83f8000000 ---p 00000000 00:00 0 
7f83f8000000-7f83f8d42000 rw-p 00000000 00:00 0 
7f83f8d42000-7f83fc000000 ---p 00000000 00:00 0 
7f83fc000000-7f83fc002000 r--s 00017000 08:09 10748774                   /opt/eclipse/plugins/org.eclipse.core.contenttype_3.5.100.v20160418-1621.jar
7f83fc002000-7f83fc005000 r--s 0001e000 08:09 10748508                   /opt/eclipse/plugins/org.eclipse.equinox.preferences_3.6.0.v20160120-1756.jar
7f83fc005000-7f83fc009000 r--s 0002a000 08:09 10749014                   /opt/eclipse/plugins/org.eclipse.equinox.registry_3.6.100.v20160223-2218.jar
7f83fc009000-7f83fc00c000 r--s 00019000 08:09 10748931                   /opt/eclipse/plugins/org.eclipse.core.jobs_3.8.0.v20160509-0411.jar
7f83fc00c000-7f83fc00f000 r--s 0001b000 08:09 10748983                   /opt/eclipse/plugins/org.eclipse.equinox.common_3.8.0.v20160509-1230.jar
7f83fc00f000-7f83fc012000 r--s 00039000 08:09 10748174                   /opt/eclipse/plugins/org.eclipse.osgi.compatibility.state_1.0.200.v20160504-1419.jar
7f83fc012000-7f83fc027000 r--s 0013d000 08:09 10748755                   /opt/eclipse/plugins/org.eclipse.osgi_3.11.0.v20160603-1336.jar
7f83fc027000-7f83fc029000 r--s 00003000 08:09 10748526                   /opt/eclipse/plugins/javax.inject_1.0.0.v20091030.jar
7f83fc029000-7f83fc02b000 r--s 00011000 08:09 10748883                   /opt/eclipse/plugins/org.eclipse.core.runtime_3.12.0.v20160606-1342.jar
7f83fc02b000-7f83fc02f000 r--s 00037000 08:09 7085460                    /usr/lib/jvm/java-8-openjdk-amd64/jre/lib/ext/sunpkcs11.jar
7f83fc02f000-7f83fc032000 r--s 0000f000 08:09 7085457                    /usr/lib/jvm/java-8-openjdk-amd64/jre/lib/ext/icedtea-sound.jar
7f83fc032000-7f83fc03c000 r--s 00116000 08:09 7085461                    /usr/lib/jvm/java-8-openjdk-amd64/jre/lib/ext/localedata.jar
7f83fc03c000-7f83fc041000 r--s 0003b000 08:09 7085462                    /usr/lib/jvm/java-8-openjdk-amd64/jre/lib/ext/sunjce_provider.jar
7f83fc041000-7f83fc05c000 r--s 001d6000 08:09 7085455                    /usr/lib/jvm/java-8-openjdk-amd64/jre/lib/ext/nashorn.jar
7f83fc05c000-7f83fcf3b000 rw-p 00000000 00:00 0 
7f83fcf3b000-7f83fd109000 r--s 03c06000 08:09 7087811                    /usr/lib/jvm/java-8-openjdk-amd64/jre/lib/rt.jar
7f83fd109000-7f83fdd5a000 rw-p 00000000 00:00 0 
7f83fdd5a000-7f83fdd5b000 ---p 00000000 00:00 0 
7f83fdd5b000-7f83fde5b000 rw-p 00000000 00:00 0 
7f83fde5b000-7f83fde5c000 ---p 00000000 00:00 0 
7f83fde5c000-7f83fdf5c000 rw-p 00000000 00:00 0 
7f83fdf5c000-7f83fdf5d000 ---p 00000000 00:00 0 
7f83fdf5d000-7f83fe05d000 rw-p 00000000 00:00 0 
7f83fe05d000-7f83fe05e000 ---p 00000000 00:00 0 
7f83fe05e000-7f83fe188000 rw-p 00000000 00:00 0 
7f83fe188000-7f83fe3f0000 ---p 00000000 00:00 0 
7f83fe3f0000-7f83fe41a000 rw-p 00000000 00:00 0 
7f83fe41a000-7f83fe682000 ---p 00000000 00:00 0 
7f83fe682000-7f83fe6a6000 rw-p 00000000 00:00 0 
7f83fe6a6000-7f83fe7cb000 ---p 00000000 00:00 0 
7f83fe7cb000-7f83fe7e9000 rw-p 00000000 00:00 0 
7f83fe7e9000-7f83feb8c000 ---p 00000000 00:00 0 
7f83feb8c000-7f83feb94000 r-xp 00000000 08:09 7085419                    /usr/lib/jvm/java-8-openjdk-amd64/jre/lib/amd64/libzip.so
7f83feb94000-7f83fed93000 ---p 00008000 08:09 7085419                    /usr/lib/jvm/java-8-openjdk-amd64/jre/lib/amd64/libzip.so
7f83fed93000-7f83fed94000 r--p 00007000 08:09 7085419                    /usr/lib/jvm/java-8-openjdk-amd64/jre/lib/amd64/libzip.so
7f83fed94000-7f83fed95000 rw-p 00008000 08:09 7085419                    /usr/lib/jvm/java-8-openjdk-amd64/jre/lib/amd64/libzip.so
7f83fed95000-7f83feda0000 r-xp 00000000 08:09 24382890                   /lib/x86_64-linux-gnu/libnss_files-2.23.so
7f83feda0000-7f83fef9f000 ---p 0000b000 08:09 24382890                   /lib/x86_64-linux-gnu/libnss_files-2.23.so
7f83fef9f000-7f83fefa0000 r--p 0000a000 08:09 24382890                   /lib/x86_64-linux-gnu/libnss_files-2.23.so
7f83fefa0000-7f83fefa1000 rw-p 0000b000 08:09 24382890                   /lib/x86_64-linux-gnu/libnss_files-2.23.so
7f83fefa1000-7f83fefa7000 rw-p 00000000 00:00 0 
7f83fefa7000-7f83fefb2000 r-xp 00000000 08:09 24382881                   /lib/x86_64-linux-gnu/libnss_nis-2.23.so
7f83fefb2000-7f83ff1b1000 ---p 0000b000 08:09 24382881                   /lib/x86_64-linux-gnu/libnss_nis-2.23.so
7f83ff1b1000-7f83ff1b2000 r--p 0000a000 08:09 24382881                   /lib/x86_64-linux-gnu/libnss_nis-2.23.so
7f83ff1b2000-7f83ff1b3000 rw-p 0000b000 08:09 24382881                   /lib/x86_64-linux-gnu/libnss_nis-2.23.so
7f83ff1b3000-7f83ff1c9000 r-xp 00000000 08:09 24382883                   /lib/x86_64-linux-gnu/libnsl-2.23.so
7f83ff1c9000-7f83ff3c8000 ---p 00016000 08:09 24382883                   /lib/x86_64-linux-gnu/libnsl-2.23.so
7f83ff3c8000-7f83ff3c9000 r--p 00015000 08:09 24382883                   /lib/x86_64-linux-gnu/libnsl-2.23.so
7f83ff3c9000-7f83ff3ca000 rw-p 00016000 08:09 24382883                   /lib/x86_64-linux-gnu/libnsl-2.23.so
7f83ff3ca000-7f83ff3cc000 rw-p 00000000 00:00 0 
7f83ff3cc000-7f83ff3d4000 r-xp 00000000 08:09 24382892                   /lib/x86_64-linux-gnu/libnss_compat-2.23.so
7f83ff3d4000-7f83ff5d3000 ---p 00008000 08:09 24382892                   /lib/x86_64-linux-gnu/libnss_compat-2.23.so
7f83ff5d3000-7f83ff5d4000 r--p 00007000 08:09 24382892                   /lib/x86_64-linux-gnu/libnss_compat-2.23.so
7f83ff5d4000-7f83ff5d5000 rw-p 00008000 08:09 24382892                   /lib/x86_64-linux-gnu/libnss_compat-2.23.so
7f83ff5d5000-7f83ff602000 r-xp 00000000 08:09 7085444                    /usr/lib/jvm/java-8-openjdk-amd64/jre/lib/amd64/libjava.so
7f83ff602000-7f83ff801000 ---p 0002d000 08:09 7085444                    /usr/lib/jvm/java-8-openjdk-amd64/jre/lib/amd64/libjava.so
7f83ff801000-7f83ff802000 r--p 0002c000 08:09 7085444                    /usr/lib/jvm/java-8-openjdk-amd64/jre/lib/amd64/libjava.so
7f83ff802000-7f83ff804000 rw-p 0002d000 08:09 7085444                    /usr/lib/jvm/java-8-openjdk-amd64/jre/lib/amd64/libjava.so
7f83ff804000-7f83ff813000 r-xp 00000000 08:09 7085412                    /usr/lib/jvm/java-8-openjdk-amd64/jre/lib/amd64/libverify.so
7f83ff813000-7f83ffa12000 ---p 0000f000 08:09 7085412                    /usr/lib/jvm/java-8-openjdk-amd64/jre/lib/amd64/libverify.so
7f83ffa12000-7f83ffa14000 r--p 0000e000 08:09 7085412                    /usr/lib/jvm/java-8-openjdk-amd64/jre/lib/amd64/libverify.so
7f83ffa14000-7f83ffa15000 rw-p 00010000 08:09 7085412                    /usr/lib/jvm/java-8-openjdk-amd64/jre/lib/amd64/libverify.so
7f83ffa15000-7f83ffa1c000 r-xp 00000000 08:09 24382893                   /lib/x86_64-linux-gnu/librt-2.23.so
7f83ffa1c000-7f83ffc1b000 ---p 00007000 08:09 24382893                   /lib/x86_64-linux-gnu/librt-2.23.so
7f83ffc1b000-7f83ffc1c000 r--p 00006000 08:09 24382893                   /lib/x86_64-linux-gnu/librt-2.23.so
7f83ffc1c000-7f83ffc1d000 rw-p 00007000 08:09 24382893                   /lib/x86_64-linux-gnu/librt-2.23.so
7f83ffc1d000-7f83ffc33000 r-xp 00000000 08:09 24383888                   /lib/x86_64-linux-gnu/libgcc_s.so.1
7f83ffc33000-7f83ffe32000 ---p 00016000 08:09 24383888                   /lib/x86_64-linux-gnu/libgcc_s.so.1
7f83ffe32000-7f83ffe33000 rw-p 00015000 08:09 24383888                   /lib/x86_64-linux-gnu/libgcc_s.so.1
7f83ffe33000-7f83fff3b000 r-xp 00000000 08:09 24382882                   /lib/x86_64-linux-gnu/libm-2.23.so
7f83fff3b000-7f840013a000 ---p 00108000 08:09 24382882                   /lib/x86_64-linux-gnu/libm-2.23.so
7f840013a000-7f840013b000 r--p 00107000 08:09 24382882                   /lib/x86_64-linux-gnu/libm-2.23.so
7f840013b000-7f840013c000 rw-p 00108000 08:09 24382882                   /lib/x86_64-linux-gnu/libm-2.23.so
7f840013c000-7f84002ae000 r-xp 00000000 08:09 2888511                    /usr/lib/x86_64-linux-gnu/libstdc++.so.6.0.21
7f84002ae000-7f84004ae000 ---p 00172000 08:09 2888511                    /usr/lib/x86_64-linux-gnu/libstdc++.so.6.0.21
7f84004ae000-7f84004b8000 r--p 00172000 08:09 2888511                    /usr/lib/x86_64-linux-gnu/libstdc++.so.6.0.21
7f84004b8000-7f84004ba000 rw-p 0017c000 08:09 2888511                    /usr/lib/x86_64-linux-gnu/libstdc++.so.6.0.21
7f84004ba000-7f84004be000 rw-p 00000000 00:00 0 
7f84004be000-7f840110e000 r-xp 00000000 08:09 7085439                    /usr/lib/jvm/java-8-openjdk-amd64/jre/lib/amd64/server/libjvm.so
7f840110e000-7f840130d000 ---p 00c50000 08:09 7085439                    /usr/lib/jvm/java-8-openjdk-amd64/jre/lib/amd64/server/libjvm.so
7f840130d000-7f84013a0000 r--p 00c4f000 08:09 7085439                    /usr/lib/jvm/java-8-openjdk-amd64/jre/lib/amd64/server/libjvm.so
7f84013a0000-7f84013c9000 rw-p 00ce2000 08:09 7085439                    /usr/lib/jvm/java-8-openjdk-amd64/jre/lib/amd64/server/libjvm.so
7f84013c9000-7f84013f9000 rw-p 00000000 00:00 0 
7f84013f9000-7f8401411000 r-xp 00000000 08:09 24382897                   /lib/x86_64-linux-gnu/libpthread-2.23.so
7f8401411000-7f8401610000 ---p 00018000 08:09 24382897                   /lib/x86_64-linux-gnu/libpthread-2.23.so
7f8401610000-7f8401611000 r--p 00017000 08:09 24382897                   /lib/x86_64-linux-gnu/libpthread-2.23.so
7f8401611000-7f8401612000 rw-p 00018000 08:09 24382897                   /lib/x86_64-linux-gnu/libpthread-2.23.so
7f8401612000-7f8401616000 rw-p 00000000 00:00 0 
7f8401616000-7f8401619000 r-xp 00000000 08:09 24382880                   /lib/x86_64-linux-gnu/libdl-2.23.so
7f8401619000-7f8401818000 ---p 00003000 08:09 24382880                   /lib/x86_64-linux-gnu/libdl-2.23.so
7f8401818000-7f8401819000 r--p 00002000 08:09 24382880                   /lib/x86_64-linux-gnu/libdl-2.23.so
7f8401819000-7f840181a000 rw-p 00003000 08:09 24382880                   /lib/x86_64-linux-gnu/libdl-2.23.so
7f840181a000-7f8401833000 r-xp 00000000 08:09 24384041                   /lib/x86_64-linux-gnu/libz.so.1.2.8
7f8401833000-7f8401a32000 ---p 00019000 08:09 24384041                   /lib/x86_64-linux-gnu/libz.so.1.2.8
7f8401a32000-7f8401a33000 r--p 00018000 08:09 24384041                   /lib/x86_64-linux-gnu/libz.so.1.2.8
7f8401a33000-7f8401a34000 rw-p 00019000 08:09 24384041                   /lib/x86_64-linux-gnu/libz.so.1.2.8
7f8401a34000-7f8401bf3000 r-xp 00000000 08:09 24382884                   /lib/x86_64-linux-gnu/libc-2.23.so
7f8401bf3000-7f8401df3000 ---p 001bf000 08:09 24382884                   /lib/x86_64-linux-gnu/libc-2.23.so
7f8401df3000-7f8401df7000 r--p 001bf000 08:09 24382884                   /lib/x86_64-linux-gnu/libc-2.23.so
7f8401df7000-7f8401df9000 rw-p 001c3000 08:09 24382884                   /lib/x86_64-linux-gnu/libc-2.23.so
7f8401df9000-7f8401dfd000 rw-p 00000000 00:00 0 
7f8401dfd000-7f8401e0a000 r-xp 00000000 08:09 7085434                    /usr/lib/jvm/java-8-openjdk-amd64/jre/lib/amd64/jli/libjli.so
7f8401e0a000-7f840200a000 ---p 0000d000 08:09 7085434                    /usr/lib/jvm/java-8-openjdk-amd64/jre/lib/amd64/jli/libjli.so
7f840200a000-7f840200b000 r--p 0000d000 08:09 7085434                    /usr/lib/jvm/java-8-openjdk-amd64/jre/lib/amd64/jli/libjli.so
7f840200b000-7f840200c000 rw-p 0000e000 08:09 7085434                    /usr/lib/jvm/java-8-openjdk-amd64/jre/lib/amd64/jli/libjli.so
7f840200c000-7f8402032000 r-xp 00000000 08:09 24382885                   /lib/x86_64-linux-gnu/ld-2.23.so
7f8402032000-7f8402033000 r--s 00004000 08:09 10748172                   /opt/eclipse/plugins/org.eclipse.swt_3.105.0.v20160603-0902.jar
7f8402033000-7f8402035000 r--s 00001000 08:09 7085456                    /usr/lib/jvm/java-8-openjdk-amd64/jre/lib/ext/dnsns.jar
7f8402035000-7f8402037000 r--s 00008000 08:09 7085454                    /usr/lib/jvm/java-8-openjdk-amd64/jre/lib/ext/sunec.jar
7f8402037000-7f8402102000 rw-p 00000000 00:00 0 
7f8402102000-7f8402105000 ---p 00000000 00:00 0 
7f8402105000-7f8402208000 rw-p 00000000 00:00 0 
7f8402208000-7f8402209000 r--s 00010000 08:09 7085459                    /usr/lib/jvm/java-8-openjdk-amd64/jre/lib/ext/zipfs.jar
7f8402209000-7f840220a000 r--s 0000a000 08:09 7085463                    /usr/lib/jvm/java-8-openjdk-amd64/jre/lib/ext/jaccess.jar
7f840220a000-7f8402225000 r--s 00394000 08:09 7085458                    /usr/lib/jvm/java-8-openjdk-amd64/jre/lib/ext/cldrdata.jar
7f8402225000-7f840222d000 rw-s 00000000 08:09 18616214                   /tmp/hsperfdata_hrishi/16897 (deleted)
7f840222d000-7f840222e000 rw-p 00000000 00:00 0 
7f840222e000-7f840222f000 ---p 00000000 00:00 0 
7f840222f000-7f8402231000 rw-p 00000000 00:00 0 
7f8402231000-7f8402232000 r--p 00025000 08:09 24382885                   /lib/x86_64-linux-gnu/ld-2.23.so
7f8402232000-7f8402233000 rw-p 00026000 08:09 24382885                   /lib/x86_64-linux-gnu/ld-2.23.so
7f8402233000-7f8402234000 rw-p 00000000 00:00 0 
7ffc3bec0000-7ffc3bee3000 rw-p 00000000 00:00 0                          [stack]
7ffc3bf5d000-7ffc3bf5f000 r--p 00000000 00:00 0                          [vvar]
7ffc3bf5f000-7ffc3bf61000 r-xp 00000000 00:00 0                          [vdso]
ffffffffff600000-ffffffffff601000 r-xp 00000000 00:00 0                  [vsyscall]

VM Arguments:
jvm_args: -Dfile.encoding=UTF-8 
java_command: RCPConsole
java_class_path (initial): /opt/eclipse/plugins/org.eclipse.core.runtime_3.12.0.v20160606-1342.jar:/opt/eclipse/plugins/javax.inject_1.0.0.v20091030.jar:/opt/eclipse/plugins/org.eclipse.osgi_3.11.0.v20160603-1336.jar:/opt/eclipse/plugins/org.eclipse.osgi.compatibility.state_1.0.200.v20160504-1419.jar:/opt/eclipse/plugins/org.eclipse.equinox.common_3.8.0.v20160509-1230.jar:/opt/eclipse/plugins/org.eclipse.core.jobs_3.8.0.v20160509-0411.jar:/opt/eclipse/plugins/org.eclipse.equinox.registry_3.6.100.v20160223-2218.jar:/opt/eclipse/plugins/org.eclipse.equinox.preferences_3.6.0.v20160120-1756.jar:/opt/eclipse/plugins/org.eclipse.core.contenttype_3.5.100.v20160418-1621.jar:/opt/eclipse/plugins/org.eclipse.equinox.app_1.3.400.v20150715-1528.jar:/opt/eclipse/plugins/org.eclipse.ui_3.108.0.v20160518-1929.jar:/opt/eclipse/plugins/org.eclipse.swt_3.105.0.v20160603-0902.jar:/opt/eclipse/plugins/org.eclipse.swt.gtk.linux.x86_64_3.105.0.v20160603-0902.jar:/opt/eclipse/plugins/org.eclipse.jface_3.12.0.v20160518-1929.jar:/opt/eclipse/plugins/org.eclipse.core.commands_3.8.0.v20160316-1921.jar:/opt/eclipse/plugins/org.eclipse.ui.workbench_3.108.0.v20160602-1232.jar:/opt/eclipse/plugins/org.eclipse.e4.ui.workbench3_0.13.100.v20160506-0759.jar:/opt/eclipse/plugins/org.eclipse.ui.console_3.6.200.v20160518-1858.jar:/opt/eclipse/plugins/org.eclipse.emf.ecore_2.12.0.v20160420-0247.jar:/opt/eclipse/plugins/org.eclipse.emf.common_2.12.0.v20160420-0247.jar:/opt/eclipse/plugins/org.eclipse.emf.ecore.xmi_2.12.0.v20160420-0247.jar:/home/hrishi/.eclipse/org.eclipse.platform_4.6.0_1473617060_linux_gtk_x86_64/plugins/fr.irisa.cairn.eclipse.tom_2.10.0.201612051604/libs/aircube-bundle.jar:/home/hrishi/.eclipse/org.eclipse.platform_4.6.0_1473617060_linux_gtk_x86_64/plugins/fr.irisa.cairn.graph_1.0.0.201612051604:/home/hrishi/.eclipse/org.eclipse.platform_4.6.0_1473617060_linux_gtk_x86_64/plugins/fr.irisa.cairn.graph_1.0.0.201612051604/lib/jgrapht-ext-0.9.1-uber.jar:/opt/eclipse/plugins/com.google.inj
Launcher Type: SUN_STANDARD

Environment Variables:
PATH=/home/hrishi/torch/install/bin:/usr/local/sbin:/usr/local/bin:/usr/sbin:/usr/bin:/sbin:/bin:/usr/games:/usr/local/games:/snap/bin
LD_LIBRARY_PATH=/home/hrishi/torch/install/lib:
SHELL=/bin/bash
DISPLAY=:0
DYLD_LIBRARY_PATH=/home/hrishi/torch/install/lib:

Signal Handlers:
SIGSEGV: [libjvm.so+0xa66fd0], sa_mask[0]=11111111011111111101111111111110, sa_flags=SA_RESTART|SA_SIGINFO
SIGBUS: [libjvm.so+0xa66fd0], sa_mask[0]=11111111011111111101111111111110, sa_flags=SA_RESTART|SA_SIGINFO
SIGFPE: [libjvm.so+0x8b0180], sa_mask[0]=11111111011111111101111111111110, sa_flags=SA_RESTART|SA_SIGINFO
SIGPIPE: [libjvm.so+0x8b0180], sa_mask[0]=11111111011111111101111111111110, sa_flags=SA_RESTART|SA_SIGINFO
SIGXFSZ: [libjvm.so+0x8b0180], sa_mask[0]=11111111011111111101111111111110, sa_flags=SA_RESTART|SA_SIGINFO
SIGILL: [libjvm.so+0x8b0180], sa_mask[0]=11111111011111111101111111111110, sa_flags=SA_RESTART|SA_SIGINFO
SIGUSR1: SIG_DFL, sa_mask[0]=00000000000000000000000000000000, sa_flags=none
SIGUSR2: [libjvm.so+0x8b0030], sa_mask[0]=00100000000000000000000000000000, sa_flags=SA_RESTART|SA_SIGINFO
SIGHUP: [libjvm.so+0x8b0500], sa_mask[0]=11111111011111111101111111111110, sa_flags=SA_RESTART|SA_SIGINFO
SIGINT: [libjvm.so+0x8b0500], sa_mask[0]=11111111011111111101111111111110, sa_flags=SA_RESTART|SA_SIGINFO
SIGTERM: [libjvm.so+0x8b0500], sa_mask[0]=11111111011111111101111111111110, sa_flags=SA_RESTART|SA_SIGINFO
SIGQUIT: [libjvm.so+0x8b0500], sa_mask[0]=11111111011111111101111111111110, sa_flags=SA_RESTART|SA_SIGINFO


---------------  S Y S T E M  ---------------

OS:DISTRIB_ID=Ubuntu
DISTRIB_RELEASE=16.04
DISTRIB_CODENAME=xenial
DISTRIB_DESCRIPTION="Ubuntu 16.04 LTS"

uname:Linux 4.4.0-72-generic #93-Ubuntu SMP Fri Mar 31 14:07:41 UTC 2017 x86_64
libc:glibc 2.23 NPTL 2.23 
rlimit: STACK 8192k, CORE 0k, NPROC 31118, NOFILE 65536, AS infinity
load average:74.54 37.79 16.65

/proc/meminfo:
MemTotal:        8084688 kB
MemFree:         5164576 kB
MemAvailable:    5407484 kB
Buffers:           35436 kB
Cached:           619720 kB
SwapCached:       129848 kB
Active:          1878252 kB
Inactive:         729388 kB
Active(anon):    1625540 kB
Inactive(anon):   559416 kB
Active(file):     252712 kB
Inactive(file):   169972 kB
Unevictable:        1108 kB
Mlocked:            1108 kB
SwapTotal:      12000252 kB
SwapFree:        7672240 kB
Dirty:              1468 kB
Writeback:             0 kB
AnonPages:       1941012 kB
Mapped:           231972 kB
Shmem:            232500 kB
Slab:             157648 kB
SReclaimable:      81260 kB
SUnreclaim:        76388 kB
KernelStack:       15632 kB
PageTables:        55920 kB
NFS_Unstable:          0 kB
Bounce:                0 kB
WritebackTmp:          0 kB
CommitLimit:    16042596 kB
Committed_AS:   13303392 kB
VmallocTotal:   34359738367 kB
VmallocUsed:           0 kB
VmallocChunk:          0 kB
HardwareCorrupted:     0 kB
AnonHugePages:    755712 kB
CmaTotal:              0 kB
CmaFree:               0 kB
HugePages_Total:       0
HugePages_Free:        0
HugePages_Rsvd:        0
HugePages_Surp:        0
Hugepagesize:       2048 kB
DirectMap4k:      817032 kB
DirectMap2M:     7481344 kB
DirectMap1G:           0 kB


CPU:total 4 (2 cores per cpu, 2 threads per core) family 6 model 61 stepping 4, cmov, cx8, fxsr, mmx, sse, sse2, sse3, ssse3, sse4.1, sse4.2, popcnt, avx, avx2, aes, clmul, erms, 3dnowpref, lzcnt, ht, tsc, tscinvbit, bmi1, bmi2, adx

/proc/cpuinfo:
processor	: 0
vendor_id	: GenuineIntel
cpu family	: 6
model		: 61
model name	: Intel(R) Core(TM) i5-5200U CPU @ 2.20GHz
stepping	: 4
microcode	: 0x12
cpu MHz		: 2002.859
cache size	: 3072 KB
physical id	: 0
siblings	: 4
core id		: 0
cpu cores	: 2
apicid		: 0
initial apicid	: 0
fpu		: yes
fpu_exception	: yes
cpuid level	: 20
wp		: yes
flags		: fpu vme de pse tsc msr pae mce cx8 apic sep mtrr pge mca cmov pat pse36 clflush dts acpi mmx fxsr sse sse2 ss ht tm pbe syscall nx pdpe1gb rdtscp lm constant_tsc arch_perfmon pebs bts rep_good nopl xtopology nonstop_tsc aperfmperf eagerfpu pni pclmulqdq dtes64 monitor ds_cpl vmx est tm2 ssse3 sdbg fma cx16 xtpr pdcm pcid sse4_1 sse4_2 x2apic movbe popcnt tsc_deadline_timer aes xsave avx f16c rdrand lahf_lm abm 3dnowprefetch epb intel_pt tpr_shadow vnmi flexpriority ept vpid fsgsbase tsc_adjust bmi1 avx2 smep bmi2 erms invpcid rdseed adx smap xsaveopt dtherm ida arat pln pts
bugs		:
bogomips	: 4390.01
clflush size	: 64
cache_alignment	: 64
address sizes	: 39 bits physical, 48 bits virtual
power management:

processor	: 1
vendor_id	: GenuineIntel
cpu family	: 6
model		: 61
model name	: Intel(R) Core(TM) i5-5200U CPU @ 2.20GHz
stepping	: 4
microcode	: 0x12
cpu MHz		: 2131.421
cache size	: 3072 KB
physical id	: 0
siblings	: 4
core id		: 1
cpu cores	: 2
apicid		: 2
initial apicid	: 2
fpu		: yes
fpu_exception	: yes
cpuid level	: 20
wp		: yes
flags		: fpu vme de pse tsc msr pae mce cx8 apic sep mtrr pge mca cmov pat pse36 clflush dts acpi mmx fxsr sse sse2 ss ht tm pbe syscall nx pdpe1gb rdtscp lm constant_tsc arch_perfmon pebs bts rep_good nopl xtopology nonstop_tsc aperfmperf eagerfpu pni pclmulqdq dtes64 monitor ds_cpl vmx est tm2 ssse3 sdbg fma cx16 xtpr pdcm pcid sse4_1 sse4_2 x2apic movbe popcnt tsc_deadline_timer aes xsave avx f16c rdrand lahf_lm abm 3dnowprefetch epb intel_pt tpr_shadow vnmi flexpriority ept vpid fsgsbase tsc_adjust bmi1 avx2 smep bmi2 erms invpcid rdseed adx smap xsaveopt dtherm ida arat pln pts
bugs		:
bogomips	: 4390.01
clflush size	: 64
cache_alignment	: 64
address sizes	: 39 bits physical, 48 bits virtual
power management:

processor	: 2
vendor_id	: GenuineIntel
cpu family	: 6
model		: 61
model name	: Intel(R) Core(TM) i5-5200U CPU @ 2.20GHz
stepping	: 4
microcode	: 0x12
cpu MHz		: 2114.492
cache size	: 3072 KB
physical id	: 0
siblings	: 4
core id		: 0
cpu cores	: 2
apicid		: 1
initial apicid	: 1
fpu		: yes
fpu_exception	: yes
cpuid level	: 20
wp		: yes
flags		: fpu vme de pse tsc msr pae mce cx8 apic sep mtrr pge mca cmov pat pse36 clflush dts acpi mmx fxsr sse sse2 ss ht tm pbe syscall nx pdpe1gb rdtscp lm constant_tsc arch_perfmon pebs bts rep_good nopl xtopology nonstop_tsc aperfmperf eagerfpu pni pclmulqdq dtes64 monitor ds_cpl vmx est tm2 ssse3 sdbg fma cx16 xtpr pdcm pcid sse4_1 sse4_2 x2apic movbe popcnt tsc_deadline_timer aes xsave avx f16c rdrand lahf_lm abm 3dnowprefetch epb intel_pt tpr_shadow vnmi flexpriority ept vpid fsgsbase tsc_adjust bmi1 avx2 smep bmi2 erms invpcid rdseed adx smap xsaveopt dtherm ida arat pln pts
bugs		:
bogomips	: 4390.01
clflush size	: 64
cache_alignment	: 64
address sizes	: 39 bits physical, 48 bits virtual
power management:

processor	: 3
vendor_id	: GenuineIntel
cpu family	: 6
model		: 61
model name	: Intel(R) Core(TM) i5-5200U CPU @ 2.20GHz
stepping	: 4
microcode	: 0x12
cpu MHz		: 2113.289
cache size	: 3072 KB
physical id	: 0
siblings	: 4
core id		: 1
cpu cores	: 2
apicid		: 3
initial apicid	: 3
fpu		: yes
fpu_exception	: yes
cpuid level	: 20
wp		: yes
flags		: fpu vme de pse tsc msr pae mce cx8 apic sep mtrr pge mca cmov pat pse36 clflush dts acpi mmx fxsr sse sse2 ss ht tm pbe syscall nx pdpe1gb rdtscp lm constant_tsc arch_perfmon pebs bts rep_good nopl xtopology nonstop_tsc aperfmperf eagerfpu pni pclmulqdq dtes64 monitor ds_cpl vmx est tm2 ssse3 sdbg fma cx16 xtpr pdcm pcid sse4_1 sse4_2 x2apic movbe popcnt tsc_deadline_timer aes xsave avx f16c rdrand lahf_lm abm 3dnowprefetch epb intel_pt tpr_shadow vnmi flexpriority ept vpid fsgsbase tsc_adjust bmi1 avx2 smep bmi2 erms invpcid rdseed adx smap xsaveopt dtherm ida arat pln pts
bugs		:
bogomips	: 4390.01
clflush size	: 64
cache_alignment	: 64
address sizes	: 39 bits physical, 48 bits virtual
power management:



Memory: 4k page, physical 8084688k(5164576k free), swap 12000252k(7672240k free)

vm_info: OpenJDK 64-Bit Server VM (25.121-b13) for linux-amd64 JRE (1.8.0_121-8u121-b13-0ubuntu1.16.04.2-b13), built on Jan 23 2017 15:51:29 by "buildd" with gcc 5.4.0 20160609

time: Sun Apr 30 23:06:26 2017
elapsed time: 21914 seconds (0d 6h 5m 14s)

