#
# A fatal error has been detected by the Java Runtime Environment:
#
#  SIGSEGV (0xb) at pc=0x0000000000046b20, pid=10236, tid=0x00007f4d43743700
#
# JRE version: OpenJDK Runtime Environment (8.0_121-b13) (build 1.8.0_121-8u121-b13-0ubuntu1.16.04.2-b13)
# Java VM: OpenJDK 64-Bit Server VM (25.121-b13 mixed mode linux-amd64 compressed oops)
# Problematic frame:
# C  0x0000000000046b20
#
# Failed to write core dump. Core dumps have been disabled. To enable core dumping, try "ulimit -c unlimited" before starting Java again
#
# If you would like to submit a bug report, please visit:
#   http://bugreport.java.com/bugreport/crash.jsp
#

---------------  T H R E A D  ---------------

Current thread is native thread

siginfo: si_signo: 11 (SIGSEGV), si_code: 1 (SEGV_MAPERR), si_addr: 0x0000000000046b20

Registers:
RAX=0x00007f4d24bf0248, RBX=0x00007f4d3c8d40d0, RCX=0x0000000000000000, RDX=0x0000000000000000
RSP=0x00007ffc7c90efd8, RBP=0x00007ffc7c90f130, RSI=0x0000000000000000, RDI=0x00007f4d42f72140
R8 =0x0000000000000000, R9 =0x00007f4d43339808, R10=0x00007f4d42f720c0, R11=0x00007f4d42fad2d0
R12=0x00007f4d24bf01a8, R13=0x0000000000000000, R14=0x00007ffc7c90efe0, R15=0x0000000000000012
RIP=0x0000000000046b20, EFLAGS=0x0000000000010202, CSGSFS=0x0000000000000033, ERR=0x0000000000000014
  TRAPNO=0x000000000000000e

Top of Stack: (sp=0x00007ffc7c90efd8)
0x00007ffc7c90efd8:   00007f4d4355bc17 00007f4d43772168
0x00007ffc7c90efe8:   00007f4d43772700 00007f4d4376f7a8
0x00007ffc7c90eff8:   00007f4d3c0009a0 00007f4d3c00b570
0x00007ffc7c90f008:   00007f4d3c00cbf0 00007f4d3c00ba20
0x00007ffc7c90f018:   00007f4d3c00d0a0 00007f4d3c019ae0
0x00007ffc7c90f028:   00007f4d3c001bd0 00007f4d3c0014a0
0x00007ffc7c90f038:   0000000000d2a150 0000000000d2a680
0x00007ffc7c90f048:   0000000000d2b4c0 0000000000d2aba0
0x00007ffc7c90f058:   00007f4d43745000 00007f4d43746b00
0x00007ffc7c90f068:   00007f4d43746618 00007f4d3c8d40d0
0x00007ffc7c90f078:   00007f4d3c90f570 00007f4d3c90fad0
0x00007ffc7c90f088:   00007f4d43746000 00007f4d437719d8
0x00007ffc7c90f098:   00007f4d4355b964 00007ffc7c90efe0
0x00007ffc7c90f0a8:   0000000000000006 00007ffc7c90f010
0x00007ffc7c90f0b8:   0000000000000001 0000000000000006
0x00007ffc7c90f0c8:   00007ffc7c90f0a0 0000001743337c40
0x00007ffc7c90f0d8:   00007ffc7c90efe0 0000001700000000
0x00007ffc7c90f0e8:   00007f4d43771048 00007ffc7c90efb0
0x00007ffc7c90f0f8:   0000000000000000 0000000000000001
0x00007ffc7c90f108:   0000000000000001 0000000000000001
0x00007ffc7c90f118:   00007f4d43337c40 0000000000000000
0x00007ffc7c90f128:   0000000000000000 00007f4d433365f8
0x00007ffc7c90f138:   00007f4d42facff8 00000000004007bc
0x00007ffc7c90f148:   0000000000000000 0000000000400730
0x00007ffc7c90f158:   0000000000400630 00007ffc7c90f250
0x00007ffc7c90f168:   00007f4d42fad045 0000000000400730
0x00007ffc7c90f178:   00007f4d42f93837 0000000000000000
0x00007ffc7c90f188:   00007ffc7c90f258 0000000500000000
0x00007ffc7c90f198:   00000000004005e0 0000000000000000
0x00007ffc7c90f1a8:   cd55c3cee2201b70 0000000000400630
0x00007ffc7c90f1b8:   00007ffc7c90f250 0000000000000000
0x00007ffc7c90f1c8:   0000000000000000 32ad3a6f0f401b70 

Instructions: (pc=0x0000000000046b20)
0x0000000000046b00:   
[error occurred during error reporting (printing registers, top of stack, instructions near pc), id 0xb]

Register to memory mapping:

RAX=
[error occurred during error reporting (printing register info), id 0xb]

Stack: [0x00007ffc7c813000,0x00007ffc7c913000],  sp=0x00007ffc7c90efd8,  free space=1007k
Native frames: (J=compiled Java code, j=interpreted, Vv=VM code, C=native code)
C  0x0000000000046b20


---------------  P R O C E S S  ---------------

VM state:at safepoint (shutting down)

VM Mutex/Monitor currently owned by a thread:  ([mutex/lock_event])
[0x00007f4d3c009dd0] Threads_lock - owner thread: 0x00007f4d3c07b000

Heap:
 PSYoungGen      total 68608K, used 41296K [0x00000000d6e00000, 0x00000000db600000, 0x0000000100000000)
  eden space 63488K, 57% used [0x00000000d6e00000,0x00000000d91581f8,0x00000000dac00000)
  from space 5120K, 99% used [0x00000000db100000,0x00000000db5fc050,0x00000000db600000)
  to   space 5120K, 0% used [0x00000000dac00000,0x00000000dac00000,0x00000000db100000)
 ParOldGen       total 84992K, used 10870K [0x0000000084a00000, 0x0000000089d00000, 0x00000000d6e00000)
  object space 84992K, 12% used [0x0000000084a00000,0x000000008549d958,0x0000000089d00000)
 Metaspace       used 19091K, capacity 19182K, committed 19456K, reserved 1067008K
  class space    used 2482K, capacity 2525K, committed 2560K, reserved 1048576K

Card table byte_map: [0x00007f4d2c864000,0x00007f4d2cc40000] byte_map_base: 0x00007f4d2c43f000

Marking Bits: (ParMarkBitMap*) 0x00007f4d4291b220
 Begin Bits: [0x00007f4d2841e000, 0x00007f4d2a2f6000)
 End Bits:   [0x00007f4d2a2f6000, 0x00007f4d2c1ce000)

Polling page: 0x00007f4d4376d000

CodeCache: size=245760Kb used=7148Kb max_used=7149Kb free=238611Kb
 bounds [0x00007f4d2d000000, 0x00007f4d2d710000, 0x00007f4d3c000000]
 total_blobs=2589 nmethods=2206 adapters=296
 compilation: enabled

Compilation events (10 events):
Event: 28.874 Thread 0x00007f4d3c0b5000 2205       3       tom.library.sl.VisitFailure::<init> (6 bytes)
Event: 28.874 Thread 0x00007f4d3c0b5000 nmethod 2205 0x00007f4d2d701ed0 code [0x00007f4d2d702040, 0x00007f4d2d702228]
Event: 28.874 Thread 0x00007f4d3c0b5000 2206       3       tom.library.sl.Identity::visitLight (2 bytes)
Event: 28.874 Thread 0x00007f4d3c0b5000 nmethod 2206 0x00007f4d2d6f5d50 code [0x00007f4d2d6f5ea0, 0x00007f4d2d6f5ff0]
Event: 28.874 Thread 0x00007f4d3c0b5000 2200       3       tom.mapping.GenericIntrospector::getChildAt (8 bytes)
Event: 28.874 Thread 0x00007f4d3c0b5000 nmethod 2200 0x00007f4d2d701a90 code [0x00007f4d2d701c00, 0x00007f4d2d701dc8]
Event: 28.874 Thread 0x00007f4d3c0b5000 2198       3       tom.mapping.introspectors.algebra.affine.AffineIntrospector$AffineChildrenGetter::caseAffineTerm (6 bytes)
Event: 28.874 Thread 0x00007f4d3c0b5000 nmethod 2198 0x00007f4d2d7016d0 code [0x00007f4d2d701840, 0x00007f4d2d7019e8]
Event: 4064.867 Thread 0x00007f4d3c0b5000 2207       1       java.nio.Buffer::limit (5 bytes)
Event: 4064.880 Thread 0x00007f4d3c0b5000 nmethod 2207 0x00007f4d2d701410 code [0x00007f4d2d701560, 0x00007f4d2d701670]

GC Heap History (8 events):
Event: 9.056 GC heap before
{Heap before GC invocations=1 (full 0):
 PSYoungGen      total 36864K, used 31744K [0x00000000d6e00000, 0x00000000d9700000, 0x0000000100000000)
  eden space 31744K, 100% used [0x00000000d6e00000,0x00000000d8d00000,0x00000000d8d00000)
  from space 5120K, 0% used [0x00000000d9200000,0x00000000d9200000,0x00000000d9700000)
  to   space 5120K, 0% used [0x00000000d8d00000,0x00000000d8d00000,0x00000000d9200000)
 ParOldGen       total 84992K, used 0K [0x0000000084a00000, 0x0000000089d00000, 0x00000000d6e00000)
  object space 84992K, 0% used [0x0000000084a00000,0x0000000084a00000,0x0000000089d00000)
 Metaspace       used 7298K, capacity 7410K, committed 7552K, reserved 1056768K
  class space    used 844K, capacity 851K, committed 896K, reserved 1048576K
Event: 9.069 GC heap after
Heap after GC invocations=1 (full 0):
 PSYoungGen      total 36864K, used 5111K [0x00000000d6e00000, 0x00000000d9700000, 0x0000000100000000)
  eden space 31744K, 0% used [0x00000000d6e00000,0x00000000d6e00000,0x00000000d8d00000)
  from space 5120K, 99% used [0x00000000d8d00000,0x00000000d91fdf38,0x00000000d9200000)
  to   space 5120K, 0% used [0x00000000d9200000,0x00000000d9200000,0x00000000d9700000)
 ParOldGen       total 84992K, used 1019K [0x0000000084a00000, 0x0000000089d00000, 0x00000000d6e00000)
  object space 84992K, 1% used [0x0000000084a00000,0x0000000084afedf0,0x0000000089d00000)
 Metaspace       used 7298K, capacity 7410K, committed 7552K, reserved 1056768K
  class space    used 844K, capacity 851K, committed 896K, reserved 1048576K
}
Event: 9.673 GC heap before
{Heap before GC invocations=2 (full 0):
 PSYoungGen      total 36864K, used 36855K [0x00000000d6e00000, 0x00000000d9700000, 0x0000000100000000)
  eden space 31744K, 100% used [0x00000000d6e00000,0x00000000d8d00000,0x00000000d8d00000)
  from space 5120K, 99% used [0x00000000d8d00000,0x00000000d91fdf38,0x00000000d9200000)
  to   space 5120K, 0% used [0x00000000d9200000,0x00000000d9200000,0x00000000d9700000)
 ParOldGen       total 84992K, used 1019K [0x0000000084a00000, 0x0000000089d00000, 0x00000000d6e00000)
  object space 84992K, 1% used [0x0000000084a00000,0x0000000084afedf0,0x0000000089d00000)
 Metaspace       used 10381K, capacity 10456K, committed 10624K, reserved 1058816K
  class space    used 1302K, capacity 1332K, committed 1408K, reserved 1048576K
Event: 9.689 GC heap after
Heap after GC invocations=2 (full 0):
 PSYoungGen      total 36864K, used 5088K [0x00000000d6e00000, 0x00000000db600000, 0x0000000100000000)
  eden space 31744K, 0% used [0x00000000d6e00000,0x00000000d6e00000,0x00000000d8d00000)
  from space 5120K, 99% used [0x00000000d9200000,0x00000000d96f8040,0x00000000d9700000)
  to   space 5120K, 0% used [0x00000000d8d00000,0x00000000d8d00000,0x00000000d9200000)
 ParOldGen       total 84992K, used 4424K [0x0000000084a00000, 0x0000000089d00000, 0x00000000d6e00000)
  object space 84992K, 5% used [0x0000000084a00000,0x0000000084e523d8,0x0000000089d00000)
 Metaspace       used 10381K, capacity 10456K, committed 10624K, reserved 1058816K
  class space    used 1302K, capacity 1332K, committed 1408K, reserved 1048576K
}
Event: 10.111 GC heap before
{Heap before GC invocations=3 (full 0):
 PSYoungGen      total 36864K, used 36832K [0x00000000d6e00000, 0x00000000db600000, 0x0000000100000000)
  eden space 31744K, 100% used [0x00000000d6e00000,0x00000000d8d00000,0x00000000d8d00000)
  from space 5120K, 99% used [0x00000000d9200000,0x00000000d96f8040,0x00000000d9700000)
  to   space 5120K, 0% used [0x00000000d8d00000,0x00000000d8d00000,0x00000000d9200000)
 ParOldGen       total 84992K, used 4424K [0x0000000084a00000, 0x0000000089d00000, 0x00000000d6e00000)
  object space 84992K, 5% used [0x0000000084a00000,0x0000000084e523d8,0x0000000089d00000)
 Metaspace       used 12507K, capacity 12598K, committed 12928K, reserved 1060864K
  class space    used 1597K, capacity 1657K, committed 1664K, reserved 1048576K
Event: 10.128 GC heap after
Heap after GC invocations=3 (full 0):
 PSYoungGen      total 36864K, used 5088K [0x00000000d6e00000, 0x00000000db600000, 0x0000000100000000)
  eden space 31744K, 0% used [0x00000000d6e00000,0x00000000d6e00000,0x00000000d8d00000)
  from space 5120K, 99% used [0x00000000d8d00000,0x00000000d91f8020,0x00000000d9200000)
  to   space 5120K, 0% used [0x00000000db100000,0x00000000db100000,0x00000000db600000)
 ParOldGen       total 84992K, used 7701K [0x0000000084a00000, 0x0000000089d00000, 0x00000000d6e00000)
  object space 84992K, 9% used [0x0000000084a00000,0x0000000085185718,0x0000000089d00000)
 Metaspace       used 12507K, capacity 12598K, committed 12928K, reserved 1060864K
  class space    used 1597K, capacity 1657K, committed 1664K, reserved 1048576K
}
Event: 10.792 GC heap before
{Heap before GC invocations=4 (full 0):
 PSYoungGen      total 36864K, used 36832K [0x00000000d6e00000, 0x00000000db600000, 0x0000000100000000)
  eden space 31744K, 100% used [0x00000000d6e00000,0x00000000d8d00000,0x00000000d8d00000)
  from space 5120K, 99% used [0x00000000d8d00000,0x00000000d91f8020,0x00000000d9200000)
  to   space 5120K, 0% used [0x00000000db100000,0x00000000db100000,0x00000000db600000)
 ParOldGen       total 84992K, used 7701K [0x0000000084a00000, 0x0000000089d00000, 0x00000000d6e00000)
  object space 84992K, 9% used [0x0000000084a00000,0x0000000085185718,0x0000000089d00000)
 Metaspace       used 15183K, capacity 15362K, committed 15616K, reserved 1062912K
  class space    used 1998K, capacity 2043K, committed 2048K, reserved 1048576K
Event: 10.815 GC heap after
Heap after GC invocations=4 (full 0):
 PSYoungGen      total 68608K, used 5104K [0x00000000d6e00000, 0x00000000db600000, 0x0000000100000000)
  eden space 63488K, 0% used [0x00000000d6e00000,0x00000000d6e00000,0x00000000dac00000)
  from space 5120K, 99% used [0x00000000db100000,0x00000000db5fc050,0x00000000db600000)
  to   space 5120K, 0% used [0x00000000dac00000,0x00000000dac00000,0x00000000db100000)
 ParOldGen       total 84992K, used 10870K [0x0000000084a00000, 0x0000000089d00000, 0x00000000d6e00000)
  object space 84992K, 12% used [0x0000000084a00000,0x000000008549d958,0x0000000089d00000)
 Metaspace       used 15183K, capacity 15362K, committed 15616K, reserved 1062912K
  class space    used 1998K, capacity 2043K, committed 2048K, reserved 1048576K
}

Deoptimization events (10 events):
Event: 11.547 Thread 0x00007f4d3c00d800 Uncommon trap: reason=unstable_if action=reinterpret pc=0x00007f4d2d3b6b4c method=java.util.HashMap.hash(Ljava/lang/Object;)I @ 1
Event: 11.552 Thread 0x00007f4d3c00d800 Uncommon trap: reason=unstable_if action=reinterpret pc=0x00007f4d2d19fde8 method=java.util.HashMap.hash(Ljava/lang/Object;)I @ 1
Event: 11.575 Thread 0x00007f4d3c00d800 Uncommon trap: reason=array_check action=maybe_recompile pc=0x00007f4d2d5ee7bc method=org.eclipse.emf.common.util.BasicEList.assign(ILjava/lang/Object;)Ljava/lang/Object; @ 6
Event: 11.575 Thread 0x00007f4d3c00d800 Uncommon trap: reason=array_check action=maybe_recompile pc=0x00007f4d2d5ee7bc method=org.eclipse.emf.common.util.BasicEList.assign(ILjava/lang/Object;)Ljava/lang/Object; @ 6
Event: 11.575 Thread 0x00007f4d3c00d800 Uncommon trap: reason=array_check action=maybe_recompile pc=0x00007f4d2d5ee7bc method=org.eclipse.emf.common.util.BasicEList.assign(ILjava/lang/Object;)Ljava/lang/Object; @ 6
Event: 11.575 Thread 0x00007f4d3c00d800 Uncommon trap: reason=array_check action=maybe_recompile pc=0x00007f4d2d5ee7bc method=org.eclipse.emf.common.util.BasicEList.assign(ILjava/lang/Object;)Ljava/lang/Object; @ 6
Event: 11.610 Thread 0x00007f4d3c00d800 Uncommon trap: reason=bimorphic action=maybe_recompile pc=0x00007f4d2d5414c8 method=org.eclipse.emf.ecore.util.EContentsEList$FeatureIteratorImpl.hasNext()Z @ 279
Event: 11.611 Thread 0x00007f4d3c00d800 Uncommon trap: reason=bimorphic action=maybe_recompile pc=0x00007f4d2d5414c8 method=org.eclipse.emf.ecore.util.EContentsEList$FeatureIteratorImpl.hasNext()Z @ 279
Event: 11.651 Thread 0x00007f4d3c00d800 Uncommon trap: reason=unstable_if action=reinterpret pc=0x00007f4d2d64e810 method=org.eclipse.emf.ecore.impl.BasicEObjectImpl.eBasicSetContainer(Lorg/eclipse/emf/ecore/InternalEObject;ILorg/eclipse/emf/common/notify/NotificationChain;)Lorg/eclipse/emf/com
Event: 4064.905 Thread 0x00007f4d3c00d800 Uncommon trap: reason=null_check action=make_not_entrant pc=0x00007f4d2d6e7b2c method=java.lang.StringCoding.deref(Ljava/lang/ThreadLocal;)Ljava/lang/Object; @ 4

Internal exceptions (10 events):
Event: 4064.867 Thread 0x00007f4d3c00d800 Exception <a 'java/io/IOException'> (0x00000000d9017a68) thrown at [/build/openjdk-8-YiEakL/openjdk-8-8u121-b13/src/hotspot/src/share/vm/prims/jni.cpp, line 709]
Event: 4064.867 Thread 0x00007f4d3c00d800 Exception <a 'java/io/IOException'> (0x00000000d9017d00) thrown at [/build/openjdk-8-YiEakL/openjdk-8-8u121-b13/src/hotspot/src/share/vm/prims/jni.cpp, line 709]
Event: 4064.867 Thread 0x00007f4d3c00d800 Exception <a 'java/io/IOException'> (0x00000000d9017f68) thrown at [/build/openjdk-8-YiEakL/openjdk-8-8u121-b13/src/hotspot/src/share/vm/prims/jni.cpp, line 709]
Event: 4064.867 Thread 0x00007f4d3c00d800 Exception <a 'java/io/IOException'> (0x00000000d9018758) thrown at [/build/openjdk-8-YiEakL/openjdk-8-8u121-b13/src/hotspot/src/share/vm/prims/jni.cpp, line 709]
Event: 4064.867 Thread 0x00007f4d3c00d800 Exception <a 'java/io/IOException'> (0x00000000d90189f0) thrown at [/build/openjdk-8-YiEakL/openjdk-8-8u121-b13/src/hotspot/src/share/vm/prims/jni.cpp, line 709]
Event: 4064.867 Thread 0x00007f4d3c00d800 Exception <a 'java/io/IOException'> (0x00000000d9018c58) thrown at [/build/openjdk-8-YiEakL/openjdk-8-8u121-b13/src/hotspot/src/share/vm/prims/jni.cpp, line 709]
Event: 4064.867 Thread 0x00007f4d3c00d800 Exception <a 'java/io/IOException'> (0x00000000d9019210) thrown at [/build/openjdk-8-YiEakL/openjdk-8-8u121-b13/src/hotspot/src/share/vm/prims/jni.cpp, line 709]
Event: 4064.867 Thread 0x00007f4d3c00d800 Exception <a 'java/io/IOException'> (0x00000000d90194a8) thrown at [/build/openjdk-8-YiEakL/openjdk-8-8u121-b13/src/hotspot/src/share/vm/prims/jni.cpp, line 709]
Event: 4064.867 Thread 0x00007f4d3c00d800 Exception <a 'java/io/IOException'> (0x00000000d9019710) thrown at [/build/openjdk-8-YiEakL/openjdk-8-8u121-b13/src/hotspot/src/share/vm/prims/jni.cpp, line 709]
Event: 4064.905 Thread 0x00007f4d3c00d800 Implicit null exception at 0x00007f4d2d6e750d to 0x00007f4d2d6e7b15

Events (10 events):
Event: 4064.884 Executing VM operation: RevokeBias
Event: 4064.884 Executing VM operation: RevokeBias done
Event: 4064.884 Executing VM operation: RevokeBias
Event: 4064.884 Executing VM operation: RevokeBias done
Event: 4064.884 Thread 0x00007f4d3ca94000 Thread exited: 0x00007f4d3ca94000
Event: 4064.905 Thread 0x00007f4d3c00d800 Uncommon trap: trap_request=0xfffffff4 fr.pc=0x00007f4d2d6e7b2c
Event: 4064.905 Thread 0x00007f4d3c00d800 DEOPT PACKING pc=0x00007f4d2d6e7b2c sp=0x00007f4d437401c0
Event: 4064.905 Thread 0x00007f4d3c00d800 DEOPT UNPACKING pc=0x00007f4d2d004f69 sp=0x00007f4d437400c0 mode 2
Event: 4066.234 Thread 0x00007f4d3c00d800 Thread exited: 0x00007f4d3c00d800
Event: 4066.234 Thread 0x00007f4d3c0ae800 Thread exited: 0x00007f4d3c0ae800


Dynamic libraries:
00400000-00401000 r-xp 00000000 08:09 7087821                            /usr/lib/jvm/java-8-openjdk-amd64/jre/bin/java
00600000-00601000 r--p 00000000 08:09 7087821                            /usr/lib/jvm/java-8-openjdk-amd64/jre/bin/java
00601000-00602000 rw-p 00001000 08:09 7087821                            /usr/lib/jvm/java-8-openjdk-amd64/jre/bin/java
00d2a000-00d4b000 rw-p 00000000 00:00 0                                  [heap]
84a00000-89d00000 rw-p 00000000 00:00 0 
89d00000-d6e00000 ---p 00000000 00:00 0 
d6e00000-db600000 rw-p 00000000 00:00 0 
db600000-100000000 ---p 00000000 00:00 0 
100000000-100280000 rw-p 00000000 00:00 0 
100280000-140000000 ---p 00000000 00:00 0 
7f4ce0000000-7f4ce0021000 rw-p 00000000 00:00 0 
7f4ce0021000-7f4ce4000000 ---p 00000000 00:00 0 
7f4ce8000000-7f4ce8021000 rw-p 00000000 00:00 0 
7f4ce8021000-7f4cec000000 ---p 00000000 00:00 0 
7f4cec000000-7f4cec021000 rw-p 00000000 00:00 0 
7f4cec021000-7f4cf0000000 ---p 00000000 00:00 0 
7f4cf0000000-7f4cf0021000 rw-p 00000000 00:00 0 
7f4cf0021000-7f4cf4000000 ---p 00000000 00:00 0 
7f4cf4000000-7f4cf4021000 rw-p 00000000 00:00 0 
7f4cf4021000-7f4cf8000000 ---p 00000000 00:00 0 
7f4cf8000000-7f4cf8d6e000 rw-p 00000000 00:00 0 
7f4cf8d6e000-7f4cfc000000 ---p 00000000 00:00 0 
7f4cfc000000-7f4cfc7fc000 rw-p 00000000 00:00 0 
7f4cfc7fc000-7f4d00000000 ---p 00000000 00:00 0 
7f4d00000000-7f4d00021000 rw-p 00000000 00:00 0 
7f4d00021000-7f4d04000000 ---p 00000000 00:00 0 
7f4d04000000-7f4d044b0000 rw-p 00000000 00:00 0 
7f4d044b0000-7f4d08000000 ---p 00000000 00:00 0 
7f4d08000000-7f4d08021000 rw-p 00000000 00:00 0 
7f4d08021000-7f4d0c000000 ---p 00000000 00:00 0 
7f4d0c000000-7f4d0c021000 rw-p 00000000 00:00 0 
7f4d0c021000-7f4d10000000 ---p 00000000 00:00 0 
7f4d10000000-7f4d10021000 rw-p 00000000 00:00 0 
7f4d10021000-7f4d14000000 ---p 00000000 00:00 0 
7f4d14000000-7f4d14021000 rw-p 00000000 00:00 0 
7f4d14021000-7f4d18000000 ---p 00000000 00:00 0 
7f4d18000000-7f4d18021000 rw-p 00000000 00:00 0 
7f4d18021000-7f4d1c000000 ---p 00000000 00:00 0 
7f4d1c000000-7f4d1c021000 rw-p 00000000 00:00 0 
7f4d1c021000-7f4d20000000 ---p 00000000 00:00 0 
7f4d20000000-7f4d20021000 rw-p 00000000 00:00 0 
7f4d20021000-7f4d24000000 ---p 00000000 00:00 0 
7f4d24188000-7f4d24208000 rw-p 00000000 00:00 0 
7f4d24208000-7f4d24388000 ---p 00000000 00:00 0 
7f4d24388000-7f4d243fd000 r-xp 00000000 08:09 27656415                   /home/hrishi/workspace/Console/.jnimap.temp.linux_64/libgmp.so.10 (deleted)
7f4d243fd000-7f4d245fc000 ---p 00075000 08:09 27656415                   /home/hrishi/workspace/Console/.jnimap.temp.linux_64/libgmp.so.10 (deleted)
7f4d245fc000-7f4d245fe000 rw-p 00074000 08:09 27656415                   /home/hrishi/workspace/Console/.jnimap.temp.linux_64/libgmp.so.10 (deleted)
7f4d245fe000-7f4d24766000 r-xp 00000000 08:09 27656413                   /home/hrishi/workspace/Console/.jnimap.temp.linux_64/libisl.so.13 (deleted)
7f4d24766000-7f4d24965000 ---p 00168000 08:09 27656413                   /home/hrishi/workspace/Console/.jnimap.temp.linux_64/libisl.so.13 (deleted)
7f4d24965000-7f4d2496c000 rw-p 00167000 08:09 27656413                   /home/hrishi/workspace/Console/.jnimap.temp.linux_64/libisl.so.13 (deleted)
7f4d2496c000-7f4d249f1000 r-xp 00000000 08:09 27656416                   /home/hrishi/workspace/Console/.jnimap.temp.linux_64/linux_64_libjniisl.so (deleted)
7f4d249f1000-7f4d24bf0000 ---p 00085000 08:09 27656416                   /home/hrishi/workspace/Console/.jnimap.temp.linux_64/linux_64_libjniisl.so (deleted)
7f4d24bf0000-7f4d24bf3000 rw-p 00084000 08:09 27656416                   /home/hrishi/workspace/Console/.jnimap.temp.linux_64/linux_64_libjniisl.so (deleted)
7f4d24c66000-7f4d24c69000 ---p 00000000 00:00 0 
7f4d24c69000-7f4d24f67000 rw-p 00000000 00:00 0 
7f4d24f67000-7f4d25167000 rw-p 00000000 00:00 0 
7f4d25167000-7f4d25367000 rw-p 00000000 00:00 0 
7f4d25367000-7f4d2536a000 ---p 00000000 00:00 0 
7f4d2536a000-7f4d25668000 rw-p 00000000 00:00 0 
7f4d25668000-7f4d2566b000 ---p 00000000 00:00 0 
7f4d2566b000-7f4d25769000 rw-p 00000000 00:00 0 
7f4d25769000-7f4d2576c000 r--s 00015000 08:09 7085469                    /usr/lib/jvm/java-8-openjdk-amd64/jre/lib/jce.jar
7f4d2576c000-7f4d25770000 r--s 0009a000 08:09 7085467                    /usr/lib/jvm/java-8-openjdk-amd64/jre/lib/jsse.jar
7f4d25770000-7f4d25773000 r--s 00014000 08:09 26516293                   /home/hrishi/.eclipse/org.eclipse.platform_4.6.0_1473617060_linux_gtk_x86_64/plugins/fr.irisa.r2d2.parser.runtime_1.0.0.201612051604.jar
7f4d25773000-7f4d2577b000 r--s 0003c000 08:09 26516292                   /home/hrishi/.eclipse/org.eclipse.platform_4.6.0_1473617060_linux_gtk_x86_64/plugins/fr.irisa.r2d2.gecos.framework_1.0.0.201612051604.jar
7f4d2577b000-7f4d25785000 r--s 0006c000 08:09 26516357                   /home/hrishi/.eclipse/org.eclipse.platform_4.6.0_1473617060_linux_gtk_x86_64/plugins/org.eclipse.xtext.common.types_2.10.0.v201605250459.jar
7f4d25785000-7f4d257b5000 r--s 0044d000 08:09 26516369                   /home/hrishi/.eclipse/org.eclipse.platform_4.6.0_1473617060_linux_gtk_x86_64/plugins/org.eclipse.xtext.xbase_2.10.0.v201605250459.jar
7f4d257b5000-7f4d257b8000 r--s 0000f000 08:09 26516352                   /home/hrishi/.eclipse/org.eclipse.platform_4.6.0_1473617060_linux_gtk_x86_64/plugins/org.eclipse.xtend.lib.macro_2.10.0.v201605250459.jar
7f4d257b8000-7f4d257bc000 r--s 00035000 08:09 26516351                   /home/hrishi/.eclipse/org.eclipse.platform_4.6.0_1473617060_linux_gtk_x86_64/plugins/org.eclipse.xtend.lib_2.10.0.v201605250459.jar
7f4d257bc000-7f4d257bd000 r--s 00001000 08:09 26516354                   /home/hrishi/.eclipse/org.eclipse.platform_4.6.0_1473617060_linux_gtk_x86_64/plugins/org.eclipse.xtend2.lib_2.10.0.v201605250459.jar
7f4d257bd000-7f4d257c3000 r--s 0003f000 08:09 26516368                   /home/hrishi/.eclipse/org.eclipse.platform_4.6.0_1473617060_linux_gtk_x86_64/plugins/org.eclipse.xtext.util_2.10.0.v201605250459.jar
7f4d257c3000-7f4d257f4000 r--s 0024b000 08:09 26516355                   /home/hrishi/.eclipse/org.eclipse.platform_4.6.0_1473617060_linux_gtk_x86_64/plugins/org.eclipse.xtext_2.10.0.v201605250459.jar
7f4d257f4000-7f4d257fc000 r--s 00061000 08:09 26516277                   /home/hrishi/.eclipse/org.eclipse.platform_4.6.0_1473617060_linux_gtk_x86_64/plugins/edu.csu.melange.alphabets_0.9.6.201612051604.jar
7f4d257fc000-7f4d257fd000 r--s 00008000 08:09 26516336                   /home/hrishi/.eclipse/org.eclipse.platform_4.6.0_1473617060_linux_gtk_x86_64/plugins/org.polymodel.scop.cgenerator2_1.0.0.201612051604.jar
7f4d257fd000-7f4d25800000 r--s 00024000 08:09 26516337                   /home/hrishi/.eclipse/org.eclipse.platform_4.6.0_1473617060_linux_gtk_x86_64/plugins/org.polymodel.scop.dtiler_1.0.0.201612051604.jar
7f4d25800000-7f4d25801000 r--s 00001000 08:09 26516335                   /home/hrishi/.eclipse/org.eclipse.platform_4.6.0_1473617060_linux_gtk_x86_64/plugins/org.polymodel.scop.bridge.clast_1.0.0.201612051604.jar
7f4d25801000-7f4d25806000 r--s 0002a000 08:09 26516334                   /home/hrishi/.eclipse/org.eclipse.platform_4.6.0_1473617060_linux_gtk_x86_64/plugins/org.polymodel.scop_1.0.0.201612051604.jar
7f4d25806000-7f4d25819000 r--s 0012e000 08:09 26516300                   /home/hrishi/.eclipse/org.eclipse.platform_4.6.0_1473617060_linux_gtk_x86_64/plugins/org.polymodel.polyhedralIR.codegen_1.0.0.201612051604.jar
7f4d25819000-7f4d2581c000 r--s 008e1000 08:09 26516287                   /home/hrishi/.eclipse/org.eclipse.platform_4.6.0_1473617060_linux_gtk_x86_64/plugins/fr.irisa.cairn.jnimap.cloog_1.0.0.201612051604.jar
7f4d2581c000-7f4d25820000 r--s 00031000 08:09 26516341                   /home/hrishi/.eclipse/org.eclipse.platform_4.6.0_1473617060_linux_gtk_x86_64/plugins/org.antlr.runtime_3.2.0.v201101311130.jar
7f4d25820000-7f4d25821000 r--s 00011000 08:09 10748494                   /opt/eclipse/plugins/org.apache.commons.logging_1.1.1.v201101211721.jar
7f4d25821000-7f4d25829000 r--s 0005e000 08:09 10748531                   /opt/eclipse/plugins/org.apache.log4j_1.2.15.v201012070815.jar
7f4d25829000-7f4d2582b000 r--s 00008000 08:09 26516346                   /home/hrishi/.eclipse/org.eclipse.platform_4.6.0_1473617060_linux_gtk_x86_64/plugins/org.eclipse.emf.mwe.utils_1.3.20.v201605261103.jar
7f4d2582b000-7f4d2582c000 r--s 00003000 08:09 26516348                   /home/hrishi/.eclipse/org.eclipse.platform_4.6.0_1473617060_linux_gtk_x86_64/plugins/org.eclipse.emf.mwe2.runtime_2.9.0.v201605261103.jar
7f4d2582c000-7f4d2582d000 r--s 0000b000 08:09 26516339                   /home/hrishi/.eclipse/org.eclipse.platform_4.6.0_1473617060_linux_gtk_x86_64/plugins/org.apache.commons.cli_1.2.0.v201404270220.jar
7f4d2582d000-7f4d25833000 r--s 0002a000 08:09 26516345                   /home/hrishi/.eclipse/org.eclipse.platform_4.6.0_1473617060_linux_gtk_x86_64/plugins/org.eclipse.emf.mwe.core_1.3.20.v201605261103.jar
7f4d25833000-7f4d25835000 r--s 00009000 08:09 26516279                   /home/hrishi/.eclipse/org.eclipse.platform_4.6.0_1473617060_linux_gtk_x86_64/plugins/edu.csu.melange.affineLattice_1.0.0.jar
7f4d25835000-7f4d25837000 r--s 00000000 08:09 26516338                   /home/hrishi/.eclipse/org.eclipse.platform_4.6.0_1473617060_linux_gtk_x86_64/plugins/tom.mapping_1.0.0.201612051604.jar
7f4d25837000-7f4d2583e000 r--s 0004d000 08:09 26516333                   /home/hrishi/.eclipse/org.eclipse.platform_4.6.0_1473617060_linux_gtk_x86_64/plugins/org.polymodel.prdg.scheduling_1.0.0.201612051604.jar
7f4d2583e000-7f4d25841000 r--s 0001f000 08:09 26516370                   /home/hrishi/.eclipse/org.eclipse.platform_4.6.0_1473617060_linux_gtk_x86_64/plugins/org.eclipse.xtext.xbase.lib_2.10.0.v201605250459.jar
7f4d25841000-7f4d25843000 r--s 00004000 08:09 26516299                   /home/hrishi/.eclipse/org.eclipse.platform_4.6.0_1473617060_linux_gtk_x86_64/plugins/org.polymodel.matrix_1.0.0.201612051604.jar
7f4d25843000-7f4d25845000 r--s 00005000 08:09 26516332                   /home/hrishi/.eclipse/org.eclipse.platform_4.6.0_1473617060_linux_gtk_x86_64/plugins/org.polymodel.prdg.adapter_1.0.0.201612051604.jar
7f4d25845000-7f4d25847000 r--s 00009000 08:09 26516301                   /home/hrishi/.eclipse/org.eclipse.platform_4.6.0_1473617060_linux_gtk_x86_64/plugins/org.polymodel.prdg_1.0.0.201612051604.jar
7f4d25847000-7f4d25849000 r--s 00013000 08:09 26516297                   /home/hrishi/.eclipse/org.eclipse.platform_4.6.0_1473617060_linux_gtk_x86_64/plugins/org.polymodel.isl_1.0.0.201612051604.jar
7f4d25849000-7f4d25853000 r--s 000a4000 08:09 26516295                   /home/hrishi/.eclipse/org.eclipse.platform_4.6.0_1473617060_linux_gtk_x86_64/plugins/org.polymodel.algebra_1.0.0.201612051604.jar
7f4d25853000-7f4d25856000 r--s 0002b000 08:09 26516294                   /home/hrishi/.eclipse/org.eclipse.platform_4.6.0_1473617060_linux_gtk_x86_64/plugins/org.polymodel_1.0.0.201612051604.jar
7f4d25856000-7f4d25880000 r--s 001ff000 08:09 10749007                   /opt/eclipse/plugins/com.google.guava_15.0.0.v201403281430.jar
7f4d25880000-7f4d25881000 r--s 0000f000 08:09 28708338                   /home/hrishi/.eclipse/org.eclipse.platform_4.6.0_1473617060_linux_gtk_x86_64/plugins/fr.irisa.cairn.tools_1.0.0.201612051604/lib/javatuples-1.2.jar
7f4d25881000-7f4d25882000 r--s 0000b000 08:09 28708337                   /home/hrishi/.eclipse/org.eclipse.platform_4.6.0_1473617060_linux_gtk_x86_64/plugins/fr.irisa.cairn.tools_1.0.0.201612051604/lib/javatuples-1.2-sources.jar
7f4d25882000-7f4d25885000 r--s 00037000 08:09 28708336                   /home/hrishi/.eclipse/org.eclipse.platform_4.6.0_1473617060_linux_gtk_x86_64/plugins/fr.irisa.cairn.tools_1.0.0.201612051604/lib/javatuples-1.2-javadoc.jar
7f4d25885000-7f4d25886000 r--s 00000000 08:09 26516289                   /home/hrishi/.eclipse/org.eclipse.platform_4.6.0_1473617060_linux_gtk_x86_64/plugins/fr.irisa.cairn.jnimap.runtime_1.0.0.201612051604.jar
7f4d25886000-7f4d2588b000 r--s 00b6c000 08:09 26516288                   /home/hrishi/.eclipse/org.eclipse.platform_4.6.0_1473617060_linux_gtk_x86_64/plugins/fr.irisa.cairn.jnimap.isl_2.1.0.201612051604.jar
7f4d2588b000-7f4d2588d000 r--s 00007000 08:09 26516286                   /home/hrishi/.eclipse/org.eclipse.platform_4.6.0_1473617060_linux_gtk_x86_64/plugins/fr.irisa.cairn.graph.guice_1.0.0.201612051604.jar
7f4d2588d000-7f4d2588f000 r--s 00009000 08:09 10748202                   /opt/eclipse/plugins/com.google.inject.multibindings_3.0.0.v201605172100.jar
7f4d2588f000-7f4d2589a000 r--s 00077000 08:09 10748760                   /opt/eclipse/plugins/com.google.inject_3.0.0.v201605172100.jar
7f4d2589a000-7f4d258b2000 r--s 0015b000 08:09 28061747                   /home/hrishi/.eclipse/org.eclipse.platform_4.6.0_1473617060_linux_gtk_x86_64/plugins/fr.irisa.cairn.graph_1.0.0.201612051604/lib/jgrapht-ext-0.9.1-uber.jar
7f4d258b2000-7f4d258e2000 rw-p 00000000 00:00 0 
7f4d258e2000-7f4d25a12000 r--s 010bc000 08:09 28708362                   /home/hrishi/.eclipse/org.eclipse.platform_4.6.0_1473617060_linux_gtk_x86_64/plugins/fr.irisa.cairn.eclipse.tom_2.10.0.201612051604/libs/aircube-bundle.jar
7f4d25a12000-7f4d25a16000 r--s 00035000 08:09 10748985                   /opt/eclipse/plugins/org.eclipse.emf.ecore.xmi_2.12.0.v20160420-0247.jar
7f4d25a16000-7f4d25a1d000 r--s 00051000 08:09 10748503                   /opt/eclipse/plugins/org.eclipse.emf.common_2.12.0.v20160420-0247.jar
7f4d25a1d000-7f4d25a2f000 r--s 00111000 08:09 10748217                   /opt/eclipse/plugins/org.eclipse.emf.ecore_2.12.0.v20160420-0247.jar
7f4d25a2f000-7f4d25a34000 r--s 00030000 08:09 10748396                   /opt/eclipse/plugins/org.eclipse.ui.console_3.6.200.v20160518-1858.jar
7f4d25a34000-7f4d25a35000 r--s 00002000 08:09 10748530                   /opt/eclipse/plugins/org.eclipse.e4.ui.workbench3_0.13.100.v20160506-0759.jar
7f4d25a35000-7f4d25a77000 r--s 00398000 08:09 10748311                   /opt/eclipse/plugins/org.eclipse.ui.workbench_3.108.0.v20160602-1232.jar
7f4d25a77000-7f4d25a7b000 r--s 00019000 08:09 10748602                   /opt/eclipse/plugins/org.eclipse.core.commands_3.8.0.v20160316-1921.jar
7f4d25a7b000-7f4d25a8d000 r--s 000f8000 08:09 10748780                   /opt/eclipse/plugins/org.eclipse.jface_3.12.0.v20160518-1929.jar
7f4d25a8d000-7f4d25aa2000 r--s 0028f000 08:09 10748863                   /opt/eclipse/plugins/org.eclipse.swt.gtk.linux.x86_64_3.105.0.v20160603-0902.jar
7f4d25aa2000-7f4d25aab000 r--s 00058000 08:09 10748604                   /opt/eclipse/plugins/org.eclipse.ui_3.108.0.v20160518-1929.jar
7f4d25aab000-7f4d25aad000 r--s 00014000 08:09 10748222                   /opt/eclipse/plugins/org.eclipse.equinox.app_1.3.400.v20150715-1528.jar
7f4d25aad000-7f4d25aaf000 r--s 00017000 08:09 10748774                   /opt/eclipse/plugins/org.eclipse.core.contenttype_3.5.100.v20160418-1621.jar
7f4d25aaf000-7f4d25ab2000 r--s 0001e000 08:09 10748508                   /opt/eclipse/plugins/org.eclipse.equinox.preferences_3.6.0.v20160120-1756.jar
7f4d25ab2000-7f4d25ab6000 r--s 0002a000 08:09 10749014                   /opt/eclipse/plugins/org.eclipse.equinox.registry_3.6.100.v20160223-2218.jar
7f4d25ab6000-7f4d25ab9000 r--s 00019000 08:09 10748931                   /opt/eclipse/plugins/org.eclipse.core.jobs_3.8.0.v20160509-0411.jar
7f4d25ab9000-7f4d25abc000 r--s 0001b000 08:09 10748983                   /opt/eclipse/plugins/org.eclipse.equinox.common_3.8.0.v20160509-1230.jar
7f4d25abc000-7f4d25abf000 r--s 00039000 08:09 10748174                   /opt/eclipse/plugins/org.eclipse.osgi.compatibility.state_1.0.200.v20160504-1419.jar
7f4d25abf000-7f4d25ad4000 r--s 0013d000 08:09 10748755                   /opt/eclipse/plugins/org.eclipse.osgi_3.11.0.v20160603-1336.jar
7f4d25ad4000-7f4d25ad6000 r--s 00003000 08:09 10748526                   /opt/eclipse/plugins/javax.inject_1.0.0.v20091030.jar
7f4d25ad6000-7f4d25ad8000 r--s 00011000 08:09 10748883                   /opt/eclipse/plugins/org.eclipse.core.runtime_3.12.0.v20160606-1342.jar
7f4d25ad8000-7f4d25adc000 r--s 00037000 08:09 7085460                    /usr/lib/jvm/java-8-openjdk-amd64/jre/lib/ext/sunpkcs11.jar
7f4d25adc000-7f4d25ae6000 r--s 00116000 08:09 7085461                    /usr/lib/jvm/java-8-openjdk-amd64/jre/lib/ext/localedata.jar
7f4d25ae6000-7f4d25b01000 r--s 001d6000 08:09 7085455                    /usr/lib/jvm/java-8-openjdk-amd64/jre/lib/ext/nashorn.jar
7f4d25b01000-7f4d25b02000 ---p 00000000 00:00 0 
7f4d25b02000-7f4d25c02000 rw-p 00000000 00:00 0 
7f4d25c02000-7f4d25c05000 ---p 00000000 00:00 0 
7f4d25c05000-7f4d25d03000 rw-p 00000000 00:00 0 
7f4d25d03000-7f4d25d06000 ---p 00000000 00:00 0 
7f4d25d06000-7f4d25e04000 rw-p 00000000 00:00 0 
7f4d25e04000-7f4d25e07000 ---p 00000000 00:00 0 
7f4d25e07000-7f4d25f05000 rw-p 00000000 00:00 0 
7f4d25f05000-7f4d25f08000 ---p 00000000 00:00 0 
7f4d25f08000-7f4d26006000 rw-p 00000000 00:00 0 
7f4d26006000-7f4d26009000 ---p 00000000 00:00 0 
7f4d26009000-7f4d26107000 rw-p 00000000 00:00 0 
7f4d26107000-7f4d263df000 r--p 00000000 08:09 2887360                    /usr/lib/locale/locale-archive
7f4d263df000-7f4d263e2000 ---p 00000000 00:00 0 
7f4d263e2000-7f4d264e0000 rw-p 00000000 00:00 0 
7f4d264e0000-7f4d264e3000 ---p 00000000 00:00 0 
7f4d264e3000-7f4d265e1000 rw-p 00000000 00:00 0 
7f4d265e1000-7f4d265e2000 ---p 00000000 00:00 0 
7f4d265e2000-7f4d27675000 rw-p 00000000 00:00 0 
7f4d27675000-7f4d27843000 r--s 03c06000 08:09 7087811                    /usr/lib/jvm/java-8-openjdk-amd64/jre/lib/rt.jar
7f4d27843000-7f4d2c1ce000 rw-p 00000000 00:00 0 
7f4d2c1ce000-7f4d2c1cf000 ---p 00000000 00:00 0 
7f4d2c1cf000-7f4d2c2cf000 rw-p 00000000 00:00 0 
7f4d2c2cf000-7f4d2c2d0000 ---p 00000000 00:00 0 
7f4d2c2d0000-7f4d2c3d0000 rw-p 00000000 00:00 0 
7f4d2c3d0000-7f4d2c3d1000 ---p 00000000 00:00 0 
7f4d2c3d1000-7f4d2c4d1000 rw-p 00000000 00:00 0 
7f4d2c4d1000-7f4d2c4d2000 ---p 00000000 00:00 0 
7f4d2c4d2000-7f4d2c5fc000 rw-p 00000000 00:00 0 
7f4d2c5fc000-7f4d2c864000 ---p 00000000 00:00 0 
7f4d2c864000-7f4d2c88e000 rw-p 00000000 00:00 0 
7f4d2c88e000-7f4d2caf6000 ---p 00000000 00:00 0 
7f4d2caf6000-7f4d2cb1a000 rw-p 00000000 00:00 0 
7f4d2cb1a000-7f4d2cc3f000 ---p 00000000 00:00 0 
7f4d2cc3f000-7f4d2cc5d000 rw-p 00000000 00:00 0 
7f4d2cc5d000-7f4d2d000000 ---p 00000000 00:00 0 
7f4d2d000000-7f4d2d710000 rwxp 00000000 00:00 0 
7f4d2d710000-7f4d3c000000 ---p 00000000 00:00 0 
7f4d3c000000-7f4d3cb21000 rw-p 00000000 00:00 0 
7f4d3cb21000-7f4d40000000 ---p 00000000 00:00 0 
7f4d40000000-7f4d40003000 r--s 0000f000 08:09 7085457                    /usr/lib/jvm/java-8-openjdk-amd64/jre/lib/ext/icedtea-sound.jar
7f4d40003000-7f4d40008000 r--s 0003b000 08:09 7085462                    /usr/lib/jvm/java-8-openjdk-amd64/jre/lib/ext/sunjce_provider.jar
7f4d40008000-7f4d400cb000 rw-p 00000000 00:00 0 
7f4d400cb000-7f4d400d3000 r-xp 00000000 08:09 7085419                    /usr/lib/jvm/java-8-openjdk-amd64/jre/lib/amd64/libzip.so
7f4d400d3000-7f4d402d2000 ---p 00008000 08:09 7085419                    /usr/lib/jvm/java-8-openjdk-amd64/jre/lib/amd64/libzip.so
7f4d402d2000-7f4d402d3000 r--p 00007000 08:09 7085419                    /usr/lib/jvm/java-8-openjdk-amd64/jre/lib/amd64/libzip.so
7f4d402d3000-7f4d402d4000 rw-p 00008000 08:09 7085419                    /usr/lib/jvm/java-8-openjdk-amd64/jre/lib/amd64/libzip.so
7f4d402d4000-7f4d402df000 r-xp 00000000 08:09 24382890                   /lib/x86_64-linux-gnu/libnss_files-2.23.so
7f4d402df000-7f4d404de000 ---p 0000b000 08:09 24382890                   /lib/x86_64-linux-gnu/libnss_files-2.23.so
7f4d404de000-7f4d404df000 r--p 0000a000 08:09 24382890                   /lib/x86_64-linux-gnu/libnss_files-2.23.so
7f4d404df000-7f4d404e0000 rw-p 0000b000 08:09 24382890                   /lib/x86_64-linux-gnu/libnss_files-2.23.so
7f4d404e0000-7f4d404e6000 rw-p 00000000 00:00 0 
7f4d404e6000-7f4d404f1000 r-xp 00000000 08:09 24382881                   /lib/x86_64-linux-gnu/libnss_nis-2.23.so
7f4d404f1000-7f4d406f0000 ---p 0000b000 08:09 24382881                   /lib/x86_64-linux-gnu/libnss_nis-2.23.so
7f4d406f0000-7f4d406f1000 r--p 0000a000 08:09 24382881                   /lib/x86_64-linux-gnu/libnss_nis-2.23.so
7f4d406f1000-7f4d406f2000 rw-p 0000b000 08:09 24382881                   /lib/x86_64-linux-gnu/libnss_nis-2.23.so
7f4d406f2000-7f4d40708000 r-xp 00000000 08:09 24382883                   /lib/x86_64-linux-gnu/libnsl-2.23.so
7f4d40708000-7f4d40907000 ---p 00016000 08:09 24382883                   /lib/x86_64-linux-gnu/libnsl-2.23.so
7f4d40907000-7f4d40908000 r--p 00015000 08:09 24382883                   /lib/x86_64-linux-gnu/libnsl-2.23.so
7f4d40908000-7f4d40909000 rw-p 00016000 08:09 24382883                   /lib/x86_64-linux-gnu/libnsl-2.23.so
7f4d40909000-7f4d4090b000 rw-p 00000000 00:00 0 
7f4d4090b000-7f4d40913000 r-xp 00000000 08:09 24382892                   /lib/x86_64-linux-gnu/libnss_compat-2.23.so
7f4d40913000-7f4d40b12000 ---p 00008000 08:09 24382892                   /lib/x86_64-linux-gnu/libnss_compat-2.23.so
7f4d40b12000-7f4d40b13000 r--p 00007000 08:09 24382892                   /lib/x86_64-linux-gnu/libnss_compat-2.23.so
7f4d40b13000-7f4d40b14000 rw-p 00008000 08:09 24382892                   /lib/x86_64-linux-gnu/libnss_compat-2.23.so
7f4d40b14000-7f4d40b41000 r-xp 00000000 08:09 7085444                    /usr/lib/jvm/java-8-openjdk-amd64/jre/lib/amd64/libjava.so
7f4d40b41000-7f4d40d40000 ---p 0002d000 08:09 7085444                    /usr/lib/jvm/java-8-openjdk-amd64/jre/lib/amd64/libjava.so
7f4d40d40000-7f4d40d41000 r--p 0002c000 08:09 7085444                    /usr/lib/jvm/java-8-openjdk-amd64/jre/lib/amd64/libjava.so
7f4d40d41000-7f4d40d43000 rw-p 0002d000 08:09 7085444                    /usr/lib/jvm/java-8-openjdk-amd64/jre/lib/amd64/libjava.so
7f4d40d43000-7f4d40d52000 r-xp 00000000 08:09 7085412                    /usr/lib/jvm/java-8-openjdk-amd64/jre/lib/amd64/libverify.so
7f4d40d52000-7f4d40f51000 ---p 0000f000 08:09 7085412                    /usr/lib/jvm/java-8-openjdk-amd64/jre/lib/amd64/libverify.so
7f4d40f51000-7f4d40f53000 r--p 0000e000 08:09 7085412                    /usr/lib/jvm/java-8-openjdk-amd64/jre/lib/amd64/libverify.so
7f4d40f53000-7f4d40f54000 rw-p 00010000 08:09 7085412                    /usr/lib/jvm/java-8-openjdk-amd64/jre/lib/amd64/libverify.so
7f4d40f54000-7f4d40f5b000 r-xp 00000000 08:09 24382893                   /lib/x86_64-linux-gnu/librt-2.23.so
7f4d40f5b000-7f4d4115a000 ---p 00007000 08:09 24382893                   /lib/x86_64-linux-gnu/librt-2.23.so
7f4d4115a000-7f4d4115b000 r--p 00006000 08:09 24382893                   /lib/x86_64-linux-gnu/librt-2.23.so
7f4d4115b000-7f4d4115c000 rw-p 00007000 08:09 24382893                   /lib/x86_64-linux-gnu/librt-2.23.so
7f4d4115c000-7f4d41172000 r-xp 00000000 08:09 24383888                   /lib/x86_64-linux-gnu/libgcc_s.so.1
7f4d41172000-7f4d41371000 ---p 00016000 08:09 24383888                   /lib/x86_64-linux-gnu/libgcc_s.so.1
7f4d41371000-7f4d41372000 rw-p 00015000 08:09 24383888                   /lib/x86_64-linux-gnu/libgcc_s.so.1
7f4d41372000-7f4d4147a000 r-xp 00000000 08:09 24382882                   /lib/x86_64-linux-gnu/libm-2.23.so
7f4d4147a000-7f4d41679000 ---p 00108000 08:09 24382882                   /lib/x86_64-linux-gnu/libm-2.23.so
7f4d41679000-7f4d4167a000 r--p 00107000 08:09 24382882                   /lib/x86_64-linux-gnu/libm-2.23.so
7f4d4167a000-7f4d4167b000 rw-p 00108000 08:09 24382882                   /lib/x86_64-linux-gnu/libm-2.23.so
7f4d4167b000-7f4d417ed000 r-xp 00000000 08:09 2888511                    /usr/lib/x86_64-linux-gnu/libstdc++.so.6.0.21
7f4d417ed000-7f4d419ed000 ---p 00172000 08:09 2888511                    /usr/lib/x86_64-linux-gnu/libstdc++.so.6.0.21
7f4d419ed000-7f4d419f7000 r--p 00172000 08:09 2888511                    /usr/lib/x86_64-linux-gnu/libstdc++.so.6.0.21
7f4d419f7000-7f4d419f9000 rw-p 0017c000 08:09 2888511                    /usr/lib/x86_64-linux-gnu/libstdc++.so.6.0.21
7f4d419f9000-7f4d419fd000 rw-p 00000000 00:00 0 
7f4d419fd000-7f4d4264d000 r-xp 00000000 08:09 7085439                    /usr/lib/jvm/java-8-openjdk-amd64/jre/lib/amd64/server/libjvm.so
7f4d4264d000-7f4d4284c000 ---p 00c50000 08:09 7085439                    /usr/lib/jvm/java-8-openjdk-amd64/jre/lib/amd64/server/libjvm.so
7f4d4284c000-7f4d428df000 r--p 00c4f000 08:09 7085439                    /usr/lib/jvm/java-8-openjdk-amd64/jre/lib/amd64/server/libjvm.so
7f4d428df000-7f4d42908000 rw-p 00ce2000 08:09 7085439                    /usr/lib/jvm/java-8-openjdk-amd64/jre/lib/amd64/server/libjvm.so
7f4d42908000-7f4d42938000 rw-p 00000000 00:00 0 
7f4d42938000-7f4d42950000 r-xp 00000000 08:09 24382897                   /lib/x86_64-linux-gnu/libpthread-2.23.so
7f4d42950000-7f4d42b4f000 ---p 00018000 08:09 24382897                   /lib/x86_64-linux-gnu/libpthread-2.23.so
7f4d42b4f000-7f4d42b50000 r--p 00017000 08:09 24382897                   /lib/x86_64-linux-gnu/libpthread-2.23.so
7f4d42b50000-7f4d42b51000 rw-p 00018000 08:09 24382897                   /lib/x86_64-linux-gnu/libpthread-2.23.so
7f4d42b51000-7f4d42b55000 rw-p 00000000 00:00 0 
7f4d42b55000-7f4d42b58000 r-xp 00000000 08:09 24382880                   /lib/x86_64-linux-gnu/libdl-2.23.so
7f4d42b58000-7f4d42d57000 ---p 00003000 08:09 24382880                   /lib/x86_64-linux-gnu/libdl-2.23.so
7f4d42d57000-7f4d42d58000 r--p 00002000 08:09 24382880                   /lib/x86_64-linux-gnu/libdl-2.23.so
7f4d42d58000-7f4d42d59000 rw-p 00003000 08:09 24382880                   /lib/x86_64-linux-gnu/libdl-2.23.so
7f4d42d59000-7f4d42d72000 r-xp 00000000 08:09 24384041                   /lib/x86_64-linux-gnu/libz.so.1.2.8
7f4d42d72000-7f4d42f71000 ---p 00019000 08:09 24384041                   /lib/x86_64-linux-gnu/libz.so.1.2.8
7f4d42f71000-7f4d42f72000 r--p 00018000 08:09 24384041                   /lib/x86_64-linux-gnu/libz.so.1.2.8
7f4d42f72000-7f4d42f73000 rw-p 00019000 08:09 24384041                   /lib/x86_64-linux-gnu/libz.so.1.2.8
7f4d42f73000-7f4d43132000 r-xp 00000000 08:09 24382884                   /lib/x86_64-linux-gnu/libc-2.23.so
7f4d43132000-7f4d43332000 ---p 001bf000 08:09 24382884                   /lib/x86_64-linux-gnu/libc-2.23.so
7f4d43332000-7f4d43336000 r--p 001bf000 08:09 24382884                   /lib/x86_64-linux-gnu/libc-2.23.so
7f4d43336000-7f4d43338000 rw-p 001c3000 08:09 24382884                   /lib/x86_64-linux-gnu/libc-2.23.so
7f4d43338000-7f4d4333c000 rw-p 00000000 00:00 0 
7f4d4333c000-7f4d43349000 r-xp 00000000 08:09 7085434                    /usr/lib/jvm/java-8-openjdk-amd64/jre/lib/amd64/jli/libjli.so
7f4d43349000-7f4d43549000 ---p 0000d000 08:09 7085434                    /usr/lib/jvm/java-8-openjdk-amd64/jre/lib/amd64/jli/libjli.so
7f4d43549000-7f4d4354a000 r--p 0000d000 08:09 7085434                    /usr/lib/jvm/java-8-openjdk-amd64/jre/lib/amd64/jli/libjli.so
7f4d4354a000-7f4d4354b000 rw-p 0000e000 08:09 7085434                    /usr/lib/jvm/java-8-openjdk-amd64/jre/lib/amd64/jli/libjli.so
7f4d4354b000-7f4d43571000 r-xp 00000000 08:09 24382885                   /lib/x86_64-linux-gnu/ld-2.23.so
7f4d43571000-7f4d43572000 r--s 00004000 08:09 10748172                   /opt/eclipse/plugins/org.eclipse.swt_3.105.0.v20160603-0902.jar
7f4d43572000-7f4d43574000 r--s 00001000 08:09 7085456                    /usr/lib/jvm/java-8-openjdk-amd64/jre/lib/ext/dnsns.jar
7f4d43574000-7f4d43576000 r--s 00008000 08:09 7085454                    /usr/lib/jvm/java-8-openjdk-amd64/jre/lib/ext/sunec.jar
7f4d43576000-7f4d43641000 rw-p 00000000 00:00 0 
7f4d43641000-7f4d43644000 ---p 00000000 00:00 0 
7f4d43644000-7f4d43747000 rw-p 00000000 00:00 0 
7f4d43747000-7f4d43748000 r--s 00010000 08:09 7085459                    /usr/lib/jvm/java-8-openjdk-amd64/jre/lib/ext/zipfs.jar
7f4d43748000-7f4d43749000 r--s 0000a000 08:09 7085463                    /usr/lib/jvm/java-8-openjdk-amd64/jre/lib/ext/jaccess.jar
7f4d43749000-7f4d43764000 r--s 00394000 08:09 7085458                    /usr/lib/jvm/java-8-openjdk-amd64/jre/lib/ext/cldrdata.jar
7f4d43764000-7f4d4376c000 rw-s 00000000 08:09 18612644                   /tmp/hsperfdata_hrishi/10236 (deleted)
7f4d4376c000-7f4d4376d000 rw-p 00000000 00:00 0 
7f4d4376d000-7f4d4376e000 ---p 00000000 00:00 0 
7f4d4376e000-7f4d43770000 rw-p 00000000 00:00 0 
7f4d43770000-7f4d43771000 r--p 00025000 08:09 24382885                   /lib/x86_64-linux-gnu/ld-2.23.so
7f4d43771000-7f4d43772000 rw-p 00026000 08:09 24382885                   /lib/x86_64-linux-gnu/ld-2.23.so
7f4d43772000-7f4d43773000 rw-p 00000000 00:00 0 
7ffc7c8f0000-7ffc7c913000 rw-p 00000000 00:00 0                          [stack]
7ffc7c921000-7ffc7c923000 r--p 00000000 00:00 0                          [vvar]
7ffc7c923000-7ffc7c925000 r-xp 00000000 00:00 0                          [vdso]
ffffffffff600000-ffffffffff601000 r-xp 00000000 00:00 0                  [vsyscall]

VM Arguments:
jvm_args: -Dfile.encoding=UTF-8 
java_command: RCPConsole
java_class_path (initial): /opt/eclipse/plugins/org.eclipse.core.runtime_3.12.0.v20160606-1342.jar:/opt/eclipse/plugins/javax.inject_1.0.0.v20091030.jar:/opt/eclipse/plugins/org.eclipse.osgi_3.11.0.v20160603-1336.jar:/opt/eclipse/plugins/org.eclipse.osgi.compatibility.state_1.0.200.v20160504-1419.jar:/opt/eclipse/plugins/org.eclipse.equinox.common_3.8.0.v20160509-1230.jar:/opt/eclipse/plugins/org.eclipse.core.jobs_3.8.0.v20160509-0411.jar:/opt/eclipse/plugins/org.eclipse.equinox.registry_3.6.100.v20160223-2218.jar:/opt/eclipse/plugins/org.eclipse.equinox.preferences_3.6.0.v20160120-1756.jar:/opt/eclipse/plugins/org.eclipse.core.contenttype_3.5.100.v20160418-1621.jar:/opt/eclipse/plugins/org.eclipse.equinox.app_1.3.400.v20150715-1528.jar:/opt/eclipse/plugins/org.eclipse.ui_3.108.0.v20160518-1929.jar:/opt/eclipse/plugins/org.eclipse.swt_3.105.0.v20160603-0902.jar:/opt/eclipse/plugins/org.eclipse.swt.gtk.linux.x86_64_3.105.0.v20160603-0902.jar:/opt/eclipse/plugins/org.eclipse.jface_3.12.0.v20160518-1929.jar:/opt/eclipse/plugins/org.eclipse.core.commands_3.8.0.v20160316-1921.jar:/opt/eclipse/plugins/org.eclipse.ui.workbench_3.108.0.v20160602-1232.jar:/opt/eclipse/plugins/org.eclipse.e4.ui.workbench3_0.13.100.v20160506-0759.jar:/opt/eclipse/plugins/org.eclipse.ui.console_3.6.200.v20160518-1858.jar:/opt/eclipse/plugins/org.eclipse.emf.ecore_2.12.0.v20160420-0247.jar:/opt/eclipse/plugins/org.eclipse.emf.common_2.12.0.v20160420-0247.jar:/opt/eclipse/plugins/org.eclipse.emf.ecore.xmi_2.12.0.v20160420-0247.jar:/home/hrishi/.eclipse/org.eclipse.platform_4.6.0_1473617060_linux_gtk_x86_64/plugins/fr.irisa.cairn.eclipse.tom_2.10.0.201612051604/libs/aircube-bundle.jar:/home/hrishi/.eclipse/org.eclipse.platform_4.6.0_1473617060_linux_gtk_x86_64/plugins/fr.irisa.cairn.graph_1.0.0.201612051604:/home/hrishi/.eclipse/org.eclipse.platform_4.6.0_1473617060_linux_gtk_x86_64/plugins/fr.irisa.cairn.graph_1.0.0.201612051604/lib/jgrapht-ext-0.9.1-uber.jar:/opt/eclipse/plugins/com.google.inj
Launcher Type: SUN_STANDARD

Environment Variables:
PATH=/home/hrishi/torch/install/bin:/usr/local/sbin:/usr/local/bin:/usr/sbin:/usr/bin:/sbin:/bin:/usr/games:/usr/local/games:/snap/bin
LD_LIBRARY_PATH=/home/hrishi/torch/install/lib:
SHELL=/bin/bash
DISPLAY=:0
DYLD_LIBRARY_PATH=/home/hrishi/torch/install/lib:

Signal Handlers:
SIGSEGV: [libjvm.so+0xa66fd0], sa_mask[0]=11111111011111111101111111111110, sa_flags=SA_RESTART|SA_SIGINFO
SIGBUS: [libjvm.so+0xa66fd0], sa_mask[0]=11111111011111111101111111111110, sa_flags=SA_RESTART|SA_SIGINFO
SIGFPE: [libjvm.so+0x8b0180], sa_mask[0]=11111111011111111101111111111110, sa_flags=SA_RESTART|SA_SIGINFO
SIGPIPE: [libjvm.so+0x8b0180], sa_mask[0]=11111111011111111101111111111110, sa_flags=SA_RESTART|SA_SIGINFO
SIGXFSZ: [libjvm.so+0x8b0180], sa_mask[0]=11111111011111111101111111111110, sa_flags=SA_RESTART|SA_SIGINFO
SIGILL: [libjvm.so+0x8b0180], sa_mask[0]=11111111011111111101111111111110, sa_flags=SA_RESTART|SA_SIGINFO
SIGUSR1: SIG_DFL, sa_mask[0]=00000000000000000000000000000000, sa_flags=none
SIGUSR2: [libjvm.so+0x8b0030], sa_mask[0]=00100000000000000000000000000000, sa_flags=SA_RESTART|SA_SIGINFO
SIGHUP: [libjvm.so+0x8b0500], sa_mask[0]=11111111011111111101111111111110, sa_flags=SA_RESTART|SA_SIGINFO
SIGINT: [libjvm.so+0x8b0500], sa_mask[0]=11111111011111111101111111111110, sa_flags=SA_RESTART|SA_SIGINFO
SIGTERM: [libjvm.so+0x8b0500], sa_mask[0]=11111111011111111101111111111110, sa_flags=SA_RESTART|SA_SIGINFO
SIGQUIT: [libjvm.so+0x8b0500], sa_mask[0]=11111111011111111101111111111110, sa_flags=SA_RESTART|SA_SIGINFO


---------------  S Y S T E M  ---------------

OS:DISTRIB_ID=Ubuntu
DISTRIB_RELEASE=16.04
DISTRIB_CODENAME=xenial
DISTRIB_DESCRIPTION="Ubuntu 16.04 LTS"

uname:Linux 4.4.0-72-generic #93-Ubuntu SMP Fri Mar 31 14:07:41 UTC 2017 x86_64
libc:glibc 2.23 NPTL 2.23 
rlimit: STACK 8192k, CORE 0k, NPROC 31118, NOFILE 65536, AS infinity
load average:3.61 1.82 0.88

/proc/meminfo:
MemTotal:        8084688 kB
MemFree:         3251504 kB
MemAvailable:    3418904 kB
Buffers:            9360 kB
Cached:           545316 kB
SwapCached:        22388 kB
Active:          3506216 kB
Inactive:         987540 kB
Active(anon):    3358484 kB
Inactive(anon):   800328 kB
Active(file):     147732 kB
Inactive(file):   187212 kB
Unevictable:         728 kB
Mlocked:             728 kB
SwapTotal:      12000252 kB
SwapFree:       10794604 kB
Dirty:               564 kB
Writeback:          1536 kB
AnonPages:       3929688 kB
Mapped:           305024 kB
Shmem:            218608 kB
Slab:             166164 kB
SReclaimable:     105728 kB
SUnreclaim:        60436 kB
KernelStack:       14608 kB
PageTables:        69476 kB
NFS_Unstable:          0 kB
Bounce:                0 kB
WritebackTmp:          0 kB
CommitLimit:    16042596 kB
Committed_AS:   14355124 kB
VmallocTotal:   34359738367 kB
VmallocUsed:           0 kB
VmallocChunk:          0 kB
HardwareCorrupted:     0 kB
AnonHugePages:    972800 kB
CmaTotal:              0 kB
CmaFree:               0 kB
HugePages_Total:       0
HugePages_Free:        0
HugePages_Rsvd:        0
HugePages_Surp:        0
Hugepagesize:       2048 kB
DirectMap4k:      589704 kB
DirectMap2M:     7708672 kB
DirectMap1G:           0 kB


CPU:total 4 (2 cores per cpu, 2 threads per core) family 6 model 61 stepping 4, cmov, cx8, fxsr, mmx, sse, sse2, sse3, ssse3, sse4.1, sse4.2, popcnt, avx, avx2, aes, clmul, erms, 3dnowpref, lzcnt, ht, tsc, tscinvbit, bmi1, bmi2, adx

/proc/cpuinfo:
processor	: 0
vendor_id	: GenuineIntel
cpu family	: 6
model		: 61
model name	: Intel(R) Core(TM) i5-5200U CPU @ 2.20GHz
stepping	: 4
microcode	: 0x12
cpu MHz		: 2204.554
cache size	: 3072 KB
physical id	: 0
siblings	: 4
core id		: 0
cpu cores	: 2
apicid		: 0
initial apicid	: 0
fpu		: yes
fpu_exception	: yes
cpuid level	: 20
wp		: yes
flags		: fpu vme de pse tsc msr pae mce cx8 apic sep mtrr pge mca cmov pat pse36 clflush dts acpi mmx fxsr sse sse2 ss ht tm pbe syscall nx pdpe1gb rdtscp lm constant_tsc arch_perfmon pebs bts rep_good nopl xtopology nonstop_tsc aperfmperf eagerfpu pni pclmulqdq dtes64 monitor ds_cpl vmx est tm2 ssse3 sdbg fma cx16 xtpr pdcm pcid sse4_1 sse4_2 x2apic movbe popcnt tsc_deadline_timer aes xsave avx f16c rdrand lahf_lm abm 3dnowprefetch epb intel_pt tpr_shadow vnmi flexpriority ept vpid fsgsbase tsc_adjust bmi1 avx2 smep bmi2 erms invpcid rdseed adx smap xsaveopt dtherm ida arat pln pts
bugs		:
bogomips	: 4389.32
clflush size	: 64
cache_alignment	: 64
address sizes	: 39 bits physical, 48 bits virtual
power management:

processor	: 1
vendor_id	: GenuineIntel
cpu family	: 6
model		: 61
model name	: Intel(R) Core(TM) i5-5200U CPU @ 2.20GHz
stepping	: 4
microcode	: 0x12
cpu MHz		: 2247.695
cache size	: 3072 KB
physical id	: 0
siblings	: 4
core id		: 1
cpu cores	: 2
apicid		: 2
initial apicid	: 2
fpu		: yes
fpu_exception	: yes
cpuid level	: 20
wp		: yes
flags		: fpu vme de pse tsc msr pae mce cx8 apic sep mtrr pge mca cmov pat pse36 clflush dts acpi mmx fxsr sse sse2 ss ht tm pbe syscall nx pdpe1gb rdtscp lm constant_tsc arch_perfmon pebs bts rep_good nopl xtopology nonstop_tsc aperfmperf eagerfpu pni pclmulqdq dtes64 monitor ds_cpl vmx est tm2 ssse3 sdbg fma cx16 xtpr pdcm pcid sse4_1 sse4_2 x2apic movbe popcnt tsc_deadline_timer aes xsave avx f16c rdrand lahf_lm abm 3dnowprefetch epb intel_pt tpr_shadow vnmi flexpriority ept vpid fsgsbase tsc_adjust bmi1 avx2 smep bmi2 erms invpcid rdseed adx smap xsaveopt dtherm ida arat pln pts
bugs		:
bogomips	: 4389.32
clflush size	: 64
cache_alignment	: 64
address sizes	: 39 bits physical, 48 bits virtual
power management:

processor	: 2
vendor_id	: GenuineIntel
cpu family	: 6
model		: 61
model name	: Intel(R) Core(TM) i5-5200U CPU @ 2.20GHz
stepping	: 4
microcode	: 0x12
cpu MHz		: 2180.835
cache size	: 3072 KB
physical id	: 0
siblings	: 4
core id		: 0
cpu cores	: 2
apicid		: 1
initial apicid	: 1
fpu		: yes
fpu_exception	: yes
cpuid level	: 20
wp		: yes
flags		: fpu vme de pse tsc msr pae mce cx8 apic sep mtrr pge mca cmov pat pse36 clflush dts acpi mmx fxsr sse sse2 ss ht tm pbe syscall nx pdpe1gb rdtscp lm constant_tsc arch_perfmon pebs bts rep_good nopl xtopology nonstop_tsc aperfmperf eagerfpu pni pclmulqdq dtes64 monitor ds_cpl vmx est tm2 ssse3 sdbg fma cx16 xtpr pdcm pcid sse4_1 sse4_2 x2apic movbe popcnt tsc_deadline_timer aes xsave avx f16c rdrand lahf_lm abm 3dnowprefetch epb intel_pt tpr_shadow vnmi flexpriority ept vpid fsgsbase tsc_adjust bmi1 avx2 smep bmi2 erms invpcid rdseed adx smap xsaveopt dtherm ida arat pln pts
bugs		:
bogomips	: 4389.32
clflush size	: 64
cache_alignment	: 64
address sizes	: 39 bits physical, 48 bits virtual
power management:

processor	: 3
vendor_id	: GenuineIntel
cpu family	: 6
model		: 61
model name	: Intel(R) Core(TM) i5-5200U CPU @ 2.20GHz
stepping	: 4
microcode	: 0x12
cpu MHz		: 2007.757
cache size	: 3072 KB
physical id	: 0
siblings	: 4
core id		: 1
cpu cores	: 2
apicid		: 3
initial apicid	: 3
fpu		: yes
fpu_exception	: yes
cpuid level	: 20
wp		: yes
flags		: fpu vme de pse tsc msr pae mce cx8 apic sep mtrr pge mca cmov pat pse36 clflush dts acpi mmx fxsr sse sse2 ss ht tm pbe syscall nx pdpe1gb rdtscp lm constant_tsc arch_perfmon pebs bts rep_good nopl xtopology nonstop_tsc aperfmperf eagerfpu pni pclmulqdq dtes64 monitor ds_cpl vmx est tm2 ssse3 sdbg fma cx16 xtpr pdcm pcid sse4_1 sse4_2 x2apic movbe popcnt tsc_deadline_timer aes xsave avx f16c rdrand lahf_lm abm 3dnowprefetch epb intel_pt tpr_shadow vnmi flexpriority ept vpid fsgsbase tsc_adjust bmi1 avx2 smep bmi2 erms invpcid rdseed adx smap xsaveopt dtherm ida arat pln pts
bugs		:
bogomips	: 4389.32
clflush size	: 64
cache_alignment	: 64
address sizes	: 39 bits physical, 48 bits virtual
power management:



Memory: 4k page, physical 8084688k(3251504k free), swap 12000252k(10794604k free)

vm_info: OpenJDK 64-Bit Server VM (25.121-b13) for linux-amd64 JRE (1.8.0_121-8u121-b13-0ubuntu1.16.04.2-b13), built on Jan 23 2017 15:51:29 by "buildd" with gcc 5.4.0 20160609

time: Sat Apr 15 19:11:02 2017
elapsed time: 4067 seconds (0d 1h 7m 47s)

