#
# A fatal error has been detected by the Java Runtime Environment:
#
#  SIGSEGV (0xb) at pc=0x0000000000046b20, pid=16854, tid=0x00007fd91744f700
#
# JRE version: OpenJDK Runtime Environment (8.0_121-b13) (build 1.8.0_121-8u121-b13-0ubuntu1.16.04.2-b13)
# Java VM: OpenJDK 64-Bit Server VM (25.121-b13 mixed mode linux-amd64 compressed oops)
# Problematic frame:
# C  0x0000000000046b20
#
# Failed to write core dump. Core dumps have been disabled. To enable core dumping, try "ulimit -c unlimited" before starting Java again
#
# If you would like to submit a bug report, please visit:
#   http://bugreport.java.com/bugreport/crash.jsp
#

---------------  T H R E A D  ---------------

Current thread is native thread

siginfo: si_signo: 11 (SIGSEGV), si_code: 1 (SEGV_MAPERR), si_addr: 0x0000000000046b20

Registers:
RAX=0x00007fd8f48f5248, RBX=0x00007fd9108ef520, RCX=0x0000000000000000, RDX=0x0000000000000000
RSP=0x00007ffd19399f38, RBP=0x00007ffd1939a090, RSI=0x0000000000000000, RDI=0x00007fd916c7e140
R8 =0x0000000000000000, R9 =0x00007fd917045808, R10=0x00007fd916c7e0c0, R11=0x00007fd916cb92d0
R12=0x00007fd8f48f51a8, R13=0x0000000000000000, R14=0x00007ffd19399f40, R15=0x0000000000000012
RIP=0x0000000000046b20, EFLAGS=0x0000000000010202, CSGSFS=0x0000000000000033, ERR=0x0000000000000014
  TRAPNO=0x000000000000000e

Top of Stack: (sp=0x00007ffd19399f38)
0x00007ffd19399f38:   00007fd917267c17 00007fd91747e168
0x00007ffd19399f48:   00007fd91747e700 00007fd91747b7a8
0x00007ffd19399f58:   00007fd9100009a0 00007fd91000b570
0x00007ffd19399f68:   00007fd91000cbf0 00007fd91000ba20
0x00007ffd19399f78:   00007fd91000d0a0 00007fd910019ae0
0x00007ffd19399f88:   00007fd910001bd0 00007fd9100014a0
0x00007ffd19399f98:   0000000002215150 0000000002215680
0x00007ffd19399fa8:   00000000022164c0 0000000002215ba0
0x00007ffd19399fb8:   00007fd917451000 00007fd917452b00
0x00007ffd19399fc8:   00007fd917452618 00007fd9108ef520
0x00007ffd19399fd8:   00007fd9108efb80 00007fd9108f00e0
0x00007ffd19399fe8:   00007fd917452000 00007fd91747d9d8
0x00007ffd19399ff8:   00007fd917267964 00007ffd19399f40
0x00007ffd1939a008:   0000000000000006 00007ffd19399f70
0x00007ffd1939a018:   0000000000000001 0000000000000006
0x00007ffd1939a028:   00007ffd1939a000 0000001717043c40
0x00007ffd1939a038:   00007ffd19399f40 0000001700000000
0x00007ffd1939a048:   00007fd91747d048 00007ffd19399f10
0x00007ffd1939a058:   0000000000000000 0000000000000001
0x00007ffd1939a068:   0000000000000001 0000000000000001
0x00007ffd1939a078:   00007fd917043c40 0000000000000000
0x00007ffd1939a088:   0000000000000000 00007fd9170425f8
0x00007ffd1939a098:   00007fd916cb8ff8 00000000004007bc
0x00007ffd1939a0a8:   0000000000000000 0000000000400730
0x00007ffd1939a0b8:   0000000000400630 00007ffd1939a1b0
0x00007ffd1939a0c8:   00007fd916cb9045 0000000000400730
0x00007ffd1939a0d8:   00007fd916c9f837 0000000000000000
0x00007ffd1939a0e8:   00007ffd1939a1b8 0000000500000000
0x00007ffd1939a0f8:   00000000004005e0 0000000000000000
0x00007ffd1939a108:   084308ebcfda4c08 0000000000400630
0x00007ffd1939a118:   00007ffd1939a1b0 0000000000000000
0x00007ffd1939a128:   0000000000000000 f7b93a18807a4c08 

Instructions: (pc=0x0000000000046b20)
0x0000000000046b00:   
[error occurred during error reporting (printing registers, top of stack, instructions near pc), id 0xb]

Register to memory mapping:

RAX=
[error occurred during error reporting (printing register info), id 0xb]

Stack: [0x00007ffd1929d000,0x00007ffd1939d000],  sp=0x00007ffd19399f38,  free space=1011k
Native frames: (J=compiled Java code, j=interpreted, Vv=VM code, C=native code)
C  0x0000000000046b20


---------------  P R O C E S S  ---------------

VM state:at safepoint (shutting down)

VM Mutex/Monitor currently owned by a thread:  ([mutex/lock_event])
[0x00007fd910009dd0] Threads_lock - owner thread: 0x00007fd91007b000

Heap:
 PSYoungGen      total 36864K, used 14369K [0x00000000d6e00000, 0x00000000dbf00000, 0x0000000100000000)
  eden space 31744K, 29% used [0x00000000d6e00000,0x00000000d77105f8,0x00000000d8d00000)
  from space 5120K, 99% used [0x00000000d8d00000,0x00000000d91f8040,0x00000000d9200000)
  to   space 9728K, 0% used [0x00000000db580000,0x00000000db580000,0x00000000dbf00000)
 ParOldGen       total 84992K, used 14101K [0x0000000084a00000, 0x0000000089d00000, 0x00000000d6e00000)
  object space 84992K, 16% used [0x0000000084a00000,0x00000000857c5750,0x0000000089d00000)
 Metaspace       used 19099K, capacity 19234K, committed 19456K, reserved 1067008K
  class space    used 2476K, capacity 2525K, committed 2560K, reserved 1048576K

Card table byte_map: [0x00007fd900449000,0x00007fd900825000] byte_map_base: 0x00007fd900024000

Marking Bits: (ParMarkBitMap*) 0x00007fd916627220
 Begin Bits: [0x00007fd8fc104000, 0x00007fd8fdfdc000)
 End Bits:   [0x00007fd8fdfdc000, 0x00007fd8ffeb4000)

Polling page: 0x00007fd917479000

CodeCache: size=245760Kb used=7296Kb max_used=7308Kb free=238463Kb
 bounds [0x00007fd900be5000, 0x00007fd901315000, 0x00007fd90fbe5000]
 total_blobs=2636 nmethods=2253 adapters=296
 compilation: enabled

Compilation events (10 events):
Event: 28.985 Thread 0x00007fd9100b5000 2249       3       org.eclipse.emf.common.util.DelegatingEList::isEmpty (5 bytes)
Event: 28.985 Thread 0x00007fd9100b5000 nmethod 2249 0x00007fd9012fc550 code [0x00007fd9012fc6c0, 0x00007fd9012fc8c8]
Event: 29.013 Thread 0x00007fd9100b5000 2251       3       tom.mapping.introspectors.algebra.affine.AffineIntrospector$AffineChildrenGetter::caseAffineExpression (6 bytes)
Event: 29.013 Thread 0x00007fd9100b5000 nmethod 2251 0x00007fd9012fc190 code [0x00007fd9012fc300, 0x00007fd9012fc4a8]
Event: 29.013 Thread 0x00007fd9100b5000 2252       3       tom.mapping.introspectors.algebra.affine.AffineIntrospector$AffineChildrenGetter::caseAffineExpression (37 bytes)
Event: 29.014 Thread 0x00007fd9100b5000 nmethod 2252 0x00007fd9012f9950 code [0x00007fd9012f9c20, 0x00007fd9012fb098]
Event: 29.028 Thread 0x00007fd9100b5000 2253       3       org.polymodel.impl.IndexDimensionImpl::eStaticClass (4 bytes)
Event: 29.028 Thread 0x00007fd9100b5000 nmethod 2253 0x00007fd90130afd0 code [0x00007fd90130b140, 0x00007fd90130b290]
Event: 29.029 Thread 0x00007fd9100b0800 2254       4       java.io.UnixFileSystem::resolve (103 bytes)
Event: 29.032 Thread 0x00007fd9100b0800 nmethod 2254 0x00007fd90130e3d0 code [0x00007fd90130e560, 0x00007fd90130ea38]

GC Heap History (10 events):
Event: 21.590 GC heap before
{Heap before GC invocations=1 (full 0):
 PSYoungGen      total 36864K, used 31744K [0x00000000d6e00000, 0x00000000d9700000, 0x0000000100000000)
  eden space 31744K, 100% used [0x00000000d6e00000,0x00000000d8d00000,0x00000000d8d00000)
  from space 5120K, 0% used [0x00000000d9200000,0x00000000d9200000,0x00000000d9700000)
  to   space 5120K, 0% used [0x00000000d8d00000,0x00000000d8d00000,0x00000000d9200000)
 ParOldGen       total 84992K, used 0K [0x0000000084a00000, 0x0000000089d00000, 0x00000000d6e00000)
  object space 84992K, 0% used [0x0000000084a00000,0x0000000084a00000,0x0000000089d00000)
 Metaspace       used 7300K, capacity 7334K, committed 7552K, reserved 1056768K
  class space    used 844K, capacity 851K, committed 896K, reserved 1048576K
Event: 21.617 GC heap after
Heap after GC invocations=1 (full 0):
 PSYoungGen      total 36864K, used 5104K [0x00000000d6e00000, 0x00000000d9700000, 0x0000000100000000)
  eden space 31744K, 0% used [0x00000000d6e00000,0x00000000d6e00000,0x00000000d8d00000)
  from space 5120K, 99% used [0x00000000d8d00000,0x00000000d91fc2b0,0x00000000d9200000)
  to   space 5120K, 0% used [0x00000000d9200000,0x00000000d9200000,0x00000000d9700000)
 ParOldGen       total 84992K, used 974K [0x0000000084a00000, 0x0000000089d00000, 0x00000000d6e00000)
  object space 84992K, 1% used [0x0000000084a00000,0x0000000084af3ae8,0x0000000089d00000)
 Metaspace       used 7300K, capacity 7334K, committed 7552K, reserved 1056768K
  class space    used 844K, capacity 851K, committed 896K, reserved 1048576K
}
Event: 22.592 GC heap before
{Heap before GC invocations=2 (full 0):
 PSYoungGen      total 36864K, used 36848K [0x00000000d6e00000, 0x00000000d9700000, 0x0000000100000000)
  eden space 31744K, 100% used [0x00000000d6e00000,0x00000000d8d00000,0x00000000d8d00000)
  from space 5120K, 99% used [0x00000000d8d00000,0x00000000d91fc2b0,0x00000000d9200000)
  to   space 5120K, 0% used [0x00000000d9200000,0x00000000d9200000,0x00000000d9700000)
 ParOldGen       total 84992K, used 974K [0x0000000084a00000, 0x0000000089d00000, 0x00000000d6e00000)
  object space 84992K, 1% used [0x0000000084a00000,0x0000000084af3ae8,0x0000000089d00000)
 Metaspace       used 10432K, capacity 10572K, committed 10880K, reserved 1058816K
  class space    used 1302K, capacity 1332K, committed 1408K, reserved 1048576K
Event: 22.602 GC heap after
Heap after GC invocations=2 (full 0):
 PSYoungGen      total 36864K, used 5104K [0x00000000d6e00000, 0x00000000d9700000, 0x0000000100000000)
  eden space 31744K, 0% used [0x00000000d6e00000,0x00000000d6e00000,0x00000000d8d00000)
  from space 5120K, 99% used [0x00000000d9200000,0x00000000d96fc030,0x00000000d9700000)
  to   space 5120K, 0% used [0x00000000d8d00000,0x00000000d8d00000,0x00000000d9200000)
 ParOldGen       total 84992K, used 4456K [0x0000000084a00000, 0x0000000089d00000, 0x00000000d6e00000)
  object space 84992K, 5% used [0x0000000084a00000,0x0000000084e5a0d8,0x0000000089d00000)
 Metaspace       used 10432K, capacity 10572K, committed 10880K, reserved 1058816K
  class space    used 1302K, capacity 1332K, committed 1408K, reserved 1048576K
}
Event: 23.031 GC heap before
{Heap before GC invocations=3 (full 0):
 PSYoungGen      total 36864K, used 36848K [0x00000000d6e00000, 0x00000000d9700000, 0x0000000100000000)
  eden space 31744K, 100% used [0x00000000d6e00000,0x00000000d8d00000,0x00000000d8d00000)
  from space 5120K, 99% used [0x00000000d9200000,0x00000000d96fc030,0x00000000d9700000)
  to   space 5120K, 0% used [0x00000000d8d00000,0x00000000d8d00000,0x00000000d9200000)
 ParOldGen       total 84992K, used 4456K [0x0000000084a00000, 0x0000000089d00000, 0x00000000d6e00000)
  object space 84992K, 5% used [0x0000000084a00000,0x0000000084e5a0d8,0x0000000089d00000)
 Metaspace       used 12503K, capacity 12586K, committed 12928K, reserved 1060864K
  class space    used 1597K, capacity 1657K, committed 1664K, reserved 1048576K
Event: 23.038 GC heap after
Heap after GC invocations=3 (full 0):
 PSYoungGen      total 36864K, used 5104K [0x00000000d6e00000, 0x00000000d9700000, 0x0000000100000000)
  eden space 31744K, 0% used [0x00000000d6e00000,0x00000000d6e00000,0x00000000d8d00000)
  from space 5120K, 99% used [0x00000000d8d00000,0x00000000d91fc010,0x00000000d9200000)
  to   space 5120K, 0% used [0x00000000d9200000,0x00000000d9200000,0x00000000d9700000)
 ParOldGen       total 84992K, used 7655K [0x0000000084a00000, 0x0000000089d00000, 0x00000000d6e00000)
  object space 84992K, 9% used [0x0000000084a00000,0x0000000085179fe8,0x0000000089d00000)
 Metaspace       used 12503K, capacity 12586K, committed 12928K, reserved 1060864K
  class space    used 1597K, capacity 1657K, committed 1664K, reserved 1048576K
}
Event: 23.655 GC heap before
{Heap before GC invocations=4 (full 0):
 PSYoungGen      total 36864K, used 36848K [0x00000000d6e00000, 0x00000000d9700000, 0x0000000100000000)
  eden space 31744K, 100% used [0x00000000d6e00000,0x00000000d8d00000,0x00000000d8d00000)
  from space 5120K, 99% used [0x00000000d8d00000,0x00000000d91fc010,0x00000000d9200000)
  to   space 5120K, 0% used [0x00000000d9200000,0x00000000d9200000,0x00000000d9700000)
 ParOldGen       total 84992K, used 7655K [0x0000000084a00000, 0x0000000089d00000, 0x00000000d6e00000)
  object space 84992K, 9% used [0x0000000084a00000,0x0000000085179fe8,0x0000000089d00000)
 Metaspace       used 15200K, capacity 15350K, committed 15616K, reserved 1062912K
  class space    used 1998K, capacity 2043K, committed 2048K, reserved 1048576K
Event: 23.665 GC heap after
Heap after GC invocations=4 (full 0):
 PSYoungGen      total 36864K, used 5104K [0x00000000d6e00000, 0x00000000db600000, 0x0000000100000000)
  eden space 31744K, 0% used [0x00000000d6e00000,0x00000000d6e00000,0x00000000d8d00000)
  from space 5120K, 99% used [0x00000000d9200000,0x00000000d96fc030,0x00000000d9700000)
  to   space 5120K, 0% used [0x00000000d8d00000,0x00000000d8d00000,0x00000000d9200000)
 ParOldGen       total 84992K, used 10927K [0x0000000084a00000, 0x0000000089d00000, 0x00000000d6e00000)
  object space 84992K, 12% used [0x0000000084a00000,0x00000000854abea8,0x0000000089d00000)
 Metaspace       used 15200K, capacity 15350K, committed 15616K, reserved 1062912K
  class space    used 1998K, capacity 2043K, committed 2048K, reserved 1048576K
}
Event: 24.545 GC heap before
{Heap before GC invocations=5 (full 0):
 PSYoungGen      total 36864K, used 36848K [0x00000000d6e00000, 0x00000000db600000, 0x0000000100000000)
  eden space 31744K, 100% used [0x00000000d6e00000,0x00000000d8d00000,0x00000000d8d00000)
  from space 5120K, 99% used [0x00000000d9200000,0x00000000d96fc030,0x00000000d9700000)
  to   space 5120K, 0% used [0x00000000d8d00000,0x00000000d8d00000,0x00000000d9200000)
 ParOldGen       total 84992K, used 10927K [0x0000000084a00000, 0x0000000089d00000, 0x00000000d6e00000)
  object space 84992K, 12% used [0x0000000084a00000,0x00000000854abea8,0x0000000089d00000)
 Metaspace       used 19002K, capacity 19138K, committed 19456K, reserved 1067008K
  class space    used 2469K, capacity 2493K, committed 2560K, reserved 1048576K
Event: 24.555 GC heap after
Heap after GC invocations=5 (full 0):
 PSYoungGen      total 36864K, used 5088K [0x00000000d6e00000, 0x00000000dbf00000, 0x0000000100000000)
  eden space 31744K, 0% used [0x00000000d6e00000,0x00000000d6e00000,0x00000000d8d00000)
  from space 5120K, 99% used [0x00000000d8d00000,0x00000000d91f8040,0x00000000d9200000)
  to   space 9728K, 0% used [0x00000000db580000,0x00000000db580000,0x00000000dbf00000)
 ParOldGen       total 84992K, used 14101K [0x0000000084a00000, 0x0000000089d00000, 0x00000000d6e00000)
  object space 84992K, 16% used [0x0000000084a00000,0x00000000857c5750,0x0000000089d00000)
 Metaspace       used 19002K, capacity 19138K, committed 19456K, reserved 1067008K
  class space    used 2469K, capacity 2493K, committed 2560K, reserved 1048576K
}

Deoptimization events (10 events):
Event: 24.392 Thread 0x00007fd91000d800 Uncommon trap: reason=array_check action=maybe_recompile pc=0x00007fd9011db7bc method=org.eclipse.emf.common.util.BasicEList.assign(ILjava/lang/Object;)Ljava/lang/Object; @ 6
Event: 24.392 Thread 0x00007fd91000d800 Uncommon trap: reason=array_check action=maybe_recompile pc=0x00007fd9011db7bc method=org.eclipse.emf.common.util.BasicEList.assign(ILjava/lang/Object;)Ljava/lang/Object; @ 6
Event: 24.392 Thread 0x00007fd91000d800 Uncommon trap: reason=array_check action=maybe_recompile pc=0x00007fd9011db7bc method=org.eclipse.emf.common.util.BasicEList.assign(ILjava/lang/Object;)Ljava/lang/Object; @ 6
Event: 24.425 Thread 0x00007fd91000d800 Uncommon trap: reason=unstable_if action=reinterpret pc=0x00007fd90114e208 method=java.util.HashMap.hash(Ljava/lang/Object;)I @ 1
Event: 24.425 Thread 0x00007fd91000d800 Uncommon trap: reason=unstable_if action=reinterpret pc=0x00007fd901029d98 method=java.util.HashMap.hash(Ljava/lang/Object;)I @ 1
Event: 24.427 Thread 0x00007fd91000d800 Uncommon trap: reason=unstable_if action=reinterpret pc=0x00007fd900fa3894 method=java.util.HashMap.hash(Ljava/lang/Object;)I @ 1
Event: 24.429 Thread 0x00007fd91000d800 Uncommon trap: reason=unstable_if action=reinterpret pc=0x00007fd900d806a8 method=java.util.HashMap.hash(Ljava/lang/Object;)I @ 1
Event: 24.503 Thread 0x00007fd91000d800 Uncommon trap: reason=bimorphic action=maybe_recompile pc=0x00007fd90111c710 method=org.eclipse.emf.ecore.util.EContentsEList$FeatureIteratorImpl.hasNext()Z @ 279
Event: 24.504 Thread 0x00007fd91000d800 Uncommon trap: reason=bimorphic action=maybe_recompile pc=0x00007fd90111c710 method=org.eclipse.emf.ecore.util.EContentsEList$FeatureIteratorImpl.hasNext()Z @ 279
Event: 53988.867 Thread 0x00007fd91000d800 Uncommon trap: reason=null_check action=make_not_entrant pc=0x00007fd90127f4ac method=java.lang.StringCoding.deref(Ljava/lang/ThreadLocal;)Ljava/lang/Object; @ 4

Internal exceptions (10 events):
Event: 53943.794 Thread 0x00007fd91000d800 Exception <a 'java/io/IOException'> (0x00000000d7654780) thrown at [/build/openjdk-8-YiEakL/openjdk-8-8u121-b13/src/hotspot/src/share/vm/prims/jni.cpp, line 709]
Event: 53944.231 Thread 0x00007fd91000d800 Exception <a 'java/io/IOException'> (0x00000000d7654a18) thrown at [/build/openjdk-8-YiEakL/openjdk-8-8u121-b13/src/hotspot/src/share/vm/prims/jni.cpp, line 709]
Event: 53944.231 Thread 0x00007fd91000d800 Exception <a 'java/io/IOException'> (0x00000000d7654c80) thrown at [/build/openjdk-8-YiEakL/openjdk-8-8u121-b13/src/hotspot/src/share/vm/prims/jni.cpp, line 709]
Event: 53951.962 Thread 0x00007fd91000d800 Exception <a 'java/io/IOException'> (0x00000000d76554f8) thrown at [/build/openjdk-8-YiEakL/openjdk-8-8u121-b13/src/hotspot/src/share/vm/prims/jni.cpp, line 709]
Event: 53951.962 Thread 0x00007fd91000d800 Exception <a 'java/io/IOException'> (0x00000000d7655790) thrown at [/build/openjdk-8-YiEakL/openjdk-8-8u121-b13/src/hotspot/src/share/vm/prims/jni.cpp, line 709]
Event: 53951.962 Thread 0x00007fd91000d800 Exception <a 'java/io/IOException'> (0x00000000d76559f8) thrown at [/build/openjdk-8-YiEakL/openjdk-8-8u121-b13/src/hotspot/src/share/vm/prims/jni.cpp, line 709]
Event: 53952.128 Thread 0x00007fd91000d800 Exception <a 'java/io/IOException'> (0x00000000d7655fb8) thrown at [/build/openjdk-8-YiEakL/openjdk-8-8u121-b13/src/hotspot/src/share/vm/prims/jni.cpp, line 709]
Event: 53952.128 Thread 0x00007fd91000d800 Exception <a 'java/io/IOException'> (0x00000000d7656250) thrown at [/build/openjdk-8-YiEakL/openjdk-8-8u121-b13/src/hotspot/src/share/vm/prims/jni.cpp, line 709]
Event: 53952.128 Thread 0x00007fd91000d800 Exception <a 'java/io/IOException'> (0x00000000d76564b8) thrown at [/build/openjdk-8-YiEakL/openjdk-8-8u121-b13/src/hotspot/src/share/vm/prims/jni.cpp, line 709]
Event: 53988.814 Thread 0x00007fd91000d800 Implicit null exception at 0x00007fd90127ee8d to 0x00007fd90127f495

Events (10 events):
Event: 53982.633 Executing VM operation: RevokeBias done
Event: 53985.111 Executing VM operation: RevokeBias
Event: 53985.111 Executing VM operation: RevokeBias done
Event: 53985.111 Executing VM operation: RevokeBias
Event: 53985.111 Executing VM operation: RevokeBias done
Event: 53985.609 Thread 0x00007fd9107c9000 Thread exited: 0x00007fd9107c9000
Event: 53988.867 Thread 0x00007fd91000d800 Uncommon trap: trap_request=0xfffffff4 fr.pc=0x00007fd90127f4ac
Event: 53988.909 Thread 0x00007fd91000d800 DEOPT PACKING pc=0x00007fd90127f4ac sp=0x00007fd91744c1c0
Event: 53989.228 Thread 0x00007fd91000d800 DEOPT UNPACKING pc=0x00007fd900be9f69 sp=0x00007fd91744c0c0 mode 2
Event: 53990.403 Thread 0x00007fd91000d800 Thread exited: 0x00007fd91000d800


Dynamic libraries:
00400000-00401000 r-xp 00000000 08:09 7087821                            /usr/lib/jvm/java-8-openjdk-amd64/jre/bin/java
00600000-00601000 r--p 00000000 08:09 7087821                            /usr/lib/jvm/java-8-openjdk-amd64/jre/bin/java
00601000-00602000 rw-p 00001000 08:09 7087821                            /usr/lib/jvm/java-8-openjdk-amd64/jre/bin/java
02215000-02236000 rw-p 00000000 00:00 0                                  [heap]
84a00000-89d00000 rw-p 00000000 00:00 0 
89d00000-d6e00000 ---p 00000000 00:00 0 
d6e00000-dbf00000 rw-p 00000000 00:00 0 
dbf00000-100000000 ---p 00000000 00:00 0 
100000000-100280000 rw-p 00000000 00:00 0 
100280000-140000000 ---p 00000000 00:00 0 
7fd8b0000000-7fd8b0021000 rw-p 00000000 00:00 0 
7fd8b0021000-7fd8b4000000 ---p 00000000 00:00 0 
7fd8b8000000-7fd8b8021000 rw-p 00000000 00:00 0 
7fd8b8021000-7fd8bc000000 ---p 00000000 00:00 0 
7fd8bc000000-7fd8bc021000 rw-p 00000000 00:00 0 
7fd8bc021000-7fd8c0000000 ---p 00000000 00:00 0 
7fd8c0000000-7fd8c0021000 rw-p 00000000 00:00 0 
7fd8c0021000-7fd8c4000000 ---p 00000000 00:00 0 
7fd8c4000000-7fd8c4021000 rw-p 00000000 00:00 0 
7fd8c4021000-7fd8c8000000 ---p 00000000 00:00 0 
7fd8c8000000-7fd8c909e000 rw-p 00000000 00:00 0 
7fd8c909e000-7fd8cc000000 ---p 00000000 00:00 0 
7fd8cc000000-7fd8cc4e9000 rw-p 00000000 00:00 0 
7fd8cc4e9000-7fd8d0000000 ---p 00000000 00:00 0 
7fd8d0000000-7fd8d0021000 rw-p 00000000 00:00 0 
7fd8d0021000-7fd8d4000000 ---p 00000000 00:00 0 
7fd8d4000000-7fd8d4588000 rw-p 00000000 00:00 0 
7fd8d4588000-7fd8d8000000 ---p 00000000 00:00 0 
7fd8d8000000-7fd8d8021000 rw-p 00000000 00:00 0 
7fd8d8021000-7fd8dc000000 ---p 00000000 00:00 0 
7fd8dc000000-7fd8dc021000 rw-p 00000000 00:00 0 
7fd8dc021000-7fd8e0000000 ---p 00000000 00:00 0 
7fd8e0000000-7fd8e0021000 rw-p 00000000 00:00 0 
7fd8e0021000-7fd8e4000000 ---p 00000000 00:00 0 
7fd8e4000000-7fd8e4021000 rw-p 00000000 00:00 0 
7fd8e4021000-7fd8e8000000 ---p 00000000 00:00 0 
7fd8e8000000-7fd8e8021000 rw-p 00000000 00:00 0 
7fd8e8021000-7fd8ec000000 ---p 00000000 00:00 0 
7fd8efe00000-7fd8efe80000 rw-p 00000000 00:00 0 
7fd8efe80000-7fd8f0000000 ---p 00000000 00:00 0 
7fd8f0000000-7fd8f0021000 rw-p 00000000 00:00 0 
7fd8f0021000-7fd8f4000000 ---p 00000000 00:00 0 
7fd8f408d000-7fd8f4102000 r-xp 00000000 08:09 26877385                   /home/hrishi/workspace/Console/.jnimap.temp.linux_64/libgmp.so.10 (deleted)
7fd8f4102000-7fd8f4301000 ---p 00075000 08:09 26877385                   /home/hrishi/workspace/Console/.jnimap.temp.linux_64/libgmp.so.10 (deleted)
7fd8f4301000-7fd8f4303000 rw-p 00074000 08:09 26877385                   /home/hrishi/workspace/Console/.jnimap.temp.linux_64/libgmp.so.10 (deleted)
7fd8f4303000-7fd8f446b000 r-xp 00000000 08:09 26877384                   /home/hrishi/workspace/Console/.jnimap.temp.linux_64/libisl.so.13 (deleted)
7fd8f446b000-7fd8f466a000 ---p 00168000 08:09 26877384                   /home/hrishi/workspace/Console/.jnimap.temp.linux_64/libisl.so.13 (deleted)
7fd8f466a000-7fd8f4671000 rw-p 00167000 08:09 26877384                   /home/hrishi/workspace/Console/.jnimap.temp.linux_64/libisl.so.13 (deleted)
7fd8f4671000-7fd8f46f6000 r-xp 00000000 08:09 26877386                   /home/hrishi/workspace/Console/.jnimap.temp.linux_64/linux_64_libjniisl.so (deleted)
7fd8f46f6000-7fd8f48f5000 ---p 00085000 08:09 26877386                   /home/hrishi/workspace/Console/.jnimap.temp.linux_64/linux_64_libjniisl.so (deleted)
7fd8f48f5000-7fd8f48f8000 rw-p 00084000 08:09 26877386                   /home/hrishi/workspace/Console/.jnimap.temp.linux_64/linux_64_libjniisl.so (deleted)
7fd8f48f8000-7fd8f4af8000 rw-p 00000000 00:00 0 
7fd8f4b72000-7fd8f4b75000 ---p 00000000 00:00 0 
7fd8f4b75000-7fd8f4e73000 rw-p 00000000 00:00 0 
7fd8f4e73000-7fd8f5073000 rw-p 00000000 00:00 0 
7fd8f5073000-7fd8f5076000 ---p 00000000 00:00 0 
7fd8f5076000-7fd8f5374000 rw-p 00000000 00:00 0 
7fd8f5374000-7fd8f5377000 ---p 00000000 00:00 0 
7fd8f5377000-7fd8f5475000 rw-p 00000000 00:00 0 
7fd8f5475000-7fd8f5478000 r--s 00015000 08:09 7085469                    /usr/lib/jvm/java-8-openjdk-amd64/jre/lib/jce.jar
7fd8f5478000-7fd8f547c000 r--s 0009a000 08:09 7085467                    /usr/lib/jvm/java-8-openjdk-amd64/jre/lib/jsse.jar
7fd8f547c000-7fd8f547f000 r--s 00014000 08:09 26516293                   /home/hrishi/.eclipse/org.eclipse.platform_4.6.0_1473617060_linux_gtk_x86_64/plugins/fr.irisa.r2d2.parser.runtime_1.0.0.201612051604.jar
7fd8f547f000-7fd8f5487000 r--s 0003c000 08:09 26516292                   /home/hrishi/.eclipse/org.eclipse.platform_4.6.0_1473617060_linux_gtk_x86_64/plugins/fr.irisa.r2d2.gecos.framework_1.0.0.201612051604.jar
7fd8f5487000-7fd8f5491000 r--s 0006c000 08:09 26516357                   /home/hrishi/.eclipse/org.eclipse.platform_4.6.0_1473617060_linux_gtk_x86_64/plugins/org.eclipse.xtext.common.types_2.10.0.v201605250459.jar
7fd8f5491000-7fd8f54c1000 r--s 0044d000 08:09 26516369                   /home/hrishi/.eclipse/org.eclipse.platform_4.6.0_1473617060_linux_gtk_x86_64/plugins/org.eclipse.xtext.xbase_2.10.0.v201605250459.jar
7fd8f54c1000-7fd8f54c4000 r--s 0000f000 08:09 26516352                   /home/hrishi/.eclipse/org.eclipse.platform_4.6.0_1473617060_linux_gtk_x86_64/plugins/org.eclipse.xtend.lib.macro_2.10.0.v201605250459.jar
7fd8f54c4000-7fd8f54c8000 r--s 00035000 08:09 26516351                   /home/hrishi/.eclipse/org.eclipse.platform_4.6.0_1473617060_linux_gtk_x86_64/plugins/org.eclipse.xtend.lib_2.10.0.v201605250459.jar
7fd8f54c8000-7fd8f54c9000 r--s 00001000 08:09 26516354                   /home/hrishi/.eclipse/org.eclipse.platform_4.6.0_1473617060_linux_gtk_x86_64/plugins/org.eclipse.xtend2.lib_2.10.0.v201605250459.jar
7fd8f54c9000-7fd8f54cf000 r--s 0003f000 08:09 26516368                   /home/hrishi/.eclipse/org.eclipse.platform_4.6.0_1473617060_linux_gtk_x86_64/plugins/org.eclipse.xtext.util_2.10.0.v201605250459.jar
7fd8f54cf000-7fd8f5500000 r--s 0024b000 08:09 26516355                   /home/hrishi/.eclipse/org.eclipse.platform_4.6.0_1473617060_linux_gtk_x86_64/plugins/org.eclipse.xtext_2.10.0.v201605250459.jar
7fd8f5500000-7fd8f5508000 r--s 00061000 08:09 26516277                   /home/hrishi/.eclipse/org.eclipse.platform_4.6.0_1473617060_linux_gtk_x86_64/plugins/edu.csu.melange.alphabets_0.9.6.201612051604.jar
7fd8f5508000-7fd8f5509000 r--s 00008000 08:09 26516336                   /home/hrishi/.eclipse/org.eclipse.platform_4.6.0_1473617060_linux_gtk_x86_64/plugins/org.polymodel.scop.cgenerator2_1.0.0.201612051604.jar
7fd8f5509000-7fd8f550c000 r--s 00024000 08:09 26516337                   /home/hrishi/.eclipse/org.eclipse.platform_4.6.0_1473617060_linux_gtk_x86_64/plugins/org.polymodel.scop.dtiler_1.0.0.201612051604.jar
7fd8f550c000-7fd8f550d000 r--s 00001000 08:09 26516335                   /home/hrishi/.eclipse/org.eclipse.platform_4.6.0_1473617060_linux_gtk_x86_64/plugins/org.polymodel.scop.bridge.clast_1.0.0.201612051604.jar
7fd8f550d000-7fd8f5512000 r--s 0002a000 08:09 26516334                   /home/hrishi/.eclipse/org.eclipse.platform_4.6.0_1473617060_linux_gtk_x86_64/plugins/org.polymodel.scop_1.0.0.201612051604.jar
7fd8f5512000-7fd8f5525000 r--s 0012e000 08:09 26516300                   /home/hrishi/.eclipse/org.eclipse.platform_4.6.0_1473617060_linux_gtk_x86_64/plugins/org.polymodel.polyhedralIR.codegen_1.0.0.201612051604.jar
7fd8f5525000-7fd8f5528000 r--s 008e1000 08:09 26516287                   /home/hrishi/.eclipse/org.eclipse.platform_4.6.0_1473617060_linux_gtk_x86_64/plugins/fr.irisa.cairn.jnimap.cloog_1.0.0.201612051604.jar
7fd8f5528000-7fd8f552c000 r--s 00031000 08:09 26516341                   /home/hrishi/.eclipse/org.eclipse.platform_4.6.0_1473617060_linux_gtk_x86_64/plugins/org.antlr.runtime_3.2.0.v201101311130.jar
7fd8f552c000-7fd8f552d000 r--s 00011000 08:09 10748494                   /opt/eclipse/plugins/org.apache.commons.logging_1.1.1.v201101211721.jar
7fd8f552d000-7fd8f5535000 r--s 0005e000 08:09 10748531                   /opt/eclipse/plugins/org.apache.log4j_1.2.15.v201012070815.jar
7fd8f5535000-7fd8f5537000 r--s 00008000 08:09 26516346                   /home/hrishi/.eclipse/org.eclipse.platform_4.6.0_1473617060_linux_gtk_x86_64/plugins/org.eclipse.emf.mwe.utils_1.3.20.v201605261103.jar
7fd8f5537000-7fd8f5538000 r--s 00003000 08:09 26516348                   /home/hrishi/.eclipse/org.eclipse.platform_4.6.0_1473617060_linux_gtk_x86_64/plugins/org.eclipse.emf.mwe2.runtime_2.9.0.v201605261103.jar
7fd8f5538000-7fd8f5539000 r--s 0000b000 08:09 26516339                   /home/hrishi/.eclipse/org.eclipse.platform_4.6.0_1473617060_linux_gtk_x86_64/plugins/org.apache.commons.cli_1.2.0.v201404270220.jar
7fd8f5539000-7fd8f553f000 r--s 0002a000 08:09 26516345                   /home/hrishi/.eclipse/org.eclipse.platform_4.6.0_1473617060_linux_gtk_x86_64/plugins/org.eclipse.emf.mwe.core_1.3.20.v201605261103.jar
7fd8f553f000-7fd8f5541000 r--s 00009000 08:09 26516279                   /home/hrishi/.eclipse/org.eclipse.platform_4.6.0_1473617060_linux_gtk_x86_64/plugins/edu.csu.melange.affineLattice_1.0.0.jar
7fd8f5541000-7fd8f5543000 r--s 00000000 08:09 26516338                   /home/hrishi/.eclipse/org.eclipse.platform_4.6.0_1473617060_linux_gtk_x86_64/plugins/tom.mapping_1.0.0.201612051604.jar
7fd8f5543000-7fd8f554a000 r--s 0004d000 08:09 26516333                   /home/hrishi/.eclipse/org.eclipse.platform_4.6.0_1473617060_linux_gtk_x86_64/plugins/org.polymodel.prdg.scheduling_1.0.0.201612051604.jar
7fd8f554a000-7fd8f554d000 r--s 0001f000 08:09 26516370                   /home/hrishi/.eclipse/org.eclipse.platform_4.6.0_1473617060_linux_gtk_x86_64/plugins/org.eclipse.xtext.xbase.lib_2.10.0.v201605250459.jar
7fd8f554d000-7fd8f554f000 r--s 00004000 08:09 26516299                   /home/hrishi/.eclipse/org.eclipse.platform_4.6.0_1473617060_linux_gtk_x86_64/plugins/org.polymodel.matrix_1.0.0.201612051604.jar
7fd8f554f000-7fd8f5551000 r--s 00005000 08:09 26516332                   /home/hrishi/.eclipse/org.eclipse.platform_4.6.0_1473617060_linux_gtk_x86_64/plugins/org.polymodel.prdg.adapter_1.0.0.201612051604.jar
7fd8f5551000-7fd8f5553000 r--s 00009000 08:09 26516301                   /home/hrishi/.eclipse/org.eclipse.platform_4.6.0_1473617060_linux_gtk_x86_64/plugins/org.polymodel.prdg_1.0.0.201612051604.jar
7fd8f5553000-7fd8f5555000 r--s 00013000 08:09 26516297                   /home/hrishi/.eclipse/org.eclipse.platform_4.6.0_1473617060_linux_gtk_x86_64/plugins/org.polymodel.isl_1.0.0.201612051604.jar
7fd8f5555000-7fd8f555f000 r--s 000a4000 08:09 26516295                   /home/hrishi/.eclipse/org.eclipse.platform_4.6.0_1473617060_linux_gtk_x86_64/plugins/org.polymodel.algebra_1.0.0.201612051604.jar
7fd8f555f000-7fd8f5562000 r--s 0002b000 08:09 26516294                   /home/hrishi/.eclipse/org.eclipse.platform_4.6.0_1473617060_linux_gtk_x86_64/plugins/org.polymodel_1.0.0.201612051604.jar
7fd8f5562000-7fd8f558c000 r--s 001ff000 08:09 10749007                   /opt/eclipse/plugins/com.google.guava_15.0.0.v201403281430.jar
7fd8f558c000-7fd8f558d000 r--s 0000f000 08:09 28708338                   /home/hrishi/.eclipse/org.eclipse.platform_4.6.0_1473617060_linux_gtk_x86_64/plugins/fr.irisa.cairn.tools_1.0.0.201612051604/lib/javatuples-1.2.jar
7fd8f558d000-7fd8f558e000 r--s 0000b000 08:09 28708337                   /home/hrishi/.eclipse/org.eclipse.platform_4.6.0_1473617060_linux_gtk_x86_64/plugins/fr.irisa.cairn.tools_1.0.0.201612051604/lib/javatuples-1.2-sources.jar
7fd8f558e000-7fd8f5591000 r--s 00037000 08:09 28708336                   /home/hrishi/.eclipse/org.eclipse.platform_4.6.0_1473617060_linux_gtk_x86_64/plugins/fr.irisa.cairn.tools_1.0.0.201612051604/lib/javatuples-1.2-javadoc.jar
7fd8f5591000-7fd8f5596000 r--s 00b6c000 08:09 26516288                   /home/hrishi/.eclipse/org.eclipse.platform_4.6.0_1473617060_linux_gtk_x86_64/plugins/fr.irisa.cairn.jnimap.isl_2.1.0.201612051604.jar
7fd8f5596000-7fd8f5598000 r--s 00007000 08:09 26516286                   /home/hrishi/.eclipse/org.eclipse.platform_4.6.0_1473617060_linux_gtk_x86_64/plugins/fr.irisa.cairn.graph.guice_1.0.0.201612051604.jar
7fd8f5598000-7fd8f559a000 r--s 00009000 08:09 10748202                   /opt/eclipse/plugins/com.google.inject.multibindings_3.0.0.v201605172100.jar
7fd8f559a000-7fd8f55a5000 r--s 00077000 08:09 10748760                   /opt/eclipse/plugins/com.google.inject_3.0.0.v201605172100.jar
7fd8f55a5000-7fd8f55bd000 r--s 0015b000 08:09 28061747                   /home/hrishi/.eclipse/org.eclipse.platform_4.6.0_1473617060_linux_gtk_x86_64/plugins/fr.irisa.cairn.graph_1.0.0.201612051604/lib/jgrapht-ext-0.9.1-uber.jar
7fd8f55bd000-7fd8f55ed000 rw-p 00000000 00:00 0 
7fd8f55ed000-7fd8f571d000 r--s 010bc000 08:09 28708362                   /home/hrishi/.eclipse/org.eclipse.platform_4.6.0_1473617060_linux_gtk_x86_64/plugins/fr.irisa.cairn.eclipse.tom_2.10.0.201612051604/libs/aircube-bundle.jar
7fd8f571d000-7fd8f5721000 r--s 00035000 08:09 10748985                   /opt/eclipse/plugins/org.eclipse.emf.ecore.xmi_2.12.0.v20160420-0247.jar
7fd8f5721000-7fd8f5728000 r--s 00051000 08:09 10748503                   /opt/eclipse/plugins/org.eclipse.emf.common_2.12.0.v20160420-0247.jar
7fd8f5728000-7fd8f573a000 r--s 00111000 08:09 10748217                   /opt/eclipse/plugins/org.eclipse.emf.ecore_2.12.0.v20160420-0247.jar
7fd8f573a000-7fd8f573f000 r--s 00030000 08:09 10748396                   /opt/eclipse/plugins/org.eclipse.ui.console_3.6.200.v20160518-1858.jar
7fd8f573f000-7fd8f5781000 r--s 00398000 08:09 10748311                   /opt/eclipse/plugins/org.eclipse.ui.workbench_3.108.0.v20160602-1232.jar
7fd8f5781000-7fd8f5785000 r--s 00019000 08:09 10748602                   /opt/eclipse/plugins/org.eclipse.core.commands_3.8.0.v20160316-1921.jar
7fd8f5785000-7fd8f5797000 r--s 000f8000 08:09 10748780                   /opt/eclipse/plugins/org.eclipse.jface_3.12.0.v20160518-1929.jar
7fd8f5797000-7fd8f57ac000 r--s 0028f000 08:09 10748863                   /opt/eclipse/plugins/org.eclipse.swt.gtk.linux.x86_64_3.105.0.v20160603-0902.jar
7fd8f57ac000-7fd8f57b5000 r--s 00058000 08:09 10748604                   /opt/eclipse/plugins/org.eclipse.ui_3.108.0.v20160518-1929.jar
7fd8f57b5000-7fd8f57b7000 r--s 00014000 08:09 10748222                   /opt/eclipse/plugins/org.eclipse.equinox.app_1.3.400.v20150715-1528.jar
7fd8f57b7000-7fd8f57b9000 r--s 00017000 08:09 10748774                   /opt/eclipse/plugins/org.eclipse.core.contenttype_3.5.100.v20160418-1621.jar
7fd8f57b9000-7fd8f57bc000 r--s 0001e000 08:09 10748508                   /opt/eclipse/plugins/org.eclipse.equinox.preferences_3.6.0.v20160120-1756.jar
7fd8f57bc000-7fd8f57c0000 r--s 0002a000 08:09 10749014                   /opt/eclipse/plugins/org.eclipse.equinox.registry_3.6.100.v20160223-2218.jar
7fd8f57c0000-7fd8f57c3000 r--s 00019000 08:09 10748931                   /opt/eclipse/plugins/org.eclipse.core.jobs_3.8.0.v20160509-0411.jar
7fd8f57c3000-7fd8f57c6000 r--s 0001b000 08:09 10748983                   /opt/eclipse/plugins/org.eclipse.equinox.common_3.8.0.v20160509-1230.jar
7fd8f57c6000-7fd8f57c9000 r--s 00039000 08:09 10748174                   /opt/eclipse/plugins/org.eclipse.osgi.compatibility.state_1.0.200.v20160504-1419.jar
7fd8f57c9000-7fd8f57de000 r--s 0013d000 08:09 10748755                   /opt/eclipse/plugins/org.eclipse.osgi_3.11.0.v20160603-1336.jar
7fd8f57de000-7fd8f57e0000 r--s 00003000 08:09 10748526                   /opt/eclipse/plugins/javax.inject_1.0.0.v20091030.jar
7fd8f57e0000-7fd8f57ea000 r--s 00116000 08:09 7085461                    /usr/lib/jvm/java-8-openjdk-amd64/jre/lib/ext/localedata.jar
7fd8f57ea000-7fd8f5805000 r--s 001d6000 08:09 7085455                    /usr/lib/jvm/java-8-openjdk-amd64/jre/lib/ext/nashorn.jar
7fd8f5805000-7fd8f5806000 ---p 00000000 00:00 0 
7fd8f5806000-7fd8f5906000 rw-p 00000000 00:00 0 
7fd8f5906000-7fd8f5909000 ---p 00000000 00:00 0 
7fd8f5909000-7fd8f5a07000 rw-p 00000000 00:00 0 
7fd8f5a07000-7fd8f5a0a000 ---p 00000000 00:00 0 
7fd8f5a0a000-7fd8f5b08000 rw-p 00000000 00:00 0 
7fd8f5b08000-7fd8f5b0b000 ---p 00000000 00:00 0 
7fd8f5b0b000-7fd8f5c09000 rw-p 00000000 00:00 0 
7fd8f5c09000-7fd8f5c0c000 ---p 00000000 00:00 0 
7fd8f5c0c000-7fd8f5d0a000 rw-p 00000000 00:00 0 
7fd8f5d0a000-7fd8f5d0d000 ---p 00000000 00:00 0 
7fd8f5d0d000-7fd8f5e0b000 rw-p 00000000 00:00 0 
7fd8f5e0b000-7fd8f60e3000 r--p 00000000 08:09 2887360                    /usr/lib/locale/locale-archive
7fd8f60e3000-7fd8f60e6000 ---p 00000000 00:00 0 
7fd8f60e6000-7fd8f61e4000 rw-p 00000000 00:00 0 
7fd8f61e4000-7fd8f61e7000 ---p 00000000 00:00 0 
7fd8f61e7000-7fd8f62e5000 rw-p 00000000 00:00 0 
7fd8f62e5000-7fd8f62e6000 ---p 00000000 00:00 0 
7fd8f62e6000-7fd8f7257000 rw-p 00000000 00:00 0 
7fd8f7257000-7fd8f7425000 r--s 03c06000 08:09 7087811                    /usr/lib/jvm/java-8-openjdk-amd64/jre/lib/rt.jar
7fd8f7425000-7fd8f8000000 rw-p 00000000 00:00 0 
7fd8f8000000-7fd8f8021000 rw-p 00000000 00:00 0 
7fd8f8021000-7fd8fc000000 ---p 00000000 00:00 0 
7fd8fc000000-7fd8fc001000 r--s 00000000 08:09 26516289                   /home/hrishi/.eclipse/org.eclipse.platform_4.6.0_1473617060_linux_gtk_x86_64/plugins/fr.irisa.cairn.jnimap.runtime_1.0.0.201612051604.jar
7fd8fc001000-7fd8fc003000 r--s 00011000 08:09 10748883                   /opt/eclipse/plugins/org.eclipse.core.runtime_3.12.0.v20160606-1342.jar
7fd8fc003000-7fd8ffeb4000 rw-p 00000000 00:00 0 
7fd8ffeb4000-7fd8ffeb5000 ---p 00000000 00:00 0 
7fd8ffeb5000-7fd8fffb5000 rw-p 00000000 00:00 0 
7fd8fffb5000-7fd8fffb6000 ---p 00000000 00:00 0 
7fd8fffb6000-7fd9000b6000 rw-p 00000000 00:00 0 
7fd9000b6000-7fd9000b7000 ---p 00000000 00:00 0 
7fd9000b7000-7fd9001e1000 rw-p 00000000 00:00 0 
7fd9001e1000-7fd900449000 ---p 00000000 00:00 0 
7fd900449000-7fd900473000 rw-p 00000000 00:00 0 
7fd900473000-7fd9006db000 ---p 00000000 00:00 0 
7fd9006db000-7fd900704000 rw-p 00000000 00:00 0 
7fd900704000-7fd900824000 ---p 00000000 00:00 0 
7fd900824000-7fd900842000 rw-p 00000000 00:00 0 
7fd900842000-7fd900be5000 ---p 00000000 00:00 0 
7fd900be5000-7fd901315000 rwxp 00000000 00:00 0 
7fd901315000-7fd90fbe5000 ---p 00000000 00:00 0 
7fd90fbe5000-7fd90fbed000 r-xp 00000000 08:09 7085419                    /usr/lib/jvm/java-8-openjdk-amd64/jre/lib/amd64/libzip.so
7fd90fbed000-7fd90fdec000 ---p 00008000 08:09 7085419                    /usr/lib/jvm/java-8-openjdk-amd64/jre/lib/amd64/libzip.so
7fd90fdec000-7fd90fded000 r--p 00007000 08:09 7085419                    /usr/lib/jvm/java-8-openjdk-amd64/jre/lib/amd64/libzip.so
7fd90fded000-7fd90fdee000 rw-p 00008000 08:09 7085419                    /usr/lib/jvm/java-8-openjdk-amd64/jre/lib/amd64/libzip.so
7fd90fdee000-7fd90fdf9000 r-xp 00000000 08:09 24382890                   /lib/x86_64-linux-gnu/libnss_files-2.23.so
7fd90fdf9000-7fd90fff8000 ---p 0000b000 08:09 24382890                   /lib/x86_64-linux-gnu/libnss_files-2.23.so
7fd90fff8000-7fd90fff9000 r--p 0000a000 08:09 24382890                   /lib/x86_64-linux-gnu/libnss_files-2.23.so
7fd90fff9000-7fd90fffa000 rw-p 0000b000 08:09 24382890                   /lib/x86_64-linux-gnu/libnss_files-2.23.so
7fd90fffa000-7fd910000000 rw-p 00000000 00:00 0 
7fd910000000-7fd910a9d000 rw-p 00000000 00:00 0 
7fd910a9d000-7fd914000000 ---p 00000000 00:00 0 
7fd914000000-7fd914001000 r--s 00002000 08:09 10748530                   /opt/eclipse/plugins/org.eclipse.e4.ui.workbench3_0.13.100.v20160506-0759.jar
7fd914001000-7fd914005000 r--s 00037000 08:09 7085460                    /usr/lib/jvm/java-8-openjdk-amd64/jre/lib/ext/sunpkcs11.jar
7fd914005000-7fd914008000 r--s 0000f000 08:09 7085457                    /usr/lib/jvm/java-8-openjdk-amd64/jre/lib/ext/icedtea-sound.jar
7fd914008000-7fd91400d000 r--s 0003b000 08:09 7085462                    /usr/lib/jvm/java-8-openjdk-amd64/jre/lib/ext/sunjce_provider.jar
7fd91400d000-7fd9140f1000 rw-p 00000000 00:00 0 
7fd9140f1000-7fd9140f2000 ---p 00000000 00:00 0 
7fd9140f2000-7fd9141f2000 rw-p 00000000 00:00 0 
7fd9141f2000-7fd9141fd000 r-xp 00000000 08:09 24382881                   /lib/x86_64-linux-gnu/libnss_nis-2.23.so
7fd9141fd000-7fd9143fc000 ---p 0000b000 08:09 24382881                   /lib/x86_64-linux-gnu/libnss_nis-2.23.so
7fd9143fc000-7fd9143fd000 r--p 0000a000 08:09 24382881                   /lib/x86_64-linux-gnu/libnss_nis-2.23.so
7fd9143fd000-7fd9143fe000 rw-p 0000b000 08:09 24382881                   /lib/x86_64-linux-gnu/libnss_nis-2.23.so
7fd9143fe000-7fd914414000 r-xp 00000000 08:09 24382883                   /lib/x86_64-linux-gnu/libnsl-2.23.so
7fd914414000-7fd914613000 ---p 00016000 08:09 24382883                   /lib/x86_64-linux-gnu/libnsl-2.23.so
7fd914613000-7fd914614000 r--p 00015000 08:09 24382883                   /lib/x86_64-linux-gnu/libnsl-2.23.so
7fd914614000-7fd914615000 rw-p 00016000 08:09 24382883                   /lib/x86_64-linux-gnu/libnsl-2.23.so
7fd914615000-7fd914617000 rw-p 00000000 00:00 0 
7fd914617000-7fd91461f000 r-xp 00000000 08:09 24382892                   /lib/x86_64-linux-gnu/libnss_compat-2.23.so
7fd91461f000-7fd91481e000 ---p 00008000 08:09 24382892                   /lib/x86_64-linux-gnu/libnss_compat-2.23.so
7fd91481e000-7fd91481f000 r--p 00007000 08:09 24382892                   /lib/x86_64-linux-gnu/libnss_compat-2.23.so
7fd91481f000-7fd914820000 rw-p 00008000 08:09 24382892                   /lib/x86_64-linux-gnu/libnss_compat-2.23.so
7fd914820000-7fd91484d000 r-xp 00000000 08:09 7085444                    /usr/lib/jvm/java-8-openjdk-amd64/jre/lib/amd64/libjava.so
7fd91484d000-7fd914a4c000 ---p 0002d000 08:09 7085444                    /usr/lib/jvm/java-8-openjdk-amd64/jre/lib/amd64/libjava.so
7fd914a4c000-7fd914a4d000 r--p 0002c000 08:09 7085444                    /usr/lib/jvm/java-8-openjdk-amd64/jre/lib/amd64/libjava.so
7fd914a4d000-7fd914a4f000 rw-p 0002d000 08:09 7085444                    /usr/lib/jvm/java-8-openjdk-amd64/jre/lib/amd64/libjava.so
7fd914a4f000-7fd914a5e000 r-xp 00000000 08:09 7085412                    /usr/lib/jvm/java-8-openjdk-amd64/jre/lib/amd64/libverify.so
7fd914a5e000-7fd914c5d000 ---p 0000f000 08:09 7085412                    /usr/lib/jvm/java-8-openjdk-amd64/jre/lib/amd64/libverify.so
7fd914c5d000-7fd914c5f000 r--p 0000e000 08:09 7085412                    /usr/lib/jvm/java-8-openjdk-amd64/jre/lib/amd64/libverify.so
7fd914c5f000-7fd914c60000 rw-p 00010000 08:09 7085412                    /usr/lib/jvm/java-8-openjdk-amd64/jre/lib/amd64/libverify.so
7fd914c60000-7fd914c67000 r-xp 00000000 08:09 24382893                   /lib/x86_64-linux-gnu/librt-2.23.so
7fd914c67000-7fd914e66000 ---p 00007000 08:09 24382893                   /lib/x86_64-linux-gnu/librt-2.23.so
7fd914e66000-7fd914e67000 r--p 00006000 08:09 24382893                   /lib/x86_64-linux-gnu/librt-2.23.so
7fd914e67000-7fd914e68000 rw-p 00007000 08:09 24382893                   /lib/x86_64-linux-gnu/librt-2.23.so
7fd914e68000-7fd914e7e000 r-xp 00000000 08:09 24383888                   /lib/x86_64-linux-gnu/libgcc_s.so.1
7fd914e7e000-7fd91507d000 ---p 00016000 08:09 24383888                   /lib/x86_64-linux-gnu/libgcc_s.so.1
7fd91507d000-7fd91507e000 rw-p 00015000 08:09 24383888                   /lib/x86_64-linux-gnu/libgcc_s.so.1
7fd91507e000-7fd915186000 r-xp 00000000 08:09 24382882                   /lib/x86_64-linux-gnu/libm-2.23.so
7fd915186000-7fd915385000 ---p 00108000 08:09 24382882                   /lib/x86_64-linux-gnu/libm-2.23.so
7fd915385000-7fd915386000 r--p 00107000 08:09 24382882                   /lib/x86_64-linux-gnu/libm-2.23.so
7fd915386000-7fd915387000 rw-p 00108000 08:09 24382882                   /lib/x86_64-linux-gnu/libm-2.23.so
7fd915387000-7fd9154f9000 r-xp 00000000 08:09 2888511                    /usr/lib/x86_64-linux-gnu/libstdc++.so.6.0.21
7fd9154f9000-7fd9156f9000 ---p 00172000 08:09 2888511                    /usr/lib/x86_64-linux-gnu/libstdc++.so.6.0.21
7fd9156f9000-7fd915703000 r--p 00172000 08:09 2888511                    /usr/lib/x86_64-linux-gnu/libstdc++.so.6.0.21
7fd915703000-7fd915705000 rw-p 0017c000 08:09 2888511                    /usr/lib/x86_64-linux-gnu/libstdc++.so.6.0.21
7fd915705000-7fd915709000 rw-p 00000000 00:00 0 
7fd915709000-7fd916359000 r-xp 00000000 08:09 7085439                    /usr/lib/jvm/java-8-openjdk-amd64/jre/lib/amd64/server/libjvm.so
7fd916359000-7fd916558000 ---p 00c50000 08:09 7085439                    /usr/lib/jvm/java-8-openjdk-amd64/jre/lib/amd64/server/libjvm.so
7fd916558000-7fd9165eb000 r--p 00c4f000 08:09 7085439                    /usr/lib/jvm/java-8-openjdk-amd64/jre/lib/amd64/server/libjvm.so
7fd9165eb000-7fd916614000 rw-p 00ce2000 08:09 7085439                    /usr/lib/jvm/java-8-openjdk-amd64/jre/lib/amd64/server/libjvm.so
7fd916614000-7fd916644000 rw-p 00000000 00:00 0 
7fd916644000-7fd91665c000 r-xp 00000000 08:09 24382897                   /lib/x86_64-linux-gnu/libpthread-2.23.so
7fd91665c000-7fd91685b000 ---p 00018000 08:09 24382897                   /lib/x86_64-linux-gnu/libpthread-2.23.so
7fd91685b000-7fd91685c000 r--p 00017000 08:09 24382897                   /lib/x86_64-linux-gnu/libpthread-2.23.so
7fd91685c000-7fd91685d000 rw-p 00018000 08:09 24382897                   /lib/x86_64-linux-gnu/libpthread-2.23.so
7fd91685d000-7fd916861000 rw-p 00000000 00:00 0 
7fd916861000-7fd916864000 r-xp 00000000 08:09 24382880                   /lib/x86_64-linux-gnu/libdl-2.23.so
7fd916864000-7fd916a63000 ---p 00003000 08:09 24382880                   /lib/x86_64-linux-gnu/libdl-2.23.so
7fd916a63000-7fd916a64000 r--p 00002000 08:09 24382880                   /lib/x86_64-linux-gnu/libdl-2.23.so
7fd916a64000-7fd916a65000 rw-p 00003000 08:09 24382880                   /lib/x86_64-linux-gnu/libdl-2.23.so
7fd916a65000-7fd916a7e000 r-xp 00000000 08:09 24384041                   /lib/x86_64-linux-gnu/libz.so.1.2.8
7fd916a7e000-7fd916c7d000 ---p 00019000 08:09 24384041                   /lib/x86_64-linux-gnu/libz.so.1.2.8
7fd916c7d000-7fd916c7e000 r--p 00018000 08:09 24384041                   /lib/x86_64-linux-gnu/libz.so.1.2.8
7fd916c7e000-7fd916c7f000 rw-p 00019000 08:09 24384041                   /lib/x86_64-linux-gnu/libz.so.1.2.8
7fd916c7f000-7fd916e3e000 r-xp 00000000 08:09 24382884                   /lib/x86_64-linux-gnu/libc-2.23.so
7fd916e3e000-7fd91703e000 ---p 001bf000 08:09 24382884                   /lib/x86_64-linux-gnu/libc-2.23.so
7fd91703e000-7fd917042000 r--p 001bf000 08:09 24382884                   /lib/x86_64-linux-gnu/libc-2.23.so
7fd917042000-7fd917044000 rw-p 001c3000 08:09 24382884                   /lib/x86_64-linux-gnu/libc-2.23.so
7fd917044000-7fd917048000 rw-p 00000000 00:00 0 
7fd917048000-7fd917055000 r-xp 00000000 08:09 7085434                    /usr/lib/jvm/java-8-openjdk-amd64/jre/lib/amd64/jli/libjli.so
7fd917055000-7fd917255000 ---p 0000d000 08:09 7085434                    /usr/lib/jvm/java-8-openjdk-amd64/jre/lib/amd64/jli/libjli.so
7fd917255000-7fd917256000 r--p 0000d000 08:09 7085434                    /usr/lib/jvm/java-8-openjdk-amd64/jre/lib/amd64/jli/libjli.so
7fd917256000-7fd917257000 rw-p 0000e000 08:09 7085434                    /usr/lib/jvm/java-8-openjdk-amd64/jre/lib/amd64/jli/libjli.so
7fd917257000-7fd91727d000 r-xp 00000000 08:09 24382885                   /lib/x86_64-linux-gnu/ld-2.23.so
7fd91727d000-7fd91727e000 r--s 00004000 08:09 10748172                   /opt/eclipse/plugins/org.eclipse.swt_3.105.0.v20160603-0902.jar
7fd91727e000-7fd917280000 r--s 00001000 08:09 7085456                    /usr/lib/jvm/java-8-openjdk-amd64/jre/lib/ext/dnsns.jar
7fd917280000-7fd917282000 r--s 00008000 08:09 7085454                    /usr/lib/jvm/java-8-openjdk-amd64/jre/lib/ext/sunec.jar
7fd917282000-7fd91734d000 rw-p 00000000 00:00 0 
7fd91734d000-7fd917350000 ---p 00000000 00:00 0 
7fd917350000-7fd917453000 rw-p 00000000 00:00 0 
7fd917453000-7fd917454000 r--s 00010000 08:09 7085459                    /usr/lib/jvm/java-8-openjdk-amd64/jre/lib/ext/zipfs.jar
7fd917454000-7fd917455000 r--s 0000a000 08:09 7085463                    /usr/lib/jvm/java-8-openjdk-amd64/jre/lib/ext/jaccess.jar
7fd917455000-7fd917470000 r--s 00394000 08:09 7085458                    /usr/lib/jvm/java-8-openjdk-amd64/jre/lib/ext/cldrdata.jar
7fd917470000-7fd917478000 rw-s 00000000 08:09 18616170                   /tmp/hsperfdata_hrishi/16854 (deleted)
7fd917478000-7fd917479000 rw-p 00000000 00:00 0 
7fd917479000-7fd91747a000 ---p 00000000 00:00 0 
7fd91747a000-7fd91747c000 rw-p 00000000 00:00 0 
7fd91747c000-7fd91747d000 r--p 00025000 08:09 24382885                   /lib/x86_64-linux-gnu/ld-2.23.so
7fd91747d000-7fd91747e000 rw-p 00026000 08:09 24382885                   /lib/x86_64-linux-gnu/ld-2.23.so
7fd91747e000-7fd91747f000 rw-p 00000000 00:00 0 
7ffd1937a000-7ffd1939d000 rw-p 00000000 00:00 0                          [stack]
7ffd193ef000-7ffd193f1000 r--p 00000000 00:00 0                          [vvar]
7ffd193f1000-7ffd193f3000 r-xp 00000000 00:00 0                          [vdso]
ffffffffff600000-ffffffffff601000 r-xp 00000000 00:00 0                  [vsyscall]

VM Arguments:
jvm_args: -Dfile.encoding=UTF-8 
java_command: RCPConsole
java_class_path (initial): /opt/eclipse/plugins/org.eclipse.core.runtime_3.12.0.v20160606-1342.jar:/opt/eclipse/plugins/javax.inject_1.0.0.v20091030.jar:/opt/eclipse/plugins/org.eclipse.osgi_3.11.0.v20160603-1336.jar:/opt/eclipse/plugins/org.eclipse.osgi.compatibility.state_1.0.200.v20160504-1419.jar:/opt/eclipse/plugins/org.eclipse.equinox.common_3.8.0.v20160509-1230.jar:/opt/eclipse/plugins/org.eclipse.core.jobs_3.8.0.v20160509-0411.jar:/opt/eclipse/plugins/org.eclipse.equinox.registry_3.6.100.v20160223-2218.jar:/opt/eclipse/plugins/org.eclipse.equinox.preferences_3.6.0.v20160120-1756.jar:/opt/eclipse/plugins/org.eclipse.core.contenttype_3.5.100.v20160418-1621.jar:/opt/eclipse/plugins/org.eclipse.equinox.app_1.3.400.v20150715-1528.jar:/opt/eclipse/plugins/org.eclipse.ui_3.108.0.v20160518-1929.jar:/opt/eclipse/plugins/org.eclipse.swt_3.105.0.v20160603-0902.jar:/opt/eclipse/plugins/org.eclipse.swt.gtk.linux.x86_64_3.105.0.v20160603-0902.jar:/opt/eclipse/plugins/org.eclipse.jface_3.12.0.v20160518-1929.jar:/opt/eclipse/plugins/org.eclipse.core.commands_3.8.0.v20160316-1921.jar:/opt/eclipse/plugins/org.eclipse.ui.workbench_3.108.0.v20160602-1232.jar:/opt/eclipse/plugins/org.eclipse.e4.ui.workbench3_0.13.100.v20160506-0759.jar:/opt/eclipse/plugins/org.eclipse.ui.console_3.6.200.v20160518-1858.jar:/opt/eclipse/plugins/org.eclipse.emf.ecore_2.12.0.v20160420-0247.jar:/opt/eclipse/plugins/org.eclipse.emf.common_2.12.0.v20160420-0247.jar:/opt/eclipse/plugins/org.eclipse.emf.ecore.xmi_2.12.0.v20160420-0247.jar:/home/hrishi/.eclipse/org.eclipse.platform_4.6.0_1473617060_linux_gtk_x86_64/plugins/fr.irisa.cairn.eclipse.tom_2.10.0.201612051604/libs/aircube-bundle.jar:/home/hrishi/.eclipse/org.eclipse.platform_4.6.0_1473617060_linux_gtk_x86_64/plugins/fr.irisa.cairn.graph_1.0.0.201612051604:/home/hrishi/.eclipse/org.eclipse.platform_4.6.0_1473617060_linux_gtk_x86_64/plugins/fr.irisa.cairn.graph_1.0.0.201612051604/lib/jgrapht-ext-0.9.1-uber.jar:/opt/eclipse/plugins/com.google.inj
Launcher Type: SUN_STANDARD

Environment Variables:
PATH=/home/hrishi/torch/install/bin:/usr/local/sbin:/usr/local/bin:/usr/sbin:/usr/bin:/sbin:/bin:/usr/games:/usr/local/games:/snap/bin
LD_LIBRARY_PATH=/home/hrishi/torch/install/lib:
SHELL=/bin/bash
DISPLAY=:0
DYLD_LIBRARY_PATH=/home/hrishi/torch/install/lib:

Signal Handlers:
SIGSEGV: [libjvm.so+0xa66fd0], sa_mask[0]=11111111011111111101111111111110, sa_flags=SA_RESTART|SA_SIGINFO
SIGBUS: [libjvm.so+0xa66fd0], sa_mask[0]=11111111011111111101111111111110, sa_flags=SA_RESTART|SA_SIGINFO
SIGFPE: [libjvm.so+0x8b0180], sa_mask[0]=11111111011111111101111111111110, sa_flags=SA_RESTART|SA_SIGINFO
SIGPIPE: [libjvm.so+0x8b0180], sa_mask[0]=11111111011111111101111111111110, sa_flags=SA_RESTART|SA_SIGINFO
SIGXFSZ: [libjvm.so+0x8b0180], sa_mask[0]=11111111011111111101111111111110, sa_flags=SA_RESTART|SA_SIGINFO
SIGILL: [libjvm.so+0x8b0180], sa_mask[0]=11111111011111111101111111111110, sa_flags=SA_RESTART|SA_SIGINFO
SIGUSR1: SIG_DFL, sa_mask[0]=00000000000000000000000000000000, sa_flags=none
SIGUSR2: [libjvm.so+0x8b0030], sa_mask[0]=00100000000000000000000000000000, sa_flags=SA_RESTART|SA_SIGINFO
SIGHUP: [libjvm.so+0x8b0500], sa_mask[0]=11111111011111111101111111111110, sa_flags=SA_RESTART|SA_SIGINFO
SIGINT: [libjvm.so+0x8b0500], sa_mask[0]=11111111011111111101111111111110, sa_flags=SA_RESTART|SA_SIGINFO
SIGTERM: [libjvm.so+0x8b0500], sa_mask[0]=11111111011111111101111111111110, sa_flags=SA_RESTART|SA_SIGINFO
SIGQUIT: [libjvm.so+0x8b0500], sa_mask[0]=11111111011111111101111111111110, sa_flags=SA_RESTART|SA_SIGINFO


---------------  S Y S T E M  ---------------

OS:DISTRIB_ID=Ubuntu
DISTRIB_RELEASE=16.04
DISTRIB_CODENAME=xenial
DISTRIB_DESCRIPTION="Ubuntu 16.04 LTS"

uname:Linux 4.4.0-72-generic #93-Ubuntu SMP Fri Mar 31 14:07:41 UTC 2017 x86_64
libc:glibc 2.23 NPTL 2.23 
rlimit: STACK 8192k, CORE 0k, NPROC 31118, NOFILE 65536, AS infinity
load average:114.79 47.59 20.06

/proc/meminfo:
MemTotal:        8084688 kB
MemFree:         5066832 kB
MemAvailable:    5319880 kB
Buffers:           35848 kB
Cached:           622536 kB
SwapCached:       131412 kB
Active:          1964780 kB
Inactive:         737808 kB
Active(anon):    1711244 kB
Inactive(anon):   558528 kB
Active(file):     253536 kB
Inactive(file):   179280 kB
Unevictable:        1108 kB
Mlocked:            1108 kB
SwapTotal:      12000252 kB
SwapFree:        7677516 kB
Dirty:              1752 kB
Writeback:             0 kB
AnonPages:       2032912 kB
Mapped:           242160 kB
Shmem:            225500 kB
Slab:             157792 kB
SReclaimable:      81276 kB
SUnreclaim:        76516 kB
KernelStack:       15536 kB
PageTables:        57428 kB
NFS_Unstable:          0 kB
Bounce:                0 kB
WritebackTmp:          0 kB
CommitLimit:    16042596 kB
Committed_AS:   13385684 kB
VmallocTotal:   34359738367 kB
VmallocUsed:           0 kB
VmallocChunk:          0 kB
HardwareCorrupted:     0 kB
AnonHugePages:    755712 kB
CmaTotal:              0 kB
CmaFree:               0 kB
HugePages_Total:       0
HugePages_Free:        0
HugePages_Rsvd:        0
HugePages_Surp:        0
Hugepagesize:       2048 kB
DirectMap4k:      817032 kB
DirectMap2M:     7481344 kB
DirectMap1G:           0 kB


CPU:total 4 (2 cores per cpu, 2 threads per core) family 6 model 61 stepping 4, cmov, cx8, fxsr, mmx, sse, sse2, sse3, ssse3, sse4.1, sse4.2, popcnt, avx, avx2, aes, clmul, erms, 3dnowpref, lzcnt, ht, tsc, tscinvbit, bmi1, bmi2, adx

/proc/cpuinfo:
processor	: 0
vendor_id	: GenuineIntel
cpu family	: 6
model		: 61
model name	: Intel(R) Core(TM) i5-5200U CPU @ 2.20GHz
stepping	: 4
microcode	: 0x12
cpu MHz		: 1440.226
cache size	: 3072 KB
physical id	: 0
siblings	: 4
core id		: 0
cpu cores	: 2
apicid		: 0
initial apicid	: 0
fpu		: yes
fpu_exception	: yes
cpuid level	: 20
wp		: yes
flags		: fpu vme de pse tsc msr pae mce cx8 apic sep mtrr pge mca cmov pat pse36 clflush dts acpi mmx fxsr sse sse2 ss ht tm pbe syscall nx pdpe1gb rdtscp lm constant_tsc arch_perfmon pebs bts rep_good nopl xtopology nonstop_tsc aperfmperf eagerfpu pni pclmulqdq dtes64 monitor ds_cpl vmx est tm2 ssse3 sdbg fma cx16 xtpr pdcm pcid sse4_1 sse4_2 x2apic movbe popcnt tsc_deadline_timer aes xsave avx f16c rdrand lahf_lm abm 3dnowprefetch epb intel_pt tpr_shadow vnmi flexpriority ept vpid fsgsbase tsc_adjust bmi1 avx2 smep bmi2 erms invpcid rdseed adx smap xsaveopt dtherm ida arat pln pts
bugs		:
bogomips	: 4390.01
clflush size	: 64
cache_alignment	: 64
address sizes	: 39 bits physical, 48 bits virtual
power management:

processor	: 1
vendor_id	: GenuineIntel
cpu family	: 6
model		: 61
model name	: Intel(R) Core(TM) i5-5200U CPU @ 2.20GHz
stepping	: 4
microcode	: 0x12
cpu MHz		: 2492.531
cache size	: 3072 KB
physical id	: 0
siblings	: 4
core id		: 1
cpu cores	: 2
apicid		: 2
initial apicid	: 2
fpu		: yes
fpu_exception	: yes
cpuid level	: 20
wp		: yes
flags		: fpu vme de pse tsc msr pae mce cx8 apic sep mtrr pge mca cmov pat pse36 clflush dts acpi mmx fxsr sse sse2 ss ht tm pbe syscall nx pdpe1gb rdtscp lm constant_tsc arch_perfmon pebs bts rep_good nopl xtopology nonstop_tsc aperfmperf eagerfpu pni pclmulqdq dtes64 monitor ds_cpl vmx est tm2 ssse3 sdbg fma cx16 xtpr pdcm pcid sse4_1 sse4_2 x2apic movbe popcnt tsc_deadline_timer aes xsave avx f16c rdrand lahf_lm abm 3dnowprefetch epb intel_pt tpr_shadow vnmi flexpriority ept vpid fsgsbase tsc_adjust bmi1 avx2 smep bmi2 erms invpcid rdseed adx smap xsaveopt dtherm ida arat pln pts
bugs		:
bogomips	: 4390.01
clflush size	: 64
cache_alignment	: 64
address sizes	: 39 bits physical, 48 bits virtual
power management:

processor	: 2
vendor_id	: GenuineIntel
cpu family	: 6
model		: 61
model name	: Intel(R) Core(TM) i5-5200U CPU @ 2.20GHz
stepping	: 4
microcode	: 0x12
cpu MHz		: 1986.015
cache size	: 3072 KB
physical id	: 0
siblings	: 4
core id		: 0
cpu cores	: 2
apicid		: 1
initial apicid	: 1
fpu		: yes
fpu_exception	: yes
cpuid level	: 20
wp		: yes
flags		: fpu vme de pse tsc msr pae mce cx8 apic sep mtrr pge mca cmov pat pse36 clflush dts acpi mmx fxsr sse sse2 ss ht tm pbe syscall nx pdpe1gb rdtscp lm constant_tsc arch_perfmon pebs bts rep_good nopl xtopology nonstop_tsc aperfmperf eagerfpu pni pclmulqdq dtes64 monitor ds_cpl vmx est tm2 ssse3 sdbg fma cx16 xtpr pdcm pcid sse4_1 sse4_2 x2apic movbe popcnt tsc_deadline_timer aes xsave avx f16c rdrand lahf_lm abm 3dnowprefetch epb intel_pt tpr_shadow vnmi flexpriority ept vpid fsgsbase tsc_adjust bmi1 avx2 smep bmi2 erms invpcid rdseed adx smap xsaveopt dtherm ida arat pln pts
bugs		:
bogomips	: 4390.01
clflush size	: 64
cache_alignment	: 64
address sizes	: 39 bits physical, 48 bits virtual
power management:

processor	: 3
vendor_id	: GenuineIntel
cpu family	: 6
model		: 61
model name	: Intel(R) Core(TM) i5-5200U CPU @ 2.20GHz
stepping	: 4
microcode	: 0x12
cpu MHz		: 2153.164
cache size	: 3072 KB
physical id	: 0
siblings	: 4
core id		: 1
cpu cores	: 2
apicid		: 3
initial apicid	: 3
fpu		: yes
fpu_exception	: yes
cpuid level	: 20
wp		: yes
flags		: fpu vme de pse tsc msr pae mce cx8 apic sep mtrr pge mca cmov pat pse36 clflush dts acpi mmx fxsr sse sse2 ss ht tm pbe syscall nx pdpe1gb rdtscp lm constant_tsc arch_perfmon pebs bts rep_good nopl xtopology nonstop_tsc aperfmperf eagerfpu pni pclmulqdq dtes64 monitor ds_cpl vmx est tm2 ssse3 sdbg fma cx16 xtpr pdcm pcid sse4_1 sse4_2 x2apic movbe popcnt tsc_deadline_timer aes xsave avx f16c rdrand lahf_lm abm 3dnowprefetch epb intel_pt tpr_shadow vnmi flexpriority ept vpid fsgsbase tsc_adjust bmi1 avx2 smep bmi2 erms invpcid rdseed adx smap xsaveopt dtherm ida arat pln pts
bugs		:
bogomips	: 4390.01
clflush size	: 64
cache_alignment	: 64
address sizes	: 39 bits physical, 48 bits virtual
power management:



Memory: 4k page, physical 8084688k(5066832k free), swap 12000252k(7677516k free)

vm_info: OpenJDK 64-Bit Server VM (25.121-b13) for linux-amd64 JRE (1.8.0_121-8u121-b13-0ubuntu1.16.04.2-b13), built on Jan 23 2017 15:51:29 by "buildd" with gcc 5.4.0 20160609

time: Sun Apr 30 23:06:32 2017
elapsed time: 53991 seconds (0d 14h 59m 51s)

