#
# A fatal error has been detected by the Java Runtime Environment:
#
#  SIGSEGV (0xb) at pc=0x0000000000046b20, pid=18662, tid=0x00007fa5f8b36700
#
# JRE version: OpenJDK Runtime Environment (8.0_121-b13) (build 1.8.0_121-8u121-b13-0ubuntu1.16.04.2-b13)
# Java VM: OpenJDK 64-Bit Server VM (25.121-b13 mixed mode linux-amd64 compressed oops)
# Problematic frame:
# C  0x0000000000046b20
#
# Failed to write core dump. Core dumps have been disabled. To enable core dumping, try "ulimit -c unlimited" before starting Java again
#
# If you would like to submit a bug report, please visit:
#   http://bugreport.java.com/bugreport/crash.jsp
#

---------------  T H R E A D  ---------------

Current thread is native thread

siginfo: si_signo: 11 (SIGSEGV), si_code: 1 (SEGV_MAPERR), si_addr: 0x0000000000046b20

Registers:
RAX=0x00007fa5ca157248, RBX=0x00007fa5f082c380, RCX=0x0000000000000000, RDX=0x0000000000000000
RSP=0x00007fff58dc8db8, RBP=0x00007fff58dc8f10, RSI=0x0000000000000000, RDI=0x00007fa5f8365140
R8 =0x0000000000000000, R9 =0x00007fa5f872c808, R10=0x00007fa5f83650c0, R11=0x00007fa5f83a02d0
R12=0x00007fa5ca1571a8, R13=0x0000000000000000, R14=0x00007fff58dc8dc0, R15=0x0000000000000012
RIP=0x0000000000046b20, EFLAGS=0x0000000000010202, CSGSFS=0x0000000000000033, ERR=0x0000000000000014
  TRAPNO=0x000000000000000e

Top of Stack: (sp=0x00007fff58dc8db8)
0x00007fff58dc8db8:   00007fa5f894ec17 00007fa5f8b65168
0x00007fff58dc8dc8:   00007fa5f8b65700 00007fa5f8b627a8
0x00007fff58dc8dd8:   00007fa5f00009a0 00007fa5f000b570
0x00007fff58dc8de8:   00007fa5f000cbf0 00007fa5f000ba20
0x00007fff58dc8df8:   00007fa5f000d0a0 00007fa5f0019ae0
0x00007fff58dc8e08:   00007fa5f0001bd0 00007fa5f00014a0
0x00007fff58dc8e18:   0000000000e1b150 0000000000e1b680
0x00007fff58dc8e28:   0000000000e1c4c0 0000000000e1bba0
0x00007fff58dc8e38:   00007fa5f8b38000 00007fa5f8b39b00
0x00007fff58dc8e48:   00007fa5f8b39618 00007fa5f082c380
0x00007fff58dc8e58:   00007fa5f082c9e0 00007fa5f082cf70
0x00007fff58dc8e68:   00007fa5f8b39000 00007fa5f8b649d8
0x00007fff58dc8e78:   00007fa5f894e964 00007fff58dc8dc0
0x00007fff58dc8e88:   0000000000000006 00007fff58dc8df0
0x00007fff58dc8e98:   0000000000000001 0000000000000006
0x00007fff58dc8ea8:   00007fff58dc8e80 00000017f872ac40
0x00007fff58dc8eb8:   00007fff58dc8dc0 0000001700000000
0x00007fff58dc8ec8:   00007fa5f8b64048 00007fff58dc8d90
0x00007fff58dc8ed8:   0000000000000000 0000000000000001
0x00007fff58dc8ee8:   0000000000000001 0000000000000001
0x00007fff58dc8ef8:   00007fa5f872ac40 0000000000000000
0x00007fff58dc8f08:   0000000000000000 00007fa5f87295f8
0x00007fff58dc8f18:   00007fa5f839fff8 00000000004007bc
0x00007fff58dc8f28:   0000000000000000 0000000000400730
0x00007fff58dc8f38:   0000000000400630 00007fff58dc9030
0x00007fff58dc8f48:   00007fa5f83a0045 0000000000400730
0x00007fff58dc8f58:   00007fa5f8386837 0000000000000000
0x00007fff58dc8f68:   00007fff58dc9038 0000000500000000
0x00007fff58dc8f78:   00000000004005e0 0000000000000000
0x00007fff58dc8f88:   c1c276dd4c30ebcc 0000000000400630
0x00007fff58dc8f98:   00007fff58dc9030 0000000000000000
0x00007fff58dc8fa8:   0000000000000000 3e3cc7e45c90ebcc 

Instructions: (pc=0x0000000000046b20)
0x0000000000046b00:   
[error occurred during error reporting (printing registers, top of stack, instructions near pc), id 0xb]

Register to memory mapping:

RAX=
[error occurred during error reporting (printing register info), id 0xb]

Stack: [0x00007fff58ccd000,0x00007fff58dcd000],  sp=0x00007fff58dc8db8,  free space=1007k
Native frames: (J=compiled Java code, j=interpreted, Vv=VM code, C=native code)
C  0x0000000000046b20


---------------  P R O C E S S  ---------------

VM state:at safepoint (shutting down)

VM Mutex/Monitor currently owned by a thread:  ([mutex/lock_event])
[0x00007fa5f0009dd0] Threads_lock - owner thread: 0x00007fa5f007b000

Heap:
 PSYoungGen      total 68608K, used 43767K [0x00000000d6e00000, 0x00000000db600000, 0x0000000100000000)
  eden space 63488K, 60% used [0x00000000d6e00000,0x00000000d93c5f10,0x00000000dac00000)
  from space 5120K, 99% used [0x00000000db100000,0x00000000db5f8020,0x00000000db600000)
  to   space 5120K, 0% used [0x00000000dac00000,0x00000000dac00000,0x00000000db100000)
 ParOldGen       total 84992K, used 10980K [0x0000000084a00000, 0x0000000089d00000, 0x00000000d6e00000)
  object space 84992K, 12% used [0x0000000084a00000,0x00000000854b91e0,0x0000000089d00000)
 Metaspace       used 19213K, capacity 19314K, committed 19712K, reserved 1067008K
  class space    used 2489K, capacity 2525K, committed 2560K, reserved 1048576K

Card table byte_map: [0x00007fa5f4d22000,0x00007fa5f50fe000] byte_map_base: 0x00007fa5f48fd000

Marking Bits: (ParMarkBitMap*) 0x00007fa5f7d0e220
 Begin Bits: [0x00007fa5d8250000, 0x00007fa5da128000)
 End Bits:   [0x00007fa5da128000, 0x00007fa5dc000000)

Polling page: 0x00007fa5f8b60000

CodeCache: size=245760Kb used=7390Kb max_used=7435Kb free=238369Kb
 bounds [0x00007fa5e1000000, 0x00007fa5e1760000, 0x00007fa5f0000000]
 total_blobs=2630 nmethods=2244 adapters=299
 compilation: enabled

Compilation events (10 events):
Event: 8.181 Thread 0x00007fa5f00b0800 nmethod 1899 0x00007fa5e171a250 code [0x00007fa5e171aca0, 0x00007fa5e17228b0]
Event: 8.181 Thread 0x00007fa5f00b0800 2226       4       java.util.concurrent.Semaphore::release (10 bytes)
Event: 8.182 Thread 0x00007fa5f00b0800 nmethod 2226 0x00007fa5e1717190 code [0x00007fa5e17172e0, 0x00007fa5e17173d8]
Event: 8.182 Thread 0x00007fa5f00b0800 2218       4       fr.irisa.cairn.jnimap.runtime.JNIObject::<init> (32 bytes)
Event: 8.183 Thread 0x00007fa5f00b0800 nmethod 2218 0x00007fa5e1716e90 code [0x00007fa5e1716fe0, 0x00007fa5e17170b8]
Event: 8.183 Thread 0x00007fa5f00b0800 2224       4       org.eclipse.emf.ecore.impl.BasicEObjectImpl::eDirectResource (20 bytes)
Event: 8.183 Thread 0x00007fa5f00b0800 nmethod 2224 0x00007fa5e1716bd0 code [0x00007fa5e1716d20, 0x00007fa5e1716dd8]
Event: 8.183 Thread 0x00007fa5f00b0800 2241  s    4       java.lang.StringBuffer::toString (36 bytes)
Event: 8.187 Thread 0x00007fa5f00b0800 nmethod 2241 0x00007fa5e1718490 code [0x00007fa5e1718600, 0x00007fa5e1718b58]
Event: 8.278 Thread 0x00007fa5f00b3800 nmethod 2215 0x00007fa5e17391d0 code [0x00007fa5e1739cc0, 0x00007fa5e1741d78]

GC Heap History (8 events):
Event: 6.174 GC heap before
{Heap before GC invocations=1 (full 0):
 PSYoungGen      total 36864K, used 31744K [0x00000000d6e00000, 0x00000000d9700000, 0x0000000100000000)
  eden space 31744K, 100% used [0x00000000d6e00000,0x00000000d8d00000,0x00000000d8d00000)
  from space 5120K, 0% used [0x00000000d9200000,0x00000000d9200000,0x00000000d9700000)
  to   space 5120K, 0% used [0x00000000d8d00000,0x00000000d8d00000,0x00000000d9200000)
 ParOldGen       total 84992K, used 0K [0x0000000084a00000, 0x0000000089d00000, 0x00000000d6e00000)
  object space 84992K, 0% used [0x0000000084a00000,0x0000000084a00000,0x0000000089d00000)
 Metaspace       used 6688K, capacity 6838K, committed 7040K, reserved 1056768K
  class space    used 737K, capacity 787K, committed 896K, reserved 1048576K
Event: 6.191 GC heap after
Heap after GC invocations=1 (full 0):
 PSYoungGen      total 36864K, used 5110K [0x00000000d6e00000, 0x00000000d9700000, 0x0000000100000000)
  eden space 31744K, 0% used [0x00000000d6e00000,0x00000000d6e00000,0x00000000d8d00000)
  from space 5120K, 99% used [0x00000000d8d00000,0x00000000d91fdb98,0x00000000d9200000)
  to   space 5120K, 0% used [0x00000000d9200000,0x00000000d9200000,0x00000000d9700000)
 ParOldGen       total 84992K, used 985K [0x0000000084a00000, 0x0000000089d00000, 0x00000000d6e00000)
  object space 84992K, 1% used [0x0000000084a00000,0x0000000084af66c0,0x0000000089d00000)
 Metaspace       used 6688K, capacity 6838K, committed 7040K, reserved 1056768K
  class space    used 737K, capacity 787K, committed 896K, reserved 1048576K
}
Event: 6.656 GC heap before
{Heap before GC invocations=2 (full 0):
 PSYoungGen      total 36864K, used 36854K [0x00000000d6e00000, 0x00000000d9700000, 0x0000000100000000)
  eden space 31744K, 100% used [0x00000000d6e00000,0x00000000d8d00000,0x00000000d8d00000)
  from space 5120K, 99% used [0x00000000d8d00000,0x00000000d91fdb98,0x00000000d9200000)
  to   space 5120K, 0% used [0x00000000d9200000,0x00000000d9200000,0x00000000d9700000)
 ParOldGen       total 84992K, used 985K [0x0000000084a00000, 0x0000000089d00000, 0x00000000d6e00000)
  object space 84992K, 1% used [0x0000000084a00000,0x0000000084af66c0,0x0000000089d00000)
 Metaspace       used 10517K, capacity 10588K, committed 10880K, reserved 1058816K
  class space    used 1313K, capacity 1332K, committed 1408K, reserved 1048576K
Event: 6.669 GC heap after
Heap after GC invocations=2 (full 0):
 PSYoungGen      total 36864K, used 5104K [0x00000000d6e00000, 0x00000000db600000, 0x0000000100000000)
  eden space 31744K, 0% used [0x00000000d6e00000,0x00000000d6e00000,0x00000000d8d00000)
  from space 5120K, 99% used [0x00000000d9200000,0x00000000d96fc030,0x00000000d9700000)
  to   space 5120K, 0% used [0x00000000d8d00000,0x00000000d8d00000,0x00000000d9200000)
 ParOldGen       total 84992K, used 4410K [0x0000000084a00000, 0x0000000089d00000, 0x00000000d6e00000)
  object space 84992K, 5% used [0x0000000084a00000,0x0000000084e4eb80,0x0000000089d00000)
 Metaspace       used 10517K, capacity 10588K, committed 10880K, reserved 1058816K
  class space    used 1313K, capacity 1332K, committed 1408K, reserved 1048576K
}
Event: 6.985 GC heap before
{Heap before GC invocations=3 (full 0):
 PSYoungGen      total 36864K, used 36848K [0x00000000d6e00000, 0x00000000db600000, 0x0000000100000000)
  eden space 31744K, 100% used [0x00000000d6e00000,0x00000000d8d00000,0x00000000d8d00000)
  from space 5120K, 99% used [0x00000000d9200000,0x00000000d96fc030,0x00000000d9700000)
  to   space 5120K, 0% used [0x00000000d8d00000,0x00000000d8d00000,0x00000000d9200000)
 ParOldGen       total 84992K, used 4410K [0x0000000084a00000, 0x0000000089d00000, 0x00000000d6e00000)
  object space 84992K, 5% used [0x0000000084a00000,0x0000000084e4eb80,0x0000000089d00000)
 Metaspace       used 12602K, capacity 12730K, committed 12928K, reserved 1060864K
  class space    used 1596K, capacity 1657K, committed 1664K, reserved 1048576K
Event: 6.994 GC heap after
Heap after GC invocations=3 (full 0):
 PSYoungGen      total 36864K, used 5088K [0x00000000d6e00000, 0x00000000db600000, 0x0000000100000000)
  eden space 31744K, 0% used [0x00000000d6e00000,0x00000000d6e00000,0x00000000d8d00000)
  from space 5120K, 99% used [0x00000000d8d00000,0x00000000d91f8020,0x00000000d9200000)
  to   space 5120K, 0% used [0x00000000db100000,0x00000000db100000,0x00000000db600000)
 ParOldGen       total 84992K, used 7829K [0x0000000084a00000, 0x0000000089d00000, 0x00000000d6e00000)
  object space 84992K, 9% used [0x0000000084a00000,0x00000000851a5648,0x0000000089d00000)
 Metaspace       used 12602K, capacity 12730K, committed 12928K, reserved 1060864K
  class space    used 1596K, capacity 1657K, committed 1664K, reserved 1048576K
}
Event: 7.328 GC heap before
{Heap before GC invocations=4 (full 0):
 PSYoungGen      total 36864K, used 36832K [0x00000000d6e00000, 0x00000000db600000, 0x0000000100000000)
  eden space 31744K, 100% used [0x00000000d6e00000,0x00000000d8d00000,0x00000000d8d00000)
  from space 5120K, 99% used [0x00000000d8d00000,0x00000000d91f8020,0x00000000d9200000)
  to   space 5120K, 0% used [0x00000000db100000,0x00000000db100000,0x00000000db600000)
 ParOldGen       total 84992K, used 7829K [0x0000000084a00000, 0x0000000089d00000, 0x00000000d6e00000)
  object space 84992K, 9% used [0x0000000084a00000,0x00000000851a5648,0x0000000089d00000)
 Metaspace       used 15168K, capacity 15334K, committed 15616K, reserved 1062912K
  class space    used 1983K, capacity 2011K, committed 2048K, reserved 1048576K
Event: 7.344 GC heap after
Heap after GC invocations=4 (full 0):
 PSYoungGen      total 68608K, used 5088K [0x00000000d6e00000, 0x00000000db600000, 0x0000000100000000)
  eden space 63488K, 0% used [0x00000000d6e00000,0x00000000d6e00000,0x00000000dac00000)
  from space 5120K, 99% used [0x00000000db100000,0x00000000db5f8020,0x00000000db600000)
  to   space 5120K, 0% used [0x00000000dac00000,0x00000000dac00000,0x00000000db100000)
 ParOldGen       total 84992K, used 10980K [0x0000000084a00000, 0x0000000089d00000, 0x00000000d6e00000)
  object space 84992K, 12% used [0x0000000084a00000,0x00000000854b91e0,0x0000000089d00000)
 Metaspace       used 15168K, capacity 15334K, committed 15616K, reserved 1062912K
  class space    used 1983K, capacity 2011K, committed 2048K, reserved 1048576K
}

Deoptimization events (10 events):
Event: 7.626 Thread 0x00007fa5f000d800 Uncommon trap: reason=array_check action=maybe_recompile pc=0x00007fa5e1607f7c method=org.eclipse.emf.common.util.BasicEList.assign(ILjava/lang/Object;)Ljava/lang/Object; @ 6
Event: 7.626 Thread 0x00007fa5f000d800 Uncommon trap: reason=array_check action=maybe_recompile pc=0x00007fa5e1607f7c method=org.eclipse.emf.common.util.BasicEList.assign(ILjava/lang/Object;)Ljava/lang/Object; @ 6
Event: 7.626 Thread 0x00007fa5f000d800 Uncommon trap: reason=array_check action=maybe_recompile pc=0x00007fa5e1607f7c method=org.eclipse.emf.common.util.BasicEList.assign(ILjava/lang/Object;)Ljava/lang/Object; @ 6
Event: 7.652 Thread 0x00007fa5f000d800 Uncommon trap: reason=unstable_if action=reinterpret pc=0x00007fa5e15e8b64 method=java.util.HashMap.hash(Ljava/lang/Object;)I @ 1
Event: 7.652 Thread 0x00007fa5f000d800 Uncommon trap: reason=unstable_if action=reinterpret pc=0x00007fa5e1229df0 method=java.util.HashMap.hash(Ljava/lang/Object;)I @ 1
Event: 7.654 Thread 0x00007fa5f000d800 Uncommon trap: reason=unstable_if action=reinterpret pc=0x00007fa5e1444e54 method=java.util.HashMap.hash(Ljava/lang/Object;)I @ 1
Event: 7.657 Thread 0x00007fa5f000d800 Uncommon trap: reason=unstable_if action=reinterpret pc=0x00007fa5e132cea8 method=java.util.HashMap.hash(Ljava/lang/Object;)I @ 1
Event: 7.734 Thread 0x00007fa5f000d800 Uncommon trap: reason=bimorphic action=maybe_recompile pc=0x00007fa5e1567790 method=org.eclipse.emf.ecore.util.EContentsEList$FeatureIteratorImpl.hasNext()Z @ 279
Event: 7.734 Thread 0x00007fa5f000d800 Uncommon trap: reason=bimorphic action=maybe_recompile pc=0x00007fa5e1567790 method=org.eclipse.emf.ecore.util.EContentsEList$FeatureIteratorImpl.hasNext()Z @ 279
Event: 19283.515 Thread 0x00007fa5f000d800 Uncommon trap: reason=null_check action=make_not_entrant pc=0x00007fa5e169b0ec method=java.lang.StringCoding.deref(Ljava/lang/ThreadLocal;)Ljava/lang/Object; @ 4

Internal exceptions (10 events):
Event: 19230.260 Thread 0x00007fa5f000d800 Exception <a 'java/io/IOException'> (0x00000000d92ede18) thrown at [/build/openjdk-8-YiEakL/openjdk-8-8u121-b13/src/hotspot/src/share/vm/prims/jni.cpp, line 709]
Event: 19230.260 Thread 0x00007fa5f000d800 Exception <a 'java/io/IOException'> (0x00000000d92ee0b0) thrown at [/build/openjdk-8-YiEakL/openjdk-8-8u121-b13/src/hotspot/src/share/vm/prims/jni.cpp, line 709]
Event: 19230.260 Thread 0x00007fa5f000d800 Exception <a 'java/io/IOException'> (0x00000000d92ee318) thrown at [/build/openjdk-8-YiEakL/openjdk-8-8u121-b13/src/hotspot/src/share/vm/prims/jni.cpp, line 709]
Event: 19237.930 Thread 0x00007fa5f000d800 Exception <a 'java/io/IOException'> (0x00000000d92eeb08) thrown at [/build/openjdk-8-YiEakL/openjdk-8-8u121-b13/src/hotspot/src/share/vm/prims/jni.cpp, line 709]
Event: 19237.930 Thread 0x00007fa5f000d800 Exception <a 'java/io/IOException'> (0x00000000d92eeda0) thrown at [/build/openjdk-8-YiEakL/openjdk-8-8u121-b13/src/hotspot/src/share/vm/prims/jni.cpp, line 709]
Event: 19238.005 Thread 0x00007fa5f000d800 Exception <a 'java/io/IOException'> (0x00000000d92ef008) thrown at [/build/openjdk-8-YiEakL/openjdk-8-8u121-b13/src/hotspot/src/share/vm/prims/jni.cpp, line 709]
Event: 19238.005 Thread 0x00007fa5f000d800 Exception <a 'java/io/IOException'> (0x00000000d92ef5c0) thrown at [/build/openjdk-8-YiEakL/openjdk-8-8u121-b13/src/hotspot/src/share/vm/prims/jni.cpp, line 709]
Event: 19238.005 Thread 0x00007fa5f000d800 Exception <a 'java/io/IOException'> (0x00000000d92ef858) thrown at [/build/openjdk-8-YiEakL/openjdk-8-8u121-b13/src/hotspot/src/share/vm/prims/jni.cpp, line 709]
Event: 19238.005 Thread 0x00007fa5f000d800 Exception <a 'java/io/IOException'> (0x00000000d92efac0) thrown at [/build/openjdk-8-YiEakL/openjdk-8-8u121-b13/src/hotspot/src/share/vm/prims/jni.cpp, line 709]
Event: 19283.079 Thread 0x00007fa5f000d800 Implicit null exception at 0x00007fa5e169aacd to 0x00007fa5e169b0d5

Events (10 events):
Event: 19264.693 Executing VM operation: RevokeBias done
Event: 19269.409 Executing VM operation: RevokeBias
Event: 19269.409 Executing VM operation: RevokeBias done
Event: 19269.409 Executing VM operation: RevokeBias
Event: 19269.409 Executing VM operation: RevokeBias done
Event: 19269.803 Thread 0x00007fa5f043d800 Thread exited: 0x00007fa5f043d800
Event: 19283.515 Thread 0x00007fa5f000d800 Uncommon trap: trap_request=0xfffffff4 fr.pc=0x00007fa5e169b0ec
Event: 19283.556 Thread 0x00007fa5f000d800 DEOPT PACKING pc=0x00007fa5e169b0ec sp=0x00007fa5f8b331c0
Event: 19283.556 Thread 0x00007fa5f000d800 DEOPT UNPACKING pc=0x00007fa5e1004f69 sp=0x00007fa5f8b330c0 mode 2
Event: 19289.307 Thread 0x00007fa5f000d800 Thread exited: 0x00007fa5f000d800


Dynamic libraries:
00400000-00401000 r-xp 00000000 08:09 7087821                            /usr/lib/jvm/java-8-openjdk-amd64/jre/bin/java
00600000-00601000 r--p 00000000 08:09 7087821                            /usr/lib/jvm/java-8-openjdk-amd64/jre/bin/java
00601000-00602000 rw-p 00001000 08:09 7087821                            /usr/lib/jvm/java-8-openjdk-amd64/jre/bin/java
00e1b000-00e3c000 rw-p 00000000 00:00 0                                  [heap]
84a00000-89d00000 rw-p 00000000 00:00 0 
89d00000-d6e00000 ---p 00000000 00:00 0 
d6e00000-db600000 rw-p 00000000 00:00 0 
db600000-100000000 ---p 00000000 00:00 0 
100000000-100280000 rw-p 00000000 00:00 0 
100280000-140000000 ---p 00000000 00:00 0 
7fa594000000-7fa594021000 rw-p 00000000 00:00 0 
7fa594021000-7fa598000000 ---p 00000000 00:00 0 
7fa59c000000-7fa59c021000 rw-p 00000000 00:00 0 
7fa59c021000-7fa5a0000000 ---p 00000000 00:00 0 
7fa5a0000000-7fa5a0021000 rw-p 00000000 00:00 0 
7fa5a0021000-7fa5a4000000 ---p 00000000 00:00 0 
7fa5a4000000-7fa5a4021000 rw-p 00000000 00:00 0 
7fa5a4021000-7fa5a8000000 ---p 00000000 00:00 0 
7fa5a8000000-7fa5a8021000 rw-p 00000000 00:00 0 
7fa5a8021000-7fa5ac000000 ---p 00000000 00:00 0 
7fa5ac000000-7fa5ad493000 rw-p 00000000 00:00 0 
7fa5ad493000-7fa5b0000000 ---p 00000000 00:00 0 
7fa5b0000000-7fa5b0691000 rw-p 00000000 00:00 0 
7fa5b0691000-7fa5b4000000 ---p 00000000 00:00 0 
7fa5b4000000-7fa5b4021000 rw-p 00000000 00:00 0 
7fa5b4021000-7fa5b8000000 ---p 00000000 00:00 0 
7fa5b8000000-7fa5b927e000 rw-p 00000000 00:00 0 
7fa5b927e000-7fa5bc000000 ---p 00000000 00:00 0 
7fa5bc000000-7fa5bc021000 rw-p 00000000 00:00 0 
7fa5bc021000-7fa5c0000000 ---p 00000000 00:00 0 
7fa5c0000000-7fa5c0021000 rw-p 00000000 00:00 0 
7fa5c0021000-7fa5c4000000 ---p 00000000 00:00 0 
7fa5c4000000-7fa5c4021000 rw-p 00000000 00:00 0 
7fa5c4021000-7fa5c8000000 ---p 00000000 00:00 0 
7fa5c95ee000-7fa5c95f1000 ---p 00000000 00:00 0 
7fa5c95f1000-7fa5c97af000 rw-p 00000000 00:00 0 
7fa5c97af000-7fa5c98ef000 ---p 00000000 00:00 0 
7fa5c98ef000-7fa5c9964000 r-xp 00000000 08:09 26881561                   /home/hrishi/workspace/Console/.jnimap.temp.linux_64/libgmp.so.10 (deleted)
7fa5c9964000-7fa5c9b63000 ---p 00075000 08:09 26881561                   /home/hrishi/workspace/Console/.jnimap.temp.linux_64/libgmp.so.10 (deleted)
7fa5c9b63000-7fa5c9b65000 rw-p 00074000 08:09 26881561                   /home/hrishi/workspace/Console/.jnimap.temp.linux_64/libgmp.so.10 (deleted)
7fa5c9b65000-7fa5c9ccd000 r-xp 00000000 08:09 26881560                   /home/hrishi/workspace/Console/.jnimap.temp.linux_64/libisl.so.13 (deleted)
7fa5c9ccd000-7fa5c9ecc000 ---p 00168000 08:09 26881560                   /home/hrishi/workspace/Console/.jnimap.temp.linux_64/libisl.so.13 (deleted)
7fa5c9ecc000-7fa5c9ed3000 rw-p 00167000 08:09 26881560                   /home/hrishi/workspace/Console/.jnimap.temp.linux_64/libisl.so.13 (deleted)
7fa5c9ed3000-7fa5c9f58000 r-xp 00000000 08:09 26881562                   /home/hrishi/workspace/Console/.jnimap.temp.linux_64/linux_64_libjniisl.so (deleted)
7fa5c9f58000-7fa5ca157000 ---p 00085000 08:09 26881562                   /home/hrishi/workspace/Console/.jnimap.temp.linux_64/linux_64_libjniisl.so (deleted)
7fa5ca157000-7fa5ca15a000 rw-p 00084000 08:09 26881562                   /home/hrishi/workspace/Console/.jnimap.temp.linux_64/linux_64_libjniisl.so (deleted)
7fa5ca15a000-7fa5ca35a000 rw-p 00000000 00:00 0 
7fa5ca35a000-7fa5ca55a000 rw-p 00000000 00:00 0 
7fa5ca55a000-7fa5ca75a000 rw-p 00000000 00:00 0 
7fa5ca75a000-7fa5ca75d000 ---p 00000000 00:00 0 
7fa5ca75d000-7fa5caa5b000 rw-p 00000000 00:00 0 
7fa5caa5b000-7fa5caa5e000 ---p 00000000 00:00 0 
7fa5caa5e000-7fa5cab5c000 rw-p 00000000 00:00 0 
7fa5cab5c000-7fa5cab5f000 r--s 00015000 08:09 7085469                    /usr/lib/jvm/java-8-openjdk-amd64/jre/lib/jce.jar
7fa5cab5f000-7fa5cab63000 r--s 0009a000 08:09 7085467                    /usr/lib/jvm/java-8-openjdk-amd64/jre/lib/jsse.jar
7fa5cab63000-7fa5cab66000 r--s 00014000 08:09 26516293                   /home/hrishi/.eclipse/org.eclipse.platform_4.6.0_1473617060_linux_gtk_x86_64/plugins/fr.irisa.r2d2.parser.runtime_1.0.0.201612051604.jar
7fa5cab66000-7fa5cab6e000 r--s 0003c000 08:09 26516292                   /home/hrishi/.eclipse/org.eclipse.platform_4.6.0_1473617060_linux_gtk_x86_64/plugins/fr.irisa.r2d2.gecos.framework_1.0.0.201612051604.jar
7fa5cab6e000-7fa5cab78000 r--s 0006c000 08:09 26516357                   /home/hrishi/.eclipse/org.eclipse.platform_4.6.0_1473617060_linux_gtk_x86_64/plugins/org.eclipse.xtext.common.types_2.10.0.v201605250459.jar
7fa5cab78000-7fa5caba8000 r--s 0044d000 08:09 26516369                   /home/hrishi/.eclipse/org.eclipse.platform_4.6.0_1473617060_linux_gtk_x86_64/plugins/org.eclipse.xtext.xbase_2.10.0.v201605250459.jar
7fa5caba8000-7fa5cabab000 r--s 0000f000 08:09 26516352                   /home/hrishi/.eclipse/org.eclipse.platform_4.6.0_1473617060_linux_gtk_x86_64/plugins/org.eclipse.xtend.lib.macro_2.10.0.v201605250459.jar
7fa5cabab000-7fa5cabaf000 r--s 00035000 08:09 26516351                   /home/hrishi/.eclipse/org.eclipse.platform_4.6.0_1473617060_linux_gtk_x86_64/plugins/org.eclipse.xtend.lib_2.10.0.v201605250459.jar
7fa5cabaf000-7fa5cabb0000 r--s 00001000 08:09 26516354                   /home/hrishi/.eclipse/org.eclipse.platform_4.6.0_1473617060_linux_gtk_x86_64/plugins/org.eclipse.xtend2.lib_2.10.0.v201605250459.jar
7fa5cabb0000-7fa5cabb6000 r--s 0003f000 08:09 26516368                   /home/hrishi/.eclipse/org.eclipse.platform_4.6.0_1473617060_linux_gtk_x86_64/plugins/org.eclipse.xtext.util_2.10.0.v201605250459.jar
7fa5cabb6000-7fa5cabe7000 r--s 0024b000 08:09 26516355                   /home/hrishi/.eclipse/org.eclipse.platform_4.6.0_1473617060_linux_gtk_x86_64/plugins/org.eclipse.xtext_2.10.0.v201605250459.jar
7fa5cabe7000-7fa5cabef000 r--s 00061000 08:09 26516277                   /home/hrishi/.eclipse/org.eclipse.platform_4.6.0_1473617060_linux_gtk_x86_64/plugins/edu.csu.melange.alphabets_0.9.6.201612051604.jar
7fa5cabef000-7fa5cabf0000 r--s 00008000 08:09 26516336                   /home/hrishi/.eclipse/org.eclipse.platform_4.6.0_1473617060_linux_gtk_x86_64/plugins/org.polymodel.scop.cgenerator2_1.0.0.201612051604.jar
7fa5cabf0000-7fa5cabf3000 r--s 00024000 08:09 26516337                   /home/hrishi/.eclipse/org.eclipse.platform_4.6.0_1473617060_linux_gtk_x86_64/plugins/org.polymodel.scop.dtiler_1.0.0.201612051604.jar
7fa5cabf3000-7fa5cabf4000 r--s 00001000 08:09 26516335                   /home/hrishi/.eclipse/org.eclipse.platform_4.6.0_1473617060_linux_gtk_x86_64/plugins/org.polymodel.scop.bridge.clast_1.0.0.201612051604.jar
7fa5cabf4000-7fa5cabf9000 r--s 0002a000 08:09 26516334                   /home/hrishi/.eclipse/org.eclipse.platform_4.6.0_1473617060_linux_gtk_x86_64/plugins/org.polymodel.scop_1.0.0.201612051604.jar
7fa5cabf9000-7fa5cac0c000 r--s 0012e000 08:09 26516300                   /home/hrishi/.eclipse/org.eclipse.platform_4.6.0_1473617060_linux_gtk_x86_64/plugins/org.polymodel.polyhedralIR.codegen_1.0.0.201612051604.jar
7fa5cac0c000-7fa5cac0f000 r--s 008e1000 08:09 26516287                   /home/hrishi/.eclipse/org.eclipse.platform_4.6.0_1473617060_linux_gtk_x86_64/plugins/fr.irisa.cairn.jnimap.cloog_1.0.0.201612051604.jar
7fa5cac0f000-7fa5cac13000 r--s 00031000 08:09 26516341                   /home/hrishi/.eclipse/org.eclipse.platform_4.6.0_1473617060_linux_gtk_x86_64/plugins/org.antlr.runtime_3.2.0.v201101311130.jar
7fa5cac13000-7fa5cac14000 r--s 00011000 08:09 10748494                   /opt/eclipse/plugins/org.apache.commons.logging_1.1.1.v201101211721.jar
7fa5cac14000-7fa5cac1c000 r--s 0005e000 08:09 10748531                   /opt/eclipse/plugins/org.apache.log4j_1.2.15.v201012070815.jar
7fa5cac1c000-7fa5cac1e000 r--s 00008000 08:09 26516346                   /home/hrishi/.eclipse/org.eclipse.platform_4.6.0_1473617060_linux_gtk_x86_64/plugins/org.eclipse.emf.mwe.utils_1.3.20.v201605261103.jar
7fa5cac1e000-7fa5cac1f000 r--s 00003000 08:09 26516348                   /home/hrishi/.eclipse/org.eclipse.platform_4.6.0_1473617060_linux_gtk_x86_64/plugins/org.eclipse.emf.mwe2.runtime_2.9.0.v201605261103.jar
7fa5cac1f000-7fa5cac20000 r--s 0000b000 08:09 26516339                   /home/hrishi/.eclipse/org.eclipse.platform_4.6.0_1473617060_linux_gtk_x86_64/plugins/org.apache.commons.cli_1.2.0.v201404270220.jar
7fa5cac20000-7fa5cac26000 r--s 0002a000 08:09 26516345                   /home/hrishi/.eclipse/org.eclipse.platform_4.6.0_1473617060_linux_gtk_x86_64/plugins/org.eclipse.emf.mwe.core_1.3.20.v201605261103.jar
7fa5cac26000-7fa5cac28000 r--s 00009000 08:09 26516279                   /home/hrishi/.eclipse/org.eclipse.platform_4.6.0_1473617060_linux_gtk_x86_64/plugins/edu.csu.melange.affineLattice_1.0.0.jar
7fa5cac28000-7fa5cac2a000 r--s 00000000 08:09 26516338                   /home/hrishi/.eclipse/org.eclipse.platform_4.6.0_1473617060_linux_gtk_x86_64/plugins/tom.mapping_1.0.0.201612051604.jar
7fa5cac2a000-7fa5cac31000 r--s 0004d000 08:09 26516333                   /home/hrishi/.eclipse/org.eclipse.platform_4.6.0_1473617060_linux_gtk_x86_64/plugins/org.polymodel.prdg.scheduling_1.0.0.201612051604.jar
7fa5cac31000-7fa5cac34000 r--s 0001f000 08:09 26516370                   /home/hrishi/.eclipse/org.eclipse.platform_4.6.0_1473617060_linux_gtk_x86_64/plugins/org.eclipse.xtext.xbase.lib_2.10.0.v201605250459.jar
7fa5cac34000-7fa5cac36000 r--s 00004000 08:09 26516299                   /home/hrishi/.eclipse/org.eclipse.platform_4.6.0_1473617060_linux_gtk_x86_64/plugins/org.polymodel.matrix_1.0.0.201612051604.jar
7fa5cac36000-7fa5cac38000 r--s 00005000 08:09 26516332                   /home/hrishi/.eclipse/org.eclipse.platform_4.6.0_1473617060_linux_gtk_x86_64/plugins/org.polymodel.prdg.adapter_1.0.0.201612051604.jar
7fa5cac38000-7fa5cac3a000 r--s 00009000 08:09 26516301                   /home/hrishi/.eclipse/org.eclipse.platform_4.6.0_1473617060_linux_gtk_x86_64/plugins/org.polymodel.prdg_1.0.0.201612051604.jar
7fa5cac3a000-7fa5cac3c000 r--s 00013000 08:09 26516297                   /home/hrishi/.eclipse/org.eclipse.platform_4.6.0_1473617060_linux_gtk_x86_64/plugins/org.polymodel.isl_1.0.0.201612051604.jar
7fa5cac3c000-7fa5cac46000 r--s 000a4000 08:09 26516295                   /home/hrishi/.eclipse/org.eclipse.platform_4.6.0_1473617060_linux_gtk_x86_64/plugins/org.polymodel.algebra_1.0.0.201612051604.jar
7fa5cac46000-7fa5cac49000 r--s 0002b000 08:09 26516294                   /home/hrishi/.eclipse/org.eclipse.platform_4.6.0_1473617060_linux_gtk_x86_64/plugins/org.polymodel_1.0.0.201612051604.jar
7fa5cac49000-7fa5cac73000 r--s 001ff000 08:09 10749007                   /opt/eclipse/plugins/com.google.guava_15.0.0.v201403281430.jar
7fa5cac73000-7fa5cac74000 r--s 0000f000 08:09 28708338                   /home/hrishi/.eclipse/org.eclipse.platform_4.6.0_1473617060_linux_gtk_x86_64/plugins/fr.irisa.cairn.tools_1.0.0.201612051604/lib/javatuples-1.2.jar
7fa5cac74000-7fa5cac75000 r--s 0000b000 08:09 28708337                   /home/hrishi/.eclipse/org.eclipse.platform_4.6.0_1473617060_linux_gtk_x86_64/plugins/fr.irisa.cairn.tools_1.0.0.201612051604/lib/javatuples-1.2-sources.jar
7fa5cac75000-7fa5cac78000 r--s 00037000 08:09 28708336                   /home/hrishi/.eclipse/org.eclipse.platform_4.6.0_1473617060_linux_gtk_x86_64/plugins/fr.irisa.cairn.tools_1.0.0.201612051604/lib/javatuples-1.2-javadoc.jar
7fa5cac78000-7fa5cac79000 r--s 00000000 08:09 26516289                   /home/hrishi/.eclipse/org.eclipse.platform_4.6.0_1473617060_linux_gtk_x86_64/plugins/fr.irisa.cairn.jnimap.runtime_1.0.0.201612051604.jar
7fa5cac79000-7fa5cac7e000 r--s 00b6c000 08:09 26516288                   /home/hrishi/.eclipse/org.eclipse.platform_4.6.0_1473617060_linux_gtk_x86_64/plugins/fr.irisa.cairn.jnimap.isl_2.1.0.201612051604.jar
7fa5cac7e000-7fa5cac80000 r--s 00007000 08:09 26516286                   /home/hrishi/.eclipse/org.eclipse.platform_4.6.0_1473617060_linux_gtk_x86_64/plugins/fr.irisa.cairn.graph.guice_1.0.0.201612051604.jar
7fa5cac80000-7fa5cac8b000 r--s 00077000 08:09 10748760                   /opt/eclipse/plugins/com.google.inject_3.0.0.v201605172100.jar
7fa5cac8b000-7fa5caca3000 r--s 0015b000 08:09 28061747                   /home/hrishi/.eclipse/org.eclipse.platform_4.6.0_1473617060_linux_gtk_x86_64/plugins/fr.irisa.cairn.graph_1.0.0.201612051604/lib/jgrapht-ext-0.9.1-uber.jar
7fa5caca3000-7fa5cacd3000 rw-p 00000000 00:00 0 
7fa5cacd3000-7fa5cae03000 r--s 010bc000 08:09 28708362                   /home/hrishi/.eclipse/org.eclipse.platform_4.6.0_1473617060_linux_gtk_x86_64/plugins/fr.irisa.cairn.eclipse.tom_2.10.0.201612051604/libs/aircube-bundle.jar
7fa5cae03000-7fa5cae07000 r--s 00035000 08:09 10748985                   /opt/eclipse/plugins/org.eclipse.emf.ecore.xmi_2.12.0.v20160420-0247.jar
7fa5cae07000-7fa5cae19000 r--s 00111000 08:09 10748217                   /opt/eclipse/plugins/org.eclipse.emf.ecore_2.12.0.v20160420-0247.jar
7fa5cae19000-7fa5cae1a000 ---p 00000000 00:00 0 
7fa5cae1a000-7fa5caf1a000 rw-p 00000000 00:00 0 
7fa5caf1a000-7fa5caf1d000 ---p 00000000 00:00 0 
7fa5caf1d000-7fa5cb01b000 rw-p 00000000 00:00 0 
7fa5cb01b000-7fa5cb01e000 ---p 00000000 00:00 0 
7fa5cb01e000-7fa5cb11c000 rw-p 00000000 00:00 0 
7fa5cb11c000-7fa5cb11f000 ---p 00000000 00:00 0 
7fa5cb11f000-7fa5cb21d000 rw-p 00000000 00:00 0 
7fa5cb21d000-7fa5cb220000 ---p 00000000 00:00 0 
7fa5cb220000-7fa5cb31e000 rw-p 00000000 00:00 0 
7fa5cb31e000-7fa5cb321000 ---p 00000000 00:00 0 
7fa5cb321000-7fa5cb41f000 rw-p 00000000 00:00 0 
7fa5cb41f000-7fa5cb6f7000 r--p 00000000 08:09 2887360                    /usr/lib/locale/locale-archive
7fa5cb6f7000-7fa5cb6fa000 ---p 00000000 00:00 0 
7fa5cb6fa000-7fa5cb7f8000 rw-p 00000000 00:00 0 
7fa5cb7f8000-7fa5cb7fb000 ---p 00000000 00:00 0 
7fa5cb7fb000-7fa5cb8f9000 rw-p 00000000 00:00 0 
7fa5cb8f9000-7fa5cb8fa000 ---p 00000000 00:00 0 
7fa5cb8fa000-7fa5cc000000 rw-p 00000000 00:00 0 
7fa5cc000000-7fa5cc021000 rw-p 00000000 00:00 0 
7fa5cc021000-7fa5d0000000 ---p 00000000 00:00 0 
7fa5d0000000-7fa5d0021000 rw-p 00000000 00:00 0 
7fa5d0021000-7fa5d4000000 ---p 00000000 00:00 0 
7fa5d4000000-7fa5d4021000 rw-p 00000000 00:00 0 
7fa5d4021000-7fa5d8000000 ---p 00000000 00:00 0 
7fa5d8000000-7fa5d8007000 r--s 00051000 08:09 10748503                   /opt/eclipse/plugins/org.eclipse.emf.common_2.12.0.v20160420-0247.jar
7fa5d8007000-7fa5d800c000 r--s 00030000 08:09 10748396                   /opt/eclipse/plugins/org.eclipse.ui.console_3.6.200.v20160518-1858.jar
7fa5d800c000-7fa5d804e000 r--s 00398000 08:09 10748311                   /opt/eclipse/plugins/org.eclipse.ui.workbench_3.108.0.v20160602-1232.jar
7fa5d804e000-7fa5dc000000 rw-p 00000000 00:00 0 
7fa5dc000000-7fa5dc021000 rw-p 00000000 00:00 0 
7fa5dc021000-7fa5e0000000 ---p 00000000 00:00 0 
7fa5e0000000-7fa5e0002000 r--s 00009000 08:09 10748202                   /opt/eclipse/plugins/com.google.inject.multibindings_3.0.0.v201605172100.jar
7fa5e0002000-7fa5e0003000 r--s 00002000 08:09 10748530                   /opt/eclipse/plugins/org.eclipse.e4.ui.workbench3_0.13.100.v20160506-0759.jar
7fa5e0003000-7fa5e0007000 r--s 00019000 08:09 10748602                   /opt/eclipse/plugins/org.eclipse.core.commands_3.8.0.v20160316-1921.jar
7fa5e0007000-7fa5e0019000 r--s 000f8000 08:09 10748780                   /opt/eclipse/plugins/org.eclipse.jface_3.12.0.v20160518-1929.jar
7fa5e0019000-7fa5e002e000 r--s 0028f000 08:09 10748863                   /opt/eclipse/plugins/org.eclipse.swt.gtk.linux.x86_64_3.105.0.v20160603-0902.jar
7fa5e002e000-7fa5e0037000 r--s 00058000 08:09 10748604                   /opt/eclipse/plugins/org.eclipse.ui_3.108.0.v20160518-1929.jar
7fa5e0037000-7fa5e0039000 r--s 00014000 08:09 10748222                   /opt/eclipse/plugins/org.eclipse.equinox.app_1.3.400.v20150715-1528.jar
7fa5e0039000-7fa5e003b000 r--s 00017000 08:09 10748774                   /opt/eclipse/plugins/org.eclipse.core.contenttype_3.5.100.v20160418-1621.jar
7fa5e003b000-7fa5e003e000 r--s 0001e000 08:09 10748508                   /opt/eclipse/plugins/org.eclipse.equinox.preferences_3.6.0.v20160120-1756.jar
7fa5e003e000-7fa5e0042000 r--s 0002a000 08:09 10749014                   /opt/eclipse/plugins/org.eclipse.equinox.registry_3.6.100.v20160223-2218.jar
7fa5e0042000-7fa5e0045000 r--s 00019000 08:09 10748931                   /opt/eclipse/plugins/org.eclipse.core.jobs_3.8.0.v20160509-0411.jar
7fa5e0045000-7fa5e0048000 r--s 0001b000 08:09 10748983                   /opt/eclipse/plugins/org.eclipse.equinox.common_3.8.0.v20160509-1230.jar
7fa5e0048000-7fa5e004b000 r--s 00039000 08:09 10748174                   /opt/eclipse/plugins/org.eclipse.osgi.compatibility.state_1.0.200.v20160504-1419.jar
7fa5e004b000-7fa5e0060000 r--s 0013d000 08:09 10748755                   /opt/eclipse/plugins/org.eclipse.osgi_3.11.0.v20160603-1336.jar
7fa5e0060000-7fa5e0062000 r--s 00003000 08:09 10748526                   /opt/eclipse/plugins/javax.inject_1.0.0.v20091030.jar
7fa5e0062000-7fa5e0064000 r--s 00011000 08:09 10748883                   /opt/eclipse/plugins/org.eclipse.core.runtime_3.12.0.v20160606-1342.jar
7fa5e0064000-7fa5e0068000 r--s 00037000 08:09 7085460                    /usr/lib/jvm/java-8-openjdk-amd64/jre/lib/ext/sunpkcs11.jar
7fa5e0068000-7fa5e006b000 r--s 0000f000 08:09 7085457                    /usr/lib/jvm/java-8-openjdk-amd64/jre/lib/ext/icedtea-sound.jar
7fa5e006b000-7fa5e0075000 r--s 00116000 08:09 7085461                    /usr/lib/jvm/java-8-openjdk-amd64/jre/lib/ext/localedata.jar
7fa5e0075000-7fa5e1000000 rw-p 00000000 00:00 0 
7fa5e1000000-7fa5e1760000 rwxp 00000000 00:00 0 
7fa5e1760000-7fa5f0000000 ---p 00000000 00:00 0 
7fa5f0000000-7fa5f0a6a000 rw-p 00000000 00:00 0 
7fa5f0a6a000-7fa5f4000000 ---p 00000000 00:00 0 
7fa5f4000000-7fa5f4005000 r--s 0003b000 08:09 7085462                    /usr/lib/jvm/java-8-openjdk-amd64/jre/lib/ext/sunjce_provider.jar
7fa5f4005000-7fa5f4020000 r--s 001d6000 08:09 7085455                    /usr/lib/jvm/java-8-openjdk-amd64/jre/lib/ext/nashorn.jar
7fa5f4020000-7fa5f406d000 rw-p 00000000 00:00 0 
7fa5f406d000-7fa5f423b000 r--s 03c06000 08:09 7087811                    /usr/lib/jvm/java-8-openjdk-amd64/jre/lib/rt.jar
7fa5f423b000-7fa5f468c000 rw-p 00000000 00:00 0 
7fa5f468c000-7fa5f468d000 ---p 00000000 00:00 0 
7fa5f468d000-7fa5f478d000 rw-p 00000000 00:00 0 
7fa5f478d000-7fa5f478e000 ---p 00000000 00:00 0 
7fa5f478e000-7fa5f488e000 rw-p 00000000 00:00 0 
7fa5f488e000-7fa5f488f000 ---p 00000000 00:00 0 
7fa5f488f000-7fa5f498f000 rw-p 00000000 00:00 0 
7fa5f498f000-7fa5f4990000 ---p 00000000 00:00 0 
7fa5f4990000-7fa5f4aba000 rw-p 00000000 00:00 0 
7fa5f4aba000-7fa5f4d22000 ---p 00000000 00:00 0 
7fa5f4d22000-7fa5f4d4c000 rw-p 00000000 00:00 0 
7fa5f4d4c000-7fa5f4fb4000 ---p 00000000 00:00 0 
7fa5f4fb4000-7fa5f4fd8000 rw-p 00000000 00:00 0 
7fa5f4fd8000-7fa5f50fd000 ---p 00000000 00:00 0 
7fa5f50fd000-7fa5f511c000 rw-p 00000000 00:00 0 
7fa5f511c000-7fa5f54be000 ---p 00000000 00:00 0 
7fa5f54be000-7fa5f54c6000 r-xp 00000000 08:09 7085419                    /usr/lib/jvm/java-8-openjdk-amd64/jre/lib/amd64/libzip.so
7fa5f54c6000-7fa5f56c5000 ---p 00008000 08:09 7085419                    /usr/lib/jvm/java-8-openjdk-amd64/jre/lib/amd64/libzip.so
7fa5f56c5000-7fa5f56c6000 r--p 00007000 08:09 7085419                    /usr/lib/jvm/java-8-openjdk-amd64/jre/lib/amd64/libzip.so
7fa5f56c6000-7fa5f56c7000 rw-p 00008000 08:09 7085419                    /usr/lib/jvm/java-8-openjdk-amd64/jre/lib/amd64/libzip.so
7fa5f56c7000-7fa5f56d2000 r-xp 00000000 08:09 24382890                   /lib/x86_64-linux-gnu/libnss_files-2.23.so
7fa5f56d2000-7fa5f58d1000 ---p 0000b000 08:09 24382890                   /lib/x86_64-linux-gnu/libnss_files-2.23.so
7fa5f58d1000-7fa5f58d2000 r--p 0000a000 08:09 24382890                   /lib/x86_64-linux-gnu/libnss_files-2.23.so
7fa5f58d2000-7fa5f58d3000 rw-p 0000b000 08:09 24382890                   /lib/x86_64-linux-gnu/libnss_files-2.23.so
7fa5f58d3000-7fa5f58d9000 rw-p 00000000 00:00 0 
7fa5f58d9000-7fa5f58e4000 r-xp 00000000 08:09 24382881                   /lib/x86_64-linux-gnu/libnss_nis-2.23.so
7fa5f58e4000-7fa5f5ae3000 ---p 0000b000 08:09 24382881                   /lib/x86_64-linux-gnu/libnss_nis-2.23.so
7fa5f5ae3000-7fa5f5ae4000 r--p 0000a000 08:09 24382881                   /lib/x86_64-linux-gnu/libnss_nis-2.23.so
7fa5f5ae4000-7fa5f5ae5000 rw-p 0000b000 08:09 24382881                   /lib/x86_64-linux-gnu/libnss_nis-2.23.so
7fa5f5ae5000-7fa5f5afb000 r-xp 00000000 08:09 24382883                   /lib/x86_64-linux-gnu/libnsl-2.23.so
7fa5f5afb000-7fa5f5cfa000 ---p 00016000 08:09 24382883                   /lib/x86_64-linux-gnu/libnsl-2.23.so
7fa5f5cfa000-7fa5f5cfb000 r--p 00015000 08:09 24382883                   /lib/x86_64-linux-gnu/libnsl-2.23.so
7fa5f5cfb000-7fa5f5cfc000 rw-p 00016000 08:09 24382883                   /lib/x86_64-linux-gnu/libnsl-2.23.so
7fa5f5cfc000-7fa5f5cfe000 rw-p 00000000 00:00 0 
7fa5f5cfe000-7fa5f5d06000 r-xp 00000000 08:09 24382892                   /lib/x86_64-linux-gnu/libnss_compat-2.23.so
7fa5f5d06000-7fa5f5f05000 ---p 00008000 08:09 24382892                   /lib/x86_64-linux-gnu/libnss_compat-2.23.so
7fa5f5f05000-7fa5f5f06000 r--p 00007000 08:09 24382892                   /lib/x86_64-linux-gnu/libnss_compat-2.23.so
7fa5f5f06000-7fa5f5f07000 rw-p 00008000 08:09 24382892                   /lib/x86_64-linux-gnu/libnss_compat-2.23.so
7fa5f5f07000-7fa5f5f34000 r-xp 00000000 08:09 7085444                    /usr/lib/jvm/java-8-openjdk-amd64/jre/lib/amd64/libjava.so
7fa5f5f34000-7fa5f6133000 ---p 0002d000 08:09 7085444                    /usr/lib/jvm/java-8-openjdk-amd64/jre/lib/amd64/libjava.so
7fa5f6133000-7fa5f6134000 r--p 0002c000 08:09 7085444                    /usr/lib/jvm/java-8-openjdk-amd64/jre/lib/amd64/libjava.so
7fa5f6134000-7fa5f6136000 rw-p 0002d000 08:09 7085444                    /usr/lib/jvm/java-8-openjdk-amd64/jre/lib/amd64/libjava.so
7fa5f6136000-7fa5f6145000 r-xp 00000000 08:09 7085412                    /usr/lib/jvm/java-8-openjdk-amd64/jre/lib/amd64/libverify.so
7fa5f6145000-7fa5f6344000 ---p 0000f000 08:09 7085412                    /usr/lib/jvm/java-8-openjdk-amd64/jre/lib/amd64/libverify.so
7fa5f6344000-7fa5f6346000 r--p 0000e000 08:09 7085412                    /usr/lib/jvm/java-8-openjdk-amd64/jre/lib/amd64/libverify.so
7fa5f6346000-7fa5f6347000 rw-p 00010000 08:09 7085412                    /usr/lib/jvm/java-8-openjdk-amd64/jre/lib/amd64/libverify.so
7fa5f6347000-7fa5f634e000 r-xp 00000000 08:09 24382893                   /lib/x86_64-linux-gnu/librt-2.23.so
7fa5f634e000-7fa5f654d000 ---p 00007000 08:09 24382893                   /lib/x86_64-linux-gnu/librt-2.23.so
7fa5f654d000-7fa5f654e000 r--p 00006000 08:09 24382893                   /lib/x86_64-linux-gnu/librt-2.23.so
7fa5f654e000-7fa5f654f000 rw-p 00007000 08:09 24382893                   /lib/x86_64-linux-gnu/librt-2.23.so
7fa5f654f000-7fa5f6565000 r-xp 00000000 08:09 24383888                   /lib/x86_64-linux-gnu/libgcc_s.so.1
7fa5f6565000-7fa5f6764000 ---p 00016000 08:09 24383888                   /lib/x86_64-linux-gnu/libgcc_s.so.1
7fa5f6764000-7fa5f6765000 rw-p 00015000 08:09 24383888                   /lib/x86_64-linux-gnu/libgcc_s.so.1
7fa5f6765000-7fa5f686d000 r-xp 00000000 08:09 24382882                   /lib/x86_64-linux-gnu/libm-2.23.so
7fa5f686d000-7fa5f6a6c000 ---p 00108000 08:09 24382882                   /lib/x86_64-linux-gnu/libm-2.23.so
7fa5f6a6c000-7fa5f6a6d000 r--p 00107000 08:09 24382882                   /lib/x86_64-linux-gnu/libm-2.23.so
7fa5f6a6d000-7fa5f6a6e000 rw-p 00108000 08:09 24382882                   /lib/x86_64-linux-gnu/libm-2.23.so
7fa5f6a6e000-7fa5f6be0000 r-xp 00000000 08:09 2888511                    /usr/lib/x86_64-linux-gnu/libstdc++.so.6.0.21
7fa5f6be0000-7fa5f6de0000 ---p 00172000 08:09 2888511                    /usr/lib/x86_64-linux-gnu/libstdc++.so.6.0.21
7fa5f6de0000-7fa5f6dea000 r--p 00172000 08:09 2888511                    /usr/lib/x86_64-linux-gnu/libstdc++.so.6.0.21
7fa5f6dea000-7fa5f6dec000 rw-p 0017c000 08:09 2888511                    /usr/lib/x86_64-linux-gnu/libstdc++.so.6.0.21
7fa5f6dec000-7fa5f6df0000 rw-p 00000000 00:00 0 
7fa5f6df0000-7fa5f7a40000 r-xp 00000000 08:09 7085439                    /usr/lib/jvm/java-8-openjdk-amd64/jre/lib/amd64/server/libjvm.so
7fa5f7a40000-7fa5f7c3f000 ---p 00c50000 08:09 7085439                    /usr/lib/jvm/java-8-openjdk-amd64/jre/lib/amd64/server/libjvm.so
7fa5f7c3f000-7fa5f7cd2000 r--p 00c4f000 08:09 7085439                    /usr/lib/jvm/java-8-openjdk-amd64/jre/lib/amd64/server/libjvm.so
7fa5f7cd2000-7fa5f7cfb000 rw-p 00ce2000 08:09 7085439                    /usr/lib/jvm/java-8-openjdk-amd64/jre/lib/amd64/server/libjvm.so
7fa5f7cfb000-7fa5f7d2b000 rw-p 00000000 00:00 0 
7fa5f7d2b000-7fa5f7d43000 r-xp 00000000 08:09 24382897                   /lib/x86_64-linux-gnu/libpthread-2.23.so
7fa5f7d43000-7fa5f7f42000 ---p 00018000 08:09 24382897                   /lib/x86_64-linux-gnu/libpthread-2.23.so
7fa5f7f42000-7fa5f7f43000 r--p 00017000 08:09 24382897                   /lib/x86_64-linux-gnu/libpthread-2.23.so
7fa5f7f43000-7fa5f7f44000 rw-p 00018000 08:09 24382897                   /lib/x86_64-linux-gnu/libpthread-2.23.so
7fa5f7f44000-7fa5f7f48000 rw-p 00000000 00:00 0 
7fa5f7f48000-7fa5f7f4b000 r-xp 00000000 08:09 24382880                   /lib/x86_64-linux-gnu/libdl-2.23.so
7fa5f7f4b000-7fa5f814a000 ---p 00003000 08:09 24382880                   /lib/x86_64-linux-gnu/libdl-2.23.so
7fa5f814a000-7fa5f814b000 r--p 00002000 08:09 24382880                   /lib/x86_64-linux-gnu/libdl-2.23.so
7fa5f814b000-7fa5f814c000 rw-p 00003000 08:09 24382880                   /lib/x86_64-linux-gnu/libdl-2.23.so
7fa5f814c000-7fa5f8165000 r-xp 00000000 08:09 24384041                   /lib/x86_64-linux-gnu/libz.so.1.2.8
7fa5f8165000-7fa5f8364000 ---p 00019000 08:09 24384041                   /lib/x86_64-linux-gnu/libz.so.1.2.8
7fa5f8364000-7fa5f8365000 r--p 00018000 08:09 24384041                   /lib/x86_64-linux-gnu/libz.so.1.2.8
7fa5f8365000-7fa5f8366000 rw-p 00019000 08:09 24384041                   /lib/x86_64-linux-gnu/libz.so.1.2.8
7fa5f8366000-7fa5f8525000 r-xp 00000000 08:09 24382884                   /lib/x86_64-linux-gnu/libc-2.23.so
7fa5f8525000-7fa5f8725000 ---p 001bf000 08:09 24382884                   /lib/x86_64-linux-gnu/libc-2.23.so
7fa5f8725000-7fa5f8729000 r--p 001bf000 08:09 24382884                   /lib/x86_64-linux-gnu/libc-2.23.so
7fa5f8729000-7fa5f872b000 rw-p 001c3000 08:09 24382884                   /lib/x86_64-linux-gnu/libc-2.23.so
7fa5f872b000-7fa5f872f000 rw-p 00000000 00:00 0 
7fa5f872f000-7fa5f873c000 r-xp 00000000 08:09 7085434                    /usr/lib/jvm/java-8-openjdk-amd64/jre/lib/amd64/jli/libjli.so
7fa5f873c000-7fa5f893c000 ---p 0000d000 08:09 7085434                    /usr/lib/jvm/java-8-openjdk-amd64/jre/lib/amd64/jli/libjli.so
7fa5f893c000-7fa5f893d000 r--p 0000d000 08:09 7085434                    /usr/lib/jvm/java-8-openjdk-amd64/jre/lib/amd64/jli/libjli.so
7fa5f893d000-7fa5f893e000 rw-p 0000e000 08:09 7085434                    /usr/lib/jvm/java-8-openjdk-amd64/jre/lib/amd64/jli/libjli.so
7fa5f893e000-7fa5f8964000 r-xp 00000000 08:09 24382885                   /lib/x86_64-linux-gnu/ld-2.23.so
7fa5f8964000-7fa5f8965000 r--s 00004000 08:09 10748172                   /opt/eclipse/plugins/org.eclipse.swt_3.105.0.v20160603-0902.jar
7fa5f8965000-7fa5f8967000 r--s 00001000 08:09 7085456                    /usr/lib/jvm/java-8-openjdk-amd64/jre/lib/ext/dnsns.jar
7fa5f8967000-7fa5f8969000 r--s 00008000 08:09 7085454                    /usr/lib/jvm/java-8-openjdk-amd64/jre/lib/ext/sunec.jar
7fa5f8969000-7fa5f8a34000 rw-p 00000000 00:00 0 
7fa5f8a34000-7fa5f8a37000 ---p 00000000 00:00 0 
7fa5f8a37000-7fa5f8b3a000 rw-p 00000000 00:00 0 
7fa5f8b3a000-7fa5f8b3b000 r--s 00010000 08:09 7085459                    /usr/lib/jvm/java-8-openjdk-amd64/jre/lib/ext/zipfs.jar
7fa5f8b3b000-7fa5f8b3c000 r--s 0000a000 08:09 7085463                    /usr/lib/jvm/java-8-openjdk-amd64/jre/lib/ext/jaccess.jar
7fa5f8b3c000-7fa5f8b57000 r--s 00394000 08:09 7085458                    /usr/lib/jvm/java-8-openjdk-amd64/jre/lib/ext/cldrdata.jar
7fa5f8b57000-7fa5f8b5f000 rw-s 00000000 08:09 18616223                   /tmp/hsperfdata_hrishi/18662 (deleted)
7fa5f8b5f000-7fa5f8b60000 rw-p 00000000 00:00 0 
7fa5f8b60000-7fa5f8b61000 ---p 00000000 00:00 0 
7fa5f8b61000-7fa5f8b63000 rw-p 00000000 00:00 0 
7fa5f8b63000-7fa5f8b64000 r--p 00025000 08:09 24382885                   /lib/x86_64-linux-gnu/ld-2.23.so
7fa5f8b64000-7fa5f8b65000 rw-p 00026000 08:09 24382885                   /lib/x86_64-linux-gnu/ld-2.23.so
7fa5f8b65000-7fa5f8b66000 rw-p 00000000 00:00 0 
7fff58daa000-7fff58dcd000 rw-p 00000000 00:00 0                          [stack]
7fff58ddc000-7fff58dde000 r--p 00000000 00:00 0                          [vvar]
7fff58dde000-7fff58de0000 r-xp 00000000 00:00 0                          [vdso]
ffffffffff600000-ffffffffff601000 r-xp 00000000 00:00 0                  [vsyscall]

VM Arguments:
jvm_args: -Dfile.encoding=UTF-8 
java_command: RCPConsole
java_class_path (initial): /opt/eclipse/plugins/org.eclipse.core.runtime_3.12.0.v20160606-1342.jar:/opt/eclipse/plugins/javax.inject_1.0.0.v20091030.jar:/opt/eclipse/plugins/org.eclipse.osgi_3.11.0.v20160603-1336.jar:/opt/eclipse/plugins/org.eclipse.osgi.compatibility.state_1.0.200.v20160504-1419.jar:/opt/eclipse/plugins/org.eclipse.equinox.common_3.8.0.v20160509-1230.jar:/opt/eclipse/plugins/org.eclipse.core.jobs_3.8.0.v20160509-0411.jar:/opt/eclipse/plugins/org.eclipse.equinox.registry_3.6.100.v20160223-2218.jar:/opt/eclipse/plugins/org.eclipse.equinox.preferences_3.6.0.v20160120-1756.jar:/opt/eclipse/plugins/org.eclipse.core.contenttype_3.5.100.v20160418-1621.jar:/opt/eclipse/plugins/org.eclipse.equinox.app_1.3.400.v20150715-1528.jar:/opt/eclipse/plugins/org.eclipse.ui_3.108.0.v20160518-1929.jar:/opt/eclipse/plugins/org.eclipse.swt_3.105.0.v20160603-0902.jar:/opt/eclipse/plugins/org.eclipse.swt.gtk.linux.x86_64_3.105.0.v20160603-0902.jar:/opt/eclipse/plugins/org.eclipse.jface_3.12.0.v20160518-1929.jar:/opt/eclipse/plugins/org.eclipse.core.commands_3.8.0.v20160316-1921.jar:/opt/eclipse/plugins/org.eclipse.ui.workbench_3.108.0.v20160602-1232.jar:/opt/eclipse/plugins/org.eclipse.e4.ui.workbench3_0.13.100.v20160506-0759.jar:/opt/eclipse/plugins/org.eclipse.ui.console_3.6.200.v20160518-1858.jar:/opt/eclipse/plugins/org.eclipse.emf.ecore_2.12.0.v20160420-0247.jar:/opt/eclipse/plugins/org.eclipse.emf.common_2.12.0.v20160420-0247.jar:/opt/eclipse/plugins/org.eclipse.emf.ecore.xmi_2.12.0.v20160420-0247.jar:/home/hrishi/.eclipse/org.eclipse.platform_4.6.0_1473617060_linux_gtk_x86_64/plugins/fr.irisa.cairn.eclipse.tom_2.10.0.201612051604/libs/aircube-bundle.jar:/home/hrishi/.eclipse/org.eclipse.platform_4.6.0_1473617060_linux_gtk_x86_64/plugins/fr.irisa.cairn.graph_1.0.0.201612051604:/home/hrishi/.eclipse/org.eclipse.platform_4.6.0_1473617060_linux_gtk_x86_64/plugins/fr.irisa.cairn.graph_1.0.0.201612051604/lib/jgrapht-ext-0.9.1-uber.jar:/opt/eclipse/plugins/com.google.inj
Launcher Type: SUN_STANDARD

Environment Variables:
PATH=/home/hrishi/torch/install/bin:/usr/local/sbin:/usr/local/bin:/usr/sbin:/usr/bin:/sbin:/bin:/usr/games:/usr/local/games:/snap/bin
LD_LIBRARY_PATH=/home/hrishi/torch/install/lib:
SHELL=/bin/bash
DISPLAY=:0
DYLD_LIBRARY_PATH=/home/hrishi/torch/install/lib:

Signal Handlers:
SIGSEGV: [libjvm.so+0xa66fd0], sa_mask[0]=11111111011111111101111111111110, sa_flags=SA_RESTART|SA_SIGINFO
SIGBUS: [libjvm.so+0xa66fd0], sa_mask[0]=11111111011111111101111111111110, sa_flags=SA_RESTART|SA_SIGINFO
SIGFPE: [libjvm.so+0x8b0180], sa_mask[0]=11111111011111111101111111111110, sa_flags=SA_RESTART|SA_SIGINFO
SIGPIPE: [libjvm.so+0x8b0180], sa_mask[0]=11111111011111111101111111111110, sa_flags=SA_RESTART|SA_SIGINFO
SIGXFSZ: [libjvm.so+0x8b0180], sa_mask[0]=11111111011111111101111111111110, sa_flags=SA_RESTART|SA_SIGINFO
SIGILL: [libjvm.so+0x8b0180], sa_mask[0]=11111111011111111101111111111110, sa_flags=SA_RESTART|SA_SIGINFO
SIGUSR1: SIG_DFL, sa_mask[0]=00000000000000000000000000000000, sa_flags=none
SIGUSR2: [libjvm.so+0x8b0030], sa_mask[0]=00100000000000000000000000000000, sa_flags=SA_RESTART|SA_SIGINFO
SIGHUP: [libjvm.so+0x8b0500], sa_mask[0]=11111111011111111101111111111110, sa_flags=SA_RESTART|SA_SIGINFO
SIGINT: [libjvm.so+0x8b0500], sa_mask[0]=11111111011111111101111111111110, sa_flags=SA_RESTART|SA_SIGINFO
SIGTERM: [libjvm.so+0x8b0500], sa_mask[0]=11111111011111111101111111111110, sa_flags=SA_RESTART|SA_SIGINFO
SIGQUIT: [libjvm.so+0x8b0500], sa_mask[0]=11111111011111111101111111111110, sa_flags=SA_RESTART|SA_SIGINFO


---------------  S Y S T E M  ---------------

OS:DISTRIB_ID=Ubuntu
DISTRIB_RELEASE=16.04
DISTRIB_CODENAME=xenial
DISTRIB_DESCRIPTION="Ubuntu 16.04 LTS"

uname:Linux 4.4.0-72-generic #93-Ubuntu SMP Fri Mar 31 14:07:41 UTC 2017 x86_64
libc:glibc 2.23 NPTL 2.23 
rlimit: STACK 8192k, CORE 0k, NPROC 31118, NOFILE 65536, AS infinity
load average:74.54 37.79 16.65

/proc/meminfo:
MemTotal:        8084688 kB
MemFree:         5207520 kB
MemAvailable:    5445052 kB
Buffers:           35292 kB
Cached:           614340 kB
SwapCached:       128708 kB
Active:          1843944 kB
Inactive:         721212 kB
Active(anon):    1591784 kB
Inactive(anon):   556060 kB
Active(file):     252160 kB
Inactive(file):   165152 kB
Unevictable:        1108 kB
Mlocked:            1108 kB
SwapTotal:      12000252 kB
SwapFree:        7669568 kB
Dirty:              1012 kB
Writeback:             0 kB
AnonPages:       1904396 kB
Mapped:           227204 kB
Shmem:            232500 kB
Slab:             157676 kB
SReclaimable:      81256 kB
SUnreclaim:        76420 kB
KernelStack:       15856 kB
PageTables:        55412 kB
NFS_Unstable:          0 kB
Bounce:                0 kB
WritebackTmp:          0 kB
CommitLimit:    16042596 kB
Committed_AS:   13271444 kB
VmallocTotal:   34359738367 kB
VmallocUsed:           0 kB
VmallocChunk:          0 kB
HardwareCorrupted:     0 kB
AnonHugePages:    755712 kB
CmaTotal:              0 kB
CmaFree:               0 kB
HugePages_Total:       0
HugePages_Free:        0
HugePages_Rsvd:        0
HugePages_Surp:        0
Hugepagesize:       2048 kB
DirectMap4k:      817032 kB
DirectMap2M:     7481344 kB
DirectMap1G:           0 kB


CPU:total 4 (2 cores per cpu, 2 threads per core) family 6 model 61 stepping 4, cmov, cx8, fxsr, mmx, sse, sse2, sse3, ssse3, sse4.1, sse4.2, popcnt, avx, avx2, aes, clmul, erms, 3dnowpref, lzcnt, ht, tsc, tscinvbit, bmi1, bmi2, adx

/proc/cpuinfo:
processor	: 0
vendor_id	: GenuineIntel
cpu family	: 6
model		: 61
model name	: Intel(R) Core(TM) i5-5200U CPU @ 2.20GHz
stepping	: 4
microcode	: 0x12
cpu MHz		: 1581.765
cache size	: 3072 KB
physical id	: 0
siblings	: 4
core id		: 0
cpu cores	: 2
apicid		: 0
initial apicid	: 0
fpu		: yes
fpu_exception	: yes
cpuid level	: 20
wp		: yes
flags		: fpu vme de pse tsc msr pae mce cx8 apic sep mtrr pge mca cmov pat pse36 clflush dts acpi mmx fxsr sse sse2 ss ht tm pbe syscall nx pdpe1gb rdtscp lm constant_tsc arch_perfmon pebs bts rep_good nopl xtopology nonstop_tsc aperfmperf eagerfpu pni pclmulqdq dtes64 monitor ds_cpl vmx est tm2 ssse3 sdbg fma cx16 xtpr pdcm pcid sse4_1 sse4_2 x2apic movbe popcnt tsc_deadline_timer aes xsave avx f16c rdrand lahf_lm abm 3dnowprefetch epb intel_pt tpr_shadow vnmi flexpriority ept vpid fsgsbase tsc_adjust bmi1 avx2 smep bmi2 erms invpcid rdseed adx smap xsaveopt dtherm ida arat pln pts
bugs		:
bogomips	: 4390.01
clflush size	: 64
cache_alignment	: 64
address sizes	: 39 bits physical, 48 bits virtual
power management:

processor	: 1
vendor_id	: GenuineIntel
cpu family	: 6
model		: 61
model name	: Intel(R) Core(TM) i5-5200U CPU @ 2.20GHz
stepping	: 4
microcode	: 0x12
cpu MHz		: 1586.492
cache size	: 3072 KB
physical id	: 0
siblings	: 4
core id		: 1
cpu cores	: 2
apicid		: 2
initial apicid	: 2
fpu		: yes
fpu_exception	: yes
cpuid level	: 20
wp		: yes
flags		: fpu vme de pse tsc msr pae mce cx8 apic sep mtrr pge mca cmov pat pse36 clflush dts acpi mmx fxsr sse sse2 ss ht tm pbe syscall nx pdpe1gb rdtscp lm constant_tsc arch_perfmon pebs bts rep_good nopl xtopology nonstop_tsc aperfmperf eagerfpu pni pclmulqdq dtes64 monitor ds_cpl vmx est tm2 ssse3 sdbg fma cx16 xtpr pdcm pcid sse4_1 sse4_2 x2apic movbe popcnt tsc_deadline_timer aes xsave avx f16c rdrand lahf_lm abm 3dnowprefetch epb intel_pt tpr_shadow vnmi flexpriority ept vpid fsgsbase tsc_adjust bmi1 avx2 smep bmi2 erms invpcid rdseed adx smap xsaveopt dtherm ida arat pln pts
bugs		:
bogomips	: 4390.01
clflush size	: 64
cache_alignment	: 64
address sizes	: 39 bits physical, 48 bits virtual
power management:

processor	: 2
vendor_id	: GenuineIntel
cpu family	: 6
model		: 61
model name	: Intel(R) Core(TM) i5-5200U CPU @ 2.20GHz
stepping	: 4
microcode	: 0x12
cpu MHz		: 2144.226
cache size	: 3072 KB
physical id	: 0
siblings	: 4
core id		: 0
cpu cores	: 2
apicid		: 1
initial apicid	: 1
fpu		: yes
fpu_exception	: yes
cpuid level	: 20
wp		: yes
flags		: fpu vme de pse tsc msr pae mce cx8 apic sep mtrr pge mca cmov pat pse36 clflush dts acpi mmx fxsr sse sse2 ss ht tm pbe syscall nx pdpe1gb rdtscp lm constant_tsc arch_perfmon pebs bts rep_good nopl xtopology nonstop_tsc aperfmperf eagerfpu pni pclmulqdq dtes64 monitor ds_cpl vmx est tm2 ssse3 sdbg fma cx16 xtpr pdcm pcid sse4_1 sse4_2 x2apic movbe popcnt tsc_deadline_timer aes xsave avx f16c rdrand lahf_lm abm 3dnowprefetch epb intel_pt tpr_shadow vnmi flexpriority ept vpid fsgsbase tsc_adjust bmi1 avx2 smep bmi2 erms invpcid rdseed adx smap xsaveopt dtherm ida arat pln pts
bugs		:
bogomips	: 4390.01
clflush size	: 64
cache_alignment	: 64
address sizes	: 39 bits physical, 48 bits virtual
power management:

processor	: 3
vendor_id	: GenuineIntel
cpu family	: 6
model		: 61
model name	: Intel(R) Core(TM) i5-5200U CPU @ 2.20GHz
stepping	: 4
microcode	: 0x12
cpu MHz		: 1939.265
cache size	: 3072 KB
physical id	: 0
siblings	: 4
core id		: 1
cpu cores	: 2
apicid		: 3
initial apicid	: 3
fpu		: yes
fpu_exception	: yes
cpuid level	: 20
wp		: yes
flags		: fpu vme de pse tsc msr pae mce cx8 apic sep mtrr pge mca cmov pat pse36 clflush dts acpi mmx fxsr sse sse2 ss ht tm pbe syscall nx pdpe1gb rdtscp lm constant_tsc arch_perfmon pebs bts rep_good nopl xtopology nonstop_tsc aperfmperf eagerfpu pni pclmulqdq dtes64 monitor ds_cpl vmx est tm2 ssse3 sdbg fma cx16 xtpr pdcm pcid sse4_1 sse4_2 x2apic movbe popcnt tsc_deadline_timer aes xsave avx f16c rdrand lahf_lm abm 3dnowprefetch epb intel_pt tpr_shadow vnmi flexpriority ept vpid fsgsbase tsc_adjust bmi1 avx2 smep bmi2 erms invpcid rdseed adx smap xsaveopt dtherm ida arat pln pts
bugs		:
bogomips	: 4390.01
clflush size	: 64
cache_alignment	: 64
address sizes	: 39 bits physical, 48 bits virtual
power management:



Memory: 4k page, physical 8084688k(5207520k free), swap 12000252k(7669568k free)

vm_info: OpenJDK 64-Bit Server VM (25.121-b13) for linux-amd64 JRE (1.8.0_121-8u121-b13-0ubuntu1.16.04.2-b13), built on Jan 23 2017 15:51:29 by "buildd" with gcc 5.4.0 20160609

time: Sun Apr 30 23:06:21 2017
elapsed time: 19293 seconds (0d 5h 21m 33s)

