#
# A fatal error has been detected by the Java Runtime Environment:
#
#  SIGSEGV (0xb) at pc=0x0000000000046b20, pid=6972, tid=0x00007f3c83a48700
#
# JRE version: OpenJDK Runtime Environment (8.0_121-b13) (build 1.8.0_121-8u121-b13-0ubuntu1.16.04.2-b13)
# Java VM: OpenJDK 64-Bit Server VM (25.121-b13 mixed mode linux-amd64 compressed oops)
# Problematic frame:
# C  0x0000000000046b20
#
# Failed to write core dump. Core dumps have been disabled. To enable core dumping, try "ulimit -c unlimited" before starting Java again
#
# If you would like to submit a bug report, please visit:
#   http://bugreport.java.com/bugreport/crash.jsp
#

---------------  T H R E A D  ---------------

Current thread is native thread

siginfo: si_signo: 11 (SIGSEGV), si_code: 1 (SEGV_MAPERR), si_addr: 0x0000000000046b20

Registers:
RAX=0x00007f3c64ebb248, RBX=0x00007f3c7c916b80, RCX=0x0000000000000000, RDX=0x0000000000000000
RSP=0x00007ffdd6c35188, RBP=0x00007ffdd6c352e0, RSI=0x0000000000000000, RDI=0x00007f3c83277140
R8 =0x0000000000000000, R9 =0x00007f3c8363e808, R10=0x00007f3c832770c0, R11=0x00007f3c832b22d0
R12=0x00007f3c64ebb1a8, R13=0x0000000000000000, R14=0x00007ffdd6c35190, R15=0x0000000000000012
RIP=0x0000000000046b20, EFLAGS=0x0000000000010202, CSGSFS=0x0000000000000033, ERR=0x0000000000000014
  TRAPNO=0x000000000000000e

Top of Stack: (sp=0x00007ffdd6c35188)
0x00007ffdd6c35188:   00007f3c83860c17 00007f3c83a77168
0x00007ffdd6c35198:   00007f3c83a77700 00007f3c83a747a8
0x00007ffdd6c351a8:   00007f3c7c0009a0 00007f3c7c00b570
0x00007ffdd6c351b8:   00007f3c7c00cbf0 00007f3c7c00ba20
0x00007ffdd6c351c8:   00007f3c7c00d0a0 00007f3c7c019ae0
0x00007ffdd6c351d8:   00007f3c7c001bd0 00007f3c7c0014a0
0x00007ffdd6c351e8:   0000000001573150 0000000001573680
0x00007ffdd6c351f8:   00000000015744c0 0000000001573ba0
0x00007ffdd6c35208:   00007f3c83a4a000 00007f3c83a4bb00
0x00007ffdd6c35218:   00007f3c83a4b618 00007f3c7c916b80
0x00007ffdd6c35228:   00007f3c7c9413d0 00007f3c7c941930
0x00007ffdd6c35238:   00007f3c83a4b000 00007f3c83a769d8
0x00007ffdd6c35248:   00007f3c83860964 00007ffdd6c35190
0x00007ffdd6c35258:   0000000000000006 00007ffdd6c351c0
0x00007ffdd6c35268:   0000000000000001 0000000000000006
0x00007ffdd6c35278:   00007ffdd6c35250 000000178363cc40
0x00007ffdd6c35288:   00007ffdd6c35190 0000001700000000
0x00007ffdd6c35298:   00007f3c83a76048 00007ffdd6c35160
0x00007ffdd6c352a8:   0000000000000000 0000000000000001
0x00007ffdd6c352b8:   0000000000000001 0000000000000001
0x00007ffdd6c352c8:   00007f3c8363cc40 0000000000000000
0x00007ffdd6c352d8:   0000000000000000 00007f3c8363b5f8
0x00007ffdd6c352e8:   00007f3c832b1ff8 00000000004007bc
0x00007ffdd6c352f8:   0000000000000000 0000000000400730
0x00007ffdd6c35308:   0000000000400630 00007ffdd6c35400
0x00007ffdd6c35318:   00007f3c832b2045 0000000000400730
0x00007ffdd6c35328:   00007f3c83298837 0000000000000000
0x00007ffdd6c35338:   00007ffdd6c35408 0000000583a75ca0
0x00007ffdd6c35348:   00000000004005e0 0000000000000000
0x00007ffdd6c35358:   5dba8f1791c7dd49 0000000000400630
0x00007ffdd6c35368:   00007ffdd6c35400 0000000000000000
0x00007ffdd6c35378:   0000000000000000 a241221139c7dd49 

Instructions: (pc=0x0000000000046b20)
0x0000000000046b00:   
[error occurred during error reporting (printing registers, top of stack, instructions near pc), id 0xb]

Register to memory mapping:

RAX=
[error occurred during error reporting (printing register info), id 0xb]

Stack: [0x00007ffdd6b3a000,0x00007ffdd6c3a000],  sp=0x00007ffdd6c35188,  free space=1004k
Native frames: (J=compiled Java code, j=interpreted, Vv=VM code, C=native code)
C  0x0000000000046b20


---------------  P R O C E S S  ---------------

VM state:at safepoint (shutting down)

VM Mutex/Monitor currently owned by a thread:  ([mutex/lock_event])
[0x00007f3c7c009dd0] Threads_lock - owner thread: 0x00007f3c7c07b000

Heap:
 PSYoungGen      total 68608K, used 50906K [0x00000000d6e00000, 0x00000000db600000, 0x0000000100000000)
  eden space 63488K, 72% used [0x00000000d6e00000,0x00000000d9abab78,0x00000000dac00000)
  from space 5120K, 99% used [0x00000000db100000,0x00000000db5fc030,0x00000000db600000)
  to   space 5120K, 0% used [0x00000000dac00000,0x00000000dac00000,0x00000000db100000)
 ParOldGen       total 84992K, used 11101K [0x0000000084a00000, 0x0000000089d00000, 0x00000000d6e00000)
  object space 84992K, 13% used [0x0000000084a00000,0x00000000854d75c0,0x0000000089d00000)
 Metaspace       used 19151K, capacity 19310K, committed 19712K, reserved 1067008K
  class space    used 2486K, capacity 2525K, committed 2560K, reserved 1048576K

Card table byte_map: [0x00007f3c6cc24000,0x00007f3c6d000000] byte_map_base: 0x00007f3c6c7ff000

Marking Bits: (ParMarkBitMap*) 0x00007f3c82c20220
 Begin Bits: [0x00007f3c687de000, 0x00007f3c6a6b6000)
 End Bits:   [0x00007f3c6a6b6000, 0x00007f3c6c58e000)

Polling page: 0x00007f3c83a72000

CodeCache: size=245760Kb used=7477Kb max_used=7489Kb free=238282Kb
 bounds [0x00007f3c6d000000, 0x00007f3c6d760000, 0x00007f3c7c000000]
 total_blobs=2726 nmethods=2343 adapters=296
 compilation: enabled

Compilation events (10 events):
Event: 24.490 Thread 0x00007f3c7c0b5000 nmethod 2339 0x00007f3c6d757090 code [0x00007f3c6d757200, 0x00007f3c6d757450]
Event: 24.491 Thread 0x00007f3c7c0b0800 2340       4       org.eclipse.emf.ecore.impl.BasicEObjectImpl::eStaticFeatureCount (10 bytes)
Event: 24.492 Thread 0x00007f3c7c0b0800 nmethod 2340 0x00007f3c6d727890 code [0x00007f3c6d7279e0, 0x00007f3c6d727ab8]
Event: 24.492 Thread 0x00007f3c7c0b0800 2341       4       java.lang.StringBuilder::append (8 bytes)
Event: 24.494 Thread 0x00007f3c7c0b5000 2342       3       fr.irisa.cairn.jnimap.isl.jni.JNIISLSpace::copy (25 bytes)
Event: 24.494 Thread 0x00007f3c7c0b3800 nmethod 2337 0x00007f3c6d753910 code [0x00007f3c6d753aa0, 0x00007f3c6d753d78]
Event: 24.495 Thread 0x00007f3c7c0b5000 nmethod 2342 0x00007f3c6d752450 code [0x00007f3c6d752680, 0x00007f3c6d753068]
Event: 24.495 Thread 0x00007f3c7c0b5000 2344       3       org.polymodel.impl.DomainDimensionsImpl::getExistential (27 bytes)
Event: 24.495 Thread 0x00007f3c7c0b5000 nmethod 2344 0x00007f3c6d7563d0 code [0x00007f3c6d756580, 0x00007f3c6d756b70]
Event: 24.497 Thread 0x00007f3c7c0b0800 nmethod 2341 0x00007f3c6d754510 code [0x00007f3c6d754680, 0x00007f3c6d754ac8]

GC Heap History (8 events):
Event: 16.402 GC heap before
{Heap before GC invocations=1 (full 0):
 PSYoungGen      total 36864K, used 31744K [0x00000000d6e00000, 0x00000000d9700000, 0x0000000100000000)
  eden space 31744K, 100% used [0x00000000d6e00000,0x00000000d8d00000,0x00000000d8d00000)
  from space 5120K, 0% used [0x00000000d9200000,0x00000000d9200000,0x00000000d9700000)
  to   space 5120K, 0% used [0x00000000d8d00000,0x00000000d8d00000,0x00000000d9200000)
 ParOldGen       total 84992K, used 0K [0x0000000084a00000, 0x0000000089d00000, 0x00000000d6e00000)
  object space 84992K, 0% used [0x0000000084a00000,0x0000000084a00000,0x0000000089d00000)
 Metaspace       used 7274K, capacity 7346K, committed 7552K, reserved 1056768K
  class space    used 844K, capacity 851K, committed 896K, reserved 1048576K
Event: 16.417 GC heap after
Heap after GC invocations=1 (full 0):
 PSYoungGen      total 36864K, used 5103K [0x00000000d6e00000, 0x00000000d9700000, 0x0000000100000000)
  eden space 31744K, 0% used [0x00000000d6e00000,0x00000000d6e00000,0x00000000d8d00000)
  from space 5120K, 99% used [0x00000000d8d00000,0x00000000d91fbe90,0x00000000d9200000)
  to   space 5120K, 0% used [0x00000000d9200000,0x00000000d9200000,0x00000000d9700000)
 ParOldGen       total 84992K, used 1025K [0x0000000084a00000, 0x0000000089d00000, 0x00000000d6e00000)
  object space 84992K, 1% used [0x0000000084a00000,0x0000000084b00538,0x0000000089d00000)
 Metaspace       used 7274K, capacity 7346K, committed 7552K, reserved 1056768K
  class space    used 844K, capacity 851K, committed 896K, reserved 1048576K
}
Event: 16.813 GC heap before
{Heap before GC invocations=2 (full 0):
 PSYoungGen      total 36864K, used 36847K [0x00000000d6e00000, 0x00000000d9700000, 0x0000000100000000)
  eden space 31744K, 100% used [0x00000000d6e00000,0x00000000d8d00000,0x00000000d8d00000)
  from space 5120K, 99% used [0x00000000d8d00000,0x00000000d91fbe90,0x00000000d9200000)
  to   space 5120K, 0% used [0x00000000d9200000,0x00000000d9200000,0x00000000d9700000)
 ParOldGen       total 84992K, used 1025K [0x0000000084a00000, 0x0000000089d00000, 0x00000000d6e00000)
  object space 84992K, 1% used [0x0000000084a00000,0x0000000084b00538,0x0000000089d00000)
 Metaspace       used 10415K, capacity 10456K, committed 10624K, reserved 1058816K
  class space    used 1306K, capacity 1332K, committed 1408K, reserved 1048576K
Event: 16.825 GC heap after
Heap after GC invocations=2 (full 0):
 PSYoungGen      total 36864K, used 5104K [0x00000000d6e00000, 0x00000000db600000, 0x0000000100000000)
  eden space 31744K, 0% used [0x00000000d6e00000,0x00000000d6e00000,0x00000000d8d00000)
  from space 5120K, 99% used [0x00000000d9200000,0x00000000d96fc010,0x00000000d9700000)
  to   space 5120K, 0% used [0x00000000d8d00000,0x00000000d8d00000,0x00000000d9200000)
 ParOldGen       total 84992K, used 4600K [0x0000000084a00000, 0x0000000089d00000, 0x00000000d6e00000)
  object space 84992K, 5% used [0x0000000084a00000,0x0000000084e7e010,0x0000000089d00000)
 Metaspace       used 10415K, capacity 10456K, committed 10624K, reserved 1058816K
  class space    used 1306K, capacity 1332K, committed 1408K, reserved 1048576K
}
Event: 17.136 GC heap before
{Heap before GC invocations=3 (full 0):
 PSYoungGen      total 36864K, used 36848K [0x00000000d6e00000, 0x00000000db600000, 0x0000000100000000)
  eden space 31744K, 100% used [0x00000000d6e00000,0x00000000d8d00000,0x00000000d8d00000)
  from space 5120K, 99% used [0x00000000d9200000,0x00000000d96fc010,0x00000000d9700000)
  to   space 5120K, 0% used [0x00000000d8d00000,0x00000000d8d00000,0x00000000d9200000)
 ParOldGen       total 84992K, used 4600K [0x0000000084a00000, 0x0000000089d00000, 0x00000000d6e00000)
  object space 84992K, 5% used [0x0000000084a00000,0x0000000084e7e010,0x0000000089d00000)
 Metaspace       used 12516K, capacity 12598K, committed 12928K, reserved 1060864K
  class space    used 1602K, capacity 1657K, committed 1664K, reserved 1048576K
Event: 17.147 GC heap after
Heap after GC invocations=3 (full 0):
 PSYoungGen      total 36864K, used 5104K [0x00000000d6e00000, 0x00000000db600000, 0x0000000100000000)
  eden space 31744K, 0% used [0x00000000d6e00000,0x00000000d6e00000,0x00000000d8d00000)
  from space 5120K, 99% used [0x00000000d8d00000,0x00000000d91fc030,0x00000000d9200000)
  to   space 5120K, 0% used [0x00000000db100000,0x00000000db100000,0x00000000db600000)
 ParOldGen       total 84992K, used 7829K [0x0000000084a00000, 0x0000000089d00000, 0x00000000d6e00000)
  object space 84992K, 9% used [0x0000000084a00000,0x00000000851a5408,0x0000000089d00000)
 Metaspace       used 12516K, capacity 12598K, committed 12928K, reserved 1060864K
  class space    used 1602K, capacity 1657K, committed 1664K, reserved 1048576K
}
Event: 17.482 GC heap before
{Heap before GC invocations=4 (full 0):
 PSYoungGen      total 36864K, used 36848K [0x00000000d6e00000, 0x00000000db600000, 0x0000000100000000)
  eden space 31744K, 100% used [0x00000000d6e00000,0x00000000d8d00000,0x00000000d8d00000)
  from space 5120K, 99% used [0x00000000d8d00000,0x00000000d91fc030,0x00000000d9200000)
  to   space 5120K, 0% used [0x00000000db100000,0x00000000db100000,0x00000000db600000)
 ParOldGen       total 84992K, used 7829K [0x0000000084a00000, 0x0000000089d00000, 0x00000000d6e00000)
  object space 84992K, 9% used [0x0000000084a00000,0x00000000851a5408,0x0000000089d00000)
 Metaspace       used 15181K, capacity 15362K, committed 15616K, reserved 1062912K
  class space    used 1999K, capacity 2043K, committed 2048K, reserved 1048576K
Event: 17.496 GC heap after
Heap after GC invocations=4 (full 0):
 PSYoungGen      total 68608K, used 5104K [0x00000000d6e00000, 0x00000000db600000, 0x0000000100000000)
  eden space 63488K, 0% used [0x00000000d6e00000,0x00000000d6e00000,0x00000000dac00000)
  from space 5120K, 99% used [0x00000000db100000,0x00000000db5fc030,0x00000000db600000)
  to   space 5120K, 0% used [0x00000000dac00000,0x00000000dac00000,0x00000000db100000)
 ParOldGen       total 84992K, used 11101K [0x0000000084a00000, 0x0000000089d00000, 0x00000000d6e00000)
  object space 84992K, 13% used [0x0000000084a00000,0x00000000854d75c0,0x0000000089d00000)
 Metaspace       used 15181K, capacity 15362K, committed 15616K, reserved 1062912K
  class space    used 1999K, capacity 2043K, committed 2048K, reserved 1048576K
}

Deoptimization events (10 events):
Event: 18.094 Thread 0x00007f3c7c00d800 Uncommon trap: reason=array_check action=maybe_recompile pc=0x00007f3c6d5e5b88 method=org.eclipse.emf.common.util.BasicEList.assign(ILjava/lang/Object;)Ljava/lang/Object; @ 6
Event: 18.094 Thread 0x00007f3c7c00d800 Uncommon trap: reason=array_check action=maybe_recompile pc=0x00007f3c6d5e5b88 method=org.eclipse.emf.common.util.BasicEList.assign(ILjava/lang/Object;)Ljava/lang/Object; @ 6
Event: 18.231 Thread 0x00007f3c7c00d800 Uncommon trap: reason=unstable_if action=reinterpret pc=0x00007f3c6d56ea04 method=java.util.HashMap.hash(Ljava/lang/Object;)I @ 1
Event: 18.231 Thread 0x00007f3c7c00d800 Uncommon trap: reason=unstable_if action=reinterpret pc=0x00007f3c6d4a3d30 method=java.util.HashMap.hash(Ljava/lang/Object;)I @ 1
Event: 18.233 Thread 0x00007f3c7c00d800 Uncommon trap: reason=unstable_if action=reinterpret pc=0x00007f3c6d3b960c method=java.util.HashMap.hash(Ljava/lang/Object;)I @ 1
Event: 18.234 Thread 0x00007f3c7c00d800 Uncommon trap: reason=unstable_if action=reinterpret pc=0x00007f3c6d1bdbe8 method=java.util.HashMap.hash(Ljava/lang/Object;)I @ 1
Event: 18.336 Thread 0x00007f3c7c00d800 Uncommon trap: reason=bimorphic action=maybe_recompile pc=0x00007f3c6d53e348 method=org.eclipse.emf.ecore.util.EContentsEList$FeatureIteratorImpl.hasNext()Z @ 279
Event: 18.336 Thread 0x00007f3c7c00d800 Uncommon trap: reason=bimorphic action=maybe_recompile pc=0x00007f3c6d53e348 method=org.eclipse.emf.ecore.util.EContentsEList$FeatureIteratorImpl.hasNext()Z @ 279
Event: 24.470 Thread 0x00007f3c7c00d800 Uncommon trap: reason=bimorphic action=maybe_recompile pc=0x00007f3c6d53e348 method=org.eclipse.emf.ecore.util.EContentsEList$FeatureIteratorImpl.hasNext()Z @ 279
Event: 10266.918 Thread 0x00007f3c7c00d800 Uncommon trap: reason=null_check action=make_not_entrant pc=0x00007f3c6d68fb2c method=java.lang.StringCoding.deref(Ljava/lang/ThreadLocal;)Ljava/lang/Object; @ 4

Internal exceptions (10 events):
Event: 10264.478 Thread 0x00007f3c7c00d800 Exception <a 'java/io/IOException'> (0x00000000d99c1020) thrown at [/build/openjdk-8-YiEakL/openjdk-8-8u121-b13/src/hotspot/src/share/vm/prims/jni.cpp, line 709]
Event: 10264.509 Thread 0x00007f3c7c00d800 Exception <a 'java/io/IOException'> (0x00000000d99c12b8) thrown at [/build/openjdk-8-YiEakL/openjdk-8-8u121-b13/src/hotspot/src/share/vm/prims/jni.cpp, line 709]
Event: 10264.509 Thread 0x00007f3c7c00d800 Exception <a 'java/io/IOException'> (0x00000000d99c1520) thrown at [/build/openjdk-8-YiEakL/openjdk-8-8u121-b13/src/hotspot/src/share/vm/prims/jni.cpp, line 709]
Event: 10265.409 Thread 0x00007f3c7c00d800 Exception <a 'java/io/IOException'> (0x00000000d99c1d10) thrown at [/build/openjdk-8-YiEakL/openjdk-8-8u121-b13/src/hotspot/src/share/vm/prims/jni.cpp, line 709]
Event: 10265.409 Thread 0x00007f3c7c00d800 Exception <a 'java/io/IOException'> (0x00000000d99c1fa8) thrown at [/build/openjdk-8-YiEakL/openjdk-8-8u121-b13/src/hotspot/src/share/vm/prims/jni.cpp, line 709]
Event: 10265.409 Thread 0x00007f3c7c00d800 Exception <a 'java/io/IOException'> (0x00000000d99c2210) thrown at [/build/openjdk-8-YiEakL/openjdk-8-8u121-b13/src/hotspot/src/share/vm/prims/jni.cpp, line 709]
Event: 10265.409 Thread 0x00007f3c7c00d800 Exception <a 'java/io/IOException'> (0x00000000d99c27c8) thrown at [/build/openjdk-8-YiEakL/openjdk-8-8u121-b13/src/hotspot/src/share/vm/prims/jni.cpp, line 709]
Event: 10265.409 Thread 0x00007f3c7c00d800 Exception <a 'java/io/IOException'> (0x00000000d99c2a60) thrown at [/build/openjdk-8-YiEakL/openjdk-8-8u121-b13/src/hotspot/src/share/vm/prims/jni.cpp, line 709]
Event: 10265.409 Thread 0x00007f3c7c00d800 Exception <a 'java/io/IOException'> (0x00000000d99c2cc8) thrown at [/build/openjdk-8-YiEakL/openjdk-8-8u121-b13/src/hotspot/src/share/vm/prims/jni.cpp, line 709]
Event: 10266.917 Thread 0x00007f3c7c00d800 Implicit null exception at 0x00007f3c6d68f50d to 0x00007f3c6d68fb15

Events (10 events):
Event: 10266.206 Executing VM operation: RevokeBias done
Event: 10266.274 Executing VM operation: RevokeBias
Event: 10266.274 Executing VM operation: RevokeBias done
Event: 10266.274 Executing VM operation: RevokeBias
Event: 10266.274 Executing VM operation: RevokeBias done
Event: 10266.379 Thread 0x00007f3c7c4d1800 Thread exited: 0x00007f3c7c4d1800
Event: 10266.918 Thread 0x00007f3c7c00d800 Uncommon trap: trap_request=0xfffffff4 fr.pc=0x00007f3c6d68fb2c
Event: 10266.918 Thread 0x00007f3c7c00d800 DEOPT PACKING pc=0x00007f3c6d68fb2c sp=0x00007f3c83a451c0
Event: 10266.918 Thread 0x00007f3c7c00d800 DEOPT UNPACKING pc=0x00007f3c6d004f69 sp=0x00007f3c83a450c0 mode 2
Event: 10267.070 Thread 0x00007f3c7c00d800 Thread exited: 0x00007f3c7c00d800


Dynamic libraries:
00400000-00401000 r-xp 00000000 08:09 7087821                            /usr/lib/jvm/java-8-openjdk-amd64/jre/bin/java
00600000-00601000 r--p 00000000 08:09 7087821                            /usr/lib/jvm/java-8-openjdk-amd64/jre/bin/java
00601000-00602000 rw-p 00001000 08:09 7087821                            /usr/lib/jvm/java-8-openjdk-amd64/jre/bin/java
01573000-01594000 rw-p 00000000 00:00 0                                  [heap]
84a00000-89d00000 rw-p 00000000 00:00 0 
89d00000-d6e00000 ---p 00000000 00:00 0 
d6e00000-db600000 rw-p 00000000 00:00 0 
db600000-100000000 ---p 00000000 00:00 0 
100000000-100280000 rw-p 00000000 00:00 0 
100280000-140000000 ---p 00000000 00:00 0 
7f3c20000000-7f3c20021000 rw-p 00000000 00:00 0 
7f3c20021000-7f3c24000000 ---p 00000000 00:00 0 
7f3c28000000-7f3c28021000 rw-p 00000000 00:00 0 
7f3c28021000-7f3c2c000000 ---p 00000000 00:00 0 
7f3c2c000000-7f3c2c021000 rw-p 00000000 00:00 0 
7f3c2c021000-7f3c30000000 ---p 00000000 00:00 0 
7f3c30000000-7f3c30021000 rw-p 00000000 00:00 0 
7f3c30021000-7f3c34000000 ---p 00000000 00:00 0 
7f3c34000000-7f3c34021000 rw-p 00000000 00:00 0 
7f3c34021000-7f3c38000000 ---p 00000000 00:00 0 
7f3c38000000-7f3c3858d000 rw-p 00000000 00:00 0 
7f3c3858d000-7f3c3c000000 ---p 00000000 00:00 0 
7f3c3c000000-7f3c3c491000 rw-p 00000000 00:00 0 
7f3c3c491000-7f3c40000000 ---p 00000000 00:00 0 
7f3c40000000-7f3c40021000 rw-p 00000000 00:00 0 
7f3c40021000-7f3c44000000 ---p 00000000 00:00 0 
7f3c44000000-7f3c44f40000 rw-p 00000000 00:00 0 
7f3c44f40000-7f3c48000000 ---p 00000000 00:00 0 
7f3c48000000-7f3c48021000 rw-p 00000000 00:00 0 
7f3c48021000-7f3c4c000000 ---p 00000000 00:00 0 
7f3c4c000000-7f3c4c021000 rw-p 00000000 00:00 0 
7f3c4c021000-7f3c50000000 ---p 00000000 00:00 0 
7f3c50000000-7f3c50021000 rw-p 00000000 00:00 0 
7f3c50021000-7f3c54000000 ---p 00000000 00:00 0 
7f3c54000000-7f3c54021000 rw-p 00000000 00:00 0 
7f3c54021000-7f3c58000000 ---p 00000000 00:00 0 
7f3c58000000-7f3c58021000 rw-p 00000000 00:00 0 
7f3c58021000-7f3c5c000000 ---p 00000000 00:00 0 
7f3c5c000000-7f3c5c021000 rw-p 00000000 00:00 0 
7f3c5c021000-7f3c60000000 ---p 00000000 00:00 0 
7f3c60000000-7f3c60021000 rw-p 00000000 00:00 0 
7f3c60021000-7f3c64000000 ---p 00000000 00:00 0 
7f3c64453000-7f3c64513000 rw-p 00000000 00:00 0 
7f3c64513000-7f3c64653000 ---p 00000000 00:00 0 
7f3c64653000-7f3c646c8000 r-xp 00000000 08:09 27656477                   /home/hrishi/workspace/Console/.jnimap.temp.linux_64/libgmp.so.10 (deleted)
7f3c646c8000-7f3c648c7000 ---p 00075000 08:09 27656477                   /home/hrishi/workspace/Console/.jnimap.temp.linux_64/libgmp.so.10 (deleted)
7f3c648c7000-7f3c648c9000 rw-p 00074000 08:09 27656477                   /home/hrishi/workspace/Console/.jnimap.temp.linux_64/libgmp.so.10 (deleted)
7f3c648c9000-7f3c64a31000 r-xp 00000000 08:09 27656476                   /home/hrishi/workspace/Console/.jnimap.temp.linux_64/libisl.so.13 (deleted)
7f3c64a31000-7f3c64c30000 ---p 00168000 08:09 27656476                   /home/hrishi/workspace/Console/.jnimap.temp.linux_64/libisl.so.13 (deleted)
7f3c64c30000-7f3c64c37000 rw-p 00167000 08:09 27656476                   /home/hrishi/workspace/Console/.jnimap.temp.linux_64/libisl.so.13 (deleted)
7f3c64c37000-7f3c64cbc000 r-xp 00000000 08:09 27656478                   /home/hrishi/workspace/Console/.jnimap.temp.linux_64/linux_64_libjniisl.so (deleted)
7f3c64cbc000-7f3c64ebb000 ---p 00085000 08:09 27656478                   /home/hrishi/workspace/Console/.jnimap.temp.linux_64/linux_64_libjniisl.so (deleted)
7f3c64ebb000-7f3c64ebe000 rw-p 00084000 08:09 27656478                   /home/hrishi/workspace/Console/.jnimap.temp.linux_64/linux_64_libjniisl.so (deleted)
7f3c64ebe000-7f3c650be000 rw-p 00000000 00:00 0 
7f3c6516b000-7f3c6516e000 ---p 00000000 00:00 0 
7f3c6516e000-7f3c6546c000 rw-p 00000000 00:00 0 
7f3c6546c000-7f3c6566c000 rw-p 00000000 00:00 0 
7f3c6566c000-7f3c6566f000 ---p 00000000 00:00 0 
7f3c6566f000-7f3c6596d000 rw-p 00000000 00:00 0 
7f3c6596d000-7f3c65970000 ---p 00000000 00:00 0 
7f3c65970000-7f3c65a6e000 rw-p 00000000 00:00 0 
7f3c65a6e000-7f3c65a71000 r--s 00015000 08:09 7085469                    /usr/lib/jvm/java-8-openjdk-amd64/jre/lib/jce.jar
7f3c65a71000-7f3c65a75000 r--s 0009a000 08:09 7085467                    /usr/lib/jvm/java-8-openjdk-amd64/jre/lib/jsse.jar
7f3c65a75000-7f3c65a78000 r--s 00014000 08:09 26516293                   /home/hrishi/.eclipse/org.eclipse.platform_4.6.0_1473617060_linux_gtk_x86_64/plugins/fr.irisa.r2d2.parser.runtime_1.0.0.201612051604.jar
7f3c65a78000-7f3c65a80000 r--s 0003c000 08:09 26516292                   /home/hrishi/.eclipse/org.eclipse.platform_4.6.0_1473617060_linux_gtk_x86_64/plugins/fr.irisa.r2d2.gecos.framework_1.0.0.201612051604.jar
7f3c65a80000-7f3c65a8a000 r--s 0006c000 08:09 26516357                   /home/hrishi/.eclipse/org.eclipse.platform_4.6.0_1473617060_linux_gtk_x86_64/plugins/org.eclipse.xtext.common.types_2.10.0.v201605250459.jar
7f3c65a8a000-7f3c65aba000 r--s 0044d000 08:09 26516369                   /home/hrishi/.eclipse/org.eclipse.platform_4.6.0_1473617060_linux_gtk_x86_64/plugins/org.eclipse.xtext.xbase_2.10.0.v201605250459.jar
7f3c65aba000-7f3c65abd000 r--s 0000f000 08:09 26516352                   /home/hrishi/.eclipse/org.eclipse.platform_4.6.0_1473617060_linux_gtk_x86_64/plugins/org.eclipse.xtend.lib.macro_2.10.0.v201605250459.jar
7f3c65abd000-7f3c65ac1000 r--s 00035000 08:09 26516351                   /home/hrishi/.eclipse/org.eclipse.platform_4.6.0_1473617060_linux_gtk_x86_64/plugins/org.eclipse.xtend.lib_2.10.0.v201605250459.jar
7f3c65ac1000-7f3c65ac2000 r--s 00001000 08:09 26516354                   /home/hrishi/.eclipse/org.eclipse.platform_4.6.0_1473617060_linux_gtk_x86_64/plugins/org.eclipse.xtend2.lib_2.10.0.v201605250459.jar
7f3c65ac2000-7f3c65ac8000 r--s 0003f000 08:09 26516368                   /home/hrishi/.eclipse/org.eclipse.platform_4.6.0_1473617060_linux_gtk_x86_64/plugins/org.eclipse.xtext.util_2.10.0.v201605250459.jar
7f3c65ac8000-7f3c65af9000 r--s 0024b000 08:09 26516355                   /home/hrishi/.eclipse/org.eclipse.platform_4.6.0_1473617060_linux_gtk_x86_64/plugins/org.eclipse.xtext_2.10.0.v201605250459.jar
7f3c65af9000-7f3c65b01000 r--s 00061000 08:09 26516277                   /home/hrishi/.eclipse/org.eclipse.platform_4.6.0_1473617060_linux_gtk_x86_64/plugins/edu.csu.melange.alphabets_0.9.6.201612051604.jar
7f3c65b01000-7f3c65b02000 r--s 00008000 08:09 26516336                   /home/hrishi/.eclipse/org.eclipse.platform_4.6.0_1473617060_linux_gtk_x86_64/plugins/org.polymodel.scop.cgenerator2_1.0.0.201612051604.jar
7f3c65b02000-7f3c65b05000 r--s 00024000 08:09 26516337                   /home/hrishi/.eclipse/org.eclipse.platform_4.6.0_1473617060_linux_gtk_x86_64/plugins/org.polymodel.scop.dtiler_1.0.0.201612051604.jar
7f3c65b05000-7f3c65b06000 r--s 00001000 08:09 26516335                   /home/hrishi/.eclipse/org.eclipse.platform_4.6.0_1473617060_linux_gtk_x86_64/plugins/org.polymodel.scop.bridge.clast_1.0.0.201612051604.jar
7f3c65b06000-7f3c65b0b000 r--s 0002a000 08:09 26516334                   /home/hrishi/.eclipse/org.eclipse.platform_4.6.0_1473617060_linux_gtk_x86_64/plugins/org.polymodel.scop_1.0.0.201612051604.jar
7f3c65b0b000-7f3c65b1e000 r--s 0012e000 08:09 26516300                   /home/hrishi/.eclipse/org.eclipse.platform_4.6.0_1473617060_linux_gtk_x86_64/plugins/org.polymodel.polyhedralIR.codegen_1.0.0.201612051604.jar
7f3c65b1e000-7f3c65b21000 r--s 008e1000 08:09 26516287                   /home/hrishi/.eclipse/org.eclipse.platform_4.6.0_1473617060_linux_gtk_x86_64/plugins/fr.irisa.cairn.jnimap.cloog_1.0.0.201612051604.jar
7f3c65b21000-7f3c65b25000 r--s 00031000 08:09 26516341                   /home/hrishi/.eclipse/org.eclipse.platform_4.6.0_1473617060_linux_gtk_x86_64/plugins/org.antlr.runtime_3.2.0.v201101311130.jar
7f3c65b25000-7f3c65b26000 r--s 00011000 08:09 10748494                   /opt/eclipse/plugins/org.apache.commons.logging_1.1.1.v201101211721.jar
7f3c65b26000-7f3c65b2e000 r--s 0005e000 08:09 10748531                   /opt/eclipse/plugins/org.apache.log4j_1.2.15.v201012070815.jar
7f3c65b2e000-7f3c65b30000 r--s 00008000 08:09 26516346                   /home/hrishi/.eclipse/org.eclipse.platform_4.6.0_1473617060_linux_gtk_x86_64/plugins/org.eclipse.emf.mwe.utils_1.3.20.v201605261103.jar
7f3c65b30000-7f3c65b31000 r--s 00003000 08:09 26516348                   /home/hrishi/.eclipse/org.eclipse.platform_4.6.0_1473617060_linux_gtk_x86_64/plugins/org.eclipse.emf.mwe2.runtime_2.9.0.v201605261103.jar
7f3c65b31000-7f3c65b32000 r--s 0000b000 08:09 26516339                   /home/hrishi/.eclipse/org.eclipse.platform_4.6.0_1473617060_linux_gtk_x86_64/plugins/org.apache.commons.cli_1.2.0.v201404270220.jar
7f3c65b32000-7f3c65b38000 r--s 0002a000 08:09 26516345                   /home/hrishi/.eclipse/org.eclipse.platform_4.6.0_1473617060_linux_gtk_x86_64/plugins/org.eclipse.emf.mwe.core_1.3.20.v201605261103.jar
7f3c65b38000-7f3c65b3a000 r--s 00009000 08:09 26516279                   /home/hrishi/.eclipse/org.eclipse.platform_4.6.0_1473617060_linux_gtk_x86_64/plugins/edu.csu.melange.affineLattice_1.0.0.jar
7f3c65b3a000-7f3c65b3c000 r--s 00000000 08:09 26516338                   /home/hrishi/.eclipse/org.eclipse.platform_4.6.0_1473617060_linux_gtk_x86_64/plugins/tom.mapping_1.0.0.201612051604.jar
7f3c65b3c000-7f3c65b43000 r--s 0004d000 08:09 26516333                   /home/hrishi/.eclipse/org.eclipse.platform_4.6.0_1473617060_linux_gtk_x86_64/plugins/org.polymodel.prdg.scheduling_1.0.0.201612051604.jar
7f3c65b43000-7f3c65b46000 r--s 0001f000 08:09 26516370                   /home/hrishi/.eclipse/org.eclipse.platform_4.6.0_1473617060_linux_gtk_x86_64/plugins/org.eclipse.xtext.xbase.lib_2.10.0.v201605250459.jar
7f3c65b46000-7f3c65b48000 r--s 00004000 08:09 26516299                   /home/hrishi/.eclipse/org.eclipse.platform_4.6.0_1473617060_linux_gtk_x86_64/plugins/org.polymodel.matrix_1.0.0.201612051604.jar
7f3c65b48000-7f3c65b4a000 r--s 00005000 08:09 26516332                   /home/hrishi/.eclipse/org.eclipse.platform_4.6.0_1473617060_linux_gtk_x86_64/plugins/org.polymodel.prdg.adapter_1.0.0.201612051604.jar
7f3c65b4a000-7f3c65b4c000 r--s 00009000 08:09 26516301                   /home/hrishi/.eclipse/org.eclipse.platform_4.6.0_1473617060_linux_gtk_x86_64/plugins/org.polymodel.prdg_1.0.0.201612051604.jar
7f3c65b4c000-7f3c65b4e000 r--s 00013000 08:09 26516297                   /home/hrishi/.eclipse/org.eclipse.platform_4.6.0_1473617060_linux_gtk_x86_64/plugins/org.polymodel.isl_1.0.0.201612051604.jar
7f3c65b4e000-7f3c65b58000 r--s 000a4000 08:09 26516295                   /home/hrishi/.eclipse/org.eclipse.platform_4.6.0_1473617060_linux_gtk_x86_64/plugins/org.polymodel.algebra_1.0.0.201612051604.jar
7f3c65b58000-7f3c65b5b000 r--s 0002b000 08:09 26516294                   /home/hrishi/.eclipse/org.eclipse.platform_4.6.0_1473617060_linux_gtk_x86_64/plugins/org.polymodel_1.0.0.201612051604.jar
7f3c65b5b000-7f3c65b85000 r--s 001ff000 08:09 10749007                   /opt/eclipse/plugins/com.google.guava_15.0.0.v201403281430.jar
7f3c65b85000-7f3c65b86000 r--s 0000f000 08:09 28708338                   /home/hrishi/.eclipse/org.eclipse.platform_4.6.0_1473617060_linux_gtk_x86_64/plugins/fr.irisa.cairn.tools_1.0.0.201612051604/lib/javatuples-1.2.jar
7f3c65b86000-7f3c65b87000 r--s 0000b000 08:09 28708337                   /home/hrishi/.eclipse/org.eclipse.platform_4.6.0_1473617060_linux_gtk_x86_64/plugins/fr.irisa.cairn.tools_1.0.0.201612051604/lib/javatuples-1.2-sources.jar
7f3c65b87000-7f3c65b8a000 r--s 00037000 08:09 28708336                   /home/hrishi/.eclipse/org.eclipse.platform_4.6.0_1473617060_linux_gtk_x86_64/plugins/fr.irisa.cairn.tools_1.0.0.201612051604/lib/javatuples-1.2-javadoc.jar
7f3c65b8a000-7f3c65b8b000 r--s 00000000 08:09 26516289                   /home/hrishi/.eclipse/org.eclipse.platform_4.6.0_1473617060_linux_gtk_x86_64/plugins/fr.irisa.cairn.jnimap.runtime_1.0.0.201612051604.jar
7f3c65b8b000-7f3c65b90000 r--s 00b6c000 08:09 26516288                   /home/hrishi/.eclipse/org.eclipse.platform_4.6.0_1473617060_linux_gtk_x86_64/plugins/fr.irisa.cairn.jnimap.isl_2.1.0.201612051604.jar
7f3c65b90000-7f3c65b92000 r--s 00007000 08:09 26516286                   /home/hrishi/.eclipse/org.eclipse.platform_4.6.0_1473617060_linux_gtk_x86_64/plugins/fr.irisa.cairn.graph.guice_1.0.0.201612051604.jar
7f3c65b92000-7f3c65b94000 r--s 00009000 08:09 10748202                   /opt/eclipse/plugins/com.google.inject.multibindings_3.0.0.v201605172100.jar
7f3c65b94000-7f3c65b9f000 r--s 00077000 08:09 10748760                   /opt/eclipse/plugins/com.google.inject_3.0.0.v201605172100.jar
7f3c65b9f000-7f3c65bb7000 r--s 0015b000 08:09 28061747                   /home/hrishi/.eclipse/org.eclipse.platform_4.6.0_1473617060_linux_gtk_x86_64/plugins/fr.irisa.cairn.graph_1.0.0.201612051604/lib/jgrapht-ext-0.9.1-uber.jar
7f3c65bb7000-7f3c65be7000 rw-p 00000000 00:00 0 
7f3c65be7000-7f3c65d17000 r--s 010bc000 08:09 28708362                   /home/hrishi/.eclipse/org.eclipse.platform_4.6.0_1473617060_linux_gtk_x86_64/plugins/fr.irisa.cairn.eclipse.tom_2.10.0.201612051604/libs/aircube-bundle.jar
7f3c65d17000-7f3c65d1b000 r--s 00035000 08:09 10748985                   /opt/eclipse/plugins/org.eclipse.emf.ecore.xmi_2.12.0.v20160420-0247.jar
7f3c65d1b000-7f3c65d22000 r--s 00051000 08:09 10748503                   /opt/eclipse/plugins/org.eclipse.emf.common_2.12.0.v20160420-0247.jar
7f3c65d22000-7f3c65d34000 r--s 00111000 08:09 10748217                   /opt/eclipse/plugins/org.eclipse.emf.ecore_2.12.0.v20160420-0247.jar
7f3c65d34000-7f3c65d39000 r--s 00030000 08:09 10748396                   /opt/eclipse/plugins/org.eclipse.ui.console_3.6.200.v20160518-1858.jar
7f3c65d39000-7f3c65d7b000 r--s 00398000 08:09 10748311                   /opt/eclipse/plugins/org.eclipse.ui.workbench_3.108.0.v20160602-1232.jar
7f3c65d7b000-7f3c65d7f000 r--s 00019000 08:09 10748602                   /opt/eclipse/plugins/org.eclipse.core.commands_3.8.0.v20160316-1921.jar
7f3c65d7f000-7f3c65d91000 r--s 000f8000 08:09 10748780                   /opt/eclipse/plugins/org.eclipse.jface_3.12.0.v20160518-1929.jar
7f3c65d91000-7f3c65da6000 r--s 0028f000 08:09 10748863                   /opt/eclipse/plugins/org.eclipse.swt.gtk.linux.x86_64_3.105.0.v20160603-0902.jar
7f3c65da6000-7f3c65daf000 r--s 00058000 08:09 10748604                   /opt/eclipse/plugins/org.eclipse.ui_3.108.0.v20160518-1929.jar
7f3c65daf000-7f3c65db1000 r--s 00014000 08:09 10748222                   /opt/eclipse/plugins/org.eclipse.equinox.app_1.3.400.v20150715-1528.jar
7f3c65db1000-7f3c65db3000 r--s 00017000 08:09 10748774                   /opt/eclipse/plugins/org.eclipse.core.contenttype_3.5.100.v20160418-1621.jar
7f3c65db3000-7f3c65db6000 r--s 0001e000 08:09 10748508                   /opt/eclipse/plugins/org.eclipse.equinox.preferences_3.6.0.v20160120-1756.jar
7f3c65db6000-7f3c65dba000 r--s 0002a000 08:09 10749014                   /opt/eclipse/plugins/org.eclipse.equinox.registry_3.6.100.v20160223-2218.jar
7f3c65dba000-7f3c65dbd000 r--s 00019000 08:09 10748931                   /opt/eclipse/plugins/org.eclipse.core.jobs_3.8.0.v20160509-0411.jar
7f3c65dbd000-7f3c65dc0000 r--s 0001b000 08:09 10748983                   /opt/eclipse/plugins/org.eclipse.equinox.common_3.8.0.v20160509-1230.jar
7f3c65dc0000-7f3c65dc3000 r--s 00039000 08:09 10748174                   /opt/eclipse/plugins/org.eclipse.osgi.compatibility.state_1.0.200.v20160504-1419.jar
7f3c65dc3000-7f3c65dd8000 r--s 0013d000 08:09 10748755                   /opt/eclipse/plugins/org.eclipse.osgi_3.11.0.v20160603-1336.jar
7f3c65dd8000-7f3c65dda000 r--s 00003000 08:09 10748526                   /opt/eclipse/plugins/javax.inject_1.0.0.v20091030.jar
7f3c65dda000-7f3c65ddc000 r--s 00011000 08:09 10748883                   /opt/eclipse/plugins/org.eclipse.core.runtime_3.12.0.v20160606-1342.jar
7f3c65ddc000-7f3c65de0000 r--s 00037000 08:09 7085460                    /usr/lib/jvm/java-8-openjdk-amd64/jre/lib/ext/sunpkcs11.jar
7f3c65de0000-7f3c65de3000 r--s 0000f000 08:09 7085457                    /usr/lib/jvm/java-8-openjdk-amd64/jre/lib/ext/icedtea-sound.jar
7f3c65de3000-7f3c65dfe000 r--s 001d6000 08:09 7085455                    /usr/lib/jvm/java-8-openjdk-amd64/jre/lib/ext/nashorn.jar
7f3c65dfe000-7f3c65dff000 ---p 00000000 00:00 0 
7f3c65dff000-7f3c65eff000 rw-p 00000000 00:00 0 
7f3c65eff000-7f3c65f02000 ---p 00000000 00:00 0 
7f3c65f02000-7f3c66000000 rw-p 00000000 00:00 0 
7f3c66000000-7f3c66003000 ---p 00000000 00:00 0 
7f3c66003000-7f3c66101000 rw-p 00000000 00:00 0 
7f3c66101000-7f3c66104000 ---p 00000000 00:00 0 
7f3c66104000-7f3c66202000 rw-p 00000000 00:00 0 
7f3c66202000-7f3c66205000 ---p 00000000 00:00 0 
7f3c66205000-7f3c66303000 rw-p 00000000 00:00 0 
7f3c66303000-7f3c66306000 ---p 00000000 00:00 0 
7f3c66306000-7f3c66404000 rw-p 00000000 00:00 0 
7f3c66404000-7f3c666dc000 r--p 00000000 08:09 2887360                    /usr/lib/locale/locale-archive
7f3c666dc000-7f3c666df000 ---p 00000000 00:00 0 
7f3c666df000-7f3c667dd000 rw-p 00000000 00:00 0 
7f3c667dd000-7f3c667e0000 ---p 00000000 00:00 0 
7f3c667e0000-7f3c668de000 rw-p 00000000 00:00 0 
7f3c668de000-7f3c668df000 ---p 00000000 00:00 0 
7f3c668df000-7f3c679bf000 rw-p 00000000 00:00 0 
7f3c679bf000-7f3c67b8d000 r--s 03c06000 08:09 7087811                    /usr/lib/jvm/java-8-openjdk-amd64/jre/lib/rt.jar
7f3c67b8d000-7f3c6c58e000 rw-p 00000000 00:00 0 
7f3c6c58e000-7f3c6c58f000 ---p 00000000 00:00 0 
7f3c6c58f000-7f3c6c68f000 rw-p 00000000 00:00 0 
7f3c6c68f000-7f3c6c690000 ---p 00000000 00:00 0 
7f3c6c690000-7f3c6c790000 rw-p 00000000 00:00 0 
7f3c6c790000-7f3c6c791000 ---p 00000000 00:00 0 
7f3c6c791000-7f3c6c891000 rw-p 00000000 00:00 0 
7f3c6c891000-7f3c6c892000 ---p 00000000 00:00 0 
7f3c6c892000-7f3c6c9bc000 rw-p 00000000 00:00 0 
7f3c6c9bc000-7f3c6cc24000 ---p 00000000 00:00 0 
7f3c6cc24000-7f3c6cc4e000 rw-p 00000000 00:00 0 
7f3c6cc4e000-7f3c6ceb6000 ---p 00000000 00:00 0 
7f3c6ceb6000-7f3c6ceda000 rw-p 00000000 00:00 0 
7f3c6ceda000-7f3c6cfff000 ---p 00000000 00:00 0 
7f3c6cfff000-7f3c6d000000 rw-p 00000000 00:00 0 
7f3c6d000000-7f3c6d760000 rwxp 00000000 00:00 0 
7f3c6d760000-7f3c7c000000 ---p 00000000 00:00 0 
7f3c7c000000-7f3c7cab3000 rw-p 00000000 00:00 0 
7f3c7cab3000-7f3c80000000 ---p 00000000 00:00 0 
7f3c80000000-7f3c80001000 r--s 00002000 08:09 10748530                   /opt/eclipse/plugins/org.eclipse.e4.ui.workbench3_0.13.100.v20160506-0759.jar
7f3c80001000-7f3c8000b000 r--s 00116000 08:09 7085461                    /usr/lib/jvm/java-8-openjdk-amd64/jre/lib/ext/localedata.jar
7f3c8000b000-7f3c80010000 r--s 0003b000 08:09 7085462                    /usr/lib/jvm/java-8-openjdk-amd64/jre/lib/ext/sunjce_provider.jar
7f3c80010000-7f3c8002e000 rw-p 00000000 00:00 0 
7f3c8002e000-7f3c803d0000 ---p 00000000 00:00 0 
7f3c803d0000-7f3c803d8000 r-xp 00000000 08:09 7085419                    /usr/lib/jvm/java-8-openjdk-amd64/jre/lib/amd64/libzip.so
7f3c803d8000-7f3c805d7000 ---p 00008000 08:09 7085419                    /usr/lib/jvm/java-8-openjdk-amd64/jre/lib/amd64/libzip.so
7f3c805d7000-7f3c805d8000 r--p 00007000 08:09 7085419                    /usr/lib/jvm/java-8-openjdk-amd64/jre/lib/amd64/libzip.so
7f3c805d8000-7f3c805d9000 rw-p 00008000 08:09 7085419                    /usr/lib/jvm/java-8-openjdk-amd64/jre/lib/amd64/libzip.so
7f3c805d9000-7f3c805e4000 r-xp 00000000 08:09 24382890                   /lib/x86_64-linux-gnu/libnss_files-2.23.so
7f3c805e4000-7f3c807e3000 ---p 0000b000 08:09 24382890                   /lib/x86_64-linux-gnu/libnss_files-2.23.so
7f3c807e3000-7f3c807e4000 r--p 0000a000 08:09 24382890                   /lib/x86_64-linux-gnu/libnss_files-2.23.so
7f3c807e4000-7f3c807e5000 rw-p 0000b000 08:09 24382890                   /lib/x86_64-linux-gnu/libnss_files-2.23.so
7f3c807e5000-7f3c807eb000 rw-p 00000000 00:00 0 
7f3c807eb000-7f3c807f6000 r-xp 00000000 08:09 24382881                   /lib/x86_64-linux-gnu/libnss_nis-2.23.so
7f3c807f6000-7f3c809f5000 ---p 0000b000 08:09 24382881                   /lib/x86_64-linux-gnu/libnss_nis-2.23.so
7f3c809f5000-7f3c809f6000 r--p 0000a000 08:09 24382881                   /lib/x86_64-linux-gnu/libnss_nis-2.23.so
7f3c809f6000-7f3c809f7000 rw-p 0000b000 08:09 24382881                   /lib/x86_64-linux-gnu/libnss_nis-2.23.so
7f3c809f7000-7f3c80a0d000 r-xp 00000000 08:09 24382883                   /lib/x86_64-linux-gnu/libnsl-2.23.so
7f3c80a0d000-7f3c80c0c000 ---p 00016000 08:09 24382883                   /lib/x86_64-linux-gnu/libnsl-2.23.so
7f3c80c0c000-7f3c80c0d000 r--p 00015000 08:09 24382883                   /lib/x86_64-linux-gnu/libnsl-2.23.so
7f3c80c0d000-7f3c80c0e000 rw-p 00016000 08:09 24382883                   /lib/x86_64-linux-gnu/libnsl-2.23.so
7f3c80c0e000-7f3c80c10000 rw-p 00000000 00:00 0 
7f3c80c10000-7f3c80c18000 r-xp 00000000 08:09 24382892                   /lib/x86_64-linux-gnu/libnss_compat-2.23.so
7f3c80c18000-7f3c80e17000 ---p 00008000 08:09 24382892                   /lib/x86_64-linux-gnu/libnss_compat-2.23.so
7f3c80e17000-7f3c80e18000 r--p 00007000 08:09 24382892                   /lib/x86_64-linux-gnu/libnss_compat-2.23.so
7f3c80e18000-7f3c80e19000 rw-p 00008000 08:09 24382892                   /lib/x86_64-linux-gnu/libnss_compat-2.23.so
7f3c80e19000-7f3c80e46000 r-xp 00000000 08:09 7085444                    /usr/lib/jvm/java-8-openjdk-amd64/jre/lib/amd64/libjava.so
7f3c80e46000-7f3c81045000 ---p 0002d000 08:09 7085444                    /usr/lib/jvm/java-8-openjdk-amd64/jre/lib/amd64/libjava.so
7f3c81045000-7f3c81046000 r--p 0002c000 08:09 7085444                    /usr/lib/jvm/java-8-openjdk-amd64/jre/lib/amd64/libjava.so
7f3c81046000-7f3c81048000 rw-p 0002d000 08:09 7085444                    /usr/lib/jvm/java-8-openjdk-amd64/jre/lib/amd64/libjava.so
7f3c81048000-7f3c81057000 r-xp 00000000 08:09 7085412                    /usr/lib/jvm/java-8-openjdk-amd64/jre/lib/amd64/libverify.so
7f3c81057000-7f3c81256000 ---p 0000f000 08:09 7085412                    /usr/lib/jvm/java-8-openjdk-amd64/jre/lib/amd64/libverify.so
7f3c81256000-7f3c81258000 r--p 0000e000 08:09 7085412                    /usr/lib/jvm/java-8-openjdk-amd64/jre/lib/amd64/libverify.so
7f3c81258000-7f3c81259000 rw-p 00010000 08:09 7085412                    /usr/lib/jvm/java-8-openjdk-amd64/jre/lib/amd64/libverify.so
7f3c81259000-7f3c81260000 r-xp 00000000 08:09 24382893                   /lib/x86_64-linux-gnu/librt-2.23.so
7f3c81260000-7f3c8145f000 ---p 00007000 08:09 24382893                   /lib/x86_64-linux-gnu/librt-2.23.so
7f3c8145f000-7f3c81460000 r--p 00006000 08:09 24382893                   /lib/x86_64-linux-gnu/librt-2.23.so
7f3c81460000-7f3c81461000 rw-p 00007000 08:09 24382893                   /lib/x86_64-linux-gnu/librt-2.23.so
7f3c81461000-7f3c81477000 r-xp 00000000 08:09 24383888                   /lib/x86_64-linux-gnu/libgcc_s.so.1
7f3c81477000-7f3c81676000 ---p 00016000 08:09 24383888                   /lib/x86_64-linux-gnu/libgcc_s.so.1
7f3c81676000-7f3c81677000 rw-p 00015000 08:09 24383888                   /lib/x86_64-linux-gnu/libgcc_s.so.1
7f3c81677000-7f3c8177f000 r-xp 00000000 08:09 24382882                   /lib/x86_64-linux-gnu/libm-2.23.so
7f3c8177f000-7f3c8197e000 ---p 00108000 08:09 24382882                   /lib/x86_64-linux-gnu/libm-2.23.so
7f3c8197e000-7f3c8197f000 r--p 00107000 08:09 24382882                   /lib/x86_64-linux-gnu/libm-2.23.so
7f3c8197f000-7f3c81980000 rw-p 00108000 08:09 24382882                   /lib/x86_64-linux-gnu/libm-2.23.so
7f3c81980000-7f3c81af2000 r-xp 00000000 08:09 2888511                    /usr/lib/x86_64-linux-gnu/libstdc++.so.6.0.21
7f3c81af2000-7f3c81cf2000 ---p 00172000 08:09 2888511                    /usr/lib/x86_64-linux-gnu/libstdc++.so.6.0.21
7f3c81cf2000-7f3c81cfc000 r--p 00172000 08:09 2888511                    /usr/lib/x86_64-linux-gnu/libstdc++.so.6.0.21
7f3c81cfc000-7f3c81cfe000 rw-p 0017c000 08:09 2888511                    /usr/lib/x86_64-linux-gnu/libstdc++.so.6.0.21
7f3c81cfe000-7f3c81d02000 rw-p 00000000 00:00 0 
7f3c81d02000-7f3c82952000 r-xp 00000000 08:09 7085439                    /usr/lib/jvm/java-8-openjdk-amd64/jre/lib/amd64/server/libjvm.so
7f3c82952000-7f3c82b51000 ---p 00c50000 08:09 7085439                    /usr/lib/jvm/java-8-openjdk-amd64/jre/lib/amd64/server/libjvm.so
7f3c82b51000-7f3c82be4000 r--p 00c4f000 08:09 7085439                    /usr/lib/jvm/java-8-openjdk-amd64/jre/lib/amd64/server/libjvm.so
7f3c82be4000-7f3c82c0d000 rw-p 00ce2000 08:09 7085439                    /usr/lib/jvm/java-8-openjdk-amd64/jre/lib/amd64/server/libjvm.so
7f3c82c0d000-7f3c82c3d000 rw-p 00000000 00:00 0 
7f3c82c3d000-7f3c82c55000 r-xp 00000000 08:09 24382897                   /lib/x86_64-linux-gnu/libpthread-2.23.so
7f3c82c55000-7f3c82e54000 ---p 00018000 08:09 24382897                   /lib/x86_64-linux-gnu/libpthread-2.23.so
7f3c82e54000-7f3c82e55000 r--p 00017000 08:09 24382897                   /lib/x86_64-linux-gnu/libpthread-2.23.so
7f3c82e55000-7f3c82e56000 rw-p 00018000 08:09 24382897                   /lib/x86_64-linux-gnu/libpthread-2.23.so
7f3c82e56000-7f3c82e5a000 rw-p 00000000 00:00 0 
7f3c82e5a000-7f3c82e5d000 r-xp 00000000 08:09 24382880                   /lib/x86_64-linux-gnu/libdl-2.23.so
7f3c82e5d000-7f3c8305c000 ---p 00003000 08:09 24382880                   /lib/x86_64-linux-gnu/libdl-2.23.so
7f3c8305c000-7f3c8305d000 r--p 00002000 08:09 24382880                   /lib/x86_64-linux-gnu/libdl-2.23.so
7f3c8305d000-7f3c8305e000 rw-p 00003000 08:09 24382880                   /lib/x86_64-linux-gnu/libdl-2.23.so
7f3c8305e000-7f3c83077000 r-xp 00000000 08:09 24384041                   /lib/x86_64-linux-gnu/libz.so.1.2.8
7f3c83077000-7f3c83276000 ---p 00019000 08:09 24384041                   /lib/x86_64-linux-gnu/libz.so.1.2.8
7f3c83276000-7f3c83277000 r--p 00018000 08:09 24384041                   /lib/x86_64-linux-gnu/libz.so.1.2.8
7f3c83277000-7f3c83278000 rw-p 00019000 08:09 24384041                   /lib/x86_64-linux-gnu/libz.so.1.2.8
7f3c83278000-7f3c83437000 r-xp 00000000 08:09 24382884                   /lib/x86_64-linux-gnu/libc-2.23.so
7f3c83437000-7f3c83637000 ---p 001bf000 08:09 24382884                   /lib/x86_64-linux-gnu/libc-2.23.so
7f3c83637000-7f3c8363b000 r--p 001bf000 08:09 24382884                   /lib/x86_64-linux-gnu/libc-2.23.so
7f3c8363b000-7f3c8363d000 rw-p 001c3000 08:09 24382884                   /lib/x86_64-linux-gnu/libc-2.23.so
7f3c8363d000-7f3c83641000 rw-p 00000000 00:00 0 
7f3c83641000-7f3c8364e000 r-xp 00000000 08:09 7085434                    /usr/lib/jvm/java-8-openjdk-amd64/jre/lib/amd64/jli/libjli.so
7f3c8364e000-7f3c8384e000 ---p 0000d000 08:09 7085434                    /usr/lib/jvm/java-8-openjdk-amd64/jre/lib/amd64/jli/libjli.so
7f3c8384e000-7f3c8384f000 r--p 0000d000 08:09 7085434                    /usr/lib/jvm/java-8-openjdk-amd64/jre/lib/amd64/jli/libjli.so
7f3c8384f000-7f3c83850000 rw-p 0000e000 08:09 7085434                    /usr/lib/jvm/java-8-openjdk-amd64/jre/lib/amd64/jli/libjli.so
7f3c83850000-7f3c83876000 r-xp 00000000 08:09 24382885                   /lib/x86_64-linux-gnu/ld-2.23.so
7f3c83876000-7f3c83877000 r--s 00004000 08:09 10748172                   /opt/eclipse/plugins/org.eclipse.swt_3.105.0.v20160603-0902.jar
7f3c83877000-7f3c83879000 r--s 00001000 08:09 7085456                    /usr/lib/jvm/java-8-openjdk-amd64/jre/lib/ext/dnsns.jar
7f3c83879000-7f3c8387b000 r--s 00008000 08:09 7085454                    /usr/lib/jvm/java-8-openjdk-amd64/jre/lib/ext/sunec.jar
7f3c8387b000-7f3c83946000 rw-p 00000000 00:00 0 
7f3c83946000-7f3c83949000 ---p 00000000 00:00 0 
7f3c83949000-7f3c83a4c000 rw-p 00000000 00:00 0 
7f3c83a4c000-7f3c83a4d000 r--s 00010000 08:09 7085459                    /usr/lib/jvm/java-8-openjdk-amd64/jre/lib/ext/zipfs.jar
7f3c83a4d000-7f3c83a4e000 r--s 0000a000 08:09 7085463                    /usr/lib/jvm/java-8-openjdk-amd64/jre/lib/ext/jaccess.jar
7f3c83a4e000-7f3c83a69000 r--s 00394000 08:09 7085458                    /usr/lib/jvm/java-8-openjdk-amd64/jre/lib/ext/cldrdata.jar
7f3c83a69000-7f3c83a71000 rw-s 00000000 08:09 18612624                   /tmp/hsperfdata_hrishi/6972 (deleted)
7f3c83a71000-7f3c83a72000 rw-p 00000000 00:00 0 
7f3c83a72000-7f3c83a73000 ---p 00000000 00:00 0 
7f3c83a73000-7f3c83a75000 rw-p 00000000 00:00 0 
7f3c83a75000-7f3c83a76000 r--p 00025000 08:09 24382885                   /lib/x86_64-linux-gnu/ld-2.23.so
7f3c83a76000-7f3c83a77000 rw-p 00026000 08:09 24382885                   /lib/x86_64-linux-gnu/ld-2.23.so
7f3c83a77000-7f3c83a78000 rw-p 00000000 00:00 0 
7ffdd6c17000-7ffdd6c3a000 rw-p 00000000 00:00 0                          [stack]
7ffdd6c6a000-7ffdd6c6c000 r--p 00000000 00:00 0                          [vvar]
7ffdd6c6c000-7ffdd6c6e000 r-xp 00000000 00:00 0                          [vdso]
ffffffffff600000-ffffffffff601000 r-xp 00000000 00:00 0                  [vsyscall]

VM Arguments:
jvm_args: -Dfile.encoding=UTF-8 
java_command: RCPConsole
java_class_path (initial): /opt/eclipse/plugins/org.eclipse.core.runtime_3.12.0.v20160606-1342.jar:/opt/eclipse/plugins/javax.inject_1.0.0.v20091030.jar:/opt/eclipse/plugins/org.eclipse.osgi_3.11.0.v20160603-1336.jar:/opt/eclipse/plugins/org.eclipse.osgi.compatibility.state_1.0.200.v20160504-1419.jar:/opt/eclipse/plugins/org.eclipse.equinox.common_3.8.0.v20160509-1230.jar:/opt/eclipse/plugins/org.eclipse.core.jobs_3.8.0.v20160509-0411.jar:/opt/eclipse/plugins/org.eclipse.equinox.registry_3.6.100.v20160223-2218.jar:/opt/eclipse/plugins/org.eclipse.equinox.preferences_3.6.0.v20160120-1756.jar:/opt/eclipse/plugins/org.eclipse.core.contenttype_3.5.100.v20160418-1621.jar:/opt/eclipse/plugins/org.eclipse.equinox.app_1.3.400.v20150715-1528.jar:/opt/eclipse/plugins/org.eclipse.ui_3.108.0.v20160518-1929.jar:/opt/eclipse/plugins/org.eclipse.swt_3.105.0.v20160603-0902.jar:/opt/eclipse/plugins/org.eclipse.swt.gtk.linux.x86_64_3.105.0.v20160603-0902.jar:/opt/eclipse/plugins/org.eclipse.jface_3.12.0.v20160518-1929.jar:/opt/eclipse/plugins/org.eclipse.core.commands_3.8.0.v20160316-1921.jar:/opt/eclipse/plugins/org.eclipse.ui.workbench_3.108.0.v20160602-1232.jar:/opt/eclipse/plugins/org.eclipse.e4.ui.workbench3_0.13.100.v20160506-0759.jar:/opt/eclipse/plugins/org.eclipse.ui.console_3.6.200.v20160518-1858.jar:/opt/eclipse/plugins/org.eclipse.emf.ecore_2.12.0.v20160420-0247.jar:/opt/eclipse/plugins/org.eclipse.emf.common_2.12.0.v20160420-0247.jar:/opt/eclipse/plugins/org.eclipse.emf.ecore.xmi_2.12.0.v20160420-0247.jar:/home/hrishi/.eclipse/org.eclipse.platform_4.6.0_1473617060_linux_gtk_x86_64/plugins/fr.irisa.cairn.eclipse.tom_2.10.0.201612051604/libs/aircube-bundle.jar:/home/hrishi/.eclipse/org.eclipse.platform_4.6.0_1473617060_linux_gtk_x86_64/plugins/fr.irisa.cairn.graph_1.0.0.201612051604:/home/hrishi/.eclipse/org.eclipse.platform_4.6.0_1473617060_linux_gtk_x86_64/plugins/fr.irisa.cairn.graph_1.0.0.201612051604/lib/jgrapht-ext-0.9.1-uber.jar:/opt/eclipse/plugins/com.google.inj
Launcher Type: SUN_STANDARD

Environment Variables:
PATH=/home/hrishi/torch/install/bin:/usr/local/sbin:/usr/local/bin:/usr/sbin:/usr/bin:/sbin:/bin:/usr/games:/usr/local/games:/snap/bin
LD_LIBRARY_PATH=/home/hrishi/torch/install/lib:
SHELL=/bin/bash
DISPLAY=:0
DYLD_LIBRARY_PATH=/home/hrishi/torch/install/lib:

Signal Handlers:
SIGSEGV: [libjvm.so+0xa66fd0], sa_mask[0]=11111111011111111101111111111110, sa_flags=SA_RESTART|SA_SIGINFO
SIGBUS: [libjvm.so+0xa66fd0], sa_mask[0]=11111111011111111101111111111110, sa_flags=SA_RESTART|SA_SIGINFO
SIGFPE: [libjvm.so+0x8b0180], sa_mask[0]=11111111011111111101111111111110, sa_flags=SA_RESTART|SA_SIGINFO
SIGPIPE: [libjvm.so+0x8b0180], sa_mask[0]=11111111011111111101111111111110, sa_flags=SA_RESTART|SA_SIGINFO
SIGXFSZ: [libjvm.so+0x8b0180], sa_mask[0]=11111111011111111101111111111110, sa_flags=SA_RESTART|SA_SIGINFO
SIGILL: [libjvm.so+0x8b0180], sa_mask[0]=11111111011111111101111111111110, sa_flags=SA_RESTART|SA_SIGINFO
SIGUSR1: SIG_DFL, sa_mask[0]=00000000000000000000000000000000, sa_flags=none
SIGUSR2: [libjvm.so+0x8b0030], sa_mask[0]=00100000000000000000000000000000, sa_flags=SA_RESTART|SA_SIGINFO
SIGHUP: [libjvm.so+0x8b0500], sa_mask[0]=11111111011111111101111111111110, sa_flags=SA_RESTART|SA_SIGINFO
SIGINT: [libjvm.so+0x8b0500], sa_mask[0]=11111111011111111101111111111110, sa_flags=SA_RESTART|SA_SIGINFO
SIGTERM: [libjvm.so+0x8b0500], sa_mask[0]=11111111011111111101111111111110, sa_flags=SA_RESTART|SA_SIGINFO
SIGQUIT: [libjvm.so+0x8b0500], sa_mask[0]=11111111011111111101111111111110, sa_flags=SA_RESTART|SA_SIGINFO


---------------  S Y S T E M  ---------------

OS:DISTRIB_ID=Ubuntu
DISTRIB_RELEASE=16.04
DISTRIB_CODENAME=xenial
DISTRIB_DESCRIPTION="Ubuntu 16.04 LTS"

uname:Linux 4.4.0-72-generic #93-Ubuntu SMP Fri Mar 31 14:07:41 UTC 2017 x86_64
libc:glibc 2.23 NPTL 2.23 
rlimit: STACK 8192k, CORE 0k, NPROC 31118, NOFILE 65536, AS infinity
load average:14.37 4.08 1.62

/proc/meminfo:
MemTotal:        8084688 kB
MemFree:         3311204 kB
MemAvailable:    3490136 kB
Buffers:           11832 kB
Cached:           555208 kB
SwapCached:        20668 kB
Active:          3439896 kB
Inactive:         995600 kB
Active(anon):    3287048 kB
Inactive(anon):   801940 kB
Active(file):     152848 kB
Inactive(file):   193660 kB
Unevictable:         728 kB
Mlocked:             728 kB
SwapTotal:      12000252 kB
SwapFree:       10803292 kB
Dirty:              1084 kB
Writeback:             0 kB
AnonPages:       3860316 kB
Mapped:           306064 kB
Shmem:            220276 kB
Slab:             166148 kB
SReclaimable:     105660 kB
SUnreclaim:        60488 kB
KernelStack:       14400 kB
PageTables:        69296 kB
NFS_Unstable:          0 kB
Bounce:                0 kB
WritebackTmp:          0 kB
CommitLimit:    16042596 kB
Committed_AS:   14063856 kB
VmallocTotal:   34359738367 kB
VmallocUsed:           0 kB
VmallocChunk:          0 kB
HardwareCorrupted:     0 kB
AnonHugePages:    976896 kB
CmaTotal:              0 kB
CmaFree:               0 kB
HugePages_Total:       0
HugePages_Free:        0
HugePages_Rsvd:        0
HugePages_Surp:        0
Hugepagesize:       2048 kB
DirectMap4k:      589704 kB
DirectMap2M:     7708672 kB
DirectMap1G:           0 kB


CPU:total 4 (2 cores per cpu, 2 threads per core) family 6 model 61 stepping 4, cmov, cx8, fxsr, mmx, sse, sse2, sse3, ssse3, sse4.1, sse4.2, popcnt, avx, avx2, aes, clmul, erms, 3dnowpref, lzcnt, ht, tsc, tscinvbit, bmi1, bmi2, adx

/proc/cpuinfo:
processor	: 0
vendor_id	: GenuineIntel
cpu family	: 6
model		: 61
model name	: Intel(R) Core(TM) i5-5200U CPU @ 2.20GHz
stepping	: 4
microcode	: 0x12
cpu MHz		: 2181.351
cache size	: 3072 KB
physical id	: 0
siblings	: 4
core id		: 0
cpu cores	: 2
apicid		: 0
initial apicid	: 0
fpu		: yes
fpu_exception	: yes
cpuid level	: 20
wp		: yes
flags		: fpu vme de pse tsc msr pae mce cx8 apic sep mtrr pge mca cmov pat pse36 clflush dts acpi mmx fxsr sse sse2 ss ht tm pbe syscall nx pdpe1gb rdtscp lm constant_tsc arch_perfmon pebs bts rep_good nopl xtopology nonstop_tsc aperfmperf eagerfpu pni pclmulqdq dtes64 monitor ds_cpl vmx est tm2 ssse3 sdbg fma cx16 xtpr pdcm pcid sse4_1 sse4_2 x2apic movbe popcnt tsc_deadline_timer aes xsave avx f16c rdrand lahf_lm abm 3dnowprefetch epb intel_pt tpr_shadow vnmi flexpriority ept vpid fsgsbase tsc_adjust bmi1 avx2 smep bmi2 erms invpcid rdseed adx smap xsaveopt dtherm ida arat pln pts
bugs		:
bogomips	: 4389.32
clflush size	: 64
cache_alignment	: 64
address sizes	: 39 bits physical, 48 bits virtual
power management:

processor	: 1
vendor_id	: GenuineIntel
cpu family	: 6
model		: 61
model name	: Intel(R) Core(TM) i5-5200U CPU @ 2.20GHz
stepping	: 4
microcode	: 0x12
cpu MHz		: 2170.523
cache size	: 3072 KB
physical id	: 0
siblings	: 4
core id		: 1
cpu cores	: 2
apicid		: 2
initial apicid	: 2
fpu		: yes
fpu_exception	: yes
cpuid level	: 20
wp		: yes
flags		: fpu vme de pse tsc msr pae mce cx8 apic sep mtrr pge mca cmov pat pse36 clflush dts acpi mmx fxsr sse sse2 ss ht tm pbe syscall nx pdpe1gb rdtscp lm constant_tsc arch_perfmon pebs bts rep_good nopl xtopology nonstop_tsc aperfmperf eagerfpu pni pclmulqdq dtes64 monitor ds_cpl vmx est tm2 ssse3 sdbg fma cx16 xtpr pdcm pcid sse4_1 sse4_2 x2apic movbe popcnt tsc_deadline_timer aes xsave avx f16c rdrand lahf_lm abm 3dnowprefetch epb intel_pt tpr_shadow vnmi flexpriority ept vpid fsgsbase tsc_adjust bmi1 avx2 smep bmi2 erms invpcid rdseed adx smap xsaveopt dtherm ida arat pln pts
bugs		:
bogomips	: 4389.32
clflush size	: 64
cache_alignment	: 64
address sizes	: 39 bits physical, 48 bits virtual
power management:

processor	: 2
vendor_id	: GenuineIntel
cpu family	: 6
model		: 61
model name	: Intel(R) Core(TM) i5-5200U CPU @ 2.20GHz
stepping	: 4
microcode	: 0x12
cpu MHz		: 2200.515
cache size	: 3072 KB
physical id	: 0
siblings	: 4
core id		: 0
cpu cores	: 2
apicid		: 1
initial apicid	: 1
fpu		: yes
fpu_exception	: yes
cpuid level	: 20
wp		: yes
flags		: fpu vme de pse tsc msr pae mce cx8 apic sep mtrr pge mca cmov pat pse36 clflush dts acpi mmx fxsr sse sse2 ss ht tm pbe syscall nx pdpe1gb rdtscp lm constant_tsc arch_perfmon pebs bts rep_good nopl xtopology nonstop_tsc aperfmperf eagerfpu pni pclmulqdq dtes64 monitor ds_cpl vmx est tm2 ssse3 sdbg fma cx16 xtpr pdcm pcid sse4_1 sse4_2 x2apic movbe popcnt tsc_deadline_timer aes xsave avx f16c rdrand lahf_lm abm 3dnowprefetch epb intel_pt tpr_shadow vnmi flexpriority ept vpid fsgsbase tsc_adjust bmi1 avx2 smep bmi2 erms invpcid rdseed adx smap xsaveopt dtherm ida arat pln pts
bugs		:
bogomips	: 4389.32
clflush size	: 64
cache_alignment	: 64
address sizes	: 39 bits physical, 48 bits virtual
power management:

processor	: 3
vendor_id	: GenuineIntel
cpu family	: 6
model		: 61
model name	: Intel(R) Core(TM) i5-5200U CPU @ 2.20GHz
stepping	: 4
microcode	: 0x12
cpu MHz		: 2200.000
cache size	: 3072 KB
physical id	: 0
siblings	: 4
core id		: 1
cpu cores	: 2
apicid		: 3
initial apicid	: 3
fpu		: yes
fpu_exception	: yes
cpuid level	: 20
wp		: yes
flags		: fpu vme de pse tsc msr pae mce cx8 apic sep mtrr pge mca cmov pat pse36 clflush dts acpi mmx fxsr sse sse2 ss ht tm pbe syscall nx pdpe1gb rdtscp lm constant_tsc arch_perfmon pebs bts rep_good nopl xtopology nonstop_tsc aperfmperf eagerfpu pni pclmulqdq dtes64 monitor ds_cpl vmx est tm2 ssse3 sdbg fma cx16 xtpr pdcm pcid sse4_1 sse4_2 x2apic movbe popcnt tsc_deadline_timer aes xsave avx f16c rdrand lahf_lm abm 3dnowprefetch epb intel_pt tpr_shadow vnmi flexpriority ept vpid fsgsbase tsc_adjust bmi1 avx2 smep bmi2 erms invpcid rdseed adx smap xsaveopt dtherm ida arat pln pts
bugs		:
bogomips	: 4389.32
clflush size	: 64
cache_alignment	: 64
address sizes	: 39 bits physical, 48 bits virtual
power management:



Memory: 4k page, physical 8084688k(3311204k free), swap 12000252k(10803292k free)

vm_info: OpenJDK 64-Bit Server VM (25.121-b13) for linux-amd64 JRE (1.8.0_121-8u121-b13-0ubuntu1.16.04.2-b13), built on Jan 23 2017 15:51:29 by "buildd" with gcc 5.4.0 20160609

time: Sat Apr 15 19:11:07 2017
elapsed time: 10267 seconds (0d 2h 51m 7s)

