#
# A fatal error has been detected by the Java Runtime Environment:
#
#  SIGSEGV (0xb) at pc=0x0000000000046b20, pid=20395, tid=0x00007f5ea424f700
#
# JRE version: OpenJDK Runtime Environment (8.0_121-b13) (build 1.8.0_121-8u121-b13-0ubuntu1.16.04.2-b13)
# Java VM: OpenJDK 64-Bit Server VM (25.121-b13 mixed mode linux-amd64 compressed oops)
# Problematic frame:
# C  0x0000000000046b20
#
# Failed to write core dump. Core dumps have been disabled. To enable core dumping, try "ulimit -c unlimited" before starting Java again
#
# If you would like to submit a bug report, please visit:
#   http://bugreport.java.com/bugreport/crash.jsp
#

---------------  T H R E A D  ---------------

Current thread (0x00007f5ec807b000):  VMThread [stack: 0x00007f5ea414f000,0x00007f5ea4250000] [id=20406]

siginfo: si_signo: 11 (SIGSEGV), si_code: 1 (SEGV_MAPERR), si_addr: 0x0000000000046b20

Registers:
RAX=0x00007f5e9e8fa248, RBX=0x00007f5ec8855670, RCX=0x0000000000000000, RDX=0x0000000000000000
RSP=0x00007f5ea424ea18, RBP=0x00007f5ea424eb70, RSI=0x0000000000000000, RDI=0x00007f5ed0b08140
R8 =0x0000000000000000, R9 =0x00007f5ed0ecf808, R10=0x00007f5ed0b080c0, R11=0x00007f5ed0b432d0
R12=0x00007f5e9e8fa1a8, R13=0x0000000000000000, R14=0x00007f5ea424ea20, R15=0x0000000000000012
RIP=0x0000000000046b20, EFLAGS=0x0000000000010202, CSGSFS=0x0000000000000033, ERR=0x0000000000000014
  TRAPNO=0x000000000000000e

Top of Stack: (sp=0x00007f5ea424ea18)
0x00007f5ea424ea18:   00007f5ed10f1c17 00007f5ed1308168
0x00007f5ea424ea28:   00007f5ed1308700 00007f5ed13057a8
0x00007f5ea424ea38:   00007f5ec80009a0 00007f5ec800b570
0x00007f5ea424ea48:   00007f5ec800cbf0 00007f5ec800ba20
0x00007f5ea424ea58:   00007f5ec800d0a0 00007f5ec8019ae0
0x00007f5ea424ea68:   00007f5ec8001bd0 00007f5ec80014a0
0x00007f5ea424ea78:   0000000002059150 0000000002059680
0x00007f5ea424ea88:   000000000205a4c0 0000000002059ba0
0x00007f5ea424ea98:   00007f5ed12db000 00007f5ed12dcb00
0x00007f5ea424eaa8:   00007f5ed12dc618 00007f5ec8855670
0x00007f5ea424eab8:   00007f5ec88a0d40 00007f5ec88a12a0
0x00007f5ea424eac8:   00007f5ed12dc000 00007f5ed13079d8
0x00007f5ea424ead8:   00007f5ed10f1964 00007f5ea424ea20
0x00007f5ea424eae8:   0000000000000006 00007f5ea424ea50
0x00007f5ea424eaf8:   0000000000000001 0000000000000006
0x00007f5ea424eb08:   00007f5ea424eae0 00000017d0ecdc40
0x00007f5ea424eb18:   00007f5ea424ea20 0000001700000000
0x00007f5ea424eb28:   00007f5ed1307048 00007f5ea424e9f0
0x00007f5ea424eb38:   0000000000000000 0000000000000001
0x00007f5ea424eb48:   000000000000008f 0000000000000001
0x00007f5ea424eb58:   00007f5ed0ecdc40 00007f5ec802a868
0x00007f5ea424eb68:   00007f5ec802a490 00007f5ed0ecc5f8
0x00007f5ea424eb78:   00007f5ed0b42ff8 00007f5ea424ebb0
0x00007f5ea424eb88:   000000000000008f 00007f5ea424ebd0
0x00007f5ea424eb98:   00007f5ec802a480 00007f5e9de90770
0x00007f5ea424eba8:   00007f5ed0b43045 00007f5ea424ebd0
0x00007f5ea424ebb8:   00007f5ecfbefc1c 00007f5ec802a868
0x00007f5ea424ebc8:   00007f5ec807a6c0 00007f5ea424ec20
0x00007f5ea424ebd8:   00007f5ed0000217 000000000000699d
0x00007f5ea424ebe8:   00000000000003d8 00007f5ea424ec30
0x00007f5ea424ebf8:   00007f5ec807a6c0 00007f5ed049c7a0
0x00007f5ea424ec08:   00007f5e9de90770 0000000000000000 

Instructions: (pc=0x0000000000046b20)
0x0000000000046b00:   
[error occurred during error reporting (printing registers, top of stack, instructions near pc), id 0xb]

Register to memory mapping:

RAX=
[error occurred during error reporting (printing register info), id 0xb]

Stack: [0x00007f5ea414f000,0x00007f5ea4250000],  sp=0x00007f5ea424ea18,  free space=1022k
Native frames: (J=compiled Java code, j=interpreted, Vv=VM code, C=native code)
C  0x0000000000046b20

VM_Operation (0x00007f5e9de90770): Exit, mode: safepoint, requested by thread 0x00007f5e8c001000


---------------  P R O C E S S  ---------------

Java Threads: ( => current thread )
  0x00007f5ec800d800 JavaThread "DestroyJavaVM" [_thread_blocked, id=20401, stack(0x00007f5ed11d7000,0x00007f5ed12d8000)]
  0x00007f5e8c001000 JavaThread "SIGTERM handler" daemon [_thread_blocked, id=21370, stack(0x00007f5e9dd91000,0x00007f5e9de92000)]
  0x00007f5ec8618000 JavaThread "com.google.inject.internal.util.$Finalizer" daemon [_thread_blocked, id=20416, stack(0x00007f5e9eefd000,0x00007f5e9effe000)]
  0x00007f5ec84a9000 JavaThread "EMF Reference Cleaner" daemon [_thread_blocked, id=20415, stack(0x00007f5e9f1fe000,0x00007f5e9f2ff000)]
  0x00007f5ec80c4800 JavaThread "Service Thread" daemon [_thread_blocked, id=20413, stack(0x00007f5e9f722000,0x00007f5e9f823000)]
  0x00007f5ec80b5000 JavaThread "C1 CompilerThread2" daemon [_thread_blocked, id=20412, stack(0x00007f5e9f823000,0x00007f5e9f924000)]
  0x00007f5ec80b3800 JavaThread "C2 CompilerThread1" daemon [_thread_blocked, id=20411, stack(0x00007f5e9f924000,0x00007f5e9fa25000)]
  0x00007f5ec80b0800 JavaThread "C2 CompilerThread0" daemon [_thread_blocked, id=20410, stack(0x00007f5e9fa25000,0x00007f5e9fb26000)]
  0x00007f5ec8087000 JavaThread "Finalizer" daemon [_thread_blocked, id=20408, stack(0x00007f5e9feff000,0x00007f5ea0000000)]
  0x00007f5ec8082800 JavaThread "Reference Handler" daemon [_thread_blocked, id=20407, stack(0x00007f5ea404e000,0x00007f5ea414f000)]

Other Threads:
=>0x00007f5ec807b000 VMThread [stack: 0x00007f5ea414f000,0x00007f5ea4250000] [id=20406]

VM state:at safepoint (shutting down)

VM Mutex/Monitor currently owned by a thread:  ([mutex/lock_event])
[0x00007f5ec8009dd0] Threads_lock - owner thread: 0x00007f5ec807b000

Heap:
 PSYoungGen      total 68608K, used 43758K [0x00000000d6e00000, 0x00000000db600000, 0x0000000100000000)
  eden space 63488K, 60% used [0x00000000d6e00000,0x00000000d93bfb90,0x00000000dac00000)
  from space 5120K, 99% used [0x00000000db100000,0x00000000db5fc030,0x00000000db600000)
  to   space 5120K, 0% used [0x00000000dac00000,0x00000000dac00000,0x00000000db100000)
 ParOldGen       total 84992K, used 11098K [0x0000000084a00000, 0x0000000089d00000, 0x00000000d6e00000)
  object space 84992K, 13% used [0x0000000084a00000,0x00000000854d6ad0,0x0000000089d00000)
 Metaspace       used 19054K, capacity 19198K, committed 19456K, reserved 1067008K
  class space    used 2474K, capacity 2525K, committed 2560K, reserved 1048576K

Card table byte_map: [0x00007f5ecd4c5000,0x00007f5ecd8a1000] byte_map_base: 0x00007f5ecd0a0000

Marking Bits: (ParMarkBitMap*) 0x00007f5ed04b1220
 Begin Bits: [0x00007f5ea4250000, 0x00007f5ea6128000)
 End Bits:   [0x00007f5ea6128000, 0x00007f5ea8000000)

Polling page: 0x00007f5ed1303000

CodeCache: size=245760Kb used=6900Kb max_used=6900Kb free=238859Kb
 bounds [0x00007f5eb9000000, 0x00007f5eb96d0000, 0x00007f5ec8000000]
 total_blobs=2556 nmethods=2172 adapters=296
 compilation: enabled

Compilation events (10 events):
Event: 8.100 Thread 0x00007f5ec80b5000 2168       3       org.polymodel.algebra.factory.IntExpressionBuilder::term (6 bytes)
Event: 8.101 Thread 0x00007f5ec80b5000 nmethod 2168 0x00007f5eb96bd950 code [0x00007f5eb96bdb20, 0x00007f5eb96be0d8]
Event: 8.101 Thread 0x00007f5ec80b5000 2169       3       org.polymodel.algebra.impl.AlgebraFactoryImpl::create (116 bytes)
Event: 8.101 Thread 0x00007f5ec80b0800 2170       4       org.eclipse.emf.ecore.impl.EStructuralFeatureImpl::isFeatureMap (51 bytes)
Event: 8.102 Thread 0x00007f5ec80b0800 nmethod 2170 0x00007f5eb96bbdd0 code [0x00007f5eb96bbf20, 0x00007f5eb96bc008]
Event: 8.103 Thread 0x00007f5ec80b5000 nmethod 2169 0x00007f5eb96bfd10 code [0x00007f5eb96c00a0, 0x00007f5eb96c1e18]
Event: 8.103 Thread 0x00007f5ec80b5000 2173       3       org.polymodel.algebra.factory.IntExpressionBuilder::affine (59 bytes)
Event: 8.105 Thread 0x00007f5ec80b5000 nmethod 2173 0x00007f5eb96c2f50 code [0x00007f5eb96c3220, 0x00007f5eb96c45d8]
Event: 8.105 Thread 0x00007f5ec80b5000 2171       3       fr.irisa.cairn.jnimap.isl.jni.JNIISLMatrix::getNbRows (22 bytes)
Event: 8.107 Thread 0x00007f5ec80b5000 nmethod 2171 0x00007f5eb96bc710 code [0x00007f5eb96bc920, 0x00007f5eb96bd1b8]

GC Heap History (8 events):
Event: 6.274 GC heap before
{Heap before GC invocations=1 (full 0):
 PSYoungGen      total 36864K, used 31744K [0x00000000d6e00000, 0x00000000d9700000, 0x0000000100000000)
  eden space 31744K, 100% used [0x00000000d6e00000,0x00000000d8d00000,0x00000000d8d00000)
  from space 5120K, 0% used [0x00000000d9200000,0x00000000d9200000,0x00000000d9700000)
  to   space 5120K, 0% used [0x00000000d8d00000,0x00000000d8d00000,0x00000000d9200000)
 ParOldGen       total 84992K, used 0K [0x0000000084a00000, 0x0000000089d00000, 0x00000000d6e00000)
  object space 84992K, 0% used [0x0000000084a00000,0x0000000084a00000,0x0000000089d00000)
 Metaspace       used 7288K, capacity 7362K, committed 7552K, reserved 1056768K
  class space    used 844K, capacity 851K, committed 896K, reserved 1048576K
Event: 6.292 GC heap after
Heap after GC invocations=1 (full 0):
 PSYoungGen      total 36864K, used 5103K [0x00000000d6e00000, 0x00000000d9700000, 0x0000000100000000)
  eden space 31744K, 0% used [0x00000000d6e00000,0x00000000d6e00000,0x00000000d8d00000)
  from space 5120K, 99% used [0x00000000d8d00000,0x00000000d91fbe90,0x00000000d9200000)
  to   space 5120K, 0% used [0x00000000d9200000,0x00000000d9200000,0x00000000d9700000)
 ParOldGen       total 84992K, used 1024K [0x0000000084a00000, 0x0000000089d00000, 0x00000000d6e00000)
  object space 84992K, 1% used [0x0000000084a00000,0x0000000084b000f8,0x0000000089d00000)
 Metaspace       used 7288K, capacity 7362K, committed 7552K, reserved 1056768K
  class space    used 844K, capacity 851K, committed 896K, reserved 1048576K
}
Event: 6.651 GC heap before
{Heap before GC invocations=2 (full 0):
 PSYoungGen      total 36864K, used 36847K [0x00000000d6e00000, 0x00000000d9700000, 0x0000000100000000)
  eden space 31744K, 100% used [0x00000000d6e00000,0x00000000d8d00000,0x00000000d8d00000)
  from space 5120K, 99% used [0x00000000d8d00000,0x00000000d91fbe90,0x00000000d9200000)
  to   space 5120K, 0% used [0x00000000d9200000,0x00000000d9200000,0x00000000d9700000)
 ParOldGen       total 84992K, used 1024K [0x0000000084a00000, 0x0000000089d00000, 0x00000000d6e00000)
  object space 84992K, 1% used [0x0000000084a00000,0x0000000084b000f8,0x0000000089d00000)
 Metaspace       used 10411K, capacity 10472K, committed 10624K, reserved 1058816K
  class space    used 1305K, capacity 1332K, committed 1408K, reserved 1048576K
Event: 6.666 GC heap after
Heap after GC invocations=2 (full 0):
 PSYoungGen      total 36864K, used 5088K [0x00000000d6e00000, 0x00000000db600000, 0x0000000100000000)
  eden space 31744K, 0% used [0x00000000d6e00000,0x00000000d6e00000,0x00000000d8d00000)
  from space 5120K, 99% used [0x00000000d9200000,0x00000000d96f8020,0x00000000d9700000)
  to   space 5120K, 0% used [0x00000000d8d00000,0x00000000d8d00000,0x00000000d9200000)
 ParOldGen       total 84992K, used 4579K [0x0000000084a00000, 0x0000000089d00000, 0x00000000d6e00000)
  object space 84992K, 5% used [0x0000000084a00000,0x0000000084e78c38,0x0000000089d00000)
 Metaspace       used 10411K, capacity 10472K, committed 10624K, reserved 1058816K
  class space    used 1305K, capacity 1332K, committed 1408K, reserved 1048576K
}
Event: 6.998 GC heap before
{Heap before GC invocations=3 (full 0):
 PSYoungGen      total 36864K, used 36832K [0x00000000d6e00000, 0x00000000db600000, 0x0000000100000000)
  eden space 31744K, 100% used [0x00000000d6e00000,0x00000000d8d00000,0x00000000d8d00000)
  from space 5120K, 99% used [0x00000000d9200000,0x00000000d96f8020,0x00000000d9700000)
  to   space 5120K, 0% used [0x00000000d8d00000,0x00000000d8d00000,0x00000000d9200000)
 ParOldGen       total 84992K, used 4579K [0x0000000084a00000, 0x0000000089d00000, 0x00000000d6e00000)
  object space 84992K, 5% used [0x0000000084a00000,0x0000000084e78c38,0x0000000089d00000)
 Metaspace       used 12527K, capacity 12678K, committed 12928K, reserved 1060864K
  class space    used 1603K, capacity 1657K, committed 1664K, reserved 1048576K
Event: 7.007 GC heap after
Heap after GC invocations=3 (full 0):
 PSYoungGen      total 36864K, used 5088K [0x00000000d6e00000, 0x00000000db600000, 0x0000000100000000)
  eden space 31744K, 0% used [0x00000000d6e00000,0x00000000d6e00000,0x00000000d8d00000)
  from space 5120K, 99% used [0x00000000d8d00000,0x00000000d91f8020,0x00000000d9200000)
  to   space 5120K, 0% used [0x00000000db100000,0x00000000db100000,0x00000000db600000)
 ParOldGen       total 84992K, used 7857K [0x0000000084a00000, 0x0000000089d00000, 0x00000000d6e00000)
  object space 84992K, 9% used [0x0000000084a00000,0x00000000851ac5e8,0x0000000089d00000)
 Metaspace       used 12527K, capacity 12678K, committed 12928K, reserved 1060864K
  class space    used 1603K, capacity 1657K, committed 1664K, reserved 1048576K
}
Event: 7.384 GC heap before
{Heap before GC invocations=4 (full 0):
 PSYoungGen      total 36864K, used 36832K [0x00000000d6e00000, 0x00000000db600000, 0x0000000100000000)
  eden space 31744K, 100% used [0x00000000d6e00000,0x00000000d8d00000,0x00000000d8d00000)
  from space 5120K, 99% used [0x00000000d8d00000,0x00000000d91f8020,0x00000000d9200000)
  to   space 5120K, 0% used [0x00000000db100000,0x00000000db100000,0x00000000db600000)
 ParOldGen       total 84992K, used 7857K [0x0000000084a00000, 0x0000000089d00000, 0x00000000d6e00000)
  object space 84992K, 9% used [0x0000000084a00000,0x00000000851ac5e8,0x0000000089d00000)
 Metaspace       used 15219K, capacity 15314K, committed 15616K, reserved 1062912K
  class space    used 2005K, capacity 2043K, committed 2048K, reserved 1048576K
Event: 7.407 GC heap after
Heap after GC invocations=4 (full 0):
 PSYoungGen      total 68608K, used 5104K [0x00000000d6e00000, 0x00000000db600000, 0x0000000100000000)
  eden space 63488K, 0% used [0x00000000d6e00000,0x00000000d6e00000,0x00000000dac00000)
  from space 5120K, 99% used [0x00000000db100000,0x00000000db5fc030,0x00000000db600000)
  to   space 5120K, 0% used [0x00000000dac00000,0x00000000dac00000,0x00000000db100000)
 ParOldGen       total 84992K, used 11098K [0x0000000084a00000, 0x0000000089d00000, 0x00000000d6e00000)
  object space 84992K, 13% used [0x0000000084a00000,0x00000000854d6ad0,0x0000000089d00000)
 Metaspace       used 15219K, capacity 15314K, committed 15616K, reserved 1062912K
  class space    used 2005K, capacity 2043K, committed 2048K, reserved 1048576K
}

Deoptimization events (10 events):
Event: 7.748 Thread 0x00007f5ec800d800 Uncommon trap: reason=array_check action=maybe_recompile pc=0x00007f5eb95c88c8 method=org.eclipse.emf.common.util.BasicEList.assign(ILjava/lang/Object;)Ljava/lang/Object; @ 6
Event: 7.748 Thread 0x00007f5ec800d800 Uncommon trap: reason=array_check action=maybe_recompile pc=0x00007f5eb95c88c8 method=org.eclipse.emf.common.util.BasicEList.assign(ILjava/lang/Object;)Ljava/lang/Object; @ 6
Event: 7.750 Thread 0x00007f5ec800d800 Uncommon trap: reason=array_check action=maybe_recompile pc=0x00007f5eb95c88c8 method=org.eclipse.emf.common.util.BasicEList.assign(ILjava/lang/Object;)Ljava/lang/Object; @ 6
Event: 7.751 Thread 0x00007f5ec800d800 Uncommon trap: reason=array_check action=maybe_recompile pc=0x00007f5eb95c88c8 method=org.eclipse.emf.common.util.BasicEList.assign(ILjava/lang/Object;)Ljava/lang/Object; @ 6
Event: 7.844 Thread 0x00007f5ec800d800 Uncommon trap: reason=unstable_if action=reinterpret pc=0x00007f5eb9433d00 method=java.util.HashMap.hash(Ljava/lang/Object;)I @ 1
Event: 7.844 Thread 0x00007f5ec800d800 Uncommon trap: reason=unstable_if action=reinterpret pc=0x00007f5eb9198fa8 method=java.util.HashMap.hash(Ljava/lang/Object;)I @ 1
Event: 7.846 Thread 0x00007f5ec800d800 Uncommon trap: reason=unstable_if action=reinterpret pc=0x00007f5eb93ac18c method=java.util.HashMap.hash(Ljava/lang/Object;)I @ 1
Event: 7.949 Thread 0x00007f5ec800d800 Uncommon trap: reason=bimorphic action=maybe_recompile pc=0x00007f5eb952ee5c method=org.eclipse.emf.ecore.util.EContentsEList$FeatureIteratorImpl.hasNext()Z @ 279
Event: 7.949 Thread 0x00007f5ec800d800 Uncommon trap: reason=bimorphic action=maybe_recompile pc=0x00007f5eb952ee5c method=org.eclipse.emf.ecore.util.EContentsEList$FeatureIteratorImpl.hasNext()Z @ 279
Event: 1944.388 Thread 0x00007f5e8c001000 Uncommon trap: reason=null_check action=make_not_entrant pc=0x00007f5eb9658fac method=java.lang.StringCoding.deref(Ljava/lang/ThreadLocal;)Ljava/lang/Object; @ 4

Internal exceptions (10 events):
Event: 1944.388 Thread 0x00007f5ec800d800 Exception <a 'java/io/IOException'> (0x00000000d90fc350) thrown at [/build/openjdk-8-YiEakL/openjdk-8-8u121-b13/src/hotspot/src/share/vm/prims/jni.cpp, line 709]
Event: 1944.388 Thread 0x00007f5ec800d800 Exception <a 'java/io/IOException'> (0x00000000d90fc668) thrown at [/build/openjdk-8-YiEakL/openjdk-8-8u121-b13/src/hotspot/src/share/vm/prims/jni.cpp, line 709]
Event: 1944.388 Thread 0x00007f5ec800d800 Exception <a 'java/io/IOException'> (0x00000000d90fc8d0) thrown at [/build/openjdk-8-YiEakL/openjdk-8-8u121-b13/src/hotspot/src/share/vm/prims/jni.cpp, line 709]
Event: 1944.388 Thread 0x00007f5ec800d800 Exception <a 'java/io/IOException'> (0x00000000d90fd0c0) thrown at [/build/openjdk-8-YiEakL/openjdk-8-8u121-b13/src/hotspot/src/share/vm/prims/jni.cpp, line 709]
Event: 1944.388 Thread 0x00007f5ec800d800 Exception <a 'java/io/IOException'> (0x00000000d90fd358) thrown at [/build/openjdk-8-YiEakL/openjdk-8-8u121-b13/src/hotspot/src/share/vm/prims/jni.cpp, line 709]
Event: 1944.388 Thread 0x00007f5ec800d800 Exception <a 'java/io/IOException'> (0x00000000d90fd5c0) thrown at [/build/openjdk-8-YiEakL/openjdk-8-8u121-b13/src/hotspot/src/share/vm/prims/jni.cpp, line 709]
Event: 1944.388 Thread 0x00007f5ec800d800 Exception <a 'java/io/IOException'> (0x00000000d90fdb78) thrown at [/build/openjdk-8-YiEakL/openjdk-8-8u121-b13/src/hotspot/src/share/vm/prims/jni.cpp, line 709]
Event: 1944.388 Thread 0x00007f5e8c001000 Implicit null exception at 0x00007f5eb965898d to 0x00007f5eb9658f95
Event: 1944.388 Thread 0x00007f5ec800d800 Exception <a 'java/io/IOException'> (0x00000000d90fde10) thrown at [/build/openjdk-8-YiEakL/openjdk-8-8u121-b13/src/hotspot/src/share/vm/prims/jni.cpp, line 709]
Event: 1944.388 Thread 0x00007f5ec800d800 Exception <a 'java/io/IOException'> (0x00000000d90fe078) thrown at [/build/openjdk-8-YiEakL/openjdk-8-8u121-b13/src/hotspot/src/share/vm/prims/jni.cpp, line 709]

Events (10 events):
Event: 1944.388 Thread 0x00007f5e6c001000 Thread exited: 0x00007f5e6c001000
Event: 1944.388 Executing VM operation: RevokeBias
Event: 1944.388 Executing VM operation: RevokeBias done
Event: 1944.388 Thread 0x00007f5e8c001000 Uncommon trap: trap_request=0xfffffff4 fr.pc=0x00007f5eb9658fac
Event: 1944.388 Thread 0x00007f5e8c001000 DEOPT PACKING pc=0x00007f5eb9658fac sp=0x00007f5e9de90020
Event: 1944.388 Thread 0x00007f5e8c001000 DEOPT UNPACKING pc=0x00007f5eb9004f69 sp=0x00007f5e9de8ff20 mode 2
Event: 1944.388 Thread 0x00007f5ec800d800 Thread exited: 0x00007f5ec800d800
Event: 1944.388 Thread 0x00007f5ec800d800 Thread added: 0x00007f5ec800d800
Event: 1944.389 Thread 0x00007f5ec80ae800 Thread exited: 0x00007f5ec80ae800
Event: 1944.389 Executing VM operation: RevokeBias


Dynamic libraries:
00400000-00401000 r-xp 00000000 08:09 7087821                            /usr/lib/jvm/java-8-openjdk-amd64/jre/bin/java
00600000-00601000 r--p 00000000 08:09 7087821                            /usr/lib/jvm/java-8-openjdk-amd64/jre/bin/java
00601000-00602000 rw-p 00001000 08:09 7087821                            /usr/lib/jvm/java-8-openjdk-amd64/jre/bin/java
02059000-0207a000 rw-p 00000000 00:00 0                                  [heap]
84a00000-89d00000 rw-p 00000000 00:00 0 
89d00000-d6e00000 ---p 00000000 00:00 0 
d6e00000-db600000 rw-p 00000000 00:00 0 
db600000-100000000 ---p 00000000 00:00 0 
100000000-100280000 rw-p 00000000 00:00 0 
100280000-140000000 ---p 00000000 00:00 0 
7f5e6c000000-7f5e6c021000 rw-p 00000000 00:00 0 
7f5e6c021000-7f5e70000000 ---p 00000000 00:00 0 
7f5e70000000-7f5e70021000 rw-p 00000000 00:00 0 
7f5e70021000-7f5e74000000 ---p 00000000 00:00 0 
7f5e74000000-7f5e74021000 rw-p 00000000 00:00 0 
7f5e74021000-7f5e78000000 ---p 00000000 00:00 0 
7f5e78000000-7f5e78021000 rw-p 00000000 00:00 0 
7f5e78021000-7f5e7c000000 ---p 00000000 00:00 0 
7f5e7c000000-7f5e7c021000 rw-p 00000000 00:00 0 
7f5e7c021000-7f5e80000000 ---p 00000000 00:00 0 
7f5e80000000-7f5e80021000 rw-p 00000000 00:00 0 
7f5e80021000-7f5e84000000 ---p 00000000 00:00 0 
7f5e84000000-7f5e845b1000 rw-p 00000000 00:00 0 
7f5e845b1000-7f5e88000000 ---p 00000000 00:00 0 
7f5e88000000-7f5e8842d000 rw-p 00000000 00:00 0 
7f5e8842d000-7f5e8c000000 ---p 00000000 00:00 0 
7f5e8c000000-7f5e8c021000 rw-p 00000000 00:00 0 
7f5e8c021000-7f5e90000000 ---p 00000000 00:00 0 
7f5e90000000-7f5e90a84000 rw-p 00000000 00:00 0 
7f5e90a84000-7f5e94000000 ---p 00000000 00:00 0 
7f5e94000000-7f5e94021000 rw-p 00000000 00:00 0 
7f5e94021000-7f5e98000000 ---p 00000000 00:00 0 
7f5e98000000-7f5e98021000 rw-p 00000000 00:00 0 
7f5e98021000-7f5e9c000000 ---p 00000000 00:00 0 
7f5e9dc90000-7f5e9dc93000 ---p 00000000 00:00 0 
7f5e9dc93000-7f5e9dd91000 rw-p 00000000 00:00 0 
7f5e9dd91000-7f5e9dd94000 ---p 00000000 00:00 0 
7f5e9dd94000-7f5e9df12000 rw-p 00000000 00:00 0 
7f5e9df12000-7f5e9e092000 ---p 00000000 00:00 0 
7f5e9e092000-7f5e9e107000 r-xp 00000000 08:09 27656299                   /home/hrishi/workspace/Console/.jnimap.temp.linux_64/libgmp.so.10 (deleted)
7f5e9e107000-7f5e9e306000 ---p 00075000 08:09 27656299                   /home/hrishi/workspace/Console/.jnimap.temp.linux_64/libgmp.so.10 (deleted)
7f5e9e306000-7f5e9e308000 rw-p 00074000 08:09 27656299                   /home/hrishi/workspace/Console/.jnimap.temp.linux_64/libgmp.so.10 (deleted)
7f5e9e308000-7f5e9e470000 r-xp 00000000 08:09 27656298                   /home/hrishi/workspace/Console/.jnimap.temp.linux_64/libisl.so.13 (deleted)
7f5e9e470000-7f5e9e66f000 ---p 00168000 08:09 27656298                   /home/hrishi/workspace/Console/.jnimap.temp.linux_64/libisl.so.13 (deleted)
7f5e9e66f000-7f5e9e676000 rw-p 00167000 08:09 27656298                   /home/hrishi/workspace/Console/.jnimap.temp.linux_64/libisl.so.13 (deleted)
7f5e9e676000-7f5e9e6fb000 r-xp 00000000 08:09 27656300                   /home/hrishi/workspace/Console/.jnimap.temp.linux_64/linux_64_libjniisl.so (deleted)
7f5e9e6fb000-7f5e9e8fa000 ---p 00085000 08:09 27656300                   /home/hrishi/workspace/Console/.jnimap.temp.linux_64/linux_64_libjniisl.so (deleted)
7f5e9e8fa000-7f5e9e8fd000 rw-p 00084000 08:09 27656300                   /home/hrishi/workspace/Console/.jnimap.temp.linux_64/linux_64_libjniisl.so (deleted)
7f5e9e8fd000-7f5e9eafd000 rw-p 00000000 00:00 0 
7f5e9eafd000-7f5e9ecfd000 rw-p 00000000 00:00 0 
7f5e9ecfd000-7f5e9eefd000 rw-p 00000000 00:00 0 
7f5e9eefd000-7f5e9ef00000 ---p 00000000 00:00 0 
7f5e9ef00000-7f5e9f1fe000 rw-p 00000000 00:00 0 
7f5e9f1fe000-7f5e9f201000 ---p 00000000 00:00 0 
7f5e9f201000-7f5e9f2ff000 rw-p 00000000 00:00 0 
7f5e9f2ff000-7f5e9f302000 r--s 00015000 08:09 7085469                    /usr/lib/jvm/java-8-openjdk-amd64/jre/lib/jce.jar
7f5e9f302000-7f5e9f306000 r--s 0009a000 08:09 7085467                    /usr/lib/jvm/java-8-openjdk-amd64/jre/lib/jsse.jar
7f5e9f306000-7f5e9f309000 r--s 00014000 08:09 26516293                   /home/hrishi/.eclipse/org.eclipse.platform_4.6.0_1473617060_linux_gtk_x86_64/plugins/fr.irisa.r2d2.parser.runtime_1.0.0.201612051604.jar
7f5e9f309000-7f5e9f311000 r--s 0003c000 08:09 26516292                   /home/hrishi/.eclipse/org.eclipse.platform_4.6.0_1473617060_linux_gtk_x86_64/plugins/fr.irisa.r2d2.gecos.framework_1.0.0.201612051604.jar
7f5e9f311000-7f5e9f31b000 r--s 0006c000 08:09 26516357                   /home/hrishi/.eclipse/org.eclipse.platform_4.6.0_1473617060_linux_gtk_x86_64/plugins/org.eclipse.xtext.common.types_2.10.0.v201605250459.jar
7f5e9f31b000-7f5e9f34b000 r--s 0044d000 08:09 26516369                   /home/hrishi/.eclipse/org.eclipse.platform_4.6.0_1473617060_linux_gtk_x86_64/plugins/org.eclipse.xtext.xbase_2.10.0.v201605250459.jar
7f5e9f34b000-7f5e9f34e000 r--s 0000f000 08:09 26516352                   /home/hrishi/.eclipse/org.eclipse.platform_4.6.0_1473617060_linux_gtk_x86_64/plugins/org.eclipse.xtend.lib.macro_2.10.0.v201605250459.jar
7f5e9f34e000-7f5e9f352000 r--s 00035000 08:09 26516351                   /home/hrishi/.eclipse/org.eclipse.platform_4.6.0_1473617060_linux_gtk_x86_64/plugins/org.eclipse.xtend.lib_2.10.0.v201605250459.jar
7f5e9f352000-7f5e9f353000 r--s 00001000 08:09 26516354                   /home/hrishi/.eclipse/org.eclipse.platform_4.6.0_1473617060_linux_gtk_x86_64/plugins/org.eclipse.xtend2.lib_2.10.0.v201605250459.jar
7f5e9f353000-7f5e9f359000 r--s 0003f000 08:09 26516368                   /home/hrishi/.eclipse/org.eclipse.platform_4.6.0_1473617060_linux_gtk_x86_64/plugins/org.eclipse.xtext.util_2.10.0.v201605250459.jar
7f5e9f359000-7f5e9f38a000 r--s 0024b000 08:09 26516355                   /home/hrishi/.eclipse/org.eclipse.platform_4.6.0_1473617060_linux_gtk_x86_64/plugins/org.eclipse.xtext_2.10.0.v201605250459.jar
7f5e9f38a000-7f5e9f392000 r--s 00061000 08:09 26516277                   /home/hrishi/.eclipse/org.eclipse.platform_4.6.0_1473617060_linux_gtk_x86_64/plugins/edu.csu.melange.alphabets_0.9.6.201612051604.jar
7f5e9f392000-7f5e9f393000 r--s 00008000 08:09 26516336                   /home/hrishi/.eclipse/org.eclipse.platform_4.6.0_1473617060_linux_gtk_x86_64/plugins/org.polymodel.scop.cgenerator2_1.0.0.201612051604.jar
7f5e9f393000-7f5e9f396000 r--s 00024000 08:09 26516337                   /home/hrishi/.eclipse/org.eclipse.platform_4.6.0_1473617060_linux_gtk_x86_64/plugins/org.polymodel.scop.dtiler_1.0.0.201612051604.jar
7f5e9f396000-7f5e9f397000 r--s 00001000 08:09 26516335                   /home/hrishi/.eclipse/org.eclipse.platform_4.6.0_1473617060_linux_gtk_x86_64/plugins/org.polymodel.scop.bridge.clast_1.0.0.201612051604.jar
7f5e9f397000-7f5e9f39c000 r--s 0002a000 08:09 26516334                   /home/hrishi/.eclipse/org.eclipse.platform_4.6.0_1473617060_linux_gtk_x86_64/plugins/org.polymodel.scop_1.0.0.201612051604.jar
7f5e9f39c000-7f5e9f3af000 r--s 0012e000 08:09 26516300                   /home/hrishi/.eclipse/org.eclipse.platform_4.6.0_1473617060_linux_gtk_x86_64/plugins/org.polymodel.polyhedralIR.codegen_1.0.0.201612051604.jar
7f5e9f3af000-7f5e9f3b2000 r--s 008e1000 08:09 26516287                   /home/hrishi/.eclipse/org.eclipse.platform_4.6.0_1473617060_linux_gtk_x86_64/plugins/fr.irisa.cairn.jnimap.cloog_1.0.0.201612051604.jar
7f5e9f3b2000-7f5e9f3b6000 r--s 00031000 08:09 26516341                   /home/hrishi/.eclipse/org.eclipse.platform_4.6.0_1473617060_linux_gtk_x86_64/plugins/org.antlr.runtime_3.2.0.v201101311130.jar
7f5e9f3b6000-7f5e9f3b7000 r--s 00011000 08:09 10748494                   /opt/eclipse/plugins/org.apache.commons.logging_1.1.1.v201101211721.jar
7f5e9f3b7000-7f5e9f3bf000 r--s 0005e000 08:09 10748531                   /opt/eclipse/plugins/org.apache.log4j_1.2.15.v201012070815.jar
7f5e9f3bf000-7f5e9f3c1000 r--s 00008000 08:09 26516346                   /home/hrishi/.eclipse/org.eclipse.platform_4.6.0_1473617060_linux_gtk_x86_64/plugins/org.eclipse.emf.mwe.utils_1.3.20.v201605261103.jar
7f5e9f3c1000-7f5e9f3c2000 r--s 00003000 08:09 26516348                   /home/hrishi/.eclipse/org.eclipse.platform_4.6.0_1473617060_linux_gtk_x86_64/plugins/org.eclipse.emf.mwe2.runtime_2.9.0.v201605261103.jar
7f5e9f3c2000-7f5e9f3c3000 r--s 0000b000 08:09 26516339                   /home/hrishi/.eclipse/org.eclipse.platform_4.6.0_1473617060_linux_gtk_x86_64/plugins/org.apache.commons.cli_1.2.0.v201404270220.jar
7f5e9f3c3000-7f5e9f3c9000 r--s 0002a000 08:09 26516345                   /home/hrishi/.eclipse/org.eclipse.platform_4.6.0_1473617060_linux_gtk_x86_64/plugins/org.eclipse.emf.mwe.core_1.3.20.v201605261103.jar
7f5e9f3c9000-7f5e9f3cb000 r--s 00009000 08:09 26516279                   /home/hrishi/.eclipse/org.eclipse.platform_4.6.0_1473617060_linux_gtk_x86_64/plugins/edu.csu.melange.affineLattice_1.0.0.jar
7f5e9f3cb000-7f5e9f3cd000 r--s 00000000 08:09 26516338                   /home/hrishi/.eclipse/org.eclipse.platform_4.6.0_1473617060_linux_gtk_x86_64/plugins/tom.mapping_1.0.0.201612051604.jar
7f5e9f3cd000-7f5e9f3d4000 r--s 0004d000 08:09 26516333                   /home/hrishi/.eclipse/org.eclipse.platform_4.6.0_1473617060_linux_gtk_x86_64/plugins/org.polymodel.prdg.scheduling_1.0.0.201612051604.jar
7f5e9f3d4000-7f5e9f3d7000 r--s 0001f000 08:09 26516370                   /home/hrishi/.eclipse/org.eclipse.platform_4.6.0_1473617060_linux_gtk_x86_64/plugins/org.eclipse.xtext.xbase.lib_2.10.0.v201605250459.jar
7f5e9f3d7000-7f5e9f3d9000 r--s 00004000 08:09 26516299                   /home/hrishi/.eclipse/org.eclipse.platform_4.6.0_1473617060_linux_gtk_x86_64/plugins/org.polymodel.matrix_1.0.0.201612051604.jar
7f5e9f3d9000-7f5e9f3db000 r--s 00005000 08:09 26516332                   /home/hrishi/.eclipse/org.eclipse.platform_4.6.0_1473617060_linux_gtk_x86_64/plugins/org.polymodel.prdg.adapter_1.0.0.201612051604.jar
7f5e9f3db000-7f5e9f3dd000 r--s 00009000 08:09 26516301                   /home/hrishi/.eclipse/org.eclipse.platform_4.6.0_1473617060_linux_gtk_x86_64/plugins/org.polymodel.prdg_1.0.0.201612051604.jar
7f5e9f3dd000-7f5e9f3df000 r--s 00013000 08:09 26516297                   /home/hrishi/.eclipse/org.eclipse.platform_4.6.0_1473617060_linux_gtk_x86_64/plugins/org.polymodel.isl_1.0.0.201612051604.jar
7f5e9f3df000-7f5e9f3e9000 r--s 000a4000 08:09 26516295                   /home/hrishi/.eclipse/org.eclipse.platform_4.6.0_1473617060_linux_gtk_x86_64/plugins/org.polymodel.algebra_1.0.0.201612051604.jar
7f5e9f3e9000-7f5e9f3ec000 r--s 0002b000 08:09 26516294                   /home/hrishi/.eclipse/org.eclipse.platform_4.6.0_1473617060_linux_gtk_x86_64/plugins/org.polymodel_1.0.0.201612051604.jar
7f5e9f3ec000-7f5e9f416000 r--s 001ff000 08:09 10749007                   /opt/eclipse/plugins/com.google.guava_15.0.0.v201403281430.jar
7f5e9f416000-7f5e9f417000 r--s 0000f000 08:09 28708338                   /home/hrishi/.eclipse/org.eclipse.platform_4.6.0_1473617060_linux_gtk_x86_64/plugins/fr.irisa.cairn.tools_1.0.0.201612051604/lib/javatuples-1.2.jar
7f5e9f417000-7f5e9f418000 r--s 0000b000 08:09 28708337                   /home/hrishi/.eclipse/org.eclipse.platform_4.6.0_1473617060_linux_gtk_x86_64/plugins/fr.irisa.cairn.tools_1.0.0.201612051604/lib/javatuples-1.2-sources.jar
7f5e9f418000-7f5e9f41b000 r--s 00037000 08:09 28708336                   /home/hrishi/.eclipse/org.eclipse.platform_4.6.0_1473617060_linux_gtk_x86_64/plugins/fr.irisa.cairn.tools_1.0.0.201612051604/lib/javatuples-1.2-javadoc.jar
7f5e9f41b000-7f5e9f420000 r--s 00b6c000 08:09 26516288                   /home/hrishi/.eclipse/org.eclipse.platform_4.6.0_1473617060_linux_gtk_x86_64/plugins/fr.irisa.cairn.jnimap.isl_2.1.0.201612051604.jar
7f5e9f420000-7f5e9f422000 r--s 00007000 08:09 26516286                   /home/hrishi/.eclipse/org.eclipse.platform_4.6.0_1473617060_linux_gtk_x86_64/plugins/fr.irisa.cairn.graph.guice_1.0.0.201612051604.jar
7f5e9f422000-7f5e9f424000 r--s 00009000 08:09 10748202                   /opt/eclipse/plugins/com.google.inject.multibindings_3.0.0.v201605172100.jar
7f5e9f424000-7f5e9f42f000 r--s 00077000 08:09 10748760                   /opt/eclipse/plugins/com.google.inject_3.0.0.v201605172100.jar
7f5e9f42f000-7f5e9f447000 r--s 0015b000 08:09 28061747                   /home/hrishi/.eclipse/org.eclipse.platform_4.6.0_1473617060_linux_gtk_x86_64/plugins/fr.irisa.cairn.graph_1.0.0.201612051604/lib/jgrapht-ext-0.9.1-uber.jar
7f5e9f447000-7f5e9f477000 rw-p 00000000 00:00 0 
7f5e9f477000-7f5e9f5a7000 r--s 010bc000 08:09 28708362                   /home/hrishi/.eclipse/org.eclipse.platform_4.6.0_1473617060_linux_gtk_x86_64/plugins/fr.irisa.cairn.eclipse.tom_2.10.0.201612051604/libs/aircube-bundle.jar
7f5e9f5a7000-7f5e9f5ab000 r--s 00035000 08:09 10748985                   /opt/eclipse/plugins/org.eclipse.emf.ecore.xmi_2.12.0.v20160420-0247.jar
7f5e9f5ab000-7f5e9f5b2000 r--s 00051000 08:09 10748503                   /opt/eclipse/plugins/org.eclipse.emf.common_2.12.0.v20160420-0247.jar
7f5e9f5b2000-7f5e9f5c4000 r--s 00111000 08:09 10748217                   /opt/eclipse/plugins/org.eclipse.emf.ecore_2.12.0.v20160420-0247.jar
7f5e9f5c4000-7f5e9f5c9000 r--s 00030000 08:09 10748396                   /opt/eclipse/plugins/org.eclipse.ui.console_3.6.200.v20160518-1858.jar
7f5e9f5c9000-7f5e9f60b000 r--s 00398000 08:09 10748311                   /opt/eclipse/plugins/org.eclipse.ui.workbench_3.108.0.v20160602-1232.jar
7f5e9f60b000-7f5e9f60f000 r--s 00019000 08:09 10748602                   /opt/eclipse/plugins/org.eclipse.core.commands_3.8.0.v20160316-1921.jar
7f5e9f60f000-7f5e9f621000 r--s 000f8000 08:09 10748780                   /opt/eclipse/plugins/org.eclipse.jface_3.12.0.v20160518-1929.jar
7f5e9f621000-7f5e9f622000 ---p 00000000 00:00 0 
7f5e9f622000-7f5e9f722000 rw-p 00000000 00:00 0 
7f5e9f722000-7f5e9f725000 ---p 00000000 00:00 0 
7f5e9f725000-7f5e9f823000 rw-p 00000000 00:00 0 
7f5e9f823000-7f5e9f826000 ---p 00000000 00:00 0 
7f5e9f826000-7f5e9f924000 rw-p 00000000 00:00 0 
7f5e9f924000-7f5e9f927000 ---p 00000000 00:00 0 
7f5e9f927000-7f5e9fa25000 rw-p 00000000 00:00 0 
7f5e9fa25000-7f5e9fa28000 ---p 00000000 00:00 0 
7f5e9fa28000-7f5e9fb26000 rw-p 00000000 00:00 0 
7f5e9fb26000-7f5e9fb29000 ---p 00000000 00:00 0 
7f5e9fb29000-7f5e9fc27000 rw-p 00000000 00:00 0 
7f5e9fc27000-7f5e9feff000 r--p 00000000 08:09 2887360                    /usr/lib/locale/locale-archive
7f5e9feff000-7f5e9ff02000 ---p 00000000 00:00 0 
7f5e9ff02000-7f5ea0000000 rw-p 00000000 00:00 0 
7f5ea0000000-7f5ea0021000 rw-p 00000000 00:00 0 
7f5ea0021000-7f5ea4000000 ---p 00000000 00:00 0 
7f5ea4000000-7f5ea4001000 r--s 00000000 08:09 26516289                   /home/hrishi/.eclipse/org.eclipse.platform_4.6.0_1473617060_linux_gtk_x86_64/plugins/fr.irisa.cairn.jnimap.runtime_1.0.0.201612051604.jar
7f5ea4001000-7f5ea4016000 r--s 0028f000 08:09 10748863                   /opt/eclipse/plugins/org.eclipse.swt.gtk.linux.x86_64_3.105.0.v20160603-0902.jar
7f5ea4016000-7f5ea401f000 r--s 00058000 08:09 10748604                   /opt/eclipse/plugins/org.eclipse.ui_3.108.0.v20160518-1929.jar
7f5ea401f000-7f5ea4021000 r--s 00014000 08:09 10748222                   /opt/eclipse/plugins/org.eclipse.equinox.app_1.3.400.v20150715-1528.jar
7f5ea4021000-7f5ea4023000 r--s 00017000 08:09 10748774                   /opt/eclipse/plugins/org.eclipse.core.contenttype_3.5.100.v20160418-1621.jar
7f5ea4023000-7f5ea4026000 r--s 0001e000 08:09 10748508                   /opt/eclipse/plugins/org.eclipse.equinox.preferences_3.6.0.v20160120-1756.jar
7f5ea4026000-7f5ea402a000 r--s 0002a000 08:09 10749014                   /opt/eclipse/plugins/org.eclipse.equinox.registry_3.6.100.v20160223-2218.jar
7f5ea402a000-7f5ea402d000 r--s 00019000 08:09 10748931                   /opt/eclipse/plugins/org.eclipse.core.jobs_3.8.0.v20160509-0411.jar
7f5ea402d000-7f5ea4030000 r--s 0001b000 08:09 10748983                   /opt/eclipse/plugins/org.eclipse.equinox.common_3.8.0.v20160509-1230.jar
7f5ea4030000-7f5ea4033000 r--s 00039000 08:09 10748174                   /opt/eclipse/plugins/org.eclipse.osgi.compatibility.state_1.0.200.v20160504-1419.jar
7f5ea4033000-7f5ea4048000 r--s 0013d000 08:09 10748755                   /opt/eclipse/plugins/org.eclipse.osgi_3.11.0.v20160603-1336.jar
7f5ea4048000-7f5ea404a000 r--s 00003000 08:09 10748526                   /opt/eclipse/plugins/javax.inject_1.0.0.v20091030.jar
7f5ea404a000-7f5ea404e000 r--s 00037000 08:09 7085460                    /usr/lib/jvm/java-8-openjdk-amd64/jre/lib/ext/sunpkcs11.jar
7f5ea404e000-7f5ea4051000 ---p 00000000 00:00 0 
7f5ea4051000-7f5ea414f000 rw-p 00000000 00:00 0 
7f5ea414f000-7f5ea4150000 ---p 00000000 00:00 0 
7f5ea4150000-7f5ea8000000 rw-p 00000000 00:00 0 
7f5ea8000000-7f5ea8021000 rw-p 00000000 00:00 0 
7f5ea8021000-7f5eac000000 ---p 00000000 00:00 0 
7f5eac000000-7f5eac021000 rw-p 00000000 00:00 0 
7f5eac021000-7f5eb0000000 ---p 00000000 00:00 0 
7f5eb0000000-7f5eb0021000 rw-p 00000000 00:00 0 
7f5eb0021000-7f5eb4000000 ---p 00000000 00:00 0 
7f5eb4000000-7f5eb4021000 rw-p 00000000 00:00 0 
7f5eb4021000-7f5eb8000000 ---p 00000000 00:00 0 
7f5eb8000000-7f5eb8002000 r--s 00011000 08:09 10748883                   /opt/eclipse/plugins/org.eclipse.core.runtime_3.12.0.v20160606-1342.jar
7f5eb8002000-7f5eb8005000 r--s 0000f000 08:09 7085457                    /usr/lib/jvm/java-8-openjdk-amd64/jre/lib/ext/icedtea-sound.jar
7f5eb8005000-7f5eb8020000 r--s 001d6000 08:09 7085455                    /usr/lib/jvm/java-8-openjdk-amd64/jre/lib/ext/nashorn.jar
7f5eb8020000-7f5eb9000000 rw-p 00000000 00:00 0 
7f5eb9000000-7f5eb96d0000 rwxp 00000000 00:00 0 
7f5eb96d0000-7f5ec8000000 ---p 00000000 00:00 0 
7f5ec8000000-7f5ec8abb000 rw-p 00000000 00:00 0 
7f5ec8abb000-7f5ecc000000 ---p 00000000 00:00 0 
7f5ecc000000-7f5ecc001000 r--s 00002000 08:09 10748530                   /opt/eclipse/plugins/org.eclipse.e4.ui.workbench3_0.13.100.v20160506-0759.jar
7f5ecc001000-7f5ecc00b000 r--s 00116000 08:09 7085461                    /usr/lib/jvm/java-8-openjdk-amd64/jre/lib/ext/localedata.jar
7f5ecc00b000-7f5ecc010000 r--s 0003b000 08:09 7085462                    /usr/lib/jvm/java-8-openjdk-amd64/jre/lib/ext/sunjce_provider.jar
7f5ecc010000-7f5ecc1de000 r--s 03c06000 08:09 7087811                    /usr/lib/jvm/java-8-openjdk-amd64/jre/lib/rt.jar
7f5ecc1de000-7f5ecce2f000 rw-p 00000000 00:00 0 
7f5ecce2f000-7f5ecce30000 ---p 00000000 00:00 0 
7f5ecce30000-7f5eccf30000 rw-p 00000000 00:00 0 
7f5eccf30000-7f5eccf31000 ---p 00000000 00:00 0 
7f5eccf31000-7f5ecd031000 rw-p 00000000 00:00 0 
7f5ecd031000-7f5ecd032000 ---p 00000000 00:00 0 
7f5ecd032000-7f5ecd132000 rw-p 00000000 00:00 0 
7f5ecd132000-7f5ecd133000 ---p 00000000 00:00 0 
7f5ecd133000-7f5ecd25d000 rw-p 00000000 00:00 0 
7f5ecd25d000-7f5ecd4c5000 ---p 00000000 00:00 0 
7f5ecd4c5000-7f5ecd4ef000 rw-p 00000000 00:00 0 
7f5ecd4ef000-7f5ecd757000 ---p 00000000 00:00 0 
7f5ecd757000-7f5ecd77b000 rw-p 00000000 00:00 0 
7f5ecd77b000-7f5ecd8a0000 ---p 00000000 00:00 0 
7f5ecd8a0000-7f5ecd8bd000 rw-p 00000000 00:00 0 
7f5ecd8bd000-7f5ecdc61000 ---p 00000000 00:00 0 
7f5ecdc61000-7f5ecdc69000 r-xp 00000000 08:09 7085419                    /usr/lib/jvm/java-8-openjdk-amd64/jre/lib/amd64/libzip.so
7f5ecdc69000-7f5ecde68000 ---p 00008000 08:09 7085419                    /usr/lib/jvm/java-8-openjdk-amd64/jre/lib/amd64/libzip.so
7f5ecde68000-7f5ecde69000 r--p 00007000 08:09 7085419                    /usr/lib/jvm/java-8-openjdk-amd64/jre/lib/amd64/libzip.so
7f5ecde69000-7f5ecde6a000 rw-p 00008000 08:09 7085419                    /usr/lib/jvm/java-8-openjdk-amd64/jre/lib/amd64/libzip.so
7f5ecde6a000-7f5ecde75000 r-xp 00000000 08:09 24382890                   /lib/x86_64-linux-gnu/libnss_files-2.23.so
7f5ecde75000-7f5ece074000 ---p 0000b000 08:09 24382890                   /lib/x86_64-linux-gnu/libnss_files-2.23.so
7f5ece074000-7f5ece075000 r--p 0000a000 08:09 24382890                   /lib/x86_64-linux-gnu/libnss_files-2.23.so
7f5ece075000-7f5ece076000 rw-p 0000b000 08:09 24382890                   /lib/x86_64-linux-gnu/libnss_files-2.23.so
7f5ece076000-7f5ece07c000 rw-p 00000000 00:00 0 
7f5ece07c000-7f5ece087000 r-xp 00000000 08:09 24382881                   /lib/x86_64-linux-gnu/libnss_nis-2.23.so
7f5ece087000-7f5ece286000 ---p 0000b000 08:09 24382881                   /lib/x86_64-linux-gnu/libnss_nis-2.23.so
7f5ece286000-7f5ece287000 r--p 0000a000 08:09 24382881                   /lib/x86_64-linux-gnu/libnss_nis-2.23.so
7f5ece287000-7f5ece288000 rw-p 0000b000 08:09 24382881                   /lib/x86_64-linux-gnu/libnss_nis-2.23.so
7f5ece288000-7f5ece29e000 r-xp 00000000 08:09 24382883                   /lib/x86_64-linux-gnu/libnsl-2.23.so
7f5ece29e000-7f5ece49d000 ---p 00016000 08:09 24382883                   /lib/x86_64-linux-gnu/libnsl-2.23.so
7f5ece49d000-7f5ece49e000 r--p 00015000 08:09 24382883                   /lib/x86_64-linux-gnu/libnsl-2.23.so
7f5ece49e000-7f5ece49f000 rw-p 00016000 08:09 24382883                   /lib/x86_64-linux-gnu/libnsl-2.23.so
7f5ece49f000-7f5ece4a1000 rw-p 00000000 00:00 0 
7f5ece4a1000-7f5ece4a9000 r-xp 00000000 08:09 24382892                   /lib/x86_64-linux-gnu/libnss_compat-2.23.so
7f5ece4a9000-7f5ece6a8000 ---p 00008000 08:09 24382892                   /lib/x86_64-linux-gnu/libnss_compat-2.23.so
7f5ece6a8000-7f5ece6a9000 r--p 00007000 08:09 24382892                   /lib/x86_64-linux-gnu/libnss_compat-2.23.so
7f5ece6a9000-7f5ece6aa000 rw-p 00008000 08:09 24382892                   /lib/x86_64-linux-gnu/libnss_compat-2.23.so
7f5ece6aa000-7f5ece6d7000 r-xp 00000000 08:09 7085444                    /usr/lib/jvm/java-8-openjdk-amd64/jre/lib/amd64/libjava.so
7f5ece6d7000-7f5ece8d6000 ---p 0002d000 08:09 7085444                    /usr/lib/jvm/java-8-openjdk-amd64/jre/lib/amd64/libjava.so
7f5ece8d6000-7f5ece8d7000 r--p 0002c000 08:09 7085444                    /usr/lib/jvm/java-8-openjdk-amd64/jre/lib/amd64/libjava.so
7f5ece8d7000-7f5ece8d9000 rw-p 0002d000 08:09 7085444                    /usr/lib/jvm/java-8-openjdk-amd64/jre/lib/amd64/libjava.so
7f5ece8d9000-7f5ece8e8000 r-xp 00000000 08:09 7085412                    /usr/lib/jvm/java-8-openjdk-amd64/jre/lib/amd64/libverify.so
7f5ece8e8000-7f5eceae7000 ---p 0000f000 08:09 7085412                    /usr/lib/jvm/java-8-openjdk-amd64/jre/lib/amd64/libverify.so
7f5eceae7000-7f5eceae9000 r--p 0000e000 08:09 7085412                    /usr/lib/jvm/java-8-openjdk-amd64/jre/lib/amd64/libverify.so
7f5eceae9000-7f5eceaea000 rw-p 00010000 08:09 7085412                    /usr/lib/jvm/java-8-openjdk-amd64/jre/lib/amd64/libverify.so
7f5eceaea000-7f5eceaf1000 r-xp 00000000 08:09 24382893                   /lib/x86_64-linux-gnu/librt-2.23.so
7f5eceaf1000-7f5ececf0000 ---p 00007000 08:09 24382893                   /lib/x86_64-linux-gnu/librt-2.23.so
7f5ececf0000-7f5ececf1000 r--p 00006000 08:09 24382893                   /lib/x86_64-linux-gnu/librt-2.23.so
7f5ececf1000-7f5ececf2000 rw-p 00007000 08:09 24382893                   /lib/x86_64-linux-gnu/librt-2.23.so
7f5ececf2000-7f5eced08000 r-xp 00000000 08:09 24383888                   /lib/x86_64-linux-gnu/libgcc_s.so.1
7f5eced08000-7f5ecef07000 ---p 00016000 08:09 24383888                   /lib/x86_64-linux-gnu/libgcc_s.so.1
7f5ecef07000-7f5ecef08000 rw-p 00015000 08:09 24383888                   /lib/x86_64-linux-gnu/libgcc_s.so.1
7f5ecef08000-7f5ecf010000 r-xp 00000000 08:09 24382882                   /lib/x86_64-linux-gnu/libm-2.23.so
7f5ecf010000-7f5ecf20f000 ---p 00108000 08:09 24382882                   /lib/x86_64-linux-gnu/libm-2.23.so
7f5ecf20f000-7f5ecf210000 r--p 00107000 08:09 24382882                   /lib/x86_64-linux-gnu/libm-2.23.so
7f5ecf210000-7f5ecf211000 rw-p 00108000 08:09 24382882                   /lib/x86_64-linux-gnu/libm-2.23.so
7f5ecf211000-7f5ecf383000 r-xp 00000000 08:09 2888511                    /usr/lib/x86_64-linux-gnu/libstdc++.so.6.0.21
7f5ecf383000-7f5ecf583000 ---p 00172000 08:09 2888511                    /usr/lib/x86_64-linux-gnu/libstdc++.so.6.0.21
7f5ecf583000-7f5ecf58d000 r--p 00172000 08:09 2888511                    /usr/lib/x86_64-linux-gnu/libstdc++.so.6.0.21
7f5ecf58d000-7f5ecf58f000 rw-p 0017c000 08:09 2888511                    /usr/lib/x86_64-linux-gnu/libstdc++.so.6.0.21
7f5ecf58f000-7f5ecf593000 rw-p 00000000 00:00 0 
7f5ecf593000-7f5ed01e3000 r-xp 00000000 08:09 7085439                    /usr/lib/jvm/java-8-openjdk-amd64/jre/lib/amd64/server/libjvm.so
7f5ed01e3000-7f5ed03e2000 ---p 00c50000 08:09 7085439                    /usr/lib/jvm/java-8-openjdk-amd64/jre/lib/amd64/server/libjvm.so
7f5ed03e2000-7f5ed0475000 r--p 00c4f000 08:09 7085439                    /usr/lib/jvm/java-8-openjdk-amd64/jre/lib/amd64/server/libjvm.so
7f5ed0475000-7f5ed049e000 rw-p 00ce2000 08:09 7085439                    /usr/lib/jvm/java-8-openjdk-amd64/jre/lib/amd64/server/libjvm.so
7f5ed049e000-7f5ed04ce000 rw-p 00000000 00:00 0 
7f5ed04ce000-7f5ed04e6000 r-xp 00000000 08:09 24382897                   /lib/x86_64-linux-gnu/libpthread-2.23.so
7f5ed04e6000-7f5ed06e5000 ---p 00018000 08:09 24382897                   /lib/x86_64-linux-gnu/libpthread-2.23.so
7f5ed06e5000-7f5ed06e6000 r--p 00017000 08:09 24382897                   /lib/x86_64-linux-gnu/libpthread-2.23.so
7f5ed06e6000-7f5ed06e7000 rw-p 00018000 08:09 24382897                   /lib/x86_64-linux-gnu/libpthread-2.23.so
7f5ed06e7000-7f5ed06eb000 rw-p 00000000 00:00 0 
7f5ed06eb000-7f5ed06ee000 r-xp 00000000 08:09 24382880                   /lib/x86_64-linux-gnu/libdl-2.23.so
7f5ed06ee000-7f5ed08ed000 ---p 00003000 08:09 24382880                   /lib/x86_64-linux-gnu/libdl-2.23.so
7f5ed08ed000-7f5ed08ee000 r--p 00002000 08:09 24382880                   /lib/x86_64-linux-gnu/libdl-2.23.so
7f5ed08ee000-7f5ed08ef000 rw-p 00003000 08:09 24382880                   /lib/x86_64-linux-gnu/libdl-2.23.so
7f5ed08ef000-7f5ed0908000 r-xp 00000000 08:09 24384041                   /lib/x86_64-linux-gnu/libz.so.1.2.8
7f5ed0908000-7f5ed0b07000 ---p 00019000 08:09 24384041                   /lib/x86_64-linux-gnu/libz.so.1.2.8
7f5ed0b07000-7f5ed0b08000 r--p 00018000 08:09 24384041                   /lib/x86_64-linux-gnu/libz.so.1.2.8
7f5ed0b08000-7f5ed0b09000 rw-p 00019000 08:09 24384041                   /lib/x86_64-linux-gnu/libz.so.1.2.8
7f5ed0b09000-7f5ed0cc8000 r-xp 00000000 08:09 24382884                   /lib/x86_64-linux-gnu/libc-2.23.so
7f5ed0cc8000-7f5ed0ec8000 ---p 001bf000 08:09 24382884                   /lib/x86_64-linux-gnu/libc-2.23.so
7f5ed0ec8000-7f5ed0ecc000 r--p 001bf000 08:09 24382884                   /lib/x86_64-linux-gnu/libc-2.23.so
7f5ed0ecc000-7f5ed0ece000 rw-p 001c3000 08:09 24382884                   /lib/x86_64-linux-gnu/libc-2.23.so
7f5ed0ece000-7f5ed0ed2000 rw-p 00000000 00:00 0 
7f5ed0ed2000-7f5ed0edf000 r-xp 00000000 08:09 7085434                    /usr/lib/jvm/java-8-openjdk-amd64/jre/lib/amd64/jli/libjli.so
7f5ed0edf000-7f5ed10df000 ---p 0000d000 08:09 7085434                    /usr/lib/jvm/java-8-openjdk-amd64/jre/lib/amd64/jli/libjli.so
7f5ed10df000-7f5ed10e0000 r--p 0000d000 08:09 7085434                    /usr/lib/jvm/java-8-openjdk-amd64/jre/lib/amd64/jli/libjli.so
7f5ed10e0000-7f5ed10e1000 rw-p 0000e000 08:09 7085434                    /usr/lib/jvm/java-8-openjdk-amd64/jre/lib/amd64/jli/libjli.so
7f5ed10e1000-7f5ed1107000 r-xp 00000000 08:09 24382885                   /lib/x86_64-linux-gnu/ld-2.23.so
7f5ed1107000-7f5ed1108000 r--s 00004000 08:09 10748172                   /opt/eclipse/plugins/org.eclipse.swt_3.105.0.v20160603-0902.jar
7f5ed1108000-7f5ed110a000 r--s 00001000 08:09 7085456                    /usr/lib/jvm/java-8-openjdk-amd64/jre/lib/ext/dnsns.jar
7f5ed110a000-7f5ed110c000 r--s 00008000 08:09 7085454                    /usr/lib/jvm/java-8-openjdk-amd64/jre/lib/ext/sunec.jar
7f5ed110c000-7f5ed11d7000 rw-p 00000000 00:00 0 
7f5ed11d7000-7f5ed11da000 ---p 00000000 00:00 0 
7f5ed11da000-7f5ed12dd000 rw-p 00000000 00:00 0 
7f5ed12dd000-7f5ed12de000 r--s 00010000 08:09 7085459                    /usr/lib/jvm/java-8-openjdk-amd64/jre/lib/ext/zipfs.jar
7f5ed12de000-7f5ed12df000 r--s 0000a000 08:09 7085463                    /usr/lib/jvm/java-8-openjdk-amd64/jre/lib/ext/jaccess.jar
7f5ed12df000-7f5ed12fa000 r--s 00394000 08:09 7085458                    /usr/lib/jvm/java-8-openjdk-amd64/jre/lib/ext/cldrdata.jar
7f5ed12fa000-7f5ed1302000 rw-s 00000000 08:09 18612345                   /tmp/hsperfdata_hrishi/20395 (deleted)
7f5ed1302000-7f5ed1303000 rw-p 00000000 00:00 0 
7f5ed1303000-7f5ed1304000 ---p 00000000 00:00 0 
7f5ed1304000-7f5ed1306000 rw-p 00000000 00:00 0 
7f5ed1306000-7f5ed1307000 r--p 00025000 08:09 24382885                   /lib/x86_64-linux-gnu/ld-2.23.so
7f5ed1307000-7f5ed1308000 rw-p 00026000 08:09 24382885                   /lib/x86_64-linux-gnu/ld-2.23.so
7f5ed1308000-7f5ed1309000 rw-p 00000000 00:00 0 
7ffd7f264000-7ffd7f287000 rw-p 00000000 00:00 0                          [stack]
7ffd7f362000-7ffd7f364000 r--p 00000000 00:00 0                          [vvar]
7ffd7f364000-7ffd7f366000 r-xp 00000000 00:00 0                          [vdso]
ffffffffff600000-ffffffffff601000 r-xp 00000000 00:00 0                  [vsyscall]

VM Arguments:
jvm_args: -Dfile.encoding=UTF-8 
java_command: RCPConsole
java_class_path (initial): /opt/eclipse/plugins/org.eclipse.core.runtime_3.12.0.v20160606-1342.jar:/opt/eclipse/plugins/javax.inject_1.0.0.v20091030.jar:/opt/eclipse/plugins/org.eclipse.osgi_3.11.0.v20160603-1336.jar:/opt/eclipse/plugins/org.eclipse.osgi.compatibility.state_1.0.200.v20160504-1419.jar:/opt/eclipse/plugins/org.eclipse.equinox.common_3.8.0.v20160509-1230.jar:/opt/eclipse/plugins/org.eclipse.core.jobs_3.8.0.v20160509-0411.jar:/opt/eclipse/plugins/org.eclipse.equinox.registry_3.6.100.v20160223-2218.jar:/opt/eclipse/plugins/org.eclipse.equinox.preferences_3.6.0.v20160120-1756.jar:/opt/eclipse/plugins/org.eclipse.core.contenttype_3.5.100.v20160418-1621.jar:/opt/eclipse/plugins/org.eclipse.equinox.app_1.3.400.v20150715-1528.jar:/opt/eclipse/plugins/org.eclipse.ui_3.108.0.v20160518-1929.jar:/opt/eclipse/plugins/org.eclipse.swt_3.105.0.v20160603-0902.jar:/opt/eclipse/plugins/org.eclipse.swt.gtk.linux.x86_64_3.105.0.v20160603-0902.jar:/opt/eclipse/plugins/org.eclipse.jface_3.12.0.v20160518-1929.jar:/opt/eclipse/plugins/org.eclipse.core.commands_3.8.0.v20160316-1921.jar:/opt/eclipse/plugins/org.eclipse.ui.workbench_3.108.0.v20160602-1232.jar:/opt/eclipse/plugins/org.eclipse.e4.ui.workbench3_0.13.100.v20160506-0759.jar:/opt/eclipse/plugins/org.eclipse.ui.console_3.6.200.v20160518-1858.jar:/opt/eclipse/plugins/org.eclipse.emf.ecore_2.12.0.v20160420-0247.jar:/opt/eclipse/plugins/org.eclipse.emf.common_2.12.0.v20160420-0247.jar:/opt/eclipse/plugins/org.eclipse.emf.ecore.xmi_2.12.0.v20160420-0247.jar:/home/hrishi/.eclipse/org.eclipse.platform_4.6.0_1473617060_linux_gtk_x86_64/plugins/fr.irisa.cairn.eclipse.tom_2.10.0.201612051604/libs/aircube-bundle.jar:/home/hrishi/.eclipse/org.eclipse.platform_4.6.0_1473617060_linux_gtk_x86_64/plugins/fr.irisa.cairn.graph_1.0.0.201612051604:/home/hrishi/.eclipse/org.eclipse.platform_4.6.0_1473617060_linux_gtk_x86_64/plugins/fr.irisa.cairn.graph_1.0.0.201612051604/lib/jgrapht-ext-0.9.1-uber.jar:/opt/eclipse/plugins/com.google.inj
Launcher Type: SUN_STANDARD

Environment Variables:
PATH=/home/hrishi/torch/install/bin:/usr/local/sbin:/usr/local/bin:/usr/sbin:/usr/bin:/sbin:/bin:/usr/games:/usr/local/games:/snap/bin
LD_LIBRARY_PATH=/home/hrishi/torch/install/lib:
SHELL=/bin/bash
DISPLAY=:0
DYLD_LIBRARY_PATH=/home/hrishi/torch/install/lib:

Signal Handlers:
SIGSEGV: [libjvm.so+0xa66fd0], sa_mask[0]=11111111011111111101111111111110, sa_flags=SA_RESTART|SA_SIGINFO
SIGBUS: [libjvm.so+0xa66fd0], sa_mask[0]=11111111011111111101111111111110, sa_flags=SA_RESTART|SA_SIGINFO
SIGFPE: [libjvm.so+0x8b0180], sa_mask[0]=11111111011111111101111111111110, sa_flags=SA_RESTART|SA_SIGINFO
SIGPIPE: [libjvm.so+0x8b0180], sa_mask[0]=11111111011111111101111111111110, sa_flags=SA_RESTART|SA_SIGINFO
SIGXFSZ: [libjvm.so+0x8b0180], sa_mask[0]=11111111011111111101111111111110, sa_flags=SA_RESTART|SA_SIGINFO
SIGILL: [libjvm.so+0x8b0180], sa_mask[0]=11111111011111111101111111111110, sa_flags=SA_RESTART|SA_SIGINFO
SIGUSR1: SIG_DFL, sa_mask[0]=00000000000000000000000000000000, sa_flags=none
SIGUSR2: [libjvm.so+0x8b0030], sa_mask[0]=00100000000000000000000000000000, sa_flags=SA_RESTART|SA_SIGINFO
SIGHUP: [libjvm.so+0x8b0500], sa_mask[0]=11111111011111111101111111111110, sa_flags=SA_RESTART|SA_SIGINFO
SIGINT: [libjvm.so+0x8b0500], sa_mask[0]=11111111011111111101111111111110, sa_flags=SA_RESTART|SA_SIGINFO
SIGTERM: [libjvm.so+0x8b0500], sa_mask[0]=11111111011111111101111111111110, sa_flags=SA_RESTART|SA_SIGINFO
SIGQUIT: [libjvm.so+0x8b0500], sa_mask[0]=11111111011111111101111111111110, sa_flags=SA_RESTART|SA_SIGINFO


---------------  S Y S T E M  ---------------

OS:DISTRIB_ID=Ubuntu
DISTRIB_RELEASE=16.04
DISTRIB_CODENAME=xenial
DISTRIB_DESCRIPTION="Ubuntu 16.04 LTS"

uname:Linux 4.4.0-72-generic #93-Ubuntu SMP Fri Mar 31 14:07:41 UTC 2017 x86_64
libc:glibc 2.23 NPTL 2.23 
rlimit: STACK 8192k, CORE 0k, NPROC 31118, NOFILE 65536, AS infinity
load average:3.60 1.05 0.62

/proc/meminfo:
MemTotal:        8084688 kB
MemFree:         3887436 kB
MemAvailable:    4321432 kB
Buffers:           29856 kB
Cached:           762748 kB
SwapCached:         4460 kB
Active:          2761820 kB
Inactive:        1181448 kB
Active(anon):    2474012 kB
Inactive(anon):   857060 kB
Active(file):     287808 kB
Inactive(file):   324388 kB
Unevictable:         192 kB
Mlocked:             192 kB
SwapTotal:      12000252 kB
SwapFree:       11858424 kB
Dirty:              3668 kB
Writeback:             0 kB
AnonPages:       3146848 kB
Mapped:           235172 kB
Shmem:            179740 kB
Slab:             134068 kB
SReclaimable:      84412 kB
SUnreclaim:        49656 kB
KernelStack:       10800 kB
PageTables:        40252 kB
NFS_Unstable:          0 kB
Bounce:                0 kB
WritebackTmp:          0 kB
CommitLimit:    16042596 kB
Committed_AS:    7407656 kB
VmallocTotal:   34359738367 kB
VmallocUsed:           0 kB
VmallocChunk:          0 kB
HardwareCorrupted:     0 kB
AnonHugePages:   1824768 kB
CmaTotal:              0 kB
CmaFree:               0 kB
HugePages_Total:       0
HugePages_Free:        0
HugePages_Rsvd:        0
HugePages_Surp:        0
Hugepagesize:       2048 kB
DirectMap4k:      262024 kB
DirectMap2M:     8036352 kB
DirectMap1G:           0 kB


CPU:total 4 (2 cores per cpu, 2 threads per core) family 6 model 61 stepping 4, cmov, cx8, fxsr, mmx, sse, sse2, sse3, ssse3, sse4.1, sse4.2, popcnt, avx, avx2, aes, clmul, erms, 3dnowpref, lzcnt, ht, tsc, tscinvbit, bmi1, bmi2, adx

/proc/cpuinfo:
processor	: 0
vendor_id	: GenuineIntel
cpu family	: 6
model		: 61
model name	: Intel(R) Core(TM) i5-5200U CPU @ 2.20GHz
stepping	: 4
microcode	: 0x12
cpu MHz		: 2499.921
cache size	: 3072 KB
physical id	: 0
siblings	: 4
core id		: 0
cpu cores	: 2
apicid		: 0
initial apicid	: 0
fpu		: yes
fpu_exception	: yes
cpuid level	: 20
wp		: yes
flags		: fpu vme de pse tsc msr pae mce cx8 apic sep mtrr pge mca cmov pat pse36 clflush dts acpi mmx fxsr sse sse2 ss ht tm pbe syscall nx pdpe1gb rdtscp lm constant_tsc arch_perfmon pebs bts rep_good nopl xtopology nonstop_tsc aperfmperf eagerfpu pni pclmulqdq dtes64 monitor ds_cpl vmx est tm2 ssse3 sdbg fma cx16 xtpr pdcm pcid sse4_1 sse4_2 x2apic movbe popcnt tsc_deadline_timer aes xsave avx f16c rdrand lahf_lm abm 3dnowprefetch epb intel_pt tpr_shadow vnmi flexpriority ept vpid fsgsbase tsc_adjust bmi1 avx2 smep bmi2 erms invpcid rdseed adx smap xsaveopt dtherm ida arat pln pts
bugs		:
bogomips	: 4389.32
clflush size	: 64
cache_alignment	: 64
address sizes	: 39 bits physical, 48 bits virtual
power management:

processor	: 1
vendor_id	: GenuineIntel
cpu family	: 6
model		: 61
model name	: Intel(R) Core(TM) i5-5200U CPU @ 2.20GHz
stepping	: 4
microcode	: 0x12
cpu MHz		: 2645.929
cache size	: 3072 KB
physical id	: 0
siblings	: 4
core id		: 1
cpu cores	: 2
apicid		: 2
initial apicid	: 2
fpu		: yes
fpu_exception	: yes
cpuid level	: 20
wp		: yes
flags		: fpu vme de pse tsc msr pae mce cx8 apic sep mtrr pge mca cmov pat pse36 clflush dts acpi mmx fxsr sse sse2 ss ht tm pbe syscall nx pdpe1gb rdtscp lm constant_tsc arch_perfmon pebs bts rep_good nopl xtopology nonstop_tsc aperfmperf eagerfpu pni pclmulqdq dtes64 monitor ds_cpl vmx est tm2 ssse3 sdbg fma cx16 xtpr pdcm pcid sse4_1 sse4_2 x2apic movbe popcnt tsc_deadline_timer aes xsave avx f16c rdrand lahf_lm abm 3dnowprefetch epb intel_pt tpr_shadow vnmi flexpriority ept vpid fsgsbase tsc_adjust bmi1 avx2 smep bmi2 erms invpcid rdseed adx smap xsaveopt dtherm ida arat pln pts
bugs		:
bogomips	: 4389.32
clflush size	: 64
cache_alignment	: 64
address sizes	: 39 bits physical, 48 bits virtual
power management:

processor	: 2
vendor_id	: GenuineIntel
cpu family	: 6
model		: 61
model name	: Intel(R) Core(TM) i5-5200U CPU @ 2.20GHz
stepping	: 4
microcode	: 0x12
cpu MHz		: 2499.921
cache size	: 3072 KB
physical id	: 0
siblings	: 4
core id		: 0
cpu cores	: 2
apicid		: 1
initial apicid	: 1
fpu		: yes
fpu_exception	: yes
cpuid level	: 20
wp		: yes
flags		: fpu vme de pse tsc msr pae mce cx8 apic sep mtrr pge mca cmov pat pse36 clflush dts acpi mmx fxsr sse sse2 ss ht tm pbe syscall nx pdpe1gb rdtscp lm constant_tsc arch_perfmon pebs bts rep_good nopl xtopology nonstop_tsc aperfmperf eagerfpu pni pclmulqdq dtes64 monitor ds_cpl vmx est tm2 ssse3 sdbg fma cx16 xtpr pdcm pcid sse4_1 sse4_2 x2apic movbe popcnt tsc_deadline_timer aes xsave avx f16c rdrand lahf_lm abm 3dnowprefetch epb intel_pt tpr_shadow vnmi flexpriority ept vpid fsgsbase tsc_adjust bmi1 avx2 smep bmi2 erms invpcid rdseed adx smap xsaveopt dtherm ida arat pln pts
bugs		:
bogomips	: 4389.32
clflush size	: 64
cache_alignment	: 64
address sizes	: 39 bits physical, 48 bits virtual
power management:

processor	: 3
vendor_id	: GenuineIntel
cpu family	: 6
model		: 61
model name	: Intel(R) Core(TM) i5-5200U CPU @ 2.20GHz
stepping	: 4
microcode	: 0x12
cpu MHz		: 2531.804
cache size	: 3072 KB
physical id	: 0
siblings	: 4
core id		: 1
cpu cores	: 2
apicid		: 3
initial apicid	: 3
fpu		: yes
fpu_exception	: yes
cpuid level	: 20
wp		: yes
flags		: fpu vme de pse tsc msr pae mce cx8 apic sep mtrr pge mca cmov pat pse36 clflush dts acpi mmx fxsr sse sse2 ss ht tm pbe syscall nx pdpe1gb rdtscp lm constant_tsc arch_perfmon pebs bts rep_good nopl xtopology nonstop_tsc aperfmperf eagerfpu pni pclmulqdq dtes64 monitor ds_cpl vmx est tm2 ssse3 sdbg fma cx16 xtpr pdcm pcid sse4_1 sse4_2 x2apic movbe popcnt tsc_deadline_timer aes xsave avx f16c rdrand lahf_lm abm 3dnowprefetch epb intel_pt tpr_shadow vnmi flexpriority ept vpid fsgsbase tsc_adjust bmi1 avx2 smep bmi2 erms invpcid rdseed adx smap xsaveopt dtherm ida arat pln pts
bugs		:
bogomips	: 4389.32
clflush size	: 64
cache_alignment	: 64
address sizes	: 39 bits physical, 48 bits virtual
power management:



Memory: 4k page, physical 8084688k(3887436k free), swap 12000252k(11858424k free)

vm_info: OpenJDK 64-Bit Server VM (25.121-b13) for linux-amd64 JRE (1.8.0_121-8u121-b13-0ubuntu1.16.04.2-b13), built on Jan 23 2017 15:51:29 by "buildd" with gcc 5.4.0 20160609

time: Mon Apr 10 02:18:52 2017
elapsed time: 1944 seconds (0d 0h 32m 24s)

